4.7960 	WARNING 	User requested fullscreen with size [1024  768], but screen is actually [1440, 900]. Using actual size
5.6127 	EXP 	Created window1 = Window(allowGUI=False, allowStencil=False, args=UNKNOWN, autoLog=True, bitsMode=UNKNOWN, blendMode='avg', color=array([0., 0., 0.]), colorSpace='rgb', fullscr=<method-wrapper '__getattribute__' of attributeSetter object at 0x131d11ef0>, gamma=None, gammaErrorPolicy='raise', kwargs=UNKNOWN, lms=UNKNOWN, monitor=<psychopy.monitors.calibTools.Monitor object at 0x131baadd8>, multiSample=False, name='window1', numSamples=2, pos=[360.0, 225.0], screen=0, size=array([2880, 1800]), stereo=False, units='height', useFBO=True, useRetina=True, viewOri=0.0, viewPos=None, viewScale=None, waitBlanking=True, winType='pyglet')
5.6128 	EXP 	window1: recordFrameIntervals = False
5.7778 	EXP 	window1: recordFrameIntervals = True
5.9616 	EXP 	window1: recordFrameIntervals = False
6.3925 	EXP 	Created instructions_text = TextStim(__class__=<class 'psychopy.visual.text.TextStim'>, alignHoriz='center', alignVert='center', antialias=True, autoLog=True, bold=False, color='white', colorSpace='named', contrast=1.0, depth=0.0, flipHoriz=False, flipVert=False, font='Arial', fontFiles=[], height=0.1, italic=False, languageStyle='LTR', name='instructions_text', opacity=1.0, ori=0, pos=array([0., 0.]), rgb=array([255., 255., 255.]), text='Welcome!', units='height', win=Window(...), wrapWidth=1)
6.4448 	EXP 	Created show_condition_text = TextStim(__class__=<class 'psychopy.visual.text.TextStim'>, alignHoriz='center', alignVert='center', antialias=True, autoLog=True, bold=False, color='white', colorSpace='named', contrast=1.0, depth=0.0, flipHoriz=False, flipVert=False, font='Arial', fontFiles=[], height=0.1, italic=False, languageStyle='LTR', name='show_condition_text', opacity=1.0, ori=0, pos=array([0., 0.]), rgb=array([255., 255., 255.]), text='default text', units='height', win=Window(...), wrapWidth=1)
6.4632 	EXP 	instructions_text: autoDraw = True
6.9006 	EXP 	Imported csvs/noise_conditions.csv as conditions, 4 conditions, 1 params
6.9009 	EXP 	Created sequence: random, trialTypes=4, nReps=1, seed=None
7.1708 	EXP 	window1: mouseVisible = True
5.7890 	WARNING 	User requested fullscreen with size [1024  768], but screen is actually [1440, 900]. Using actual size
6.4807 	EXP 	Created window1 = Window(allowGUI=False, allowStencil=False, args=UNKNOWN, autoLog=True, bitsMode=UNKNOWN, blendMode='avg', color=array([0., 0., 0.]), colorSpace='rgb', fullscr=<method-wrapper '__getattribute__' of attributeSetter object at 0x131e0ae80>, gamma=None, gammaErrorPolicy='raise', kwargs=UNKNOWN, lms=UNKNOWN, monitor=<psychopy.monitors.calibTools.Monitor object at 0x131d458d0>, multiSample=False, name='window1', numSamples=2, pos=[360.0, 225.0], screen=0, size=array([2880, 1800]), stereo=False, units='height', useFBO=True, useRetina=True, viewOri=0.0, viewPos=None, viewScale=None, waitBlanking=True, winType='pyglet')
6.4808 	EXP 	window1: recordFrameIntervals = False
6.6468 	EXP 	window1: recordFrameIntervals = True
6.8335 	EXP 	window1: recordFrameIntervals = False
7.2568 	EXP 	Created instructions_text = TextStim(__class__=<class 'psychopy.visual.text.TextStim'>, alignHoriz='center', alignVert='center', antialias=True, autoLog=True, bold=False, color='white', colorSpace='named', contrast=1.0, depth=0.0, flipHoriz=False, flipVert=False, font='Arial', fontFiles=[], height=0.1, italic=False, languageStyle='LTR', name='instructions_text', opacity=1.0, ori=0, pos=array([0., 0.]), rgb=array([255., 255., 255.]), text='Welcome!', units='height', win=Window(...), wrapWidth=1)
7.3116 	EXP 	Created show_condition_text = TextStim(__class__=<class 'psychopy.visual.text.TextStim'>, alignHoriz='center', alignVert='center', antialias=True, autoLog=True, bold=False, color='white', colorSpace='named', contrast=1.0, depth=0.0, flipHoriz=False, flipVert=False, font='Arial', fontFiles=[], height=0.1, italic=False, languageStyle='LTR', name='show_condition_text', opacity=1.0, ori=0, pos=array([0., 0.]), rgb=array([255., 255., 255.]), text='default text', units='height', win=Window(...), wrapWidth=1)
7.3334 	EXP 	instructions_text: autoDraw = True
8.0670 	DATA 	Mouse: Left button down, pos=(445,580)
8.0675 	DATA 	Mouse:  Left button up, pos=(445,580)
8.2219 	EXP 	Imported csvs/noise_conditions.csv as conditions, 4 conditions, 1 params
8.2222 	EXP 	Created sequence: random, trialTypes=4, nReps=1, seed=None
8.2224 	EXP 	New trial (rep=0, index=0): OrderedDict([('condition', 4)])
8.2251 	EXP 	Imported csvs/condition_4_wlists_indices.csv as conditions, 8 conditions, 1 params
8.2254 	EXP 	Created sequence: random, trialTypes=8, nReps=1, seed=None
8.2255 	EXP 	New trial (rep=0, index=0): OrderedDict([('wlist_index', 16)])
8.2281 	EXP 	Imported csvs/16.csv as conditions, 7 conditions, 1 params
8.2284 	EXP 	Created sequence: random, trialTypes=7, nReps=1, seed=None
8.2285 	EXP 	New trial (rep=0, index=0): OrderedDict([('word', 'singh')])
8.2287 	EXP 	New trial (rep=0, index=1): OrderedDict([('word', 'estimates')])
8.2288 	EXP 	New trial (rep=0, index=2): OrderedDict([('word', 'moscow')])
8.2289 	EXP 	New trial (rep=0, index=3): OrderedDict([('word', 'are')])
8.2291 	EXP 	New trial (rep=0, index=4): OrderedDict([('word', 'activated')])
8.2292 	EXP 	New trial (rep=0, index=5): OrderedDict([('word', 'usage')])
8.2293 	EXP 	New trial (rep=0, index=6): OrderedDict([('word', 'original')])
8.2295 	EXP 	New trial (rep=0, index=1): OrderedDict([('wlist_index', 18)])
8.2322 	EXP 	Imported csvs/18.csv as conditions, 9 conditions, 1 params
8.2325 	EXP 	Created sequence: random, trialTypes=9, nReps=1, seed=None
8.2327 	EXP 	New trial (rep=0, index=0): OrderedDict([('word', 'present')])
8.2328 	EXP 	New trial (rep=0, index=1): OrderedDict([('word', 'jaguar')])
8.2330 	EXP 	New trial (rep=0, index=2): OrderedDict([('word', 'cardiff')])
8.2331 	EXP 	New trial (rep=0, index=3): OrderedDict([('word', 'nominated')])
8.2333 	EXP 	New trial (rep=0, index=4): OrderedDict([('word', 'longer')])
8.2334 	EXP 	New trial (rep=0, index=5): OrderedDict([('word', 'nicaragua')])
8.2336 	EXP 	New trial (rep=0, index=6): OrderedDict([('word', 'bosnia')])
8.2337 	EXP 	New trial (rep=0, index=7): OrderedDict([('word', 'stan')])
8.2339 	EXP 	New trial (rep=0, index=8): OrderedDict([('word', 'geographical')])
8.2341 	EXP 	New trial (rep=0, index=2): OrderedDict([('wlist_index', 4)])
8.2370 	EXP 	Imported csvs/4.csv as conditions, 11 conditions, 1 params
8.2372 	EXP 	Created sequence: random, trialTypes=11, nReps=1, seed=None
8.2374 	EXP 	New trial (rep=0, index=0): OrderedDict([('word', 'merit')])
8.2376 	EXP 	New trial (rep=0, index=1): OrderedDict([('word', 'diy')])
8.2377 	EXP 	New trial (rep=0, index=2): OrderedDict([('word', 'famous')])
8.2378 	EXP 	New trial (rep=0, index=3): OrderedDict([('word', 'aka')])
8.2380 	EXP 	New trial (rep=0, index=4): OrderedDict([('word', 'interim')])
8.2381 	EXP 	New trial (rep=0, index=5): OrderedDict([('word', 'southampton')])
8.2382 	EXP 	New trial (rep=0, index=6): OrderedDict([('word', 'knows')])
8.2384 	EXP 	New trial (rep=0, index=7): OrderedDict([('word', 'groups')])
8.2385 	EXP 	New trial (rep=0, index=8): OrderedDict([('word', 'technology')])
8.2386 	EXP 	New trial (rep=0, index=9): OrderedDict([('word', 'phantom')])
8.2388 	EXP 	New trial (rep=0, index=10): OrderedDict([('word', 'always')])
8.2389 	EXP 	New trial (rep=0, index=3): OrderedDict([('wlist_index', 24)])
8.2413 	EXP 	Imported csvs/24.csv as conditions, 8 conditions, 1 params
8.2416 	EXP 	Created sequence: random, trialTypes=8, nReps=1, seed=None
8.2417 	EXP 	New trial (rep=0, index=0): OrderedDict([('word', 'cabinets')])
8.2419 	EXP 	New trial (rep=0, index=1): OrderedDict([('word', 'albany')])
8.2420 	EXP 	New trial (rep=0, index=2): OrderedDict([('word', 'bit')])
8.2421 	EXP 	New trial (rep=0, index=3): OrderedDict([('word', 'general')])
8.2423 	EXP 	New trial (rep=0, index=4): OrderedDict([('word', 'listening')])
8.2424 	EXP 	New trial (rep=0, index=5): OrderedDict([('word', 'everyone')])
8.2425 	EXP 	New trial (rep=0, index=6): OrderedDict([('word', 'grab')])
8.2427 	EXP 	New trial (rep=0, index=7): OrderedDict([('word', 'technologies')])
8.2428 	EXP 	New trial (rep=0, index=4): OrderedDict([('wlist_index', 6)])
8.2452 	EXP 	Imported csvs/6.csv as conditions, 9 conditions, 1 params
8.2455 	EXP 	Created sequence: random, trialTypes=9, nReps=1, seed=None
8.2457 	EXP 	New trial (rep=0, index=0): OrderedDict([('word', 'data')])
8.2458 	EXP 	New trial (rep=0, index=1): OrderedDict([('word', 'jose')])
8.2459 	EXP 	New trial (rep=0, index=2): OrderedDict([('word', 'enjoyed')])
8.2461 	EXP 	New trial (rep=0, index=3): OrderedDict([('word', 'findlaw')])
8.2462 	EXP 	New trial (rep=0, index=4): OrderedDict([('word', 'sole')])
8.2463 	EXP 	New trial (rep=0, index=5): OrderedDict([('word', 'landscape')])
8.2465 	EXP 	New trial (rep=0, index=6): OrderedDict([('word', 'colonial')])
8.2466 	EXP 	New trial (rep=0, index=7): OrderedDict([('word', 'showers')])
8.2467 	EXP 	New trial (rep=0, index=8): OrderedDict([('word', 'futures')])
8.2469 	EXP 	New trial (rep=0, index=5): OrderedDict([('wlist_index', 5)])
8.2493 	EXP 	Imported csvs/5.csv as conditions, 7 conditions, 1 params
8.2496 	EXP 	Created sequence: random, trialTypes=7, nReps=1, seed=None
8.2497 	EXP 	New trial (rep=0, index=0): OrderedDict([('word', 'mediterranean')])
8.2499 	EXP 	New trial (rep=0, index=1): OrderedDict([('word', 'specialties')])
8.2500 	EXP 	New trial (rep=0, index=2): OrderedDict([('word', 'charitable')])
8.2502 	EXP 	New trial (rep=0, index=3): OrderedDict([('word', 'acceptance')])
8.2503 	EXP 	New trial (rep=0, index=4): OrderedDict([('word', 'physics')])
8.2504 	EXP 	New trial (rep=0, index=5): OrderedDict([('word', 'access')])
8.2505 	EXP 	New trial (rep=0, index=6): OrderedDict([('word', 'typically')])
8.2507 	EXP 	New trial (rep=0, index=6): OrderedDict([('wlist_index', 14)])
8.2531 	EXP 	Imported csvs/14.csv as conditions, 9 conditions, 1 params
8.2534 	EXP 	Created sequence: random, trialTypes=9, nReps=1, seed=None
8.2535 	EXP 	New trial (rep=0, index=0): OrderedDict([('word', 'debt')])
8.2537 	EXP 	New trial (rep=0, index=1): OrderedDict([('word', 'rights')])
8.2538 	EXP 	New trial (rep=0, index=2): OrderedDict([('word', 'handles')])
8.2540 	EXP 	New trial (rep=0, index=3): OrderedDict([('word', 'ranch')])
8.2541 	EXP 	New trial (rep=0, index=4): OrderedDict([('word', 'surround')])
8.2542 	EXP 	New trial (rep=0, index=5): OrderedDict([('word', 'bangladesh')])
8.2544 	EXP 	New trial (rep=0, index=6): OrderedDict([('word', 'hardly')])
8.2545 	EXP 	New trial (rep=0, index=7): OrderedDict([('word', 'ho')])
8.2546 	EXP 	New trial (rep=0, index=8): OrderedDict([('word', 'breast')])
8.2548 	EXP 	New trial (rep=0, index=7): OrderedDict([('wlist_index', 7)])
8.2572 	EXP 	Imported csvs/7.csv as conditions, 9 conditions, 1 params
8.2574 	EXP 	Created sequence: random, trialTypes=9, nReps=1, seed=None
8.2576 	EXP 	New trial (rep=0, index=0): OrderedDict([('word', 'enquiry')])
8.2578 	EXP 	New trial (rep=0, index=1): OrderedDict([('word', 'actual')])
8.2579 	EXP 	New trial (rep=0, index=2): OrderedDict([('word', 'dick')])
8.2580 	EXP 	New trial (rep=0, index=3): OrderedDict([('word', 'secure')])
8.2582 	EXP 	New trial (rep=0, index=4): OrderedDict([('word', 'bubble')])
8.2583 	EXP 	New trial (rep=0, index=5): OrderedDict([('word', 'self')])
8.2584 	EXP 	New trial (rep=0, index=6): OrderedDict([('word', 'wallet')])
8.2586 	EXP 	New trial (rep=0, index=7): OrderedDict([('word', 'directors')])
8.2587 	EXP 	New trial (rep=0, index=8): OrderedDict([('word', 'nottingham')])
8.2588 	EXP 	New trial (rep=0, index=1): OrderedDict([('condition', 3)])
8.2611 	EXP 	Imported csvs/condition_3_wlists_indices.csv as conditions, 8 conditions, 1 params
8.2613 	EXP 	Created sequence: random, trialTypes=8, nReps=1, seed=None
8.2615 	EXP 	New trial (rep=0, index=0): OrderedDict([('wlist_index', 28)])
8.2639 	EXP 	Imported csvs/28.csv as conditions, 6 conditions, 1 params
8.2641 	EXP 	Created sequence: random, trialTypes=6, nReps=1, seed=None
8.2643 	EXP 	New trial (rep=0, index=0): OrderedDict([('word', 'anthropology')])
8.2644 	EXP 	New trial (rep=0, index=1): OrderedDict([('word', 'make')])
8.2646 	EXP 	New trial (rep=0, index=2): OrderedDict([('word', 'biography')])
8.2647 	EXP 	New trial (rep=0, index=3): OrderedDict([('word', 'separately')])
8.2648 	EXP 	New trial (rep=0, index=4): OrderedDict([('word', 'figure')])
8.2650 	EXP 	New trial (rep=0, index=5): OrderedDict([('word', 'regardless')])
8.2651 	EXP 	New trial (rep=0, index=1): OrderedDict([('wlist_index', 32)])
8.2676 	EXP 	Imported csvs/32.csv as conditions, 5 conditions, 1 params
8.2679 	EXP 	Created sequence: random, trialTypes=5, nReps=1, seed=None
8.2680 	EXP 	New trial (rep=0, index=0): OrderedDict([('word', 'feedback')])
8.2682 	EXP 	New trial (rep=0, index=1): OrderedDict([('word', 'declared')])
8.2683 	EXP 	New trial (rep=0, index=2): OrderedDict([('word', 'ranks')])
8.2684 	EXP 	New trial (rep=0, index=3): OrderedDict([('word', 'jamaica')])
8.2686 	EXP 	New trial (rep=0, index=4): OrderedDict([('word', 'transport')])
8.2687 	EXP 	New trial (rep=0, index=2): OrderedDict([('wlist_index', 11)])
8.2712 	EXP 	Imported csvs/11.csv as conditions, 11 conditions, 1 params
8.2715 	EXP 	Created sequence: random, trialTypes=11, nReps=1, seed=None
8.2717 	EXP 	New trial (rep=0, index=0): OrderedDict([('word', 'security')])
8.2718 	EXP 	New trial (rep=0, index=1): OrderedDict([('word', 'transparent')])
8.2720 	EXP 	New trial (rep=0, index=2): OrderedDict([('word', 'remarkable')])
8.2721 	EXP 	New trial (rep=0, index=3): OrderedDict([('word', 'sad')])
8.2722 	EXP 	New trial (rep=0, index=4): OrderedDict([('word', 'boom')])
8.2724 	EXP 	New trial (rep=0, index=5): OrderedDict([('word', 'gender')])
8.2725 	EXP 	New trial (rep=0, index=6): OrderedDict([('word', 'throwing')])
8.2726 	EXP 	New trial (rep=0, index=7): OrderedDict([('word', 'satisfactory')])
8.2728 	EXP 	New trial (rep=0, index=8): OrderedDict([('word', 'events')])
8.2729 	EXP 	New trial (rep=0, index=9): OrderedDict([('word', 'trigger')])
8.2730 	EXP 	New trial (rep=0, index=10): OrderedDict([('word', 'resorts')])
8.2732 	EXP 	New trial (rep=0, index=3): OrderedDict([('wlist_index', 15)])
8.2758 	EXP 	Imported csvs/15.csv as conditions, 8 conditions, 1 params
8.2761 	EXP 	Created sequence: random, trialTypes=8, nReps=1, seed=None
8.2763 	EXP 	New trial (rep=0, index=0): OrderedDict([('word', 'traditions')])
8.2765 	EXP 	New trial (rep=0, index=1): OrderedDict([('word', 'harrison')])
8.2767 	EXP 	New trial (rep=0, index=2): OrderedDict([('word', 'burn')])
8.2768 	EXP 	New trial (rep=0, index=3): OrderedDict([('word', 'irc')])
8.2770 	EXP 	New trial (rep=0, index=4): OrderedDict([('word', 'seem')])
8.2771 	EXP 	New trial (rep=0, index=5): OrderedDict([('word', 'netherlands')])
8.2773 	EXP 	New trial (rep=0, index=6): OrderedDict([('word', 'farmers')])
8.2774 	EXP 	New trial (rep=0, index=7): OrderedDict([('word', 'feels')])
8.2775 	EXP 	New trial (rep=0, index=4): OrderedDict([('wlist_index', 30)])
8.2798 	EXP 	Imported csvs/30.csv as conditions, 9 conditions, 1 params
8.2801 	EXP 	Created sequence: random, trialTypes=9, nReps=1, seed=None
8.2803 	EXP 	New trial (rep=0, index=0): OrderedDict([('word', 'joshua')])
8.2804 	EXP 	New trial (rep=0, index=1): OrderedDict([('word', 'charger')])
8.2805 	EXP 	New trial (rep=0, index=2): OrderedDict([('word', 'eos')])
8.2807 	EXP 	New trial (rep=0, index=3): OrderedDict([('word', 'inter')])
8.2808 	EXP 	New trial (rep=0, index=4): OrderedDict([('word', 'engage')])
8.2809 	EXP 	New trial (rep=0, index=5): OrderedDict([('word', 'sat')])
8.2811 	EXP 	New trial (rep=0, index=6): OrderedDict([('word', 'carry')])
8.2812 	EXP 	New trial (rep=0, index=7): OrderedDict([('word', 'parts')])
8.2813 	EXP 	New trial (rep=0, index=8): OrderedDict([('word', 'acm')])
8.2815 	EXP 	New trial (rep=0, index=5): OrderedDict([('wlist_index', 1)])
8.2839 	EXP 	Imported csvs/1.csv as conditions, 11 conditions, 1 params
8.2842 	EXP 	Created sequence: random, trialTypes=11, nReps=1, seed=None
8.2843 	EXP 	New trial (rep=0, index=0): OrderedDict([('word', 'coins')])
8.2845 	EXP 	New trial (rep=0, index=1): OrderedDict([('word', 'apartment')])
8.2846 	EXP 	New trial (rep=0, index=2): OrderedDict([('word', 'aspnet')])
8.2847 	EXP 	New trial (rep=0, index=3): OrderedDict([('word', 'jackie')])
8.2849 	EXP 	New trial (rep=0, index=4): OrderedDict([('word', 'page')])
8.2850 	EXP 	New trial (rep=0, index=5): OrderedDict([('word', 'ion')])
8.2851 	EXP 	New trial (rep=0, index=6): OrderedDict([('word', 'informative')])
8.2853 	EXP 	New trial (rep=0, index=7): OrderedDict([('word', 'owns')])
8.2854 	EXP 	New trial (rep=0, index=8): OrderedDict([('word', 'optimal')])
8.2855 	EXP 	New trial (rep=0, index=9): OrderedDict([('word', 'lists')])
8.2857 	EXP 	New trial (rep=0, index=10): OrderedDict([('word', 'dp')])
8.2858 	EXP 	New trial (rep=0, index=6): OrderedDict([('wlist_index', 29)])
8.2882 	EXP 	Imported csvs/29.csv as conditions, 10 conditions, 1 params
8.2885 	EXP 	Created sequence: random, trialTypes=10, nReps=1, seed=None
8.2887 	EXP 	New trial (rep=0, index=0): OrderedDict([('word', 'brass')])
8.2888 	EXP 	New trial (rep=0, index=1): OrderedDict([('word', 'if')])
8.2889 	EXP 	New trial (rep=0, index=2): OrderedDict([('word', 'modifications')])
8.2891 	EXP 	New trial (rep=0, index=3): OrderedDict([('word', 'ferrari')])
8.2892 	EXP 	New trial (rep=0, index=4): OrderedDict([('word', 'sand')])
8.2893 	EXP 	New trial (rep=0, index=5): OrderedDict([('word', 'taxation')])
8.2895 	EXP 	New trial (rep=0, index=6): OrderedDict([('word', 'docs')])
8.2896 	EXP 	New trial (rep=0, index=7): OrderedDict([('word', 'plugin')])
8.2897 	EXP 	New trial (rep=0, index=8): OrderedDict([('word', 'listed')])
8.2899 	EXP 	New trial (rep=0, index=9): OrderedDict([('word', 'patio')])
8.2900 	EXP 	New trial (rep=0, index=7): OrderedDict([('wlist_index', 22)])
8.2924 	EXP 	Imported csvs/22.csv as conditions, 10 conditions, 1 params
8.2927 	EXP 	Created sequence: random, trialTypes=10, nReps=1, seed=None
8.2928 	EXP 	New trial (rep=0, index=0): OrderedDict([('word', 'detective')])
8.2930 	EXP 	New trial (rep=0, index=1): OrderedDict([('word', 'away')])
8.2931 	EXP 	New trial (rep=0, index=2): OrderedDict([('word', 'sophisticated')])
8.2932 	EXP 	New trial (rep=0, index=3): OrderedDict([('word', 'gotten')])
8.2934 	EXP 	New trial (rep=0, index=4): OrderedDict([('word', 'rarely')])
8.2935 	EXP 	New trial (rep=0, index=5): OrderedDict([('word', 'missions')])
8.2936 	EXP 	New trial (rep=0, index=6): OrderedDict([('word', 'es')])
8.2938 	EXP 	New trial (rep=0, index=7): OrderedDict([('word', 'marina')])
8.2939 	EXP 	New trial (rep=0, index=8): OrderedDict([('word', 'athletics')])
8.2940 	EXP 	New trial (rep=0, index=9): OrderedDict([('word', 'secret')])
8.2942 	EXP 	New trial (rep=0, index=2): OrderedDict([('condition', 1)])
8.2966 	EXP 	Imported csvs/condition_1_wlists_indices.csv as conditions, 8 conditions, 1 params
8.2968 	EXP 	Created sequence: random, trialTypes=8, nReps=1, seed=None
8.2970 	EXP 	New trial (rep=0, index=0): OrderedDict([('wlist_index', 27)])
8.2996 	EXP 	Imported csvs/27.csv as conditions, 8 conditions, 1 params
8.2999 	EXP 	Created sequence: random, trialTypes=8, nReps=1, seed=None
8.3001 	EXP 	New trial (rep=0, index=0): OrderedDict([('word', 'douglas')])
8.3002 	EXP 	New trial (rep=0, index=1): OrderedDict([('word', 'him')])
8.3004 	EXP 	New trial (rep=0, index=2): OrderedDict([('word', 'unable')])
8.3006 	EXP 	New trial (rep=0, index=3): OrderedDict([('word', 'buyers')])
8.3007 	EXP 	New trial (rep=0, index=4): OrderedDict([('word', 'safari')])
8.3009 	EXP 	New trial (rep=0, index=5): OrderedDict([('word', 'ski')])
8.3010 	EXP 	New trial (rep=0, index=6): OrderedDict([('word', 'oral')])
8.3011 	EXP 	New trial (rep=0, index=7): OrderedDict([('word', 'say')])
8.3013 	EXP 	New trial (rep=0, index=1): OrderedDict([('wlist_index', 17)])
8.3038 	EXP 	Imported csvs/17.csv as conditions, 10 conditions, 1 params
8.3041 	EXP 	Created sequence: random, trialTypes=10, nReps=1, seed=None
8.3043 	EXP 	New trial (rep=0, index=0): OrderedDict([('word', 'scott')])
8.3044 	EXP 	New trial (rep=0, index=1): OrderedDict([('word', 'accept')])
8.3046 	EXP 	New trial (rep=0, index=2): OrderedDict([('word', 'charging')])
8.3047 	EXP 	New trial (rep=0, index=3): OrderedDict([('word', 'sally')])
8.3048 	EXP 	New trial (rep=0, index=4): OrderedDict([('word', 'map')])
8.3050 	EXP 	New trial (rep=0, index=5): OrderedDict([('word', 'adaptor')])
8.3051 	EXP 	New trial (rep=0, index=6): OrderedDict([('word', 'talent')])
8.3052 	EXP 	New trial (rep=0, index=7): OrderedDict([('word', 'places')])
8.3054 	EXP 	New trial (rep=0, index=8): OrderedDict([('word', 'potatoes')])
8.3055 	EXP 	New trial (rep=0, index=9): OrderedDict([('word', 'penetration')])
8.3056 	EXP 	New trial (rep=0, index=2): OrderedDict([('wlist_index', 13)])
8.3083 	EXP 	Imported csvs/13.csv as conditions, 7 conditions, 1 params
8.3085 	EXP 	Created sequence: random, trialTypes=7, nReps=1, seed=None
8.3087 	EXP 	New trial (rep=0, index=0): OrderedDict([('word', 'measures')])
8.3088 	EXP 	New trial (rep=0, index=1): OrderedDict([('word', 'poems')])
8.3090 	EXP 	New trial (rep=0, index=2): OrderedDict([('word', 'scanned')])
8.3091 	EXP 	New trial (rep=0, index=3): OrderedDict([('word', 'complications')])
8.3093 	EXP 	New trial (rep=0, index=4): OrderedDict([('word', 'guild')])
8.3094 	EXP 	New trial (rep=0, index=5): OrderedDict([('word', 'township')])
8.3095 	EXP 	New trial (rep=0, index=6): OrderedDict([('word', 'deaths')])
8.3097 	EXP 	New trial (rep=0, index=3): OrderedDict([('wlist_index', 3)])
8.3121 	EXP 	Imported csvs/3.csv as conditions, 9 conditions, 1 params
8.3123 	EXP 	Created sequence: random, trialTypes=9, nReps=1, seed=None
8.3125 	EXP 	New trial (rep=0, index=0): OrderedDict([('word', 'smaller')])
8.3127 	EXP 	New trial (rep=0, index=1): OrderedDict([('word', 'wow')])
8.3128 	EXP 	New trial (rep=0, index=2): OrderedDict([('word', 'www')])
8.3129 	EXP 	New trial (rep=0, index=3): OrderedDict([('word', 'custom')])
8.3131 	EXP 	New trial (rep=0, index=4): OrderedDict([('word', 'silent')])
8.3132 	EXP 	New trial (rep=0, index=5): OrderedDict([('word', 'knowledgestorm')])
8.3133 	EXP 	New trial (rep=0, index=6): OrderedDict([('word', 'considers')])
8.3135 	EXP 	New trial (rep=0, index=7): OrderedDict([('word', 'intervention')])
8.3136 	EXP 	New trial (rep=0, index=8): OrderedDict([('word', 'vat')])
8.3137 	EXP 	New trial (rep=0, index=4): OrderedDict([('wlist_index', 9)])
8.3160 	EXP 	Imported csvs/9.csv as conditions, 6 conditions, 1 params
8.3163 	EXP 	Created sequence: random, trialTypes=6, nReps=1, seed=None
8.3165 	EXP 	New trial (rep=0, index=0): OrderedDict([('word', 'stuck')])
8.3166 	EXP 	New trial (rep=0, index=1): OrderedDict([('word', 'bitch')])
8.3167 	EXP 	New trial (rep=0, index=2): OrderedDict([('word', 'titled')])
8.3169 	EXP 	New trial (rep=0, index=3): OrderedDict([('word', 'plane')])
8.3170 	EXP 	New trial (rep=0, index=4): OrderedDict([('word', 'sing')])
8.3171 	EXP 	New trial (rep=0, index=5): OrderedDict([('word', 'continuing')])
8.3173 	EXP 	New trial (rep=0, index=5): OrderedDict([('wlist_index', 31)])
8.3202 	EXP 	Imported csvs/31.csv as conditions, 8 conditions, 1 params
8.3205 	EXP 	Created sequence: random, trialTypes=8, nReps=1, seed=None
8.3207 	EXP 	New trial (rep=0, index=0): OrderedDict([('word', 'act')])
8.3208 	EXP 	New trial (rep=0, index=1): OrderedDict([('word', 'humanitarian')])
8.3210 	EXP 	New trial (rep=0, index=2): OrderedDict([('word', 'gi')])
8.3211 	EXP 	New trial (rep=0, index=3): OrderedDict([('word', 'reverse')])
8.3212 	EXP 	New trial (rep=0, index=4): OrderedDict([('word', 'phenomenon')])
8.3214 	EXP 	New trial (rep=0, index=5): OrderedDict([('word', 'usd')])
8.3215 	EXP 	New trial (rep=0, index=6): OrderedDict([('word', 'incest')])
8.3216 	EXP 	New trial (rep=0, index=7): OrderedDict([('word', 'watson')])
8.3218 	EXP 	New trial (rep=0, index=6): OrderedDict([('wlist_index', 2)])
8.3244 	EXP 	Imported csvs/2.csv as conditions, 8 conditions, 1 params
8.3247 	EXP 	Created sequence: random, trialTypes=8, nReps=1, seed=None
8.3248 	EXP 	New trial (rep=0, index=0): OrderedDict([('word', 'xl')])
8.3250 	EXP 	New trial (rep=0, index=1): OrderedDict([('word', 'look')])
8.3251 	EXP 	New trial (rep=0, index=2): OrderedDict([('word', 'assessed')])
8.3253 	EXP 	New trial (rep=0, index=3): OrderedDict([('word', 'guide')])
8.3254 	EXP 	New trial (rep=0, index=4): OrderedDict([('word', 'representation')])
8.3255 	EXP 	New trial (rep=0, index=5): OrderedDict([('word', 'protected')])
8.3257 	EXP 	New trial (rep=0, index=6): OrderedDict([('word', 'milfhunter')])
8.3258 	EXP 	New trial (rep=0, index=7): OrderedDict([('word', 'noble')])
8.3259 	EXP 	New trial (rep=0, index=7): OrderedDict([('wlist_index', 12)])
8.3283 	EXP 	Imported csvs/12.csv as conditions, 7 conditions, 1 params
8.3285 	EXP 	Created sequence: random, trialTypes=7, nReps=1, seed=None
8.3287 	EXP 	New trial (rep=0, index=0): OrderedDict([('word', 'rapid')])
8.3288 	EXP 	New trial (rep=0, index=1): OrderedDict([('word', 'shipments')])
8.3290 	EXP 	New trial (rep=0, index=2): OrderedDict([('word', 'powered')])
8.3291 	EXP 	New trial (rep=0, index=3): OrderedDict([('word', 'keyword')])
8.3292 	EXP 	New trial (rep=0, index=4): OrderedDict([('word', 'latin')])
8.3294 	EXP 	New trial (rep=0, index=5): OrderedDict([('word', 'bangkok')])
8.3295 	EXP 	New trial (rep=0, index=6): OrderedDict([('word', 'cradle')])
8.3297 	EXP 	New trial (rep=0, index=3): OrderedDict([('condition', 2)])
8.3319 	EXP 	Imported csvs/condition_2_wlists_indices.csv as conditions, 8 conditions, 1 params
8.3322 	EXP 	Created sequence: random, trialTypes=8, nReps=1, seed=None
8.3324 	EXP 	New trial (rep=0, index=0): OrderedDict([('wlist_index', 20)])
8.3349 	EXP 	Imported csvs/20.csv as conditions, 8 conditions, 1 params
8.3351 	EXP 	Created sequence: random, trialTypes=8, nReps=1, seed=None
8.3353 	EXP 	New trial (rep=0, index=0): OrderedDict([('word', 'waiver')])
8.3355 	EXP 	New trial (rep=0, index=1): OrderedDict([('word', 'acts')])
8.3356 	EXP 	New trial (rep=0, index=2): OrderedDict([('word', 'requests')])
8.3357 	EXP 	New trial (rep=0, index=3): OrderedDict([('word', 'bacterial')])
8.3359 	EXP 	New trial (rep=0, index=4): OrderedDict([('word', 'territories')])
8.3360 	EXP 	New trial (rep=0, index=5): OrderedDict([('word', 'services')])
8.3361 	EXP 	New trial (rep=0, index=6): OrderedDict([('word', 'cooking')])
8.3363 	EXP 	New trial (rep=0, index=7): OrderedDict([('word', 'cumshots')])
8.3364 	EXP 	New trial (rep=0, index=1): OrderedDict([('wlist_index', 25)])
8.3388 	EXP 	Imported csvs/25.csv as conditions, 9 conditions, 1 params
8.3391 	EXP 	Created sequence: random, trialTypes=9, nReps=1, seed=None
8.3392 	EXP 	New trial (rep=0, index=0): OrderedDict([('word', 'altered')])
8.3394 	EXP 	New trial (rep=0, index=1): OrderedDict([('word', 'secretary')])
8.3395 	EXP 	New trial (rep=0, index=2): OrderedDict([('word', 'apr')])
8.3397 	EXP 	New trial (rep=0, index=3): OrderedDict([('word', 'se')])
8.3398 	EXP 	New trial (rep=0, index=4): OrderedDict([('word', 'travels')])
8.3399 	EXP 	New trial (rep=0, index=5): OrderedDict([('word', 'argument')])
8.3401 	EXP 	New trial (rep=0, index=6): OrderedDict([('word', 'expect')])
8.3402 	EXP 	New trial (rep=0, index=7): OrderedDict([('word', 'renew')])
8.3403 	EXP 	New trial (rep=0, index=8): OrderedDict([('word', 'spank')])
8.3405 	EXP 	New trial (rep=0, index=2): OrderedDict([('wlist_index', 8)])
8.3429 	EXP 	Imported csvs/8.csv as conditions, 11 conditions, 1 params
8.3432 	EXP 	Created sequence: random, trialTypes=11, nReps=1, seed=None
8.3434 	EXP 	New trial (rep=0, index=0): OrderedDict([('word', 'eddie')])
8.3436 	EXP 	New trial (rep=0, index=1): OrderedDict([('word', 'canberra')])
8.3437 	EXP 	New trial (rep=0, index=2): OrderedDict([('word', 'operate')])
8.3438 	EXP 	New trial (rep=0, index=3): OrderedDict([('word', 'follows')])
8.3440 	EXP 	New trial (rep=0, index=4): OrderedDict([('word', 'elections')])
8.3441 	EXP 	New trial (rep=0, index=5): OrderedDict([('word', 'sir')])
8.3442 	EXP 	New trial (rep=0, index=6): OrderedDict([('word', 'educated')])
8.3444 	EXP 	New trial (rep=0, index=7): OrderedDict([('word', 'luke')])
8.3445 	EXP 	New trial (rep=0, index=8): OrderedDict([('word', 'wellness')])
8.3446 	EXP 	New trial (rep=0, index=9): OrderedDict([('word', 'draft')])
8.3447 	EXP 	New trial (rep=0, index=10): OrderedDict([('word', 'basics')])
8.3449 	EXP 	New trial (rep=0, index=3): OrderedDict([('wlist_index', 26)])
8.3475 	EXP 	Imported csvs/26.csv as conditions, 5 conditions, 1 params
8.3478 	EXP 	Created sequence: random, trialTypes=5, nReps=1, seed=None
8.3480 	EXP 	New trial (rep=0, index=0): OrderedDict([('word', 'lingerie')])
8.3482 	EXP 	New trial (rep=0, index=1): OrderedDict([('word', 'sheer')])
8.3483 	EXP 	New trial (rep=0, index=2): OrderedDict([('word', 'wholesale')])
8.3485 	EXP 	New trial (rep=0, index=3): OrderedDict([('word', 'portable')])
8.3486 	EXP 	New trial (rep=0, index=4): OrderedDict([('word', 'peace')])
8.3488 	EXP 	New trial (rep=0, index=4): OrderedDict([('wlist_index', 21)])
8.3512 	EXP 	Imported csvs/21.csv as conditions, 10 conditions, 1 params
8.3515 	EXP 	Created sequence: random, trialTypes=10, nReps=1, seed=None
8.3517 	EXP 	New trial (rep=0, index=0): OrderedDict([('word', 'port')])
8.3518 	EXP 	New trial (rep=0, index=1): OrderedDict([('word', 'discussing')])
8.3519 	EXP 	New trial (rep=0, index=2): OrderedDict([('word', 'influence')])
8.3521 	EXP 	New trial (rep=0, index=3): OrderedDict([('word', 'think')])
8.3522 	EXP 	New trial (rep=0, index=4): OrderedDict([('word', 'protocol')])
8.3523 	EXP 	New trial (rep=0, index=5): OrderedDict([('word', 'analyst')])
8.3525 	EXP 	New trial (rep=0, index=6): OrderedDict([('word', 'alpha')])
8.3526 	EXP 	New trial (rep=0, index=7): OrderedDict([('word', 'urls')])
8.3527 	EXP 	New trial (rep=0, index=8): OrderedDict([('word', 'nasty')])
8.3529 	EXP 	New trial (rep=0, index=9): OrderedDict([('word', 'blend')])
8.3530 	EXP 	New trial (rep=0, index=5): OrderedDict([('wlist_index', 23)])
8.3553 	EXP 	Imported csvs/23.csv as conditions, 6 conditions, 1 params
8.3555 	EXP 	Created sequence: random, trialTypes=6, nReps=1, seed=None
8.3557 	EXP 	New trial (rep=0, index=0): OrderedDict([('word', 'efficient')])
8.3558 	EXP 	New trial (rep=0, index=1): OrderedDict([('word', 'shelf')])
8.3559 	EXP 	New trial (rep=0, index=2): OrderedDict([('word', 'horror')])
8.3561 	EXP 	New trial (rep=0, index=3): OrderedDict([('word', 'easy')])
8.3562 	EXP 	New trial (rep=0, index=4): OrderedDict([('word', 'info')])
8.3563 	EXP 	New trial (rep=0, index=5): OrderedDict([('word', 'sponsors')])
8.3564 	EXP 	New trial (rep=0, index=6): OrderedDict([('wlist_index', 10)])
8.3587 	EXP 	Imported csvs/10.csv as conditions, 7 conditions, 1 params
8.3591 	EXP 	Created sequence: random, trialTypes=7, nReps=1, seed=None
8.3593 	EXP 	New trial (rep=0, index=0): OrderedDict([('word', 'magnificent')])
8.3596 	EXP 	New trial (rep=0, index=1): OrderedDict([('word', 'glasses')])
8.3598 	EXP 	New trial (rep=0, index=2): OrderedDict([('word', 'muscle')])
8.3599 	EXP 	New trial (rep=0, index=3): OrderedDict([('word', 'bind')])
8.3601 	EXP 	New trial (rep=0, index=4): OrderedDict([('word', 'endless')])
8.3603 	EXP 	New trial (rep=0, index=5): OrderedDict([('word', 'facial')])
8.3604 	EXP 	New trial (rep=0, index=6): OrderedDict([('word', 'evaluating')])
8.3606 	EXP 	New trial (rep=0, index=7): OrderedDict([('wlist_index', 19)])
8.3630 	EXP 	Imported csvs/19.csv as conditions, 6 conditions, 1 params
8.3633 	EXP 	Created sequence: random, trialTypes=6, nReps=1, seed=None
8.3635 	EXP 	New trial (rep=0, index=0): OrderedDict([('word', 'lowest')])
8.3636 	EXP 	New trial (rep=0, index=1): OrderedDict([('word', 'academics')])
8.3637 	EXP 	New trial (rep=0, index=2): OrderedDict([('word', 'il')])
8.3639 	EXP 	New trial (rep=0, index=3): OrderedDict([('word', 'hiring')])
8.3640 	EXP 	New trial (rep=0, index=4): OrderedDict([('word', 'acc')])
8.3641 	EXP 	New trial (rep=0, index=5): OrderedDict([('word', 'miniature')])
8.3745 	DATA 	Keypress: space
8.3865 	EXP 	instructions_text: autoDraw = False
8.6641 	EXP 	window1: mouseVisible = True
