6.3723 	WARNING 	User requested fullscreen with size [1024  768], but screen is actually [1440, 900]. Using actual size
7.2347 	EXP 	Created window1 = Window(allowGUI=False, allowStencil=False, args=UNKNOWN, autoLog=True, bitsMode=UNKNOWN, blendMode='avg', color=array([0., 0., 0.]), colorSpace='rgb', fullscr=<method-wrapper '__getattribute__' of attributeSetter object at 0x131e06a58>, gamma=None, gammaErrorPolicy='raise', kwargs=UNKNOWN, lms=UNKNOWN, monitor=<psychopy.monitors.calibTools.Monitor object at 0x132deceb8>, multiSample=False, name='window1', numSamples=2, pos=[360.0, 225.0], screen=0, size=array([2880, 1800]), stereo=False, units='height', useFBO=True, useRetina=True, viewOri=0.0, viewPos=None, viewScale=None, waitBlanking=True, winType='pyglet')
7.2348 	EXP 	window1: recordFrameIntervals = False
7.4003 	EXP 	window1: recordFrameIntervals = True
7.5842 	EXP 	window1: recordFrameIntervals = False
8.2933 	EXP 	Created instructions_text = TextStim(__class__=<class 'psychopy.visual.text.TextStim'>, alignHoriz='center', alignVert='center', antialias=True, autoLog=True, bold=False, color='white', colorSpace='named', contrast=1.0, depth=0.0, flipHoriz=False, flipVert=False, font='Arial', fontFiles=[], height=0.1, italic=False, languageStyle='LTR', name='instructions_text', opacity=1.0, ori=0, pos=array([0., 0.]), rgb=array([255., 255., 255.]), text='Welcome!', units='height', win=Window(...), wrapWidth=1)
8.3536 	EXP 	Created show_condition_text = TextStim(__class__=<class 'psychopy.visual.text.TextStim'>, alignHoriz='center', alignVert='center', antialias=True, autoLog=True, bold=False, color='white', colorSpace='named', contrast=1.0, depth=0.0, flipHoriz=False, flipVert=False, font='Arial', fontFiles=[], height=0.1, italic=False, languageStyle='LTR', name='show_condition_text', opacity=1.0, ori=0, pos=array([0., 0.]), rgb=array([255., 255., 255.]), text='default text', units='height', win=Window(...), wrapWidth=1)
8.3725 	EXP 	instructions_text: autoDraw = True
8.7754 	EXP 	Imported csvs/noise_conditions.csv as conditions, 4 conditions, 1 params
8.7757 	EXP 	Created sequence: random, trialTypes=4, nReps=1, seed=None
8.7759 	EXP 	New trial (rep=0, index=0): OrderedDict([('condition', 3)])
8.7783 	EXP 	Imported csvs/condition_3_wlists_indices.csv as conditions, 8 conditions, 1 params
8.7786 	EXP 	Created sequence: random, trialTypes=8, nReps=1, seed=None
8.7788 	EXP 	New trial (rep=0, index=0): OrderedDict([('wlist_index', 28)])
8.7815 	EXP 	Imported csvs/28.csv as conditions, 6 conditions, 1 params
8.7818 	EXP 	Created sequence: random, trialTypes=6, nReps=1, seed=None
8.7820 	EXP 	New trial (rep=0, index=0): OrderedDict([('word', 'make')])
8.7963 	DATA 	Keypress: space
8.8188 	EXP 	instructions_text: autoDraw = False
8.8188 	EXP 	show_condition_text: text = 'make'
8.8188 	EXP 	show_condition_text: autoDraw = True
8.8195 	EXP 	New trial (rep=0, index=1): OrderedDict([('word', 'separately')])
8.8524 	EXP 	show_condition_text: text = 'separately'
8.8524 	EXP 	show_condition_text: autoDraw = True
8.8531 	EXP 	New trial (rep=0, index=2): OrderedDict([('word', 'figure')])
8.8725 	EXP 	show_condition_text: text = 'figure'
8.8725 	EXP 	show_condition_text: autoDraw = True
8.8730 	EXP 	New trial (rep=0, index=3): OrderedDict([('word', 'anthropology')])
8.9020 	EXP 	show_condition_text: text = 'anthropology'
8.9020 	EXP 	show_condition_text: autoDraw = True
8.9025 	EXP 	New trial (rep=0, index=4): OrderedDict([('word', 'regardless')])
8.9187 	EXP 	show_condition_text: text = 'regardless'
8.9187 	EXP 	show_condition_text: autoDraw = True
8.9192 	EXP 	New trial (rep=0, index=5): OrderedDict([('word', 'biography')])
8.9381 	EXP 	show_condition_text: text = 'biography'
8.9381 	EXP 	show_condition_text: autoDraw = True
8.9563 	EXP 	show_condition_text: text = '****'
8.9563 	EXP 	show_condition_text: autoDraw = True
9.6053 	DATA 	Keypress: space
9.7183 	EXP 	show_condition_text: autoDraw = False
9.7188 	EXP 	New trial (rep=0, index=1): OrderedDict([('wlist_index', 1)])
9.7233 	EXP 	Imported csvs/1.csv as conditions, 11 conditions, 1 params
9.7237 	EXP 	Created sequence: random, trialTypes=11, nReps=1, seed=None
9.7239 	EXP 	New trial (rep=0, index=0): OrderedDict([('word', 'coins')])
9.7402 	EXP 	show_condition_text: text = 'coins'
9.7402 	EXP 	show_condition_text: autoDraw = True
9.7408 	EXP 	New trial (rep=0, index=1): OrderedDict([('word', 'ion')])
9.7684 	EXP 	show_condition_text: text = 'ion'
9.7684 	EXP 	show_condition_text: autoDraw = True
9.7689 	EXP 	New trial (rep=0, index=2): OrderedDict([('word', 'aspnet')])
9.7858 	EXP 	show_condition_text: text = 'aspnet'
9.7858 	EXP 	show_condition_text: autoDraw = True
9.7864 	EXP 	New trial (rep=0, index=3): OrderedDict([('word', 'informative')])
9.8063 	EXP 	show_condition_text: text = 'informative'
9.8063 	EXP 	show_condition_text: autoDraw = True
9.8068 	EXP 	New trial (rep=0, index=4): OrderedDict([('word', 'owns')])
9.8236 	EXP 	show_condition_text: text = 'owns'
9.8236 	EXP 	show_condition_text: autoDraw = True
9.8243 	EXP 	New trial (rep=0, index=5): OrderedDict([('word', 'lists')])
9.8520 	EXP 	show_condition_text: text = 'lists'
9.8520 	EXP 	show_condition_text: autoDraw = True
9.8529 	EXP 	New trial (rep=0, index=6): OrderedDict([('word', 'jackie')])
9.8715 	EXP 	show_condition_text: text = 'jackie'
9.8715 	EXP 	show_condition_text: autoDraw = True
9.8726 	EXP 	New trial (rep=0, index=7): OrderedDict([('word', 'optimal')])
9.8899 	EXP 	show_condition_text: text = 'optimal'
9.8899 	EXP 	show_condition_text: autoDraw = True
9.8905 	EXP 	New trial (rep=0, index=8): OrderedDict([('word', 'dp')])
9.9067 	EXP 	show_condition_text: text = 'dp'
9.9067 	EXP 	show_condition_text: autoDraw = True
9.9072 	EXP 	New trial (rep=0, index=9): OrderedDict([('word', 'apartment')])
9.9352 	EXP 	show_condition_text: text = 'apartment'
9.9352 	EXP 	show_condition_text: autoDraw = True
9.9358 	EXP 	New trial (rep=0, index=10): OrderedDict([('word', 'page')])
9.9526 	EXP 	show_condition_text: text = 'page'
9.9526 	EXP 	show_condition_text: autoDraw = True
9.9691 	EXP 	show_condition_text: text = '****'
9.9691 	EXP 	show_condition_text: autoDraw = True
10.3213 	DATA 	Keypress: space
10.4351 	EXP 	show_condition_text: autoDraw = False
10.4354 	EXP 	New trial (rep=0, index=2): OrderedDict([('wlist_index', 22)])
10.4383 	EXP 	Imported csvs/22.csv as conditions, 10 conditions, 1 params
10.4386 	EXP 	Created sequence: random, trialTypes=10, nReps=1, seed=None
10.4388 	EXP 	New trial (rep=0, index=0): OrderedDict([('word', 'es')])
10.4521 	EXP 	show_condition_text: text = 'es'
10.4521 	EXP 	show_condition_text: autoDraw = True
10.4528 	EXP 	New trial (rep=0, index=1): OrderedDict([('word', 'secret')])
10.4690 	EXP 	show_condition_text: text = 'secret'
10.4690 	EXP 	show_condition_text: autoDraw = True
10.4696 	EXP 	New trial (rep=0, index=2): OrderedDict([('word', 'rarely')])
10.4858 	EXP 	show_condition_text: text = 'rarely'
10.4858 	EXP 	show_condition_text: autoDraw = True
10.4864 	EXP 	New trial (rep=0, index=3): OrderedDict([('word', 'athletics')])
10.5053 	EXP 	show_condition_text: text = 'athletics'
10.5053 	EXP 	show_condition_text: autoDraw = True
10.5059 	EXP 	New trial (rep=0, index=4): OrderedDict([('word', 'missions')])
10.5356 	EXP 	show_condition_text: text = 'missions'
10.5356 	EXP 	show_condition_text: autoDraw = True
10.5362 	EXP 	New trial (rep=0, index=5): OrderedDict([('word', 'detective')])
10.5527 	EXP 	show_condition_text: text = 'detective'
10.5527 	EXP 	show_condition_text: autoDraw = True
10.5533 	EXP 	New trial (rep=0, index=6): OrderedDict([('word', 'away')])
10.5708 	EXP 	show_condition_text: text = 'away'
10.5708 	EXP 	show_condition_text: autoDraw = True
10.5713 	EXP 	New trial (rep=0, index=7): OrderedDict([('word', 'gotten')])
10.5880 	EXP 	show_condition_text: text = 'gotten'
10.5880 	EXP 	show_condition_text: autoDraw = True
10.5887 	EXP 	New trial (rep=0, index=8): OrderedDict([('word', 'sophisticated')])
10.6179 	EXP 	show_condition_text: text = 'sophisticated'
10.6179 	EXP 	show_condition_text: autoDraw = True
10.6185 	EXP 	New trial (rep=0, index=9): OrderedDict([('word', 'marina')])
10.6357 	EXP 	show_condition_text: text = 'marina'
10.6357 	EXP 	show_condition_text: autoDraw = True
10.6516 	EXP 	show_condition_text: text = '****'
10.6516 	EXP 	show_condition_text: autoDraw = True
11.0207 	DATA 	Keypress: space
11.1519 	EXP 	show_condition_text: autoDraw = False
11.1523 	EXP 	New trial (rep=0, index=3): OrderedDict([('wlist_index', 15)])
11.1554 	EXP 	Imported csvs/15.csv as conditions, 8 conditions, 1 params
11.1557 	EXP 	Created sequence: random, trialTypes=8, nReps=1, seed=None
11.1559 	EXP 	New trial (rep=0, index=0): OrderedDict([('word', 'netherlands')])
11.1857 	EXP 	show_condition_text: text = 'netherlands'
11.1857 	EXP 	show_condition_text: autoDraw = True
11.1863 	EXP 	New trial (rep=0, index=1): OrderedDict([('word', 'harrison')])
11.2052 	EXP 	show_condition_text: text = 'harrison'
11.2052 	EXP 	show_condition_text: autoDraw = True
11.2056 	EXP 	New trial (rep=0, index=2): OrderedDict([('word', 'seem')])
11.2202 	EXP 	show_condition_text: text = 'seem'
11.2202 	EXP 	show_condition_text: autoDraw = True
11.2207 	EXP 	New trial (rep=0, index=3): OrderedDict([('word', 'irc')])
11.2363 	EXP 	show_condition_text: text = 'irc'
11.2363 	EXP 	show_condition_text: autoDraw = True
11.2369 	EXP 	New trial (rep=0, index=4): OrderedDict([('word', 'farmers')])
11.2526 	EXP 	show_condition_text: text = 'farmers'
11.2526 	EXP 	show_condition_text: autoDraw = True
11.2532 	EXP 	New trial (rep=0, index=5): OrderedDict([('word', 'feels')])
11.2693 	EXP 	show_condition_text: text = 'feels'
11.2693 	EXP 	show_condition_text: autoDraw = True
11.2700 	EXP 	New trial (rep=0, index=6): OrderedDict([('word', 'traditions')])
11.3020 	EXP 	show_condition_text: text = 'traditions'
11.3020 	EXP 	show_condition_text: autoDraw = True
11.3025 	EXP 	New trial (rep=0, index=7): OrderedDict([('word', 'burn')])
11.3193 	EXP 	show_condition_text: text = 'burn'
11.3193 	EXP 	show_condition_text: autoDraw = True
11.3353 	EXP 	show_condition_text: text = '****'
11.3353 	EXP 	show_condition_text: autoDraw = True
11.6720 	DATA 	Keypress: space
11.7849 	EXP 	show_condition_text: autoDraw = False
11.7852 	EXP 	New trial (rep=0, index=4): OrderedDict([('wlist_index', 30)])
11.7884 	EXP 	Imported csvs/30.csv as conditions, 9 conditions, 1 params
11.7887 	EXP 	Created sequence: random, trialTypes=9, nReps=1, seed=None
11.7889 	EXP 	New trial (rep=0, index=0): OrderedDict([('word', 'parts')])
11.8034 	EXP 	show_condition_text: text = 'parts'
11.8034 	EXP 	show_condition_text: autoDraw = True
11.8039 	EXP 	New trial (rep=0, index=1): OrderedDict([('word', 'inter')])
11.8195 	EXP 	show_condition_text: text = 'inter'
11.8195 	EXP 	show_condition_text: autoDraw = True
11.8201 	EXP 	New trial (rep=0, index=2): OrderedDict([('word', 'charger')])
11.8390 	EXP 	show_condition_text: text = 'charger'
11.8390 	EXP 	show_condition_text: autoDraw = True
11.8395 	EXP 	New trial (rep=0, index=3): OrderedDict([('word', 'engage')])
11.8688 	EXP 	show_condition_text: text = 'engage'
11.8688 	EXP 	show_condition_text: autoDraw = True
11.8696 	EXP 	New trial (rep=0, index=4): OrderedDict([('word', 'joshua')])
11.8875 	EXP 	show_condition_text: text = 'joshua'
11.8875 	EXP 	show_condition_text: autoDraw = True
11.8880 	EXP 	New trial (rep=0, index=5): OrderedDict([('word', 'acm')])
11.9021 	EXP 	show_condition_text: text = 'acm'
11.9021 	EXP 	show_condition_text: autoDraw = True
11.9027 	EXP 	New trial (rep=0, index=6): OrderedDict([('word', 'sat')])
11.9190 	EXP 	show_condition_text: text = 'sat'
11.9190 	EXP 	show_condition_text: autoDraw = True
11.9195 	EXP 	New trial (rep=0, index=7): OrderedDict([('word', 'eos')])
11.9356 	EXP 	show_condition_text: text = 'eos'
11.9356 	EXP 	show_condition_text: autoDraw = True
11.9361 	EXP 	New trial (rep=0, index=8): OrderedDict([('word', 'carry')])
11.9514 	EXP 	show_condition_text: text = 'carry'
11.9514 	EXP 	show_condition_text: autoDraw = True
11.9694 	EXP 	show_condition_text: text = '****'
11.9694 	EXP 	show_condition_text: autoDraw = True
12.3216 	DATA 	Keypress: space
12.4689 	EXP 	show_condition_text: autoDraw = False
12.4693 	EXP 	New trial (rep=0, index=5): OrderedDict([('wlist_index', 29)])
12.4730 	EXP 	Imported csvs/29.csv as conditions, 10 conditions, 1 params
12.4733 	EXP 	Created sequence: random, trialTypes=10, nReps=1, seed=None
12.4735 	EXP 	New trial (rep=0, index=0): OrderedDict([('word', 'docs')])
12.4891 	EXP 	show_condition_text: text = 'docs'
12.4891 	EXP 	show_condition_text: autoDraw = True
12.4898 	EXP 	New trial (rep=0, index=1): OrderedDict([('word', 'ferrari')])
12.5065 	EXP 	show_condition_text: text = 'ferrari'
12.5065 	EXP 	show_condition_text: autoDraw = True
12.5073 	EXP 	New trial (rep=0, index=2): OrderedDict([('word', 'patio')])
12.5354 	EXP 	show_condition_text: text = 'patio'
12.5354 	EXP 	show_condition_text: autoDraw = True
12.5361 	EXP 	New trial (rep=0, index=3): OrderedDict([('word', 'listed')])
12.5524 	EXP 	show_condition_text: text = 'listed'
12.5524 	EXP 	show_condition_text: autoDraw = True
12.5530 	EXP 	New trial (rep=0, index=4): OrderedDict([('word', 'sand')])
12.5691 	EXP 	show_condition_text: text = 'sand'
12.5691 	EXP 	show_condition_text: autoDraw = True
12.5696 	EXP 	New trial (rep=0, index=5): OrderedDict([('word', 'if')])
12.5856 	EXP 	show_condition_text: text = 'if'
12.5856 	EXP 	show_condition_text: autoDraw = True
12.5861 	EXP 	New trial (rep=0, index=6): OrderedDict([('word', 'taxation')])
12.6031 	EXP 	show_condition_text: text = 'taxation'
12.6031 	EXP 	show_condition_text: autoDraw = True
12.6037 	EXP 	New trial (rep=0, index=7): OrderedDict([('word', 'modifications')])
12.6245 	EXP 	show_condition_text: text = 'modifications'
12.6245 	EXP 	show_condition_text: autoDraw = True
12.6250 	EXP 	New trial (rep=0, index=8): OrderedDict([('word', 'plugin')])
12.6518 	EXP 	show_condition_text: text = 'plugin'
12.6518 	EXP 	show_condition_text: autoDraw = True
12.6525 	EXP 	New trial (rep=0, index=9): OrderedDict([('word', 'brass')])
12.6681 	EXP 	show_condition_text: text = 'brass'
12.6681 	EXP 	show_condition_text: autoDraw = True
12.6851 	EXP 	show_condition_text: text = '****'
12.6851 	EXP 	show_condition_text: autoDraw = True
12.9374 	DATA 	Keypress: space
13.0360 	EXP 	show_condition_text: autoDraw = False
13.0367 	EXP 	New trial (rep=0, index=6): OrderedDict([('wlist_index', 11)])
13.0396 	EXP 	Imported csvs/11.csv as conditions, 11 conditions, 1 params
13.0399 	EXP 	Created sequence: random, trialTypes=11, nReps=1, seed=None
13.0401 	EXP 	New trial (rep=0, index=0): OrderedDict([('word', 'boom')])
13.0552 	EXP 	show_condition_text: text = 'boom'
13.0552 	EXP 	show_condition_text: autoDraw = True
13.0559 	EXP 	New trial (rep=0, index=1): OrderedDict([('word', 'remarkable')])
13.0731 	EXP 	show_condition_text: text = 'remarkable'
13.0731 	EXP 	show_condition_text: autoDraw = True
13.0736 	EXP 	New trial (rep=0, index=2): OrderedDict([('word', 'events')])
13.1023 	EXP 	show_condition_text: text = 'events'
13.1023 	EXP 	show_condition_text: autoDraw = True
13.1030 	EXP 	New trial (rep=0, index=3): OrderedDict([('word', 'transparent')])
13.1226 	EXP 	show_condition_text: text = 'transparent'
13.1226 	EXP 	show_condition_text: autoDraw = True
13.1232 	EXP 	New trial (rep=0, index=4): OrderedDict([('word', 'trigger')])
13.1524 	EXP 	show_condition_text: text = 'trigger'
13.1524 	EXP 	show_condition_text: autoDraw = True
13.1530 	EXP 	New trial (rep=0, index=5): OrderedDict([('word', 'security')])
13.1695 	EXP 	show_condition_text: text = 'security'
13.1695 	EXP 	show_condition_text: autoDraw = True
13.1700 	EXP 	New trial (rep=0, index=6): OrderedDict([('word', 'satisfactory')])
13.1879 	EXP 	show_condition_text: text = 'satisfactory'
13.1879 	EXP 	show_condition_text: autoDraw = True
13.1884 	EXP 	New trial (rep=0, index=7): OrderedDict([('word', 'throwing')])
13.2067 	EXP 	show_condition_text: text = 'throwing'
13.2067 	EXP 	show_condition_text: autoDraw = True
13.2073 	EXP 	New trial (rep=0, index=8): OrderedDict([('word', 'sad')])
13.2240 	EXP 	show_condition_text: text = 'sad'
13.2240 	EXP 	show_condition_text: autoDraw = True
13.2245 	EXP 	New trial (rep=0, index=9): OrderedDict([('word', 'resorts')])
13.2408 	EXP 	show_condition_text: text = 'resorts'
13.2408 	EXP 	show_condition_text: autoDraw = True
13.2413 	EXP 	New trial (rep=0, index=10): OrderedDict([('word', 'gender')])
13.2690 	EXP 	show_condition_text: text = 'gender'
13.2690 	EXP 	show_condition_text: autoDraw = True
13.2853 	EXP 	show_condition_text: text = '****'
13.2853 	EXP 	show_condition_text: autoDraw = True
13.4559 	DATA 	Keypress: space
13.5691 	EXP 	show_condition_text: autoDraw = False
13.5696 	EXP 	New trial (rep=0, index=7): OrderedDict([('wlist_index', 32)])
13.5730 	EXP 	Imported csvs/32.csv as conditions, 5 conditions, 1 params
13.5733 	EXP 	Created sequence: random, trialTypes=5, nReps=1, seed=None
13.5735 	EXP 	New trial (rep=0, index=0): OrderedDict([('word', 'feedback')])
13.6026 	EXP 	show_condition_text: text = 'feedback'
13.6026 	EXP 	show_condition_text: autoDraw = True
13.6032 	EXP 	New trial (rep=0, index=1): OrderedDict([('word', 'declared')])
13.6190 	EXP 	show_condition_text: text = 'declared'
13.6190 	EXP 	show_condition_text: autoDraw = True
13.6197 	EXP 	New trial (rep=0, index=2): OrderedDict([('word', 'jamaica')])
13.6384 	EXP 	show_condition_text: text = 'jamaica'
13.6384 	EXP 	show_condition_text: autoDraw = True
13.6391 	EXP 	New trial (rep=0, index=3): OrderedDict([('word', 'transport')])
13.6687 	EXP 	show_condition_text: text = 'transport'
13.6687 	EXP 	show_condition_text: autoDraw = True
13.6695 	EXP 	New trial (rep=0, index=4): OrderedDict([('word', 'ranks')])
13.6868 	EXP 	show_condition_text: text = 'ranks'
13.6868 	EXP 	show_condition_text: autoDraw = True
13.7024 	EXP 	show_condition_text: text = '****'
13.7024 	EXP 	show_condition_text: autoDraw = True
13.9219 	DATA 	Keypress: space
14.0516 	EXP 	show_condition_text: autoDraw = False
14.0521 	EXP 	New trial (rep=0, index=1): OrderedDict([('condition', 2)])
14.0548 	EXP 	Imported csvs/condition_2_wlists_indices.csv as conditions, 8 conditions, 1 params
14.0551 	EXP 	Created sequence: random, trialTypes=8, nReps=1, seed=None
14.0553 	EXP 	New trial (rep=0, index=0): OrderedDict([('wlist_index', 20)])
14.0578 	EXP 	Imported csvs/20.csv as conditions, 8 conditions, 1 params
14.0580 	EXP 	Created sequence: random, trialTypes=8, nReps=1, seed=None
14.0582 	EXP 	New trial (rep=0, index=0): OrderedDict([('word', 'services')])
14.0854 	EXP 	show_condition_text: text = 'services'
14.0854 	EXP 	show_condition_text: autoDraw = True
14.0858 	EXP 	New trial (rep=0, index=1): OrderedDict([('word', 'acts')])
14.1023 	EXP 	show_condition_text: text = 'acts'
14.1023 	EXP 	show_condition_text: autoDraw = True
14.1028 	EXP 	New trial (rep=0, index=2): OrderedDict([('word', 'cumshots')])
14.1190 	EXP 	show_condition_text: text = 'cumshots'
14.1190 	EXP 	show_condition_text: autoDraw = True
14.1196 	EXP 	New trial (rep=0, index=3): OrderedDict([('word', 'bacterial')])
14.1358 	EXP 	show_condition_text: text = 'bacterial'
14.1358 	EXP 	show_condition_text: autoDraw = True
14.1364 	EXP 	New trial (rep=0, index=4): OrderedDict([('word', 'cooking')])
14.1519 	EXP 	show_condition_text: text = 'cooking'
14.1519 	EXP 	show_condition_text: autoDraw = True
14.1527 	EXP 	New trial (rep=0, index=5): OrderedDict([('word', 'requests')])
14.1719 	EXP 	show_condition_text: text = 'requests'
14.1719 	EXP 	show_condition_text: autoDraw = True
14.1726 	EXP 	New trial (rep=0, index=6): OrderedDict([('word', 'territories')])
14.2020 	EXP 	show_condition_text: text = 'territories'
14.2020 	EXP 	show_condition_text: autoDraw = True
14.2029 	EXP 	New trial (rep=0, index=7): OrderedDict([('word', 'waiver')])
14.2194 	EXP 	show_condition_text: text = 'waiver'
14.2194 	EXP 	show_condition_text: autoDraw = True
14.2345 	EXP 	show_condition_text: text = '****'
14.2345 	EXP 	show_condition_text: autoDraw = True
14.3218 	DATA 	Keypress: space
14.4526 	EXP 	show_condition_text: autoDraw = False
14.4531 	EXP 	New trial (rep=0, index=1): OrderedDict([('wlist_index', 25)])
14.4568 	EXP 	Imported csvs/25.csv as conditions, 9 conditions, 1 params
14.4571 	EXP 	Created sequence: random, trialTypes=9, nReps=1, seed=None
14.4573 	EXP 	New trial (rep=0, index=0): OrderedDict([('word', 'argument')])
14.4852 	EXP 	show_condition_text: text = 'argument'
14.4852 	EXP 	show_condition_text: autoDraw = True
14.4859 	EXP 	New trial (rep=0, index=1): OrderedDict([('word', 'spank')])
14.5019 	EXP 	show_condition_text: text = 'spank'
14.5019 	EXP 	show_condition_text: autoDraw = True
14.5026 	EXP 	New trial (rep=0, index=2): OrderedDict([('word', 'expect')])
14.5181 	EXP 	show_condition_text: text = 'expect'
14.5181 	EXP 	show_condition_text: autoDraw = True
14.5187 	EXP 	New trial (rep=0, index=3): OrderedDict([('word', 'renew')])
14.5354 	EXP 	show_condition_text: text = 'renew'
14.5354 	EXP 	show_condition_text: autoDraw = True
14.5361 	EXP 	New trial (rep=0, index=4): OrderedDict([('word', 'se')])
14.5523 	EXP 	show_condition_text: text = 'se'
14.5523 	EXP 	show_condition_text: autoDraw = True
14.5530 	EXP 	New trial (rep=0, index=5): OrderedDict([('word', 'altered')])
14.5695 	EXP 	show_condition_text: text = 'altered'
14.5695 	EXP 	show_condition_text: autoDraw = True
14.5703 	EXP 	New trial (rep=0, index=6): OrderedDict([('word', 'secretary')])
14.5879 	EXP 	show_condition_text: text = 'secretary'
14.5879 	EXP 	show_condition_text: autoDraw = True
14.5884 	EXP 	New trial (rep=0, index=7): OrderedDict([('word', 'travels')])
14.6055 	EXP 	show_condition_text: text = 'travels'
14.6055 	EXP 	show_condition_text: autoDraw = True
14.6063 	EXP 	New trial (rep=0, index=8): OrderedDict([('word', 'apr')])
14.6214 	EXP 	show_condition_text: text = 'apr'
14.6214 	EXP 	show_condition_text: autoDraw = True
14.6382 	EXP 	show_condition_text: text = '****'
14.6382 	EXP 	show_condition_text: autoDraw = True
14.7878 	DATA 	Keypress: space
14.8855 	EXP 	show_condition_text: autoDraw = False
14.8859 	EXP 	New trial (rep=0, index=2): OrderedDict([('wlist_index', 26)])
14.8897 	EXP 	Imported csvs/26.csv as conditions, 5 conditions, 1 params
14.8900 	EXP 	Created sequence: random, trialTypes=5, nReps=1, seed=None
14.8904 	EXP 	New trial (rep=0, index=0): OrderedDict([('word', 'portable')])
14.9188 	EXP 	show_condition_text: text = 'portable'
14.9188 	EXP 	show_condition_text: autoDraw = True
14.9193 	EXP 	New trial (rep=0, index=1): OrderedDict([('word', 'lingerie')])
14.9377 	EXP 	show_condition_text: text = 'lingerie'
14.9377 	EXP 	show_condition_text: autoDraw = True
14.9382 	EXP 	New trial (rep=0, index=2): OrderedDict([('word', 'wholesale')])
14.9549 	EXP 	show_condition_text: text = 'wholesale'
14.9549 	EXP 	show_condition_text: autoDraw = True
14.9554 	EXP 	New trial (rep=0, index=3): OrderedDict([('word', 'peace')])
14.9707 	EXP 	show_condition_text: text = 'peace'
14.9707 	EXP 	show_condition_text: autoDraw = True
14.9713 	EXP 	New trial (rep=0, index=4): OrderedDict([('word', 'sheer')])
14.9877 	EXP 	show_condition_text: text = 'sheer'
14.9877 	EXP 	show_condition_text: autoDraw = True
15.0045 	EXP 	show_condition_text: text = '****'
15.0045 	EXP 	show_condition_text: autoDraw = True
15.2208 	DATA 	Keypress: space
15.3349 	EXP 	show_condition_text: autoDraw = False
15.3354 	EXP 	New trial (rep=0, index=3): OrderedDict([('wlist_index', 21)])
15.3387 	EXP 	Imported csvs/21.csv as conditions, 10 conditions, 1 params
15.3390 	EXP 	Created sequence: random, trialTypes=10, nReps=1, seed=None
15.3392 	EXP 	New trial (rep=0, index=0): OrderedDict([('word', 'influence')])
15.3687 	EXP 	show_condition_text: text = 'influence'
15.3687 	EXP 	show_condition_text: autoDraw = True
15.3693 	EXP 	New trial (rep=0, index=1): OrderedDict([('word', 'port')])
15.3857 	EXP 	show_condition_text: text = 'port'
15.3857 	EXP 	show_condition_text: autoDraw = True
15.3866 	EXP 	New trial (rep=0, index=2): OrderedDict([('word', 'discussing')])
15.4050 	EXP 	show_condition_text: text = 'discussing'
15.4050 	EXP 	show_condition_text: autoDraw = True
15.4058 	EXP 	New trial (rep=0, index=3): OrderedDict([('word', 'think')])
15.4226 	EXP 	show_condition_text: text = 'think'
15.4226 	EXP 	show_condition_text: autoDraw = True
15.4232 	EXP 	New trial (rep=0, index=4): OrderedDict([('word', 'analyst')])
15.4519 	EXP 	show_condition_text: text = 'analyst'
15.4519 	EXP 	show_condition_text: autoDraw = True
15.4526 	EXP 	New trial (rep=0, index=5): OrderedDict([('word', 'nasty')])
15.4690 	EXP 	show_condition_text: text = 'nasty'
15.4690 	EXP 	show_condition_text: autoDraw = True
15.4696 	EXP 	New trial (rep=0, index=6): OrderedDict([('word', 'protocol')])
15.4849 	EXP 	show_condition_text: text = 'protocol'
15.4849 	EXP 	show_condition_text: autoDraw = True
15.4856 	EXP 	New trial (rep=0, index=7): OrderedDict([('word', 'alpha')])
15.5017 	EXP 	show_condition_text: text = 'alpha'
15.5017 	EXP 	show_condition_text: autoDraw = True
15.5023 	EXP 	New trial (rep=0, index=8): OrderedDict([('word', 'urls')])
15.5188 	EXP 	show_condition_text: text = 'urls'
15.5188 	EXP 	show_condition_text: autoDraw = True
15.5195 	EXP 	New trial (rep=0, index=9): OrderedDict([('word', 'blend')])
15.5361 	EXP 	show_condition_text: text = 'blend'
15.5361 	EXP 	show_condition_text: autoDraw = True
15.5520 	EXP 	show_condition_text: text = '****'
15.5520 	EXP 	show_condition_text: autoDraw = True
15.7043 	DATA 	Keypress: space
15.8357 	EXP 	show_condition_text: autoDraw = False
15.8361 	EXP 	New trial (rep=0, index=4): OrderedDict([('wlist_index', 19)])
15.8396 	EXP 	Imported csvs/19.csv as conditions, 6 conditions, 1 params
15.8399 	EXP 	Created sequence: random, trialTypes=6, nReps=1, seed=None
15.8402 	EXP 	New trial (rep=0, index=0): OrderedDict([('word', 'miniature')])
15.8689 	EXP 	show_condition_text: text = 'miniature'
15.8689 	EXP 	show_condition_text: autoDraw = True
15.8694 	EXP 	New trial (rep=0, index=1): OrderedDict([('word', 'acc')])
15.8860 	EXP 	show_condition_text: text = 'acc'
15.8860 	EXP 	show_condition_text: autoDraw = True
15.8867 	EXP 	New trial (rep=0, index=2): OrderedDict([('word', 'il')])
15.9020 	EXP 	show_condition_text: text = 'il'
15.9020 	EXP 	show_condition_text: autoDraw = True
15.9025 	EXP 	New trial (rep=0, index=3): OrderedDict([('word', 'lowest')])
15.9187 	EXP 	show_condition_text: text = 'lowest'
15.9187 	EXP 	show_condition_text: autoDraw = True
15.9193 	EXP 	New trial (rep=0, index=4): OrderedDict([('word', 'hiring')])
15.9354 	EXP 	show_condition_text: text = 'hiring'
15.9354 	EXP 	show_condition_text: autoDraw = True
15.9361 	EXP 	New trial (rep=0, index=5): OrderedDict([('word', 'academics')])
15.9538 	EXP 	show_condition_text: text = 'academics'
15.9538 	EXP 	show_condition_text: autoDraw = True
15.9689 	EXP 	show_condition_text: text = '****'
15.9689 	EXP 	show_condition_text: autoDraw = True
16.1551 	DATA 	Keypress: space
16.2856 	EXP 	show_condition_text: autoDraw = False
16.2860 	EXP 	New trial (rep=0, index=5): OrderedDict([('wlist_index', 23)])
16.2891 	EXP 	Imported csvs/23.csv as conditions, 6 conditions, 1 params
16.2894 	EXP 	Created sequence: random, trialTypes=6, nReps=1, seed=None
16.2895 	EXP 	New trial (rep=0, index=0): OrderedDict([('word', 'shelf')])
16.3056 	EXP 	show_condition_text: text = 'shelf'
16.3056 	EXP 	show_condition_text: autoDraw = True
16.3062 	EXP 	New trial (rep=0, index=1): OrderedDict([('word', 'horror')])
16.3233 	EXP 	show_condition_text: text = 'horror'
16.3233 	EXP 	show_condition_text: autoDraw = True
16.3238 	EXP 	New trial (rep=0, index=2): OrderedDict([('word', 'efficient')])
16.3519 	EXP 	show_condition_text: text = 'efficient'
16.3519 	EXP 	show_condition_text: autoDraw = True
16.3524 	EXP 	New trial (rep=0, index=3): OrderedDict([('word', 'easy')])
16.3679 	EXP 	show_condition_text: text = 'easy'
16.3679 	EXP 	show_condition_text: autoDraw = True
16.3685 	EXP 	New trial (rep=0, index=4): OrderedDict([('word', 'sponsors')])
16.3854 	EXP 	show_condition_text: text = 'sponsors'
16.3854 	EXP 	show_condition_text: autoDraw = True
16.3860 	EXP 	New trial (rep=0, index=5): OrderedDict([('word', 'info')])
16.4021 	EXP 	show_condition_text: text = 'info'
16.4021 	EXP 	show_condition_text: autoDraw = True
16.4185 	EXP 	show_condition_text: text = '****'
16.4185 	EXP 	show_condition_text: autoDraw = True
16.5717 	DATA 	Keypress: space
16.7025 	EXP 	show_condition_text: autoDraw = False
16.7030 	EXP 	New trial (rep=0, index=6): OrderedDict([('wlist_index', 10)])
16.7065 	EXP 	Imported csvs/10.csv as conditions, 7 conditions, 1 params
16.7068 	EXP 	Created sequence: random, trialTypes=7, nReps=1, seed=None
16.7070 	EXP 	New trial (rep=0, index=0): OrderedDict([('word', 'magnificent')])
16.7346 	EXP 	show_condition_text: text = 'magnificent'
16.7346 	EXP 	show_condition_text: autoDraw = True
16.7352 	EXP 	New trial (rep=0, index=1): OrderedDict([('word', 'evaluating')])
16.7531 	EXP 	show_condition_text: text = 'evaluating'
16.7531 	EXP 	show_condition_text: autoDraw = True
16.7537 	EXP 	New trial (rep=0, index=2): OrderedDict([('word', 'muscle')])
16.7687 	EXP 	show_condition_text: text = 'muscle'
16.7687 	EXP 	show_condition_text: autoDraw = True
16.7693 	EXP 	New trial (rep=0, index=3): OrderedDict([('word', 'bind')])
16.7852 	EXP 	show_condition_text: text = 'bind'
16.7852 	EXP 	show_condition_text: autoDraw = True
16.7857 	EXP 	New trial (rep=0, index=4): OrderedDict([('word', 'glasses')])
16.8020 	EXP 	show_condition_text: text = 'glasses'
16.8020 	EXP 	show_condition_text: autoDraw = True
16.8025 	EXP 	New trial (rep=0, index=5): OrderedDict([('word', 'facial')])
16.8193 	EXP 	show_condition_text: text = 'facial'
16.8193 	EXP 	show_condition_text: autoDraw = True
16.8198 	EXP 	New trial (rep=0, index=6): OrderedDict([('word', 'endless')])
16.8357 	EXP 	show_condition_text: text = 'endless'
16.8357 	EXP 	show_condition_text: autoDraw = True
16.8513 	EXP 	show_condition_text: text = '****'
16.8513 	EXP 	show_condition_text: autoDraw = True
16.9712 	DATA 	Keypress: space
17.1020 	EXP 	show_condition_text: autoDraw = False
17.1024 	EXP 	New trial (rep=0, index=7): OrderedDict([('wlist_index', 8)])
17.1064 	EXP 	Imported csvs/8.csv as conditions, 11 conditions, 1 params
17.1067 	EXP 	Created sequence: random, trialTypes=11, nReps=1, seed=None
17.1069 	EXP 	New trial (rep=0, index=0): OrderedDict([('word', 'luke')])
17.1210 	EXP 	show_condition_text: text = 'luke'
17.1210 	EXP 	show_condition_text: autoDraw = True
17.1216 	EXP 	New trial (rep=0, index=1): OrderedDict([('word', 'wellness')])
17.1380 	EXP 	show_condition_text: text = 'wellness'
17.1380 	EXP 	show_condition_text: autoDraw = True
17.1386 	EXP 	New trial (rep=0, index=2): OrderedDict([('word', 'basics')])
17.1557 	EXP 	show_condition_text: text = 'basics'
17.1557 	EXP 	show_condition_text: autoDraw = True
17.1562 	EXP 	New trial (rep=0, index=3): OrderedDict([('word', 'canberra')])
17.1732 	EXP 	show_condition_text: text = 'canberra'
17.1732 	EXP 	show_condition_text: autoDraw = True
17.1740 	EXP 	New trial (rep=0, index=4): OrderedDict([('word', 'eddie')])
17.2023 	EXP 	show_condition_text: text = 'eddie'
17.2023 	EXP 	show_condition_text: autoDraw = True
17.2029 	EXP 	New trial (rep=0, index=5): OrderedDict([('word', 'follows')])
17.2193 	EXP 	show_condition_text: text = 'follows'
17.2193 	EXP 	show_condition_text: autoDraw = True
17.2198 	EXP 	New trial (rep=0, index=6): OrderedDict([('word', 'sir')])
17.2352 	EXP 	show_condition_text: text = 'sir'
17.2352 	EXP 	show_condition_text: autoDraw = True
17.2357 	EXP 	New trial (rep=0, index=7): OrderedDict([('word', 'educated')])
17.2517 	EXP 	show_condition_text: text = 'educated'
17.2517 	EXP 	show_condition_text: autoDraw = True
17.2523 	EXP 	New trial (rep=0, index=8): OrderedDict([('word', 'operate')])
17.2692 	EXP 	show_condition_text: text = 'operate'
17.2692 	EXP 	show_condition_text: autoDraw = True
17.2698 	EXP 	New trial (rep=0, index=9): OrderedDict([('word', 'elections')])
17.2886 	EXP 	show_condition_text: text = 'elections'
17.2886 	EXP 	show_condition_text: autoDraw = True
17.2893 	EXP 	New trial (rep=0, index=10): OrderedDict([('word', 'draft')])
17.3058 	EXP 	show_condition_text: text = 'draft'
17.3058 	EXP 	show_condition_text: autoDraw = True
17.3209 	EXP 	show_condition_text: text = '****'
17.3209 	EXP 	show_condition_text: autoDraw = True
17.3720 	DATA 	Keypress: space
17.5187 	EXP 	show_condition_text: autoDraw = False
17.5193 	EXP 	New trial (rep=0, index=2): OrderedDict([('condition', 4)])
17.5232 	EXP 	Imported csvs/condition_4_wlists_indices.csv as conditions, 8 conditions, 1 params
17.5235 	EXP 	Created sequence: random, trialTypes=8, nReps=1, seed=None
17.5237 	EXP 	New trial (rep=0, index=0): OrderedDict([('wlist_index', 24)])
17.5265 	EXP 	Imported csvs/24.csv as conditions, 8 conditions, 1 params
17.5268 	EXP 	Created sequence: random, trialTypes=8, nReps=1, seed=None
17.5270 	EXP 	New trial (rep=0, index=0): OrderedDict([('word', 'cabinets')])
17.5524 	EXP 	show_condition_text: text = 'cabinets'
17.5524 	EXP 	show_condition_text: autoDraw = True
17.5531 	EXP 	New trial (rep=0, index=1): OrderedDict([('word', 'technologies')])
17.5720 	EXP 	show_condition_text: text = 'technologies'
17.5720 	EXP 	show_condition_text: autoDraw = True
17.5728 	EXP 	New trial (rep=0, index=2): OrderedDict([('word', 'grab')])
17.5895 	EXP 	show_condition_text: text = 'grab'
17.5895 	EXP 	show_condition_text: autoDraw = True
17.5901 	EXP 	New trial (rep=0, index=3): OrderedDict([('word', 'bit')])
17.6188 	EXP 	show_condition_text: text = 'bit'
17.6188 	EXP 	show_condition_text: autoDraw = True
17.6194 	EXP 	New trial (rep=0, index=4): OrderedDict([('word', 'albany')])
17.6368 	EXP 	show_condition_text: text = 'albany'
17.6368 	EXP 	show_condition_text: autoDraw = True
17.6374 	EXP 	New trial (rep=0, index=5): OrderedDict([('word', 'everyone')])
17.6689 	EXP 	show_condition_text: text = 'everyone'
17.6689 	EXP 	show_condition_text: autoDraw = True
17.6695 	EXP 	New trial (rep=0, index=6): OrderedDict([('word', 'general')])
17.6862 	EXP 	show_condition_text: text = 'general'
17.6862 	EXP 	show_condition_text: autoDraw = True
17.6870 	EXP 	New trial (rep=0, index=7): OrderedDict([('word', 'listening')])
17.7059 	EXP 	show_condition_text: text = 'listening'
17.7059 	EXP 	show_condition_text: autoDraw = True
17.7211 	EXP 	show_condition_text: text = '****'
17.7211 	EXP 	show_condition_text: autoDraw = True
17.8217 	DATA 	Keypress: space
17.9522 	EXP 	show_condition_text: autoDraw = False
17.9527 	EXP 	New trial (rep=0, index=1): OrderedDict([('wlist_index', 5)])
17.9566 	EXP 	Imported csvs/5.csv as conditions, 7 conditions, 1 params
17.9569 	EXP 	Created sequence: random, trialTypes=7, nReps=1, seed=None
17.9571 	EXP 	New trial (rep=0, index=0): OrderedDict([('word', 'mediterranean')])
17.9853 	EXP 	show_condition_text: text = 'mediterranean'
17.9853 	EXP 	show_condition_text: autoDraw = True
17.9859 	EXP 	New trial (rep=0, index=1): OrderedDict([('word', 'acceptance')])
18.0024 	EXP 	show_condition_text: text = 'acceptance'
18.0024 	EXP 	show_condition_text: autoDraw = True
18.0030 	EXP 	New trial (rep=0, index=2): OrderedDict([('word', 'charitable')])
18.0219 	EXP 	show_condition_text: text = 'charitable'
18.0219 	EXP 	show_condition_text: autoDraw = True
18.0224 	EXP 	New trial (rep=0, index=3): OrderedDict([('word', 'specialties')])
18.0518 	EXP 	show_condition_text: text = 'specialties'
18.0518 	EXP 	show_condition_text: autoDraw = True
18.0523 	EXP 	New trial (rep=0, index=4): OrderedDict([('word', 'physics')])
18.0700 	EXP 	show_condition_text: text = 'physics'
18.0700 	EXP 	show_condition_text: autoDraw = True
18.0705 	EXP 	New trial (rep=0, index=5): OrderedDict([('word', 'access')])
18.0855 	EXP 	show_condition_text: text = 'access'
18.0855 	EXP 	show_condition_text: autoDraw = True
18.0860 	EXP 	New trial (rep=0, index=6): OrderedDict([('word', 'typically')])
18.1053 	EXP 	show_condition_text: text = 'typically'
18.1053 	EXP 	show_condition_text: autoDraw = True
18.1196 	EXP 	show_condition_text: text = '****'
18.1196 	EXP 	show_condition_text: autoDraw = True
18.2718 	DATA 	Keypress: space
18.4022 	EXP 	show_condition_text: autoDraw = False
18.4027 	EXP 	New trial (rep=0, index=2): OrderedDict([('wlist_index', 4)])
18.4058 	EXP 	Imported csvs/4.csv as conditions, 11 conditions, 1 params
18.4062 	EXP 	Created sequence: random, trialTypes=11, nReps=1, seed=None
18.4064 	EXP 	New trial (rep=0, index=0): OrderedDict([('word', 'interim')])
18.4236 	EXP 	show_condition_text: text = 'interim'
18.4236 	EXP 	show_condition_text: autoDraw = True
18.4241 	EXP 	New trial (rep=0, index=1): OrderedDict([('word', 'always')])
18.4525 	EXP 	show_condition_text: text = 'always'
18.4525 	EXP 	show_condition_text: autoDraw = True
18.4531 	EXP 	New trial (rep=0, index=2): OrderedDict([('word', 'southampton')])
18.4701 	EXP 	show_condition_text: text = 'southampton'
18.4701 	EXP 	show_condition_text: autoDraw = True
18.4715 	EXP 	New trial (rep=0, index=3): OrderedDict([('word', 'phantom')])
18.4900 	EXP 	show_condition_text: text = 'phantom'
18.4900 	EXP 	show_condition_text: autoDraw = True
18.4906 	EXP 	New trial (rep=0, index=4): OrderedDict([('word', 'technology')])
18.5187 	EXP 	show_condition_text: text = 'technology'
18.5187 	EXP 	show_condition_text: autoDraw = True
18.5192 	EXP 	New trial (rep=0, index=5): OrderedDict([('word', 'aka')])
18.5352 	EXP 	show_condition_text: text = 'aka'
18.5352 	EXP 	show_condition_text: autoDraw = True
18.5357 	EXP 	New trial (rep=0, index=6): OrderedDict([('word', 'famous')])
18.5524 	EXP 	show_condition_text: text = 'famous'
18.5524 	EXP 	show_condition_text: autoDraw = True
18.5529 	EXP 	New trial (rep=0, index=7): OrderedDict([('word', 'diy')])
18.5688 	EXP 	show_condition_text: text = 'diy'
18.5688 	EXP 	show_condition_text: autoDraw = True
18.5697 	EXP 	New trial (rep=0, index=8): OrderedDict([('word', 'groups')])
18.5863 	EXP 	show_condition_text: text = 'groups'
18.5863 	EXP 	show_condition_text: autoDraw = True
18.5869 	EXP 	New trial (rep=0, index=9): OrderedDict([('word', 'knows')])
18.6045 	EXP 	show_condition_text: text = 'knows'
18.6045 	EXP 	show_condition_text: autoDraw = True
18.6051 	EXP 	New trial (rep=0, index=10): OrderedDict([('word', 'merit')])
18.6224 	EXP 	show_condition_text: text = 'merit'
18.6224 	EXP 	show_condition_text: autoDraw = True
18.6389 	EXP 	show_condition_text: text = '****'
18.6389 	EXP 	show_condition_text: autoDraw = True
18.6874 	DATA 	Keypress: space
18.8353 	EXP 	show_condition_text: autoDraw = False
18.8357 	EXP 	New trial (rep=0, index=3): OrderedDict([('wlist_index', 6)])
18.8388 	EXP 	Imported csvs/6.csv as conditions, 9 conditions, 1 params
18.8391 	EXP 	Created sequence: random, trialTypes=9, nReps=1, seed=None
18.8393 	EXP 	New trial (rep=0, index=0): OrderedDict([('word', 'landscape')])
18.8556 	EXP 	show_condition_text: text = 'landscape'
18.8556 	EXP 	show_condition_text: autoDraw = True
18.8561 	EXP 	New trial (rep=0, index=1): OrderedDict([('word', 'showers')])
18.8857 	EXP 	show_condition_text: text = 'showers'
18.8857 	EXP 	show_condition_text: autoDraw = True
18.8862 	EXP 	New trial (rep=0, index=2): OrderedDict([('word', 'futures')])
18.9019 	EXP 	show_condition_text: text = 'futures'
18.9019 	EXP 	show_condition_text: autoDraw = True
18.9024 	EXP 	New trial (rep=0, index=3): OrderedDict([('word', 'sole')])
18.9188 	EXP 	show_condition_text: text = 'sole'
18.9188 	EXP 	show_condition_text: autoDraw = True
18.9193 	EXP 	New trial (rep=0, index=4): OrderedDict([('word', 'findlaw')])
18.9352 	EXP 	show_condition_text: text = 'findlaw'
18.9352 	EXP 	show_condition_text: autoDraw = True
18.9357 	EXP 	New trial (rep=0, index=5): OrderedDict([('word', 'jose')])
18.9521 	EXP 	show_condition_text: text = 'jose'
18.9521 	EXP 	show_condition_text: autoDraw = True
18.9526 	EXP 	New trial (rep=0, index=6): OrderedDict([('word', 'colonial')])
18.9687 	EXP 	show_condition_text: text = 'colonial'
18.9687 	EXP 	show_condition_text: autoDraw = True
18.9692 	EXP 	New trial (rep=0, index=7): OrderedDict([('word', 'enjoyed')])
18.9859 	EXP 	show_condition_text: text = 'enjoyed'
18.9859 	EXP 	show_condition_text: autoDraw = True
18.9864 	EXP 	New trial (rep=0, index=8): OrderedDict([('word', 'data')])
19.0016 	EXP 	show_condition_text: text = 'data'
19.0016 	EXP 	show_condition_text: autoDraw = True
19.0189 	EXP 	show_condition_text: text = '****'
19.0189 	EXP 	show_condition_text: autoDraw = True
19.1708 	DATA 	Keypress: space
19.3016 	EXP 	show_condition_text: autoDraw = False
19.3022 	EXP 	New trial (rep=0, index=4): OrderedDict([('wlist_index', 7)])
19.3058 	EXP 	Imported csvs/7.csv as conditions, 9 conditions, 1 params
19.3061 	EXP 	Created sequence: random, trialTypes=9, nReps=1, seed=None
19.3064 	EXP 	New trial (rep=0, index=0): OrderedDict([('word', 'dick')])
19.3226 	EXP 	show_condition_text: text = 'dick'
19.3226 	EXP 	show_condition_text: autoDraw = True
19.3232 	EXP 	New trial (rep=0, index=1): OrderedDict([('word', 'nottingham')])
19.3519 	EXP 	show_condition_text: text = 'nottingham'
19.3519 	EXP 	show_condition_text: autoDraw = True
19.3525 	EXP 	New trial (rep=0, index=2): OrderedDict([('word', 'enquiry')])
19.3696 	EXP 	show_condition_text: text = 'enquiry'
19.3696 	EXP 	show_condition_text: autoDraw = True
19.3701 	EXP 	New trial (rep=0, index=3): OrderedDict([('word', 'self')])
19.3849 	EXP 	show_condition_text: text = 'self'
19.3849 	EXP 	show_condition_text: autoDraw = True
19.3853 	EXP 	New trial (rep=0, index=4): OrderedDict([('word', 'directors')])
19.4021 	EXP 	show_condition_text: text = 'directors'
19.4021 	EXP 	show_condition_text: autoDraw = True
19.4029 	EXP 	New trial (rep=0, index=5): OrderedDict([('word', 'bubble')])
19.4211 	EXP 	show_condition_text: text = 'bubble'
19.4211 	EXP 	show_condition_text: autoDraw = True
19.4217 	EXP 	New trial (rep=0, index=6): OrderedDict([('word', 'actual')])
19.4359 	EXP 	show_condition_text: text = 'actual'
19.4359 	EXP 	show_condition_text: autoDraw = True
19.4365 	EXP 	New trial (rep=0, index=7): OrderedDict([('word', 'wallet')])
19.4543 	EXP 	show_condition_text: text = 'wallet'
19.4543 	EXP 	show_condition_text: autoDraw = True
19.4549 	EXP 	New trial (rep=0, index=8): OrderedDict([('word', 'secure')])
19.4688 	EXP 	show_condition_text: text = 'secure'
19.4688 	EXP 	show_condition_text: autoDraw = True
19.4849 	EXP 	show_condition_text: text = '****'
19.4849 	EXP 	show_condition_text: autoDraw = True
19.6208 	DATA 	Keypress: space
19.7520 	EXP 	show_condition_text: autoDraw = False
19.7524 	EXP 	New trial (rep=0, index=5): OrderedDict([('wlist_index', 16)])
19.7552 	EXP 	Imported csvs/16.csv as conditions, 7 conditions, 1 params
19.7555 	EXP 	Created sequence: random, trialTypes=7, nReps=1, seed=None
19.7557 	EXP 	New trial (rep=0, index=0): OrderedDict([('word', 'are')])
19.7695 	EXP 	show_condition_text: text = 'are'
19.7695 	EXP 	show_condition_text: autoDraw = True
19.7700 	EXP 	New trial (rep=0, index=1): OrderedDict([('word', 'singh')])
19.7858 	EXP 	show_condition_text: text = 'singh'
19.7858 	EXP 	show_condition_text: autoDraw = True
19.7862 	EXP 	New trial (rep=0, index=2): OrderedDict([('word', 'usage')])
19.8020 	EXP 	show_condition_text: text = 'usage'
19.8020 	EXP 	show_condition_text: autoDraw = True
19.8026 	EXP 	New trial (rep=0, index=3): OrderedDict([('word', 'estimates')])
19.8187 	EXP 	show_condition_text: text = 'estimates'
19.8187 	EXP 	show_condition_text: autoDraw = True
19.8193 	EXP 	New trial (rep=0, index=4): OrderedDict([('word', 'activated')])
19.8376 	EXP 	show_condition_text: text = 'activated'
19.8376 	EXP 	show_condition_text: autoDraw = True
19.8381 	EXP 	New trial (rep=0, index=5): OrderedDict([('word', 'original')])
19.8549 	EXP 	show_condition_text: text = 'original'
19.8549 	EXP 	show_condition_text: autoDraw = True
19.8554 	EXP 	New trial (rep=0, index=6): OrderedDict([('word', 'moscow')])
19.8713 	EXP 	show_condition_text: text = 'moscow'
19.8713 	EXP 	show_condition_text: autoDraw = True
19.8856 	EXP 	show_condition_text: text = '****'
19.8856 	EXP 	show_condition_text: autoDraw = True
20.0378 	DATA 	Keypress: space
20.1684 	EXP 	show_condition_text: autoDraw = False
20.1688 	EXP 	New trial (rep=0, index=6): OrderedDict([('wlist_index', 18)])
20.1723 	EXP 	Imported csvs/18.csv as conditions, 9 conditions, 1 params
20.1726 	EXP 	Created sequence: random, trialTypes=9, nReps=1, seed=None
20.1728 	EXP 	New trial (rep=0, index=0): OrderedDict([('word', 'bosnia')])
20.2015 	EXP 	show_condition_text: text = 'bosnia'
20.2015 	EXP 	show_condition_text: autoDraw = True
20.2022 	EXP 	New trial (rep=0, index=1): OrderedDict([('word', 'cardiff')])
20.2196 	EXP 	show_condition_text: text = 'cardiff'
20.2196 	EXP 	show_condition_text: autoDraw = True
20.2201 	EXP 	New trial (rep=0, index=2): OrderedDict([('word', 'nominated')])
20.2858 	EXP 	show_condition_text: text = 'nominated'
20.2858 	EXP 	show_condition_text: autoDraw = True
20.2865 	EXP 	New trial (rep=0, index=3): OrderedDict([('word', 'present')])
20.3024 	EXP 	show_condition_text: text = 'present'
20.3024 	EXP 	show_condition_text: autoDraw = True
20.3031 	EXP 	New trial (rep=0, index=4): OrderedDict([('word', 'nicaragua')])
20.3211 	EXP 	show_condition_text: text = 'nicaragua'
20.3211 	EXP 	show_condition_text: autoDraw = True
20.3216 	EXP 	New trial (rep=0, index=5): OrderedDict([('word', 'jaguar')])
20.3390 	EXP 	show_condition_text: text = 'jaguar'
20.3390 	EXP 	show_condition_text: autoDraw = True
20.3395 	EXP 	New trial (rep=0, index=6): OrderedDict([('word', 'longer')])
20.3556 	EXP 	show_condition_text: text = 'longer'
20.3556 	EXP 	show_condition_text: autoDraw = True
20.3561 	EXP 	New trial (rep=0, index=7): OrderedDict([('word', 'geographical')])
20.3851 	EXP 	show_condition_text: text = 'geographical'
20.3851 	EXP 	show_condition_text: autoDraw = True
20.3857 	EXP 	New trial (rep=0, index=8): OrderedDict([('word', 'stan')])
20.4017 	EXP 	show_condition_text: text = 'stan'
20.4017 	EXP 	show_condition_text: autoDraw = True
20.4179 	EXP 	show_condition_text: text = '****'
20.4179 	EXP 	show_condition_text: autoDraw = True
20.4710 	DATA 	Keypress: space
20.6013 	EXP 	show_condition_text: autoDraw = False
20.6019 	EXP 	New trial (rep=0, index=7): OrderedDict([('wlist_index', 14)])
20.6053 	EXP 	Imported csvs/14.csv as conditions, 9 conditions, 1 params
20.6056 	EXP 	Created sequence: random, trialTypes=9, nReps=1, seed=None
20.6058 	EXP 	New trial (rep=0, index=0): OrderedDict([('word', 'debt')])
20.6215 	EXP 	show_condition_text: text = 'debt'
20.6215 	EXP 	show_condition_text: autoDraw = True
20.6219 	EXP 	New trial (rep=0, index=1): OrderedDict([('word', 'bangladesh')])
20.6398 	EXP 	show_condition_text: text = 'bangladesh'
20.6398 	EXP 	show_condition_text: autoDraw = True
20.6403 	EXP 	New trial (rep=0, index=2): OrderedDict([('word', 'ranch')])
20.6691 	EXP 	show_condition_text: text = 'ranch'
20.6691 	EXP 	show_condition_text: autoDraw = True
20.6697 	EXP 	New trial (rep=0, index=3): OrderedDict([('word', 'hardly')])
20.6855 	EXP 	show_condition_text: text = 'hardly'
20.6855 	EXP 	show_condition_text: autoDraw = True
20.6860 	EXP 	New trial (rep=0, index=4): OrderedDict([('word', 'surround')])
20.7022 	EXP 	show_condition_text: text = 'surround'
20.7022 	EXP 	show_condition_text: autoDraw = True
20.7028 	EXP 	New trial (rep=0, index=5): OrderedDict([('word', 'ho')])
20.7188 	EXP 	show_condition_text: text = 'ho'
20.7188 	EXP 	show_condition_text: autoDraw = True
20.7193 	EXP 	New trial (rep=0, index=6): OrderedDict([('word', 'rights')])
20.7352 	EXP 	show_condition_text: text = 'rights'
20.7352 	EXP 	show_condition_text: autoDraw = True
20.7357 	EXP 	New trial (rep=0, index=7): OrderedDict([('word', 'breast')])
20.7521 	EXP 	show_condition_text: text = 'breast'
20.7521 	EXP 	show_condition_text: autoDraw = True
20.7526 	EXP 	New trial (rep=0, index=8): OrderedDict([('word', 'handles')])
20.7689 	EXP 	show_condition_text: text = 'handles'
20.7689 	EXP 	show_condition_text: autoDraw = True
20.7850 	EXP 	show_condition_text: text = '****'
20.7850 	EXP 	show_condition_text: autoDraw = True
20.8879 	DATA 	Keypress: space
21.0358 	EXP 	show_condition_text: autoDraw = False
21.0362 	EXP 	New trial (rep=0, index=3): OrderedDict([('condition', 1)])
21.0391 	EXP 	Imported csvs/condition_1_wlists_indices.csv as conditions, 8 conditions, 1 params
21.0394 	EXP 	Created sequence: random, trialTypes=8, nReps=1, seed=None
21.0396 	EXP 	New trial (rep=0, index=0): OrderedDict([('wlist_index', 13)])
21.0426 	EXP 	Imported csvs/13.csv as conditions, 7 conditions, 1 params
21.0429 	EXP 	Created sequence: random, trialTypes=7, nReps=1, seed=None
21.0432 	EXP 	New trial (rep=0, index=0): OrderedDict([('word', 'scanned')])
21.0683 	EXP 	show_condition_text: text = 'scanned'
21.0683 	EXP 	show_condition_text: autoDraw = True
21.0689 	EXP 	New trial (rep=0, index=1): OrderedDict([('word', 'township')])
21.0868 	EXP 	show_condition_text: text = 'township'
21.0868 	EXP 	show_condition_text: autoDraw = True
21.0875 	EXP 	New trial (rep=0, index=2): OrderedDict([('word', 'deaths')])
21.1045 	EXP 	show_condition_text: text = 'deaths'
21.1045 	EXP 	show_condition_text: autoDraw = True
21.1050 	EXP 	New trial (rep=0, index=3): OrderedDict([('word', 'guild')])
21.1229 	EXP 	show_condition_text: text = 'guild'
21.1229 	EXP 	show_condition_text: autoDraw = True
21.1234 	EXP 	New trial (rep=0, index=4): OrderedDict([('word', 'poems')])
21.1381 	EXP 	show_condition_text: text = 'poems'
21.1381 	EXP 	show_condition_text: autoDraw = True
21.1386 	EXP 	New trial (rep=0, index=5): OrderedDict([('word', 'complications')])
21.1680 	EXP 	show_condition_text: text = 'complications'
21.1680 	EXP 	show_condition_text: autoDraw = True
21.1686 	EXP 	New trial (rep=0, index=6): OrderedDict([('word', 'measures')])
21.1845 	EXP 	show_condition_text: text = 'measures'
21.1845 	EXP 	show_condition_text: autoDraw = True
21.2014 	EXP 	show_condition_text: text = '****'
21.2014 	EXP 	show_condition_text: autoDraw = True
21.3554 	DATA 	Keypress: space
21.4858 	EXP 	show_condition_text: autoDraw = False
21.4863 	EXP 	New trial (rep=0, index=1): OrderedDict([('wlist_index', 2)])
21.4905 	EXP 	Imported csvs/2.csv as conditions, 8 conditions, 1 params
21.4909 	EXP 	Created sequence: random, trialTypes=8, nReps=1, seed=None
21.4912 	EXP 	New trial (rep=0, index=0): OrderedDict([('word', 'representation')])
21.5180 	EXP 	show_condition_text: text = 'representation'
21.5180 	EXP 	show_condition_text: autoDraw = True
21.5187 	EXP 	New trial (rep=0, index=1): OrderedDict([('word', 'xl')])
21.5355 	EXP 	show_condition_text: text = 'xl'
21.5355 	EXP 	show_condition_text: autoDraw = True
21.5360 	EXP 	New trial (rep=0, index=2): OrderedDict([('word', 'noble')])
21.5535 	EXP 	show_condition_text: text = 'noble'
21.5535 	EXP 	show_condition_text: autoDraw = True
21.5541 	EXP 	New trial (rep=0, index=3): OrderedDict([('word', 'look')])
21.5686 	EXP 	show_condition_text: text = 'look'
21.5686 	EXP 	show_condition_text: autoDraw = True
21.5693 	EXP 	New trial (rep=0, index=4): OrderedDict([('word', 'assessed')])
21.5853 	EXP 	show_condition_text: text = 'assessed'
21.5853 	EXP 	show_condition_text: autoDraw = True
21.5859 	EXP 	New trial (rep=0, index=5): OrderedDict([('word', 'milfhunter')])
21.6180 	EXP 	show_condition_text: text = 'milfhunter'
21.6180 	EXP 	show_condition_text: autoDraw = True
21.6185 	EXP 	New trial (rep=0, index=6): OrderedDict([('word', 'guide')])
21.6366 	EXP 	show_condition_text: text = 'guide'
21.6366 	EXP 	show_condition_text: autoDraw = True
21.6372 	EXP 	New trial (rep=0, index=7): OrderedDict([('word', 'protected')])
21.6526 	EXP 	show_condition_text: text = 'protected'
21.6526 	EXP 	show_condition_text: autoDraw = True
21.6683 	EXP 	show_condition_text: text = '****'
21.6683 	EXP 	show_condition_text: autoDraw = True
21.7557 	DATA 	Keypress: space
21.9017 	EXP 	show_condition_text: autoDraw = False
21.9021 	EXP 	New trial (rep=0, index=2): OrderedDict([('wlist_index', 9)])
21.9050 	EXP 	Imported csvs/9.csv as conditions, 6 conditions, 1 params
21.9053 	EXP 	Created sequence: random, trialTypes=6, nReps=1, seed=None
21.9054 	EXP 	New trial (rep=0, index=0): OrderedDict([('word', 'titled')])
21.9217 	EXP 	show_condition_text: text = 'titled'
21.9217 	EXP 	show_condition_text: autoDraw = True
21.9223 	EXP 	New trial (rep=0, index=1): OrderedDict([('word', 'plane')])
21.9391 	EXP 	show_condition_text: text = 'plane'
21.9391 	EXP 	show_condition_text: autoDraw = True
21.9399 	EXP 	New trial (rep=0, index=2): OrderedDict([('word', 'sing')])
21.9680 	EXP 	show_condition_text: text = 'sing'
21.9680 	EXP 	show_condition_text: autoDraw = True
21.9686 	EXP 	New trial (rep=0, index=3): OrderedDict([('word', 'continuing')])
21.9881 	EXP 	show_condition_text: text = 'continuing'
21.9881 	EXP 	show_condition_text: autoDraw = True
21.9886 	EXP 	New trial (rep=0, index=4): OrderedDict([('word', 'stuck')])
22.0029 	EXP 	show_condition_text: text = 'stuck'
22.0029 	EXP 	show_condition_text: autoDraw = True
22.0036 	EXP 	New trial (rep=0, index=5): OrderedDict([('word', 'bitch')])
22.0199 	EXP 	show_condition_text: text = 'bitch'
22.0199 	EXP 	show_condition_text: autoDraw = True
22.0352 	EXP 	show_condition_text: text = '****'
22.0352 	EXP 	show_condition_text: autoDraw = True
22.2051 	DATA 	Keypress: space
22.3356 	EXP 	show_condition_text: autoDraw = False
22.3360 	EXP 	New trial (rep=0, index=3): OrderedDict([('wlist_index', 17)])
22.3389 	EXP 	Imported csvs/17.csv as conditions, 10 conditions, 1 params
22.3391 	EXP 	Created sequence: random, trialTypes=10, nReps=1, seed=None
22.3393 	EXP 	New trial (rep=0, index=0): OrderedDict([('word', 'places')])
22.3545 	EXP 	show_condition_text: text = 'places'
22.3545 	EXP 	show_condition_text: autoDraw = True
22.3550 	EXP 	New trial (rep=0, index=1): OrderedDict([('word', 'sally')])
22.3713 	EXP 	show_condition_text: text = 'sally'
22.3713 	EXP 	show_condition_text: autoDraw = True
22.3719 	EXP 	New trial (rep=0, index=2): OrderedDict([('word', 'accept')])
22.3879 	EXP 	show_condition_text: text = 'accept'
22.3879 	EXP 	show_condition_text: autoDraw = True
22.3884 	EXP 	New trial (rep=0, index=3): OrderedDict([('word', 'map')])
22.4021 	EXP 	show_condition_text: text = 'map'
22.4021 	EXP 	show_condition_text: autoDraw = True
22.4028 	EXP 	New trial (rep=0, index=4): OrderedDict([('word', 'charging')])
22.4194 	EXP 	show_condition_text: text = 'charging'
22.4194 	EXP 	show_condition_text: autoDraw = True
22.4199 	EXP 	New trial (rep=0, index=5): OrderedDict([('word', 'adaptor')])
22.4348 	EXP 	show_condition_text: text = 'adaptor'
22.4348 	EXP 	show_condition_text: autoDraw = True
22.4354 	EXP 	New trial (rep=0, index=6): OrderedDict([('word', 'penetration')])
22.4533 	EXP 	show_condition_text: text = 'penetration'
22.4533 	EXP 	show_condition_text: autoDraw = True
22.4541 	EXP 	New trial (rep=0, index=7): OrderedDict([('word', 'talent')])
22.4726 	EXP 	show_condition_text: text = 'talent'
22.4726 	EXP 	show_condition_text: autoDraw = True
22.4732 	EXP 	New trial (rep=0, index=8): OrderedDict([('word', 'scott')])
22.4882 	EXP 	show_condition_text: text = 'scott'
22.4882 	EXP 	show_condition_text: autoDraw = True
22.4888 	EXP 	New trial (rep=0, index=9): OrderedDict([('word', 'potatoes')])
22.5043 	EXP 	show_condition_text: text = 'potatoes'
22.5043 	EXP 	show_condition_text: autoDraw = True
22.5191 	EXP 	show_condition_text: text = '****'
22.5191 	EXP 	show_condition_text: autoDraw = True
22.6218 	DATA 	Keypress: space
22.7524 	EXP 	show_condition_text: autoDraw = False
22.7529 	EXP 	New trial (rep=0, index=4): OrderedDict([('wlist_index', 27)])
22.7561 	EXP 	Imported csvs/27.csv as conditions, 8 conditions, 1 params
22.7564 	EXP 	Created sequence: random, trialTypes=8, nReps=1, seed=None
22.7566 	EXP 	New trial (rep=0, index=0): OrderedDict([('word', 'say')])
22.7721 	EXP 	show_condition_text: text = 'say'
22.7721 	EXP 	show_condition_text: autoDraw = True
22.7728 	EXP 	New trial (rep=0, index=1): OrderedDict([('word', 'him')])
22.7869 	EXP 	show_condition_text: text = 'him'
22.7869 	EXP 	show_condition_text: autoDraw = True
22.7882 	EXP 	New trial (rep=0, index=2): OrderedDict([('word', 'unable')])
22.8062 	EXP 	show_condition_text: text = 'unable'
22.8062 	EXP 	show_condition_text: autoDraw = True
22.8066 	EXP 	New trial (rep=0, index=3): OrderedDict([('word', 'ski')])
22.8221 	EXP 	show_condition_text: text = 'ski'
22.8221 	EXP 	show_condition_text: autoDraw = True
22.8226 	EXP 	New trial (rep=0, index=4): OrderedDict([('word', 'oral')])
22.8372 	EXP 	show_condition_text: text = 'oral'
22.8372 	EXP 	show_condition_text: autoDraw = True
22.8376 	EXP 	New trial (rep=0, index=5): OrderedDict([('word', 'douglas')])
22.8543 	EXP 	show_condition_text: text = 'douglas'
22.8543 	EXP 	show_condition_text: autoDraw = True
22.8548 	EXP 	New trial (rep=0, index=6): OrderedDict([('word', 'buyers')])
22.8731 	EXP 	show_condition_text: text = 'buyers'
22.8731 	EXP 	show_condition_text: autoDraw = True
22.8737 	EXP 	New trial (rep=0, index=7): OrderedDict([('word', 'safari')])
22.9020 	EXP 	show_condition_text: text = 'safari'
22.9020 	EXP 	show_condition_text: autoDraw = True
22.9187 	EXP 	show_condition_text: text = '****'
22.9187 	EXP 	show_condition_text: autoDraw = True
23.0378 	DATA 	Keypress: space
23.1687 	EXP 	show_condition_text: autoDraw = False
23.1691 	EXP 	New trial (rep=0, index=5): OrderedDict([('wlist_index', 12)])
23.1718 	EXP 	Imported csvs/12.csv as conditions, 7 conditions, 1 params
23.1721 	EXP 	Created sequence: random, trialTypes=7, nReps=1, seed=None
23.1724 	EXP 	New trial (rep=0, index=0): OrderedDict([('word', 'cradle')])
23.1876 	EXP 	show_condition_text: text = 'cradle'
23.1876 	EXP 	show_condition_text: autoDraw = True
23.1882 	EXP 	New trial (rep=0, index=1): OrderedDict([('word', 'bangkok')])
23.2064 	EXP 	show_condition_text: text = 'bangkok'
23.2064 	EXP 	show_condition_text: autoDraw = True
23.2069 	EXP 	New trial (rep=0, index=2): OrderedDict([('word', 'keyword')])
23.2238 	EXP 	show_condition_text: text = 'keyword'
23.2238 	EXP 	show_condition_text: autoDraw = True
23.2244 	EXP 	New trial (rep=0, index=3): OrderedDict([('word', 'latin')])
23.2517 	EXP 	show_condition_text: text = 'latin'
23.2517 	EXP 	show_condition_text: autoDraw = True
23.2524 	EXP 	New trial (rep=0, index=4): OrderedDict([('word', 'rapid')])
23.2693 	EXP 	show_condition_text: text = 'rapid'
23.2693 	EXP 	show_condition_text: autoDraw = True
23.2702 	EXP 	New trial (rep=0, index=5): OrderedDict([('word', 'shipments')])
23.2889 	EXP 	show_condition_text: text = 'shipments'
23.2889 	EXP 	show_condition_text: autoDraw = True
23.2894 	EXP 	New trial (rep=0, index=6): OrderedDict([('word', 'powered')])
23.3064 	EXP 	show_condition_text: text = 'powered'
23.3064 	EXP 	show_condition_text: autoDraw = True
23.3220 	EXP 	show_condition_text: text = '****'
23.3220 	EXP 	show_condition_text: autoDraw = True
23.4716 	DATA 	Keypress: space
23.6017 	EXP 	show_condition_text: autoDraw = False
23.6023 	EXP 	New trial (rep=0, index=6): OrderedDict([('wlist_index', 31)])
23.6057 	EXP 	Imported csvs/31.csv as conditions, 8 conditions, 1 params
23.6060 	EXP 	Created sequence: random, trialTypes=8, nReps=1, seed=None
23.6062 	EXP 	New trial (rep=0, index=0): OrderedDict([('word', 'act')])
23.6214 	EXP 	show_condition_text: text = 'act'
23.6214 	EXP 	show_condition_text: autoDraw = True
23.6219 	EXP 	New trial (rep=0, index=1): OrderedDict([('word', 'usd')])
23.6363 	EXP 	show_condition_text: text = 'usd'
23.6363 	EXP 	show_condition_text: autoDraw = True
23.6369 	EXP 	New trial (rep=0, index=2): OrderedDict([('word', 'humanitarian')])
23.6685 	EXP 	show_condition_text: text = 'humanitarian'
23.6685 	EXP 	show_condition_text: autoDraw = True
23.6690 	EXP 	New trial (rep=0, index=3): OrderedDict([('word', 'reverse')])
23.6852 	EXP 	show_condition_text: text = 'reverse'
23.6852 	EXP 	show_condition_text: autoDraw = True
23.6857 	EXP 	New trial (rep=0, index=4): OrderedDict([('word', 'incest')])
23.7023 	EXP 	show_condition_text: text = 'incest'
23.7023 	EXP 	show_condition_text: autoDraw = True
23.7031 	EXP 	New trial (rep=0, index=5): OrderedDict([('word', 'watson')])
23.7214 	EXP 	show_condition_text: text = 'watson'
23.7214 	EXP 	show_condition_text: autoDraw = True
23.7222 	EXP 	New trial (rep=0, index=6): OrderedDict([('word', 'phenomenon')])
23.7523 	EXP 	show_condition_text: text = 'phenomenon'
23.7523 	EXP 	show_condition_text: autoDraw = True
23.7531 	EXP 	New trial (rep=0, index=7): OrderedDict([('word', 'gi')])
23.7689 	EXP 	show_condition_text: text = 'gi'
23.7689 	EXP 	show_condition_text: autoDraw = True
23.7854 	EXP 	show_condition_text: text = '****'
23.7854 	EXP 	show_condition_text: autoDraw = True
23.9052 	DATA 	Keypress: space
24.0356 	EXP 	show_condition_text: autoDraw = False
24.0363 	EXP 	New trial (rep=0, index=7): OrderedDict([('wlist_index', 3)])
24.0399 	EXP 	Imported csvs/3.csv as conditions, 9 conditions, 1 params
24.0402 	EXP 	Created sequence: random, trialTypes=9, nReps=1, seed=None
24.0405 	EXP 	New trial (rep=0, index=0): OrderedDict([('word', 'intervention')])
24.0682 	EXP 	show_condition_text: text = 'intervention'
24.0682 	EXP 	show_condition_text: autoDraw = True
24.0687 	EXP 	New trial (rep=0, index=1): OrderedDict([('word', 'knowledgestorm')])
24.0881 	EXP 	show_condition_text: text = 'knowledgestorm'
24.0881 	EXP 	show_condition_text: autoDraw = True
24.0888 	EXP 	New trial (rep=0, index=2): OrderedDict([('word', 'www')])
24.1030 	EXP 	show_condition_text: text = 'www'
24.1030 	EXP 	show_condition_text: autoDraw = True
24.1036 	EXP 	New trial (rep=0, index=3): OrderedDict([('word', 'vat')])
24.1190 	EXP 	show_condition_text: text = 'vat'
24.1190 	EXP 	show_condition_text: autoDraw = True
24.1197 	EXP 	New trial (rep=0, index=4): OrderedDict([('word', 'custom')])
24.1354 	EXP 	show_condition_text: text = 'custom'
24.1354 	EXP 	show_condition_text: autoDraw = True
24.1359 	EXP 	New trial (rep=0, index=5): OrderedDict([('word', 'considers')])
24.1542 	EXP 	show_condition_text: text = 'considers'
24.1542 	EXP 	show_condition_text: autoDraw = True
24.1548 	EXP 	New trial (rep=0, index=6): OrderedDict([('word', 'silent')])
24.1854 	EXP 	show_condition_text: text = 'silent'
24.1854 	EXP 	show_condition_text: autoDraw = True
24.1860 	EXP 	New trial (rep=0, index=7): OrderedDict([('word', 'smaller')])
24.2019 	EXP 	show_condition_text: text = 'smaller'
24.2019 	EXP 	show_condition_text: autoDraw = True
24.2026 	EXP 	New trial (rep=0, index=8): OrderedDict([('word', 'wow')])
24.2191 	EXP 	show_condition_text: text = 'wow'
24.2191 	EXP 	show_condition_text: autoDraw = True
24.2353 	EXP 	show_condition_text: text = '****'
24.2353 	EXP 	show_condition_text: autoDraw = True
24.3380 	DATA 	Keypress: space
24.4521 	EXP 	show_condition_text: autoDraw = False
24.7456 	EXP 	window1: mouseVisible = True
