8.7520 	WARNING 	User requested fullscreen with size [1024  768], but screen is actually [1440, 900]. Using actual size
9.6643 	EXP 	Created window1 = Window(allowGUI=False, allowStencil=False, args=UNKNOWN, autoLog=True, bitsMode=UNKNOWN, blendMode='avg', color=array([0., 0., 0.]), colorSpace='rgb', fullscr=<method-wrapper '__getattribute__' of attributeSetter object at 0x131a4edd8>, gamma=None, gammaErrorPolicy='raise', kwargs=UNKNOWN, lms=UNKNOWN, monitor=<psychopy.monitors.calibTools.Monitor object at 0x13147bcc0>, multiSample=False, name='window1', numSamples=2, pos=[360.0, 225.0], screen=0, size=array([2880, 1800]), stereo=False, units='height', useFBO=True, useRetina=True, viewOri=0.0, viewPos=None, viewScale=None, waitBlanking=True, winType='pyglet')
9.6644 	EXP 	window1: recordFrameIntervals = False
9.8291 	EXP 	window1: recordFrameIntervals = True
10.0121 	EXP 	window1: recordFrameIntervals = False
10.5987 	EXP 	Created instructions_text = TextStim(__class__=<class 'psychopy.visual.text.TextStim'>, alignHoriz='center', alignVert='center', antialias=True, autoLog=True, bold=False, color='white', colorSpace='named', contrast=1.0, depth=0.0, flipHoriz=False, flipVert=False, font='Arial', fontFiles=[], height=0.1, italic=False, languageStyle='LTR', name='instructions_text', opacity=1.0, ori=0, pos=array([0., 0.]), rgb=array([255., 255., 255.]), text='Welcome!', units='height', win=Window(...), wrapWidth=1)
10.6507 	EXP 	Created show_condition_text = TextStim(__class__=<class 'psychopy.visual.text.TextStim'>, alignHoriz='center', alignVert='center', antialias=True, autoLog=True, bold=False, color='white', colorSpace='named', contrast=1.0, depth=0.0, flipHoriz=False, flipVert=False, font='Arial', fontFiles=[], height=0.1, italic=False, languageStyle='LTR', name='show_condition_text', opacity=1.0, ori=0, pos=array([0., 0.]), rgb=array([255., 255., 255.]), text='default text', units='height', win=Window(...), wrapWidth=1)
10.6696 	DATA 	Keypress: space
10.6917 	EXP 	instructions_text: autoDraw = True
11.1160 	EXP 	Imported csvs/noise_conditions.csv as conditions, 4 conditions, 1 params
11.1163 	EXP 	Created sequence: random, trialTypes=4, nReps=1, seed=None
11.1166 	EXP 	New trial (rep=0, index=0): OrderedDict([('condition', 'condition_1')])
11.1266 	DATA 	Keypress: space
11.1408 	EXP 	instructions_text: autoDraw = False
11.1408 	EXP 	show_condition_text: text = 'condition_1'
11.1408 	EXP 	show_condition_text: autoDraw = True
11.5097 	DATA 	Keypress: space
12.1247 	EXP 	New trial (rep=0, index=1): OrderedDict([('condition', 'condition_3')])
12.1428 	EXP 	show_condition_text: autoDraw = False
12.1428 	EXP 	show_condition_text: text = 'condition_3'
12.1428 	EXP 	show_condition_text: autoDraw = True
12.8967 	DATA 	Keypress: space
13.1112 	EXP 	New trial (rep=0, index=2): OrderedDict([('condition', 'condition_4')])
13.1295 	EXP 	show_condition_text: autoDraw = False
13.1295 	EXP 	show_condition_text: text = 'condition_4'
13.1295 	EXP 	show_condition_text: autoDraw = True
13.7639 	DATA 	Keypress: space
14.1117 	EXP 	New trial (rep=0, index=3): OrderedDict([('condition', 'condition_2')])
14.1297 	EXP 	show_condition_text: autoDraw = False
14.1297 	EXP 	show_condition_text: text = 'condition_2'
14.1297 	EXP 	show_condition_text: autoDraw = True
14.4634 	DATA 	Keypress: space
15.1267 	EXP 	show_condition_text: autoDraw = False
15.3987 	EXP 	window1: mouseVisible = True
