4.6906 	WARNING 	User requested fullscreen with size [1024  768], but screen is actually [1440, 900]. Using actual size
5.4355 	EXP 	Created window1 = Window(allowGUI=False, allowStencil=False, args=UNKNOWN, autoLog=True, bitsMode=UNKNOWN, blendMode='avg', color=array([0., 0., 0.]), colorSpace='rgb', fullscr=<method-wrapper '__getattribute__' of attributeSetter object at 0x131e8ceb8>, gamma=None, gammaErrorPolicy='raise', kwargs=UNKNOWN, lms=UNKNOWN, monitor=<psychopy.monitors.calibTools.Monitor object at 0x131de3da0>, multiSample=False, name='window1', numSamples=2, pos=[360.0, 225.0], screen=0, size=array([2880, 1800]), stereo=False, units='height', useFBO=True, useRetina=True, viewOri=0.0, viewPos=None, viewScale=None, waitBlanking=True, winType='pyglet')
5.4356 	EXP 	window1: recordFrameIntervals = False
5.6012 	EXP 	window1: recordFrameIntervals = True
5.7853 	EXP 	window1: recordFrameIntervals = False
6.3077 	EXP 	Created instructions_text = TextStim(__class__=<class 'psychopy.visual.text.TextStim'>, alignHoriz='center', alignVert='center', antialias=True, autoLog=True, bold=False, color='white', colorSpace='named', contrast=1.0, depth=0.0, flipHoriz=False, flipVert=False, font='Arial', fontFiles=[], height=0.1, italic=False, languageStyle='LTR', name='instructions_text', opacity=1.0, ori=0, pos=array([0., 0.]), rgb=array([255., 255., 255.]), text='Welcome!', units='height', win=Window(...), wrapWidth=1)
6.3604 	EXP 	Created show_condition_text = TextStim(__class__=<class 'psychopy.visual.text.TextStim'>, alignHoriz='center', alignVert='center', antialias=True, autoLog=True, bold=False, color='white', colorSpace='named', contrast=1.0, depth=0.0, flipHoriz=False, flipVert=False, font='Arial', fontFiles=[], height=0.1, italic=False, languageStyle='LTR', name='show_condition_text', opacity=1.0, ori=0, pos=array([0., 0.]), rgb=array([255., 255., 255.]), text='default text', units='height', win=Window(...), wrapWidth=1)
6.3859 	EXP 	instructions_text: autoDraw = True
6.5305 	EXP 	Imported csvs/noise_conditions.csv as conditions, 4 conditions, 1 params
6.5309 	EXP 	Created sequence: random, trialTypes=4, nReps=1, seed=None
6.5312 	EXP 	New trial (rep=0, index=0): OrderedDict([('condition', 3)])
6.5341 	EXP 	Imported csvs/condition_3_wlists_indices.csv as conditions, 8 conditions, 1 params
6.5345 	EXP 	Created sequence: random, trialTypes=8, nReps=1, seed=None
6.5347 	EXP 	New trial (rep=0, index=0): OrderedDict([('wlist_index', 1)])
6.5377 	EXP 	Imported csvs/1.csv as conditions, 11 conditions, 1 params
6.5381 	EXP 	Created sequence: random, trialTypes=11, nReps=1, seed=None
6.5383 	EXP 	New trial (rep=0, index=0): OrderedDict([('word', 'optimal')])
6.5385 	EXP 	New trial (rep=0, index=1): OrderedDict([('word', 'owns')])
6.5388 	EXP 	New trial (rep=0, index=2): OrderedDict([('word', 'lists')])
6.5390 	EXP 	New trial (rep=0, index=3): OrderedDict([('word', 'informative')])
6.5391 	EXP 	New trial (rep=0, index=4): OrderedDict([('word', 'aspnet')])
6.5393 	EXP 	New trial (rep=0, index=5): OrderedDict([('word', 'apartment')])
6.5395 	EXP 	New trial (rep=0, index=6): OrderedDict([('word', 'jackie')])
6.5397 	EXP 	New trial (rep=0, index=7): OrderedDict([('word', 'ion')])
6.5399 	EXP 	New trial (rep=0, index=8): OrderedDict([('word', 'coins')])
6.5400 	EXP 	New trial (rep=0, index=9): OrderedDict([('word', 'dp')])
6.5402 	EXP 	New trial (rep=0, index=10): OrderedDict([('word', 'page')])
6.5404 	EXP 	New trial (rep=0, index=1): OrderedDict([('wlist_index', 32)])
6.5429 	EXP 	Imported csvs/32.csv as conditions, 5 conditions, 1 params
6.5431 	EXP 	Created sequence: random, trialTypes=5, nReps=1, seed=None
6.5434 	EXP 	New trial (rep=0, index=0): OrderedDict([('word', 'jamaica')])
6.5436 	EXP 	New trial (rep=0, index=1): OrderedDict([('word', 'transport')])
6.5438 	EXP 	New trial (rep=0, index=2): OrderedDict([('word', 'declared')])
6.5440 	EXP 	New trial (rep=0, index=3): OrderedDict([('word', 'feedback')])
6.5442 	EXP 	New trial (rep=0, index=4): OrderedDict([('word', 'ranks')])
6.5444 	EXP 	New trial (rep=0, index=2): OrderedDict([('wlist_index', 11)])
6.5470 	EXP 	Imported csvs/11.csv as conditions, 11 conditions, 1 params
6.5473 	EXP 	Created sequence: random, trialTypes=11, nReps=1, seed=None
6.5475 	EXP 	New trial (rep=0, index=0): OrderedDict([('word', 'throwing')])
6.5477 	EXP 	New trial (rep=0, index=1): OrderedDict([('word', 'resorts')])
6.5479 	EXP 	New trial (rep=0, index=2): OrderedDict([('word', 'satisfactory')])
6.5481 	EXP 	New trial (rep=0, index=3): OrderedDict([('word', 'trigger')])
6.5482 	EXP 	New trial (rep=0, index=4): OrderedDict([('word', 'remarkable')])
6.5484 	EXP 	New trial (rep=0, index=5): OrderedDict([('word', 'transparent')])
6.5486 	EXP 	New trial (rep=0, index=6): OrderedDict([('word', 'security')])
6.5488 	EXP 	New trial (rep=0, index=7): OrderedDict([('word', 'events')])
6.5490 	EXP 	New trial (rep=0, index=8): OrderedDict([('word', 'gender')])
6.5491 	EXP 	New trial (rep=0, index=9): OrderedDict([('word', 'sad')])
6.5493 	EXP 	New trial (rep=0, index=10): OrderedDict([('word', 'boom')])
6.5495 	EXP 	New trial (rep=0, index=3): OrderedDict([('wlist_index', 15)])
6.5521 	EXP 	Imported csvs/15.csv as conditions, 8 conditions, 1 params
6.5523 	EXP 	Created sequence: random, trialTypes=8, nReps=1, seed=None
6.5525 	EXP 	New trial (rep=0, index=0): OrderedDict([('word', 'netherlands')])
6.5527 	EXP 	New trial (rep=0, index=1): OrderedDict([('word', 'harrison')])
6.5529 	EXP 	New trial (rep=0, index=2): OrderedDict([('word', 'burn')])
6.5531 	EXP 	New trial (rep=0, index=3): OrderedDict([('word', 'irc')])
6.5533 	EXP 	New trial (rep=0, index=4): OrderedDict([('word', 'seem')])
6.5535 	EXP 	New trial (rep=0, index=5): OrderedDict([('word', 'farmers')])
6.5536 	EXP 	New trial (rep=0, index=6): OrderedDict([('word', 'feels')])
6.5538 	EXP 	New trial (rep=0, index=7): OrderedDict([('word', 'traditions')])
6.5540 	EXP 	New trial (rep=0, index=4): OrderedDict([('wlist_index', 28)])
6.5563 	EXP 	Imported csvs/28.csv as conditions, 6 conditions, 1 params
6.5566 	EXP 	Created sequence: random, trialTypes=6, nReps=1, seed=None
6.5568 	EXP 	New trial (rep=0, index=0): OrderedDict([('word', 'biography')])
6.5570 	EXP 	New trial (rep=0, index=1): OrderedDict([('word', 'separately')])
6.5572 	EXP 	New trial (rep=0, index=2): OrderedDict([('word', 'regardless')])
6.5573 	EXP 	New trial (rep=0, index=3): OrderedDict([('word', 'make')])
6.5576 	EXP 	New trial (rep=0, index=4): OrderedDict([('word', 'anthropology')])
6.5578 	EXP 	New trial (rep=0, index=5): OrderedDict([('word', 'figure')])
6.5580 	EXP 	New trial (rep=0, index=5): OrderedDict([('wlist_index', 29)])
6.5605 	EXP 	Imported csvs/29.csv as conditions, 10 conditions, 1 params
6.5608 	EXP 	Created sequence: random, trialTypes=10, nReps=1, seed=None
6.5609 	EXP 	New trial (rep=0, index=0): OrderedDict([('word', 'sand')])
6.5611 	EXP 	New trial (rep=0, index=1): OrderedDict([('word', 'brass')])
6.5613 	EXP 	New trial (rep=0, index=2): OrderedDict([('word', 'patio')])
6.5615 	EXP 	New trial (rep=0, index=3): OrderedDict([('word', 'ferrari')])
6.5617 	EXP 	New trial (rep=0, index=4): OrderedDict([('word', 'taxation')])
6.5619 	EXP 	New trial (rep=0, index=5): OrderedDict([('word', 'if')])
6.5621 	EXP 	New trial (rep=0, index=6): OrderedDict([('word', 'plugin')])
6.5622 	EXP 	New trial (rep=0, index=7): OrderedDict([('word', 'docs')])
6.5624 	EXP 	New trial (rep=0, index=8): OrderedDict([('word', 'modifications')])
6.5626 	EXP 	New trial (rep=0, index=9): OrderedDict([('word', 'listed')])
6.5628 	EXP 	New trial (rep=0, index=6): OrderedDict([('wlist_index', 22)])
6.5653 	EXP 	Imported csvs/22.csv as conditions, 10 conditions, 1 params
6.5656 	EXP 	Created sequence: random, trialTypes=10, nReps=1, seed=None
6.5658 	EXP 	New trial (rep=0, index=0): OrderedDict([('word', 'es')])
6.5660 	EXP 	New trial (rep=0, index=1): OrderedDict([('word', 'missions')])
6.5662 	EXP 	New trial (rep=0, index=2): OrderedDict([('word', 'marina')])
6.5663 	EXP 	New trial (rep=0, index=3): OrderedDict([('word', 'secret')])
6.5665 	EXP 	New trial (rep=0, index=4): OrderedDict([('word', 'detective')])
6.5667 	EXP 	New trial (rep=0, index=5): OrderedDict([('word', 'athletics')])
6.5669 	EXP 	New trial (rep=0, index=6): OrderedDict([('word', 'rarely')])
6.5671 	EXP 	New trial (rep=0, index=7): OrderedDict([('word', 'sophisticated')])
6.5672 	EXP 	New trial (rep=0, index=8): OrderedDict([('word', 'away')])
6.5674 	EXP 	New trial (rep=0, index=9): OrderedDict([('word', 'gotten')])
6.5676 	EXP 	New trial (rep=0, index=7): OrderedDict([('wlist_index', 30)])
6.5701 	EXP 	Imported csvs/30.csv as conditions, 9 conditions, 1 params
6.5704 	EXP 	Created sequence: random, trialTypes=9, nReps=1, seed=None
6.5706 	EXP 	New trial (rep=0, index=0): OrderedDict([('word', 'charger')])
6.5708 	EXP 	New trial (rep=0, index=1): OrderedDict([('word', 'eos')])
6.5710 	EXP 	New trial (rep=0, index=2): OrderedDict([('word', 'parts')])
6.5711 	EXP 	New trial (rep=0, index=3): OrderedDict([('word', 'carry')])
6.5713 	EXP 	New trial (rep=0, index=4): OrderedDict([('word', 'engage')])
6.5715 	EXP 	New trial (rep=0, index=5): OrderedDict([('word', 'acm')])
6.5717 	EXP 	New trial (rep=0, index=6): OrderedDict([('word', 'joshua')])
6.5718 	EXP 	New trial (rep=0, index=7): OrderedDict([('word', 'inter')])
6.5720 	EXP 	New trial (rep=0, index=8): OrderedDict([('word', 'sat')])
6.5722 	EXP 	New trial (rep=0, index=1): OrderedDict([('condition', 2)])
6.5746 	EXP 	Imported csvs/condition_2_wlists_indices.csv as conditions, 8 conditions, 1 params
6.5749 	EXP 	Created sequence: random, trialTypes=8, nReps=1, seed=None
6.5751 	EXP 	New trial (rep=0, index=0): OrderedDict([('wlist_index', 20)])
6.5775 	EXP 	Imported csvs/20.csv as conditions, 8 conditions, 1 params
6.5778 	EXP 	Created sequence: random, trialTypes=8, nReps=1, seed=None
6.5779 	EXP 	New trial (rep=0, index=0): OrderedDict([('word', 'bacterial')])
6.5782 	EXP 	New trial (rep=0, index=1): OrderedDict([('word', 'waiver')])
6.5783 	EXP 	New trial (rep=0, index=2): OrderedDict([('word', 'cooking')])
6.5785 	EXP 	New trial (rep=0, index=3): OrderedDict([('word', 'services')])
6.5787 	EXP 	New trial (rep=0, index=4): OrderedDict([('word', 'territories')])
6.5789 	EXP 	New trial (rep=0, index=5): OrderedDict([('word', 'cumshots')])
6.5790 	EXP 	New trial (rep=0, index=6): OrderedDict([('word', 'requests')])
6.5792 	EXP 	New trial (rep=0, index=7): OrderedDict([('word', 'acts')])
6.5794 	EXP 	New trial (rep=0, index=1): OrderedDict([('wlist_index', 10)])
6.5819 	EXP 	Imported csvs/10.csv as conditions, 7 conditions, 1 params
6.5822 	EXP 	Created sequence: random, trialTypes=7, nReps=1, seed=None
6.5824 	EXP 	New trial (rep=0, index=0): OrderedDict([('word', 'bind')])
6.5826 	EXP 	New trial (rep=0, index=1): OrderedDict([('word', 'muscle')])
6.5828 	EXP 	New trial (rep=0, index=2): OrderedDict([('word', 'glasses')])
6.5829 	EXP 	New trial (rep=0, index=3): OrderedDict([('word', 'facial')])
6.5831 	EXP 	New trial (rep=0, index=4): OrderedDict([('word', 'endless')])
6.5833 	EXP 	New trial (rep=0, index=5): OrderedDict([('word', 'magnificent')])
6.5835 	EXP 	New trial (rep=0, index=6): OrderedDict([('word', 'evaluating')])
6.5836 	EXP 	New trial (rep=0, index=2): OrderedDict([('wlist_index', 25)])
6.5866 	EXP 	Imported csvs/25.csv as conditions, 9 conditions, 1 params
6.5869 	EXP 	Created sequence: random, trialTypes=9, nReps=1, seed=None
6.5871 	EXP 	New trial (rep=0, index=0): OrderedDict([('word', 'apr')])
6.5873 	EXP 	New trial (rep=0, index=1): OrderedDict([('word', 'secretary')])
6.5875 	EXP 	New trial (rep=0, index=2): OrderedDict([('word', 'travels')])
6.5877 	EXP 	New trial (rep=0, index=3): OrderedDict([('word', 'altered')])
6.5879 	EXP 	New trial (rep=0, index=4): OrderedDict([('word', 'se')])
6.5881 	EXP 	New trial (rep=0, index=5): OrderedDict([('word', 'expect')])
6.5882 	EXP 	New trial (rep=0, index=6): OrderedDict([('word', 'renew')])
6.5884 	EXP 	New trial (rep=0, index=7): OrderedDict([('word', 'argument')])
6.5886 	EXP 	New trial (rep=0, index=8): OrderedDict([('word', 'spank')])
6.5888 	EXP 	New trial (rep=0, index=3): OrderedDict([('wlist_index', 8)])
6.5913 	EXP 	Imported csvs/8.csv as conditions, 11 conditions, 1 params
6.5916 	EXP 	Created sequence: random, trialTypes=11, nReps=1, seed=None
6.5918 	EXP 	New trial (rep=0, index=0): OrderedDict([('word', 'follows')])
6.5920 	EXP 	New trial (rep=0, index=1): OrderedDict([('word', 'basics')])
6.5922 	EXP 	New trial (rep=0, index=2): OrderedDict([('word', 'canberra')])
6.5923 	EXP 	New trial (rep=0, index=3): OrderedDict([('word', 'operate')])
6.5925 	EXP 	New trial (rep=0, index=4): OrderedDict([('word', 'luke')])
6.5927 	EXP 	New trial (rep=0, index=5): OrderedDict([('word', 'eddie')])
6.5929 	EXP 	New trial (rep=0, index=6): OrderedDict([('word', 'wellness')])
6.5930 	EXP 	New trial (rep=0, index=7): OrderedDict([('word', 'sir')])
6.5932 	EXP 	New trial (rep=0, index=8): OrderedDict([('word', 'educated')])
6.5934 	EXP 	New trial (rep=0, index=9): OrderedDict([('word', 'draft')])
6.5936 	EXP 	New trial (rep=0, index=10): OrderedDict([('word', 'elections')])
6.5938 	EXP 	New trial (rep=0, index=4): OrderedDict([('wlist_index', 26)])
6.5962 	EXP 	Imported csvs/26.csv as conditions, 5 conditions, 1 params
6.5965 	EXP 	Created sequence: random, trialTypes=5, nReps=1, seed=None
6.5967 	EXP 	New trial (rep=0, index=0): OrderedDict([('word', 'wholesale')])
6.5969 	EXP 	New trial (rep=0, index=1): OrderedDict([('word', 'sheer')])
6.5971 	EXP 	New trial (rep=0, index=2): OrderedDict([('word', 'lingerie')])
6.5973 	EXP 	New trial (rep=0, index=3): OrderedDict([('word', 'portable')])
6.5975 	EXP 	New trial (rep=0, index=4): OrderedDict([('word', 'peace')])
6.5976 	EXP 	New trial (rep=0, index=5): OrderedDict([('wlist_index', 21)])
6.6002 	EXP 	Imported csvs/21.csv as conditions, 10 conditions, 1 params
6.6004 	EXP 	Created sequence: random, trialTypes=10, nReps=1, seed=None
6.6006 	EXP 	New trial (rep=0, index=0): OrderedDict([('word', 'influence')])
6.6008 	EXP 	New trial (rep=0, index=1): OrderedDict([('word', 'discussing')])
6.6010 	EXP 	New trial (rep=0, index=2): OrderedDict([('word', 'analyst')])
6.6012 	EXP 	New trial (rep=0, index=3): OrderedDict([('word', 'urls')])
6.6014 	EXP 	New trial (rep=0, index=4): OrderedDict([('word', 'nasty')])
6.6015 	EXP 	New trial (rep=0, index=5): OrderedDict([('word', 'blend')])
6.6019 	EXP 	New trial (rep=0, index=6): OrderedDict([('word', 'port')])
6.6021 	EXP 	New trial (rep=0, index=7): OrderedDict([('word', 'think')])
6.6022 	EXP 	New trial (rep=0, index=8): OrderedDict([('word', 'alpha')])
6.6024 	EXP 	New trial (rep=0, index=9): OrderedDict([('word', 'protocol')])
6.6026 	EXP 	New trial (rep=0, index=6): OrderedDict([('wlist_index', 23)])
6.6051 	EXP 	Imported csvs/23.csv as conditions, 6 conditions, 1 params
6.6054 	EXP 	Created sequence: random, trialTypes=6, nReps=1, seed=None
6.6057 	EXP 	New trial (rep=0, index=0): OrderedDict([('word', 'horror')])
6.6059 	EXP 	New trial (rep=0, index=1): OrderedDict([('word', 'info')])
6.6061 	EXP 	New trial (rep=0, index=2): OrderedDict([('word', 'shelf')])
6.6063 	EXP 	New trial (rep=0, index=3): OrderedDict([('word', 'sponsors')])
6.6065 	EXP 	New trial (rep=0, index=4): OrderedDict([('word', 'efficient')])
6.6066 	EXP 	New trial (rep=0, index=5): OrderedDict([('word', 'easy')])
6.6068 	EXP 	New trial (rep=0, index=7): OrderedDict([('wlist_index', 19)])
6.6092 	EXP 	Imported csvs/19.csv as conditions, 6 conditions, 1 params
6.6095 	EXP 	Created sequence: random, trialTypes=6, nReps=1, seed=None
6.6097 	EXP 	New trial (rep=0, index=0): OrderedDict([('word', 'hiring')])
6.6101 	EXP 	New trial (rep=0, index=1): OrderedDict([('word', 'miniature')])
6.6104 	EXP 	New trial (rep=0, index=2): OrderedDict([('word', 'acc')])
6.6108 	EXP 	New trial (rep=0, index=3): OrderedDict([('word', 'academics')])
6.6111 	EXP 	New trial (rep=0, index=4): OrderedDict([('word', 'lowest')])
6.6113 	EXP 	New trial (rep=0, index=5): OrderedDict([('word', 'il')])
6.6115 	EXP 	New trial (rep=0, index=2): OrderedDict([('condition', 1)])
6.6140 	EXP 	Imported csvs/condition_1_wlists_indices.csv as conditions, 8 conditions, 1 params
6.6142 	EXP 	Created sequence: random, trialTypes=8, nReps=1, seed=None
6.6144 	EXP 	New trial (rep=0, index=0): OrderedDict([('wlist_index', 12)])
6.6169 	EXP 	Imported csvs/12.csv as conditions, 7 conditions, 1 params
6.6172 	EXP 	Created sequence: random, trialTypes=7, nReps=1, seed=None
6.6174 	EXP 	New trial (rep=0, index=0): OrderedDict([('word', 'powered')])
6.6176 	EXP 	New trial (rep=0, index=1): OrderedDict([('word', 'latin')])
6.6178 	EXP 	New trial (rep=0, index=2): OrderedDict([('word', 'cradle')])
6.6180 	EXP 	New trial (rep=0, index=3): OrderedDict([('word', 'rapid')])
6.6181 	EXP 	New trial (rep=0, index=4): OrderedDict([('word', 'bangkok')])
6.6183 	EXP 	New trial (rep=0, index=5): OrderedDict([('word', 'keyword')])
6.6185 	EXP 	New trial (rep=0, index=6): OrderedDict([('word', 'shipments')])
6.6187 	EXP 	New trial (rep=0, index=1): OrderedDict([('wlist_index', 31)])
6.6213 	EXP 	Imported csvs/31.csv as conditions, 8 conditions, 1 params
6.6216 	EXP 	Created sequence: random, trialTypes=8, nReps=1, seed=None
6.6218 	EXP 	New trial (rep=0, index=0): OrderedDict([('word', 'gi')])
6.6220 	EXP 	New trial (rep=0, index=1): OrderedDict([('word', 'incest')])
6.6222 	EXP 	New trial (rep=0, index=2): OrderedDict([('word', 'act')])
6.6223 	EXP 	New trial (rep=0, index=3): OrderedDict([('word', 'phenomenon')])
6.6225 	EXP 	New trial (rep=0, index=4): OrderedDict([('word', 'watson')])
6.6227 	EXP 	New trial (rep=0, index=5): OrderedDict([('word', 'humanitarian')])
6.6229 	EXP 	New trial (rep=0, index=6): OrderedDict([('word', 'reverse')])
6.6230 	EXP 	New trial (rep=0, index=7): OrderedDict([('word', 'usd')])
6.6232 	EXP 	New trial (rep=0, index=2): OrderedDict([('wlist_index', 3)])
6.6259 	EXP 	Imported csvs/3.csv as conditions, 9 conditions, 1 params
6.6262 	EXP 	Created sequence: random, trialTypes=9, nReps=1, seed=None
6.6264 	EXP 	New trial (rep=0, index=0): OrderedDict([('word', 'smaller')])
6.6266 	EXP 	New trial (rep=0, index=1): OrderedDict([('word', 'custom')])
6.6268 	EXP 	New trial (rep=0, index=2): OrderedDict([('word', 'considers')])
6.6270 	EXP 	New trial (rep=0, index=3): OrderedDict([('word', 'www')])
6.6271 	EXP 	New trial (rep=0, index=4): OrderedDict([('word', 'knowledgestorm')])
6.6273 	EXP 	New trial (rep=0, index=5): OrderedDict([('word', 'silent')])
6.6275 	EXP 	New trial (rep=0, index=6): OrderedDict([('word', 'vat')])
6.6277 	EXP 	New trial (rep=0, index=7): OrderedDict([('word', 'wow')])
6.6278 	EXP 	New trial (rep=0, index=8): OrderedDict([('word', 'intervention')])
6.6280 	EXP 	New trial (rep=0, index=3): OrderedDict([('wlist_index', 27)])
6.6306 	EXP 	Imported csvs/27.csv as conditions, 8 conditions, 1 params
6.6309 	EXP 	Created sequence: random, trialTypes=8, nReps=1, seed=None
6.6311 	EXP 	New trial (rep=0, index=0): OrderedDict([('word', 'unable')])
6.6313 	EXP 	New trial (rep=0, index=1): OrderedDict([('word', 'him')])
6.6315 	EXP 	New trial (rep=0, index=2): OrderedDict([('word', 'buyers')])
6.6317 	EXP 	New trial (rep=0, index=3): OrderedDict([('word', 'oral')])
6.6318 	EXP 	New trial (rep=0, index=4): OrderedDict([('word', 'douglas')])
6.6320 	EXP 	New trial (rep=0, index=5): OrderedDict([('word', 'ski')])
6.6322 	EXP 	New trial (rep=0, index=6): OrderedDict([('word', 'safari')])
6.6324 	EXP 	New trial (rep=0, index=7): OrderedDict([('word', 'say')])
6.6325 	EXP 	New trial (rep=0, index=4): OrderedDict([('wlist_index', 17)])
6.6351 	EXP 	Imported csvs/17.csv as conditions, 10 conditions, 1 params
6.6354 	EXP 	Created sequence: random, trialTypes=10, nReps=1, seed=None
6.6355 	EXP 	New trial (rep=0, index=0): OrderedDict([('word', 'charging')])
6.6358 	EXP 	New trial (rep=0, index=1): OrderedDict([('word', 'scott')])
6.6359 	EXP 	New trial (rep=0, index=2): OrderedDict([('word', 'talent')])
6.6361 	EXP 	New trial (rep=0, index=3): OrderedDict([('word', 'places')])
6.6363 	EXP 	New trial (rep=0, index=4): OrderedDict([('word', 'penetration')])
6.6365 	EXP 	New trial (rep=0, index=5): OrderedDict([('word', 'adaptor')])
6.6367 	EXP 	New trial (rep=0, index=6): OrderedDict([('word', 'accept')])
6.6368 	EXP 	New trial (rep=0, index=7): OrderedDict([('word', 'sally')])
6.6370 	EXP 	New trial (rep=0, index=8): OrderedDict([('word', 'potatoes')])
6.6372 	EXP 	New trial (rep=0, index=9): OrderedDict([('word', 'map')])
6.6374 	EXP 	New trial (rep=0, index=5): OrderedDict([('wlist_index', 9)])
6.6398 	EXP 	Imported csvs/9.csv as conditions, 6 conditions, 1 params
6.6400 	EXP 	Created sequence: random, trialTypes=6, nReps=1, seed=None
6.6402 	EXP 	New trial (rep=0, index=0): OrderedDict([('word', 'sing')])
6.6404 	EXP 	New trial (rep=0, index=1): OrderedDict([('word', 'plane')])
6.6406 	EXP 	New trial (rep=0, index=2): OrderedDict([('word', 'titled')])
6.6408 	EXP 	New trial (rep=0, index=3): OrderedDict([('word', 'bitch')])
6.6410 	EXP 	New trial (rep=0, index=4): OrderedDict([('word', 'stuck')])
6.6412 	EXP 	New trial (rep=0, index=5): OrderedDict([('word', 'continuing')])
6.6413 	EXP 	New trial (rep=0, index=6): OrderedDict([('wlist_index', 13)])
6.6438 	EXP 	Imported csvs/13.csv as conditions, 7 conditions, 1 params
6.6441 	EXP 	Created sequence: random, trialTypes=7, nReps=1, seed=None
6.6443 	EXP 	New trial (rep=0, index=0): OrderedDict([('word', 'township')])
6.6445 	EXP 	New trial (rep=0, index=1): OrderedDict([('word', 'guild')])
6.6447 	EXP 	New trial (rep=0, index=2): OrderedDict([('word', 'deaths')])
6.6448 	EXP 	New trial (rep=0, index=3): OrderedDict([('word', 'poems')])
6.6450 	EXP 	New trial (rep=0, index=4): OrderedDict([('word', 'measures')])
6.6452 	EXP 	New trial (rep=0, index=5): OrderedDict([('word', 'scanned')])
6.6454 	EXP 	New trial (rep=0, index=6): OrderedDict([('word', 'complications')])
6.6456 	EXP 	New trial (rep=0, index=7): OrderedDict([('wlist_index', 2)])
6.6480 	EXP 	Imported csvs/2.csv as conditions, 8 conditions, 1 params
6.6483 	EXP 	Created sequence: random, trialTypes=8, nReps=1, seed=None
6.6484 	EXP 	New trial (rep=0, index=0): OrderedDict([('word', 'assessed')])
6.6487 	EXP 	New trial (rep=0, index=1): OrderedDict([('word', 'xl')])
6.6489 	EXP 	New trial (rep=0, index=2): OrderedDict([('word', 'look')])
6.6490 	EXP 	New trial (rep=0, index=3): OrderedDict([('word', 'protected')])
6.6492 	EXP 	New trial (rep=0, index=4): OrderedDict([('word', 'guide')])
6.6494 	EXP 	New trial (rep=0, index=5): OrderedDict([('word', 'milfhunter')])
6.6496 	EXP 	New trial (rep=0, index=6): OrderedDict([('word', 'noble')])
6.6497 	EXP 	New trial (rep=0, index=7): OrderedDict([('word', 'representation')])
6.6499 	EXP 	New trial (rep=0, index=3): OrderedDict([('condition', 4)])
6.6527 	EXP 	Imported csvs/condition_4_wlists_indices.csv as conditions, 8 conditions, 1 params
6.6529 	EXP 	Created sequence: random, trialTypes=8, nReps=1, seed=None
6.6531 	EXP 	New trial (rep=0, index=0): OrderedDict([('wlist_index', 24)])
6.6560 	EXP 	Imported csvs/24.csv as conditions, 8 conditions, 1 params
6.6564 	EXP 	Created sequence: random, trialTypes=8, nReps=1, seed=None
6.6566 	EXP 	New trial (rep=0, index=0): OrderedDict([('word', 'listening')])
6.6569 	EXP 	New trial (rep=0, index=1): OrderedDict([('word', 'general')])
6.6572 	EXP 	New trial (rep=0, index=2): OrderedDict([('word', 'cabinets')])
6.6575 	EXP 	New trial (rep=0, index=3): OrderedDict([('word', 'grab')])
6.6577 	EXP 	New trial (rep=0, index=4): OrderedDict([('word', 'everyone')])
6.6580 	EXP 	New trial (rep=0, index=5): OrderedDict([('word', 'bit')])
6.6582 	EXP 	New trial (rep=0, index=6): OrderedDict([('word', 'albany')])
6.6584 	EXP 	New trial (rep=0, index=7): OrderedDict([('word', 'technologies')])
6.6587 	EXP 	New trial (rep=0, index=1): OrderedDict([('wlist_index', 6)])
6.6613 	EXP 	Imported csvs/6.csv as conditions, 9 conditions, 1 params
6.6615 	EXP 	Created sequence: random, trialTypes=9, nReps=1, seed=None
6.6617 	EXP 	New trial (rep=0, index=0): OrderedDict([('word', 'sole')])
6.6620 	EXP 	New trial (rep=0, index=1): OrderedDict([('word', 'landscape')])
6.6622 	EXP 	New trial (rep=0, index=2): OrderedDict([('word', 'findlaw')])
6.6624 	EXP 	New trial (rep=0, index=3): OrderedDict([('word', 'data')])
6.6626 	EXP 	New trial (rep=0, index=4): OrderedDict([('word', 'colonial')])
6.6628 	EXP 	New trial (rep=0, index=5): OrderedDict([('word', 'showers')])
6.6629 	EXP 	New trial (rep=0, index=6): OrderedDict([('word', 'enjoyed')])
6.6632 	EXP 	New trial (rep=0, index=7): OrderedDict([('word', 'jose')])
6.6634 	EXP 	New trial (rep=0, index=8): OrderedDict([('word', 'futures')])
6.6636 	EXP 	New trial (rep=0, index=2): OrderedDict([('wlist_index', 18)])
6.6663 	EXP 	Imported csvs/18.csv as conditions, 9 conditions, 1 params
6.6666 	EXP 	Created sequence: random, trialTypes=9, nReps=1, seed=None
6.6668 	EXP 	New trial (rep=0, index=0): OrderedDict([('word', 'stan')])
6.6670 	EXP 	New trial (rep=0, index=1): OrderedDict([('word', 'nominated')])
6.6672 	EXP 	New trial (rep=0, index=2): OrderedDict([('word', 'geographical')])
6.6673 	EXP 	New trial (rep=0, index=3): OrderedDict([('word', 'jaguar')])
6.6675 	EXP 	New trial (rep=0, index=4): OrderedDict([('word', 'cardiff')])
6.6677 	EXP 	New trial (rep=0, index=5): OrderedDict([('word', 'bosnia')])
6.6679 	EXP 	New trial (rep=0, index=6): OrderedDict([('word', 'nicaragua')])
6.6680 	EXP 	New trial (rep=0, index=7): OrderedDict([('word', 'present')])
6.6682 	EXP 	New trial (rep=0, index=8): OrderedDict([('word', 'longer')])
6.6684 	EXP 	New trial (rep=0, index=3): OrderedDict([('wlist_index', 5)])
6.6709 	EXP 	Imported csvs/5.csv as conditions, 7 conditions, 1 params
6.6712 	EXP 	Created sequence: random, trialTypes=7, nReps=1, seed=None
6.6713 	EXP 	New trial (rep=0, index=0): OrderedDict([('word', 'mediterranean')])
6.6716 	EXP 	New trial (rep=0, index=1): OrderedDict([('word', 'typically')])
6.6718 	EXP 	New trial (rep=0, index=2): OrderedDict([('word', 'acceptance')])
6.6719 	EXP 	New trial (rep=0, index=3): OrderedDict([('word', 'charitable')])
6.6721 	EXP 	New trial (rep=0, index=4): OrderedDict([('word', 'specialties')])
6.6723 	EXP 	New trial (rep=0, index=5): OrderedDict([('word', 'access')])
6.6725 	EXP 	New trial (rep=0, index=6): OrderedDict([('word', 'physics')])
6.6727 	EXP 	New trial (rep=0, index=4): OrderedDict([('wlist_index', 7)])
6.6754 	EXP 	Imported csvs/7.csv as conditions, 9 conditions, 1 params
6.6757 	EXP 	Created sequence: random, trialTypes=9, nReps=1, seed=None
6.6759 	EXP 	New trial (rep=0, index=0): OrderedDict([('word', 'nottingham')])
6.6761 	EXP 	New trial (rep=0, index=1): OrderedDict([('word', 'secure')])
6.6763 	EXP 	New trial (rep=0, index=2): OrderedDict([('word', 'dick')])
6.6765 	EXP 	New trial (rep=0, index=3): OrderedDict([('word', 'directors')])
6.6767 	EXP 	New trial (rep=0, index=4): OrderedDict([('word', 'self')])
6.6768 	EXP 	New trial (rep=0, index=5): OrderedDict([('word', 'bubble')])
6.6770 	EXP 	New trial (rep=0, index=6): OrderedDict([('word', 'wallet')])
6.6772 	EXP 	New trial (rep=0, index=7): OrderedDict([('word', 'enquiry')])
6.6774 	EXP 	New trial (rep=0, index=8): OrderedDict([('word', 'actual')])
6.6776 	EXP 	New trial (rep=0, index=5): OrderedDict([('wlist_index', 16)])
6.6802 	EXP 	Imported csvs/16.csv as conditions, 7 conditions, 1 params
6.6805 	EXP 	Created sequence: random, trialTypes=7, nReps=1, seed=None
6.6806 	EXP 	New trial (rep=0, index=0): OrderedDict([('word', 'moscow')])
6.6809 	EXP 	New trial (rep=0, index=1): OrderedDict([('word', 'estimates')])
6.6811 	EXP 	New trial (rep=0, index=2): OrderedDict([('word', 'usage')])
6.6812 	EXP 	New trial (rep=0, index=3): OrderedDict([('word', 'activated')])
6.6814 	EXP 	New trial (rep=0, index=4): OrderedDict([('word', 'are')])
6.6816 	EXP 	New trial (rep=0, index=5): OrderedDict([('word', 'original')])
6.6818 	EXP 	New trial (rep=0, index=6): OrderedDict([('word', 'singh')])
6.6819 	EXP 	New trial (rep=0, index=6): OrderedDict([('wlist_index', 14)])
6.6847 	EXP 	Imported csvs/14.csv as conditions, 9 conditions, 1 params
6.6849 	EXP 	Created sequence: random, trialTypes=9, nReps=1, seed=None
6.6851 	EXP 	New trial (rep=0, index=0): OrderedDict([('word', 'surround')])
6.6853 	EXP 	New trial (rep=0, index=1): OrderedDict([('word', 'ho')])
6.6855 	EXP 	New trial (rep=0, index=2): OrderedDict([('word', 'ranch')])
6.6857 	EXP 	New trial (rep=0, index=3): OrderedDict([('word', 'rights')])
6.6859 	EXP 	New trial (rep=0, index=4): OrderedDict([('word', 'hardly')])
6.6860 	EXP 	New trial (rep=0, index=5): OrderedDict([('word', 'breast')])
6.6862 	EXP 	New trial (rep=0, index=6): OrderedDict([('word', 'bangladesh')])
6.6864 	EXP 	New trial (rep=0, index=7): OrderedDict([('word', 'debt')])
6.6866 	EXP 	New trial (rep=0, index=8): OrderedDict([('word', 'handles')])
6.6867 	EXP 	New trial (rep=0, index=7): OrderedDict([('wlist_index', 4)])
6.6898 	EXP 	Imported csvs/4.csv as conditions, 11 conditions, 1 params
6.6902 	EXP 	Created sequence: random, trialTypes=11, nReps=1, seed=None
6.6905 	EXP 	New trial (rep=0, index=0): OrderedDict([('word', 'interim')])
6.6907 	EXP 	New trial (rep=0, index=1): OrderedDict([('word', 'phantom')])
6.6909 	EXP 	New trial (rep=0, index=2): OrderedDict([('word', 'aka')])
6.6911 	EXP 	New trial (rep=0, index=3): OrderedDict([('word', 'technology')])
6.6912 	EXP 	New trial (rep=0, index=4): OrderedDict([('word', 'southampton')])
6.6914 	EXP 	New trial (rep=0, index=5): OrderedDict([('word', 'groups')])
6.6916 	EXP 	New trial (rep=0, index=6): OrderedDict([('word', 'knows')])
6.6918 	EXP 	New trial (rep=0, index=7): OrderedDict([('word', 'diy')])
6.6920 	EXP 	New trial (rep=0, index=8): OrderedDict([('word', 'famous')])
6.6921 	EXP 	New trial (rep=0, index=9): OrderedDict([('word', 'always')])
6.6923 	EXP 	New trial (rep=0, index=10): OrderedDict([('word', 'merit')])
6.7037 	DATA 	Keypress: space
6.7182 	EXP 	instructions_text: autoDraw = False
7.0000 	EXP 	window1: mouseVisible = True
