5.0790 	WARNING 	User requested fullscreen with size [1024  768], but screen is actually [1440, 900]. Using actual size
5.7538 	EXP 	Created window1 = Window(allowGUI=False, allowStencil=False, args=UNKNOWN, autoLog=True, bitsMode=UNKNOWN, blendMode='avg', color=array([0., 0., 0.]), colorSpace='rgb', fullscr=<method-wrapper '__getattribute__' of attributeSetter object at 0x13270b828>, gamma=None, gammaErrorPolicy='raise', kwargs=UNKNOWN, lms=UNKNOWN, monitor=<psychopy.monitors.calibTools.Monitor object at 0x13363d320>, multiSample=False, name='window1', numSamples=2, pos=[360.0, 225.0], screen=0, size=array([2880, 1800]), stereo=False, units='height', useFBO=True, useRetina=True, viewOri=0.0, viewPos=None, viewScale=None, waitBlanking=True, winType='pyglet')
5.7538 	EXP 	window1: recordFrameIntervals = False
5.9200 	EXP 	window1: recordFrameIntervals = True
6.1039 	EXP 	window1: recordFrameIntervals = False
6.5040 	EXP 	Created instructions_text = TextStim(__class__=<class 'psychopy.visual.text.TextStim'>, alignHoriz='center', alignVert='center', antialias=True, autoLog=True, bold=False, color='white', colorSpace='named', contrast=1.0, depth=0.0, flipHoriz=False, flipVert=False, font='Arial', fontFiles=[], height=0.1, italic=False, languageStyle='LTR', name='instructions_text', opacity=1.0, ori=0, pos=array([0., 0.]), rgb=array([255., 255., 255.]), text='Welcome!', units='height', win=Window(...), wrapWidth=1)
6.5562 	EXP 	Created show_condition_text = TextStim(__class__=<class 'psychopy.visual.text.TextStim'>, alignHoriz='center', alignVert='center', antialias=True, autoLog=True, bold=False, color='white', colorSpace='named', contrast=1.0, depth=0.0, flipHoriz=False, flipVert=False, font='Arial', fontFiles=[], height=0.1, italic=False, languageStyle='LTR', name='show_condition_text', opacity=1.0, ori=0, pos=array([0., 0.]), rgb=array([255., 255., 255.]), text='default text', units='height', win=Window(...), wrapWidth=1)
6.5739 	EXP 	instructions_text: autoDraw = True
7.1089 	EXP 	Imported csvs/noise_conditions.csv as conditions, 4 conditions, 1 params
7.1092 	EXP 	Created sequence: random, trialTypes=4, nReps=1, seed=None
7.1094 	EXP 	New trial (rep=0, index=0): OrderedDict([('condition', 4)])
7.1120 	EXP 	Imported csvs/condition_4_wlists_indices.csv as conditions, 8 conditions, 1 params
7.1124 	EXP 	Created sequence: random, trialTypes=8, nReps=1, seed=None
7.1126 	EXP 	New trial (rep=0, index=0): OrderedDict([('wlist_index', 7)])
7.1151 	EXP 	Imported csvs/7.csv as conditions, 9 conditions, 1 params
7.1154 	EXP 	Created sequence: random, trialTypes=9, nReps=1, seed=None
7.1156 	EXP 	New trial (rep=0, index=0): OrderedDict([('word', 'bubble')])
7.1322 	DATA 	Keypress: space
7.1523 	EXP 	instructions_text: autoDraw = False
7.1523 	EXP 	show_condition_text: text = 'bubble'
7.1523 	EXP 	show_condition_text: autoDraw = True
8.1366 	EXP 	New trial (rep=0, index=1): OrderedDict([('word', 'self')])
8.1532 	EXP 	show_condition_text: autoDraw = False
8.1532 	EXP 	show_condition_text: autoDraw = False
8.1532 	EXP 	show_condition_text: text = 'self'
8.1532 	EXP 	show_condition_text: autoDraw = True
9.1368 	EXP 	New trial (rep=0, index=2): OrderedDict([('word', 'actual')])
9.1536 	EXP 	show_condition_text: autoDraw = False
9.1536 	EXP 	show_condition_text: autoDraw = False
9.1536 	EXP 	show_condition_text: text = 'actual'
9.1536 	EXP 	show_condition_text: autoDraw = True
10.1401 	EXP 	New trial (rep=0, index=3): OrderedDict([('word', 'enquiry')])
10.1721 	EXP 	show_condition_text: autoDraw = False
10.1721 	EXP 	show_condition_text: autoDraw = False
10.1721 	EXP 	show_condition_text: text = 'enquiry'
10.1721 	EXP 	show_condition_text: autoDraw = True
11.1557 	EXP 	New trial (rep=0, index=4): OrderedDict([('word', 'secure')])
11.1721 	EXP 	show_condition_text: autoDraw = False
11.1721 	EXP 	show_condition_text: autoDraw = False
11.1721 	EXP 	show_condition_text: text = 'secure'
11.1721 	EXP 	show_condition_text: autoDraw = True
12.1563 	EXP 	New trial (rep=0, index=5): OrderedDict([('word', 'nottingham')])
12.1891 	EXP 	show_condition_text: autoDraw = False
12.1891 	EXP 	show_condition_text: autoDraw = False
12.1891 	EXP 	show_condition_text: text = 'nottingham'
12.1891 	EXP 	show_condition_text: autoDraw = True
13.1728 	EXP 	New trial (rep=0, index=6): OrderedDict([('word', 'wallet')])
13.1908 	EXP 	show_condition_text: autoDraw = False
13.1908 	EXP 	show_condition_text: autoDraw = False
13.1908 	EXP 	show_condition_text: text = 'wallet'
13.1908 	EXP 	show_condition_text: autoDraw = True
14.1894 	EXP 	New trial (rep=0, index=7): OrderedDict([('word', 'dick')])
14.2069 	EXP 	show_condition_text: autoDraw = False
14.2069 	EXP 	show_condition_text: autoDraw = False
14.2069 	EXP 	show_condition_text: text = 'dick'
14.2069 	EXP 	show_condition_text: autoDraw = True
15.2055 	EXP 	New trial (rep=0, index=8): OrderedDict([('word', 'directors')])
15.2221 	EXP 	show_condition_text: autoDraw = False
15.2221 	EXP 	show_condition_text: autoDraw = False
15.2221 	EXP 	show_condition_text: text = 'directors'
15.2221 	EXP 	show_condition_text: autoDraw = True
16.2222 	EXP 	show_condition_text: autoDraw = False
16.2222 	EXP 	show_condition_text: autoDraw = False
16.2222 	EXP 	show_condition_text: text = '****'
16.2222 	EXP 	show_condition_text: autoDraw = True
16.2390 	EXP 	show_condition_text: text = '****'
16.2390 	EXP 	show_condition_text: autoDraw = True
16.2557 	EXP 	show_condition_text: text = '****'
16.2557 	EXP 	show_condition_text: autoDraw = True
16.2726 	EXP 	show_condition_text: text = '****'
16.2726 	EXP 	show_condition_text: autoDraw = True
16.2891 	EXP 	show_condition_text: text = '****'
16.2891 	EXP 	show_condition_text: autoDraw = True
16.3060 	EXP 	show_condition_text: text = '****'
16.3060 	EXP 	show_condition_text: autoDraw = True
16.3225 	EXP 	show_condition_text: text = '****'
16.3225 	EXP 	show_condition_text: autoDraw = True
16.3392 	EXP 	show_condition_text: text = '****'
16.3392 	EXP 	show_condition_text: autoDraw = True
16.3556 	EXP 	show_condition_text: text = '****'
16.3556 	EXP 	show_condition_text: autoDraw = True
16.3726 	EXP 	show_condition_text: text = '****'
16.3726 	EXP 	show_condition_text: autoDraw = True
16.3895 	EXP 	show_condition_text: text = '****'
16.3895 	EXP 	show_condition_text: autoDraw = True
16.4058 	EXP 	show_condition_text: text = '****'
16.4058 	EXP 	show_condition_text: autoDraw = True
16.4217 	EXP 	show_condition_text: text = '****'
16.4217 	EXP 	show_condition_text: autoDraw = True
16.4393 	EXP 	show_condition_text: text = '****'
16.4393 	EXP 	show_condition_text: autoDraw = True
16.4562 	EXP 	show_condition_text: text = '****'
16.4562 	EXP 	show_condition_text: autoDraw = True
16.4724 	EXP 	show_condition_text: text = '****'
16.4724 	EXP 	show_condition_text: autoDraw = True
16.4885 	EXP 	show_condition_text: text = '****'
16.4885 	EXP 	show_condition_text: autoDraw = True
16.5055 	EXP 	show_condition_text: text = '****'
16.5055 	EXP 	show_condition_text: autoDraw = True
16.5223 	EXP 	show_condition_text: text = '****'
16.5223 	EXP 	show_condition_text: autoDraw = True
16.5391 	EXP 	show_condition_text: text = '****'
16.5391 	EXP 	show_condition_text: autoDraw = True
16.5560 	EXP 	show_condition_text: text = '****'
16.5560 	EXP 	show_condition_text: autoDraw = True
16.5718 	EXP 	show_condition_text: text = '****'
16.5718 	EXP 	show_condition_text: autoDraw = True
16.5893 	EXP 	show_condition_text: text = '****'
16.5893 	EXP 	show_condition_text: autoDraw = True
16.6055 	EXP 	show_condition_text: text = '****'
16.6055 	EXP 	show_condition_text: autoDraw = True
16.6222 	EXP 	show_condition_text: text = '****'
16.6222 	EXP 	show_condition_text: autoDraw = True
16.6392 	EXP 	show_condition_text: text = '****'
16.6392 	EXP 	show_condition_text: autoDraw = True
16.6549 	EXP 	show_condition_text: text = '****'
16.6549 	EXP 	show_condition_text: autoDraw = True
16.6721 	EXP 	show_condition_text: text = '****'
16.6721 	EXP 	show_condition_text: autoDraw = True
16.6891 	EXP 	show_condition_text: text = '****'
16.6891 	EXP 	show_condition_text: autoDraw = True
16.7056 	EXP 	show_condition_text: text = '****'
16.7056 	EXP 	show_condition_text: autoDraw = True
16.7222 	EXP 	show_condition_text: text = '****'
16.7222 	EXP 	show_condition_text: autoDraw = True
16.7392 	EXP 	show_condition_text: text = '****'
16.7392 	EXP 	show_condition_text: autoDraw = True
16.7558 	EXP 	show_condition_text: text = '****'
16.7558 	EXP 	show_condition_text: autoDraw = True
16.7725 	EXP 	show_condition_text: text = '****'
16.7725 	EXP 	show_condition_text: autoDraw = True
16.7891 	EXP 	show_condition_text: text = '****'
16.7891 	EXP 	show_condition_text: autoDraw = True
16.8050 	EXP 	show_condition_text: text = '****'
16.8050 	EXP 	show_condition_text: autoDraw = True
16.8218 	EXP 	show_condition_text: text = '****'
16.8218 	EXP 	show_condition_text: autoDraw = True
16.8391 	EXP 	show_condition_text: text = '****'
16.8391 	EXP 	show_condition_text: autoDraw = True
16.8548 	EXP 	show_condition_text: text = '****'
16.8548 	EXP 	show_condition_text: autoDraw = True
16.8727 	EXP 	show_condition_text: text = '****'
16.8727 	EXP 	show_condition_text: autoDraw = True
16.8890 	EXP 	show_condition_text: text = '****'
16.8890 	EXP 	show_condition_text: autoDraw = True
16.9050 	EXP 	show_condition_text: text = '****'
16.9050 	EXP 	show_condition_text: autoDraw = True
16.9225 	EXP 	show_condition_text: text = '****'
16.9225 	EXP 	show_condition_text: autoDraw = True
16.9392 	EXP 	show_condition_text: text = '****'
16.9392 	EXP 	show_condition_text: autoDraw = True
16.9549 	EXP 	show_condition_text: text = '****'
16.9549 	EXP 	show_condition_text: autoDraw = True
16.9728 	EXP 	show_condition_text: text = '****'
16.9728 	EXP 	show_condition_text: autoDraw = True
16.9892 	EXP 	show_condition_text: text = '****'
16.9892 	EXP 	show_condition_text: autoDraw = True
17.0063 	EXP 	show_condition_text: text = '****'
17.0063 	EXP 	show_condition_text: autoDraw = True
17.0224 	EXP 	show_condition_text: text = '****'
17.0224 	EXP 	show_condition_text: autoDraw = True
17.0392 	EXP 	show_condition_text: text = '****'
17.0392 	EXP 	show_condition_text: autoDraw = True
17.0550 	EXP 	show_condition_text: text = '****'
17.0550 	EXP 	show_condition_text: autoDraw = True
17.0720 	EXP 	show_condition_text: text = '****'
17.0720 	EXP 	show_condition_text: autoDraw = True
17.0888 	EXP 	show_condition_text: text = '****'
17.0888 	EXP 	show_condition_text: autoDraw = True
17.1054 	EXP 	show_condition_text: text = '****'
17.1054 	EXP 	show_condition_text: autoDraw = True
17.1220 	EXP 	show_condition_text: text = '****'
17.1220 	EXP 	show_condition_text: autoDraw = True
17.1391 	EXP 	show_condition_text: text = '****'
17.1391 	EXP 	show_condition_text: autoDraw = True
17.1553 	EXP 	show_condition_text: text = '****'
17.1553 	EXP 	show_condition_text: autoDraw = True
17.1723 	EXP 	show_condition_text: text = '****'
17.1723 	EXP 	show_condition_text: autoDraw = True
17.1889 	EXP 	show_condition_text: text = '****'
17.1889 	EXP 	show_condition_text: autoDraw = True
17.2057 	EXP 	show_condition_text: text = '****'
17.2057 	EXP 	show_condition_text: autoDraw = True
17.2222 	EXP 	show_condition_text: text = '****'
17.2222 	EXP 	show_condition_text: autoDraw = True
17.2392 	EXP 	show_condition_text: text = '****'
17.2392 	EXP 	show_condition_text: autoDraw = True
17.2560 	EXP 	show_condition_text: text = '****'
17.2560 	EXP 	show_condition_text: autoDraw = True
17.2725 	EXP 	show_condition_text: text = '****'
17.2725 	EXP 	show_condition_text: autoDraw = True
17.2892 	EXP 	show_condition_text: text = '****'
17.2892 	EXP 	show_condition_text: autoDraw = True
17.3057 	EXP 	show_condition_text: text = '****'
17.3057 	EXP 	show_condition_text: autoDraw = True
17.3226 	EXP 	show_condition_text: text = '****'
17.3226 	EXP 	show_condition_text: autoDraw = True
17.3389 	EXP 	show_condition_text: text = '****'
17.3389 	EXP 	show_condition_text: autoDraw = True
17.3556 	EXP 	show_condition_text: text = '****'
17.3556 	EXP 	show_condition_text: autoDraw = True
17.3722 	EXP 	show_condition_text: text = '****'
17.3722 	EXP 	show_condition_text: autoDraw = True
17.3887 	EXP 	show_condition_text: text = '****'
17.3887 	EXP 	show_condition_text: autoDraw = True
17.4058 	EXP 	show_condition_text: text = '****'
17.4058 	EXP 	show_condition_text: autoDraw = True
17.4223 	EXP 	show_condition_text: text = '****'
17.4223 	EXP 	show_condition_text: autoDraw = True
17.4391 	EXP 	show_condition_text: text = '****'
17.4391 	EXP 	show_condition_text: autoDraw = True
17.4424 	DATA 	Keypress: space
17.4554 	EXP 	show_condition_text: text = '****'
17.4554 	EXP 	show_condition_text: autoDraw = True
17.4724 	EXP 	show_condition_text: text = '****'
17.4724 	EXP 	show_condition_text: autoDraw = True
17.4892 	EXP 	show_condition_text: text = '****'
17.4892 	EXP 	show_condition_text: autoDraw = True
17.5059 	EXP 	show_condition_text: text = '****'
17.5059 	EXP 	show_condition_text: autoDraw = True
17.5226 	EXP 	show_condition_text: text = '****'
17.5226 	EXP 	show_condition_text: autoDraw = True
17.5390 	EXP 	show_condition_text: text = '****'
17.5390 	EXP 	show_condition_text: autoDraw = True
17.5397 	EXP 	New trial (rep=0, index=1): OrderedDict([('wlist_index', 18)])
17.5430 	EXP 	Imported csvs/18.csv as conditions, 9 conditions, 1 params
17.5433 	EXP 	Created sequence: random, trialTypes=9, nReps=1, seed=None
17.5435 	EXP 	New trial (rep=0, index=0): OrderedDict([('word', 'nominated')])
17.5718 	EXP 	show_condition_text: text = 'nominated'
17.5718 	EXP 	show_condition_text: autoDraw = True
17.5892 	EXP 	show_condition_text: autoDraw = True
17.6056 	EXP 	show_condition_text: autoDraw = True
17.6215 	EXP 	show_condition_text: autoDraw = True
17.6391 	EXP 	show_condition_text: autoDraw = True
17.6552 	EXP 	show_condition_text: autoDraw = True
17.6722 	EXP 	show_condition_text: autoDraw = True
17.6891 	EXP 	show_condition_text: autoDraw = True
17.7062 	EXP 	show_condition_text: autoDraw = True
17.7223 	EXP 	show_condition_text: autoDraw = True
17.7383 	EXP 	show_condition_text: autoDraw = True
17.7551 	EXP 	show_condition_text: autoDraw = True
17.7724 	EXP 	show_condition_text: autoDraw = True
17.7891 	EXP 	show_condition_text: autoDraw = True
17.8055 	EXP 	show_condition_text: autoDraw = True
17.8219 	EXP 	show_condition_text: autoDraw = True
17.8393 	EXP 	show_condition_text: autoDraw = True
17.8555 	EXP 	show_condition_text: autoDraw = True
17.8726 	EXP 	show_condition_text: autoDraw = True
17.8882 	EXP 	show_condition_text: autoDraw = True
17.9056 	EXP 	show_condition_text: autoDraw = True
17.9216 	EXP 	show_condition_text: autoDraw = True
17.9389 	EXP 	show_condition_text: autoDraw = True
17.9557 	EXP 	show_condition_text: autoDraw = True
17.9719 	EXP 	show_condition_text: autoDraw = True
17.9891 	EXP 	show_condition_text: autoDraw = True
18.0063 	EXP 	show_condition_text: autoDraw = True
18.0223 	EXP 	show_condition_text: autoDraw = True
18.0392 	EXP 	show_condition_text: autoDraw = True
18.0553 	EXP 	show_condition_text: autoDraw = True
18.0716 	EXP 	show_condition_text: autoDraw = True
18.0892 	EXP 	show_condition_text: autoDraw = True
18.1058 	EXP 	show_condition_text: autoDraw = True
18.1218 	EXP 	show_condition_text: autoDraw = True
18.1391 	EXP 	show_condition_text: autoDraw = True
18.1549 	EXP 	show_condition_text: autoDraw = True
18.1726 	EXP 	show_condition_text: autoDraw = True
18.1890 	EXP 	show_condition_text: autoDraw = True
18.2059 	EXP 	show_condition_text: autoDraw = True
18.2219 	EXP 	show_condition_text: autoDraw = True
18.2389 	EXP 	show_condition_text: autoDraw = True
18.2551 	EXP 	show_condition_text: autoDraw = True
18.2718 	EXP 	show_condition_text: autoDraw = True
18.2891 	EXP 	show_condition_text: autoDraw = True
18.3059 	EXP 	show_condition_text: autoDraw = True
18.3219 	EXP 	show_condition_text: autoDraw = True
18.3390 	EXP 	show_condition_text: autoDraw = True
18.3559 	EXP 	show_condition_text: autoDraw = True
18.3724 	EXP 	show_condition_text: autoDraw = True
18.3895 	EXP 	show_condition_text: autoDraw = True
18.4055 	EXP 	show_condition_text: autoDraw = True
18.4223 	EXP 	show_condition_text: autoDraw = True
18.4391 	EXP 	show_condition_text: autoDraw = True
18.4553 	EXP 	show_condition_text: autoDraw = True
18.4722 	EXP 	show_condition_text: autoDraw = True
18.4892 	EXP 	show_condition_text: autoDraw = True
18.5056 	EXP 	show_condition_text: autoDraw = True
18.5231 	EXP 	show_condition_text: autoDraw = True
18.5392 	EXP 	show_condition_text: autoDraw = True
18.5550 	EXP 	show_condition_text: autoDraw = True
18.5721 	EXP 	show_condition_text: autoDraw = True
18.5891 	EXP 	show_condition_text: autoDraw = True
18.6053 	EXP 	show_condition_text: autoDraw = True
18.6223 	EXP 	show_condition_text: autoDraw = True
18.6394 	EXP 	show_condition_text: autoDraw = True
18.6556 	EXP 	show_condition_text: autoDraw = True
18.6723 	EXP 	show_condition_text: autoDraw = True
18.6881 	EXP 	show_condition_text: autoDraw = True
18.7057 	EXP 	show_condition_text: autoDraw = True
18.7225 	EXP 	show_condition_text: autoDraw = True
18.7388 	EXP 	show_condition_text: autoDraw = True
18.7555 	EXP 	show_condition_text: autoDraw = True
18.7716 	EXP 	show_condition_text: autoDraw = True
18.7903 	EXP 	show_condition_text: autoDraw = True
18.8054 	EXP 	show_condition_text: autoDraw = True
18.8222 	EXP 	show_condition_text: autoDraw = True
18.8392 	EXP 	show_condition_text: autoDraw = True
18.8555 	EXP 	show_condition_text: autoDraw = True
18.8717 	EXP 	show_condition_text: autoDraw = True
18.8895 	EXP 	show_condition_text: autoDraw = True
18.9057 	EXP 	show_condition_text: autoDraw = True
18.9219 	EXP 	show_condition_text: autoDraw = True
18.9390 	EXP 	show_condition_text: autoDraw = True
18.9558 	EXP 	show_condition_text: autoDraw = True
18.9724 	EXP 	show_condition_text: autoDraw = True
18.9890 	EXP 	show_condition_text: autoDraw = True
19.0058 	EXP 	show_condition_text: autoDraw = True
19.0224 	EXP 	show_condition_text: autoDraw = True
19.0391 	EXP 	show_condition_text: autoDraw = True
19.0559 	EXP 	show_condition_text: autoDraw = True
19.0723 	EXP 	show_condition_text: autoDraw = True
19.0885 	EXP 	show_condition_text: autoDraw = True
19.1055 	EXP 	show_condition_text: autoDraw = True
19.1217 	EXP 	show_condition_text: autoDraw = True
19.1390 	EXP 	show_condition_text: autoDraw = True
19.1554 	EXP 	show_condition_text: autoDraw = True
19.1724 	EXP 	show_condition_text: autoDraw = True
19.1892 	EXP 	show_condition_text: autoDraw = True
19.2049 	EXP 	show_condition_text: autoDraw = True
19.2223 	EXP 	show_condition_text: autoDraw = True
19.2394 	EXP 	show_condition_text: autoDraw = True
19.2555 	EXP 	show_condition_text: autoDraw = True
19.2726 	EXP 	show_condition_text: autoDraw = True
19.2890 	EXP 	show_condition_text: autoDraw = True
19.3051 	EXP 	show_condition_text: autoDraw = True
19.3219 	EXP 	show_condition_text: autoDraw = True
19.3388 	EXP 	show_condition_text: autoDraw = True
19.3552 	EXP 	show_condition_text: autoDraw = True
19.3722 	EXP 	show_condition_text: autoDraw = True
19.3894 	EXP 	show_condition_text: autoDraw = True
19.4058 	EXP 	show_condition_text: autoDraw = True
19.4225 	EXP 	show_condition_text: autoDraw = True
19.4392 	EXP 	show_condition_text: autoDraw = True
19.4556 	EXP 	show_condition_text: autoDraw = True
19.4720 	EXP 	show_condition_text: autoDraw = True
19.4892 	EXP 	show_condition_text: autoDraw = True
19.5055 	EXP 	show_condition_text: autoDraw = True
19.5222 	EXP 	show_condition_text: autoDraw = True
19.5391 	EXP 	show_condition_text: autoDraw = True
19.5552 	EXP 	show_condition_text: autoDraw = True
19.5722 	EXP 	show_condition_text: autoDraw = True
19.5893 	EXP 	show_condition_text: autoDraw = True
19.6060 	EXP 	show_condition_text: autoDraw = True
19.6224 	EXP 	show_condition_text: autoDraw = True
19.6392 	EXP 	show_condition_text: autoDraw = True
19.6560 	EXP 	show_condition_text: autoDraw = True
19.6723 	EXP 	show_condition_text: autoDraw = True
19.6884 	EXP 	show_condition_text: autoDraw = True
19.7058 	EXP 	show_condition_text: autoDraw = True
19.7225 	EXP 	show_condition_text: autoDraw = True
19.7392 	EXP 	show_condition_text: autoDraw = True
19.7550 	EXP 	show_condition_text: autoDraw = True
19.7722 	EXP 	show_condition_text: autoDraw = True
19.7890 	EXP 	show_condition_text: autoDraw = True
19.8060 	EXP 	show_condition_text: autoDraw = True
19.8224 	EXP 	show_condition_text: autoDraw = True
19.8391 	EXP 	show_condition_text: autoDraw = True
19.8557 	EXP 	show_condition_text: autoDraw = True
19.8722 	EXP 	show_condition_text: autoDraw = True
19.8892 	EXP 	show_condition_text: autoDraw = True
19.9051 	EXP 	show_condition_text: autoDraw = True
19.9226 	EXP 	show_condition_text: autoDraw = True
19.9393 	EXP 	show_condition_text: autoDraw = True
19.9554 	EXP 	show_condition_text: autoDraw = True
19.9727 	EXP 	show_condition_text: autoDraw = True
19.9891 	EXP 	show_condition_text: autoDraw = True
20.0053 	EXP 	show_condition_text: autoDraw = True
20.0222 	EXP 	show_condition_text: autoDraw = True
20.0392 	EXP 	show_condition_text: autoDraw = True
20.0558 	EXP 	show_condition_text: autoDraw = True
20.0718 	EXP 	show_condition_text: autoDraw = True
20.0892 	EXP 	show_condition_text: autoDraw = True
20.1052 	EXP 	show_condition_text: autoDraw = True
20.1222 	EXP 	show_condition_text: autoDraw = True
20.1391 	EXP 	show_condition_text: autoDraw = True
20.1556 	EXP 	show_condition_text: autoDraw = True
20.1727 	EXP 	show_condition_text: autoDraw = True
20.1892 	EXP 	show_condition_text: autoDraw = True
20.2058 	EXP 	show_condition_text: autoDraw = True
20.2223 	EXP 	show_condition_text: autoDraw = True
20.2391 	EXP 	show_condition_text: autoDraw = True
20.2559 	EXP 	show_condition_text: autoDraw = True
20.2726 	EXP 	show_condition_text: autoDraw = True
20.2894 	EXP 	show_condition_text: autoDraw = True
20.3058 	EXP 	show_condition_text: autoDraw = True
20.3223 	EXP 	show_condition_text: autoDraw = True
20.3382 	EXP 	show_condition_text: autoDraw = True
20.3554 	EXP 	show_condition_text: autoDraw = True
20.3724 	EXP 	show_condition_text: autoDraw = True
20.3889 	EXP 	show_condition_text: autoDraw = True
20.4058 	EXP 	show_condition_text: autoDraw = True
20.4218 	EXP 	show_condition_text: autoDraw = True
20.4385 	EXP 	show_condition_text: autoDraw = True
20.4553 	EXP 	show_condition_text: autoDraw = True
20.4718 	EXP 	show_condition_text: autoDraw = True
20.4891 	EXP 	show_condition_text: autoDraw = True
20.5053 	EXP 	show_condition_text: autoDraw = True
20.5223 	EXP 	show_condition_text: autoDraw = True
20.5392 	EXP 	show_condition_text: autoDraw = True
20.5558 	EXP 	show_condition_text: autoDraw = True
20.5723 	EXP 	show_condition_text: autoDraw = True
20.5893 	EXP 	show_condition_text: autoDraw = True
20.6051 	EXP 	show_condition_text: autoDraw = True
20.6217 	EXP 	show_condition_text: autoDraw = True
20.6392 	EXP 	show_condition_text: autoDraw = True
20.6556 	EXP 	show_condition_text: autoDraw = True
20.6720 	EXP 	show_condition_text: autoDraw = True
20.6890 	EXP 	show_condition_text: autoDraw = True
20.7057 	EXP 	show_condition_text: autoDraw = True
20.7219 	EXP 	show_condition_text: autoDraw = True
20.7390 	EXP 	show_condition_text: autoDraw = True
20.7556 	EXP 	show_condition_text: autoDraw = True
20.7720 	EXP 	show_condition_text: autoDraw = True
20.7891 	EXP 	show_condition_text: autoDraw = True
20.8054 	EXP 	show_condition_text: autoDraw = True
20.8224 	EXP 	show_condition_text: autoDraw = True
20.8389 	EXP 	show_condition_text: autoDraw = True
20.8556 	EXP 	show_condition_text: autoDraw = True
20.8721 	EXP 	show_condition_text: autoDraw = True
20.8891 	EXP 	show_condition_text: autoDraw = True
20.9053 	EXP 	show_condition_text: autoDraw = True
20.9227 	EXP 	show_condition_text: autoDraw = True
20.9392 	EXP 	show_condition_text: autoDraw = True
20.9555 	EXP 	show_condition_text: autoDraw = True
20.9726 	EXP 	show_condition_text: autoDraw = True
20.9890 	EXP 	show_condition_text: autoDraw = True
21.0059 	EXP 	show_condition_text: autoDraw = True
21.0224 	EXP 	show_condition_text: autoDraw = True
21.0385 	EXP 	show_condition_text: autoDraw = True
21.0554 	EXP 	show_condition_text: autoDraw = True
21.0726 	EXP 	show_condition_text: autoDraw = True
21.0888 	EXP 	show_condition_text: autoDraw = True
21.1057 	EXP 	show_condition_text: autoDraw = True
21.1227 	EXP 	show_condition_text: autoDraw = True
21.1389 	EXP 	show_condition_text: autoDraw = True
21.1547 	EXP 	show_condition_text: autoDraw = True
21.1725 	EXP 	show_condition_text: autoDraw = True
21.1888 	EXP 	show_condition_text: autoDraw = True
21.2055 	EXP 	show_condition_text: autoDraw = True
21.2226 	EXP 	show_condition_text: autoDraw = True
21.2391 	EXP 	show_condition_text: autoDraw = True
21.2548 	EXP 	show_condition_text: autoDraw = True
21.2718 	EXP 	show_condition_text: autoDraw = True
21.2891 	EXP 	show_condition_text: autoDraw = True
21.3051 	EXP 	show_condition_text: autoDraw = True
21.3219 	EXP 	show_condition_text: autoDraw = True
21.3391 	EXP 	show_condition_text: autoDraw = True
21.3552 	EXP 	show_condition_text: autoDraw = True
21.3722 	EXP 	show_condition_text: autoDraw = True
21.3890 	EXP 	show_condition_text: autoDraw = True
21.4059 	EXP 	show_condition_text: autoDraw = True
21.4214 	EXP 	show_condition_text: autoDraw = True
21.4392 	EXP 	show_condition_text: autoDraw = True
21.4547 	EXP 	show_condition_text: autoDraw = True
21.4724 	EXP 	show_condition_text: autoDraw = True
21.4894 	EXP 	show_condition_text: autoDraw = True
21.5057 	EXP 	show_condition_text: autoDraw = True
21.5220 	EXP 	show_condition_text: autoDraw = True
21.5395 	EXP 	show_condition_text: autoDraw = True
21.5553 	EXP 	show_condition_text: autoDraw = True
21.5720 	EXP 	show_condition_text: autoDraw = True
21.5896 	EXP 	show_condition_text: autoDraw = True
21.6057 	EXP 	show_condition_text: autoDraw = True
21.6219 	EXP 	show_condition_text: autoDraw = True
21.6389 	EXP 	show_condition_text: autoDraw = True
21.6549 	EXP 	show_condition_text: autoDraw = True
21.6725 	EXP 	show_condition_text: autoDraw = True
21.6891 	EXP 	show_condition_text: autoDraw = True
21.7056 	EXP 	show_condition_text: autoDraw = True
21.7217 	EXP 	show_condition_text: autoDraw = True
21.7391 	EXP 	show_condition_text: autoDraw = True
21.7556 	EXP 	show_condition_text: autoDraw = True
21.7716 	EXP 	show_condition_text: autoDraw = True
21.7890 	EXP 	show_condition_text: autoDraw = True
21.8052 	EXP 	show_condition_text: autoDraw = True
21.8215 	EXP 	show_condition_text: autoDraw = True
21.8393 	EXP 	show_condition_text: autoDraw = True
21.8555 	EXP 	show_condition_text: autoDraw = True
21.8724 	EXP 	show_condition_text: autoDraw = True
21.8883 	EXP 	show_condition_text: autoDraw = True
21.9055 	EXP 	show_condition_text: autoDraw = True
21.9222 	EXP 	show_condition_text: autoDraw = True
21.9391 	EXP 	show_condition_text: autoDraw = True
21.9556 	EXP 	show_condition_text: autoDraw = True
21.9724 	EXP 	show_condition_text: autoDraw = True
21.9890 	EXP 	show_condition_text: autoDraw = True
22.0057 	EXP 	show_condition_text: autoDraw = True
22.0222 	EXP 	show_condition_text: autoDraw = True
22.0390 	EXP 	show_condition_text: autoDraw = True
22.0563 	EXP 	show_condition_text: autoDraw = True
22.0718 	EXP 	show_condition_text: autoDraw = True
22.0894 	EXP 	show_condition_text: autoDraw = True
22.1054 	EXP 	show_condition_text: autoDraw = True
22.1223 	EXP 	show_condition_text: autoDraw = True
22.1381 	EXP 	show_condition_text: autoDraw = True
22.1559 	EXP 	show_condition_text: autoDraw = True
22.1723 	EXP 	show_condition_text: autoDraw = True
22.1891 	EXP 	show_condition_text: autoDraw = True
22.2054 	EXP 	show_condition_text: autoDraw = True
22.2225 	EXP 	show_condition_text: autoDraw = True
22.2392 	EXP 	show_condition_text: autoDraw = True
22.2557 	EXP 	show_condition_text: autoDraw = True
22.2725 	EXP 	show_condition_text: autoDraw = True
22.2889 	EXP 	show_condition_text: autoDraw = True
22.3052 	EXP 	show_condition_text: autoDraw = True
22.3221 	EXP 	show_condition_text: autoDraw = True
22.3390 	EXP 	show_condition_text: autoDraw = True
22.3555 	EXP 	show_condition_text: autoDraw = True
22.3724 	EXP 	show_condition_text: autoDraw = True
22.3898 	EXP 	show_condition_text: autoDraw = True
22.4051 	EXP 	show_condition_text: autoDraw = True
22.4223 	EXP 	show_condition_text: autoDraw = True
22.4391 	EXP 	show_condition_text: autoDraw = True
22.4554 	EXP 	show_condition_text: autoDraw = True
22.4724 	EXP 	show_condition_text: autoDraw = True
22.4888 	EXP 	show_condition_text: autoDraw = True
22.5055 	EXP 	show_condition_text: autoDraw = True
22.5222 	EXP 	show_condition_text: autoDraw = True
22.5394 	EXP 	show_condition_text: autoDraw = True
22.5556 	EXP 	show_condition_text: autoDraw = True
22.5725 	EXP 	show_condition_text: autoDraw = True
22.5890 	EXP 	show_condition_text: autoDraw = True
22.6054 	EXP 	show_condition_text: autoDraw = True
22.6222 	EXP 	show_condition_text: autoDraw = True
22.6391 	EXP 	show_condition_text: autoDraw = True
22.6552 	EXP 	show_condition_text: autoDraw = True
22.6718 	EXP 	show_condition_text: autoDraw = True
22.6892 	EXP 	show_condition_text: autoDraw = True
22.7058 	EXP 	show_condition_text: autoDraw = True
22.7224 	EXP 	show_condition_text: autoDraw = True
22.7383 	EXP 	show_condition_text: autoDraw = True
22.7555 	EXP 	show_condition_text: autoDraw = True
22.7720 	EXP 	show_condition_text: autoDraw = True
22.7890 	EXP 	show_condition_text: autoDraw = True
22.8049 	EXP 	show_condition_text: autoDraw = True
22.8223 	EXP 	show_condition_text: autoDraw = True
22.8382 	EXP 	show_condition_text: autoDraw = True
22.8553 	EXP 	show_condition_text: autoDraw = True
22.8722 	EXP 	show_condition_text: autoDraw = True
22.8892 	EXP 	show_condition_text: autoDraw = True
22.9056 	EXP 	show_condition_text: autoDraw = True
22.9223 	EXP 	show_condition_text: autoDraw = True
22.9392 	EXP 	show_condition_text: autoDraw = True
22.9556 	EXP 	show_condition_text: autoDraw = True
22.9717 	EXP 	show_condition_text: autoDraw = True
22.9891 	EXP 	show_condition_text: autoDraw = True
23.0055 	EXP 	show_condition_text: autoDraw = True
23.0221 	EXP 	show_condition_text: autoDraw = True
23.0394 	EXP 	show_condition_text: autoDraw = True
23.0555 	EXP 	show_condition_text: autoDraw = True
23.0725 	EXP 	show_condition_text: autoDraw = True
23.0889 	EXP 	show_condition_text: autoDraw = True
23.1058 	EXP 	show_condition_text: autoDraw = True
23.1223 	EXP 	show_condition_text: autoDraw = True
23.1380 	EXP 	show_condition_text: autoDraw = True
23.1558 	EXP 	show_condition_text: autoDraw = True
23.1723 	EXP 	show_condition_text: autoDraw = True
23.1884 	EXP 	show_condition_text: autoDraw = True
23.2055 	EXP 	show_condition_text: autoDraw = True
23.2222 	EXP 	show_condition_text: autoDraw = True
23.2389 	EXP 	show_condition_text: autoDraw = True
23.2552 	EXP 	show_condition_text: autoDraw = True
23.2723 	EXP 	show_condition_text: autoDraw = True
23.2894 	EXP 	show_condition_text: autoDraw = True
23.3054 	EXP 	show_condition_text: autoDraw = True
23.3217 	EXP 	show_condition_text: autoDraw = True
23.3390 	EXP 	show_condition_text: autoDraw = True
23.3553 	EXP 	show_condition_text: autoDraw = True
23.3716 	EXP 	show_condition_text: autoDraw = True
23.3892 	EXP 	show_condition_text: autoDraw = True
23.4056 	EXP 	show_condition_text: autoDraw = True
23.4220 	EXP 	show_condition_text: autoDraw = True
23.4392 	EXP 	show_condition_text: autoDraw = True
23.4551 	EXP 	show_condition_text: autoDraw = True
23.4722 	EXP 	show_condition_text: autoDraw = True
23.4891 	EXP 	show_condition_text: autoDraw = True
23.5049 	EXP 	show_condition_text: autoDraw = True
23.5224 	EXP 	show_condition_text: autoDraw = True
23.5392 	EXP 	show_condition_text: autoDraw = True
23.5553 	EXP 	show_condition_text: autoDraw = True
23.5725 	EXP 	show_condition_text: autoDraw = True
23.5891 	EXP 	show_condition_text: autoDraw = True
23.6057 	EXP 	show_condition_text: autoDraw = True
23.6220 	EXP 	show_condition_text: autoDraw = True
23.6392 	EXP 	show_condition_text: autoDraw = True
23.6548 	EXP 	show_condition_text: autoDraw = True
23.6576 	DATA 	Keypress: space
23.6722 	EXP 	show_condition_text: autoDraw = True
23.6890 	EXP 	show_condition_text: autoDraw = True
23.7049 	EXP 	show_condition_text: autoDraw = True
23.7220 	EXP 	show_condition_text: autoDraw = True
23.7394 	EXP 	show_condition_text: autoDraw = True
23.7557 	EXP 	show_condition_text: autoDraw = True
23.7720 	EXP 	show_condition_text: autoDraw = True
23.7891 	EXP 	show_condition_text: autoDraw = True
23.8050 	EXP 	show_condition_text: autoDraw = True
23.8224 	EXP 	show_condition_text: autoDraw = True
23.8391 	EXP 	show_condition_text: autoDraw = True
23.8558 	EXP 	show_condition_text: autoDraw = True
23.8723 	EXP 	show_condition_text: autoDraw = True
23.8891 	EXP 	show_condition_text: autoDraw = True
23.9054 	EXP 	show_condition_text: autoDraw = True
23.9228 	EXP 	show_condition_text: autoDraw = True
23.9391 	EXP 	show_condition_text: autoDraw = True
23.9549 	EXP 	show_condition_text: autoDraw = True
23.9722 	EXP 	show_condition_text: autoDraw = True
23.9893 	EXP 	show_condition_text: autoDraw = True
24.0059 	EXP 	show_condition_text: autoDraw = True
24.0222 	EXP 	show_condition_text: autoDraw = True
24.0390 	EXP 	show_condition_text: autoDraw = True
24.0549 	EXP 	show_condition_text: autoDraw = True
24.0719 	EXP 	show_condition_text: autoDraw = True
24.0891 	EXP 	show_condition_text: autoDraw = True
24.1057 	EXP 	show_condition_text: autoDraw = True
24.1227 	EXP 	show_condition_text: autoDraw = True
24.1392 	EXP 	show_condition_text: autoDraw = True
24.1556 	EXP 	show_condition_text: autoDraw = True
24.1719 	EXP 	show_condition_text: autoDraw = True
24.1893 	EXP 	show_condition_text: autoDraw = True
24.2056 	EXP 	show_condition_text: autoDraw = True
24.2216 	EXP 	show_condition_text: autoDraw = True
24.2390 	EXP 	show_condition_text: autoDraw = True
24.2420 	DATA 	Keypress: space
24.2554 	EXP 	show_condition_text: autoDraw = True
24.2724 	EXP 	show_condition_text: autoDraw = True
24.2893 	EXP 	show_condition_text: autoDraw = True
24.3053 	EXP 	show_condition_text: autoDraw = True
24.3222 	EXP 	show_condition_text: autoDraw = True
24.3392 	EXP 	show_condition_text: autoDraw = True
24.3558 	EXP 	show_condition_text: autoDraw = True
24.3720 	EXP 	show_condition_text: autoDraw = True
24.3891 	EXP 	show_condition_text: autoDraw = True
24.4059 	EXP 	show_condition_text: autoDraw = True
24.4223 	EXP 	show_condition_text: autoDraw = True
24.4391 	EXP 	show_condition_text: autoDraw = True
24.4554 	EXP 	show_condition_text: autoDraw = True
24.4724 	EXP 	show_condition_text: autoDraw = True
24.4892 	EXP 	show_condition_text: autoDraw = True
24.5052 	EXP 	show_condition_text: autoDraw = True
24.5222 	EXP 	show_condition_text: autoDraw = True
24.5391 	EXP 	show_condition_text: autoDraw = True
24.5555 	EXP 	show_condition_text: autoDraw = True
24.5720 	EXP 	show_condition_text: autoDraw = True
24.5891 	EXP 	show_condition_text: autoDraw = True
24.6054 	EXP 	show_condition_text: autoDraw = True
24.6221 	EXP 	show_condition_text: autoDraw = True
24.6393 	EXP 	show_condition_text: autoDraw = True
24.6557 	EXP 	show_condition_text: autoDraw = True
24.6716 	EXP 	show_condition_text: autoDraw = True
24.6889 	EXP 	show_condition_text: autoDraw = True
24.7050 	EXP 	show_condition_text: autoDraw = True
24.7232 	EXP 	show_condition_text: autoDraw = True
24.7262 	DATA 	Keypress: space
24.7385 	EXP 	show_condition_text: autoDraw = True
24.7558 	EXP 	show_condition_text: autoDraw = True
24.7723 	EXP 	show_condition_text: autoDraw = True
24.7889 	EXP 	show_condition_text: autoDraw = True
24.8049 	EXP 	show_condition_text: autoDraw = True
24.8218 	EXP 	show_condition_text: autoDraw = True
24.8389 	EXP 	show_condition_text: autoDraw = True
24.8561 	EXP 	show_condition_text: autoDraw = True
24.8719 	EXP 	show_condition_text: autoDraw = True
24.8890 	EXP 	show_condition_text: autoDraw = True
24.9056 	EXP 	show_condition_text: autoDraw = True
24.9217 	EXP 	show_condition_text: autoDraw = True
24.9393 	EXP 	show_condition_text: autoDraw = True
24.9553 	EXP 	show_condition_text: autoDraw = True
24.9723 	EXP 	show_condition_text: autoDraw = True
24.9890 	EXP 	show_condition_text: autoDraw = True
25.0051 	EXP 	show_condition_text: autoDraw = True
25.0215 	EXP 	show_condition_text: autoDraw = True
25.0393 	EXP 	show_condition_text: autoDraw = True
25.0560 	EXP 	show_condition_text: autoDraw = True
25.0722 	EXP 	show_condition_text: autoDraw = True
25.0891 	EXP 	show_condition_text: autoDraw = True
25.1050 	EXP 	show_condition_text: autoDraw = True
25.1225 	EXP 	show_condition_text: autoDraw = True
25.1389 	EXP 	show_condition_text: autoDraw = True
25.1556 	EXP 	show_condition_text: autoDraw = True
25.1722 	EXP 	show_condition_text: autoDraw = True
25.1891 	EXP 	show_condition_text: autoDraw = True
25.2051 	EXP 	show_condition_text: autoDraw = True
25.2219 	EXP 	show_condition_text: autoDraw = True
25.2393 	EXP 	show_condition_text: autoDraw = True
25.2553 	EXP 	show_condition_text: autoDraw = True
25.2714 	EXP 	show_condition_text: autoDraw = True
25.2892 	EXP 	show_condition_text: autoDraw = True
25.3057 	EXP 	show_condition_text: autoDraw = True
25.3220 	EXP 	show_condition_text: autoDraw = True
25.3387 	EXP 	show_condition_text: autoDraw = True
25.3559 	EXP 	show_condition_text: autoDraw = True
25.3723 	EXP 	show_condition_text: autoDraw = True
25.3891 	EXP 	show_condition_text: autoDraw = True
25.4058 	EXP 	show_condition_text: autoDraw = True
25.4219 	EXP 	show_condition_text: autoDraw = True
25.4391 	EXP 	show_condition_text: autoDraw = True
25.4548 	EXP 	show_condition_text: autoDraw = True
25.4726 	EXP 	show_condition_text: autoDraw = True
25.4891 	EXP 	show_condition_text: autoDraw = True
25.5058 	EXP 	show_condition_text: autoDraw = True
25.5216 	EXP 	show_condition_text: autoDraw = True
25.5390 	EXP 	show_condition_text: autoDraw = True
25.5558 	EXP 	show_condition_text: autoDraw = True
25.5721 	EXP 	show_condition_text: autoDraw = True
25.5890 	EXP 	show_condition_text: autoDraw = True
25.6057 	EXP 	show_condition_text: autoDraw = True
25.6225 	EXP 	show_condition_text: autoDraw = True
25.6390 	EXP 	show_condition_text: autoDraw = True
25.6556 	EXP 	show_condition_text: autoDraw = True
25.6720 	EXP 	show_condition_text: autoDraw = True
25.6892 	EXP 	show_condition_text: autoDraw = True
25.7056 	EXP 	show_condition_text: autoDraw = True
25.7224 	EXP 	show_condition_text: autoDraw = True
25.7392 	EXP 	show_condition_text: autoDraw = True
25.7554 	EXP 	show_condition_text: autoDraw = True
25.7725 	EXP 	show_condition_text: autoDraw = True
25.7892 	EXP 	show_condition_text: autoDraw = True
25.8055 	EXP 	show_condition_text: autoDraw = True
25.8224 	EXP 	show_condition_text: autoDraw = True
25.8387 	EXP 	show_condition_text: autoDraw = True
25.8559 	EXP 	show_condition_text: autoDraw = True
25.8724 	EXP 	show_condition_text: autoDraw = True
25.8891 	EXP 	show_condition_text: autoDraw = True
25.9059 	EXP 	show_condition_text: autoDraw = True
25.9215 	EXP 	show_condition_text: autoDraw = True
25.9387 	EXP 	show_condition_text: autoDraw = True
25.9557 	EXP 	show_condition_text: autoDraw = True
25.9726 	EXP 	show_condition_text: autoDraw = True
25.9891 	EXP 	show_condition_text: autoDraw = True
26.0056 	EXP 	show_condition_text: autoDraw = True
26.0223 	EXP 	show_condition_text: autoDraw = True
26.0392 	EXP 	show_condition_text: autoDraw = True
26.0556 	EXP 	show_condition_text: autoDraw = True
26.0724 	EXP 	show_condition_text: autoDraw = True
26.0886 	EXP 	show_condition_text: autoDraw = True
26.1047 	EXP 	show_condition_text: autoDraw = True
26.1220 	EXP 	show_condition_text: autoDraw = True
26.1392 	EXP 	show_condition_text: autoDraw = True
26.1559 	EXP 	show_condition_text: autoDraw = True
26.1724 	EXP 	show_condition_text: autoDraw = True
26.1892 	EXP 	show_condition_text: autoDraw = True
26.2052 	EXP 	show_condition_text: autoDraw = True
26.2221 	EXP 	show_condition_text: autoDraw = True
26.2393 	EXP 	show_condition_text: autoDraw = True
26.2555 	EXP 	show_condition_text: autoDraw = True
26.2716 	EXP 	show_condition_text: autoDraw = True
26.2890 	EXP 	show_condition_text: autoDraw = True
26.3057 	EXP 	show_condition_text: autoDraw = True
26.3221 	EXP 	show_condition_text: autoDraw = True
26.3391 	EXP 	show_condition_text: autoDraw = True
26.3550 	EXP 	show_condition_text: autoDraw = True
26.3733 	EXP 	show_condition_text: autoDraw = True
26.3892 	EXP 	show_condition_text: autoDraw = True
26.4050 	EXP 	show_condition_text: autoDraw = True
26.4225 	EXP 	show_condition_text: autoDraw = True
26.4391 	EXP 	show_condition_text: autoDraw = True
26.4555 	EXP 	show_condition_text: autoDraw = True
26.4718 	EXP 	show_condition_text: autoDraw = True
26.4892 	EXP 	show_condition_text: autoDraw = True
26.5054 	EXP 	show_condition_text: autoDraw = True
26.5227 	EXP 	show_condition_text: autoDraw = True
26.5392 	EXP 	show_condition_text: autoDraw = True
26.5556 	EXP 	show_condition_text: autoDraw = True
26.5722 	EXP 	show_condition_text: autoDraw = True
26.5893 	EXP 	show_condition_text: autoDraw = True
26.6052 	EXP 	show_condition_text: autoDraw = True
26.6222 	EXP 	show_condition_text: autoDraw = True
26.6391 	EXP 	show_condition_text: autoDraw = True
26.6554 	EXP 	show_condition_text: autoDraw = True
26.6725 	EXP 	show_condition_text: autoDraw = True
26.6893 	EXP 	show_condition_text: autoDraw = True
26.7057 	EXP 	show_condition_text: autoDraw = True
26.7224 	EXP 	show_condition_text: autoDraw = True
26.7388 	EXP 	show_condition_text: autoDraw = True
26.7552 	EXP 	show_condition_text: autoDraw = True
26.7716 	EXP 	show_condition_text: autoDraw = True
26.7893 	EXP 	show_condition_text: autoDraw = True
26.8057 	EXP 	show_condition_text: autoDraw = True
26.8217 	EXP 	show_condition_text: autoDraw = True
26.8392 	EXP 	show_condition_text: autoDraw = True
26.8556 	EXP 	show_condition_text: autoDraw = True
26.8719 	EXP 	show_condition_text: autoDraw = True
26.8895 	EXP 	show_condition_text: autoDraw = True
26.9055 	EXP 	show_condition_text: autoDraw = True
26.9225 	EXP 	show_condition_text: autoDraw = True
26.9392 	EXP 	show_condition_text: autoDraw = True
26.9557 	EXP 	show_condition_text: autoDraw = True
26.9721 	EXP 	show_condition_text: autoDraw = True
26.9881 	EXP 	show_condition_text: autoDraw = True
27.0049 	EXP 	show_condition_text: autoDraw = True
27.0222 	EXP 	show_condition_text: autoDraw = True
27.0388 	EXP 	show_condition_text: autoDraw = True
27.0556 	EXP 	show_condition_text: autoDraw = True
27.0721 	EXP 	show_condition_text: autoDraw = True
27.0892 	EXP 	show_condition_text: autoDraw = True
27.1054 	EXP 	show_condition_text: autoDraw = True
27.1221 	EXP 	show_condition_text: autoDraw = True
27.1392 	EXP 	show_condition_text: autoDraw = True
27.1547 	EXP 	show_condition_text: autoDraw = True
27.1721 	EXP 	show_condition_text: autoDraw = True
27.1893 	EXP 	show_condition_text: autoDraw = True
27.2054 	EXP 	show_condition_text: autoDraw = True
27.2222 	EXP 	show_condition_text: autoDraw = True
27.2392 	EXP 	show_condition_text: autoDraw = True
27.2555 	EXP 	show_condition_text: autoDraw = True
27.2714 	EXP 	show_condition_text: autoDraw = True
27.2892 	EXP 	show_condition_text: autoDraw = True
27.3050 	EXP 	show_condition_text: autoDraw = True
27.3220 	EXP 	show_condition_text: autoDraw = True
27.3394 	EXP 	show_condition_text: autoDraw = True
27.3559 	EXP 	show_condition_text: autoDraw = True
27.3723 	EXP 	show_condition_text: autoDraw = True
27.3890 	EXP 	show_condition_text: autoDraw = True
27.4054 	EXP 	show_condition_text: autoDraw = True
27.4216 	EXP 	show_condition_text: autoDraw = True
27.4391 	EXP 	show_condition_text: autoDraw = True
27.4556 	EXP 	show_condition_text: autoDraw = True
27.4725 	EXP 	show_condition_text: autoDraw = True
27.4891 	EXP 	show_condition_text: autoDraw = True
27.5054 	EXP 	show_condition_text: autoDraw = True
27.5216 	EXP 	show_condition_text: autoDraw = True
27.5391 	EXP 	show_condition_text: autoDraw = True
27.5552 	EXP 	show_condition_text: autoDraw = True
27.5724 	EXP 	show_condition_text: autoDraw = True
27.5884 	EXP 	show_condition_text: autoDraw = True
27.6049 	EXP 	show_condition_text: autoDraw = True
27.6221 	EXP 	show_condition_text: autoDraw = True
27.6388 	EXP 	show_condition_text: autoDraw = True
27.6553 	EXP 	show_condition_text: autoDraw = True
27.6722 	EXP 	show_condition_text: autoDraw = True
27.6883 	EXP 	show_condition_text: autoDraw = True
27.7056 	EXP 	show_condition_text: autoDraw = True
27.7219 	EXP 	show_condition_text: autoDraw = True
27.7393 	EXP 	show_condition_text: autoDraw = True
27.7554 	EXP 	show_condition_text: autoDraw = True
27.7592 	DATA 	Keypress: escape
27.7722 	EXP 	show_condition_text: autoDraw = True
27.7891 	EXP 	show_condition_text: autoDraw = True
27.8056 	EXP 	show_condition_text: autoDraw = True
27.8221 	EXP 	show_condition_text: autoDraw = True
27.8392 	EXP 	show_condition_text: autoDraw = True
27.8548 	EXP 	show_condition_text: autoDraw = True
27.8717 	EXP 	show_condition_text: autoDraw = True
27.8892 	EXP 	show_condition_text: autoDraw = True
27.9050 	EXP 	show_condition_text: autoDraw = True
27.9217 	EXP 	show_condition_text: autoDraw = True
27.9389 	EXP 	show_condition_text: autoDraw = True
28.2166 	EXP 	window1: mouseVisible = True
