8.0394 	WARNING 	User requested fullscreen with size [1024  768], but screen is actually [1440, 900]. Using actual size
8.8568 	EXP 	Created window1 = Window(allowGUI=False, allowStencil=False, args=UNKNOWN, autoLog=True, bitsMode=UNKNOWN, blendMode='avg', color=array([0., 0., 0.]), colorSpace='rgb', fullscr=<method-wrapper '__getattribute__' of attributeSetter object at 0x131ced8d0>, gamma=None, gammaErrorPolicy='raise', kwargs=UNKNOWN, lms=UNKNOWN, monitor=<psychopy.monitors.calibTools.Monitor object at 0x132d0ed68>, multiSample=False, name='window1', numSamples=2, pos=[360.0, 225.0], screen=0, size=array([2880, 1800]), stereo=False, units='height', useFBO=True, useRetina=True, viewOri=0.0, viewPos=None, viewScale=None, waitBlanking=True, winType='pyglet')
8.8569 	EXP 	window1: recordFrameIntervals = False
9.0233 	EXP 	window1: recordFrameIntervals = True
9.2055 	EXP 	window1: recordFrameIntervals = False
9.6730 	EXP 	Created instructions_text = TextStim(__class__=<class 'psychopy.visual.text.TextStim'>, alignHoriz='center', alignVert='center', antialias=True, autoLog=True, bold=False, color='white', colorSpace='named', contrast=1.0, depth=0.0, flipHoriz=False, flipVert=False, font='Arial', fontFiles=[], height=0.1, italic=False, languageStyle='LTR', name='instructions_text', opacity=1.0, ori=0, pos=array([0., 0.]), rgb=array([255., 255., 255.]), text='Welcome!', units='height', win=Window(...), wrapWidth=1)
9.7258 	EXP 	Created show_condition_text = TextStim(__class__=<class 'psychopy.visual.text.TextStim'>, alignHoriz='center', alignVert='center', antialias=True, autoLog=True, bold=False, color='white', colorSpace='named', contrast=1.0, depth=0.0, flipHoriz=False, flipVert=False, font='Arial', fontFiles=[], height=0.1, italic=False, languageStyle='LTR', name='show_condition_text', opacity=1.0, ori=0, pos=array([0., 0.]), rgb=array([255., 255., 255.]), text='default text', units='height', win=Window(...), wrapWidth=1)
9.7567 	EXP 	instructions_text: autoDraw = True
9.9968 	EXP 	Imported csvs/noise_conditions.csv as conditions, 4 conditions, 1 params
9.9972 	EXP 	Created sequence: random, trialTypes=4, nReps=1, seed=None
10.2659 	EXP 	window1: mouseVisible = True
12.4783 	WARNING 	User requested fullscreen with size [1024  768], but screen is actually [1440, 900]. Using actual size
13.1783 	EXP 	Created window1 = Window(allowGUI=False, allowStencil=False, args=UNKNOWN, autoLog=True, bitsMode=UNKNOWN, blendMode='avg', color=array([0., 0., 0.]), colorSpace='rgb', fullscr=<method-wrapper '__getattribute__' of attributeSetter object at 0x13128d898>, gamma=None, gammaErrorPolicy='raise', kwargs=UNKNOWN, lms=UNKNOWN, monitor=<psychopy.monitors.calibTools.Monitor object at 0x132d8a588>, multiSample=False, name='window1', numSamples=2, pos=[360.0, 225.0], screen=0, size=array([2880, 1800]), stereo=False, units='height', useFBO=True, useRetina=True, viewOri=0.0, viewPos=None, viewScale=None, waitBlanking=True, winType='pyglet')
13.1783 	EXP 	window1: recordFrameIntervals = False
13.3431 	EXP 	window1: recordFrameIntervals = True
13.5253 	EXP 	window1: recordFrameIntervals = False
13.9418 	EXP 	Created instructions_text = TextStim(__class__=<class 'psychopy.visual.text.TextStim'>, alignHoriz='center', alignVert='center', antialias=True, autoLog=True, bold=False, color='white', colorSpace='named', contrast=1.0, depth=0.0, flipHoriz=False, flipVert=False, font='Arial', fontFiles=[], height=0.1, italic=False, languageStyle='LTR', name='instructions_text', opacity=1.0, ori=0, pos=array([0., 0.]), rgb=array([255., 255., 255.]), text='Welcome!', units='height', win=Window(...), wrapWidth=1)
13.9954 	EXP 	Created show_condition_text = TextStim(__class__=<class 'psychopy.visual.text.TextStim'>, alignHoriz='center', alignVert='center', antialias=True, autoLog=True, bold=False, color='white', colorSpace='named', contrast=1.0, depth=0.0, flipHoriz=False, flipVert=False, font='Arial', fontFiles=[], height=0.1, italic=False, languageStyle='LTR', name='show_condition_text', opacity=1.0, ori=0, pos=array([0., 0.]), rgb=array([255., 255., 255.]), text='default text', units='height', win=Window(...), wrapWidth=1)
14.0264 	EXP 	instructions_text: autoDraw = True
14.3650 	EXP 	Imported csvs/noise_conditions.csv as conditions, 4 conditions, 1 params
14.3655 	EXP 	Created sequence: random, trialTypes=4, nReps=1, seed=None
14.3658 	EXP 	New trial (rep=0, index=0): OrderedDict([('condition', 3)])
14.3693 	EXP 	Imported csvs/condition_3_wlists_indices.csv as conditions, 8 conditions, 1 params
14.3695 	EXP 	Created sequence: random, trialTypes=8, nReps=1, seed=None
14.3697 	EXP 	New trial (rep=0, index=0): OrderedDict([('wlist_index', 11)])
14.3728 	EXP 	Imported csvs/11.csv as conditions, 11 conditions, 1 params
14.3731 	EXP 	Created sequence: random, trialTypes=11, nReps=1, seed=None
14.3733 	EXP 	New trial (rep=0, index=0): OrderedDict([('word', 'throwing')])
14.3943 	DATA 	Keypress: space
14.4085 	EXP 	instructions_text: autoDraw = False
14.4085 	EXP 	show_condition_text: text = 'throwing'
14.4085 	EXP 	show_condition_text: autoDraw = True
14.4090 	EXP 	New trial (rep=0, index=1): OrderedDict([('word', 'boom')])
14.4255 	EXP 	show_condition_text: autoDraw = False
14.4255 	EXP 	show_condition_text: text = 'boom'
14.4255 	EXP 	show_condition_text: autoDraw = True
14.4261 	EXP 	New trial (rep=0, index=2): OrderedDict([('word', 'satisfactory')])
14.4584 	EXP 	show_condition_text: autoDraw = False
14.4584 	EXP 	show_condition_text: text = 'satisfactory'
14.4584 	EXP 	show_condition_text: autoDraw = True
14.4591 	EXP 	New trial (rep=0, index=3): OrderedDict([('word', 'security')])
14.4761 	EXP 	show_condition_text: autoDraw = False
14.4761 	EXP 	show_condition_text: text = 'security'
14.4761 	EXP 	show_condition_text: autoDraw = True
14.4765 	EXP 	New trial (rep=0, index=4): OrderedDict([('word', 'resorts')])
14.4940 	EXP 	show_condition_text: autoDraw = False
14.4940 	EXP 	show_condition_text: text = 'resorts'
14.4940 	EXP 	show_condition_text: autoDraw = True
14.4947 	EXP 	New trial (rep=0, index=5): OrderedDict([('word', 'events')])
14.5251 	EXP 	show_condition_text: autoDraw = False
14.5251 	EXP 	show_condition_text: text = 'events'
14.5251 	EXP 	show_condition_text: autoDraw = True
14.5258 	EXP 	New trial (rep=0, index=6): OrderedDict([('word', 'gender')])
14.5439 	EXP 	show_condition_text: autoDraw = False
14.5439 	EXP 	show_condition_text: text = 'gender'
14.5439 	EXP 	show_condition_text: autoDraw = True
14.5443 	EXP 	New trial (rep=0, index=7): OrderedDict([('word', 'remarkable')])
14.5748 	EXP 	show_condition_text: autoDraw = False
14.5748 	EXP 	show_condition_text: text = 'remarkable'
14.5748 	EXP 	show_condition_text: autoDraw = True
14.5754 	EXP 	New trial (rep=0, index=8): OrderedDict([('word', 'sad')])
14.5913 	EXP 	show_condition_text: autoDraw = False
14.5913 	EXP 	show_condition_text: text = 'sad'
14.5913 	EXP 	show_condition_text: autoDraw = True
14.5918 	EXP 	New trial (rep=0, index=9): OrderedDict([('word', 'trigger')])
14.6087 	EXP 	show_condition_text: autoDraw = False
14.6087 	EXP 	show_condition_text: text = 'trigger'
14.6087 	EXP 	show_condition_text: autoDraw = True
14.6093 	EXP 	New trial (rep=0, index=10): OrderedDict([('word', 'transparent')])
14.6280 	EXP 	show_condition_text: autoDraw = False
14.6280 	EXP 	show_condition_text: text = 'transparent'
14.6280 	EXP 	show_condition_text: autoDraw = True
14.6444 	EXP 	show_condition_text: autoDraw = False
14.6444 	EXP 	show_condition_text: text = '****'
14.6444 	EXP 	show_condition_text: autoDraw = True
14.9145 	EXP 	window1: mouseVisible = True
