5.5558 	WARNING 	User requested fullscreen with size [1024  768], but screen is actually [1440, 900]. Using actual size
6.2344 	EXP 	Created window1 = Window(allowGUI=False, allowStencil=False, args=UNKNOWN, autoLog=True, bitsMode=UNKNOWN, blendMode='avg', color=array([0., 0., 0.]), colorSpace='rgb', fullscr=<method-wrapper '__getattribute__' of attributeSetter object at 0x131d43ef0>, gamma=None, gammaErrorPolicy='raise', kwargs=UNKNOWN, lms=UNKNOWN, monitor=<psychopy.monitors.calibTools.Monitor object at 0x131baadd8>, multiSample=False, name='window1', numSamples=2, pos=[360.0, 225.0], screen=0, size=array([2880, 1800]), stereo=False, units='height', useFBO=True, useRetina=True, viewOri=0.0, viewPos=None, viewScale=None, waitBlanking=True, winType='pyglet')
6.2344 	EXP 	window1: recordFrameIntervals = False
6.3999 	EXP 	window1: recordFrameIntervals = True
6.5840 	EXP 	window1: recordFrameIntervals = False
7.0019 	EXP 	Created instructions_text = TextStim(__class__=<class 'psychopy.visual.text.TextStim'>, alignHoriz='center', alignVert='center', antialias=True, autoLog=True, bold=False, color='white', colorSpace='named', contrast=1.0, depth=0.0, flipHoriz=False, flipVert=False, font='Arial', fontFiles=[], height=0.1, italic=False, languageStyle='LTR', name='instructions_text', opacity=1.0, ori=0, pos=array([0., 0.]), rgb=array([255., 255., 255.]), text='Welcome!', units='height', win=Window(...), wrapWidth=1)
7.0565 	EXP 	Created show_condition_text = TextStim(__class__=<class 'psychopy.visual.text.TextStim'>, alignHoriz='center', alignVert='center', antialias=True, autoLog=True, bold=False, color='white', colorSpace='named', contrast=1.0, depth=0.0, flipHoriz=False, flipVert=False, font='Arial', fontFiles=[], height=0.1, italic=False, languageStyle='LTR', name='show_condition_text', opacity=1.0, ori=0, pos=array([0., 0.]), rgb=array([255., 255., 255.]), text='default text', units='height', win=Window(...), wrapWidth=1)
7.0803 	EXP 	instructions_text: autoDraw = True
7.8518 	EXP 	Imported csvs/noise_conditions.csv as conditions, 4 conditions, 1 params
7.8521 	EXP 	Created sequence: random, trialTypes=4, nReps=1, seed=None
7.8523 	EXP 	New trial (rep=0, index=0): OrderedDict([('condition', 1)])
7.8543 	EXP 	Imported csvs/condition_1_wlists_indices.csv as conditions, 8 conditions, 1 params
7.8547 	EXP 	Created sequence: random, trialTypes=8, nReps=1, seed=None
7.8549 	EXP 	New trial (rep=0, index=0): OrderedDict([('wlist_index', 3)])
7.8572 	EXP 	Imported csvs/3.csv as conditions, 9 conditions, 1 params
7.8575 	EXP 	Created sequence: random, trialTypes=9, nReps=1, seed=None
7.8577 	EXP 	New trial (rep=0, index=0): OrderedDict([('word', 'www')])
7.8579 	EXP 	New trial (rep=0, index=1): OrderedDict([('word', 'silent')])
7.8580 	EXP 	New trial (rep=0, index=2): OrderedDict([('word', 'smaller')])
7.8582 	EXP 	New trial (rep=0, index=3): OrderedDict([('word', 'intervention')])
7.8583 	EXP 	New trial (rep=0, index=4): OrderedDict([('word', 'custom')])
7.8585 	EXP 	New trial (rep=0, index=5): OrderedDict([('word', 'vat')])
7.8586 	EXP 	New trial (rep=0, index=6): OrderedDict([('word', 'considers')])
7.8587 	EXP 	New trial (rep=0, index=7): OrderedDict([('word', 'wow')])
7.8589 	EXP 	New trial (rep=0, index=8): OrderedDict([('word', 'knowledgestorm')])
7.8591 	EXP 	New trial (rep=0, index=1): OrderedDict([('wlist_index', 2)])
7.8614 	EXP 	Imported csvs/2.csv as conditions, 8 conditions, 1 params
7.8616 	EXP 	Created sequence: random, trialTypes=8, nReps=1, seed=None
7.8618 	EXP 	New trial (rep=0, index=0): OrderedDict([('word', 'xl')])
7.8620 	EXP 	New trial (rep=0, index=1): OrderedDict([('word', 'protected')])
7.8622 	EXP 	New trial (rep=0, index=2): OrderedDict([('word', 'look')])
7.8623 	EXP 	New trial (rep=0, index=3): OrderedDict([('word', 'milfhunter')])
7.8625 	EXP 	New trial (rep=0, index=4): OrderedDict([('word', 'representation')])
7.8626 	EXP 	New trial (rep=0, index=5): OrderedDict([('word', 'noble')])
7.8628 	EXP 	New trial (rep=0, index=6): OrderedDict([('word', 'guide')])
7.8629 	EXP 	New trial (rep=0, index=7): OrderedDict([('word', 'assessed')])
7.8631 	EXP 	New trial (rep=0, index=2): OrderedDict([('wlist_index', 9)])
7.8653 	EXP 	Imported csvs/9.csv as conditions, 6 conditions, 1 params
7.8655 	EXP 	Created sequence: random, trialTypes=6, nReps=1, seed=None
7.8657 	EXP 	New trial (rep=0, index=0): OrderedDict([('word', 'bitch')])
7.8659 	EXP 	New trial (rep=0, index=1): OrderedDict([('word', 'sing')])
7.8660 	EXP 	New trial (rep=0, index=2): OrderedDict([('word', 'plane')])
7.8662 	EXP 	New trial (rep=0, index=3): OrderedDict([('word', 'titled')])
7.8663 	EXP 	New trial (rep=0, index=4): OrderedDict([('word', 'stuck')])
7.8664 	EXP 	New trial (rep=0, index=5): OrderedDict([('word', 'continuing')])
7.8666 	EXP 	New trial (rep=0, index=3): OrderedDict([('wlist_index', 12)])
7.8687 	EXP 	Imported csvs/12.csv as conditions, 7 conditions, 1 params
7.8690 	EXP 	Created sequence: random, trialTypes=7, nReps=1, seed=None
7.8692 	EXP 	New trial (rep=0, index=0): OrderedDict([('word', 'bangkok')])
7.8694 	EXP 	New trial (rep=0, index=1): OrderedDict([('word', 'latin')])
7.8695 	EXP 	New trial (rep=0, index=2): OrderedDict([('word', 'cradle')])
7.8697 	EXP 	New trial (rep=0, index=3): OrderedDict([('word', 'keyword')])
7.8698 	EXP 	New trial (rep=0, index=4): OrderedDict([('word', 'powered')])
7.8700 	EXP 	New trial (rep=0, index=5): OrderedDict([('word', 'shipments')])
7.8701 	EXP 	New trial (rep=0, index=6): OrderedDict([('word', 'rapid')])
7.8703 	EXP 	New trial (rep=0, index=4): OrderedDict([('wlist_index', 27)])
7.8724 	EXP 	Imported csvs/27.csv as conditions, 8 conditions, 1 params
7.8727 	EXP 	Created sequence: random, trialTypes=8, nReps=1, seed=None
7.8728 	EXP 	New trial (rep=0, index=0): OrderedDict([('word', 'him')])
7.8730 	EXP 	New trial (rep=0, index=1): OrderedDict([('word', 'oral')])
7.8731 	EXP 	New trial (rep=0, index=2): OrderedDict([('word', 'ski')])
7.8733 	EXP 	New trial (rep=0, index=3): OrderedDict([('word', 'unable')])
7.8734 	EXP 	New trial (rep=0, index=4): OrderedDict([('word', 'douglas')])
7.8736 	EXP 	New trial (rep=0, index=5): OrderedDict([('word', 'buyers')])
7.8737 	EXP 	New trial (rep=0, index=6): OrderedDict([('word', 'say')])
7.8739 	EXP 	New trial (rep=0, index=7): OrderedDict([('word', 'safari')])
7.8740 	EXP 	New trial (rep=0, index=5): OrderedDict([('wlist_index', 31)])
7.8760 	EXP 	Imported csvs/31.csv as conditions, 8 conditions, 1 params
7.8763 	EXP 	Created sequence: random, trialTypes=8, nReps=1, seed=None
7.8765 	EXP 	New trial (rep=0, index=0): OrderedDict([('word', 'usd')])
7.8766 	EXP 	New trial (rep=0, index=1): OrderedDict([('word', 'act')])
7.8769 	EXP 	New trial (rep=0, index=2): OrderedDict([('word', 'incest')])
7.8771 	EXP 	New trial (rep=0, index=3): OrderedDict([('word', 'gi')])
7.8773 	EXP 	New trial (rep=0, index=4): OrderedDict([('word', 'phenomenon')])
7.8775 	EXP 	New trial (rep=0, index=5): OrderedDict([('word', 'watson')])
7.8776 	EXP 	New trial (rep=0, index=6): OrderedDict([('word', 'humanitarian')])
7.8779 	EXP 	New trial (rep=0, index=7): OrderedDict([('word', 'reverse')])
7.8781 	EXP 	New trial (rep=0, index=6): OrderedDict([('wlist_index', 17)])
7.8803 	EXP 	Imported csvs/17.csv as conditions, 10 conditions, 1 params
7.8805 	EXP 	Created sequence: random, trialTypes=10, nReps=1, seed=None
7.8807 	EXP 	New trial (rep=0, index=0): OrderedDict([('word', 'adaptor')])
7.8809 	EXP 	New trial (rep=0, index=1): OrderedDict([('word', 'places')])
7.8810 	EXP 	New trial (rep=0, index=2): OrderedDict([('word', 'map')])
7.8812 	EXP 	New trial (rep=0, index=3): OrderedDict([('word', 'sally')])
7.8813 	EXP 	New trial (rep=0, index=4): OrderedDict([('word', 'charging')])
7.8814 	EXP 	New trial (rep=0, index=5): OrderedDict([('word', 'potatoes')])
7.8816 	EXP 	New trial (rep=0, index=6): OrderedDict([('word', 'penetration')])
7.8817 	EXP 	New trial (rep=0, index=7): OrderedDict([('word', 'scott')])
7.8819 	EXP 	New trial (rep=0, index=8): OrderedDict([('word', 'talent')])
7.8820 	EXP 	New trial (rep=0, index=9): OrderedDict([('word', 'accept')])
7.8822 	EXP 	New trial (rep=0, index=7): OrderedDict([('wlist_index', 13)])
7.8842 	EXP 	Imported csvs/13.csv as conditions, 7 conditions, 1 params
7.8844 	EXP 	Created sequence: random, trialTypes=7, nReps=1, seed=None
7.8846 	EXP 	New trial (rep=0, index=0): OrderedDict([('word', 'complications')])
7.8848 	EXP 	New trial (rep=0, index=1): OrderedDict([('word', 'guild')])
7.8850 	EXP 	New trial (rep=0, index=2): OrderedDict([('word', 'scanned')])
7.8852 	EXP 	New trial (rep=0, index=3): OrderedDict([('word', 'deaths')])
7.8854 	EXP 	New trial (rep=0, index=4): OrderedDict([('word', 'township')])
7.8855 	EXP 	New trial (rep=0, index=5): OrderedDict([('word', 'measures')])
7.8857 	EXP 	New trial (rep=0, index=6): OrderedDict([('word', 'poems')])
7.8858 	EXP 	New trial (rep=0, index=1): OrderedDict([('condition', 4)])
7.8879 	EXP 	Imported csvs/condition_4_wlists_indices.csv as conditions, 8 conditions, 1 params
7.8882 	EXP 	Created sequence: random, trialTypes=8, nReps=1, seed=None
7.8884 	EXP 	New trial (rep=0, index=0): OrderedDict([('wlist_index', 5)])
7.8904 	EXP 	Imported csvs/5.csv as conditions, 7 conditions, 1 params
7.8906 	EXP 	Created sequence: random, trialTypes=7, nReps=1, seed=None
7.8908 	EXP 	New trial (rep=0, index=0): OrderedDict([('word', 'access')])
7.8910 	EXP 	New trial (rep=0, index=1): OrderedDict([('word', 'physics')])
7.8911 	EXP 	New trial (rep=0, index=2): OrderedDict([('word', 'specialties')])
7.8912 	EXP 	New trial (rep=0, index=3): OrderedDict([('word', 'typically')])
7.8914 	EXP 	New trial (rep=0, index=4): OrderedDict([('word', 'mediterranean')])
7.8916 	EXP 	New trial (rep=0, index=5): OrderedDict([('word', 'charitable')])
7.8917 	EXP 	New trial (rep=0, index=6): OrderedDict([('word', 'acceptance')])
7.8919 	EXP 	New trial (rep=0, index=1): OrderedDict([('wlist_index', 4)])
7.8940 	EXP 	Imported csvs/4.csv as conditions, 11 conditions, 1 params
7.8943 	EXP 	Created sequence: random, trialTypes=11, nReps=1, seed=None
7.8944 	EXP 	New trial (rep=0, index=0): OrderedDict([('word', 'diy')])
7.8946 	EXP 	New trial (rep=0, index=1): OrderedDict([('word', 'aka')])
7.8947 	EXP 	New trial (rep=0, index=2): OrderedDict([('word', 'phantom')])
7.8949 	EXP 	New trial (rep=0, index=3): OrderedDict([('word', 'always')])
7.8950 	EXP 	New trial (rep=0, index=4): OrderedDict([('word', 'merit')])
7.8952 	EXP 	New trial (rep=0, index=5): OrderedDict([('word', 'interim')])
7.8953 	EXP 	New trial (rep=0, index=6): OrderedDict([('word', 'technology')])
7.8955 	EXP 	New trial (rep=0, index=7): OrderedDict([('word', 'famous')])
7.8956 	EXP 	New trial (rep=0, index=8): OrderedDict([('word', 'knows')])
7.8958 	EXP 	New trial (rep=0, index=9): OrderedDict([('word', 'southampton')])
7.8959 	EXP 	New trial (rep=0, index=10): OrderedDict([('word', 'groups')])
7.8960 	EXP 	New trial (rep=0, index=2): OrderedDict([('wlist_index', 6)])
7.8984 	EXP 	Imported csvs/6.csv as conditions, 9 conditions, 1 params
7.8987 	EXP 	Created sequence: random, trialTypes=9, nReps=1, seed=None
7.8988 	EXP 	New trial (rep=0, index=0): OrderedDict([('word', 'colonial')])
7.8990 	EXP 	New trial (rep=0, index=1): OrderedDict([('word', 'findlaw')])
7.8991 	EXP 	New trial (rep=0, index=2): OrderedDict([('word', 'sole')])
7.8993 	EXP 	New trial (rep=0, index=3): OrderedDict([('word', 'jose')])
7.8994 	EXP 	New trial (rep=0, index=4): OrderedDict([('word', 'futures')])
7.8996 	EXP 	New trial (rep=0, index=5): OrderedDict([('word', 'landscape')])
7.8997 	EXP 	New trial (rep=0, index=6): OrderedDict([('word', 'data')])
7.8998 	EXP 	New trial (rep=0, index=7): OrderedDict([('word', 'showers')])
7.9000 	EXP 	New trial (rep=0, index=8): OrderedDict([('word', 'enjoyed')])
7.9001 	EXP 	New trial (rep=0, index=3): OrderedDict([('wlist_index', 24)])
7.9022 	EXP 	Imported csvs/24.csv as conditions, 8 conditions, 1 params
7.9025 	EXP 	Created sequence: random, trialTypes=8, nReps=1, seed=None
7.9026 	EXP 	New trial (rep=0, index=0): OrderedDict([('word', 'grab')])
7.9028 	EXP 	New trial (rep=0, index=1): OrderedDict([('word', 'listening')])
7.9029 	EXP 	New trial (rep=0, index=2): OrderedDict([('word', 'albany')])
7.9031 	EXP 	New trial (rep=0, index=3): OrderedDict([('word', 'general')])
7.9033 	EXP 	New trial (rep=0, index=4): OrderedDict([('word', 'everyone')])
7.9035 	EXP 	New trial (rep=0, index=5): OrderedDict([('word', 'bit')])
7.9038 	EXP 	New trial (rep=0, index=6): OrderedDict([('word', 'cabinets')])
7.9040 	EXP 	New trial (rep=0, index=7): OrderedDict([('word', 'technologies')])
7.9041 	EXP 	New trial (rep=0, index=4): OrderedDict([('wlist_index', 7)])
7.9065 	EXP 	Imported csvs/7.csv as conditions, 9 conditions, 1 params
7.9068 	EXP 	Created sequence: random, trialTypes=9, nReps=1, seed=None
7.9070 	EXP 	New trial (rep=0, index=0): OrderedDict([('word', 'dick')])
7.9072 	EXP 	New trial (rep=0, index=1): OrderedDict([('word', 'actual')])
7.9073 	EXP 	New trial (rep=0, index=2): OrderedDict([('word', 'bubble')])
7.9075 	EXP 	New trial (rep=0, index=3): OrderedDict([('word', 'enquiry')])
7.9077 	EXP 	New trial (rep=0, index=4): OrderedDict([('word', 'self')])
7.9078 	EXP 	New trial (rep=0, index=5): OrderedDict([('word', 'nottingham')])
7.9080 	EXP 	New trial (rep=0, index=6): OrderedDict([('word', 'wallet')])
7.9082 	EXP 	New trial (rep=0, index=7): OrderedDict([('word', 'directors')])
7.9084 	EXP 	New trial (rep=0, index=8): OrderedDict([('word', 'secure')])
7.9086 	EXP 	New trial (rep=0, index=5): OrderedDict([('wlist_index', 14)])
7.9111 	EXP 	Imported csvs/14.csv as conditions, 9 conditions, 1 params
7.9113 	EXP 	Created sequence: random, trialTypes=9, nReps=1, seed=None
7.9115 	EXP 	New trial (rep=0, index=0): OrderedDict([('word', 'surround')])
7.9117 	EXP 	New trial (rep=0, index=1): OrderedDict([('word', 'rights')])
7.9118 	EXP 	New trial (rep=0, index=2): OrderedDict([('word', 'breast')])
7.9120 	EXP 	New trial (rep=0, index=3): OrderedDict([('word', 'handles')])
7.9121 	EXP 	New trial (rep=0, index=4): OrderedDict([('word', 'debt')])
7.9123 	EXP 	New trial (rep=0, index=5): OrderedDict([('word', 'hardly')])
7.9124 	EXP 	New trial (rep=0, index=6): OrderedDict([('word', 'bangladesh')])
7.9126 	EXP 	New trial (rep=0, index=7): OrderedDict([('word', 'ranch')])
7.9127 	EXP 	New trial (rep=0, index=8): OrderedDict([('word', 'ho')])
7.9128 	EXP 	New trial (rep=0, index=6): OrderedDict([('wlist_index', 16)])
7.9150 	EXP 	Imported csvs/16.csv as conditions, 7 conditions, 1 params
7.9152 	EXP 	Created sequence: random, trialTypes=7, nReps=1, seed=None
7.9155 	EXP 	New trial (rep=0, index=0): OrderedDict([('word', 'moscow')])
7.9157 	EXP 	New trial (rep=0, index=1): OrderedDict([('word', 'activated')])
7.9158 	EXP 	New trial (rep=0, index=2): OrderedDict([('word', 'usage')])
7.9160 	EXP 	New trial (rep=0, index=3): OrderedDict([('word', 'estimates')])
7.9161 	EXP 	New trial (rep=0, index=4): OrderedDict([('word', 'are')])
7.9162 	EXP 	New trial (rep=0, index=5): OrderedDict([('word', 'original')])
7.9164 	EXP 	New trial (rep=0, index=6): OrderedDict([('word', 'singh')])
7.9165 	EXP 	New trial (rep=0, index=7): OrderedDict([('wlist_index', 18)])
7.9189 	EXP 	Imported csvs/18.csv as conditions, 9 conditions, 1 params
7.9192 	EXP 	Created sequence: random, trialTypes=9, nReps=1, seed=None
7.9194 	EXP 	New trial (rep=0, index=0): OrderedDict([('word', 'jaguar')])
7.9195 	EXP 	New trial (rep=0, index=1): OrderedDict([('word', 'stan')])
7.9197 	EXP 	New trial (rep=0, index=2): OrderedDict([('word', 'present')])
7.9198 	EXP 	New trial (rep=0, index=3): OrderedDict([('word', 'nicaragua')])
7.9200 	EXP 	New trial (rep=0, index=4): OrderedDict([('word', 'cardiff')])
7.9201 	EXP 	New trial (rep=0, index=5): OrderedDict([('word', 'nominated')])
7.9203 	EXP 	New trial (rep=0, index=6): OrderedDict([('word', 'bosnia')])
7.9204 	EXP 	New trial (rep=0, index=7): OrderedDict([('word', 'geographical')])
7.9205 	EXP 	New trial (rep=0, index=8): OrderedDict([('word', 'longer')])
7.9207 	EXP 	New trial (rep=0, index=2): OrderedDict([('condition', 3)])
7.9228 	EXP 	Imported csvs/condition_3_wlists_indices.csv as conditions, 8 conditions, 1 params
7.9230 	EXP 	Created sequence: random, trialTypes=8, nReps=1, seed=None
7.9232 	EXP 	New trial (rep=0, index=0): OrderedDict([('wlist_index', 29)])
7.9255 	EXP 	Imported csvs/29.csv as conditions, 10 conditions, 1 params
7.9258 	EXP 	Created sequence: random, trialTypes=10, nReps=1, seed=None
7.9260 	EXP 	New trial (rep=0, index=0): OrderedDict([('word', 'taxation')])
7.9261 	EXP 	New trial (rep=0, index=1): OrderedDict([('word', 'patio')])
7.9263 	EXP 	New trial (rep=0, index=2): OrderedDict([('word', 'sand')])
7.9264 	EXP 	New trial (rep=0, index=3): OrderedDict([('word', 'modifications')])
7.9266 	EXP 	New trial (rep=0, index=4): OrderedDict([('word', 'ferrari')])
7.9267 	EXP 	New trial (rep=0, index=5): OrderedDict([('word', 'plugin')])
7.9268 	EXP 	New trial (rep=0, index=6): OrderedDict([('word', 'listed')])
7.9270 	EXP 	New trial (rep=0, index=7): OrderedDict([('word', 'docs')])
7.9271 	EXP 	New trial (rep=0, index=8): OrderedDict([('word', 'brass')])
7.9273 	EXP 	New trial (rep=0, index=9): OrderedDict([('word', 'if')])
7.9274 	EXP 	New trial (rep=0, index=1): OrderedDict([('wlist_index', 15)])
7.9297 	EXP 	Imported csvs/15.csv as conditions, 8 conditions, 1 params
7.9299 	EXP 	Created sequence: random, trialTypes=8, nReps=1, seed=None
7.9301 	EXP 	New trial (rep=0, index=0): OrderedDict([('word', 'traditions')])
7.9303 	EXP 	New trial (rep=0, index=1): OrderedDict([('word', 'farmers')])
7.9304 	EXP 	New trial (rep=0, index=2): OrderedDict([('word', 'seem')])
7.9305 	EXP 	New trial (rep=0, index=3): OrderedDict([('word', 'irc')])
7.9307 	EXP 	New trial (rep=0, index=4): OrderedDict([('word', 'harrison')])
7.9308 	EXP 	New trial (rep=0, index=5): OrderedDict([('word', 'netherlands')])
7.9310 	EXP 	New trial (rep=0, index=6): OrderedDict([('word', 'burn')])
7.9311 	EXP 	New trial (rep=0, index=7): OrderedDict([('word', 'feels')])
7.9313 	EXP 	New trial (rep=0, index=2): OrderedDict([('wlist_index', 32)])
7.9341 	EXP 	Imported csvs/32.csv as conditions, 5 conditions, 1 params
7.9344 	EXP 	Created sequence: random, trialTypes=5, nReps=1, seed=None
7.9345 	EXP 	New trial (rep=0, index=0): OrderedDict([('word', 'declared')])
7.9347 	EXP 	New trial (rep=0, index=1): OrderedDict([('word', 'ranks')])
7.9348 	EXP 	New trial (rep=0, index=2): OrderedDict([('word', 'jamaica')])
7.9350 	EXP 	New trial (rep=0, index=3): OrderedDict([('word', 'transport')])
7.9351 	EXP 	New trial (rep=0, index=4): OrderedDict([('word', 'feedback')])
7.9353 	EXP 	New trial (rep=0, index=3): OrderedDict([('wlist_index', 30)])
7.9375 	EXP 	Imported csvs/30.csv as conditions, 9 conditions, 1 params
7.9378 	EXP 	Created sequence: random, trialTypes=9, nReps=1, seed=None
7.9380 	EXP 	New trial (rep=0, index=0): OrderedDict([('word', 'inter')])
7.9382 	EXP 	New trial (rep=0, index=1): OrderedDict([('word', 'eos')])
7.9383 	EXP 	New trial (rep=0, index=2): OrderedDict([('word', 'acm')])
7.9385 	EXP 	New trial (rep=0, index=3): OrderedDict([('word', 'parts')])
7.9388 	EXP 	New trial (rep=0, index=4): OrderedDict([('word', 'carry')])
7.9391 	EXP 	New trial (rep=0, index=5): OrderedDict([('word', 'joshua')])
7.9393 	EXP 	New trial (rep=0, index=6): OrderedDict([('word', 'sat')])
7.9396 	EXP 	New trial (rep=0, index=7): OrderedDict([('word', 'engage')])
7.9397 	EXP 	New trial (rep=0, index=8): OrderedDict([('word', 'charger')])
7.9399 	EXP 	New trial (rep=0, index=4): OrderedDict([('wlist_index', 11)])
7.9422 	EXP 	Imported csvs/11.csv as conditions, 11 conditions, 1 params
7.9424 	EXP 	Created sequence: random, trialTypes=11, nReps=1, seed=None
7.9426 	EXP 	New trial (rep=0, index=0): OrderedDict([('word', 'gender')])
7.9428 	EXP 	New trial (rep=0, index=1): OrderedDict([('word', 'throwing')])
7.9429 	EXP 	New trial (rep=0, index=2): OrderedDict([('word', 'satisfactory')])
7.9431 	EXP 	New trial (rep=0, index=3): OrderedDict([('word', 'transparent')])
7.9432 	EXP 	New trial (rep=0, index=4): OrderedDict([('word', 'remarkable')])
7.9434 	EXP 	New trial (rep=0, index=5): OrderedDict([('word', 'resorts')])
7.9435 	EXP 	New trial (rep=0, index=6): OrderedDict([('word', 'trigger')])
7.9436 	EXP 	New trial (rep=0, index=7): OrderedDict([('word', 'events')])
7.9438 	EXP 	New trial (rep=0, index=8): OrderedDict([('word', 'security')])
7.9439 	EXP 	New trial (rep=0, index=9): OrderedDict([('word', 'sad')])
7.9441 	EXP 	New trial (rep=0, index=10): OrderedDict([('word', 'boom')])
7.9442 	EXP 	New trial (rep=0, index=5): OrderedDict([('wlist_index', 28)])
7.9467 	EXP 	Imported csvs/28.csv as conditions, 6 conditions, 1 params
7.9470 	EXP 	Created sequence: random, trialTypes=6, nReps=1, seed=None
7.9472 	EXP 	New trial (rep=0, index=0): OrderedDict([('word', 'separately')])
7.9474 	EXP 	New trial (rep=0, index=1): OrderedDict([('word', 'anthropology')])
7.9475 	EXP 	New trial (rep=0, index=2): OrderedDict([('word', 'figure')])
7.9477 	EXP 	New trial (rep=0, index=3): OrderedDict([('word', 'make')])
7.9478 	EXP 	New trial (rep=0, index=4): OrderedDict([('word', 'regardless')])
7.9480 	EXP 	New trial (rep=0, index=5): OrderedDict([('word', 'biography')])
7.9481 	EXP 	New trial (rep=0, index=6): OrderedDict([('wlist_index', 22)])
7.9504 	EXP 	Imported csvs/22.csv as conditions, 10 conditions, 1 params
7.9507 	EXP 	Created sequence: random, trialTypes=10, nReps=1, seed=None
7.9508 	EXP 	New trial (rep=0, index=0): OrderedDict([('word', 'detective')])
7.9510 	EXP 	New trial (rep=0, index=1): OrderedDict([('word', 'away')])
7.9511 	EXP 	New trial (rep=0, index=2): OrderedDict([('word', 'missions')])
7.9513 	EXP 	New trial (rep=0, index=3): OrderedDict([('word', 'marina')])
7.9514 	EXP 	New trial (rep=0, index=4): OrderedDict([('word', 'rarely')])
7.9516 	EXP 	New trial (rep=0, index=5): OrderedDict([('word', 'secret')])
7.9517 	EXP 	New trial (rep=0, index=6): OrderedDict([('word', 'gotten')])
7.9519 	EXP 	New trial (rep=0, index=7): OrderedDict([('word', 'sophisticated')])
7.9520 	EXP 	New trial (rep=0, index=8): OrderedDict([('word', 'athletics')])
7.9521 	EXP 	New trial (rep=0, index=9): OrderedDict([('word', 'es')])
7.9524 	EXP 	New trial (rep=0, index=7): OrderedDict([('wlist_index', 1)])
7.9549 	EXP 	Imported csvs/1.csv as conditions, 11 conditions, 1 params
7.9552 	EXP 	Created sequence: random, trialTypes=11, nReps=1, seed=None
7.9554 	EXP 	New trial (rep=0, index=0): OrderedDict([('word', 'ion')])
7.9555 	EXP 	New trial (rep=0, index=1): OrderedDict([('word', 'informative')])
7.9557 	EXP 	New trial (rep=0, index=2): OrderedDict([('word', 'page')])
7.9558 	EXP 	New trial (rep=0, index=3): OrderedDict([('word', 'coins')])
7.9560 	EXP 	New trial (rep=0, index=4): OrderedDict([('word', 'apartment')])
7.9561 	EXP 	New trial (rep=0, index=5): OrderedDict([('word', 'dp')])
7.9563 	EXP 	New trial (rep=0, index=6): OrderedDict([('word', 'optimal')])
7.9564 	EXP 	New trial (rep=0, index=7): OrderedDict([('word', 'owns')])
7.9565 	EXP 	New trial (rep=0, index=8): OrderedDict([('word', 'lists')])
7.9567 	EXP 	New trial (rep=0, index=9): OrderedDict([('word', 'aspnet')])
7.9568 	EXP 	New trial (rep=0, index=10): OrderedDict([('word', 'jackie')])
7.9570 	EXP 	New trial (rep=0, index=3): OrderedDict([('condition', 2)])
7.9593 	EXP 	Imported csvs/condition_2_wlists_indices.csv as conditions, 8 conditions, 1 params
7.9595 	EXP 	Created sequence: random, trialTypes=8, nReps=1, seed=None
7.9598 	EXP 	New trial (rep=0, index=0): OrderedDict([('wlist_index', 23)])
7.9620 	EXP 	Imported csvs/23.csv as conditions, 6 conditions, 1 params
7.9623 	EXP 	Created sequence: random, trialTypes=6, nReps=1, seed=None
7.9625 	EXP 	New trial (rep=0, index=0): OrderedDict([('word', 'efficient')])
7.9626 	EXP 	New trial (rep=0, index=1): OrderedDict([('word', 'horror')])
7.9628 	EXP 	New trial (rep=0, index=2): OrderedDict([('word', 'info')])
7.9629 	EXP 	New trial (rep=0, index=3): OrderedDict([('word', 'sponsors')])
7.9630 	EXP 	New trial (rep=0, index=4): OrderedDict([('word', 'shelf')])
7.9632 	EXP 	New trial (rep=0, index=5): OrderedDict([('word', 'easy')])
7.9633 	EXP 	New trial (rep=0, index=1): OrderedDict([('wlist_index', 10)])
7.9657 	EXP 	Imported csvs/10.csv as conditions, 7 conditions, 1 params
7.9660 	EXP 	Created sequence: random, trialTypes=7, nReps=1, seed=None
7.9662 	EXP 	New trial (rep=0, index=0): OrderedDict([('word', 'magnificent')])
7.9663 	EXP 	New trial (rep=0, index=1): OrderedDict([('word', 'endless')])
7.9665 	EXP 	New trial (rep=0, index=2): OrderedDict([('word', 'facial')])
7.9666 	EXP 	New trial (rep=0, index=3): OrderedDict([('word', 'bind')])
7.9669 	EXP 	New trial (rep=0, index=4): OrderedDict([('word', 'muscle')])
7.9671 	EXP 	New trial (rep=0, index=5): OrderedDict([('word', 'evaluating')])
7.9672 	EXP 	New trial (rep=0, index=6): OrderedDict([('word', 'glasses')])
7.9674 	EXP 	New trial (rep=0, index=2): OrderedDict([('wlist_index', 26)])
7.9696 	EXP 	Imported csvs/26.csv as conditions, 5 conditions, 1 params
7.9698 	EXP 	Created sequence: random, trialTypes=5, nReps=1, seed=None
7.9700 	EXP 	New trial (rep=0, index=0): OrderedDict([('word', 'portable')])
7.9702 	EXP 	New trial (rep=0, index=1): OrderedDict([('word', 'wholesale')])
7.9703 	EXP 	New trial (rep=0, index=2): OrderedDict([('word', 'sheer')])
7.9705 	EXP 	New trial (rep=0, index=3): OrderedDict([('word', 'peace')])
7.9706 	EXP 	New trial (rep=0, index=4): OrderedDict([('word', 'lingerie')])
7.9708 	EXP 	New trial (rep=0, index=3): OrderedDict([('wlist_index', 20)])
7.9732 	EXP 	Imported csvs/20.csv as conditions, 8 conditions, 1 params
7.9735 	EXP 	Created sequence: random, trialTypes=8, nReps=1, seed=None
7.9736 	EXP 	New trial (rep=0, index=0): OrderedDict([('word', 'cumshots')])
7.9738 	EXP 	New trial (rep=0, index=1): OrderedDict([('word', 'services')])
7.9739 	EXP 	New trial (rep=0, index=2): OrderedDict([('word', 'bacterial')])
7.9741 	EXP 	New trial (rep=0, index=3): OrderedDict([('word', 'requests')])
7.9742 	EXP 	New trial (rep=0, index=4): OrderedDict([('word', 'cooking')])
7.9744 	EXP 	New trial (rep=0, index=5): OrderedDict([('word', 'waiver')])
7.9745 	EXP 	New trial (rep=0, index=6): OrderedDict([('word', 'acts')])
7.9747 	EXP 	New trial (rep=0, index=7): OrderedDict([('word', 'territories')])
7.9748 	EXP 	New trial (rep=0, index=4): OrderedDict([('wlist_index', 21)])
7.9771 	EXP 	Imported csvs/21.csv as conditions, 10 conditions, 1 params
7.9774 	EXP 	Created sequence: random, trialTypes=10, nReps=1, seed=None
7.9777 	EXP 	New trial (rep=0, index=0): OrderedDict([('word', 'port')])
7.9780 	EXP 	New trial (rep=0, index=1): OrderedDict([('word', 'protocol')])
7.9782 	EXP 	New trial (rep=0, index=2): OrderedDict([('word', 'alpha')])
7.9785 	EXP 	New trial (rep=0, index=3): OrderedDict([('word', 'blend')])
7.9787 	EXP 	New trial (rep=0, index=4): OrderedDict([('word', 'analyst')])
7.9790 	EXP 	New trial (rep=0, index=5): OrderedDict([('word', 'discussing')])
7.9792 	EXP 	New trial (rep=0, index=6): OrderedDict([('word', 'influence')])
7.9794 	EXP 	New trial (rep=0, index=7): OrderedDict([('word', 'nasty')])
7.9795 	EXP 	New trial (rep=0, index=8): OrderedDict([('word', 'think')])
7.9797 	EXP 	New trial (rep=0, index=9): OrderedDict([('word', 'urls')])
7.9798 	EXP 	New trial (rep=0, index=5): OrderedDict([('wlist_index', 8)])
7.9828 	EXP 	Imported csvs/8.csv as conditions, 11 conditions, 1 params
7.9833 	EXP 	Created sequence: random, trialTypes=11, nReps=1, seed=None
7.9836 	EXP 	New trial (rep=0, index=0): OrderedDict([('word', 'wellness')])
7.9837 	EXP 	New trial (rep=0, index=1): OrderedDict([('word', 'elections')])
7.9839 	EXP 	New trial (rep=0, index=2): OrderedDict([('word', 'basics')])
7.9840 	EXP 	New trial (rep=0, index=3): OrderedDict([('word', 'sir')])
7.9842 	EXP 	New trial (rep=0, index=4): OrderedDict([('word', 'follows')])
7.9844 	EXP 	New trial (rep=0, index=5): OrderedDict([('word', 'canberra')])
7.9845 	EXP 	New trial (rep=0, index=6): OrderedDict([('word', 'operate')])
7.9847 	EXP 	New trial (rep=0, index=7): OrderedDict([('word', 'luke')])
7.9848 	EXP 	New trial (rep=0, index=8): OrderedDict([('word', 'eddie')])
7.9850 	EXP 	New trial (rep=0, index=9): OrderedDict([('word', 'educated')])
7.9851 	EXP 	New trial (rep=0, index=10): OrderedDict([('word', 'draft')])
7.9853 	EXP 	New trial (rep=0, index=6): OrderedDict([('wlist_index', 25)])
7.9877 	EXP 	Imported csvs/25.csv as conditions, 9 conditions, 1 params
7.9880 	EXP 	Created sequence: random, trialTypes=9, nReps=1, seed=None
7.9882 	EXP 	New trial (rep=0, index=0): OrderedDict([('word', 'travels')])
7.9884 	EXP 	New trial (rep=0, index=1): OrderedDict([('word', 'apr')])
7.9885 	EXP 	New trial (rep=0, index=2): OrderedDict([('word', 'spank')])
7.9886 	EXP 	New trial (rep=0, index=3): OrderedDict([('word', 'expect')])
7.9888 	EXP 	New trial (rep=0, index=4): OrderedDict([('word', 'altered')])
7.9889 	EXP 	New trial (rep=0, index=5): OrderedDict([('word', 'secretary')])
7.9891 	EXP 	New trial (rep=0, index=6): OrderedDict([('word', 'se')])
7.9892 	EXP 	New trial (rep=0, index=7): OrderedDict([('word', 'argument')])
7.9893 	EXP 	New trial (rep=0, index=8): OrderedDict([('word', 'renew')])
7.9895 	EXP 	New trial (rep=0, index=7): OrderedDict([('wlist_index', 19)])
7.9919 	EXP 	Imported csvs/19.csv as conditions, 6 conditions, 1 params
7.9923 	EXP 	Created sequence: random, trialTypes=6, nReps=1, seed=None
7.9926 	EXP 	New trial (rep=0, index=0): OrderedDict([('word', 'acc')])
7.9929 	EXP 	New trial (rep=0, index=1): OrderedDict([('word', 'lowest')])
7.9931 	EXP 	New trial (rep=0, index=2): OrderedDict([('word', 'miniature')])
7.9933 	EXP 	New trial (rep=0, index=3): OrderedDict([('word', 'hiring')])
7.9934 	EXP 	New trial (rep=0, index=4): OrderedDict([('word', 'academics')])
7.9936 	EXP 	New trial (rep=0, index=5): OrderedDict([('word', 'il')])
8.0029 	DATA 	Keypress: space
8.0141 	EXP 	instructions_text: autoDraw = False
8.2986 	EXP 	window1: mouseVisible = True
