6.6957 	WARNING 	User requested fullscreen with size [1024  768], but screen is actually [1440, 900]. Using actual size
7.9829 	EXP 	Created window1 = Window(allowGUI=False, allowStencil=False, args=UNKNOWN, autoLog=True, bitsMode=UNKNOWN, blendMode='avg', color=array([0., 0., 0.]), colorSpace='rgb', fullscr=<method-wrapper '__getattribute__' of attributeSetter object at 0x131f0b828>, gamma=None, gammaErrorPolicy='raise', kwargs=UNKNOWN, lms=UNKNOWN, monitor=<psychopy.monitors.calibTools.Monitor object at 0x132ceeb70>, multiSample=False, name='window1', numSamples=2, pos=[360.0, 225.0], screen=0, size=array([2880, 1800]), stereo=False, units='height', useFBO=True, useRetina=True, viewOri=0.0, viewPos=None, viewScale=None, waitBlanking=True, winType='pyglet')
7.9830 	EXP 	window1: recordFrameIntervals = False
8.1483 	EXP 	window1: recordFrameIntervals = True
8.1859 	WARNING 	t of last frame was 20.32ms (=1/49)
8.2365 	WARNING 	t of last frame was 21.72ms (=1/46)
8.3356 	WARNING 	t of last frame was 20.34ms (=1/49)
8.3862 	WARNING 	t of last frame was 20.57ms (=1/48)
8.4864 	WARNING 	Multiple dropped frames have occurred - I'll stop bothering you about them!
8.8109 	EXP 	window1: recordFrameIntervals = False
9.2846 	EXP 	Created instructions_text = TextStim(__class__=<class 'psychopy.visual.text.TextStim'>, alignHoriz='center', alignVert='center', antialias=True, autoLog=True, bold=False, color='white', colorSpace='named', contrast=1.0, depth=0.0, flipHoriz=False, flipVert=False, font='Arial', fontFiles=[], height=0.1, italic=False, languageStyle='LTR', name='instructions_text', opacity=1.0, ori=0, pos=array([0., 0.]), rgb=array([255., 255., 255.]), text='Welcome!', units='height', win=Window(...), wrapWidth=1)
9.3403 	EXP 	Created show_condition_text = TextStim(__class__=<class 'psychopy.visual.text.TextStim'>, alignHoriz='center', alignVert='center', antialias=True, autoLog=True, bold=False, color='white', colorSpace='named', contrast=1.0, depth=0.0, flipHoriz=False, flipVert=False, font='Arial', fontFiles=[], height=0.1, italic=False, languageStyle='LTR', name='show_condition_text', opacity=1.0, ori=0, pos=array([0., 0.]), rgb=array([255., 255., 255.]), text='default text', units='height', win=Window(...), wrapWidth=1)
9.3612 	EXP 	instructions_text: autoDraw = True
11.3561 	EXP 	Imported csvs/noise_conditions.csv as conditions, 4 conditions, 1 params
11.3564 	EXP 	Created sequence: random, trialTypes=4, nReps=1, seed=None
11.3566 	EXP 	New trial (rep=0, index=0): OrderedDict([('condition', 1)])
11.3593 	EXP 	Imported csvs/condition_1_wlists_indices.csv as conditions, 8 conditions, 1 params
11.3596 	EXP 	Created sequence: random, trialTypes=8, nReps=1, seed=None
11.3598 	EXP 	New trial (rep=0, index=0): OrderedDict([('wlist_index', 17)])
11.3623 	EXP 	Imported csvs/17.csv as conditions, 10 conditions, 1 params
11.3625 	EXP 	Created sequence: random, trialTypes=10, nReps=1, seed=None
11.3627 	EXP 	New trial (rep=0, index=0): OrderedDict([('word', 'places')])
11.3786 	DATA 	Keypress: space
11.3997 	EXP 	instructions_text: autoDraw = False
11.3997 	EXP 	show_condition_text: text = 'places'
11.3997 	EXP 	show_condition_text: autoDraw = True
12.3836 	EXP 	New trial (rep=0, index=1): OrderedDict([('word', 'penetration')])
12.4022 	EXP 	show_condition_text: autoDraw = False
12.4022 	EXP 	show_condition_text: autoDraw = False
12.4022 	EXP 	show_condition_text: text = 'penetration'
12.4022 	EXP 	show_condition_text: autoDraw = True
13.4004 	EXP 	New trial (rep=0, index=2): OrderedDict([('word', 'charging')])
13.4330 	EXP 	show_condition_text: autoDraw = False
13.4330 	EXP 	show_condition_text: autoDraw = False
13.4330 	EXP 	show_condition_text: text = 'charging'
13.4330 	EXP 	show_condition_text: autoDraw = True
14.4174 	EXP 	New trial (rep=0, index=3): OrderedDict([('word', 'talent')])
14.4341 	EXP 	show_condition_text: autoDraw = False
14.4341 	EXP 	show_condition_text: autoDraw = False
14.4341 	EXP 	show_condition_text: text = 'talent'
14.4341 	EXP 	show_condition_text: autoDraw = True
15.4332 	EXP 	New trial (rep=0, index=4): OrderedDict([('word', 'map')])
15.4489 	EXP 	show_condition_text: autoDraw = False
15.4489 	EXP 	show_condition_text: autoDraw = False
15.4489 	EXP 	show_condition_text: text = 'map'
15.4489 	EXP 	show_condition_text: autoDraw = True
16.1189 	DATA 	Keypress: escape
16.5689 	EXP 	window1: mouseVisible = True
