8.8125 	WARNING 	User requested fullscreen with size [1024  768], but screen is actually [1440, 900]. Using actual size
9.8024 	EXP 	Created window1 = Window(allowGUI=False, allowStencil=False, args=UNKNOWN, autoLog=True, bitsMode=UNKNOWN, blendMode='avg', color=array([0., 0., 0.]), colorSpace='rgb', fullscr=<method-wrapper '__getattribute__' of attributeSetter object at 0x131f3a860>, gamma=None, gammaErrorPolicy='raise', kwargs=UNKNOWN, lms=UNKNOWN, monitor=<psychopy.monitors.calibTools.Monitor object at 0x1335f6e48>, multiSample=False, name='window1', numSamples=2, pos=[360.0, 225.0], screen=0, size=array([2880, 1800]), stereo=False, units='height', useFBO=True, useRetina=True, viewOri=0.0, viewPos=None, viewScale=None, waitBlanking=True, winType='pyglet')
9.8025 	EXP 	window1: recordFrameIntervals = False
9.9686 	EXP 	window1: recordFrameIntervals = True
10.1516 	EXP 	window1: recordFrameIntervals = False
10.7853 	EXP 	Created instructions_text = TextStim(__class__=<class 'psychopy.visual.text.TextStim'>, alignHoriz='center', alignVert='center', antialias=True, autoLog=True, bold=False, color='white', colorSpace='named', contrast=1.0, depth=0.0, flipHoriz=False, flipVert=False, font='Arial', fontFiles=[], height=0.1, italic=False, languageStyle='LTR', name='instructions_text', opacity=1.0, ori=0, pos=array([0., 0.]), rgb=array([255., 255., 255.]), text='Welcome!', units='height', win=Window(...), wrapWidth=1)
10.8409 	EXP 	Created show_condition_text = TextStim(__class__=<class 'psychopy.visual.text.TextStim'>, alignHoriz='center', alignVert='center', antialias=True, autoLog=True, bold=False, color='white', colorSpace='named', contrast=1.0, depth=0.0, flipHoriz=False, flipVert=False, font='Arial', fontFiles=[], height=0.1, italic=False, languageStyle='LTR', name='show_condition_text', opacity=1.0, ori=0, pos=array([0., 0.]), rgb=array([255., 255., 255.]), text='default text', units='height', win=Window(...), wrapWidth=1)
10.8589 	DATA 	Keypress: space
10.8722 	EXP 	instructions_text: autoDraw = True
11.4248 	EXP 	Imported csvs/noise_conditions.csv as conditions, 4 conditions, 1 params
11.4251 	EXP 	Created sequence: random, trialTypes=4, nReps=1, seed=None
11.4253 	EXP 	New trial (rep=0, index=0): OrderedDict([('condition', 2)])
11.4280 	EXP 	Imported csvs/condition_2_wlists_indices.csv as conditions, 8 conditions, 1 params
11.4283 	EXP 	Created sequence: random, trialTypes=8, nReps=1, seed=None
11.4285 	EXP 	New trial (rep=0, index=0): OrderedDict([('wlist_index', 8)])
11.4313 	EXP 	Imported csvs/8.csv as conditions, 11 conditions, 1 params
11.4316 	EXP 	Created sequence: random, trialTypes=11, nReps=1, seed=None
11.4318 	EXP 	New trial (rep=0, index=0): OrderedDict([('word', 'follows')])
11.4475 	EXP 	New trial (rep=0, index=1): OrderedDict([('word', 'luke')])
11.4612 	EXP 	New trial (rep=0, index=2): OrderedDict([('word', 'educated')])
11.4750 	EXP 	New trial (rep=0, index=3): OrderedDict([('word', 'basics')])
11.4921 	EXP 	New trial (rep=0, index=4): OrderedDict([('word', 'draft')])
11.5071 	EXP 	New trial (rep=0, index=5): OrderedDict([('word', 'canberra')])
11.5251 	EXP 	New trial (rep=0, index=6): OrderedDict([('word', 'wellness')])
11.5394 	EXP 	New trial (rep=0, index=7): OrderedDict([('word', 'sir')])
11.5525 	EXP 	New trial (rep=0, index=8): OrderedDict([('word', 'elections')])
11.5680 	EXP 	New trial (rep=0, index=9): OrderedDict([('word', 'eddie')])
11.5829 	EXP 	New trial (rep=0, index=10): OrderedDict([('word', 'operate')])
11.6042 	DATA 	Keypress: space
11.6178 	EXP 	instructions_text: autoDraw = False
11.6178 	EXP 	show_condition_text: text = 'follows'
11.6178 	EXP 	show_condition_text: autoDraw = True
11.6178 	EXP 	show_condition_text: autoDraw = True
11.6178 	EXP 	show_condition_text: autoDraw = True
11.6178 	EXP 	show_condition_text: autoDraw = True
11.6178 	EXP 	show_condition_text: autoDraw = True
11.6178 	EXP 	show_condition_text: autoDraw = True
11.6178 	EXP 	show_condition_text: autoDraw = True
11.6178 	EXP 	show_condition_text: autoDraw = True
11.6178 	EXP 	show_condition_text: autoDraw = True
11.6178 	EXP 	show_condition_text: autoDraw = True
11.6178 	EXP 	show_condition_text: autoDraw = True
11.6178 	EXP 	show_condition_text: autoDraw = True
11.6178 	EXP 	show_condition_text: autoDraw = True
11.6178 	EXP 	show_condition_text: autoDraw = True
11.6178 	EXP 	show_condition_text: autoDraw = True
11.6178 	EXP 	show_condition_text: autoDraw = True
11.6178 	EXP 	show_condition_text: autoDraw = True
11.6178 	EXP 	show_condition_text: autoDraw = True
11.6178 	EXP 	show_condition_text: autoDraw = True
11.6178 	EXP 	show_condition_text: autoDraw = True
11.6178 	EXP 	show_condition_text: autoDraw = True
11.6178 	EXP 	show_condition_text: autoDraw = True
11.6178 	EXP 	show_condition_text: autoDraw = True
11.6178 	EXP 	show_condition_text: autoDraw = True
11.6178 	EXP 	show_condition_text: autoDraw = True
11.6178 	EXP 	show_condition_text: autoDraw = True
11.6178 	EXP 	show_condition_text: autoDraw = True
11.6178 	EXP 	show_condition_text: autoDraw = True
11.6178 	EXP 	show_condition_text: autoDraw = True
11.6178 	EXP 	show_condition_text: autoDraw = True
11.6178 	EXP 	show_condition_text: autoDraw = True
11.6178 	EXP 	show_condition_text: autoDraw = True
11.6178 	EXP 	show_condition_text: autoDraw = True
11.6178 	EXP 	show_condition_text: autoDraw = True
11.6178 	EXP 	show_condition_text: autoDraw = True
11.6178 	EXP 	show_condition_text: autoDraw = True
11.6178 	EXP 	show_condition_text: autoDraw = True
11.6178 	EXP 	show_condition_text: autoDraw = True
11.6178 	EXP 	show_condition_text: autoDraw = True
11.6178 	EXP 	show_condition_text: autoDraw = True
11.6178 	EXP 	show_condition_text: autoDraw = True
11.6178 	EXP 	show_condition_text: autoDraw = True
11.6178 	EXP 	show_condition_text: autoDraw = True
11.6178 	EXP 	show_condition_text: autoDraw = True
11.6178 	EXP 	show_condition_text: autoDraw = True
11.6178 	EXP 	show_condition_text: autoDraw = True
11.6178 	EXP 	show_condition_text: autoDraw = True
11.6178 	EXP 	show_condition_text: autoDraw = True
11.6178 	EXP 	show_condition_text: autoDraw = True
11.6178 	EXP 	show_condition_text: autoDraw = True
11.6178 	EXP 	show_condition_text: autoDraw = True
11.6178 	EXP 	show_condition_text: autoDraw = True
11.6178 	EXP 	show_condition_text: autoDraw = True
11.6178 	EXP 	show_condition_text: autoDraw = True
11.6178 	EXP 	show_condition_text: autoDraw = True
11.6178 	EXP 	show_condition_text: autoDraw = True
11.6178 	EXP 	show_condition_text: autoDraw = True
11.6178 	EXP 	show_condition_text: autoDraw = True
11.6178 	EXP 	show_condition_text: autoDraw = True
11.6178 	EXP 	show_condition_text: autoDraw = True
11.6178 	EXP 	show_condition_text: autoDraw = True
11.6178 	EXP 	show_condition_text: autoDraw = True
11.6178 	EXP 	show_condition_text: autoDraw = True
11.6178 	EXP 	show_condition_text: autoDraw = True
11.6178 	EXP 	show_condition_text: autoDraw = True
11.6178 	EXP 	show_condition_text: autoDraw = True
11.6178 	EXP 	show_condition_text: autoDraw = True
11.6178 	EXP 	show_condition_text: autoDraw = True
11.6178 	EXP 	show_condition_text: autoDraw = True
11.6178 	EXP 	show_condition_text: autoDraw = True
11.6178 	EXP 	show_condition_text: autoDraw = True
11.6178 	EXP 	show_condition_text: autoDraw = True
11.6178 	EXP 	show_condition_text: autoDraw = True
11.6178 	EXP 	show_condition_text: autoDraw = True
11.6178 	EXP 	show_condition_text: autoDraw = True
11.6178 	EXP 	show_condition_text: autoDraw = True
11.6178 	EXP 	show_condition_text: autoDraw = True
11.6178 	EXP 	show_condition_text: autoDraw = True
11.6178 	EXP 	show_condition_text: autoDraw = True
11.6178 	EXP 	show_condition_text: autoDraw = True
11.6178 	EXP 	show_condition_text: autoDraw = True
11.6178 	EXP 	show_condition_text: autoDraw = True
11.6178 	EXP 	show_condition_text: autoDraw = True
11.6178 	EXP 	show_condition_text: autoDraw = True
11.6178 	EXP 	show_condition_text: autoDraw = True
11.6178 	EXP 	show_condition_text: autoDraw = True
11.6178 	EXP 	show_condition_text: autoDraw = True
11.6178 	EXP 	show_condition_text: autoDraw = True
11.6178 	EXP 	show_condition_text: autoDraw = True
11.6178 	EXP 	show_condition_text: autoDraw = False
11.6178 	EXP 	show_condition_text: text = 'luke'
11.6178 	EXP 	show_condition_text: autoDraw = True
11.6178 	EXP 	show_condition_text: autoDraw = True
11.6178 	EXP 	show_condition_text: autoDraw = True
11.6178 	EXP 	show_condition_text: autoDraw = True
11.6178 	EXP 	show_condition_text: autoDraw = True
11.6178 	EXP 	show_condition_text: autoDraw = True
11.6178 	EXP 	show_condition_text: autoDraw = True
11.6178 	EXP 	show_condition_text: autoDraw = True
11.6178 	EXP 	show_condition_text: autoDraw = True
11.6178 	EXP 	show_condition_text: autoDraw = True
11.6178 	EXP 	show_condition_text: autoDraw = True
11.6178 	EXP 	show_condition_text: autoDraw = True
11.6178 	EXP 	show_condition_text: autoDraw = True
11.6178 	EXP 	show_condition_text: autoDraw = True
11.6178 	EXP 	show_condition_text: autoDraw = True
11.6178 	EXP 	show_condition_text: autoDraw = True
11.6178 	EXP 	show_condition_text: autoDraw = True
11.6178 	EXP 	show_condition_text: autoDraw = True
11.6178 	EXP 	show_condition_text: autoDraw = True
11.6178 	EXP 	show_condition_text: autoDraw = True
11.6178 	EXP 	show_condition_text: autoDraw = True
11.6178 	EXP 	show_condition_text: autoDraw = True
11.6178 	EXP 	show_condition_text: autoDraw = True
11.6178 	EXP 	show_condition_text: autoDraw = True
11.6178 	EXP 	show_condition_text: autoDraw = True
11.6178 	EXP 	show_condition_text: autoDraw = True
11.6178 	EXP 	show_condition_text: autoDraw = True
11.6178 	EXP 	show_condition_text: autoDraw = True
11.6178 	EXP 	show_condition_text: autoDraw = True
11.6178 	EXP 	show_condition_text: autoDraw = True
11.6178 	EXP 	show_condition_text: autoDraw = True
11.6178 	EXP 	show_condition_text: autoDraw = True
11.6178 	EXP 	show_condition_text: autoDraw = True
11.6178 	EXP 	show_condition_text: autoDraw = True
11.6178 	EXP 	show_condition_text: autoDraw = True
11.6178 	EXP 	show_condition_text: autoDraw = True
11.6178 	EXP 	show_condition_text: autoDraw = True
11.6178 	EXP 	show_condition_text: autoDraw = True
11.6178 	EXP 	show_condition_text: autoDraw = True
11.6178 	EXP 	show_condition_text: autoDraw = True
11.6178 	EXP 	show_condition_text: autoDraw = True
11.6178 	EXP 	show_condition_text: autoDraw = True
11.6178 	EXP 	show_condition_text: autoDraw = True
11.6178 	EXP 	show_condition_text: autoDraw = True
11.6178 	EXP 	show_condition_text: autoDraw = True
11.6178 	EXP 	show_condition_text: autoDraw = True
11.6178 	EXP 	show_condition_text: autoDraw = True
11.6178 	EXP 	show_condition_text: autoDraw = True
11.6178 	EXP 	show_condition_text: autoDraw = True
11.6178 	EXP 	show_condition_text: autoDraw = True
11.6178 	EXP 	show_condition_text: autoDraw = True
11.6178 	EXP 	show_condition_text: autoDraw = True
11.6178 	EXP 	show_condition_text: autoDraw = True
11.6178 	EXP 	show_condition_text: autoDraw = True
11.6178 	EXP 	show_condition_text: autoDraw = True
11.6178 	EXP 	show_condition_text: autoDraw = True
11.6178 	EXP 	show_condition_text: autoDraw = True
11.6178 	EXP 	show_condition_text: autoDraw = True
11.6178 	EXP 	show_condition_text: autoDraw = True
11.6178 	EXP 	show_condition_text: autoDraw = True
11.6178 	EXP 	show_condition_text: autoDraw = True
11.6178 	EXP 	show_condition_text: autoDraw = True
11.6178 	EXP 	show_condition_text: autoDraw = True
11.6178 	EXP 	show_condition_text: autoDraw = True
11.6178 	EXP 	show_condition_text: autoDraw = True
11.6178 	EXP 	show_condition_text: autoDraw = True
11.6178 	EXP 	show_condition_text: autoDraw = True
11.6178 	EXP 	show_condition_text: autoDraw = True
11.6178 	EXP 	show_condition_text: autoDraw = True
11.6178 	EXP 	show_condition_text: autoDraw = True
11.6178 	EXP 	show_condition_text: autoDraw = True
11.6178 	EXP 	show_condition_text: autoDraw = True
11.6178 	EXP 	show_condition_text: autoDraw = True
11.6178 	EXP 	show_condition_text: autoDraw = True
11.6178 	EXP 	show_condition_text: autoDraw = True
11.6178 	EXP 	show_condition_text: autoDraw = True
11.6178 	EXP 	show_condition_text: autoDraw = True
11.6178 	EXP 	show_condition_text: autoDraw = True
11.6178 	EXP 	show_condition_text: autoDraw = True
11.6178 	EXP 	show_condition_text: autoDraw = True
11.6178 	EXP 	show_condition_text: autoDraw = True
11.6178 	EXP 	show_condition_text: autoDraw = True
11.6178 	EXP 	show_condition_text: autoDraw = True
11.6178 	EXP 	show_condition_text: autoDraw = True
11.6178 	EXP 	show_condition_text: autoDraw = True
11.6178 	EXP 	show_condition_text: autoDraw = True
11.6178 	EXP 	show_condition_text: autoDraw = True
11.6178 	EXP 	show_condition_text: autoDraw = False
11.6178 	EXP 	show_condition_text: text = 'educated'
11.6178 	EXP 	show_condition_text: autoDraw = True
11.6178 	EXP 	show_condition_text: autoDraw = True
11.6178 	EXP 	show_condition_text: autoDraw = True
11.6178 	EXP 	show_condition_text: autoDraw = True
11.6178 	EXP 	show_condition_text: autoDraw = True
11.6178 	EXP 	show_condition_text: autoDraw = True
11.6178 	EXP 	show_condition_text: autoDraw = True
11.6178 	EXP 	show_condition_text: autoDraw = True
11.6178 	EXP 	show_condition_text: autoDraw = True
11.6178 	EXP 	show_condition_text: autoDraw = True
11.6178 	EXP 	show_condition_text: autoDraw = True
11.6178 	EXP 	show_condition_text: autoDraw = True
11.6178 	EXP 	show_condition_text: autoDraw = True
11.6178 	EXP 	show_condition_text: autoDraw = True
11.6178 	EXP 	show_condition_text: autoDraw = True
11.6178 	EXP 	show_condition_text: autoDraw = True
11.6178 	EXP 	show_condition_text: autoDraw = True
11.6178 	EXP 	show_condition_text: autoDraw = True
11.6178 	EXP 	show_condition_text: autoDraw = True
11.6178 	EXP 	show_condition_text: autoDraw = True
11.6178 	EXP 	show_condition_text: autoDraw = True
11.6178 	EXP 	show_condition_text: autoDraw = True
11.6178 	EXP 	show_condition_text: autoDraw = True
11.6178 	EXP 	show_condition_text: autoDraw = True
11.6178 	EXP 	show_condition_text: autoDraw = True
11.6178 	EXP 	show_condition_text: autoDraw = True
11.6178 	EXP 	show_condition_text: autoDraw = True
11.6178 	EXP 	show_condition_text: autoDraw = True
11.6178 	EXP 	show_condition_text: autoDraw = True
11.6178 	EXP 	show_condition_text: autoDraw = True
11.6178 	EXP 	show_condition_text: autoDraw = True
11.6178 	EXP 	show_condition_text: autoDraw = True
11.6178 	EXP 	show_condition_text: autoDraw = True
11.6178 	EXP 	show_condition_text: autoDraw = True
11.6178 	EXP 	show_condition_text: autoDraw = True
11.6178 	EXP 	show_condition_text: autoDraw = True
11.6178 	EXP 	show_condition_text: autoDraw = True
11.6178 	EXP 	show_condition_text: autoDraw = True
11.6178 	EXP 	show_condition_text: autoDraw = True
11.6178 	EXP 	show_condition_text: autoDraw = True
11.6178 	EXP 	show_condition_text: autoDraw = True
11.6178 	EXP 	show_condition_text: autoDraw = True
11.6178 	EXP 	show_condition_text: autoDraw = True
11.6178 	EXP 	show_condition_text: autoDraw = True
11.6178 	EXP 	show_condition_text: autoDraw = True
11.6178 	EXP 	show_condition_text: autoDraw = True
11.6178 	EXP 	show_condition_text: autoDraw = True
11.6178 	EXP 	show_condition_text: autoDraw = True
11.6178 	EXP 	show_condition_text: autoDraw = True
11.6178 	EXP 	show_condition_text: autoDraw = True
11.6178 	EXP 	show_condition_text: autoDraw = True
11.6178 	EXP 	show_condition_text: autoDraw = True
11.6178 	EXP 	show_condition_text: autoDraw = True
11.6178 	EXP 	show_condition_text: autoDraw = True
11.6178 	EXP 	show_condition_text: autoDraw = True
11.6178 	EXP 	show_condition_text: autoDraw = True
11.6178 	EXP 	show_condition_text: autoDraw = True
11.6178 	EXP 	show_condition_text: autoDraw = True
11.6178 	EXP 	show_condition_text: autoDraw = True
11.6178 	EXP 	show_condition_text: autoDraw = True
11.6178 	EXP 	show_condition_text: autoDraw = True
11.6178 	EXP 	show_condition_text: autoDraw = True
11.6178 	EXP 	show_condition_text: autoDraw = True
11.6178 	EXP 	show_condition_text: autoDraw = True
11.6178 	EXP 	show_condition_text: autoDraw = True
11.6178 	EXP 	show_condition_text: autoDraw = True
11.6178 	EXP 	show_condition_text: autoDraw = True
11.6178 	EXP 	show_condition_text: autoDraw = True
11.6178 	EXP 	show_condition_text: autoDraw = True
11.6178 	EXP 	show_condition_text: autoDraw = True
11.6178 	EXP 	show_condition_text: autoDraw = True
11.6178 	EXP 	show_condition_text: autoDraw = True
11.6178 	EXP 	show_condition_text: autoDraw = True
11.6178 	EXP 	show_condition_text: autoDraw = True
11.6178 	EXP 	show_condition_text: autoDraw = True
11.6178 	EXP 	show_condition_text: autoDraw = True
11.6178 	EXP 	show_condition_text: autoDraw = True
11.6178 	EXP 	show_condition_text: autoDraw = True
11.6178 	EXP 	show_condition_text: autoDraw = True
11.6178 	EXP 	show_condition_text: autoDraw = True
11.6178 	EXP 	show_condition_text: autoDraw = True
11.6178 	EXP 	show_condition_text: autoDraw = True
11.6178 	EXP 	show_condition_text: autoDraw = True
11.6178 	EXP 	show_condition_text: autoDraw = True
11.6178 	EXP 	show_condition_text: autoDraw = True
11.6178 	EXP 	show_condition_text: autoDraw = True
11.6178 	EXP 	show_condition_text: autoDraw = True
11.6178 	EXP 	show_condition_text: autoDraw = True
11.6178 	EXP 	show_condition_text: autoDraw = True
11.6178 	EXP 	show_condition_text: autoDraw = False
11.6178 	EXP 	show_condition_text: text = 'basics'
11.6178 	EXP 	show_condition_text: autoDraw = True
11.6178 	EXP 	show_condition_text: autoDraw = True
11.6178 	EXP 	show_condition_text: autoDraw = True
11.6178 	EXP 	show_condition_text: autoDraw = True
11.6178 	EXP 	show_condition_text: autoDraw = True
11.6178 	EXP 	show_condition_text: autoDraw = True
11.6178 	EXP 	show_condition_text: autoDraw = True
11.6178 	EXP 	show_condition_text: autoDraw = True
11.6178 	EXP 	show_condition_text: autoDraw = True
11.6178 	EXP 	show_condition_text: autoDraw = True
11.6178 	EXP 	show_condition_text: autoDraw = True
11.6178 	EXP 	show_condition_text: autoDraw = True
11.6178 	EXP 	show_condition_text: autoDraw = True
11.6178 	EXP 	show_condition_text: autoDraw = True
11.6178 	EXP 	show_condition_text: autoDraw = True
11.6178 	EXP 	show_condition_text: autoDraw = True
11.6178 	EXP 	show_condition_text: autoDraw = True
11.6178 	EXP 	show_condition_text: autoDraw = True
11.6178 	EXP 	show_condition_text: autoDraw = True
11.6178 	EXP 	show_condition_text: autoDraw = True
11.6178 	EXP 	show_condition_text: autoDraw = True
11.6178 	EXP 	show_condition_text: autoDraw = True
11.6178 	EXP 	show_condition_text: autoDraw = True
11.6178 	EXP 	show_condition_text: autoDraw = True
11.6178 	EXP 	show_condition_text: autoDraw = True
11.6178 	EXP 	show_condition_text: autoDraw = True
11.6178 	EXP 	show_condition_text: autoDraw = True
11.6178 	EXP 	show_condition_text: autoDraw = True
11.6178 	EXP 	show_condition_text: autoDraw = True
11.6178 	EXP 	show_condition_text: autoDraw = True
11.6178 	EXP 	show_condition_text: autoDraw = True
11.6178 	EXP 	show_condition_text: autoDraw = True
11.6178 	EXP 	show_condition_text: autoDraw = True
11.6178 	EXP 	show_condition_text: autoDraw = True
11.6178 	EXP 	show_condition_text: autoDraw = True
11.6178 	EXP 	show_condition_text: autoDraw = True
11.6178 	EXP 	show_condition_text: autoDraw = True
11.6178 	EXP 	show_condition_text: autoDraw = True
11.6178 	EXP 	show_condition_text: autoDraw = True
11.6178 	EXP 	show_condition_text: autoDraw = True
11.6178 	EXP 	show_condition_text: autoDraw = True
11.6178 	EXP 	show_condition_text: autoDraw = True
11.6178 	EXP 	show_condition_text: autoDraw = True
11.6178 	EXP 	show_condition_text: autoDraw = True
11.6178 	EXP 	show_condition_text: autoDraw = True
11.6178 	EXP 	show_condition_text: autoDraw = True
11.6178 	EXP 	show_condition_text: autoDraw = True
11.6178 	EXP 	show_condition_text: autoDraw = True
11.6178 	EXP 	show_condition_text: autoDraw = True
11.6178 	EXP 	show_condition_text: autoDraw = True
11.6178 	EXP 	show_condition_text: autoDraw = True
11.6178 	EXP 	show_condition_text: autoDraw = True
11.6178 	EXP 	show_condition_text: autoDraw = True
11.6178 	EXP 	show_condition_text: autoDraw = True
11.6178 	EXP 	show_condition_text: autoDraw = True
11.6178 	EXP 	show_condition_text: autoDraw = True
11.6178 	EXP 	show_condition_text: autoDraw = True
11.6178 	EXP 	show_condition_text: autoDraw = True
11.6178 	EXP 	show_condition_text: autoDraw = True
11.6178 	EXP 	show_condition_text: autoDraw = True
11.6178 	EXP 	show_condition_text: autoDraw = True
11.6178 	EXP 	show_condition_text: autoDraw = True
11.6178 	EXP 	show_condition_text: autoDraw = True
11.6178 	EXP 	show_condition_text: autoDraw = True
11.6178 	EXP 	show_condition_text: autoDraw = True
11.6178 	EXP 	show_condition_text: autoDraw = True
11.6178 	EXP 	show_condition_text: autoDraw = True
11.6178 	EXP 	show_condition_text: autoDraw = True
11.6178 	EXP 	show_condition_text: autoDraw = True
11.6178 	EXP 	show_condition_text: autoDraw = True
11.6178 	EXP 	show_condition_text: autoDraw = True
11.6178 	EXP 	show_condition_text: autoDraw = True
11.6178 	EXP 	show_condition_text: autoDraw = True
11.6178 	EXP 	show_condition_text: autoDraw = True
11.6178 	EXP 	show_condition_text: autoDraw = True
11.6178 	EXP 	show_condition_text: autoDraw = True
11.6178 	EXP 	show_condition_text: autoDraw = True
11.6178 	EXP 	show_condition_text: autoDraw = True
11.6178 	EXP 	show_condition_text: autoDraw = True
11.6178 	EXP 	show_condition_text: autoDraw = True
11.6178 	EXP 	show_condition_text: autoDraw = True
11.6178 	EXP 	show_condition_text: autoDraw = True
11.6178 	EXP 	show_condition_text: autoDraw = True
11.6178 	EXP 	show_condition_text: autoDraw = True
11.6178 	EXP 	show_condition_text: autoDraw = True
11.6178 	EXP 	show_condition_text: autoDraw = True
11.6178 	EXP 	show_condition_text: autoDraw = False
11.6178 	EXP 	show_condition_text: text = 'draft'
11.6178 	EXP 	show_condition_text: autoDraw = True
11.6178 	EXP 	show_condition_text: autoDraw = True
11.6178 	EXP 	show_condition_text: autoDraw = True
11.6178 	EXP 	show_condition_text: autoDraw = True
11.6178 	EXP 	show_condition_text: autoDraw = True
11.6178 	EXP 	show_condition_text: autoDraw = True
11.6178 	EXP 	show_condition_text: autoDraw = True
11.6178 	EXP 	show_condition_text: autoDraw = True
11.6178 	EXP 	show_condition_text: autoDraw = True
11.6178 	EXP 	show_condition_text: autoDraw = True
11.6178 	EXP 	show_condition_text: autoDraw = True
11.6178 	EXP 	show_condition_text: autoDraw = True
11.6178 	EXP 	show_condition_text: autoDraw = True
11.6178 	EXP 	show_condition_text: autoDraw = True
11.6178 	EXP 	show_condition_text: autoDraw = True
11.6178 	EXP 	show_condition_text: autoDraw = True
11.6178 	EXP 	show_condition_text: autoDraw = True
11.6178 	EXP 	show_condition_text: autoDraw = True
11.6178 	EXP 	show_condition_text: autoDraw = True
11.6178 	EXP 	show_condition_text: autoDraw = True
11.6178 	EXP 	show_condition_text: autoDraw = True
11.6178 	EXP 	show_condition_text: autoDraw = True
11.6178 	EXP 	show_condition_text: autoDraw = True
11.6178 	EXP 	show_condition_text: autoDraw = True
11.6178 	EXP 	show_condition_text: autoDraw = True
11.6178 	EXP 	show_condition_text: autoDraw = True
11.6178 	EXP 	show_condition_text: autoDraw = True
11.6178 	EXP 	show_condition_text: autoDraw = True
11.6178 	EXP 	show_condition_text: autoDraw = True
11.6178 	EXP 	show_condition_text: autoDraw = True
11.6178 	EXP 	show_condition_text: autoDraw = True
11.6178 	EXP 	show_condition_text: autoDraw = True
11.6178 	EXP 	show_condition_text: autoDraw = True
11.6178 	EXP 	show_condition_text: autoDraw = True
11.6178 	EXP 	show_condition_text: autoDraw = True
11.6178 	EXP 	show_condition_text: autoDraw = True
11.6178 	EXP 	show_condition_text: autoDraw = True
11.6178 	EXP 	show_condition_text: autoDraw = True
11.6178 	EXP 	show_condition_text: autoDraw = True
11.6178 	EXP 	show_condition_text: autoDraw = True
11.6178 	EXP 	show_condition_text: autoDraw = True
11.6178 	EXP 	show_condition_text: autoDraw = True
11.6178 	EXP 	show_condition_text: autoDraw = True
11.6178 	EXP 	show_condition_text: autoDraw = True
11.6178 	EXP 	show_condition_text: autoDraw = True
11.6178 	EXP 	show_condition_text: autoDraw = True
11.6178 	EXP 	show_condition_text: autoDraw = True
11.6178 	EXP 	show_condition_text: autoDraw = True
11.6178 	EXP 	show_condition_text: autoDraw = True
11.6178 	EXP 	show_condition_text: autoDraw = True
11.6178 	EXP 	show_condition_text: autoDraw = True
11.6178 	EXP 	show_condition_text: autoDraw = True
11.6178 	EXP 	show_condition_text: autoDraw = True
11.6178 	EXP 	show_condition_text: autoDraw = True
11.6178 	EXP 	show_condition_text: autoDraw = True
11.6178 	EXP 	show_condition_text: autoDraw = True
11.6178 	EXP 	show_condition_text: autoDraw = True
11.6178 	EXP 	show_condition_text: autoDraw = True
11.6178 	EXP 	show_condition_text: autoDraw = True
11.6178 	EXP 	show_condition_text: autoDraw = True
11.6178 	EXP 	show_condition_text: autoDraw = True
11.6178 	EXP 	show_condition_text: autoDraw = True
11.6178 	EXP 	show_condition_text: autoDraw = True
11.6178 	EXP 	show_condition_text: autoDraw = True
11.6178 	EXP 	show_condition_text: autoDraw = True
11.6178 	EXP 	show_condition_text: autoDraw = True
11.6178 	EXP 	show_condition_text: autoDraw = True
11.6178 	EXP 	show_condition_text: autoDraw = True
11.6178 	EXP 	show_condition_text: autoDraw = True
11.6178 	EXP 	show_condition_text: autoDraw = True
11.6178 	EXP 	show_condition_text: autoDraw = True
11.6178 	EXP 	show_condition_text: autoDraw = True
11.6178 	EXP 	show_condition_text: autoDraw = True
11.6178 	EXP 	show_condition_text: autoDraw = True
11.6178 	EXP 	show_condition_text: autoDraw = True
11.6178 	EXP 	show_condition_text: autoDraw = True
11.6178 	EXP 	show_condition_text: autoDraw = True
11.6178 	EXP 	show_condition_text: autoDraw = True
11.6178 	EXP 	show_condition_text: autoDraw = True
11.6178 	EXP 	show_condition_text: autoDraw = True
11.6178 	EXP 	show_condition_text: autoDraw = True
11.6178 	EXP 	show_condition_text: autoDraw = True
11.6178 	EXP 	show_condition_text: autoDraw = True
11.6178 	EXP 	show_condition_text: autoDraw = True
11.6178 	EXP 	show_condition_text: autoDraw = True
11.6178 	EXP 	show_condition_text: autoDraw = True
11.6178 	EXP 	show_condition_text: autoDraw = True
11.6178 	EXP 	show_condition_text: autoDraw = False
11.6178 	EXP 	show_condition_text: text = 'canberra'
11.6178 	EXP 	show_condition_text: autoDraw = True
11.6178 	EXP 	show_condition_text: autoDraw = True
11.6178 	EXP 	show_condition_text: autoDraw = True
11.6178 	EXP 	show_condition_text: autoDraw = True
11.6178 	EXP 	show_condition_text: autoDraw = True
11.6178 	EXP 	show_condition_text: autoDraw = True
11.6178 	EXP 	show_condition_text: autoDraw = True
11.6178 	EXP 	show_condition_text: autoDraw = True
11.6178 	EXP 	show_condition_text: autoDraw = True
11.6178 	EXP 	show_condition_text: autoDraw = True
11.6178 	EXP 	show_condition_text: autoDraw = True
11.6178 	EXP 	show_condition_text: autoDraw = True
11.6178 	EXP 	show_condition_text: autoDraw = True
11.6178 	EXP 	show_condition_text: autoDraw = True
11.6178 	EXP 	show_condition_text: autoDraw = True
11.6178 	EXP 	show_condition_text: autoDraw = True
11.6178 	EXP 	show_condition_text: autoDraw = True
11.6178 	EXP 	show_condition_text: autoDraw = True
11.6178 	EXP 	show_condition_text: autoDraw = True
11.6178 	EXP 	show_condition_text: autoDraw = True
11.6178 	EXP 	show_condition_text: autoDraw = True
11.6178 	EXP 	show_condition_text: autoDraw = True
11.6178 	EXP 	show_condition_text: autoDraw = True
11.6178 	EXP 	show_condition_text: autoDraw = True
11.6178 	EXP 	show_condition_text: autoDraw = True
11.6178 	EXP 	show_condition_text: autoDraw = True
11.6178 	EXP 	show_condition_text: autoDraw = True
11.6178 	EXP 	show_condition_text: autoDraw = True
11.6178 	EXP 	show_condition_text: autoDraw = True
11.6178 	EXP 	show_condition_text: autoDraw = True
11.6178 	EXP 	show_condition_text: autoDraw = True
11.6178 	EXP 	show_condition_text: autoDraw = True
11.6178 	EXP 	show_condition_text: autoDraw = True
11.6178 	EXP 	show_condition_text: autoDraw = True
11.6178 	EXP 	show_condition_text: autoDraw = True
11.6178 	EXP 	show_condition_text: autoDraw = True
11.6178 	EXP 	show_condition_text: autoDraw = True
11.6178 	EXP 	show_condition_text: autoDraw = True
11.6178 	EXP 	show_condition_text: autoDraw = True
11.6178 	EXP 	show_condition_text: autoDraw = True
11.6178 	EXP 	show_condition_text: autoDraw = True
11.6178 	EXP 	show_condition_text: autoDraw = True
11.6178 	EXP 	show_condition_text: autoDraw = True
11.6178 	EXP 	show_condition_text: autoDraw = True
11.6178 	EXP 	show_condition_text: autoDraw = True
11.6178 	EXP 	show_condition_text: autoDraw = True
11.6178 	EXP 	show_condition_text: autoDraw = True
11.6178 	EXP 	show_condition_text: autoDraw = True
11.6178 	EXP 	show_condition_text: autoDraw = True
11.6178 	EXP 	show_condition_text: autoDraw = True
11.6178 	EXP 	show_condition_text: autoDraw = True
11.6178 	EXP 	show_condition_text: autoDraw = True
11.6178 	EXP 	show_condition_text: autoDraw = True
11.6178 	EXP 	show_condition_text: autoDraw = True
11.6178 	EXP 	show_condition_text: autoDraw = True
11.6178 	EXP 	show_condition_text: autoDraw = True
11.6178 	EXP 	show_condition_text: autoDraw = True
11.6178 	EXP 	show_condition_text: autoDraw = True
11.6178 	EXP 	show_condition_text: autoDraw = True
11.6178 	EXP 	show_condition_text: autoDraw = True
11.6178 	EXP 	show_condition_text: autoDraw = True
11.6178 	EXP 	show_condition_text: autoDraw = True
11.6178 	EXP 	show_condition_text: autoDraw = True
11.6178 	EXP 	show_condition_text: autoDraw = True
11.6178 	EXP 	show_condition_text: autoDraw = True
11.6178 	EXP 	show_condition_text: autoDraw = True
11.6178 	EXP 	show_condition_text: autoDraw = True
11.6178 	EXP 	show_condition_text: autoDraw = True
11.6178 	EXP 	show_condition_text: autoDraw = True
11.6178 	EXP 	show_condition_text: autoDraw = True
11.6178 	EXP 	show_condition_text: autoDraw = True
11.6178 	EXP 	show_condition_text: autoDraw = True
11.6178 	EXP 	show_condition_text: autoDraw = True
11.6178 	EXP 	show_condition_text: autoDraw = True
11.6178 	EXP 	show_condition_text: autoDraw = True
11.6178 	EXP 	show_condition_text: autoDraw = True
11.6178 	EXP 	show_condition_text: autoDraw = True
11.6178 	EXP 	show_condition_text: autoDraw = True
11.6178 	EXP 	show_condition_text: autoDraw = True
11.6178 	EXP 	show_condition_text: autoDraw = True
11.6178 	EXP 	show_condition_text: autoDraw = True
11.6178 	EXP 	show_condition_text: autoDraw = True
11.6178 	EXP 	show_condition_text: autoDraw = True
11.6178 	EXP 	show_condition_text: autoDraw = True
11.6178 	EXP 	show_condition_text: autoDraw = True
11.6178 	EXP 	show_condition_text: autoDraw = True
11.6178 	EXP 	show_condition_text: autoDraw = True
11.6178 	EXP 	show_condition_text: autoDraw = False
11.6178 	EXP 	show_condition_text: text = 'wellness'
11.6178 	EXP 	show_condition_text: autoDraw = True
11.6178 	EXP 	show_condition_text: autoDraw = True
11.6178 	EXP 	show_condition_text: autoDraw = True
11.6178 	EXP 	show_condition_text: autoDraw = True
11.6178 	EXP 	show_condition_text: autoDraw = True
11.6178 	EXP 	show_condition_text: autoDraw = True
11.6178 	EXP 	show_condition_text: autoDraw = True
11.6178 	EXP 	show_condition_text: autoDraw = True
11.6178 	EXP 	show_condition_text: autoDraw = True
11.6178 	EXP 	show_condition_text: autoDraw = True
11.6178 	EXP 	show_condition_text: autoDraw = True
11.6178 	EXP 	show_condition_text: autoDraw = True
11.6178 	EXP 	show_condition_text: autoDraw = True
11.6178 	EXP 	show_condition_text: autoDraw = True
11.6178 	EXP 	show_condition_text: autoDraw = True
11.6178 	EXP 	show_condition_text: autoDraw = True
11.6178 	EXP 	show_condition_text: autoDraw = True
11.6178 	EXP 	show_condition_text: autoDraw = True
11.6178 	EXP 	show_condition_text: autoDraw = True
11.6178 	EXP 	show_condition_text: autoDraw = True
11.6178 	EXP 	show_condition_text: autoDraw = True
11.6178 	EXP 	show_condition_text: autoDraw = True
11.6178 	EXP 	show_condition_text: autoDraw = True
11.6178 	EXP 	show_condition_text: autoDraw = True
11.6178 	EXP 	show_condition_text: autoDraw = True
11.6178 	EXP 	show_condition_text: autoDraw = True
11.6178 	EXP 	show_condition_text: autoDraw = True
11.6178 	EXP 	show_condition_text: autoDraw = True
11.6178 	EXP 	show_condition_text: autoDraw = True
11.6178 	EXP 	show_condition_text: autoDraw = True
11.6178 	EXP 	show_condition_text: autoDraw = True
11.6178 	EXP 	show_condition_text: autoDraw = True
11.6178 	EXP 	show_condition_text: autoDraw = True
11.6178 	EXP 	show_condition_text: autoDraw = True
11.6178 	EXP 	show_condition_text: autoDraw = True
11.6178 	EXP 	show_condition_text: autoDraw = True
11.6178 	EXP 	show_condition_text: autoDraw = True
11.6178 	EXP 	show_condition_text: autoDraw = True
11.6178 	EXP 	show_condition_text: autoDraw = True
11.6178 	EXP 	show_condition_text: autoDraw = True
11.6178 	EXP 	show_condition_text: autoDraw = True
11.6178 	EXP 	show_condition_text: autoDraw = True
11.6178 	EXP 	show_condition_text: autoDraw = True
11.6178 	EXP 	show_condition_text: autoDraw = True
11.6178 	EXP 	show_condition_text: autoDraw = True
11.6178 	EXP 	show_condition_text: autoDraw = True
11.6178 	EXP 	show_condition_text: autoDraw = True
11.6178 	EXP 	show_condition_text: autoDraw = True
11.6178 	EXP 	show_condition_text: autoDraw = True
11.6178 	EXP 	show_condition_text: autoDraw = True
11.6178 	EXP 	show_condition_text: autoDraw = True
11.6178 	EXP 	show_condition_text: autoDraw = True
11.6178 	EXP 	show_condition_text: autoDraw = True
11.6178 	EXP 	show_condition_text: autoDraw = True
11.6178 	EXP 	show_condition_text: autoDraw = True
11.6178 	EXP 	show_condition_text: autoDraw = True
11.6178 	EXP 	show_condition_text: autoDraw = True
11.6178 	EXP 	show_condition_text: autoDraw = True
11.6178 	EXP 	show_condition_text: autoDraw = True
11.6178 	EXP 	show_condition_text: autoDraw = True
11.6178 	EXP 	show_condition_text: autoDraw = True
11.6178 	EXP 	show_condition_text: autoDraw = True
11.6178 	EXP 	show_condition_text: autoDraw = True
11.6178 	EXP 	show_condition_text: autoDraw = True
11.6178 	EXP 	show_condition_text: autoDraw = True
11.6178 	EXP 	show_condition_text: autoDraw = True
11.6178 	EXP 	show_condition_text: autoDraw = True
11.6178 	EXP 	show_condition_text: autoDraw = True
11.6178 	EXP 	show_condition_text: autoDraw = True
11.6178 	EXP 	show_condition_text: autoDraw = True
11.6178 	EXP 	show_condition_text: autoDraw = True
11.6178 	EXP 	show_condition_text: autoDraw = True
11.6178 	EXP 	show_condition_text: autoDraw = True
11.6178 	EXP 	show_condition_text: autoDraw = True
11.6178 	EXP 	show_condition_text: autoDraw = True
11.6178 	EXP 	show_condition_text: autoDraw = True
11.6178 	EXP 	show_condition_text: autoDraw = True
11.6178 	EXP 	show_condition_text: autoDraw = True
11.6178 	EXP 	show_condition_text: autoDraw = True
11.6178 	EXP 	show_condition_text: autoDraw = True
11.6178 	EXP 	show_condition_text: autoDraw = True
11.6178 	EXP 	show_condition_text: autoDraw = True
11.6178 	EXP 	show_condition_text: autoDraw = True
11.6178 	EXP 	show_condition_text: autoDraw = True
11.6178 	EXP 	show_condition_text: autoDraw = True
11.6178 	EXP 	show_condition_text: autoDraw = True
11.6178 	EXP 	show_condition_text: autoDraw = True
11.6178 	EXP 	show_condition_text: autoDraw = True
11.6178 	EXP 	show_condition_text: autoDraw = False
11.6178 	EXP 	show_condition_text: text = 'sir'
11.6178 	EXP 	show_condition_text: autoDraw = True
11.6178 	EXP 	show_condition_text: autoDraw = True
11.6178 	EXP 	show_condition_text: autoDraw = True
11.6178 	EXP 	show_condition_text: autoDraw = True
11.6178 	EXP 	show_condition_text: autoDraw = True
11.6178 	EXP 	show_condition_text: autoDraw = True
11.6178 	EXP 	show_condition_text: autoDraw = True
11.6178 	EXP 	show_condition_text: autoDraw = True
11.6178 	EXP 	show_condition_text: autoDraw = True
11.6178 	EXP 	show_condition_text: autoDraw = True
11.6178 	EXP 	show_condition_text: autoDraw = True
11.6178 	EXP 	show_condition_text: autoDraw = True
11.6178 	EXP 	show_condition_text: autoDraw = True
11.6178 	EXP 	show_condition_text: autoDraw = True
11.6178 	EXP 	show_condition_text: autoDraw = True
11.6178 	EXP 	show_condition_text: autoDraw = True
11.6178 	EXP 	show_condition_text: autoDraw = True
11.6178 	EXP 	show_condition_text: autoDraw = True
11.6178 	EXP 	show_condition_text: autoDraw = True
11.6178 	EXP 	show_condition_text: autoDraw = True
11.6178 	EXP 	show_condition_text: autoDraw = True
11.6178 	EXP 	show_condition_text: autoDraw = True
11.6178 	EXP 	show_condition_text: autoDraw = True
11.6178 	EXP 	show_condition_text: autoDraw = True
11.6178 	EXP 	show_condition_text: autoDraw = True
11.6178 	EXP 	show_condition_text: autoDraw = True
11.6178 	EXP 	show_condition_text: autoDraw = True
11.6178 	EXP 	show_condition_text: autoDraw = True
11.6178 	EXP 	show_condition_text: autoDraw = True
11.6178 	EXP 	show_condition_text: autoDraw = True
11.6178 	EXP 	show_condition_text: autoDraw = True
11.6178 	EXP 	show_condition_text: autoDraw = True
11.6178 	EXP 	show_condition_text: autoDraw = True
11.6178 	EXP 	show_condition_text: autoDraw = True
11.6178 	EXP 	show_condition_text: autoDraw = True
11.6178 	EXP 	show_condition_text: autoDraw = True
11.6178 	EXP 	show_condition_text: autoDraw = True
11.6178 	EXP 	show_condition_text: autoDraw = True
11.6178 	EXP 	show_condition_text: autoDraw = True
11.6178 	EXP 	show_condition_text: autoDraw = True
11.6178 	EXP 	show_condition_text: autoDraw = True
11.6178 	EXP 	show_condition_text: autoDraw = True
11.6178 	EXP 	show_condition_text: autoDraw = True
11.6178 	EXP 	show_condition_text: autoDraw = True
11.6178 	EXP 	show_condition_text: autoDraw = True
11.6178 	EXP 	show_condition_text: autoDraw = True
11.6178 	EXP 	show_condition_text: autoDraw = True
11.6178 	EXP 	show_condition_text: autoDraw = True
11.6178 	EXP 	show_condition_text: autoDraw = True
11.6178 	EXP 	show_condition_text: autoDraw = True
11.6178 	EXP 	show_condition_text: autoDraw = True
11.6178 	EXP 	show_condition_text: autoDraw = True
11.6178 	EXP 	show_condition_text: autoDraw = True
11.6178 	EXP 	show_condition_text: autoDraw = True
11.6178 	EXP 	show_condition_text: autoDraw = True
11.6178 	EXP 	show_condition_text: autoDraw = True
11.6178 	EXP 	show_condition_text: autoDraw = True
11.6178 	EXP 	show_condition_text: autoDraw = True
11.6178 	EXP 	show_condition_text: autoDraw = True
11.6178 	EXP 	show_condition_text: autoDraw = True
11.6178 	EXP 	show_condition_text: autoDraw = True
11.6178 	EXP 	show_condition_text: autoDraw = True
11.6178 	EXP 	show_condition_text: autoDraw = True
11.6178 	EXP 	show_condition_text: autoDraw = True
11.6178 	EXP 	show_condition_text: autoDraw = True
11.6178 	EXP 	show_condition_text: autoDraw = True
11.6178 	EXP 	show_condition_text: autoDraw = True
11.6178 	EXP 	show_condition_text: autoDraw = True
11.6178 	EXP 	show_condition_text: autoDraw = True
11.6178 	EXP 	show_condition_text: autoDraw = True
11.6178 	EXP 	show_condition_text: autoDraw = True
11.6178 	EXP 	show_condition_text: autoDraw = True
11.6178 	EXP 	show_condition_text: autoDraw = True
11.6178 	EXP 	show_condition_text: autoDraw = True
11.6178 	EXP 	show_condition_text: autoDraw = True
11.6178 	EXP 	show_condition_text: autoDraw = True
11.6178 	EXP 	show_condition_text: autoDraw = True
11.6178 	EXP 	show_condition_text: autoDraw = True
11.6178 	EXP 	show_condition_text: autoDraw = True
11.6178 	EXP 	show_condition_text: autoDraw = True
11.6178 	EXP 	show_condition_text: autoDraw = True
11.6178 	EXP 	show_condition_text: autoDraw = True
11.6178 	EXP 	show_condition_text: autoDraw = True
11.6178 	EXP 	show_condition_text: autoDraw = True
11.6178 	EXP 	show_condition_text: autoDraw = True
11.6178 	EXP 	show_condition_text: autoDraw = True
11.6178 	EXP 	show_condition_text: autoDraw = True
11.6178 	EXP 	show_condition_text: autoDraw = True
11.6178 	EXP 	show_condition_text: autoDraw = True
11.6178 	EXP 	show_condition_text: autoDraw = True
11.6178 	EXP 	show_condition_text: autoDraw = False
11.6178 	EXP 	show_condition_text: text = 'elections'
11.6178 	EXP 	show_condition_text: autoDraw = True
11.6178 	EXP 	show_condition_text: autoDraw = True
11.6178 	EXP 	show_condition_text: autoDraw = True
11.6178 	EXP 	show_condition_text: autoDraw = True
11.6178 	EXP 	show_condition_text: autoDraw = True
11.6178 	EXP 	show_condition_text: autoDraw = True
11.6178 	EXP 	show_condition_text: autoDraw = True
11.6178 	EXP 	show_condition_text: autoDraw = True
11.6178 	EXP 	show_condition_text: autoDraw = True
11.6178 	EXP 	show_condition_text: autoDraw = True
11.6178 	EXP 	show_condition_text: autoDraw = True
11.6178 	EXP 	show_condition_text: autoDraw = True
11.6178 	EXP 	show_condition_text: autoDraw = True
11.6178 	EXP 	show_condition_text: autoDraw = True
11.6178 	EXP 	show_condition_text: autoDraw = True
11.6178 	EXP 	show_condition_text: autoDraw = True
11.6178 	EXP 	show_condition_text: autoDraw = True
11.6178 	EXP 	show_condition_text: autoDraw = True
11.6178 	EXP 	show_condition_text: autoDraw = True
11.6178 	EXP 	show_condition_text: autoDraw = True
11.6178 	EXP 	show_condition_text: autoDraw = True
11.6178 	EXP 	show_condition_text: autoDraw = True
11.6178 	EXP 	show_condition_text: autoDraw = True
11.6178 	EXP 	show_condition_text: autoDraw = True
11.6178 	EXP 	show_condition_text: autoDraw = True
11.6178 	EXP 	show_condition_text: autoDraw = True
11.6178 	EXP 	show_condition_text: autoDraw = True
11.6178 	EXP 	show_condition_text: autoDraw = True
11.6178 	EXP 	show_condition_text: autoDraw = True
11.6178 	EXP 	show_condition_text: autoDraw = True
11.6178 	EXP 	show_condition_text: autoDraw = True
11.6178 	EXP 	show_condition_text: autoDraw = True
11.6178 	EXP 	show_condition_text: autoDraw = True
11.6178 	EXP 	show_condition_text: autoDraw = True
11.6178 	EXP 	show_condition_text: autoDraw = True
11.6178 	EXP 	show_condition_text: autoDraw = True
11.6178 	EXP 	show_condition_text: autoDraw = True
11.6178 	EXP 	show_condition_text: autoDraw = True
11.6178 	EXP 	show_condition_text: autoDraw = True
11.6178 	EXP 	show_condition_text: autoDraw = True
11.6178 	EXP 	show_condition_text: autoDraw = True
11.6178 	EXP 	show_condition_text: autoDraw = True
11.6178 	EXP 	show_condition_text: autoDraw = True
11.6178 	EXP 	show_condition_text: autoDraw = True
11.6178 	EXP 	show_condition_text: autoDraw = True
11.6178 	EXP 	show_condition_text: autoDraw = True
11.6178 	EXP 	show_condition_text: autoDraw = True
11.6178 	EXP 	show_condition_text: autoDraw = True
11.6178 	EXP 	show_condition_text: autoDraw = True
11.6178 	EXP 	show_condition_text: autoDraw = True
11.6178 	EXP 	show_condition_text: autoDraw = True
11.6178 	EXP 	show_condition_text: autoDraw = True
11.6178 	EXP 	show_condition_text: autoDraw = True
11.6178 	EXP 	show_condition_text: autoDraw = True
11.6178 	EXP 	show_condition_text: autoDraw = True
11.6178 	EXP 	show_condition_text: autoDraw = True
11.6178 	EXP 	show_condition_text: autoDraw = True
11.6178 	EXP 	show_condition_text: autoDraw = True
11.6178 	EXP 	show_condition_text: autoDraw = True
11.6178 	EXP 	show_condition_text: autoDraw = True
11.6178 	EXP 	show_condition_text: autoDraw = True
11.6178 	EXP 	show_condition_text: autoDraw = True
11.6178 	EXP 	show_condition_text: autoDraw = True
11.6178 	EXP 	show_condition_text: autoDraw = True
11.6178 	EXP 	show_condition_text: autoDraw = True
11.6178 	EXP 	show_condition_text: autoDraw = True
11.6178 	EXP 	show_condition_text: autoDraw = True
11.6178 	EXP 	show_condition_text: autoDraw = True
11.6178 	EXP 	show_condition_text: autoDraw = True
11.6178 	EXP 	show_condition_text: autoDraw = True
11.6178 	EXP 	show_condition_text: autoDraw = True
11.6178 	EXP 	show_condition_text: autoDraw = True
11.6178 	EXP 	show_condition_text: autoDraw = True
11.6178 	EXP 	show_condition_text: autoDraw = True
11.6178 	EXP 	show_condition_text: autoDraw = True
11.6178 	EXP 	show_condition_text: autoDraw = True
11.6178 	EXP 	show_condition_text: autoDraw = True
11.6178 	EXP 	show_condition_text: autoDraw = True
11.6178 	EXP 	show_condition_text: autoDraw = True
11.6178 	EXP 	show_condition_text: autoDraw = True
11.6178 	EXP 	show_condition_text: autoDraw = True
11.6178 	EXP 	show_condition_text: autoDraw = True
11.6178 	EXP 	show_condition_text: autoDraw = True
11.6178 	EXP 	show_condition_text: autoDraw = True
11.6178 	EXP 	show_condition_text: autoDraw = True
11.6178 	EXP 	show_condition_text: autoDraw = True
11.6178 	EXP 	show_condition_text: autoDraw = True
11.6178 	EXP 	show_condition_text: autoDraw = True
11.6178 	EXP 	show_condition_text: autoDraw = False
11.6178 	EXP 	show_condition_text: text = 'eddie'
11.6178 	EXP 	show_condition_text: autoDraw = True
11.6178 	EXP 	show_condition_text: autoDraw = True
11.6178 	EXP 	show_condition_text: autoDraw = True
11.6178 	EXP 	show_condition_text: autoDraw = True
11.6178 	EXP 	show_condition_text: autoDraw = True
11.6178 	EXP 	show_condition_text: autoDraw = True
11.6178 	EXP 	show_condition_text: autoDraw = True
11.6178 	EXP 	show_condition_text: autoDraw = True
11.6178 	EXP 	show_condition_text: autoDraw = True
11.6178 	EXP 	show_condition_text: autoDraw = True
11.6178 	EXP 	show_condition_text: autoDraw = True
11.6178 	EXP 	show_condition_text: autoDraw = True
11.6178 	EXP 	show_condition_text: autoDraw = True
11.6178 	EXP 	show_condition_text: autoDraw = True
11.6178 	EXP 	show_condition_text: autoDraw = True
11.6178 	EXP 	show_condition_text: autoDraw = True
11.6178 	EXP 	show_condition_text: autoDraw = True
11.6178 	EXP 	show_condition_text: autoDraw = True
11.6178 	EXP 	show_condition_text: autoDraw = True
11.6178 	EXP 	show_condition_text: autoDraw = True
11.6178 	EXP 	show_condition_text: autoDraw = True
11.6178 	EXP 	show_condition_text: autoDraw = True
11.6178 	EXP 	show_condition_text: autoDraw = True
11.6178 	EXP 	show_condition_text: autoDraw = True
11.6178 	EXP 	show_condition_text: autoDraw = True
11.6178 	EXP 	show_condition_text: autoDraw = True
11.6178 	EXP 	show_condition_text: autoDraw = True
11.6178 	EXP 	show_condition_text: autoDraw = True
11.6178 	EXP 	show_condition_text: autoDraw = True
11.6178 	EXP 	show_condition_text: autoDraw = True
11.6178 	EXP 	show_condition_text: autoDraw = True
11.6178 	EXP 	show_condition_text: autoDraw = True
11.6178 	EXP 	show_condition_text: autoDraw = True
11.6178 	EXP 	show_condition_text: autoDraw = True
11.6178 	EXP 	show_condition_text: autoDraw = True
11.6178 	EXP 	show_condition_text: autoDraw = True
11.6178 	EXP 	show_condition_text: autoDraw = True
11.6178 	EXP 	show_condition_text: autoDraw = True
11.6178 	EXP 	show_condition_text: autoDraw = True
11.6178 	EXP 	show_condition_text: autoDraw = True
11.6178 	EXP 	show_condition_text: autoDraw = True
11.6178 	EXP 	show_condition_text: autoDraw = True
11.6178 	EXP 	show_condition_text: autoDraw = True
11.6178 	EXP 	show_condition_text: autoDraw = True
11.6178 	EXP 	show_condition_text: autoDraw = True
11.6178 	EXP 	show_condition_text: autoDraw = True
11.6178 	EXP 	show_condition_text: autoDraw = True
11.6178 	EXP 	show_condition_text: autoDraw = True
11.6178 	EXP 	show_condition_text: autoDraw = True
11.6178 	EXP 	show_condition_text: autoDraw = True
11.6178 	EXP 	show_condition_text: autoDraw = True
11.6178 	EXP 	show_condition_text: autoDraw = True
11.6178 	EXP 	show_condition_text: autoDraw = True
11.6178 	EXP 	show_condition_text: autoDraw = True
11.6178 	EXP 	show_condition_text: autoDraw = True
11.6178 	EXP 	show_condition_text: autoDraw = True
11.6178 	EXP 	show_condition_text: autoDraw = True
11.6178 	EXP 	show_condition_text: autoDraw = True
11.6178 	EXP 	show_condition_text: autoDraw = True
11.6178 	EXP 	show_condition_text: autoDraw = True
11.6178 	EXP 	show_condition_text: autoDraw = True
11.6178 	EXP 	show_condition_text: autoDraw = True
11.6178 	EXP 	show_condition_text: autoDraw = True
11.6178 	EXP 	show_condition_text: autoDraw = True
11.6178 	EXP 	show_condition_text: autoDraw = True
11.6178 	EXP 	show_condition_text: autoDraw = True
11.6178 	EXP 	show_condition_text: autoDraw = True
11.6178 	EXP 	show_condition_text: autoDraw = True
11.6178 	EXP 	show_condition_text: autoDraw = True
11.6178 	EXP 	show_condition_text: autoDraw = True
11.6178 	EXP 	show_condition_text: autoDraw = True
11.6178 	EXP 	show_condition_text: autoDraw = True
11.6178 	EXP 	show_condition_text: autoDraw = True
11.6178 	EXP 	show_condition_text: autoDraw = True
11.6178 	EXP 	show_condition_text: autoDraw = True
11.6178 	EXP 	show_condition_text: autoDraw = True
11.6178 	EXP 	show_condition_text: autoDraw = True
11.6178 	EXP 	show_condition_text: autoDraw = True
11.6178 	EXP 	show_condition_text: autoDraw = True
11.6178 	EXP 	show_condition_text: autoDraw = True
11.6178 	EXP 	show_condition_text: autoDraw = True
11.6178 	EXP 	show_condition_text: autoDraw = True
11.6178 	EXP 	show_condition_text: autoDraw = True
11.6178 	EXP 	show_condition_text: autoDraw = True
11.6178 	EXP 	show_condition_text: autoDraw = True
11.6178 	EXP 	show_condition_text: autoDraw = True
11.6178 	EXP 	show_condition_text: autoDraw = True
11.6178 	EXP 	show_condition_text: autoDraw = True
11.6178 	EXP 	show_condition_text: autoDraw = True
11.6178 	EXP 	show_condition_text: autoDraw = True
11.6178 	EXP 	show_condition_text: autoDraw = True
11.6178 	EXP 	show_condition_text: autoDraw = True
11.6178 	EXP 	show_condition_text: autoDraw = False
11.6178 	EXP 	show_condition_text: text = 'operate'
11.6178 	EXP 	show_condition_text: autoDraw = True
11.6178 	EXP 	show_condition_text: autoDraw = True
11.6178 	EXP 	show_condition_text: autoDraw = True
11.6178 	EXP 	show_condition_text: autoDraw = True
11.6178 	EXP 	show_condition_text: autoDraw = True
11.6178 	EXP 	show_condition_text: autoDraw = True
11.6178 	EXP 	show_condition_text: autoDraw = True
11.6178 	EXP 	show_condition_text: autoDraw = True
11.6178 	EXP 	show_condition_text: autoDraw = True
11.6178 	EXP 	show_condition_text: autoDraw = True
11.6178 	EXP 	show_condition_text: autoDraw = True
11.6178 	EXP 	show_condition_text: autoDraw = True
11.6178 	EXP 	show_condition_text: autoDraw = True
11.6178 	EXP 	show_condition_text: autoDraw = True
11.6178 	EXP 	show_condition_text: autoDraw = True
11.6178 	EXP 	show_condition_text: autoDraw = True
11.6178 	EXP 	show_condition_text: autoDraw = True
11.6178 	EXP 	show_condition_text: autoDraw = True
11.6178 	EXP 	show_condition_text: autoDraw = True
11.6178 	EXP 	show_condition_text: autoDraw = True
11.6178 	EXP 	show_condition_text: autoDraw = True
11.6178 	EXP 	show_condition_text: autoDraw = True
11.6178 	EXP 	show_condition_text: autoDraw = True
11.6178 	EXP 	show_condition_text: autoDraw = True
11.6178 	EXP 	show_condition_text: autoDraw = True
11.6178 	EXP 	show_condition_text: autoDraw = True
11.6178 	EXP 	show_condition_text: autoDraw = True
11.6178 	EXP 	show_condition_text: autoDraw = True
11.6178 	EXP 	show_condition_text: autoDraw = True
11.6178 	EXP 	show_condition_text: autoDraw = True
11.6178 	EXP 	show_condition_text: autoDraw = True
11.6178 	EXP 	show_condition_text: autoDraw = True
11.6178 	EXP 	show_condition_text: autoDraw = True
11.6178 	EXP 	show_condition_text: autoDraw = True
11.6178 	EXP 	show_condition_text: autoDraw = True
11.6178 	EXP 	show_condition_text: autoDraw = True
11.6178 	EXP 	show_condition_text: autoDraw = True
11.6178 	EXP 	show_condition_text: autoDraw = True
11.6178 	EXP 	show_condition_text: autoDraw = True
11.6178 	EXP 	show_condition_text: autoDraw = True
11.6178 	EXP 	show_condition_text: autoDraw = True
11.6178 	EXP 	show_condition_text: autoDraw = True
11.6178 	EXP 	show_condition_text: autoDraw = True
11.6178 	EXP 	show_condition_text: autoDraw = True
11.6178 	EXP 	show_condition_text: autoDraw = True
11.6178 	EXP 	show_condition_text: autoDraw = True
11.6178 	EXP 	show_condition_text: autoDraw = True
11.6178 	EXP 	show_condition_text: autoDraw = True
11.6178 	EXP 	show_condition_text: autoDraw = True
11.6178 	EXP 	show_condition_text: autoDraw = True
11.6178 	EXP 	show_condition_text: autoDraw = True
11.6178 	EXP 	show_condition_text: autoDraw = True
11.6178 	EXP 	show_condition_text: autoDraw = True
11.6178 	EXP 	show_condition_text: autoDraw = True
11.6178 	EXP 	show_condition_text: autoDraw = True
11.6178 	EXP 	show_condition_text: autoDraw = True
11.6178 	EXP 	show_condition_text: autoDraw = True
11.6178 	EXP 	show_condition_text: autoDraw = True
11.6178 	EXP 	show_condition_text: autoDraw = True
11.6178 	EXP 	show_condition_text: autoDraw = True
11.6178 	EXP 	show_condition_text: autoDraw = True
11.6178 	EXP 	show_condition_text: autoDraw = True
11.6178 	EXP 	show_condition_text: autoDraw = True
11.6178 	EXP 	show_condition_text: autoDraw = True
11.6178 	EXP 	show_condition_text: autoDraw = True
11.6178 	EXP 	show_condition_text: autoDraw = True
11.6178 	EXP 	show_condition_text: autoDraw = True
11.6178 	EXP 	show_condition_text: autoDraw = True
11.6178 	EXP 	show_condition_text: autoDraw = True
11.6178 	EXP 	show_condition_text: autoDraw = True
11.6178 	EXP 	show_condition_text: autoDraw = True
11.6178 	EXP 	show_condition_text: autoDraw = True
11.6178 	EXP 	show_condition_text: autoDraw = True
11.6178 	EXP 	show_condition_text: autoDraw = True
11.6178 	EXP 	show_condition_text: autoDraw = True
11.6178 	EXP 	show_condition_text: autoDraw = True
11.6178 	EXP 	show_condition_text: autoDraw = True
11.6178 	EXP 	show_condition_text: autoDraw = True
11.6178 	EXP 	show_condition_text: autoDraw = True
11.6178 	EXP 	show_condition_text: autoDraw = True
11.6178 	EXP 	show_condition_text: autoDraw = True
11.6178 	EXP 	show_condition_text: autoDraw = True
11.6178 	EXP 	show_condition_text: autoDraw = True
11.6178 	EXP 	show_condition_text: autoDraw = True
11.6178 	EXP 	show_condition_text: autoDraw = True
11.6178 	EXP 	show_condition_text: autoDraw = True
11.6178 	EXP 	show_condition_text: autoDraw = True
11.6178 	EXP 	show_condition_text: autoDraw = False
11.6178 	EXP 	show_condition_text: text = '****'
11.6178 	EXP 	show_condition_text: autoDraw = True
12.6218 	DATA 	Keypress: space
12.7686 	EXP 	show_condition_text: autoDraw = False
12.7689 	EXP 	New trial (rep=0, index=1): OrderedDict([('wlist_index', 20)])
12.7720 	EXP 	Imported csvs/20.csv as conditions, 8 conditions, 1 params
12.7723 	EXP 	Created sequence: random, trialTypes=8, nReps=1, seed=None
12.7725 	EXP 	New trial (rep=0, index=0): OrderedDict([('word', 'bacterial')])
12.7873 	EXP 	New trial (rep=0, index=1): OrderedDict([('word', 'requests')])
12.8033 	EXP 	New trial (rep=0, index=2): OrderedDict([('word', 'territories')])
12.8193 	EXP 	New trial (rep=0, index=3): OrderedDict([('word', 'waiver')])
12.8349 	EXP 	New trial (rep=0, index=4): OrderedDict([('word', 'cooking')])
12.8500 	EXP 	New trial (rep=0, index=5): OrderedDict([('word', 'acts')])
12.8628 	EXP 	New trial (rep=0, index=6): OrderedDict([('word', 'cumshots')])
12.8786 	EXP 	New trial (rep=0, index=7): OrderedDict([('word', 'services')])
12.9195 	EXP 	show_condition_text: text = 'bacterial'
12.9195 	EXP 	show_condition_text: autoDraw = True
12.9195 	EXP 	show_condition_text: autoDraw = True
12.9195 	EXP 	show_condition_text: autoDraw = True
12.9195 	EXP 	show_condition_text: autoDraw = True
12.9195 	EXP 	show_condition_text: autoDraw = True
12.9195 	EXP 	show_condition_text: autoDraw = True
12.9195 	EXP 	show_condition_text: autoDraw = True
12.9195 	EXP 	show_condition_text: autoDraw = True
12.9195 	EXP 	show_condition_text: autoDraw = True
12.9195 	EXP 	show_condition_text: autoDraw = True
12.9195 	EXP 	show_condition_text: autoDraw = True
12.9195 	EXP 	show_condition_text: autoDraw = True
12.9195 	EXP 	show_condition_text: autoDraw = True
12.9195 	EXP 	show_condition_text: autoDraw = True
12.9195 	EXP 	show_condition_text: autoDraw = True
12.9195 	EXP 	show_condition_text: autoDraw = True
12.9195 	EXP 	show_condition_text: autoDraw = True
12.9195 	EXP 	show_condition_text: autoDraw = True
12.9195 	EXP 	show_condition_text: autoDraw = True
12.9195 	EXP 	show_condition_text: autoDraw = True
12.9195 	EXP 	show_condition_text: autoDraw = True
12.9195 	EXP 	show_condition_text: autoDraw = True
12.9195 	EXP 	show_condition_text: autoDraw = True
12.9195 	EXP 	show_condition_text: autoDraw = True
12.9195 	EXP 	show_condition_text: autoDraw = True
12.9195 	EXP 	show_condition_text: autoDraw = True
12.9195 	EXP 	show_condition_text: autoDraw = True
12.9195 	EXP 	show_condition_text: autoDraw = True
12.9195 	EXP 	show_condition_text: autoDraw = True
12.9195 	EXP 	show_condition_text: autoDraw = True
12.9195 	EXP 	show_condition_text: autoDraw = True
12.9195 	EXP 	show_condition_text: autoDraw = True
12.9195 	EXP 	show_condition_text: autoDraw = True
12.9195 	EXP 	show_condition_text: autoDraw = True
12.9195 	EXP 	show_condition_text: autoDraw = True
12.9195 	EXP 	show_condition_text: autoDraw = True
12.9195 	EXP 	show_condition_text: autoDraw = True
12.9195 	EXP 	show_condition_text: autoDraw = True
12.9195 	EXP 	show_condition_text: autoDraw = True
12.9195 	EXP 	show_condition_text: autoDraw = True
12.9195 	EXP 	show_condition_text: autoDraw = True
12.9195 	EXP 	show_condition_text: autoDraw = True
12.9195 	EXP 	show_condition_text: autoDraw = True
12.9195 	EXP 	show_condition_text: autoDraw = True
12.9195 	EXP 	show_condition_text: autoDraw = True
12.9195 	EXP 	show_condition_text: autoDraw = True
12.9195 	EXP 	show_condition_text: autoDraw = True
12.9195 	EXP 	show_condition_text: autoDraw = True
12.9195 	EXP 	show_condition_text: autoDraw = True
12.9195 	EXP 	show_condition_text: autoDraw = True
12.9195 	EXP 	show_condition_text: autoDraw = True
12.9195 	EXP 	show_condition_text: autoDraw = True
12.9195 	EXP 	show_condition_text: autoDraw = True
12.9195 	EXP 	show_condition_text: autoDraw = True
12.9195 	EXP 	show_condition_text: autoDraw = True
12.9195 	EXP 	show_condition_text: autoDraw = True
12.9195 	EXP 	show_condition_text: autoDraw = True
12.9195 	EXP 	show_condition_text: autoDraw = True
12.9195 	EXP 	show_condition_text: autoDraw = True
12.9195 	EXP 	show_condition_text: autoDraw = True
12.9195 	EXP 	show_condition_text: autoDraw = True
12.9195 	EXP 	show_condition_text: autoDraw = True
12.9195 	EXP 	show_condition_text: autoDraw = True
12.9195 	EXP 	show_condition_text: autoDraw = True
12.9195 	EXP 	show_condition_text: autoDraw = True
12.9195 	EXP 	show_condition_text: autoDraw = True
12.9195 	EXP 	show_condition_text: autoDraw = True
12.9195 	EXP 	show_condition_text: autoDraw = True
12.9195 	EXP 	show_condition_text: autoDraw = True
12.9195 	EXP 	show_condition_text: autoDraw = True
12.9195 	EXP 	show_condition_text: autoDraw = True
12.9195 	EXP 	show_condition_text: autoDraw = True
12.9195 	EXP 	show_condition_text: autoDraw = True
12.9195 	EXP 	show_condition_text: autoDraw = True
12.9195 	EXP 	show_condition_text: autoDraw = True
12.9195 	EXP 	show_condition_text: autoDraw = True
12.9195 	EXP 	show_condition_text: autoDraw = True
12.9195 	EXP 	show_condition_text: autoDraw = True
12.9195 	EXP 	show_condition_text: autoDraw = True
12.9195 	EXP 	show_condition_text: autoDraw = True
12.9195 	EXP 	show_condition_text: autoDraw = True
12.9195 	EXP 	show_condition_text: autoDraw = True
12.9195 	EXP 	show_condition_text: autoDraw = True
12.9195 	EXP 	show_condition_text: autoDraw = True
12.9195 	EXP 	show_condition_text: autoDraw = True
12.9195 	EXP 	show_condition_text: autoDraw = True
12.9195 	EXP 	show_condition_text: autoDraw = True
12.9195 	EXP 	show_condition_text: autoDraw = True
12.9195 	EXP 	show_condition_text: autoDraw = True
12.9195 	EXP 	show_condition_text: autoDraw = True
12.9195 	EXP 	show_condition_text: autoDraw = True
12.9195 	EXP 	show_condition_text: autoDraw = False
12.9195 	EXP 	show_condition_text: text = 'requests'
12.9195 	EXP 	show_condition_text: autoDraw = True
12.9195 	EXP 	show_condition_text: autoDraw = True
12.9195 	EXP 	show_condition_text: autoDraw = True
12.9195 	EXP 	show_condition_text: autoDraw = True
12.9195 	EXP 	show_condition_text: autoDraw = True
12.9195 	EXP 	show_condition_text: autoDraw = True
12.9195 	EXP 	show_condition_text: autoDraw = True
12.9195 	EXP 	show_condition_text: autoDraw = True
12.9195 	EXP 	show_condition_text: autoDraw = True
12.9195 	EXP 	show_condition_text: autoDraw = True
12.9195 	EXP 	show_condition_text: autoDraw = True
12.9195 	EXP 	show_condition_text: autoDraw = True
12.9195 	EXP 	show_condition_text: autoDraw = True
12.9195 	EXP 	show_condition_text: autoDraw = True
12.9195 	EXP 	show_condition_text: autoDraw = True
12.9195 	EXP 	show_condition_text: autoDraw = True
12.9195 	EXP 	show_condition_text: autoDraw = True
12.9195 	EXP 	show_condition_text: autoDraw = True
12.9195 	EXP 	show_condition_text: autoDraw = True
12.9195 	EXP 	show_condition_text: autoDraw = True
12.9195 	EXP 	show_condition_text: autoDraw = True
12.9195 	EXP 	show_condition_text: autoDraw = True
12.9195 	EXP 	show_condition_text: autoDraw = True
12.9195 	EXP 	show_condition_text: autoDraw = True
12.9195 	EXP 	show_condition_text: autoDraw = True
12.9195 	EXP 	show_condition_text: autoDraw = True
12.9195 	EXP 	show_condition_text: autoDraw = True
12.9195 	EXP 	show_condition_text: autoDraw = True
12.9195 	EXP 	show_condition_text: autoDraw = True
12.9195 	EXP 	show_condition_text: autoDraw = True
12.9195 	EXP 	show_condition_text: autoDraw = True
12.9195 	EXP 	show_condition_text: autoDraw = True
12.9195 	EXP 	show_condition_text: autoDraw = True
12.9195 	EXP 	show_condition_text: autoDraw = True
12.9195 	EXP 	show_condition_text: autoDraw = True
12.9195 	EXP 	show_condition_text: autoDraw = True
12.9195 	EXP 	show_condition_text: autoDraw = True
12.9195 	EXP 	show_condition_text: autoDraw = True
12.9195 	EXP 	show_condition_text: autoDraw = True
12.9195 	EXP 	show_condition_text: autoDraw = True
12.9195 	EXP 	show_condition_text: autoDraw = True
12.9195 	EXP 	show_condition_text: autoDraw = True
12.9195 	EXP 	show_condition_text: autoDraw = True
12.9195 	EXP 	show_condition_text: autoDraw = True
12.9195 	EXP 	show_condition_text: autoDraw = True
12.9195 	EXP 	show_condition_text: autoDraw = True
12.9195 	EXP 	show_condition_text: autoDraw = True
12.9195 	EXP 	show_condition_text: autoDraw = True
12.9195 	EXP 	show_condition_text: autoDraw = True
12.9195 	EXP 	show_condition_text: autoDraw = True
12.9195 	EXP 	show_condition_text: autoDraw = True
12.9195 	EXP 	show_condition_text: autoDraw = True
12.9195 	EXP 	show_condition_text: autoDraw = True
12.9195 	EXP 	show_condition_text: autoDraw = True
12.9195 	EXP 	show_condition_text: autoDraw = True
12.9195 	EXP 	show_condition_text: autoDraw = True
12.9195 	EXP 	show_condition_text: autoDraw = True
12.9195 	EXP 	show_condition_text: autoDraw = True
12.9195 	EXP 	show_condition_text: autoDraw = True
12.9195 	EXP 	show_condition_text: autoDraw = True
12.9195 	EXP 	show_condition_text: autoDraw = True
12.9195 	EXP 	show_condition_text: autoDraw = True
12.9195 	EXP 	show_condition_text: autoDraw = True
12.9195 	EXP 	show_condition_text: autoDraw = True
12.9195 	EXP 	show_condition_text: autoDraw = True
12.9195 	EXP 	show_condition_text: autoDraw = True
12.9195 	EXP 	show_condition_text: autoDraw = True
12.9195 	EXP 	show_condition_text: autoDraw = True
12.9195 	EXP 	show_condition_text: autoDraw = True
12.9195 	EXP 	show_condition_text: autoDraw = True
12.9195 	EXP 	show_condition_text: autoDraw = True
12.9195 	EXP 	show_condition_text: autoDraw = True
12.9195 	EXP 	show_condition_text: autoDraw = True
12.9195 	EXP 	show_condition_text: autoDraw = True
12.9195 	EXP 	show_condition_text: autoDraw = True
12.9195 	EXP 	show_condition_text: autoDraw = True
12.9195 	EXP 	show_condition_text: autoDraw = True
12.9195 	EXP 	show_condition_text: autoDraw = True
12.9195 	EXP 	show_condition_text: autoDraw = True
12.9195 	EXP 	show_condition_text: autoDraw = True
12.9195 	EXP 	show_condition_text: autoDraw = True
12.9195 	EXP 	show_condition_text: autoDraw = True
12.9195 	EXP 	show_condition_text: autoDraw = True
12.9195 	EXP 	show_condition_text: autoDraw = True
12.9195 	EXP 	show_condition_text: autoDraw = True
12.9195 	EXP 	show_condition_text: autoDraw = True
12.9195 	EXP 	show_condition_text: autoDraw = True
12.9195 	EXP 	show_condition_text: autoDraw = True
12.9195 	EXP 	show_condition_text: autoDraw = True
12.9195 	EXP 	show_condition_text: autoDraw = False
12.9195 	EXP 	show_condition_text: text = 'territories'
12.9195 	EXP 	show_condition_text: autoDraw = True
12.9195 	EXP 	show_condition_text: autoDraw = True
12.9195 	EXP 	show_condition_text: autoDraw = True
12.9195 	EXP 	show_condition_text: autoDraw = True
12.9195 	EXP 	show_condition_text: autoDraw = True
12.9195 	EXP 	show_condition_text: autoDraw = True
12.9195 	EXP 	show_condition_text: autoDraw = True
12.9195 	EXP 	show_condition_text: autoDraw = True
12.9195 	EXP 	show_condition_text: autoDraw = True
12.9195 	EXP 	show_condition_text: autoDraw = True
12.9195 	EXP 	show_condition_text: autoDraw = True
12.9195 	EXP 	show_condition_text: autoDraw = True
12.9195 	EXP 	show_condition_text: autoDraw = True
12.9195 	EXP 	show_condition_text: autoDraw = True
12.9195 	EXP 	show_condition_text: autoDraw = True
12.9195 	EXP 	show_condition_text: autoDraw = True
12.9195 	EXP 	show_condition_text: autoDraw = True
12.9195 	EXP 	show_condition_text: autoDraw = True
12.9195 	EXP 	show_condition_text: autoDraw = True
12.9195 	EXP 	show_condition_text: autoDraw = True
12.9195 	EXP 	show_condition_text: autoDraw = True
12.9195 	EXP 	show_condition_text: autoDraw = True
12.9195 	EXP 	show_condition_text: autoDraw = True
12.9195 	EXP 	show_condition_text: autoDraw = True
12.9195 	EXP 	show_condition_text: autoDraw = True
12.9195 	EXP 	show_condition_text: autoDraw = True
12.9195 	EXP 	show_condition_text: autoDraw = True
12.9195 	EXP 	show_condition_text: autoDraw = True
12.9195 	EXP 	show_condition_text: autoDraw = True
12.9195 	EXP 	show_condition_text: autoDraw = True
12.9195 	EXP 	show_condition_text: autoDraw = True
12.9195 	EXP 	show_condition_text: autoDraw = True
12.9195 	EXP 	show_condition_text: autoDraw = True
12.9195 	EXP 	show_condition_text: autoDraw = True
12.9195 	EXP 	show_condition_text: autoDraw = True
12.9195 	EXP 	show_condition_text: autoDraw = True
12.9195 	EXP 	show_condition_text: autoDraw = True
12.9195 	EXP 	show_condition_text: autoDraw = True
12.9195 	EXP 	show_condition_text: autoDraw = True
12.9195 	EXP 	show_condition_text: autoDraw = True
12.9195 	EXP 	show_condition_text: autoDraw = True
12.9195 	EXP 	show_condition_text: autoDraw = True
12.9195 	EXP 	show_condition_text: autoDraw = True
12.9195 	EXP 	show_condition_text: autoDraw = True
12.9195 	EXP 	show_condition_text: autoDraw = True
12.9195 	EXP 	show_condition_text: autoDraw = True
12.9195 	EXP 	show_condition_text: autoDraw = True
12.9195 	EXP 	show_condition_text: autoDraw = True
12.9195 	EXP 	show_condition_text: autoDraw = True
12.9195 	EXP 	show_condition_text: autoDraw = True
12.9195 	EXP 	show_condition_text: autoDraw = True
12.9195 	EXP 	show_condition_text: autoDraw = True
12.9195 	EXP 	show_condition_text: autoDraw = True
12.9195 	EXP 	show_condition_text: autoDraw = True
12.9195 	EXP 	show_condition_text: autoDraw = True
12.9195 	EXP 	show_condition_text: autoDraw = True
12.9195 	EXP 	show_condition_text: autoDraw = True
12.9195 	EXP 	show_condition_text: autoDraw = True
12.9195 	EXP 	show_condition_text: autoDraw = True
12.9195 	EXP 	show_condition_text: autoDraw = True
12.9195 	EXP 	show_condition_text: autoDraw = True
12.9195 	EXP 	show_condition_text: autoDraw = True
12.9195 	EXP 	show_condition_text: autoDraw = True
12.9195 	EXP 	show_condition_text: autoDraw = True
12.9195 	EXP 	show_condition_text: autoDraw = True
12.9195 	EXP 	show_condition_text: autoDraw = True
12.9195 	EXP 	show_condition_text: autoDraw = True
12.9195 	EXP 	show_condition_text: autoDraw = True
12.9195 	EXP 	show_condition_text: autoDraw = True
12.9195 	EXP 	show_condition_text: autoDraw = True
12.9195 	EXP 	show_condition_text: autoDraw = True
12.9195 	EXP 	show_condition_text: autoDraw = True
12.9195 	EXP 	show_condition_text: autoDraw = True
12.9195 	EXP 	show_condition_text: autoDraw = True
12.9195 	EXP 	show_condition_text: autoDraw = True
12.9195 	EXP 	show_condition_text: autoDraw = True
12.9195 	EXP 	show_condition_text: autoDraw = True
12.9195 	EXP 	show_condition_text: autoDraw = True
12.9195 	EXP 	show_condition_text: autoDraw = True
12.9195 	EXP 	show_condition_text: autoDraw = True
12.9195 	EXP 	show_condition_text: autoDraw = True
12.9195 	EXP 	show_condition_text: autoDraw = True
12.9195 	EXP 	show_condition_text: autoDraw = True
12.9195 	EXP 	show_condition_text: autoDraw = True
12.9195 	EXP 	show_condition_text: autoDraw = True
12.9195 	EXP 	show_condition_text: autoDraw = True
12.9195 	EXP 	show_condition_text: autoDraw = True
12.9195 	EXP 	show_condition_text: autoDraw = True
12.9195 	EXP 	show_condition_text: autoDraw = True
12.9195 	EXP 	show_condition_text: autoDraw = True
12.9195 	EXP 	show_condition_text: autoDraw = False
12.9195 	EXP 	show_condition_text: text = 'waiver'
12.9195 	EXP 	show_condition_text: autoDraw = True
12.9195 	EXP 	show_condition_text: autoDraw = True
12.9195 	EXP 	show_condition_text: autoDraw = True
12.9195 	EXP 	show_condition_text: autoDraw = True
12.9195 	EXP 	show_condition_text: autoDraw = True
12.9195 	EXP 	show_condition_text: autoDraw = True
12.9195 	EXP 	show_condition_text: autoDraw = True
12.9195 	EXP 	show_condition_text: autoDraw = True
12.9195 	EXP 	show_condition_text: autoDraw = True
12.9195 	EXP 	show_condition_text: autoDraw = True
12.9195 	EXP 	show_condition_text: autoDraw = True
12.9195 	EXP 	show_condition_text: autoDraw = True
12.9195 	EXP 	show_condition_text: autoDraw = True
12.9195 	EXP 	show_condition_text: autoDraw = True
12.9195 	EXP 	show_condition_text: autoDraw = True
12.9195 	EXP 	show_condition_text: autoDraw = True
12.9195 	EXP 	show_condition_text: autoDraw = True
12.9195 	EXP 	show_condition_text: autoDraw = True
12.9195 	EXP 	show_condition_text: autoDraw = True
12.9195 	EXP 	show_condition_text: autoDraw = True
12.9195 	EXP 	show_condition_text: autoDraw = True
12.9195 	EXP 	show_condition_text: autoDraw = True
12.9195 	EXP 	show_condition_text: autoDraw = True
12.9195 	EXP 	show_condition_text: autoDraw = True
12.9195 	EXP 	show_condition_text: autoDraw = True
12.9195 	EXP 	show_condition_text: autoDraw = True
12.9195 	EXP 	show_condition_text: autoDraw = True
12.9195 	EXP 	show_condition_text: autoDraw = True
12.9195 	EXP 	show_condition_text: autoDraw = True
12.9195 	EXP 	show_condition_text: autoDraw = True
12.9195 	EXP 	show_condition_text: autoDraw = True
12.9195 	EXP 	show_condition_text: autoDraw = True
12.9195 	EXP 	show_condition_text: autoDraw = True
12.9195 	EXP 	show_condition_text: autoDraw = True
12.9195 	EXP 	show_condition_text: autoDraw = True
12.9195 	EXP 	show_condition_text: autoDraw = True
12.9195 	EXP 	show_condition_text: autoDraw = True
12.9195 	EXP 	show_condition_text: autoDraw = True
12.9195 	EXP 	show_condition_text: autoDraw = True
12.9195 	EXP 	show_condition_text: autoDraw = True
12.9195 	EXP 	show_condition_text: autoDraw = True
12.9195 	EXP 	show_condition_text: autoDraw = True
12.9195 	EXP 	show_condition_text: autoDraw = True
12.9195 	EXP 	show_condition_text: autoDraw = True
12.9195 	EXP 	show_condition_text: autoDraw = True
12.9195 	EXP 	show_condition_text: autoDraw = True
12.9195 	EXP 	show_condition_text: autoDraw = True
12.9195 	EXP 	show_condition_text: autoDraw = True
12.9195 	EXP 	show_condition_text: autoDraw = True
12.9195 	EXP 	show_condition_text: autoDraw = True
12.9195 	EXP 	show_condition_text: autoDraw = True
12.9195 	EXP 	show_condition_text: autoDraw = True
12.9195 	EXP 	show_condition_text: autoDraw = True
12.9195 	EXP 	show_condition_text: autoDraw = True
12.9195 	EXP 	show_condition_text: autoDraw = True
12.9195 	EXP 	show_condition_text: autoDraw = True
12.9195 	EXP 	show_condition_text: autoDraw = True
12.9195 	EXP 	show_condition_text: autoDraw = True
12.9195 	EXP 	show_condition_text: autoDraw = True
12.9195 	EXP 	show_condition_text: autoDraw = True
12.9195 	EXP 	show_condition_text: autoDraw = True
12.9195 	EXP 	show_condition_text: autoDraw = True
12.9195 	EXP 	show_condition_text: autoDraw = True
12.9195 	EXP 	show_condition_text: autoDraw = True
12.9195 	EXP 	show_condition_text: autoDraw = True
12.9195 	EXP 	show_condition_text: autoDraw = True
12.9195 	EXP 	show_condition_text: autoDraw = True
12.9195 	EXP 	show_condition_text: autoDraw = True
12.9195 	EXP 	show_condition_text: autoDraw = True
12.9195 	EXP 	show_condition_text: autoDraw = True
12.9195 	EXP 	show_condition_text: autoDraw = True
12.9195 	EXP 	show_condition_text: autoDraw = True
12.9195 	EXP 	show_condition_text: autoDraw = True
12.9195 	EXP 	show_condition_text: autoDraw = True
12.9195 	EXP 	show_condition_text: autoDraw = True
12.9195 	EXP 	show_condition_text: autoDraw = True
12.9195 	EXP 	show_condition_text: autoDraw = True
12.9195 	EXP 	show_condition_text: autoDraw = True
12.9195 	EXP 	show_condition_text: autoDraw = True
12.9195 	EXP 	show_condition_text: autoDraw = True
12.9195 	EXP 	show_condition_text: autoDraw = True
12.9195 	EXP 	show_condition_text: autoDraw = True
12.9195 	EXP 	show_condition_text: autoDraw = True
12.9195 	EXP 	show_condition_text: autoDraw = True
12.9195 	EXP 	show_condition_text: autoDraw = True
12.9195 	EXP 	show_condition_text: autoDraw = True
12.9195 	EXP 	show_condition_text: autoDraw = True
12.9195 	EXP 	show_condition_text: autoDraw = True
12.9195 	EXP 	show_condition_text: autoDraw = True
12.9195 	EXP 	show_condition_text: autoDraw = False
12.9195 	EXP 	show_condition_text: text = 'cooking'
12.9195 	EXP 	show_condition_text: autoDraw = True
12.9195 	EXP 	show_condition_text: autoDraw = True
12.9195 	EXP 	show_condition_text: autoDraw = True
12.9195 	EXP 	show_condition_text: autoDraw = True
12.9195 	EXP 	show_condition_text: autoDraw = True
12.9195 	EXP 	show_condition_text: autoDraw = True
12.9195 	EXP 	show_condition_text: autoDraw = True
12.9195 	EXP 	show_condition_text: autoDraw = True
12.9195 	EXP 	show_condition_text: autoDraw = True
12.9195 	EXP 	show_condition_text: autoDraw = True
12.9195 	EXP 	show_condition_text: autoDraw = True
12.9195 	EXP 	show_condition_text: autoDraw = True
12.9195 	EXP 	show_condition_text: autoDraw = True
12.9195 	EXP 	show_condition_text: autoDraw = True
12.9195 	EXP 	show_condition_text: autoDraw = True
12.9195 	EXP 	show_condition_text: autoDraw = True
12.9195 	EXP 	show_condition_text: autoDraw = True
12.9195 	EXP 	show_condition_text: autoDraw = True
12.9195 	EXP 	show_condition_text: autoDraw = True
12.9195 	EXP 	show_condition_text: autoDraw = True
12.9195 	EXP 	show_condition_text: autoDraw = True
12.9195 	EXP 	show_condition_text: autoDraw = True
12.9195 	EXP 	show_condition_text: autoDraw = True
12.9195 	EXP 	show_condition_text: autoDraw = True
12.9195 	EXP 	show_condition_text: autoDraw = True
12.9195 	EXP 	show_condition_text: autoDraw = True
12.9195 	EXP 	show_condition_text: autoDraw = True
12.9195 	EXP 	show_condition_text: autoDraw = True
12.9195 	EXP 	show_condition_text: autoDraw = True
12.9195 	EXP 	show_condition_text: autoDraw = True
12.9195 	EXP 	show_condition_text: autoDraw = True
12.9195 	EXP 	show_condition_text: autoDraw = True
12.9195 	EXP 	show_condition_text: autoDraw = True
12.9195 	EXP 	show_condition_text: autoDraw = True
12.9195 	EXP 	show_condition_text: autoDraw = True
12.9195 	EXP 	show_condition_text: autoDraw = True
12.9195 	EXP 	show_condition_text: autoDraw = True
12.9195 	EXP 	show_condition_text: autoDraw = True
12.9195 	EXP 	show_condition_text: autoDraw = True
12.9195 	EXP 	show_condition_text: autoDraw = True
12.9195 	EXP 	show_condition_text: autoDraw = True
12.9195 	EXP 	show_condition_text: autoDraw = True
12.9195 	EXP 	show_condition_text: autoDraw = True
12.9195 	EXP 	show_condition_text: autoDraw = True
12.9195 	EXP 	show_condition_text: autoDraw = True
12.9195 	EXP 	show_condition_text: autoDraw = True
12.9195 	EXP 	show_condition_text: autoDraw = True
12.9195 	EXP 	show_condition_text: autoDraw = True
12.9195 	EXP 	show_condition_text: autoDraw = True
12.9195 	EXP 	show_condition_text: autoDraw = True
12.9195 	EXP 	show_condition_text: autoDraw = True
12.9195 	EXP 	show_condition_text: autoDraw = True
12.9195 	EXP 	show_condition_text: autoDraw = True
12.9195 	EXP 	show_condition_text: autoDraw = True
12.9195 	EXP 	show_condition_text: autoDraw = True
12.9195 	EXP 	show_condition_text: autoDraw = True
12.9195 	EXP 	show_condition_text: autoDraw = True
12.9195 	EXP 	show_condition_text: autoDraw = True
12.9195 	EXP 	show_condition_text: autoDraw = True
12.9195 	EXP 	show_condition_text: autoDraw = True
12.9195 	EXP 	show_condition_text: autoDraw = True
12.9195 	EXP 	show_condition_text: autoDraw = True
12.9195 	EXP 	show_condition_text: autoDraw = True
12.9195 	EXP 	show_condition_text: autoDraw = True
12.9195 	EXP 	show_condition_text: autoDraw = True
12.9195 	EXP 	show_condition_text: autoDraw = True
12.9195 	EXP 	show_condition_text: autoDraw = True
12.9195 	EXP 	show_condition_text: autoDraw = True
12.9195 	EXP 	show_condition_text: autoDraw = True
12.9195 	EXP 	show_condition_text: autoDraw = True
12.9195 	EXP 	show_condition_text: autoDraw = True
12.9195 	EXP 	show_condition_text: autoDraw = True
12.9195 	EXP 	show_condition_text: autoDraw = True
12.9195 	EXP 	show_condition_text: autoDraw = True
12.9195 	EXP 	show_condition_text: autoDraw = True
12.9195 	EXP 	show_condition_text: autoDraw = True
12.9195 	EXP 	show_condition_text: autoDraw = True
12.9195 	EXP 	show_condition_text: autoDraw = True
12.9195 	EXP 	show_condition_text: autoDraw = True
12.9195 	EXP 	show_condition_text: autoDraw = True
12.9195 	EXP 	show_condition_text: autoDraw = True
12.9195 	EXP 	show_condition_text: autoDraw = True
12.9195 	EXP 	show_condition_text: autoDraw = True
12.9195 	EXP 	show_condition_text: autoDraw = True
12.9195 	EXP 	show_condition_text: autoDraw = True
12.9195 	EXP 	show_condition_text: autoDraw = True
12.9195 	EXP 	show_condition_text: autoDraw = True
12.9195 	EXP 	show_condition_text: autoDraw = True
12.9195 	EXP 	show_condition_text: autoDraw = False
12.9195 	EXP 	show_condition_text: text = 'acts'
12.9195 	EXP 	show_condition_text: autoDraw = True
12.9195 	EXP 	show_condition_text: autoDraw = True
12.9195 	EXP 	show_condition_text: autoDraw = True
12.9195 	EXP 	show_condition_text: autoDraw = True
12.9195 	EXP 	show_condition_text: autoDraw = True
12.9195 	EXP 	show_condition_text: autoDraw = True
12.9195 	EXP 	show_condition_text: autoDraw = True
12.9195 	EXP 	show_condition_text: autoDraw = True
12.9195 	EXP 	show_condition_text: autoDraw = True
12.9195 	EXP 	show_condition_text: autoDraw = True
12.9195 	EXP 	show_condition_text: autoDraw = True
12.9195 	EXP 	show_condition_text: autoDraw = True
12.9195 	EXP 	show_condition_text: autoDraw = True
12.9195 	EXP 	show_condition_text: autoDraw = True
12.9195 	EXP 	show_condition_text: autoDraw = True
12.9195 	EXP 	show_condition_text: autoDraw = True
12.9195 	EXP 	show_condition_text: autoDraw = True
12.9195 	EXP 	show_condition_text: autoDraw = True
12.9195 	EXP 	show_condition_text: autoDraw = True
12.9195 	EXP 	show_condition_text: autoDraw = True
12.9195 	EXP 	show_condition_text: autoDraw = True
12.9195 	EXP 	show_condition_text: autoDraw = True
12.9195 	EXP 	show_condition_text: autoDraw = True
12.9195 	EXP 	show_condition_text: autoDraw = True
12.9195 	EXP 	show_condition_text: autoDraw = True
12.9195 	EXP 	show_condition_text: autoDraw = True
12.9195 	EXP 	show_condition_text: autoDraw = True
12.9195 	EXP 	show_condition_text: autoDraw = True
12.9195 	EXP 	show_condition_text: autoDraw = True
12.9195 	EXP 	show_condition_text: autoDraw = True
12.9195 	EXP 	show_condition_text: autoDraw = True
12.9195 	EXP 	show_condition_text: autoDraw = True
12.9195 	EXP 	show_condition_text: autoDraw = True
12.9195 	EXP 	show_condition_text: autoDraw = True
12.9195 	EXP 	show_condition_text: autoDraw = True
12.9195 	EXP 	show_condition_text: autoDraw = True
12.9195 	EXP 	show_condition_text: autoDraw = True
12.9195 	EXP 	show_condition_text: autoDraw = True
12.9195 	EXP 	show_condition_text: autoDraw = True
12.9195 	EXP 	show_condition_text: autoDraw = True
12.9195 	EXP 	show_condition_text: autoDraw = True
12.9195 	EXP 	show_condition_text: autoDraw = True
12.9195 	EXP 	show_condition_text: autoDraw = True
12.9195 	EXP 	show_condition_text: autoDraw = True
12.9195 	EXP 	show_condition_text: autoDraw = True
12.9195 	EXP 	show_condition_text: autoDraw = True
12.9195 	EXP 	show_condition_text: autoDraw = True
12.9195 	EXP 	show_condition_text: autoDraw = True
12.9195 	EXP 	show_condition_text: autoDraw = True
12.9195 	EXP 	show_condition_text: autoDraw = True
12.9195 	EXP 	show_condition_text: autoDraw = True
12.9195 	EXP 	show_condition_text: autoDraw = True
12.9195 	EXP 	show_condition_text: autoDraw = True
12.9195 	EXP 	show_condition_text: autoDraw = True
12.9195 	EXP 	show_condition_text: autoDraw = True
12.9195 	EXP 	show_condition_text: autoDraw = True
12.9195 	EXP 	show_condition_text: autoDraw = True
12.9195 	EXP 	show_condition_text: autoDraw = True
12.9195 	EXP 	show_condition_text: autoDraw = True
12.9195 	EXP 	show_condition_text: autoDraw = True
12.9195 	EXP 	show_condition_text: autoDraw = True
12.9195 	EXP 	show_condition_text: autoDraw = True
12.9195 	EXP 	show_condition_text: autoDraw = True
12.9195 	EXP 	show_condition_text: autoDraw = True
12.9195 	EXP 	show_condition_text: autoDraw = True
12.9195 	EXP 	show_condition_text: autoDraw = True
12.9195 	EXP 	show_condition_text: autoDraw = True
12.9195 	EXP 	show_condition_text: autoDraw = True
12.9195 	EXP 	show_condition_text: autoDraw = True
12.9195 	EXP 	show_condition_text: autoDraw = True
12.9195 	EXP 	show_condition_text: autoDraw = True
12.9195 	EXP 	show_condition_text: autoDraw = True
12.9195 	EXP 	show_condition_text: autoDraw = True
12.9195 	EXP 	show_condition_text: autoDraw = True
12.9195 	EXP 	show_condition_text: autoDraw = True
12.9195 	EXP 	show_condition_text: autoDraw = True
12.9195 	EXP 	show_condition_text: autoDraw = True
12.9195 	EXP 	show_condition_text: autoDraw = True
12.9195 	EXP 	show_condition_text: autoDraw = True
12.9195 	EXP 	show_condition_text: autoDraw = True
12.9195 	EXP 	show_condition_text: autoDraw = True
12.9195 	EXP 	show_condition_text: autoDraw = True
12.9195 	EXP 	show_condition_text: autoDraw = True
12.9195 	EXP 	show_condition_text: autoDraw = True
12.9195 	EXP 	show_condition_text: autoDraw = True
12.9195 	EXP 	show_condition_text: autoDraw = False
12.9195 	EXP 	show_condition_text: text = 'cumshots'
12.9195 	EXP 	show_condition_text: autoDraw = True
12.9195 	EXP 	show_condition_text: autoDraw = True
12.9195 	EXP 	show_condition_text: autoDraw = True
12.9195 	EXP 	show_condition_text: autoDraw = True
12.9195 	EXP 	show_condition_text: autoDraw = True
12.9195 	EXP 	show_condition_text: autoDraw = True
12.9195 	EXP 	show_condition_text: autoDraw = True
12.9195 	EXP 	show_condition_text: autoDraw = True
12.9195 	EXP 	show_condition_text: autoDraw = True
12.9195 	EXP 	show_condition_text: autoDraw = True
12.9195 	EXP 	show_condition_text: autoDraw = True
12.9195 	EXP 	show_condition_text: autoDraw = True
12.9195 	EXP 	show_condition_text: autoDraw = True
12.9195 	EXP 	show_condition_text: autoDraw = True
12.9195 	EXP 	show_condition_text: autoDraw = True
12.9195 	EXP 	show_condition_text: autoDraw = True
12.9195 	EXP 	show_condition_text: autoDraw = True
12.9195 	EXP 	show_condition_text: autoDraw = True
12.9195 	EXP 	show_condition_text: autoDraw = True
12.9195 	EXP 	show_condition_text: autoDraw = True
12.9195 	EXP 	show_condition_text: autoDraw = True
12.9195 	EXP 	show_condition_text: autoDraw = True
12.9195 	EXP 	show_condition_text: autoDraw = True
12.9195 	EXP 	show_condition_text: autoDraw = True
12.9195 	EXP 	show_condition_text: autoDraw = True
12.9195 	EXP 	show_condition_text: autoDraw = True
12.9195 	EXP 	show_condition_text: autoDraw = True
12.9195 	EXP 	show_condition_text: autoDraw = True
12.9195 	EXP 	show_condition_text: autoDraw = True
12.9195 	EXP 	show_condition_text: autoDraw = True
12.9195 	EXP 	show_condition_text: autoDraw = True
12.9195 	EXP 	show_condition_text: autoDraw = True
12.9195 	EXP 	show_condition_text: autoDraw = True
12.9195 	EXP 	show_condition_text: autoDraw = True
12.9195 	EXP 	show_condition_text: autoDraw = True
12.9195 	EXP 	show_condition_text: autoDraw = True
12.9195 	EXP 	show_condition_text: autoDraw = True
12.9195 	EXP 	show_condition_text: autoDraw = True
12.9195 	EXP 	show_condition_text: autoDraw = True
12.9195 	EXP 	show_condition_text: autoDraw = True
12.9195 	EXP 	show_condition_text: autoDraw = True
12.9195 	EXP 	show_condition_text: autoDraw = True
12.9195 	EXP 	show_condition_text: autoDraw = True
12.9195 	EXP 	show_condition_text: autoDraw = True
12.9195 	EXP 	show_condition_text: autoDraw = True
12.9195 	EXP 	show_condition_text: autoDraw = True
12.9195 	EXP 	show_condition_text: autoDraw = True
12.9195 	EXP 	show_condition_text: autoDraw = True
12.9195 	EXP 	show_condition_text: autoDraw = True
12.9195 	EXP 	show_condition_text: autoDraw = True
12.9195 	EXP 	show_condition_text: autoDraw = True
12.9195 	EXP 	show_condition_text: autoDraw = True
12.9195 	EXP 	show_condition_text: autoDraw = True
12.9195 	EXP 	show_condition_text: autoDraw = True
12.9195 	EXP 	show_condition_text: autoDraw = True
12.9195 	EXP 	show_condition_text: autoDraw = True
12.9195 	EXP 	show_condition_text: autoDraw = True
12.9195 	EXP 	show_condition_text: autoDraw = True
12.9195 	EXP 	show_condition_text: autoDraw = True
12.9195 	EXP 	show_condition_text: autoDraw = True
12.9195 	EXP 	show_condition_text: autoDraw = True
12.9195 	EXP 	show_condition_text: autoDraw = True
12.9195 	EXP 	show_condition_text: autoDraw = True
12.9195 	EXP 	show_condition_text: autoDraw = True
12.9195 	EXP 	show_condition_text: autoDraw = True
12.9195 	EXP 	show_condition_text: autoDraw = True
12.9195 	EXP 	show_condition_text: autoDraw = True
12.9195 	EXP 	show_condition_text: autoDraw = True
12.9195 	EXP 	show_condition_text: autoDraw = True
12.9195 	EXP 	show_condition_text: autoDraw = True
12.9195 	EXP 	show_condition_text: autoDraw = True
12.9195 	EXP 	show_condition_text: autoDraw = True
12.9195 	EXP 	show_condition_text: autoDraw = True
12.9195 	EXP 	show_condition_text: autoDraw = True
12.9195 	EXP 	show_condition_text: autoDraw = True
12.9195 	EXP 	show_condition_text: autoDraw = True
12.9195 	EXP 	show_condition_text: autoDraw = True
12.9195 	EXP 	show_condition_text: autoDraw = True
12.9195 	EXP 	show_condition_text: autoDraw = True
12.9195 	EXP 	show_condition_text: autoDraw = True
12.9195 	EXP 	show_condition_text: autoDraw = True
12.9195 	EXP 	show_condition_text: autoDraw = True
12.9195 	EXP 	show_condition_text: autoDraw = True
12.9195 	EXP 	show_condition_text: autoDraw = True
12.9195 	EXP 	show_condition_text: autoDraw = True
12.9195 	EXP 	show_condition_text: autoDraw = True
12.9195 	EXP 	show_condition_text: autoDraw = True
12.9195 	EXP 	show_condition_text: autoDraw = False
12.9195 	EXP 	show_condition_text: text = 'services'
12.9195 	EXP 	show_condition_text: autoDraw = True
12.9195 	EXP 	show_condition_text: autoDraw = True
12.9195 	EXP 	show_condition_text: autoDraw = True
12.9195 	EXP 	show_condition_text: autoDraw = True
12.9195 	EXP 	show_condition_text: autoDraw = True
12.9195 	EXP 	show_condition_text: autoDraw = True
12.9195 	EXP 	show_condition_text: autoDraw = True
12.9195 	EXP 	show_condition_text: autoDraw = True
12.9195 	EXP 	show_condition_text: autoDraw = True
12.9195 	EXP 	show_condition_text: autoDraw = True
12.9195 	EXP 	show_condition_text: autoDraw = True
12.9195 	EXP 	show_condition_text: autoDraw = True
12.9195 	EXP 	show_condition_text: autoDraw = True
12.9195 	EXP 	show_condition_text: autoDraw = True
12.9195 	EXP 	show_condition_text: autoDraw = True
12.9195 	EXP 	show_condition_text: autoDraw = True
12.9195 	EXP 	show_condition_text: autoDraw = True
12.9195 	EXP 	show_condition_text: autoDraw = True
12.9195 	EXP 	show_condition_text: autoDraw = True
12.9195 	EXP 	show_condition_text: autoDraw = True
12.9195 	EXP 	show_condition_text: autoDraw = True
12.9195 	EXP 	show_condition_text: autoDraw = True
12.9195 	EXP 	show_condition_text: autoDraw = True
12.9195 	EXP 	show_condition_text: autoDraw = True
12.9195 	EXP 	show_condition_text: autoDraw = True
12.9195 	EXP 	show_condition_text: autoDraw = True
12.9195 	EXP 	show_condition_text: autoDraw = True
12.9195 	EXP 	show_condition_text: autoDraw = True
12.9195 	EXP 	show_condition_text: autoDraw = True
12.9195 	EXP 	show_condition_text: autoDraw = True
12.9195 	EXP 	show_condition_text: autoDraw = True
12.9195 	EXP 	show_condition_text: autoDraw = True
12.9195 	EXP 	show_condition_text: autoDraw = True
12.9195 	EXP 	show_condition_text: autoDraw = True
12.9195 	EXP 	show_condition_text: autoDraw = True
12.9195 	EXP 	show_condition_text: autoDraw = True
12.9195 	EXP 	show_condition_text: autoDraw = True
12.9195 	EXP 	show_condition_text: autoDraw = True
12.9195 	EXP 	show_condition_text: autoDraw = True
12.9195 	EXP 	show_condition_text: autoDraw = True
12.9195 	EXP 	show_condition_text: autoDraw = True
12.9195 	EXP 	show_condition_text: autoDraw = True
12.9195 	EXP 	show_condition_text: autoDraw = True
12.9195 	EXP 	show_condition_text: autoDraw = True
12.9195 	EXP 	show_condition_text: autoDraw = True
12.9195 	EXP 	show_condition_text: autoDraw = True
12.9195 	EXP 	show_condition_text: autoDraw = True
12.9195 	EXP 	show_condition_text: autoDraw = True
12.9195 	EXP 	show_condition_text: autoDraw = True
12.9195 	EXP 	show_condition_text: autoDraw = True
12.9195 	EXP 	show_condition_text: autoDraw = True
12.9195 	EXP 	show_condition_text: autoDraw = True
12.9195 	EXP 	show_condition_text: autoDraw = True
12.9195 	EXP 	show_condition_text: autoDraw = True
12.9195 	EXP 	show_condition_text: autoDraw = True
12.9195 	EXP 	show_condition_text: autoDraw = True
12.9195 	EXP 	show_condition_text: autoDraw = True
12.9195 	EXP 	show_condition_text: autoDraw = True
12.9195 	EXP 	show_condition_text: autoDraw = True
12.9195 	EXP 	show_condition_text: autoDraw = True
12.9195 	EXP 	show_condition_text: autoDraw = True
12.9195 	EXP 	show_condition_text: autoDraw = True
12.9195 	EXP 	show_condition_text: autoDraw = True
12.9195 	EXP 	show_condition_text: autoDraw = True
12.9195 	EXP 	show_condition_text: autoDraw = True
12.9195 	EXP 	show_condition_text: autoDraw = True
12.9195 	EXP 	show_condition_text: autoDraw = True
12.9195 	EXP 	show_condition_text: autoDraw = True
12.9195 	EXP 	show_condition_text: autoDraw = True
12.9195 	EXP 	show_condition_text: autoDraw = True
12.9195 	EXP 	show_condition_text: autoDraw = True
12.9195 	EXP 	show_condition_text: autoDraw = True
12.9195 	EXP 	show_condition_text: autoDraw = True
12.9195 	EXP 	show_condition_text: autoDraw = True
12.9195 	EXP 	show_condition_text: autoDraw = True
12.9195 	EXP 	show_condition_text: autoDraw = True
12.9195 	EXP 	show_condition_text: autoDraw = True
12.9195 	EXP 	show_condition_text: autoDraw = True
12.9195 	EXP 	show_condition_text: autoDraw = True
12.9195 	EXP 	show_condition_text: autoDraw = True
12.9195 	EXP 	show_condition_text: autoDraw = True
12.9195 	EXP 	show_condition_text: autoDraw = True
12.9195 	EXP 	show_condition_text: autoDraw = True
12.9195 	EXP 	show_condition_text: autoDraw = True
12.9195 	EXP 	show_condition_text: autoDraw = True
12.9195 	EXP 	show_condition_text: autoDraw = True
12.9195 	EXP 	show_condition_text: autoDraw = True
12.9195 	EXP 	show_condition_text: autoDraw = True
12.9195 	EXP 	show_condition_text: autoDraw = False
12.9195 	EXP 	show_condition_text: text = '****'
12.9195 	EXP 	show_condition_text: autoDraw = True
14.2221 	DATA 	Keypress: escape
14.6756 	EXP 	window1: mouseVisible = True
