5.0869 	WARNING 	User requested fullscreen with size [1024  768], but screen is actually [1440, 900]. Using actual size
5.7840 	EXP 	Created window1 = Window(allowGUI=False, allowStencil=False, args=UNKNOWN, autoLog=True, bitsMode=UNKNOWN, blendMode='avg', color=array([0., 0., 0.]), colorSpace='rgb', fullscr=<method-wrapper '__getattribute__' of attributeSetter object at 0x13248c860>, gamma=None, gammaErrorPolicy='raise', kwargs=UNKNOWN, lms=UNKNOWN, monitor=<psychopy.monitors.calibTools.Monitor object at 0x13346eb70>, multiSample=False, name='window1', numSamples=2, pos=[360.0, 225.0], screen=0, size=array([2880, 1800]), stereo=False, units='height', useFBO=True, useRetina=True, viewOri=0.0, viewPos=None, viewScale=None, waitBlanking=True, winType='pyglet')
5.7841 	EXP 	window1: recordFrameIntervals = False
5.9500 	EXP 	window1: recordFrameIntervals = True
6.1332 	EXP 	window1: recordFrameIntervals = False
6.5385 	EXP 	Created instructions_text = TextStim(__class__=<class 'psychopy.visual.text.TextStim'>, alignHoriz='center', alignVert='center', antialias=True, autoLog=True, bold=False, color='white', colorSpace='named', contrast=1.0, depth=0.0, flipHoriz=False, flipVert=False, font='Arial', fontFiles=[], height=0.1, italic=False, languageStyle='LTR', name='instructions_text', opacity=1.0, ori=0, pos=array([0., 0.]), rgb=array([255., 255., 255.]), text='Welcome!', units='height', win=Window(...), wrapWidth=1)
6.5944 	EXP 	Created show_condition_text = TextStim(__class__=<class 'psychopy.visual.text.TextStim'>, alignHoriz='center', alignVert='center', antialias=True, autoLog=True, bold=False, color='white', colorSpace='named', contrast=1.0, depth=0.0, flipHoriz=False, flipVert=False, font='Arial', fontFiles=[], height=0.1, italic=False, languageStyle='LTR', name='show_condition_text', opacity=1.0, ori=0, pos=array([0., 0.]), rgb=array([255., 255., 255.]), text='default text', units='height', win=Window(...), wrapWidth=1)
6.6174 	EXP 	instructions_text: autoDraw = True
7.2882 	EXP 	Imported csvs/noise_conditions.csv as conditions, 4 conditions, 1 params
7.2885 	EXP 	Created sequence: random, trialTypes=4, nReps=1, seed=None
7.2887 	EXP 	New trial (rep=0, index=0): OrderedDict([('condition', 1)])
7.2913 	EXP 	Imported csvs/condition_1_wlists_indices.csv as conditions, 8 conditions, 1 params
7.2915 	EXP 	Created sequence: random, trialTypes=8, nReps=1, seed=None
7.2917 	EXP 	New trial (rep=0, index=0): OrderedDict([('wlist_index', 12)])
7.2945 	EXP 	Imported csvs/12.csv as conditions, 7 conditions, 1 params
7.2948 	EXP 	Created sequence: random, trialTypes=7, nReps=1, seed=None
7.2950 	EXP 	New trial (rep=0, index=0): OrderedDict([('word', 'latin')])
7.3099 	DATA 	Keypress: space
7.3325 	EXP 	instructions_text: autoDraw = False
7.3325 	EXP 	show_condition_text: text = 'latin'
7.3325 	EXP 	show_condition_text: autoDraw = True
7.7195 	DATA 	Keypress: space
10.3070 	EXP 	New trial (rep=0, index=1): OrderedDict([('word', 'rapid')])
10.3249 	EXP 	show_condition_text: autoDraw = False
10.3249 	EXP 	show_condition_text: text = 'rapid'
10.3249 	EXP 	show_condition_text: autoDraw = True
13.3235 	EXP 	New trial (rep=0, index=2): OrderedDict([('word', 'cradle')])
13.3396 	EXP 	show_condition_text: autoDraw = False
13.3396 	EXP 	show_condition_text: text = 'cradle'
13.3396 	EXP 	show_condition_text: autoDraw = True
16.3402 	EXP 	New trial (rep=0, index=3): OrderedDict([('word', 'keyword')])
16.3721 	EXP 	show_condition_text: autoDraw = False
16.3721 	EXP 	show_condition_text: text = 'keyword'
16.3721 	EXP 	show_condition_text: autoDraw = True
17.2577 	DATA 	Keypress: lshift
17.2581 	DATA 	Keypress: loption
17.2601 	DATA 	Keypress: left
17.2911 	DATA 	Keypress: lctrl
17.5910 	DATA 	Keypress: lctrl
17.6417 	DATA 	Keypress: left
18.1575 	DATA 	Keypress: lctrl
19.3567 	EXP 	New trial (rep=0, index=4): OrderedDict([('word', 'bangkok')])
19.3765 	EXP 	show_condition_text: autoDraw = False
19.3765 	EXP 	show_condition_text: text = 'bangkok'
19.3765 	EXP 	show_condition_text: autoDraw = True
22.3736 	EXP 	New trial (rep=0, index=5): OrderedDict([('word', 'shipments')])
22.3925 	EXP 	show_condition_text: autoDraw = False
22.3925 	EXP 	show_condition_text: text = 'shipments'
22.3925 	EXP 	show_condition_text: autoDraw = True
25.3897 	EXP 	New trial (rep=0, index=6): OrderedDict([('word', 'powered')])
25.4090 	EXP 	show_condition_text: autoDraw = False
25.4090 	EXP 	show_condition_text: text = 'powered'
25.4090 	EXP 	show_condition_text: autoDraw = True
28.4067 	EXP 	New trial (rep=0, index=1): OrderedDict([('wlist_index', 9)])
28.4098 	EXP 	Imported csvs/9.csv as conditions, 6 conditions, 1 params
28.4102 	EXP 	Created sequence: random, trialTypes=6, nReps=1, seed=None
28.4104 	EXP 	New trial (rep=0, index=0): OrderedDict([('word', 'continuing')])
28.4392 	EXP 	show_condition_text: autoDraw = False
28.4392 	EXP 	show_condition_text: text = 'continuing'
28.4392 	EXP 	show_condition_text: autoDraw = True
31.4237 	EXP 	New trial (rep=0, index=1): OrderedDict([('word', 'plane')])
31.4396 	EXP 	show_condition_text: autoDraw = False
31.4396 	EXP 	show_condition_text: text = 'plane'
31.4396 	EXP 	show_condition_text: autoDraw = True
34.4398 	EXP 	New trial (rep=0, index=2): OrderedDict([('word', 'sing')])
34.4558 	EXP 	show_condition_text: autoDraw = False
34.4558 	EXP 	show_condition_text: text = 'sing'
34.4558 	EXP 	show_condition_text: autoDraw = True
37.4558 	EXP 	New trial (rep=0, index=3): OrderedDict([('word', 'stuck')])
37.4715 	EXP 	show_condition_text: autoDraw = False
37.4715 	EXP 	show_condition_text: text = 'stuck'
37.4715 	EXP 	show_condition_text: autoDraw = True
40.4725 	EXP 	New trial (rep=0, index=4): OrderedDict([('word', 'titled')])
40.4886 	EXP 	show_condition_text: autoDraw = False
40.4886 	EXP 	show_condition_text: text = 'titled'
40.4886 	EXP 	show_condition_text: autoDraw = True
43.4886 	EXP 	New trial (rep=0, index=5): OrderedDict([('word', 'bitch')])
43.5056 	EXP 	show_condition_text: autoDraw = False
43.5056 	EXP 	show_condition_text: text = 'bitch'
43.5056 	EXP 	show_condition_text: autoDraw = True
46.5222 	EXP 	show_condition_text: autoDraw = False
46.5222 	EXP 	show_condition_text: text = '****'
46.5222 	EXP 	show_condition_text: autoDraw = True
46.5386 	EXP 	show_condition_text: text = '****'
46.5386 	EXP 	show_condition_text: autoDraw = True
46.5559 	EXP 	show_condition_text: text = '****'
46.5559 	EXP 	show_condition_text: autoDraw = True
46.5716 	EXP 	show_condition_text: text = '****'
46.5716 	EXP 	show_condition_text: autoDraw = True
46.5888 	EXP 	show_condition_text: text = '****'
46.5888 	EXP 	show_condition_text: autoDraw = True
46.6056 	EXP 	show_condition_text: text = '****'
46.6056 	EXP 	show_condition_text: autoDraw = True
46.6229 	EXP 	show_condition_text: text = '****'
46.6229 	EXP 	show_condition_text: autoDraw = True
46.6393 	EXP 	show_condition_text: text = '****'
46.6393 	EXP 	show_condition_text: autoDraw = True
46.6558 	EXP 	show_condition_text: text = '****'
46.6558 	EXP 	show_condition_text: autoDraw = True
46.6729 	EXP 	show_condition_text: text = '****'
46.6729 	EXP 	show_condition_text: autoDraw = True
46.6893 	EXP 	show_condition_text: text = '****'
46.6893 	EXP 	show_condition_text: autoDraw = True
46.7060 	EXP 	show_condition_text: text = '****'
46.7060 	EXP 	show_condition_text: autoDraw = True
46.7228 	EXP 	show_condition_text: text = '****'
46.7228 	EXP 	show_condition_text: autoDraw = True
46.7394 	EXP 	show_condition_text: text = '****'
46.7394 	EXP 	show_condition_text: autoDraw = True
46.7562 	EXP 	show_condition_text: text = '****'
46.7562 	EXP 	show_condition_text: autoDraw = True
46.7723 	EXP 	show_condition_text: text = '****'
46.7723 	EXP 	show_condition_text: autoDraw = True
46.7894 	EXP 	show_condition_text: text = '****'
46.7894 	EXP 	show_condition_text: autoDraw = True
46.8059 	EXP 	show_condition_text: text = '****'
46.8059 	EXP 	show_condition_text: autoDraw = True
46.8225 	EXP 	show_condition_text: text = '****'
46.8225 	EXP 	show_condition_text: autoDraw = True
46.8396 	EXP 	show_condition_text: text = '****'
46.8396 	EXP 	show_condition_text: autoDraw = True
46.8559 	EXP 	show_condition_text: text = '****'
46.8559 	EXP 	show_condition_text: autoDraw = True
46.8728 	EXP 	show_condition_text: text = '****'
46.8728 	EXP 	show_condition_text: autoDraw = True
46.8890 	EXP 	show_condition_text: text = '****'
46.8890 	EXP 	show_condition_text: autoDraw = True
46.9058 	EXP 	show_condition_text: text = '****'
46.9058 	EXP 	show_condition_text: autoDraw = True
46.9225 	EXP 	show_condition_text: text = '****'
46.9225 	EXP 	show_condition_text: autoDraw = True
46.9395 	EXP 	show_condition_text: text = '****'
46.9395 	EXP 	show_condition_text: autoDraw = True
46.9558 	EXP 	show_condition_text: text = '****'
46.9558 	EXP 	show_condition_text: autoDraw = True
46.9719 	EXP 	show_condition_text: text = '****'
46.9719 	EXP 	show_condition_text: autoDraw = True
46.9887 	EXP 	show_condition_text: text = '****'
46.9887 	EXP 	show_condition_text: autoDraw = True
47.0059 	EXP 	show_condition_text: text = '****'
47.0059 	EXP 	show_condition_text: autoDraw = True
47.0225 	EXP 	show_condition_text: text = '****'
47.0225 	EXP 	show_condition_text: autoDraw = True
47.0387 	EXP 	show_condition_text: text = '****'
47.0387 	EXP 	show_condition_text: autoDraw = True
47.0557 	EXP 	show_condition_text: text = '****'
47.0557 	EXP 	show_condition_text: autoDraw = True
47.0718 	EXP 	show_condition_text: text = '****'
47.0718 	EXP 	show_condition_text: autoDraw = True
47.0891 	EXP 	show_condition_text: text = '****'
47.0891 	EXP 	show_condition_text: autoDraw = True
47.1060 	EXP 	show_condition_text: text = '****'
47.1060 	EXP 	show_condition_text: autoDraw = True
47.1223 	EXP 	show_condition_text: text = '****'
47.1223 	EXP 	show_condition_text: autoDraw = True
47.1392 	EXP 	show_condition_text: text = '****'
47.1392 	EXP 	show_condition_text: autoDraw = True
47.1557 	EXP 	show_condition_text: text = '****'
47.1557 	EXP 	show_condition_text: autoDraw = True
47.1718 	EXP 	show_condition_text: text = '****'
47.1718 	EXP 	show_condition_text: autoDraw = True
47.1892 	EXP 	show_condition_text: text = '****'
47.1892 	EXP 	show_condition_text: autoDraw = True
47.2054 	EXP 	show_condition_text: text = '****'
47.2054 	EXP 	show_condition_text: autoDraw = True
47.2227 	EXP 	show_condition_text: text = '****'
47.2227 	EXP 	show_condition_text: autoDraw = True
47.2387 	EXP 	show_condition_text: text = '****'
47.2387 	EXP 	show_condition_text: autoDraw = True
47.2555 	EXP 	show_condition_text: text = '****'
47.2555 	EXP 	show_condition_text: autoDraw = True
47.2723 	EXP 	show_condition_text: text = '****'
47.2723 	EXP 	show_condition_text: autoDraw = True
47.2894 	EXP 	show_condition_text: text = '****'
47.2894 	EXP 	show_condition_text: autoDraw = True
47.3058 	EXP 	show_condition_text: text = '****'
47.3058 	EXP 	show_condition_text: autoDraw = True
47.3226 	EXP 	show_condition_text: text = '****'
47.3226 	EXP 	show_condition_text: autoDraw = True
47.3387 	EXP 	show_condition_text: text = '****'
47.3387 	EXP 	show_condition_text: autoDraw = True
47.3562 	EXP 	show_condition_text: text = '****'
47.3562 	EXP 	show_condition_text: autoDraw = True
47.3727 	EXP 	show_condition_text: text = '****'
47.3727 	EXP 	show_condition_text: autoDraw = True
47.3893 	EXP 	show_condition_text: text = '****'
47.3893 	EXP 	show_condition_text: autoDraw = True
47.4054 	EXP 	show_condition_text: text = '****'
47.4054 	EXP 	show_condition_text: autoDraw = True
47.4229 	EXP 	show_condition_text: text = '****'
47.4229 	EXP 	show_condition_text: autoDraw = True
47.4394 	EXP 	show_condition_text: text = '****'
47.4394 	EXP 	show_condition_text: autoDraw = True
47.4555 	EXP 	show_condition_text: text = '****'
47.4555 	EXP 	show_condition_text: autoDraw = True
47.4722 	EXP 	show_condition_text: text = '****'
47.4722 	EXP 	show_condition_text: autoDraw = True
47.4890 	EXP 	show_condition_text: text = '****'
47.4890 	EXP 	show_condition_text: autoDraw = True
47.5056 	EXP 	show_condition_text: text = '****'
47.5056 	EXP 	show_condition_text: autoDraw = True
47.5221 	EXP 	show_condition_text: text = '****'
47.5221 	EXP 	show_condition_text: autoDraw = True
47.5388 	EXP 	show_condition_text: text = '****'
47.5388 	EXP 	show_condition_text: autoDraw = True
47.5559 	EXP 	show_condition_text: text = '****'
47.5559 	EXP 	show_condition_text: autoDraw = True
47.5727 	EXP 	show_condition_text: text = '****'
47.5727 	EXP 	show_condition_text: autoDraw = True
47.5894 	EXP 	show_condition_text: text = '****'
47.5894 	EXP 	show_condition_text: autoDraw = True
47.6056 	EXP 	show_condition_text: text = '****'
47.6056 	EXP 	show_condition_text: autoDraw = True
47.6227 	EXP 	show_condition_text: text = '****'
47.6227 	EXP 	show_condition_text: autoDraw = True
47.6394 	EXP 	show_condition_text: text = '****'
47.6394 	EXP 	show_condition_text: autoDraw = True
47.6555 	EXP 	show_condition_text: text = '****'
47.6555 	EXP 	show_condition_text: autoDraw = True
47.6726 	EXP 	show_condition_text: text = '****'
47.6726 	EXP 	show_condition_text: autoDraw = True
47.6892 	EXP 	show_condition_text: text = '****'
47.6892 	EXP 	show_condition_text: autoDraw = True
47.7049 	EXP 	show_condition_text: text = '****'
47.7049 	EXP 	show_condition_text: autoDraw = True
47.7227 	EXP 	show_condition_text: text = '****'
47.7227 	EXP 	show_condition_text: autoDraw = True
47.7388 	EXP 	show_condition_text: text = '****'
47.7388 	EXP 	show_condition_text: autoDraw = True
47.7556 	EXP 	show_condition_text: text = '****'
47.7556 	EXP 	show_condition_text: autoDraw = True
47.7726 	EXP 	show_condition_text: text = '****'
47.7726 	EXP 	show_condition_text: autoDraw = True
47.7896 	EXP 	show_condition_text: text = '****'
47.7896 	EXP 	show_condition_text: autoDraw = True
47.8061 	EXP 	show_condition_text: text = '****'
47.8061 	EXP 	show_condition_text: autoDraw = True
47.8220 	EXP 	show_condition_text: text = '****'
47.8220 	EXP 	show_condition_text: autoDraw = True
47.8389 	EXP 	show_condition_text: text = '****'
47.8389 	EXP 	show_condition_text: autoDraw = True
47.8556 	EXP 	show_condition_text: text = '****'
47.8556 	EXP 	show_condition_text: autoDraw = True
47.8723 	EXP 	show_condition_text: text = '****'
47.8723 	EXP 	show_condition_text: autoDraw = True
47.8891 	EXP 	show_condition_text: text = '****'
47.8891 	EXP 	show_condition_text: autoDraw = True
47.9059 	EXP 	show_condition_text: text = '****'
47.9059 	EXP 	show_condition_text: autoDraw = True
47.9226 	EXP 	show_condition_text: text = '****'
47.9226 	EXP 	show_condition_text: autoDraw = True
47.9385 	EXP 	show_condition_text: text = '****'
47.9385 	EXP 	show_condition_text: autoDraw = True
47.9557 	EXP 	show_condition_text: text = '****'
47.9557 	EXP 	show_condition_text: autoDraw = True
47.9726 	EXP 	show_condition_text: text = '****'
47.9726 	EXP 	show_condition_text: autoDraw = True
47.9894 	EXP 	show_condition_text: text = '****'
47.9894 	EXP 	show_condition_text: autoDraw = True
48.0052 	EXP 	show_condition_text: text = '****'
48.0052 	EXP 	show_condition_text: autoDraw = True
48.0223 	EXP 	show_condition_text: text = '****'
48.0223 	EXP 	show_condition_text: autoDraw = True
48.0390 	EXP 	show_condition_text: text = '****'
48.0390 	EXP 	show_condition_text: autoDraw = True
48.0556 	EXP 	show_condition_text: text = '****'
48.0556 	EXP 	show_condition_text: autoDraw = True
48.0724 	EXP 	show_condition_text: text = '****'
48.0724 	EXP 	show_condition_text: autoDraw = True
48.0895 	EXP 	show_condition_text: text = '****'
48.0895 	EXP 	show_condition_text: autoDraw = True
48.1053 	EXP 	show_condition_text: text = '****'
48.1053 	EXP 	show_condition_text: autoDraw = True
48.1221 	EXP 	show_condition_text: text = '****'
48.1221 	EXP 	show_condition_text: autoDraw = True
48.1391 	EXP 	show_condition_text: text = '****'
48.1391 	EXP 	show_condition_text: autoDraw = True
48.1549 	EXP 	show_condition_text: text = '****'
48.1549 	EXP 	show_condition_text: autoDraw = True
48.1717 	EXP 	show_condition_text: text = '****'
48.1717 	EXP 	show_condition_text: autoDraw = True
48.1893 	EXP 	show_condition_text: text = '****'
48.1893 	EXP 	show_condition_text: autoDraw = True
48.2061 	EXP 	show_condition_text: text = '****'
48.2061 	EXP 	show_condition_text: autoDraw = True
48.2221 	EXP 	show_condition_text: text = '****'
48.2221 	EXP 	show_condition_text: autoDraw = True
48.2388 	EXP 	show_condition_text: text = '****'
48.2388 	EXP 	show_condition_text: autoDraw = True
48.2556 	EXP 	show_condition_text: text = '****'
48.2556 	EXP 	show_condition_text: autoDraw = True
48.2723 	EXP 	show_condition_text: text = '****'
48.2723 	EXP 	show_condition_text: autoDraw = True
48.2892 	EXP 	show_condition_text: text = '****'
48.2892 	EXP 	show_condition_text: autoDraw = True
48.3051 	EXP 	show_condition_text: text = '****'
48.3051 	EXP 	show_condition_text: autoDraw = True
48.3217 	EXP 	show_condition_text: text = '****'
48.3217 	EXP 	show_condition_text: autoDraw = True
48.3387 	EXP 	show_condition_text: text = '****'
48.3387 	EXP 	show_condition_text: autoDraw = True
48.3558 	EXP 	show_condition_text: text = '****'
48.3558 	EXP 	show_condition_text: autoDraw = True
48.3727 	EXP 	show_condition_text: text = '****'
48.3727 	EXP 	show_condition_text: autoDraw = True
48.3884 	EXP 	show_condition_text: text = '****'
48.3884 	EXP 	show_condition_text: autoDraw = True
48.4051 	EXP 	show_condition_text: text = '****'
48.4051 	EXP 	show_condition_text: autoDraw = True
48.4220 	EXP 	show_condition_text: text = '****'
48.4220 	EXP 	show_condition_text: autoDraw = True
48.4390 	EXP 	show_condition_text: text = '****'
48.4390 	EXP 	show_condition_text: autoDraw = True
48.4558 	EXP 	show_condition_text: text = '****'
48.4558 	EXP 	show_condition_text: autoDraw = True
48.4724 	EXP 	show_condition_text: text = '****'
48.4724 	EXP 	show_condition_text: autoDraw = True
48.4896 	EXP 	show_condition_text: text = '****'
48.4896 	EXP 	show_condition_text: autoDraw = True
48.5055 	EXP 	show_condition_text: text = '****'
48.5055 	EXP 	show_condition_text: autoDraw = True
48.5226 	EXP 	show_condition_text: text = '****'
48.5226 	EXP 	show_condition_text: autoDraw = True
48.5389 	EXP 	show_condition_text: text = '****'
48.5389 	EXP 	show_condition_text: autoDraw = True
48.5558 	EXP 	show_condition_text: text = '****'
48.5558 	EXP 	show_condition_text: autoDraw = True
48.5729 	EXP 	show_condition_text: text = '****'
48.5729 	EXP 	show_condition_text: autoDraw = True
48.5888 	EXP 	show_condition_text: text = '****'
48.5888 	EXP 	show_condition_text: autoDraw = True
48.6057 	EXP 	show_condition_text: text = '****'
48.6057 	EXP 	show_condition_text: autoDraw = True
48.6226 	EXP 	show_condition_text: text = '****'
48.6226 	EXP 	show_condition_text: autoDraw = True
48.6384 	EXP 	show_condition_text: text = '****'
48.6384 	EXP 	show_condition_text: autoDraw = True
48.6559 	EXP 	show_condition_text: text = '****'
48.6559 	EXP 	show_condition_text: autoDraw = True
48.6721 	EXP 	show_condition_text: text = '****'
48.6721 	EXP 	show_condition_text: autoDraw = True
48.6891 	EXP 	show_condition_text: text = '****'
48.6891 	EXP 	show_condition_text: autoDraw = True
48.7060 	EXP 	show_condition_text: text = '****'
48.7060 	EXP 	show_condition_text: autoDraw = True
48.7222 	EXP 	show_condition_text: text = '****'
48.7222 	EXP 	show_condition_text: autoDraw = True
48.7390 	EXP 	show_condition_text: text = '****'
48.7390 	EXP 	show_condition_text: autoDraw = True
48.7550 	EXP 	show_condition_text: text = '****'
48.7550 	EXP 	show_condition_text: autoDraw = True
48.7721 	EXP 	show_condition_text: text = '****'
48.7721 	EXP 	show_condition_text: autoDraw = True
48.7894 	EXP 	show_condition_text: text = '****'
48.7894 	EXP 	show_condition_text: autoDraw = True
48.8053 	EXP 	show_condition_text: text = '****'
48.8053 	EXP 	show_condition_text: autoDraw = True
48.8222 	EXP 	show_condition_text: text = '****'
48.8222 	EXP 	show_condition_text: autoDraw = True
48.8393 	EXP 	show_condition_text: text = '****'
48.8393 	EXP 	show_condition_text: autoDraw = True
48.8556 	EXP 	show_condition_text: text = '****'
48.8556 	EXP 	show_condition_text: autoDraw = True
48.8725 	EXP 	show_condition_text: text = '****'
48.8725 	EXP 	show_condition_text: autoDraw = True
48.8884 	EXP 	show_condition_text: text = '****'
48.8884 	EXP 	show_condition_text: autoDraw = True
48.9054 	EXP 	show_condition_text: text = '****'
48.9054 	EXP 	show_condition_text: autoDraw = True
48.9223 	EXP 	show_condition_text: text = '****'
48.9223 	EXP 	show_condition_text: autoDraw = True
48.9389 	EXP 	show_condition_text: text = '****'
48.9389 	EXP 	show_condition_text: autoDraw = True
48.9559 	EXP 	show_condition_text: text = '****'
48.9559 	EXP 	show_condition_text: autoDraw = True
48.9727 	EXP 	show_condition_text: text = '****'
48.9727 	EXP 	show_condition_text: autoDraw = True
48.9892 	EXP 	show_condition_text: text = '****'
48.9892 	EXP 	show_condition_text: autoDraw = True
49.0061 	EXP 	show_condition_text: text = '****'
49.0061 	EXP 	show_condition_text: autoDraw = True
49.0223 	EXP 	show_condition_text: text = '****'
49.0223 	EXP 	show_condition_text: autoDraw = True
49.0390 	EXP 	show_condition_text: text = '****'
49.0390 	EXP 	show_condition_text: autoDraw = True
49.0560 	EXP 	show_condition_text: text = '****'
49.0560 	EXP 	show_condition_text: autoDraw = True
49.0727 	EXP 	show_condition_text: text = '****'
49.0727 	EXP 	show_condition_text: autoDraw = True
49.0887 	EXP 	show_condition_text: text = '****'
49.0887 	EXP 	show_condition_text: autoDraw = True
49.1053 	EXP 	show_condition_text: text = '****'
49.1053 	EXP 	show_condition_text: autoDraw = True
49.1222 	EXP 	show_condition_text: text = '****'
49.1222 	EXP 	show_condition_text: autoDraw = True
49.1392 	EXP 	show_condition_text: text = '****'
49.1392 	EXP 	show_condition_text: autoDraw = True
49.1559 	EXP 	show_condition_text: text = '****'
49.1559 	EXP 	show_condition_text: autoDraw = True
49.1717 	EXP 	show_condition_text: text = '****'
49.1717 	EXP 	show_condition_text: autoDraw = True
49.1887 	EXP 	show_condition_text: text = '****'
49.1887 	EXP 	show_condition_text: autoDraw = True
49.2058 	EXP 	show_condition_text: text = '****'
49.2058 	EXP 	show_condition_text: autoDraw = True
49.2223 	EXP 	show_condition_text: text = '****'
49.2223 	EXP 	show_condition_text: autoDraw = True
49.2391 	EXP 	show_condition_text: text = '****'
49.2391 	EXP 	show_condition_text: autoDraw = True
49.2553 	EXP 	show_condition_text: text = '****'
49.2553 	EXP 	show_condition_text: autoDraw = True
49.2728 	EXP 	show_condition_text: text = '****'
49.2728 	EXP 	show_condition_text: autoDraw = True
49.2889 	EXP 	show_condition_text: text = '****'
49.2889 	EXP 	show_condition_text: autoDraw = True
49.3059 	EXP 	show_condition_text: text = '****'
49.3059 	EXP 	show_condition_text: autoDraw = True
49.3216 	EXP 	show_condition_text: text = '****'
49.3216 	EXP 	show_condition_text: autoDraw = True
49.3385 	EXP 	show_condition_text: text = '****'
49.3385 	EXP 	show_condition_text: autoDraw = True
49.3554 	EXP 	show_condition_text: text = '****'
49.3554 	EXP 	show_condition_text: autoDraw = True
49.3721 	EXP 	show_condition_text: text = '****'
49.3721 	EXP 	show_condition_text: autoDraw = True
49.3889 	EXP 	show_condition_text: text = '****'
49.3889 	EXP 	show_condition_text: autoDraw = True
49.4061 	EXP 	show_condition_text: text = '****'
49.4061 	EXP 	show_condition_text: autoDraw = True
49.4224 	EXP 	show_condition_text: text = '****'
49.4224 	EXP 	show_condition_text: autoDraw = True
49.4392 	EXP 	show_condition_text: text = '****'
49.4392 	EXP 	show_condition_text: autoDraw = True
49.4560 	EXP 	show_condition_text: text = '****'
49.4560 	EXP 	show_condition_text: autoDraw = True
49.4721 	EXP 	show_condition_text: text = '****'
49.4721 	EXP 	show_condition_text: autoDraw = True
49.4895 	EXP 	show_condition_text: text = '****'
49.4895 	EXP 	show_condition_text: autoDraw = True
49.5057 	EXP 	show_condition_text: text = '****'
49.5057 	EXP 	show_condition_text: autoDraw = True
49.5216 	EXP 	show_condition_text: text = '****'
49.5216 	EXP 	show_condition_text: autoDraw = True
49.5392 	EXP 	show_condition_text: text = '****'
49.5392 	EXP 	show_condition_text: autoDraw = True
49.5551 	EXP 	show_condition_text: text = '****'
49.5551 	EXP 	show_condition_text: autoDraw = True
49.5722 	EXP 	show_condition_text: text = '****'
49.5722 	EXP 	show_condition_text: autoDraw = True
49.5891 	EXP 	show_condition_text: text = '****'
49.5891 	EXP 	show_condition_text: autoDraw = True
49.6049 	EXP 	show_condition_text: text = '****'
49.6049 	EXP 	show_condition_text: autoDraw = True
49.6226 	EXP 	show_condition_text: text = '****'
49.6226 	EXP 	show_condition_text: autoDraw = True
49.6392 	EXP 	show_condition_text: text = '****'
49.6392 	EXP 	show_condition_text: autoDraw = True
49.6553 	EXP 	show_condition_text: text = '****'
49.6553 	EXP 	show_condition_text: autoDraw = True
49.6724 	EXP 	show_condition_text: text = '****'
49.6724 	EXP 	show_condition_text: autoDraw = True
49.6890 	EXP 	show_condition_text: text = '****'
49.6890 	EXP 	show_condition_text: autoDraw = True
49.7059 	EXP 	show_condition_text: text = '****'
49.7059 	EXP 	show_condition_text: autoDraw = True
49.7229 	EXP 	show_condition_text: text = '****'
49.7229 	EXP 	show_condition_text: autoDraw = True
49.7387 	EXP 	show_condition_text: text = '****'
49.7387 	EXP 	show_condition_text: autoDraw = True
49.7557 	EXP 	show_condition_text: text = '****'
49.7557 	EXP 	show_condition_text: autoDraw = True
49.7716 	EXP 	show_condition_text: text = '****'
49.7716 	EXP 	show_condition_text: autoDraw = True
49.7893 	EXP 	show_condition_text: text = '****'
49.7893 	EXP 	show_condition_text: autoDraw = True
49.8059 	EXP 	show_condition_text: text = '****'
49.8059 	EXP 	show_condition_text: autoDraw = True
49.8217 	EXP 	show_condition_text: text = '****'
49.8217 	EXP 	show_condition_text: autoDraw = True
49.8384 	EXP 	show_condition_text: text = '****'
49.8384 	EXP 	show_condition_text: autoDraw = True
49.8559 	EXP 	show_condition_text: text = '****'
49.8559 	EXP 	show_condition_text: autoDraw = True
49.8718 	EXP 	show_condition_text: text = '****'
49.8718 	EXP 	show_condition_text: autoDraw = True
49.8893 	EXP 	show_condition_text: text = '****'
49.8893 	EXP 	show_condition_text: autoDraw = True
49.9052 	EXP 	show_condition_text: text = '****'
49.9052 	EXP 	show_condition_text: autoDraw = True
49.9218 	EXP 	show_condition_text: text = '****'
49.9218 	EXP 	show_condition_text: autoDraw = True
49.9387 	EXP 	show_condition_text: text = '****'
49.9387 	EXP 	show_condition_text: autoDraw = True
49.9560 	EXP 	show_condition_text: text = '****'
49.9560 	EXP 	show_condition_text: autoDraw = True
49.9726 	EXP 	show_condition_text: text = '****'
49.9726 	EXP 	show_condition_text: autoDraw = True
49.9891 	EXP 	show_condition_text: text = '****'
49.9891 	EXP 	show_condition_text: autoDraw = True
50.0060 	EXP 	show_condition_text: text = '****'
50.0060 	EXP 	show_condition_text: autoDraw = True
50.0224 	EXP 	show_condition_text: text = '****'
50.0224 	EXP 	show_condition_text: autoDraw = True
50.0392 	EXP 	show_condition_text: text = '****'
50.0392 	EXP 	show_condition_text: autoDraw = True
50.0559 	EXP 	show_condition_text: text = '****'
50.0559 	EXP 	show_condition_text: autoDraw = True
50.0723 	EXP 	show_condition_text: text = '****'
50.0723 	EXP 	show_condition_text: autoDraw = True
50.0893 	EXP 	show_condition_text: text = '****'
50.0893 	EXP 	show_condition_text: autoDraw = True
50.1060 	EXP 	show_condition_text: text = '****'
50.1060 	EXP 	show_condition_text: autoDraw = True
50.1218 	EXP 	show_condition_text: text = '****'
50.1218 	EXP 	show_condition_text: autoDraw = True
50.1390 	EXP 	show_condition_text: text = '****'
50.1390 	EXP 	show_condition_text: autoDraw = True
50.1558 	EXP 	show_condition_text: text = '****'
50.1558 	EXP 	show_condition_text: autoDraw = True
50.1725 	EXP 	show_condition_text: text = '****'
50.1725 	EXP 	show_condition_text: autoDraw = True
50.1893 	EXP 	show_condition_text: text = '****'
50.1893 	EXP 	show_condition_text: autoDraw = True
50.2059 	EXP 	show_condition_text: text = '****'
50.2059 	EXP 	show_condition_text: autoDraw = True
50.2228 	EXP 	show_condition_text: text = '****'
50.2228 	EXP 	show_condition_text: autoDraw = True
50.2395 	EXP 	show_condition_text: text = '****'
50.2395 	EXP 	show_condition_text: autoDraw = True
50.2552 	EXP 	show_condition_text: text = '****'
50.2552 	EXP 	show_condition_text: autoDraw = True
50.2725 	EXP 	show_condition_text: text = '****'
50.2725 	EXP 	show_condition_text: autoDraw = True
50.2893 	EXP 	show_condition_text: text = '****'
50.2893 	EXP 	show_condition_text: autoDraw = True
50.3050 	EXP 	show_condition_text: text = '****'
50.3050 	EXP 	show_condition_text: autoDraw = True
50.3226 	EXP 	show_condition_text: text = '****'
50.3226 	EXP 	show_condition_text: autoDraw = True
50.3393 	EXP 	show_condition_text: text = '****'
50.3393 	EXP 	show_condition_text: autoDraw = True
50.3558 	EXP 	show_condition_text: text = '****'
50.3558 	EXP 	show_condition_text: autoDraw = True
50.3719 	EXP 	show_condition_text: text = '****'
50.3719 	EXP 	show_condition_text: autoDraw = True
50.3889 	EXP 	show_condition_text: text = '****'
50.3889 	EXP 	show_condition_text: autoDraw = True
50.4054 	EXP 	show_condition_text: text = '****'
50.4054 	EXP 	show_condition_text: autoDraw = True
50.4223 	EXP 	show_condition_text: text = '****'
50.4223 	EXP 	show_condition_text: autoDraw = True
50.4385 	EXP 	show_condition_text: text = '****'
50.4385 	EXP 	show_condition_text: autoDraw = True
50.4556 	EXP 	show_condition_text: text = '****'
50.4556 	EXP 	show_condition_text: autoDraw = True
50.4717 	EXP 	show_condition_text: text = '****'
50.4717 	EXP 	show_condition_text: autoDraw = True
50.4890 	EXP 	show_condition_text: text = '****'
50.4890 	EXP 	show_condition_text: autoDraw = True
50.5060 	EXP 	show_condition_text: text = '****'
50.5060 	EXP 	show_condition_text: autoDraw = True
50.5227 	EXP 	show_condition_text: text = '****'
50.5227 	EXP 	show_condition_text: autoDraw = True
50.5386 	EXP 	show_condition_text: text = '****'
50.5386 	EXP 	show_condition_text: autoDraw = True
50.5559 	EXP 	show_condition_text: text = '****'
50.5559 	EXP 	show_condition_text: autoDraw = True
50.5725 	EXP 	show_condition_text: text = '****'
50.5725 	EXP 	show_condition_text: autoDraw = True
50.5894 	EXP 	show_condition_text: text = '****'
50.5894 	EXP 	show_condition_text: autoDraw = True
50.6053 	EXP 	show_condition_text: text = '****'
50.6053 	EXP 	show_condition_text: autoDraw = True
50.6220 	EXP 	show_condition_text: text = '****'
50.6220 	EXP 	show_condition_text: autoDraw = True
50.6388 	EXP 	show_condition_text: text = '****'
50.6388 	EXP 	show_condition_text: autoDraw = True
50.6558 	EXP 	show_condition_text: text = '****'
50.6558 	EXP 	show_condition_text: autoDraw = True
50.6721 	EXP 	show_condition_text: text = '****'
50.6721 	EXP 	show_condition_text: autoDraw = True
50.6748 	DATA 	Keypress: space
50.6889 	EXP 	show_condition_text: text = '****'
50.6889 	EXP 	show_condition_text: autoDraw = True
50.7055 	EXP 	show_condition_text: text = '****'
50.7055 	EXP 	show_condition_text: autoDraw = True
50.7224 	EXP 	show_condition_text: text = '****'
50.7224 	EXP 	show_condition_text: autoDraw = True
50.7382 	EXP 	show_condition_text: text = '****'
50.7382 	EXP 	show_condition_text: autoDraw = True
50.7552 	EXP 	show_condition_text: text = '****'
50.7552 	EXP 	show_condition_text: autoDraw = True
50.7721 	EXP 	show_condition_text: text = '****'
50.7721 	EXP 	show_condition_text: autoDraw = True
50.7888 	EXP 	show_condition_text: text = '****'
50.7888 	EXP 	show_condition_text: autoDraw = True
50.7894 	EXP 	New trial (rep=0, index=2): OrderedDict([('wlist_index', 17)])
50.7925 	EXP 	Imported csvs/17.csv as conditions, 10 conditions, 1 params
50.7928 	EXP 	Created sequence: random, trialTypes=10, nReps=1, seed=None
50.7929 	EXP 	New trial (rep=0, index=0): OrderedDict([('word', 'adaptor')])
50.8084 	EXP 	show_condition_text: text = 'adaptor'
50.8084 	EXP 	show_condition_text: autoDraw = True
50.8223 	EXP 	show_condition_text: autoDraw = True
50.8392 	EXP 	show_condition_text: autoDraw = True
50.8553 	EXP 	show_condition_text: autoDraw = True
50.8720 	EXP 	show_condition_text: autoDraw = True
50.8886 	EXP 	show_condition_text: autoDraw = True
50.9053 	EXP 	show_condition_text: autoDraw = True
50.9220 	EXP 	show_condition_text: autoDraw = True
50.9387 	EXP 	show_condition_text: autoDraw = True
50.9552 	EXP 	show_condition_text: autoDraw = True
50.9721 	EXP 	show_condition_text: autoDraw = True
50.9884 	EXP 	show_condition_text: autoDraw = True
51.0053 	EXP 	show_condition_text: autoDraw = True
51.0219 	EXP 	show_condition_text: autoDraw = True
51.0387 	EXP 	show_condition_text: autoDraw = True
51.0552 	EXP 	show_condition_text: autoDraw = True
51.0720 	EXP 	show_condition_text: autoDraw = True
51.0887 	EXP 	show_condition_text: autoDraw = True
51.1054 	EXP 	show_condition_text: autoDraw = True
51.1220 	EXP 	show_condition_text: autoDraw = True
51.1387 	EXP 	show_condition_text: autoDraw = True
51.1555 	EXP 	show_condition_text: autoDraw = True
51.1714 	EXP 	show_condition_text: autoDraw = True
51.1888 	EXP 	show_condition_text: autoDraw = True
51.2054 	EXP 	show_condition_text: autoDraw = True
51.2221 	EXP 	show_condition_text: autoDraw = True
51.2381 	EXP 	show_condition_text: autoDraw = True
51.2554 	EXP 	show_condition_text: autoDraw = True
51.2720 	EXP 	show_condition_text: autoDraw = True
51.2887 	EXP 	show_condition_text: autoDraw = True
51.3053 	EXP 	show_condition_text: autoDraw = True
51.3224 	EXP 	show_condition_text: autoDraw = True
51.3388 	EXP 	show_condition_text: autoDraw = True
51.3551 	EXP 	show_condition_text: autoDraw = True
51.3716 	EXP 	show_condition_text: autoDraw = True
51.3891 	EXP 	show_condition_text: autoDraw = True
51.4059 	EXP 	show_condition_text: autoDraw = True
51.4223 	EXP 	show_condition_text: autoDraw = True
51.4391 	EXP 	show_condition_text: autoDraw = True
51.4428 	DATA 	Keypress: escape
51.4551 	EXP 	show_condition_text: autoDraw = True
51.4718 	EXP 	show_condition_text: autoDraw = True
51.4889 	EXP 	show_condition_text: autoDraw = True
51.5060 	EXP 	show_condition_text: autoDraw = True
51.5225 	EXP 	show_condition_text: autoDraw = True
51.5382 	EXP 	show_condition_text: autoDraw = True
51.5560 	EXP 	show_condition_text: autoDraw = True
51.5727 	EXP 	show_condition_text: autoDraw = True
51.5893 	EXP 	show_condition_text: autoDraw = True
51.6062 	EXP 	show_condition_text: autoDraw = True
51.6226 	EXP 	show_condition_text: autoDraw = True
51.6392 	EXP 	show_condition_text: autoDraw = True
51.9213 	EXP 	window1: mouseVisible = True
