7.9584 	WARNING 	User requested fullscreen with size [1024  768], but screen is actually [1440, 900]. Using actual size
8.7558 	EXP 	Created window1 = Window(allowGUI=False, allowStencil=False, args=UNKNOWN, autoLog=True, bitsMode=UNKNOWN, blendMode='avg', color=array([0., 0., 0.]), colorSpace='rgb', fullscr=<method-wrapper '__getattribute__' of attributeSetter object at 0x131d0a898>, gamma=None, gammaErrorPolicy='raise', kwargs=UNKNOWN, lms=UNKNOWN, monitor=<psychopy.monitors.calibTools.Monitor object at 0x132ceeb70>, multiSample=False, name='window1', numSamples=2, pos=[360.0, 225.0], screen=0, size=array([2880, 1800]), stereo=False, units='height', useFBO=True, useRetina=True, viewOri=0.0, viewPos=None, viewScale=None, waitBlanking=True, winType='pyglet')
8.7558 	EXP 	window1: recordFrameIntervals = False
8.9211 	EXP 	window1: recordFrameIntervals = True
9.1049 	EXP 	window1: recordFrameIntervals = False
9.5961 	EXP 	Created instructions_text = TextStim(__class__=<class 'psychopy.visual.text.TextStim'>, alignHoriz='center', alignVert='center', antialias=True, autoLog=True, bold=False, color='white', colorSpace='named', contrast=1.0, depth=0.0, flipHoriz=False, flipVert=False, font='Arial', fontFiles=[], height=0.1, italic=False, languageStyle='LTR', name='instructions_text', opacity=1.0, ori=0, pos=array([0., 0.]), rgb=array([255., 255., 255.]), text='Welcome!', units='height', win=Window(...), wrapWidth=1)
9.6479 	EXP 	Created show_condition_text = TextStim(__class__=<class 'psychopy.visual.text.TextStim'>, alignHoriz='center', alignVert='center', antialias=True, autoLog=True, bold=False, color='white', colorSpace='named', contrast=1.0, depth=0.0, flipHoriz=False, flipVert=False, font='Arial', fontFiles=[], height=0.1, italic=False, languageStyle='LTR', name='show_condition_text', opacity=1.0, ori=0, pos=array([0., 0.]), rgb=array([255., 255., 255.]), text='default text', units='height', win=Window(...), wrapWidth=1)
9.6721 	EXP 	instructions_text: autoDraw = True
9.9440 	EXP 	Imported csvs/noise_conditions.csv as conditions, 4 conditions, 1 params
9.9443 	EXP 	Created sequence: random, trialTypes=4, nReps=1, seed=None
9.9446 	EXP 	New trial (rep=0, index=0): OrderedDict([('condition', 4)])
9.9473 	EXP 	Imported csvs/condition_4_wlists_indices.csv as conditions, 8 conditions, 1 params
9.9476 	EXP 	Created sequence: random, trialTypes=8, nReps=1, seed=None
9.9479 	EXP 	New trial (rep=0, index=0): OrderedDict([('wlist_index', 14)])
9.9506 	EXP 	Imported csvs/14.csv as conditions, 9 conditions, 1 params
9.9509 	EXP 	Created sequence: random, trialTypes=9, nReps=1, seed=None
9.9512 	EXP 	New trial (rep=0, index=0): OrderedDict([('word', 'bangladesh')])
9.9717 	DATA 	Keypress: space
9.9879 	EXP 	instructions_text: autoDraw = False
9.9879 	EXP 	show_condition_text: text = 'bangladesh'
9.9879 	EXP 	show_condition_text: autoDraw = True
9.9884 	EXP 	New trial (rep=0, index=1): OrderedDict([('word', 'hardly')])
9.9969 	EXP 	New trial (rep=0, index=2): OrderedDict([('word', 'debt')])
10.0002 	EXP 	New trial (rep=0, index=3): OrderedDict([('word', 'rights')])
10.0057 	EXP 	New trial (rep=0, index=4): OrderedDict([('word', 'handles')])
10.0096 	EXP 	New trial (rep=0, index=5): OrderedDict([('word', 'breast')])
10.0135 	EXP 	New trial (rep=0, index=6): OrderedDict([('word', 'ranch')])
10.0197 	EXP 	New trial (rep=0, index=7): OrderedDict([('word', 'ho')])
10.0227 	EXP 	New trial (rep=0, index=8): OrderedDict([('word', 'surround')])
10.0543 	EXP 	show_condition_text: autoDraw = False
10.0543 	EXP 	show_condition_text: text = 'hardly'
10.0543 	EXP 	show_condition_text: autoDraw = False
10.0543 	EXP 	show_condition_text: text = 'debt'
10.0543 	EXP 	show_condition_text: autoDraw = False
10.0543 	EXP 	show_condition_text: text = 'rights'
10.0543 	EXP 	show_condition_text: autoDraw = False
10.0543 	EXP 	show_condition_text: text = 'handles'
10.0543 	EXP 	show_condition_text: autoDraw = False
10.0543 	EXP 	show_condition_text: text = 'breast'
10.0543 	EXP 	show_condition_text: autoDraw = False
10.0543 	EXP 	show_condition_text: text = 'ranch'
10.0543 	EXP 	show_condition_text: autoDraw = False
10.0543 	EXP 	show_condition_text: text = 'ho'
10.0543 	EXP 	show_condition_text: autoDraw = False
10.0543 	EXP 	show_condition_text: text = 'surround'
10.0543 	EXP 	show_condition_text: autoDraw = False
10.0543 	EXP 	show_condition_text: text = '****'
10.0543 	EXP 	show_condition_text: autoDraw = True
10.0734 	EXP 	show_condition_text: text = '****'
10.0734 	EXP 	show_condition_text: autoDraw = True
10.0877 	EXP 	show_condition_text: text = '****'
10.0877 	EXP 	show_condition_text: autoDraw = True
10.1041 	EXP 	show_condition_text: text = '****'
10.1041 	EXP 	show_condition_text: autoDraw = True
10.1211 	EXP 	show_condition_text: text = '****'
10.1211 	EXP 	show_condition_text: autoDraw = True
10.1379 	EXP 	show_condition_text: text = '****'
10.1379 	EXP 	show_condition_text: autoDraw = True
10.1537 	EXP 	show_condition_text: text = '****'
10.1537 	EXP 	show_condition_text: autoDraw = True
10.1713 	EXP 	show_condition_text: text = '****'
10.1713 	EXP 	show_condition_text: autoDraw = True
10.1878 	EXP 	show_condition_text: text = '****'
10.1878 	EXP 	show_condition_text: autoDraw = True
10.2035 	EXP 	show_condition_text: text = '****'
10.2035 	EXP 	show_condition_text: autoDraw = True
10.2213 	EXP 	show_condition_text: text = '****'
10.2213 	EXP 	show_condition_text: autoDraw = True
10.2378 	EXP 	show_condition_text: text = '****'
10.2378 	EXP 	show_condition_text: autoDraw = True
10.2543 	EXP 	show_condition_text: text = '****'
10.2543 	EXP 	show_condition_text: autoDraw = True
10.2711 	EXP 	show_condition_text: text = '****'
10.2711 	EXP 	show_condition_text: autoDraw = True
10.2879 	EXP 	show_condition_text: text = '****'
10.2879 	EXP 	show_condition_text: autoDraw = True
10.3044 	EXP 	show_condition_text: text = '****'
10.3044 	EXP 	show_condition_text: autoDraw = True
10.3212 	EXP 	show_condition_text: text = '****'
10.3212 	EXP 	show_condition_text: autoDraw = True
10.3370 	EXP 	show_condition_text: text = '****'
10.3370 	EXP 	show_condition_text: autoDraw = True
10.3541 	EXP 	show_condition_text: text = '****'
10.3541 	EXP 	show_condition_text: autoDraw = True
10.3715 	EXP 	show_condition_text: text = '****'
10.3715 	EXP 	show_condition_text: autoDraw = True
10.3878 	EXP 	show_condition_text: text = '****'
10.3878 	EXP 	show_condition_text: autoDraw = True
10.4044 	EXP 	show_condition_text: text = '****'
10.4044 	EXP 	show_condition_text: autoDraw = True
10.4207 	EXP 	show_condition_text: text = '****'
10.4207 	EXP 	show_condition_text: autoDraw = True
10.4380 	EXP 	show_condition_text: text = '****'
10.4380 	EXP 	show_condition_text: autoDraw = True
10.4542 	EXP 	show_condition_text: text = '****'
10.4542 	EXP 	show_condition_text: autoDraw = True
10.4713 	EXP 	show_condition_text: text = '****'
10.4713 	EXP 	show_condition_text: autoDraw = True
10.4872 	EXP 	show_condition_text: text = '****'
10.4872 	EXP 	show_condition_text: autoDraw = True
10.5044 	EXP 	show_condition_text: text = '****'
10.5044 	EXP 	show_condition_text: autoDraw = True
10.5212 	EXP 	show_condition_text: text = '****'
10.5212 	EXP 	show_condition_text: autoDraw = True
10.5370 	EXP 	show_condition_text: text = '****'
10.5370 	EXP 	show_condition_text: autoDraw = True
10.5543 	EXP 	show_condition_text: text = '****'
10.5543 	EXP 	show_condition_text: autoDraw = True
10.5711 	EXP 	show_condition_text: text = '****'
10.5711 	EXP 	show_condition_text: autoDraw = True
10.5875 	EXP 	show_condition_text: text = '****'
10.5875 	EXP 	show_condition_text: autoDraw = True
10.6047 	EXP 	show_condition_text: text = '****'
10.6047 	EXP 	show_condition_text: autoDraw = True
10.6208 	EXP 	show_condition_text: text = '****'
10.6208 	EXP 	show_condition_text: autoDraw = True
10.6380 	EXP 	show_condition_text: text = '****'
10.6380 	EXP 	show_condition_text: autoDraw = True
10.6542 	EXP 	show_condition_text: text = '****'
10.6542 	EXP 	show_condition_text: autoDraw = True
10.6709 	EXP 	show_condition_text: text = '****'
10.6709 	EXP 	show_condition_text: autoDraw = True
10.6870 	EXP 	show_condition_text: text = '****'
10.6870 	EXP 	show_condition_text: autoDraw = True
10.7040 	EXP 	show_condition_text: text = '****'
10.7040 	EXP 	show_condition_text: autoDraw = True
10.7210 	EXP 	show_condition_text: text = '****'
10.7210 	EXP 	show_condition_text: autoDraw = True
10.7374 	EXP 	show_condition_text: text = '****'
10.7374 	EXP 	show_condition_text: autoDraw = True
10.7545 	EXP 	show_condition_text: text = '****'
10.7545 	EXP 	show_condition_text: autoDraw = True
10.7710 	EXP 	show_condition_text: text = '****'
10.7710 	EXP 	show_condition_text: autoDraw = True
10.7870 	EXP 	show_condition_text: text = '****'
10.7870 	EXP 	show_condition_text: autoDraw = True
10.8035 	EXP 	show_condition_text: text = '****'
10.8035 	EXP 	show_condition_text: autoDraw = True
10.8215 	EXP 	show_condition_text: text = '****'
10.8215 	EXP 	show_condition_text: autoDraw = True
10.8382 	EXP 	show_condition_text: text = '****'
10.8382 	EXP 	show_condition_text: autoDraw = True
10.8546 	EXP 	show_condition_text: text = '****'
10.8546 	EXP 	show_condition_text: autoDraw = True
10.8707 	EXP 	show_condition_text: text = '****'
10.8707 	EXP 	show_condition_text: autoDraw = True
10.8878 	EXP 	show_condition_text: text = '****'
10.8878 	EXP 	show_condition_text: autoDraw = True
10.9038 	EXP 	show_condition_text: text = '****'
10.9038 	EXP 	show_condition_text: autoDraw = True
10.9206 	EXP 	show_condition_text: text = '****'
10.9206 	EXP 	show_condition_text: autoDraw = True
10.9372 	EXP 	show_condition_text: text = '****'
10.9372 	EXP 	show_condition_text: autoDraw = True
10.9542 	EXP 	show_condition_text: text = '****'
10.9542 	EXP 	show_condition_text: autoDraw = True
10.9711 	EXP 	show_condition_text: text = '****'
10.9711 	EXP 	show_condition_text: autoDraw = True
10.9881 	EXP 	show_condition_text: text = '****'
10.9881 	EXP 	show_condition_text: autoDraw = True
11.0043 	EXP 	show_condition_text: text = '****'
11.0043 	EXP 	show_condition_text: autoDraw = True
11.0208 	EXP 	show_condition_text: text = '****'
11.0208 	EXP 	show_condition_text: autoDraw = True
11.0244 	DATA 	Keypress: space
11.0371 	EXP 	show_condition_text: text = '****'
11.0371 	EXP 	show_condition_text: autoDraw = True
11.0543 	EXP 	show_condition_text: text = '****'
11.0543 	EXP 	show_condition_text: autoDraw = True
11.0712 	EXP 	show_condition_text: text = '****'
11.0712 	EXP 	show_condition_text: autoDraw = True
11.0882 	EXP 	show_condition_text: text = '****'
11.0882 	EXP 	show_condition_text: autoDraw = True
11.1046 	EXP 	show_condition_text: text = '****'
11.1046 	EXP 	show_condition_text: autoDraw = True
11.1204 	EXP 	show_condition_text: text = '****'
11.1204 	EXP 	show_condition_text: autoDraw = True
11.1379 	EXP 	show_condition_text: text = '****'
11.1379 	EXP 	show_condition_text: autoDraw = True
11.1547 	EXP 	show_condition_text: text = '****'
11.1547 	EXP 	show_condition_text: autoDraw = True
11.1706 	EXP 	show_condition_text: text = '****'
11.1706 	EXP 	show_condition_text: autoDraw = True
11.1882 	EXP 	New trial (rep=0, index=1): OrderedDict([('wlist_index', 7)])
11.1918 	EXP 	Imported csvs/7.csv as conditions, 9 conditions, 1 params
11.1921 	EXP 	Created sequence: random, trialTypes=9, nReps=1, seed=None
11.1923 	EXP 	New trial (rep=0, index=0): OrderedDict([('word', 'bubble')])
11.2075 	EXP 	show_condition_text: text = 'bubble'
11.2079 	EXP 	New trial (rep=0, index=1): OrderedDict([('word', 'wallet')])
11.2131 	EXP 	New trial (rep=0, index=2): OrderedDict([('word', 'nottingham')])
11.2187 	EXP 	New trial (rep=0, index=3): OrderedDict([('word', 'dick')])
11.2240 	EXP 	New trial (rep=0, index=4): OrderedDict([('word', 'enquiry')])
11.2295 	EXP 	New trial (rep=0, index=5): OrderedDict([('word', 'self')])
11.2323 	EXP 	New trial (rep=0, index=6): OrderedDict([('word', 'directors')])
11.2373 	EXP 	New trial (rep=0, index=7): OrderedDict([('word', 'secure')])
11.2413 	EXP 	New trial (rep=0, index=8): OrderedDict([('word', 'actual')])
11.2583 	EXP 	show_condition_text: autoDraw = False
11.2583 	EXP 	show_condition_text: text = 'wallet'
11.2583 	EXP 	show_condition_text: autoDraw = False
11.2583 	EXP 	show_condition_text: text = 'nottingham'
11.2583 	EXP 	show_condition_text: autoDraw = False
11.2583 	EXP 	show_condition_text: text = 'dick'
11.2583 	EXP 	show_condition_text: autoDraw = False
11.2583 	EXP 	show_condition_text: text = 'enquiry'
11.2583 	EXP 	show_condition_text: autoDraw = False
11.2583 	EXP 	show_condition_text: text = 'self'
11.2583 	EXP 	show_condition_text: autoDraw = False
11.2583 	EXP 	show_condition_text: text = 'directors'
11.2583 	EXP 	show_condition_text: autoDraw = False
11.2583 	EXP 	show_condition_text: text = 'secure'
11.2583 	EXP 	show_condition_text: autoDraw = False
11.2583 	EXP 	show_condition_text: text = 'actual'
11.2583 	EXP 	show_condition_text: autoDraw = False
11.2583 	EXP 	show_condition_text: text = '****'
11.2583 	EXP 	show_condition_text: autoDraw = True
11.2714 	EXP 	show_condition_text: text = '****'
11.2714 	EXP 	show_condition_text: autoDraw = True
11.2871 	EXP 	show_condition_text: text = '****'
11.2871 	EXP 	show_condition_text: autoDraw = True
11.3040 	EXP 	show_condition_text: text = '****'
11.3040 	EXP 	show_condition_text: autoDraw = True
11.3208 	EXP 	show_condition_text: text = '****'
11.3208 	EXP 	show_condition_text: autoDraw = True
11.3380 	EXP 	show_condition_text: text = '****'
11.3380 	EXP 	show_condition_text: autoDraw = True
11.3537 	EXP 	show_condition_text: text = '****'
11.3537 	EXP 	show_condition_text: autoDraw = True
11.3711 	EXP 	show_condition_text: text = '****'
11.3711 	EXP 	show_condition_text: autoDraw = True
11.3871 	EXP 	show_condition_text: text = '****'
11.3871 	EXP 	show_condition_text: autoDraw = True
11.4044 	EXP 	show_condition_text: text = '****'
11.4044 	EXP 	show_condition_text: autoDraw = True
11.4210 	EXP 	show_condition_text: text = '****'
11.4210 	EXP 	show_condition_text: autoDraw = True
11.4373 	EXP 	show_condition_text: text = '****'
11.4373 	EXP 	show_condition_text: autoDraw = True
11.4542 	EXP 	show_condition_text: text = '****'
11.4542 	EXP 	show_condition_text: autoDraw = True
11.4708 	EXP 	show_condition_text: text = '****'
11.4708 	EXP 	show_condition_text: autoDraw = True
11.4877 	EXP 	show_condition_text: text = '****'
11.4877 	EXP 	show_condition_text: autoDraw = True
11.5045 	EXP 	show_condition_text: text = '****'
11.5045 	EXP 	show_condition_text: autoDraw = True
11.5212 	EXP 	show_condition_text: text = '****'
11.5212 	EXP 	show_condition_text: autoDraw = True
11.5372 	EXP 	show_condition_text: text = '****'
11.5372 	EXP 	show_condition_text: autoDraw = True
11.5547 	EXP 	show_condition_text: text = '****'
11.5547 	EXP 	show_condition_text: autoDraw = True
11.5710 	EXP 	show_condition_text: text = '****'
11.5710 	EXP 	show_condition_text: autoDraw = True
11.5875 	EXP 	show_condition_text: text = '****'
11.5875 	EXP 	show_condition_text: autoDraw = True
11.6043 	EXP 	show_condition_text: text = '****'
11.6043 	EXP 	show_condition_text: autoDraw = True
11.6214 	EXP 	show_condition_text: text = '****'
11.6214 	EXP 	show_condition_text: autoDraw = True
11.6376 	EXP 	show_condition_text: text = '****'
11.6376 	EXP 	show_condition_text: autoDraw = True
11.6545 	EXP 	show_condition_text: text = '****'
11.6545 	EXP 	show_condition_text: autoDraw = True
11.6716 	EXP 	show_condition_text: text = '****'
11.6716 	EXP 	show_condition_text: autoDraw = True
11.6877 	EXP 	show_condition_text: text = '****'
11.6877 	EXP 	show_condition_text: autoDraw = True
11.7042 	EXP 	show_condition_text: text = '****'
11.7042 	EXP 	show_condition_text: autoDraw = True
11.7212 	EXP 	show_condition_text: text = '****'
11.7212 	EXP 	show_condition_text: autoDraw = True
11.7381 	EXP 	show_condition_text: text = '****'
11.7381 	EXP 	show_condition_text: autoDraw = True
11.7544 	EXP 	show_condition_text: text = '****'
11.7544 	EXP 	show_condition_text: autoDraw = True
11.7714 	EXP 	show_condition_text: text = '****'
11.7714 	EXP 	show_condition_text: autoDraw = True
11.7877 	EXP 	show_condition_text: text = '****'
11.7877 	EXP 	show_condition_text: autoDraw = True
11.8039 	EXP 	show_condition_text: text = '****'
11.8039 	EXP 	show_condition_text: autoDraw = True
11.8212 	EXP 	show_condition_text: text = '****'
11.8212 	EXP 	show_condition_text: autoDraw = True
11.8377 	EXP 	show_condition_text: text = '****'
11.8377 	EXP 	show_condition_text: autoDraw = True
11.8536 	EXP 	show_condition_text: text = '****'
11.8536 	EXP 	show_condition_text: autoDraw = True
11.8712 	EXP 	show_condition_text: text = '****'
11.8712 	EXP 	show_condition_text: autoDraw = True
11.8874 	EXP 	show_condition_text: text = '****'
11.8874 	EXP 	show_condition_text: autoDraw = True
11.9044 	EXP 	show_condition_text: text = '****'
11.9044 	EXP 	show_condition_text: autoDraw = True
11.9206 	EXP 	show_condition_text: text = '****'
11.9206 	EXP 	show_condition_text: autoDraw = True
11.9378 	EXP 	show_condition_text: text = '****'
11.9378 	EXP 	show_condition_text: autoDraw = True
11.9545 	EXP 	show_condition_text: text = '****'
11.9545 	EXP 	show_condition_text: autoDraw = True
11.9702 	EXP 	show_condition_text: text = '****'
11.9702 	EXP 	show_condition_text: autoDraw = True
11.9731 	DATA 	Keypress: space
11.9874 	EXP 	show_condition_text: text = '****'
11.9874 	EXP 	show_condition_text: autoDraw = True
12.0047 	EXP 	show_condition_text: text = '****'
12.0047 	EXP 	show_condition_text: autoDraw = True
12.0206 	EXP 	show_condition_text: text = '****'
12.0206 	EXP 	show_condition_text: autoDraw = True
12.0379 	EXP 	show_condition_text: text = '****'
12.0379 	EXP 	show_condition_text: autoDraw = True
12.0544 	EXP 	show_condition_text: text = '****'
12.0544 	EXP 	show_condition_text: autoDraw = True
12.0712 	EXP 	show_condition_text: text = '****'
12.0712 	EXP 	show_condition_text: autoDraw = True
12.0877 	EXP 	show_condition_text: text = '****'
12.0877 	EXP 	show_condition_text: autoDraw = True
12.1040 	EXP 	show_condition_text: text = '****'
12.1040 	EXP 	show_condition_text: autoDraw = True
12.1210 	EXP 	New trial (rep=0, index=2): OrderedDict([('wlist_index', 16)])
12.1244 	EXP 	Imported csvs/16.csv as conditions, 7 conditions, 1 params
12.1248 	EXP 	Created sequence: random, trialTypes=7, nReps=1, seed=None
12.1250 	EXP 	New trial (rep=0, index=0): OrderedDict([('word', 'estimates')])
12.1538 	EXP 	show_condition_text: text = 'estimates'
12.1543 	EXP 	New trial (rep=0, index=1): OrderedDict([('word', 'singh')])
12.1598 	EXP 	New trial (rep=0, index=2): OrderedDict([('word', 'usage')])
12.1633 	EXP 	New trial (rep=0, index=3): OrderedDict([('word', 'original')])
12.1687 	EXP 	New trial (rep=0, index=4): OrderedDict([('word', 'activated')])
12.1745 	EXP 	New trial (rep=0, index=5): OrderedDict([('word', 'moscow')])
12.1780 	EXP 	New trial (rep=0, index=6): OrderedDict([('word', 'are')])
12.2046 	EXP 	show_condition_text: autoDraw = False
12.2046 	EXP 	show_condition_text: text = 'singh'
12.2046 	EXP 	show_condition_text: autoDraw = False
12.2046 	EXP 	show_condition_text: text = 'usage'
12.2046 	EXP 	show_condition_text: autoDraw = False
12.2046 	EXP 	show_condition_text: text = 'original'
12.2046 	EXP 	show_condition_text: autoDraw = False
12.2046 	EXP 	show_condition_text: text = 'activated'
12.2046 	EXP 	show_condition_text: autoDraw = False
12.2046 	EXP 	show_condition_text: text = 'moscow'
12.2046 	EXP 	show_condition_text: autoDraw = False
12.2046 	EXP 	show_condition_text: text = 'are'
12.2046 	EXP 	show_condition_text: autoDraw = False
12.2046 	EXP 	show_condition_text: text = '****'
12.2046 	EXP 	show_condition_text: autoDraw = True
12.2208 	EXP 	show_condition_text: text = '****'
12.2208 	EXP 	show_condition_text: autoDraw = True
12.2377 	EXP 	show_condition_text: text = '****'
12.2377 	EXP 	show_condition_text: autoDraw = True
12.2547 	EXP 	show_condition_text: text = '****'
12.2547 	EXP 	show_condition_text: autoDraw = True
12.2709 	EXP 	show_condition_text: text = '****'
12.2709 	EXP 	show_condition_text: autoDraw = True
12.2877 	EXP 	show_condition_text: text = '****'
12.2877 	EXP 	show_condition_text: autoDraw = True
12.3039 	EXP 	show_condition_text: text = '****'
12.3039 	EXP 	show_condition_text: autoDraw = True
12.3211 	EXP 	show_condition_text: text = '****'
12.3211 	EXP 	show_condition_text: autoDraw = True
12.3379 	EXP 	show_condition_text: text = '****'
12.3379 	EXP 	show_condition_text: autoDraw = True
12.3544 	EXP 	show_condition_text: text = '****'
12.3544 	EXP 	show_condition_text: autoDraw = True
12.3705 	EXP 	show_condition_text: text = '****'
12.3705 	EXP 	show_condition_text: autoDraw = True
12.3877 	EXP 	show_condition_text: text = '****'
12.3877 	EXP 	show_condition_text: autoDraw = True
12.4040 	EXP 	show_condition_text: text = '****'
12.4040 	EXP 	show_condition_text: autoDraw = True
12.4207 	EXP 	show_condition_text: text = '****'
12.4207 	EXP 	show_condition_text: autoDraw = True
12.4375 	EXP 	show_condition_text: text = '****'
12.4375 	EXP 	show_condition_text: autoDraw = True
12.4546 	EXP 	show_condition_text: text = '****'
12.4546 	EXP 	show_condition_text: autoDraw = True
12.4704 	EXP 	show_condition_text: text = '****'
12.4704 	EXP 	show_condition_text: autoDraw = True
12.4877 	EXP 	show_condition_text: text = '****'
12.4877 	EXP 	show_condition_text: autoDraw = True
12.5043 	EXP 	show_condition_text: text = '****'
12.5043 	EXP 	show_condition_text: autoDraw = True
12.5210 	EXP 	show_condition_text: text = '****'
12.5210 	EXP 	show_condition_text: autoDraw = True
12.5374 	EXP 	show_condition_text: text = '****'
12.5374 	EXP 	show_condition_text: autoDraw = True
12.5542 	EXP 	show_condition_text: text = '****'
12.5542 	EXP 	show_condition_text: autoDraw = True
12.5714 	EXP 	show_condition_text: text = '****'
12.5714 	EXP 	show_condition_text: autoDraw = True
12.5879 	EXP 	show_condition_text: text = '****'
12.5879 	EXP 	show_condition_text: autoDraw = True
12.6044 	EXP 	show_condition_text: text = '****'
12.6044 	EXP 	show_condition_text: autoDraw = True
12.6204 	EXP 	show_condition_text: text = '****'
12.6204 	EXP 	show_condition_text: autoDraw = True
12.6382 	EXP 	show_condition_text: text = '****'
12.6382 	EXP 	show_condition_text: autoDraw = True
12.6541 	EXP 	show_condition_text: text = '****'
12.6541 	EXP 	show_condition_text: autoDraw = True
12.6727 	EXP 	show_condition_text: text = '****'
12.6727 	EXP 	show_condition_text: autoDraw = True
12.6876 	EXP 	show_condition_text: text = '****'
12.6876 	EXP 	show_condition_text: autoDraw = True
12.7045 	EXP 	show_condition_text: text = '****'
12.7045 	EXP 	show_condition_text: autoDraw = True
12.7208 	EXP 	show_condition_text: text = '****'
12.7208 	EXP 	show_condition_text: autoDraw = True
12.7379 	EXP 	show_condition_text: text = '****'
12.7379 	EXP 	show_condition_text: autoDraw = True
12.7543 	EXP 	show_condition_text: text = '****'
12.7543 	EXP 	show_condition_text: autoDraw = True
12.7709 	EXP 	show_condition_text: text = '****'
12.7709 	EXP 	show_condition_text: autoDraw = True
12.7878 	EXP 	show_condition_text: text = '****'
12.7878 	EXP 	show_condition_text: autoDraw = True
12.8044 	EXP 	show_condition_text: text = '****'
12.8044 	EXP 	show_condition_text: autoDraw = True
12.8202 	EXP 	show_condition_text: text = '****'
12.8202 	EXP 	show_condition_text: autoDraw = True
12.8375 	EXP 	show_condition_text: text = '****'
12.8375 	EXP 	show_condition_text: autoDraw = True
12.8541 	EXP 	show_condition_text: text = '****'
12.8541 	EXP 	show_condition_text: autoDraw = True
12.8702 	EXP 	show_condition_text: text = '****'
12.8702 	EXP 	show_condition_text: autoDraw = True
12.8874 	EXP 	show_condition_text: text = '****'
12.8874 	EXP 	show_condition_text: autoDraw = True
12.9046 	EXP 	show_condition_text: text = '****'
12.9046 	EXP 	show_condition_text: autoDraw = True
12.9209 	EXP 	show_condition_text: text = '****'
12.9209 	EXP 	show_condition_text: autoDraw = True
12.9370 	EXP 	show_condition_text: text = '****'
12.9370 	EXP 	show_condition_text: autoDraw = True
12.9546 	EXP 	show_condition_text: text = '****'
12.9546 	EXP 	show_condition_text: autoDraw = True
12.9714 	EXP 	show_condition_text: text = '****'
12.9714 	EXP 	show_condition_text: autoDraw = True
12.9876 	EXP 	show_condition_text: text = '****'
12.9876 	EXP 	show_condition_text: autoDraw = True
13.0039 	EXP 	show_condition_text: text = '****'
13.0039 	EXP 	show_condition_text: autoDraw = True
13.0065 	DATA 	Keypress: space
13.0211 	EXP 	show_condition_text: text = '****'
13.0211 	EXP 	show_condition_text: autoDraw = True
13.0376 	EXP 	show_condition_text: text = '****'
13.0376 	EXP 	show_condition_text: autoDraw = True
13.0545 	EXP 	show_condition_text: text = '****'
13.0545 	EXP 	show_condition_text: autoDraw = True
13.0714 	EXP 	show_condition_text: text = '****'
13.0714 	EXP 	show_condition_text: autoDraw = True
13.0870 	EXP 	show_condition_text: text = '****'
13.0870 	EXP 	show_condition_text: autoDraw = True
13.1047 	EXP 	show_condition_text: text = '****'
13.1047 	EXP 	show_condition_text: autoDraw = True
13.1207 	EXP 	show_condition_text: text = '****'
13.1207 	EXP 	show_condition_text: autoDraw = True
13.1376 	EXP 	show_condition_text: text = '****'
13.1376 	EXP 	show_condition_text: autoDraw = True
13.1541 	EXP 	show_condition_text: text = '****'
13.1541 	EXP 	show_condition_text: autoDraw = True
13.1704 	EXP 	show_condition_text: text = '****'
13.1704 	EXP 	show_condition_text: autoDraw = True
13.1881 	EXP 	New trial (rep=0, index=3): OrderedDict([('wlist_index', 18)])
13.1917 	EXP 	Imported csvs/18.csv as conditions, 9 conditions, 1 params
13.1921 	EXP 	Created sequence: random, trialTypes=9, nReps=1, seed=None
13.1923 	EXP 	New trial (rep=0, index=0): OrderedDict([('word', 'longer')])
13.2085 	EXP 	show_condition_text: text = 'longer'
13.2090 	EXP 	New trial (rep=0, index=1): OrderedDict([('word', 'bosnia')])
13.2141 	EXP 	New trial (rep=0, index=2): OrderedDict([('word', 'present')])
13.2197 	EXP 	New trial (rep=0, index=3): OrderedDict([('word', 'nicaragua')])
13.2251 	EXP 	New trial (rep=0, index=4): OrderedDict([('word', 'stan')])
13.2279 	EXP 	New trial (rep=0, index=5): OrderedDict([('word', 'geographical')])
13.2333 	EXP 	New trial (rep=0, index=6): OrderedDict([('word', 'jaguar')])
13.2384 	EXP 	New trial (rep=0, index=7): OrderedDict([('word', 'cardiff')])
13.2431 	EXP 	New trial (rep=0, index=8): OrderedDict([('word', 'nominated')])
13.2712 	EXP 	show_condition_text: autoDraw = False
13.2712 	EXP 	show_condition_text: text = 'bosnia'
13.2712 	EXP 	show_condition_text: autoDraw = False
13.2712 	EXP 	show_condition_text: text = 'present'
13.2712 	EXP 	show_condition_text: autoDraw = False
13.2712 	EXP 	show_condition_text: text = 'nicaragua'
13.2712 	EXP 	show_condition_text: autoDraw = False
13.2712 	EXP 	show_condition_text: text = 'stan'
13.2712 	EXP 	show_condition_text: autoDraw = False
13.2712 	EXP 	show_condition_text: text = 'geographical'
13.2712 	EXP 	show_condition_text: autoDraw = False
13.2712 	EXP 	show_condition_text: text = 'jaguar'
13.2712 	EXP 	show_condition_text: autoDraw = False
13.2712 	EXP 	show_condition_text: text = 'cardiff'
13.2712 	EXP 	show_condition_text: autoDraw = False
13.2712 	EXP 	show_condition_text: text = 'nominated'
13.2712 	EXP 	show_condition_text: autoDraw = False
13.2712 	EXP 	show_condition_text: text = '****'
13.2712 	EXP 	show_condition_text: autoDraw = True
13.2876 	EXP 	show_condition_text: text = '****'
13.2876 	EXP 	show_condition_text: autoDraw = True
13.3045 	EXP 	show_condition_text: text = '****'
13.3045 	EXP 	show_condition_text: autoDraw = True
13.3208 	EXP 	show_condition_text: text = '****'
13.3208 	EXP 	show_condition_text: autoDraw = True
13.3371 	EXP 	show_condition_text: text = '****'
13.3371 	EXP 	show_condition_text: autoDraw = True
13.3542 	EXP 	show_condition_text: text = '****'
13.3542 	EXP 	show_condition_text: autoDraw = True
13.3713 	EXP 	show_condition_text: text = '****'
13.3713 	EXP 	show_condition_text: autoDraw = True
13.3875 	EXP 	show_condition_text: text = '****'
13.3875 	EXP 	show_condition_text: autoDraw = True
13.4045 	EXP 	show_condition_text: text = '****'
13.4045 	EXP 	show_condition_text: autoDraw = True
13.4209 	EXP 	show_condition_text: text = '****'
13.4209 	EXP 	show_condition_text: autoDraw = True
13.4375 	EXP 	show_condition_text: text = '****'
13.4375 	EXP 	show_condition_text: autoDraw = True
13.4543 	EXP 	show_condition_text: text = '****'
13.4543 	EXP 	show_condition_text: autoDraw = True
13.4708 	EXP 	show_condition_text: text = '****'
13.4708 	EXP 	show_condition_text: autoDraw = True
13.4877 	EXP 	show_condition_text: text = '****'
13.4877 	EXP 	show_condition_text: autoDraw = True
13.5043 	EXP 	show_condition_text: text = '****'
13.5043 	EXP 	show_condition_text: autoDraw = True
13.5207 	EXP 	show_condition_text: text = '****'
13.5207 	EXP 	show_condition_text: autoDraw = True
13.5380 	EXP 	show_condition_text: text = '****'
13.5380 	EXP 	show_condition_text: autoDraw = True
13.5546 	EXP 	show_condition_text: text = '****'
13.5546 	EXP 	show_condition_text: autoDraw = True
13.5711 	EXP 	show_condition_text: text = '****'
13.5711 	EXP 	show_condition_text: autoDraw = True
13.5877 	EXP 	show_condition_text: text = '****'
13.5877 	EXP 	show_condition_text: autoDraw = True
13.6040 	EXP 	show_condition_text: text = '****'
13.6040 	EXP 	show_condition_text: autoDraw = True
13.6211 	EXP 	show_condition_text: text = '****'
13.6211 	EXP 	show_condition_text: autoDraw = True
13.6378 	EXP 	show_condition_text: text = '****'
13.6378 	EXP 	show_condition_text: autoDraw = True
13.6547 	EXP 	show_condition_text: text = '****'
13.6547 	EXP 	show_condition_text: autoDraw = True
13.6710 	EXP 	show_condition_text: text = '****'
13.6710 	EXP 	show_condition_text: autoDraw = True
13.6881 	EXP 	show_condition_text: text = '****'
13.6881 	EXP 	show_condition_text: autoDraw = True
13.7037 	EXP 	show_condition_text: text = '****'
13.7037 	EXP 	show_condition_text: autoDraw = True
13.7217 	EXP 	show_condition_text: text = '****'
13.7217 	EXP 	show_condition_text: autoDraw = True
13.7379 	EXP 	show_condition_text: text = '****'
13.7379 	EXP 	show_condition_text: autoDraw = True
13.7543 	EXP 	show_condition_text: text = '****'
13.7543 	EXP 	show_condition_text: autoDraw = True
13.7712 	EXP 	show_condition_text: text = '****'
13.7712 	EXP 	show_condition_text: autoDraw = True
13.7877 	EXP 	show_condition_text: text = '****'
13.7877 	EXP 	show_condition_text: autoDraw = True
13.8035 	EXP 	show_condition_text: text = '****'
13.8035 	EXP 	show_condition_text: autoDraw = True
13.8210 	EXP 	show_condition_text: text = '****'
13.8210 	EXP 	show_condition_text: autoDraw = True
13.8380 	EXP 	show_condition_text: text = '****'
13.8380 	EXP 	show_condition_text: autoDraw = True
13.8543 	EXP 	show_condition_text: text = '****'
13.8543 	EXP 	show_condition_text: autoDraw = True
13.8713 	EXP 	show_condition_text: text = '****'
13.8713 	EXP 	show_condition_text: autoDraw = True
13.8872 	EXP 	show_condition_text: text = '****'
13.8872 	EXP 	show_condition_text: autoDraw = True
13.9042 	EXP 	show_condition_text: text = '****'
13.9042 	EXP 	show_condition_text: autoDraw = True
13.9214 	EXP 	show_condition_text: text = '****'
13.9214 	EXP 	show_condition_text: autoDraw = True
13.9382 	EXP 	show_condition_text: text = '****'
13.9382 	EXP 	show_condition_text: autoDraw = True
13.9544 	EXP 	show_condition_text: text = '****'
13.9544 	EXP 	show_condition_text: autoDraw = True
13.9718 	EXP 	show_condition_text: text = '****'
13.9718 	EXP 	show_condition_text: autoDraw = True
13.9875 	EXP 	show_condition_text: text = '****'
13.9875 	EXP 	show_condition_text: autoDraw = True
14.0046 	EXP 	show_condition_text: text = '****'
14.0046 	EXP 	show_condition_text: autoDraw = True
14.0208 	EXP 	show_condition_text: text = '****'
14.0208 	EXP 	show_condition_text: autoDraw = True
14.0381 	EXP 	show_condition_text: text = '****'
14.0381 	EXP 	show_condition_text: autoDraw = True
14.0544 	EXP 	show_condition_text: text = '****'
14.0544 	EXP 	show_condition_text: autoDraw = True
14.0729 	EXP 	show_condition_text: text = '****'
14.0729 	EXP 	show_condition_text: autoDraw = True
14.0877 	EXP 	show_condition_text: text = '****'
14.0877 	EXP 	show_condition_text: autoDraw = True
14.1042 	EXP 	show_condition_text: text = '****'
14.1042 	EXP 	show_condition_text: autoDraw = True
14.1212 	EXP 	show_condition_text: text = '****'
14.1212 	EXP 	show_condition_text: autoDraw = True
14.1371 	EXP 	show_condition_text: text = '****'
14.1371 	EXP 	show_condition_text: autoDraw = True
14.1542 	EXP 	show_condition_text: text = '****'
14.1542 	EXP 	show_condition_text: autoDraw = True
14.1706 	EXP 	show_condition_text: text = '****'
14.1706 	EXP 	show_condition_text: autoDraw = True
14.1877 	EXP 	show_condition_text: text = '****'
14.1877 	EXP 	show_condition_text: autoDraw = True
14.2039 	EXP 	show_condition_text: text = '****'
14.2039 	EXP 	show_condition_text: autoDraw = True
14.2209 	EXP 	show_condition_text: text = '****'
14.2209 	EXP 	show_condition_text: autoDraw = True
14.2375 	EXP 	show_condition_text: text = '****'
14.2375 	EXP 	show_condition_text: autoDraw = True
14.2544 	EXP 	show_condition_text: text = '****'
14.2544 	EXP 	show_condition_text: autoDraw = True
14.2574 	DATA 	Keypress: space
14.2709 	EXP 	show_condition_text: text = '****'
14.2709 	EXP 	show_condition_text: autoDraw = True
14.2872 	EXP 	show_condition_text: text = '****'
14.2872 	EXP 	show_condition_text: autoDraw = True
14.3040 	EXP 	show_condition_text: text = '****'
14.3040 	EXP 	show_condition_text: autoDraw = True
14.3210 	EXP 	show_condition_text: text = '****'
14.3210 	EXP 	show_condition_text: autoDraw = True
14.3374 	EXP 	show_condition_text: text = '****'
14.3374 	EXP 	show_condition_text: autoDraw = True
14.3542 	EXP 	show_condition_text: text = '****'
14.3542 	EXP 	show_condition_text: autoDraw = True
14.3712 	EXP 	show_condition_text: text = '****'
14.3712 	EXP 	show_condition_text: autoDraw = True
14.3874 	EXP 	show_condition_text: text = '****'
14.3874 	EXP 	show_condition_text: autoDraw = True
14.4035 	EXP 	show_condition_text: text = '****'
14.4035 	EXP 	show_condition_text: autoDraw = True
14.4209 	EXP 	show_condition_text: text = '****'
14.4209 	EXP 	show_condition_text: autoDraw = True
14.4381 	EXP 	show_condition_text: text = '****'
14.4381 	EXP 	show_condition_text: autoDraw = True
14.4543 	EXP 	show_condition_text: text = '****'
14.4543 	EXP 	show_condition_text: autoDraw = True
14.4704 	EXP 	show_condition_text: text = '****'
14.4704 	EXP 	show_condition_text: autoDraw = True
14.4879 	EXP 	show_condition_text: text = '****'
14.4879 	EXP 	show_condition_text: autoDraw = True
14.5047 	EXP 	show_condition_text: text = '****'
14.5047 	EXP 	show_condition_text: autoDraw = True
14.5209 	EXP 	New trial (rep=0, index=4): OrderedDict([('wlist_index', 6)])
14.5241 	EXP 	Imported csvs/6.csv as conditions, 9 conditions, 1 params
14.5244 	EXP 	Created sequence: random, trialTypes=9, nReps=1, seed=None
14.5246 	EXP 	New trial (rep=0, index=0): OrderedDict([('word', 'colonial')])
14.5411 	EXP 	show_condition_text: text = 'colonial'
14.5415 	EXP 	New trial (rep=0, index=1): OrderedDict([('word', 'sole')])
14.5448 	EXP 	New trial (rep=0, index=2): OrderedDict([('word', 'futures')])
14.5491 	EXP 	New trial (rep=0, index=3): OrderedDict([('word', 'data')])
14.5518 	EXP 	New trial (rep=0, index=4): OrderedDict([('word', 'jose')])
14.5562 	EXP 	New trial (rep=0, index=5): OrderedDict([('word', 'findlaw')])
14.5607 	EXP 	New trial (rep=0, index=6): OrderedDict([('word', 'showers')])
14.5675 	EXP 	New trial (rep=0, index=7): OrderedDict([('word', 'enjoyed')])
14.5725 	EXP 	New trial (rep=0, index=8): OrderedDict([('word', 'landscape')])
14.5912 	EXP 	show_condition_text: autoDraw = False
14.5912 	EXP 	show_condition_text: text = 'sole'
14.5912 	EXP 	show_condition_text: autoDraw = False
14.5912 	EXP 	show_condition_text: text = 'futures'
14.5912 	EXP 	show_condition_text: autoDraw = False
14.5912 	EXP 	show_condition_text: text = 'data'
14.5912 	EXP 	show_condition_text: autoDraw = False
14.5912 	EXP 	show_condition_text: text = 'jose'
14.5912 	EXP 	show_condition_text: autoDraw = False
14.5912 	EXP 	show_condition_text: text = 'findlaw'
14.5912 	EXP 	show_condition_text: autoDraw = False
14.5912 	EXP 	show_condition_text: text = 'showers'
14.5912 	EXP 	show_condition_text: autoDraw = False
14.5912 	EXP 	show_condition_text: text = 'enjoyed'
14.5912 	EXP 	show_condition_text: autoDraw = False
14.5912 	EXP 	show_condition_text: text = 'landscape'
14.5912 	EXP 	show_condition_text: autoDraw = False
14.5912 	EXP 	show_condition_text: text = '****'
14.5912 	EXP 	show_condition_text: autoDraw = True
14.6040 	EXP 	show_condition_text: text = '****'
14.6040 	EXP 	show_condition_text: autoDraw = True
14.6209 	EXP 	show_condition_text: text = '****'
14.6209 	EXP 	show_condition_text: autoDraw = True
14.6374 	EXP 	show_condition_text: text = '****'
14.6374 	EXP 	show_condition_text: autoDraw = True
14.6541 	EXP 	show_condition_text: text = '****'
14.6541 	EXP 	show_condition_text: autoDraw = True
14.6705 	EXP 	show_condition_text: text = '****'
14.6705 	EXP 	show_condition_text: autoDraw = True
14.6871 	EXP 	show_condition_text: text = '****'
14.6871 	EXP 	show_condition_text: autoDraw = True
14.7042 	EXP 	show_condition_text: text = '****'
14.7042 	EXP 	show_condition_text: autoDraw = True
14.7208 	EXP 	show_condition_text: text = '****'
14.7208 	EXP 	show_condition_text: autoDraw = True
14.7376 	EXP 	show_condition_text: text = '****'
14.7376 	EXP 	show_condition_text: autoDraw = True
14.7533 	EXP 	show_condition_text: text = '****'
14.7533 	EXP 	show_condition_text: autoDraw = True
14.7698 	EXP 	show_condition_text: text = '****'
14.7698 	EXP 	show_condition_text: autoDraw = True
14.7867 	EXP 	show_condition_text: text = '****'
14.7867 	EXP 	show_condition_text: autoDraw = True
14.8041 	EXP 	show_condition_text: text = '****'
14.8041 	EXP 	show_condition_text: autoDraw = True
14.8205 	EXP 	show_condition_text: text = '****'
14.8205 	EXP 	show_condition_text: autoDraw = True
14.8370 	EXP 	show_condition_text: text = '****'
14.8370 	EXP 	show_condition_text: autoDraw = True
14.8540 	EXP 	show_condition_text: text = '****'
14.8540 	EXP 	show_condition_text: autoDraw = True
14.8704 	EXP 	show_condition_text: text = '****'
14.8704 	EXP 	show_condition_text: autoDraw = True
14.8879 	EXP 	show_condition_text: text = '****'
14.8879 	EXP 	show_condition_text: autoDraw = True
14.9041 	EXP 	show_condition_text: text = '****'
14.9041 	EXP 	show_condition_text: autoDraw = True
14.9208 	EXP 	show_condition_text: text = '****'
14.9208 	EXP 	show_condition_text: autoDraw = True
14.9374 	EXP 	show_condition_text: text = '****'
14.9374 	EXP 	show_condition_text: autoDraw = True
14.9543 	EXP 	show_condition_text: text = '****'
14.9543 	EXP 	show_condition_text: autoDraw = True
14.9703 	EXP 	show_condition_text: text = '****'
14.9703 	EXP 	show_condition_text: autoDraw = True
14.9874 	EXP 	show_condition_text: text = '****'
14.9874 	EXP 	show_condition_text: autoDraw = True
15.0040 	EXP 	show_condition_text: text = '****'
15.0040 	EXP 	show_condition_text: autoDraw = True
15.0210 	EXP 	show_condition_text: text = '****'
15.0210 	EXP 	show_condition_text: autoDraw = True
15.0368 	EXP 	show_condition_text: text = '****'
15.0368 	EXP 	show_condition_text: autoDraw = True
15.0535 	EXP 	show_condition_text: text = '****'
15.0535 	EXP 	show_condition_text: autoDraw = True
15.0708 	EXP 	show_condition_text: text = '****'
15.0708 	EXP 	show_condition_text: autoDraw = True
15.0873 	EXP 	show_condition_text: text = '****'
15.0873 	EXP 	show_condition_text: autoDraw = True
15.1040 	EXP 	show_condition_text: text = '****'
15.1040 	EXP 	show_condition_text: autoDraw = True
15.1205 	EXP 	show_condition_text: text = '****'
15.1205 	EXP 	show_condition_text: autoDraw = True
15.1374 	EXP 	show_condition_text: text = '****'
15.1374 	EXP 	show_condition_text: autoDraw = True
15.1541 	EXP 	show_condition_text: text = '****'
15.1541 	EXP 	show_condition_text: autoDraw = True
15.1708 	EXP 	show_condition_text: text = '****'
15.1708 	EXP 	show_condition_text: autoDraw = True
15.1875 	EXP 	show_condition_text: text = '****'
15.1875 	EXP 	show_condition_text: autoDraw = True
15.2031 	EXP 	show_condition_text: text = '****'
15.2031 	EXP 	show_condition_text: autoDraw = True
15.2207 	EXP 	show_condition_text: text = '****'
15.2207 	EXP 	show_condition_text: autoDraw = True
15.2372 	EXP 	show_condition_text: text = '****'
15.2372 	EXP 	show_condition_text: autoDraw = True
15.2536 	EXP 	show_condition_text: text = '****'
15.2536 	EXP 	show_condition_text: autoDraw = True
15.2705 	EXP 	show_condition_text: text = '****'
15.2705 	EXP 	show_condition_text: autoDraw = True
15.2869 	EXP 	show_condition_text: text = '****'
15.2869 	EXP 	show_condition_text: autoDraw = True
15.3036 	EXP 	show_condition_text: text = '****'
15.3036 	EXP 	show_condition_text: autoDraw = True
15.3203 	EXP 	show_condition_text: text = '****'
15.3203 	EXP 	show_condition_text: autoDraw = True
15.3373 	EXP 	show_condition_text: text = '****'
15.3373 	EXP 	show_condition_text: autoDraw = True
15.3541 	EXP 	show_condition_text: text = '****'
15.3541 	EXP 	show_condition_text: autoDraw = True
15.3707 	EXP 	show_condition_text: text = '****'
15.3707 	EXP 	show_condition_text: autoDraw = True
15.3874 	EXP 	show_condition_text: text = '****'
15.3874 	EXP 	show_condition_text: autoDraw = True
15.4039 	EXP 	show_condition_text: text = '****'
15.4039 	EXP 	show_condition_text: autoDraw = True
15.4208 	EXP 	show_condition_text: text = '****'
15.4208 	EXP 	show_condition_text: autoDraw = True
15.4373 	EXP 	show_condition_text: text = '****'
15.4373 	EXP 	show_condition_text: autoDraw = True
15.4542 	EXP 	show_condition_text: text = '****'
15.4542 	EXP 	show_condition_text: autoDraw = True
15.4707 	EXP 	show_condition_text: text = '****'
15.4707 	EXP 	show_condition_text: autoDraw = True
15.4866 	EXP 	show_condition_text: text = '****'
15.4866 	EXP 	show_condition_text: autoDraw = True
15.5044 	EXP 	show_condition_text: text = '****'
15.5044 	EXP 	show_condition_text: autoDraw = True
15.5207 	EXP 	show_condition_text: text = '****'
15.5207 	EXP 	show_condition_text: autoDraw = True
15.5365 	EXP 	show_condition_text: text = '****'
15.5365 	EXP 	show_condition_text: autoDraw = True
15.5543 	EXP 	show_condition_text: text = '****'
15.5543 	EXP 	show_condition_text: autoDraw = True
15.5706 	EXP 	show_condition_text: text = '****'
15.5706 	EXP 	show_condition_text: autoDraw = True
15.5873 	EXP 	show_condition_text: text = '****'
15.5873 	EXP 	show_condition_text: autoDraw = True
15.6041 	EXP 	show_condition_text: text = '****'
15.6041 	EXP 	show_condition_text: autoDraw = True
15.6203 	EXP 	show_condition_text: text = '****'
15.6203 	EXP 	show_condition_text: autoDraw = True
15.6374 	EXP 	show_condition_text: text = '****'
15.6374 	EXP 	show_condition_text: autoDraw = True
15.6540 	EXP 	show_condition_text: text = '****'
15.6540 	EXP 	show_condition_text: autoDraw = True
15.6704 	EXP 	show_condition_text: text = '****'
15.6704 	EXP 	show_condition_text: autoDraw = True
15.6870 	EXP 	show_condition_text: text = '****'
15.6870 	EXP 	show_condition_text: autoDraw = True
15.7043 	EXP 	show_condition_text: text = '****'
15.7043 	EXP 	show_condition_text: autoDraw = True
15.7205 	EXP 	show_condition_text: text = '****'
15.7205 	EXP 	show_condition_text: autoDraw = True
15.7373 	EXP 	show_condition_text: text = '****'
15.7373 	EXP 	show_condition_text: autoDraw = True
15.7541 	EXP 	show_condition_text: text = '****'
15.7541 	EXP 	show_condition_text: autoDraw = True
15.7705 	EXP 	show_condition_text: text = '****'
15.7705 	EXP 	show_condition_text: autoDraw = True
15.7871 	EXP 	show_condition_text: text = '****'
15.7871 	EXP 	show_condition_text: autoDraw = True
15.8040 	EXP 	show_condition_text: text = '****'
15.8040 	EXP 	show_condition_text: autoDraw = True
15.8206 	EXP 	show_condition_text: text = '****'
15.8206 	EXP 	show_condition_text: autoDraw = True
15.8372 	EXP 	show_condition_text: text = '****'
15.8372 	EXP 	show_condition_text: autoDraw = True
15.8539 	EXP 	show_condition_text: text = '****'
15.8539 	EXP 	show_condition_text: autoDraw = True
15.8706 	EXP 	show_condition_text: text = '****'
15.8706 	EXP 	show_condition_text: autoDraw = True
15.8873 	EXP 	show_condition_text: text = '****'
15.8873 	EXP 	show_condition_text: autoDraw = True
15.9040 	EXP 	show_condition_text: text = '****'
15.9040 	EXP 	show_condition_text: autoDraw = True
15.9204 	EXP 	show_condition_text: text = '****'
15.9204 	EXP 	show_condition_text: autoDraw = True
15.9369 	EXP 	show_condition_text: text = '****'
15.9369 	EXP 	show_condition_text: autoDraw = True
15.9540 	EXP 	show_condition_text: text = '****'
15.9540 	EXP 	show_condition_text: autoDraw = True
15.9705 	EXP 	show_condition_text: text = '****'
15.9705 	EXP 	show_condition_text: autoDraw = True
15.9874 	EXP 	show_condition_text: text = '****'
15.9874 	EXP 	show_condition_text: autoDraw = True
16.0034 	EXP 	show_condition_text: text = '****'
16.0034 	EXP 	show_condition_text: autoDraw = True
16.0204 	EXP 	show_condition_text: text = '****'
16.0204 	EXP 	show_condition_text: autoDraw = True
16.0376 	EXP 	show_condition_text: text = '****'
16.0376 	EXP 	show_condition_text: autoDraw = True
16.0538 	EXP 	show_condition_text: text = '****'
16.0538 	EXP 	show_condition_text: autoDraw = True
16.0704 	EXP 	show_condition_text: text = '****'
16.0704 	EXP 	show_condition_text: autoDraw = True
16.0871 	EXP 	show_condition_text: text = '****'
16.0871 	EXP 	show_condition_text: autoDraw = True
16.1034 	EXP 	show_condition_text: text = '****'
16.1034 	EXP 	show_condition_text: autoDraw = True
16.1203 	EXP 	show_condition_text: text = '****'
16.1203 	EXP 	show_condition_text: autoDraw = True
16.1370 	EXP 	show_condition_text: text = '****'
16.1370 	EXP 	show_condition_text: autoDraw = True
16.1532 	EXP 	show_condition_text: text = '****'
16.1532 	EXP 	show_condition_text: autoDraw = True
16.1710 	EXP 	show_condition_text: text = '****'
16.1710 	EXP 	show_condition_text: autoDraw = True
16.1736 	DATA 	Keypress: space
16.1873 	EXP 	show_condition_text: text = '****'
16.1873 	EXP 	show_condition_text: autoDraw = True
16.2039 	EXP 	show_condition_text: text = '****'
16.2039 	EXP 	show_condition_text: autoDraw = True
16.2204 	EXP 	show_condition_text: text = '****'
16.2204 	EXP 	show_condition_text: autoDraw = True
16.2368 	EXP 	show_condition_text: text = '****'
16.2368 	EXP 	show_condition_text: autoDraw = True
16.2537 	EXP 	show_condition_text: text = '****'
16.2537 	EXP 	show_condition_text: autoDraw = True
16.2699 	EXP 	show_condition_text: text = '****'
16.2699 	EXP 	show_condition_text: autoDraw = True
16.2872 	EXP 	show_condition_text: text = '****'
16.2872 	EXP 	show_condition_text: autoDraw = True
16.3038 	EXP 	show_condition_text: text = '****'
16.3038 	EXP 	show_condition_text: autoDraw = True
16.3200 	EXP 	show_condition_text: text = '****'
16.3200 	EXP 	show_condition_text: autoDraw = True
16.3376 	EXP 	New trial (rep=0, index=5): OrderedDict([('wlist_index', 24)])
16.3405 	EXP 	Imported csvs/24.csv as conditions, 8 conditions, 1 params
16.3409 	EXP 	Created sequence: random, trialTypes=8, nReps=1, seed=None
16.3411 	EXP 	New trial (rep=0, index=0): OrderedDict([('word', 'technologies')])
16.3700 	EXP 	show_condition_text: text = 'technologies'
16.3704 	EXP 	New trial (rep=0, index=1): OrderedDict([('word', 'everyone')])
16.3760 	EXP 	New trial (rep=0, index=2): OrderedDict([('word', 'cabinets')])
16.3803 	EXP 	New trial (rep=0, index=3): OrderedDict([('word', 'grab')])
16.3841 	EXP 	New trial (rep=0, index=4): OrderedDict([('word', 'general')])
16.3889 	EXP 	New trial (rep=0, index=5): OrderedDict([('word', 'listening')])
16.3958 	EXP 	New trial (rep=0, index=6): OrderedDict([('word', 'albany')])
16.3993 	EXP 	New trial (rep=0, index=7): OrderedDict([('word', 'bit')])
16.4206 	EXP 	show_condition_text: autoDraw = False
16.4206 	EXP 	show_condition_text: text = 'everyone'
16.4206 	EXP 	show_condition_text: autoDraw = False
16.4206 	EXP 	show_condition_text: text = 'cabinets'
16.4206 	EXP 	show_condition_text: autoDraw = False
16.4206 	EXP 	show_condition_text: text = 'grab'
16.4206 	EXP 	show_condition_text: autoDraw = False
16.4206 	EXP 	show_condition_text: text = 'general'
16.4206 	EXP 	show_condition_text: autoDraw = False
16.4206 	EXP 	show_condition_text: text = 'listening'
16.4206 	EXP 	show_condition_text: autoDraw = False
16.4206 	EXP 	show_condition_text: text = 'albany'
16.4206 	EXP 	show_condition_text: autoDraw = False
16.4206 	EXP 	show_condition_text: text = 'bit'
16.4206 	EXP 	show_condition_text: autoDraw = False
16.4206 	EXP 	show_condition_text: text = '****'
16.4206 	EXP 	show_condition_text: autoDraw = True
16.4378 	EXP 	show_condition_text: text = '****'
16.4378 	EXP 	show_condition_text: autoDraw = True
16.4538 	EXP 	show_condition_text: text = '****'
16.4538 	EXP 	show_condition_text: autoDraw = True
16.4707 	EXP 	show_condition_text: text = '****'
16.4707 	EXP 	show_condition_text: autoDraw = True
16.4876 	EXP 	show_condition_text: text = '****'
16.4876 	EXP 	show_condition_text: autoDraw = True
16.5046 	EXP 	show_condition_text: text = '****'
16.5046 	EXP 	show_condition_text: autoDraw = True
16.5207 	EXP 	show_condition_text: text = '****'
16.5207 	EXP 	show_condition_text: autoDraw = True
16.5374 	EXP 	show_condition_text: text = '****'
16.5374 	EXP 	show_condition_text: autoDraw = True
16.5540 	EXP 	show_condition_text: text = '****'
16.5540 	EXP 	show_condition_text: autoDraw = True
16.5702 	EXP 	show_condition_text: text = '****'
16.5702 	EXP 	show_condition_text: autoDraw = True
16.5874 	EXP 	show_condition_text: text = '****'
16.5874 	EXP 	show_condition_text: autoDraw = True
16.6043 	EXP 	show_condition_text: text = '****'
16.6043 	EXP 	show_condition_text: autoDraw = True
16.6210 	EXP 	show_condition_text: text = '****'
16.6210 	EXP 	show_condition_text: autoDraw = True
16.6377 	EXP 	show_condition_text: text = '****'
16.6377 	EXP 	show_condition_text: autoDraw = True
16.6539 	EXP 	show_condition_text: text = '****'
16.6539 	EXP 	show_condition_text: autoDraw = True
16.6707 	EXP 	show_condition_text: text = '****'
16.6707 	EXP 	show_condition_text: autoDraw = True
16.6875 	EXP 	show_condition_text: text = '****'
16.6875 	EXP 	show_condition_text: autoDraw = True
16.7042 	EXP 	show_condition_text: text = '****'
16.7042 	EXP 	show_condition_text: autoDraw = True
16.7202 	EXP 	show_condition_text: text = '****'
16.7202 	EXP 	show_condition_text: autoDraw = True
16.7369 	EXP 	show_condition_text: text = '****'
16.7369 	EXP 	show_condition_text: autoDraw = True
16.7537 	EXP 	show_condition_text: text = '****'
16.7537 	EXP 	show_condition_text: autoDraw = True
16.7710 	EXP 	show_condition_text: text = '****'
16.7710 	EXP 	show_condition_text: autoDraw = True
16.7877 	EXP 	show_condition_text: text = '****'
16.7877 	EXP 	show_condition_text: autoDraw = True
16.8045 	EXP 	show_condition_text: text = '****'
16.8045 	EXP 	show_condition_text: autoDraw = True
16.8204 	EXP 	show_condition_text: text = '****'
16.8204 	EXP 	show_condition_text: autoDraw = True
16.8375 	EXP 	show_condition_text: text = '****'
16.8375 	EXP 	show_condition_text: autoDraw = True
16.8544 	EXP 	show_condition_text: text = '****'
16.8544 	EXP 	show_condition_text: autoDraw = True
16.8710 	EXP 	show_condition_text: text = '****'
16.8710 	EXP 	show_condition_text: autoDraw = True
16.8875 	EXP 	show_condition_text: text = '****'
16.8875 	EXP 	show_condition_text: autoDraw = True
16.9042 	EXP 	show_condition_text: text = '****'
16.9042 	EXP 	show_condition_text: autoDraw = True
16.9211 	EXP 	show_condition_text: text = '****'
16.9211 	EXP 	show_condition_text: autoDraw = True
16.9372 	EXP 	show_condition_text: text = '****'
16.9372 	EXP 	show_condition_text: autoDraw = True
16.9541 	EXP 	show_condition_text: text = '****'
16.9541 	EXP 	show_condition_text: autoDraw = True
16.9707 	EXP 	show_condition_text: text = '****'
16.9707 	EXP 	show_condition_text: autoDraw = True
16.9875 	EXP 	show_condition_text: text = '****'
16.9875 	EXP 	show_condition_text: autoDraw = True
17.0038 	EXP 	show_condition_text: text = '****'
17.0038 	EXP 	show_condition_text: autoDraw = True
17.0208 	EXP 	show_condition_text: text = '****'
17.0208 	EXP 	show_condition_text: autoDraw = True
17.0369 	EXP 	show_condition_text: text = '****'
17.0369 	EXP 	show_condition_text: autoDraw = True
17.0546 	EXP 	show_condition_text: text = '****'
17.0546 	EXP 	show_condition_text: autoDraw = True
17.0707 	EXP 	show_condition_text: text = '****'
17.0707 	EXP 	show_condition_text: autoDraw = True
17.0878 	EXP 	show_condition_text: text = '****'
17.0878 	EXP 	show_condition_text: autoDraw = True
17.0909 	DATA 	Keypress: escape
17.1042 	EXP 	show_condition_text: text = '****'
17.1042 	EXP 	show_condition_text: autoDraw = True
17.1209 	EXP 	show_condition_text: text = '****'
17.1209 	EXP 	show_condition_text: autoDraw = True
17.1369 	EXP 	show_condition_text: text = '****'
17.1369 	EXP 	show_condition_text: autoDraw = True
17.1545 	EXP 	show_condition_text: text = '****'
17.1545 	EXP 	show_condition_text: autoDraw = True
17.1706 	EXP 	show_condition_text: text = '****'
17.1706 	EXP 	show_condition_text: autoDraw = True
17.1876 	EXP 	show_condition_text: text = '****'
17.1876 	EXP 	show_condition_text: autoDraw = True
17.2043 	EXP 	show_condition_text: text = '****'
17.2043 	EXP 	show_condition_text: autoDraw = True
17.2211 	EXP 	show_condition_text: text = '****'
17.2211 	EXP 	show_condition_text: autoDraw = True
17.2380 	EXP 	show_condition_text: text = '****'
17.2380 	EXP 	show_condition_text: autoDraw = True
17.2543 	EXP 	show_condition_text: text = '****'
17.2543 	EXP 	show_condition_text: autoDraw = True
17.2713 	EXP 	show_condition_text: text = '****'
17.2713 	EXP 	show_condition_text: autoDraw = True
17.2877 	EXP 	show_condition_text: text = '****'
17.2877 	EXP 	show_condition_text: autoDraw = True
17.3037 	EXP 	show_condition_text: text = '****'
17.3037 	EXP 	show_condition_text: autoDraw = True
17.3202 	EXP 	show_condition_text: text = '****'
17.3202 	EXP 	show_condition_text: autoDraw = True
17.3368 	EXP 	show_condition_text: text = '****'
17.3368 	EXP 	show_condition_text: autoDraw = True
17.3546 	EXP 	show_condition_text: text = '****'
17.3546 	EXP 	show_condition_text: autoDraw = True
17.3707 	EXP 	show_condition_text: text = '****'
17.3707 	EXP 	show_condition_text: autoDraw = True
17.3873 	EXP 	show_condition_text: text = '****'
17.3873 	EXP 	show_condition_text: autoDraw = True
17.4036 	EXP 	show_condition_text: text = '****'
17.4036 	EXP 	show_condition_text: autoDraw = True
17.4202 	EXP 	show_condition_text: text = '****'
17.4202 	EXP 	show_condition_text: autoDraw = True
17.4368 	EXP 	show_condition_text: text = '****'
17.4368 	EXP 	show_condition_text: autoDraw = True
17.4546 	EXP 	show_condition_text: text = '****'
17.4546 	EXP 	show_condition_text: autoDraw = True
17.4710 	EXP 	show_condition_text: text = '****'
17.4710 	EXP 	show_condition_text: autoDraw = True
17.4873 	EXP 	show_condition_text: text = '****'
17.4873 	EXP 	show_condition_text: autoDraw = True
17.5044 	EXP 	show_condition_text: text = '****'
17.5044 	EXP 	show_condition_text: autoDraw = True
17.5212 	EXP 	show_condition_text: text = '****'
17.5212 	EXP 	show_condition_text: autoDraw = True
17.5370 	EXP 	show_condition_text: text = '****'
17.5370 	EXP 	show_condition_text: autoDraw = True
17.5541 	EXP 	show_condition_text: text = '****'
17.5541 	EXP 	show_condition_text: autoDraw = True
17.5708 	EXP 	show_condition_text: text = '****'
17.5708 	EXP 	show_condition_text: autoDraw = True
17.5875 	EXP 	show_condition_text: text = '****'
17.5875 	EXP 	show_condition_text: autoDraw = True
17.6039 	EXP 	show_condition_text: text = '****'
17.6039 	EXP 	show_condition_text: autoDraw = True
17.6209 	EXP 	show_condition_text: text = '****'
17.6209 	EXP 	show_condition_text: autoDraw = True
17.6378 	EXP 	show_condition_text: text = '****'
17.6378 	EXP 	show_condition_text: autoDraw = True
17.6536 	EXP 	show_condition_text: text = '****'
17.6536 	EXP 	show_condition_text: autoDraw = True
17.6708 	EXP 	show_condition_text: text = '****'
17.6708 	EXP 	show_condition_text: autoDraw = True
17.6872 	EXP 	show_condition_text: text = '****'
17.6872 	EXP 	show_condition_text: autoDraw = True
17.7045 	EXP 	show_condition_text: text = '****'
17.7045 	EXP 	show_condition_text: autoDraw = True
17.7203 	EXP 	show_condition_text: text = '****'
17.7203 	EXP 	show_condition_text: autoDraw = True
17.7373 	EXP 	show_condition_text: text = '****'
17.7373 	EXP 	show_condition_text: autoDraw = True
17.7535 	EXP 	show_condition_text: text = '****'
17.7535 	EXP 	show_condition_text: autoDraw = True
17.7708 	EXP 	show_condition_text: text = '****'
17.7708 	EXP 	show_condition_text: autoDraw = True
17.7879 	EXP 	show_condition_text: text = '****'
17.7879 	EXP 	show_condition_text: autoDraw = True
17.8038 	EXP 	show_condition_text: text = '****'
17.8038 	EXP 	show_condition_text: autoDraw = True
17.8203 	EXP 	show_condition_text: text = '****'
17.8203 	EXP 	show_condition_text: autoDraw = True
17.8367 	EXP 	show_condition_text: text = '****'
17.8367 	EXP 	show_condition_text: autoDraw = True
17.8542 	EXP 	show_condition_text: text = '****'
17.8542 	EXP 	show_condition_text: autoDraw = True
17.8708 	EXP 	show_condition_text: text = '****'
17.8708 	EXP 	show_condition_text: autoDraw = True
17.8877 	EXP 	show_condition_text: text = '****'
17.8877 	EXP 	show_condition_text: autoDraw = True
17.9041 	EXP 	show_condition_text: text = '****'
17.9041 	EXP 	show_condition_text: autoDraw = True
17.9204 	EXP 	show_condition_text: text = '****'
17.9204 	EXP 	show_condition_text: autoDraw = True
17.9226 	DATA 	Keypress: escape
17.9377 	EXP 	show_condition_text: text = '****'
17.9377 	EXP 	show_condition_text: autoDraw = True
17.9541 	EXP 	show_condition_text: text = '****'
17.9541 	EXP 	show_condition_text: autoDraw = True
17.9707 	EXP 	show_condition_text: text = '****'
17.9707 	EXP 	show_condition_text: autoDraw = True
17.9875 	EXP 	show_condition_text: text = '****'
17.9875 	EXP 	show_condition_text: autoDraw = True
18.0046 	EXP 	show_condition_text: text = '****'
18.0046 	EXP 	show_condition_text: autoDraw = True
18.0205 	EXP 	show_condition_text: text = '****'
18.0205 	EXP 	show_condition_text: autoDraw = True
18.0383 	EXP 	show_condition_text: text = '****'
18.0383 	EXP 	show_condition_text: autoDraw = True
18.0544 	EXP 	show_condition_text: text = '****'
18.0544 	EXP 	show_condition_text: autoDraw = True
18.0709 	EXP 	show_condition_text: text = '****'
18.0709 	EXP 	show_condition_text: autoDraw = True
18.0870 	EXP 	show_condition_text: text = '****'
18.0870 	EXP 	show_condition_text: autoDraw = True
18.1034 	EXP 	show_condition_text: text = '****'
18.1034 	EXP 	show_condition_text: autoDraw = True
18.1210 	EXP 	show_condition_text: text = '****'
18.1210 	EXP 	show_condition_text: autoDraw = True
18.1375 	EXP 	show_condition_text: text = '****'
18.1375 	EXP 	show_condition_text: autoDraw = True
18.1543 	EXP 	show_condition_text: text = '****'
18.1543 	EXP 	show_condition_text: autoDraw = True
18.1706 	EXP 	show_condition_text: text = '****'
18.1706 	EXP 	show_condition_text: autoDraw = True
18.1873 	EXP 	show_condition_text: text = '****'
18.1873 	EXP 	show_condition_text: autoDraw = True
18.2042 	EXP 	show_condition_text: text = '****'
18.2042 	EXP 	show_condition_text: autoDraw = True
18.2210 	EXP 	show_condition_text: text = '****'
18.2210 	EXP 	show_condition_text: autoDraw = True
18.2378 	EXP 	show_condition_text: text = '****'
18.2378 	EXP 	show_condition_text: autoDraw = True
18.2537 	EXP 	show_condition_text: text = '****'
18.2537 	EXP 	show_condition_text: autoDraw = True
18.2707 	EXP 	show_condition_text: text = '****'
18.2707 	EXP 	show_condition_text: autoDraw = True
18.2873 	EXP 	show_condition_text: text = '****'
18.2873 	EXP 	show_condition_text: autoDraw = True
18.3042 	EXP 	show_condition_text: text = '****'
18.3042 	EXP 	show_condition_text: autoDraw = True
18.3211 	EXP 	show_condition_text: text = '****'
18.3211 	EXP 	show_condition_text: autoDraw = True
18.3379 	EXP 	show_condition_text: text = '****'
18.3379 	EXP 	show_condition_text: autoDraw = True
18.3537 	EXP 	show_condition_text: text = '****'
18.3537 	EXP 	show_condition_text: autoDraw = True
18.3704 	EXP 	show_condition_text: text = '****'
18.3704 	EXP 	show_condition_text: autoDraw = True
18.3879 	EXP 	show_condition_text: text = '****'
18.3879 	EXP 	show_condition_text: autoDraw = True
18.4040 	EXP 	show_condition_text: text = '****'
18.4040 	EXP 	show_condition_text: autoDraw = True
18.4208 	EXP 	show_condition_text: text = '****'
18.4208 	EXP 	show_condition_text: autoDraw = True
18.4374 	EXP 	show_condition_text: text = '****'
18.4374 	EXP 	show_condition_text: autoDraw = True
18.4543 	EXP 	show_condition_text: text = '****'
18.4543 	EXP 	show_condition_text: autoDraw = True
18.4713 	EXP 	show_condition_text: text = '****'
18.4713 	EXP 	show_condition_text: autoDraw = True
18.4873 	EXP 	show_condition_text: text = '****'
18.4873 	EXP 	show_condition_text: autoDraw = True
18.5042 	EXP 	show_condition_text: text = '****'
18.5042 	EXP 	show_condition_text: autoDraw = True
18.5213 	EXP 	show_condition_text: text = '****'
18.5213 	EXP 	show_condition_text: autoDraw = True
18.5376 	EXP 	show_condition_text: text = '****'
18.5376 	EXP 	show_condition_text: autoDraw = True
18.5543 	EXP 	show_condition_text: text = '****'
18.5543 	EXP 	show_condition_text: autoDraw = True
18.5712 	EXP 	show_condition_text: text = '****'
18.5712 	EXP 	show_condition_text: autoDraw = True
18.5870 	EXP 	show_condition_text: text = '****'
18.5870 	EXP 	show_condition_text: autoDraw = True
18.6036 	EXP 	show_condition_text: text = '****'
18.6036 	EXP 	show_condition_text: autoDraw = True
18.6205 	EXP 	show_condition_text: text = '****'
18.6205 	EXP 	show_condition_text: autoDraw = True
18.6379 	EXP 	show_condition_text: text = '****'
18.6379 	EXP 	show_condition_text: autoDraw = True
18.6541 	EXP 	show_condition_text: text = '****'
18.6541 	EXP 	show_condition_text: autoDraw = True
18.6701 	EXP 	show_condition_text: text = '****'
18.6701 	EXP 	show_condition_text: autoDraw = True
18.6877 	EXP 	show_condition_text: text = '****'
18.6877 	EXP 	show_condition_text: autoDraw = True
18.7042 	EXP 	show_condition_text: text = '****'
18.7042 	EXP 	show_condition_text: autoDraw = True
18.7209 	EXP 	show_condition_text: text = '****'
18.7209 	EXP 	show_condition_text: autoDraw = True
18.7372 	EXP 	show_condition_text: text = '****'
18.7372 	EXP 	show_condition_text: autoDraw = True
18.7537 	EXP 	show_condition_text: text = '****'
18.7537 	EXP 	show_condition_text: autoDraw = True
18.7704 	EXP 	show_condition_text: text = '****'
18.7704 	EXP 	show_condition_text: autoDraw = True
18.7872 	EXP 	show_condition_text: text = '****'
18.7872 	EXP 	show_condition_text: autoDraw = True
18.8043 	EXP 	show_condition_text: text = '****'
18.8043 	EXP 	show_condition_text: autoDraw = True
18.8062 	DATA 	Mouse: Left button down, pos=(474,502)
18.8066 	DATA 	Mouse:  Left button up, pos=(474,502)
18.8079 	DATA 	Keypress: escape
18.8205 	EXP 	show_condition_text: text = '****'
18.8205 	EXP 	show_condition_text: autoDraw = True
18.8374 	EXP 	show_condition_text: text = '****'
18.8374 	EXP 	show_condition_text: autoDraw = True
18.8539 	EXP 	show_condition_text: text = '****'
18.8539 	EXP 	show_condition_text: autoDraw = True
18.8705 	EXP 	show_condition_text: text = '****'
18.8705 	EXP 	show_condition_text: autoDraw = True
18.8874 	EXP 	show_condition_text: text = '****'
18.8874 	EXP 	show_condition_text: autoDraw = True
18.9042 	EXP 	show_condition_text: text = '****'
18.9042 	EXP 	show_condition_text: autoDraw = True
18.9212 	EXP 	show_condition_text: text = '****'
18.9212 	EXP 	show_condition_text: autoDraw = True
18.9370 	EXP 	show_condition_text: text = '****'
18.9370 	EXP 	show_condition_text: autoDraw = True
18.9541 	EXP 	show_condition_text: text = '****'
18.9541 	EXP 	show_condition_text: autoDraw = True
18.9708 	EXP 	show_condition_text: text = '****'
18.9708 	EXP 	show_condition_text: autoDraw = True
18.9876 	EXP 	show_condition_text: text = '****'
18.9876 	EXP 	show_condition_text: autoDraw = True
19.0046 	EXP 	show_condition_text: text = '****'
19.0046 	EXP 	show_condition_text: autoDraw = True
19.0205 	EXP 	show_condition_text: text = '****'
19.0205 	EXP 	show_condition_text: autoDraw = True
19.0377 	EXP 	show_condition_text: text = '****'
19.0377 	EXP 	show_condition_text: autoDraw = True
19.0543 	EXP 	show_condition_text: text = '****'
19.0543 	EXP 	show_condition_text: autoDraw = True
19.0709 	EXP 	show_condition_text: text = '****'
19.0709 	EXP 	show_condition_text: autoDraw = True
19.0868 	EXP 	show_condition_text: text = '****'
19.0868 	EXP 	show_condition_text: autoDraw = True
19.1036 	EXP 	show_condition_text: text = '****'
19.1036 	EXP 	show_condition_text: autoDraw = True
19.1211 	EXP 	show_condition_text: text = '****'
19.1211 	EXP 	show_condition_text: autoDraw = True
19.1370 	EXP 	show_condition_text: text = '****'
19.1370 	EXP 	show_condition_text: autoDraw = True
19.1535 	EXP 	show_condition_text: text = '****'
19.1535 	EXP 	show_condition_text: autoDraw = True
19.1701 	EXP 	show_condition_text: text = '****'
19.1701 	EXP 	show_condition_text: autoDraw = True
19.1880 	EXP 	show_condition_text: text = '****'
19.1880 	EXP 	show_condition_text: autoDraw = True
19.2037 	EXP 	show_condition_text: text = '****'
19.2037 	EXP 	show_condition_text: autoDraw = True
19.2205 	EXP 	show_condition_text: text = '****'
19.2205 	EXP 	show_condition_text: autoDraw = True
19.2374 	EXP 	show_condition_text: text = '****'
19.2374 	EXP 	show_condition_text: autoDraw = True
19.2540 	EXP 	show_condition_text: text = '****'
19.2540 	EXP 	show_condition_text: autoDraw = True
19.2708 	EXP 	show_condition_text: text = '****'
19.2708 	EXP 	show_condition_text: autoDraw = True
19.2876 	EXP 	show_condition_text: text = '****'
19.2876 	EXP 	show_condition_text: autoDraw = True
19.3038 	EXP 	show_condition_text: text = '****'
19.3038 	EXP 	show_condition_text: autoDraw = True
19.3209 	EXP 	show_condition_text: text = '****'
19.3209 	EXP 	show_condition_text: autoDraw = True
19.3376 	EXP 	show_condition_text: text = '****'
19.3376 	EXP 	show_condition_text: autoDraw = True
19.3540 	EXP 	show_condition_text: text = '****'
19.3540 	EXP 	show_condition_text: autoDraw = True
19.3701 	EXP 	show_condition_text: text = '****'
19.3701 	EXP 	show_condition_text: autoDraw = True
19.3872 	EXP 	show_condition_text: text = '****'
19.3872 	EXP 	show_condition_text: autoDraw = True
19.4038 	EXP 	show_condition_text: text = '****'
19.4038 	EXP 	show_condition_text: autoDraw = True
19.4205 	EXP 	show_condition_text: text = '****'
19.4205 	EXP 	show_condition_text: autoDraw = True
19.4368 	EXP 	show_condition_text: text = '****'
19.4368 	EXP 	show_condition_text: autoDraw = True
19.4545 	EXP 	show_condition_text: text = '****'
19.4545 	EXP 	show_condition_text: autoDraw = True
19.4704 	EXP 	show_condition_text: text = '****'
19.4704 	EXP 	show_condition_text: autoDraw = True
19.4871 	EXP 	show_condition_text: text = '****'
19.4871 	EXP 	show_condition_text: autoDraw = True
19.5034 	EXP 	show_condition_text: text = '****'
19.5034 	EXP 	show_condition_text: autoDraw = True
19.5060 	DATA 	Keypress: escape
19.5201 	EXP 	show_condition_text: text = '****'
19.5201 	EXP 	show_condition_text: autoDraw = True
19.5376 	EXP 	show_condition_text: text = '****'
19.5376 	EXP 	show_condition_text: autoDraw = True
19.5544 	EXP 	show_condition_text: text = '****'
19.5544 	EXP 	show_condition_text: autoDraw = True
19.5701 	EXP 	show_condition_text: text = '****'
19.5701 	EXP 	show_condition_text: autoDraw = True
19.5869 	EXP 	show_condition_text: text = '****'
19.5869 	EXP 	show_condition_text: autoDraw = True
19.6033 	EXP 	show_condition_text: text = '****'
19.6033 	EXP 	show_condition_text: autoDraw = True
19.6202 	EXP 	show_condition_text: text = '****'
19.6202 	EXP 	show_condition_text: autoDraw = True
19.6367 	EXP 	show_condition_text: text = '****'
19.6367 	EXP 	show_condition_text: autoDraw = True
19.6537 	EXP 	show_condition_text: text = '****'
19.6537 	EXP 	show_condition_text: autoDraw = True
19.6563 	DATA 	Keypress: space
19.6709 	EXP 	show_condition_text: text = '****'
19.6709 	EXP 	show_condition_text: autoDraw = True
19.6868 	EXP 	show_condition_text: text = '****'
19.6868 	EXP 	show_condition_text: autoDraw = True
19.7045 	EXP 	show_condition_text: text = '****'
19.7045 	EXP 	show_condition_text: autoDraw = True
19.7203 	EXP 	show_condition_text: text = '****'
19.7203 	EXP 	show_condition_text: autoDraw = True
19.7370 	EXP 	show_condition_text: text = '****'
19.7370 	EXP 	show_condition_text: autoDraw = True
19.7536 	EXP 	show_condition_text: text = '****'
19.7536 	EXP 	show_condition_text: autoDraw = True
19.7704 	EXP 	show_condition_text: text = '****'
19.7704 	EXP 	show_condition_text: autoDraw = True
19.7876 	EXP 	show_condition_text: text = '****'
19.7876 	EXP 	show_condition_text: autoDraw = True
19.8043 	EXP 	New trial (rep=0, index=6): OrderedDict([('wlist_index', 4)])
19.8072 	EXP 	Imported csvs/4.csv as conditions, 11 conditions, 1 params
19.8076 	EXP 	Created sequence: random, trialTypes=11, nReps=1, seed=None
19.8078 	EXP 	New trial (rep=0, index=0): OrderedDict([('word', 'diy')])
20.0948 	EXP 	window1: mouseVisible = True
