7.5437 	WARNING 	User requested fullscreen with size [1024  768], but screen is actually [1440, 900]. Using actual size
8.3848 	EXP 	Created window1 = Window(allowGUI=False, allowStencil=False, args=UNKNOWN, autoLog=True, bitsMode=UNKNOWN, blendMode='avg', color=array([0., 0., 0.]), colorSpace='rgb', fullscr=<method-wrapper '__getattribute__' of attributeSetter object at 0x1314a2860>, gamma=None, gammaErrorPolicy='raise', kwargs=UNKNOWN, lms=UNKNOWN, monitor=<psychopy.monitors.calibTools.Monitor object at 0x132bd0320>, multiSample=False, name='window1', numSamples=2, pos=[360.0, 225.0], screen=0, size=array([2880, 1800]), stereo=False, units='height', useFBO=True, useRetina=True, viewOri=0.0, viewPos=None, viewScale=None, waitBlanking=True, winType='pyglet')
8.3848 	EXP 	window1: recordFrameIntervals = False
8.5497 	EXP 	window1: recordFrameIntervals = True
8.7339 	EXP 	window1: recordFrameIntervals = False
9.3051 	EXP 	Created instructions_text = TextStim(__class__=<class 'psychopy.visual.text.TextStim'>, alignHoriz='center', alignVert='center', antialias=True, autoLog=True, bold=False, color='white', colorSpace='named', contrast=1.0, depth=0.0, flipHoriz=False, flipVert=False, font='Arial', fontFiles=[], height=0.1, italic=False, languageStyle='LTR', name='instructions_text', opacity=1.0, ori=0, pos=array([0., 0.]), rgb=array([255., 255., 255.]), text='Welcome!', units='height', win=Window(...), wrapWidth=1)
9.3684 	EXP 	Created show_condition_text = TextStim(__class__=<class 'psychopy.visual.text.TextStim'>, alignHoriz='center', alignVert='center', antialias=True, autoLog=True, bold=False, color='white', colorSpace='named', contrast=1.0, depth=0.0, flipHoriz=False, flipVert=False, font='Arial', fontFiles=[], height=0.1, italic=False, languageStyle='LTR', name='show_condition_text', opacity=1.0, ori=0, pos=array([0., 0.]), rgb=array([255., 255., 255.]), text='default text', units='height', win=Window(...), wrapWidth=1)
9.4001 	EXP 	instructions_text: autoDraw = True
9.6399 	EXP 	Imported csvs/noise_conditions.csv as conditions, 4 conditions, 1 params
9.6404 	EXP 	Created sequence: random, trialTypes=4, nReps=1, seed=None
9.6407 	EXP 	New trial (rep=0, index=0): OrderedDict([('condition', 4)])
9.6434 	EXP 	Imported csvs/condition_4_wlists_indices.csv as conditions, 8 conditions, 1 params
9.6438 	EXP 	Created sequence: random, trialTypes=8, nReps=1, seed=None
9.6440 	EXP 	New trial (rep=0, index=0): OrderedDict([('wlist_index', 16)])
9.6470 	EXP 	Imported csvs/16.csv as conditions, 7 conditions, 1 params
9.6473 	EXP 	Created sequence: random, trialTypes=7, nReps=1, seed=None
9.6474 	EXP 	New trial (rep=0, index=0): OrderedDict([('word', 'usage')])
9.6651 	DATA 	Keypress: space
9.6835 	EXP 	instructions_text: autoDraw = False
9.6835 	EXP 	show_condition_text: text = 'usage'
9.6835 	EXP 	show_condition_text: autoDraw = True
9.6841 	EXP 	New trial (rep=0, index=1): OrderedDict([('word', 'are')])
9.7014 	EXP 	show_condition_text: autoDraw = False
9.7014 	EXP 	show_condition_text: text = 'are'
9.7014 	EXP 	show_condition_text: autoDraw = True
9.7021 	EXP 	New trial (rep=0, index=2): OrderedDict([('word', 'original')])
9.7202 	EXP 	show_condition_text: autoDraw = False
9.7202 	EXP 	show_condition_text: text = 'original'
9.7202 	EXP 	show_condition_text: autoDraw = True
9.7206 	EXP 	New trial (rep=0, index=3): OrderedDict([('word', 'activated')])
9.7506 	EXP 	show_condition_text: autoDraw = False
9.7506 	EXP 	show_condition_text: text = 'activated'
9.7506 	EXP 	show_condition_text: autoDraw = True
9.7510 	EXP 	New trial (rep=0, index=4): OrderedDict([('word', 'estimates')])
9.7688 	EXP 	show_condition_text: autoDraw = False
9.7688 	EXP 	show_condition_text: text = 'estimates'
9.7688 	EXP 	show_condition_text: autoDraw = True
9.7692 	EXP 	New trial (rep=0, index=5): OrderedDict([('word', 'moscow')])
9.7860 	EXP 	show_condition_text: autoDraw = False
9.7860 	EXP 	show_condition_text: text = 'moscow'
9.7860 	EXP 	show_condition_text: autoDraw = True
9.7866 	EXP 	New trial (rep=0, index=6): OrderedDict([('word', 'singh')])
9.8047 	EXP 	show_condition_text: autoDraw = False
9.8047 	EXP 	show_condition_text: text = 'singh'
9.8047 	EXP 	show_condition_text: autoDraw = True
9.8211 	EXP 	show_condition_text: autoDraw = False
9.8211 	EXP 	show_condition_text: text = '****'
9.8211 	EXP 	show_condition_text: autoDraw = True
9.8340 	EXP 	show_condition_text: text = '****'
9.8340 	EXP 	show_condition_text: autoDraw = True
9.8498 	EXP 	show_condition_text: text = '****'
9.8498 	EXP 	show_condition_text: autoDraw = True
9.8665 	EXP 	show_condition_text: text = '****'
9.8665 	EXP 	show_condition_text: autoDraw = True
9.8835 	EXP 	show_condition_text: text = '****'
9.8835 	EXP 	show_condition_text: autoDraw = True
9.8866 	DATA 	Keypress: space
9.8999 	EXP 	show_condition_text: text = '****'
9.8999 	EXP 	show_condition_text: autoDraw = True
9.9171 	EXP 	show_condition_text: text = '****'
9.9171 	EXP 	show_condition_text: autoDraw = True
9.9330 	EXP 	show_condition_text: text = '****'
9.9330 	EXP 	show_condition_text: autoDraw = True
9.9501 	EXP 	show_condition_text: text = '****'
9.9501 	EXP 	show_condition_text: autoDraw = True
9.9674 	EXP 	New trial (rep=0, index=1): OrderedDict([('wlist_index', 18)])
9.9713 	EXP 	Imported csvs/18.csv as conditions, 9 conditions, 1 params
9.9717 	EXP 	Created sequence: random, trialTypes=9, nReps=1, seed=None
9.9720 	EXP 	New trial (rep=0, index=0): OrderedDict([('word', 'geographical')])
10.0000 	EXP 	show_condition_text: text = 'geographical'
10.0000 	EXP 	show_condition_text: autoDraw = True
10.0007 	EXP 	New trial (rep=0, index=1): OrderedDict([('word', 'cardiff')])
10.0170 	EXP 	show_condition_text: autoDraw = False
10.0170 	EXP 	show_condition_text: text = 'cardiff'
10.0170 	EXP 	show_condition_text: autoDraw = True
10.0177 	EXP 	New trial (rep=0, index=2): OrderedDict([('word', 'stan')])
10.0337 	EXP 	show_condition_text: autoDraw = False
10.0337 	EXP 	show_condition_text: text = 'stan'
10.0337 	EXP 	show_condition_text: autoDraw = True
10.0343 	EXP 	New trial (rep=0, index=3): OrderedDict([('word', 'present')])
10.0518 	EXP 	show_condition_text: autoDraw = False
10.0518 	EXP 	show_condition_text: text = 'present'
10.0518 	EXP 	show_condition_text: autoDraw = True
10.0525 	EXP 	New trial (rep=0, index=4): OrderedDict([('word', 'jaguar')])
10.0839 	EXP 	show_condition_text: autoDraw = False
10.0839 	EXP 	show_condition_text: text = 'jaguar'
10.0839 	EXP 	show_condition_text: autoDraw = True
10.0843 	EXP 	New trial (rep=0, index=5): OrderedDict([('word', 'bosnia')])
10.1025 	EXP 	show_condition_text: autoDraw = False
10.1025 	EXP 	show_condition_text: text = 'bosnia'
10.1025 	EXP 	show_condition_text: autoDraw = True
10.1029 	EXP 	New trial (rep=0, index=6): OrderedDict([('word', 'nicaragua')])
10.1184 	EXP 	show_condition_text: autoDraw = False
10.1184 	EXP 	show_condition_text: text = 'nicaragua'
10.1184 	EXP 	show_condition_text: autoDraw = True
10.1190 	EXP 	New trial (rep=0, index=7): OrderedDict([('word', 'nominated')])
10.1355 	EXP 	show_condition_text: autoDraw = False
10.1355 	EXP 	show_condition_text: text = 'nominated'
10.1355 	EXP 	show_condition_text: autoDraw = True
10.1360 	EXP 	New trial (rep=0, index=8): OrderedDict([('word', 'longer')])
10.1510 	EXP 	show_condition_text: autoDraw = False
10.1510 	EXP 	show_condition_text: text = 'longer'
10.1510 	EXP 	show_condition_text: autoDraw = True
10.1674 	EXP 	show_condition_text: autoDraw = False
10.1674 	EXP 	show_condition_text: text = '****'
10.1674 	EXP 	show_condition_text: autoDraw = True
10.1840 	EXP 	show_condition_text: text = '****'
10.1840 	EXP 	show_condition_text: autoDraw = True
10.2004 	EXP 	show_condition_text: text = '****'
10.2004 	EXP 	show_condition_text: autoDraw = True
10.2040 	DATA 	Keypress: space
10.2167 	EXP 	show_condition_text: text = '****'
10.2167 	EXP 	show_condition_text: autoDraw = True
10.2339 	EXP 	show_condition_text: text = '****'
10.2339 	EXP 	show_condition_text: autoDraw = True
10.2508 	EXP 	show_condition_text: text = '****'
10.2508 	EXP 	show_condition_text: autoDraw = True
10.2673 	EXP 	New trial (rep=0, index=2): OrderedDict([('wlist_index', 5)])
10.2713 	EXP 	Imported csvs/5.csv as conditions, 7 conditions, 1 params
10.2717 	EXP 	Created sequence: random, trialTypes=7, nReps=1, seed=None
10.2720 	EXP 	New trial (rep=0, index=0): OrderedDict([('word', 'physics')])
10.3011 	EXP 	show_condition_text: text = 'physics'
10.3011 	EXP 	show_condition_text: autoDraw = True
10.3015 	EXP 	New trial (rep=0, index=1): OrderedDict([('word', 'access')])
10.3166 	EXP 	show_condition_text: autoDraw = False
10.3166 	EXP 	show_condition_text: text = 'access'
10.3166 	EXP 	show_condition_text: autoDraw = True
10.3172 	EXP 	New trial (rep=0, index=2): OrderedDict([('word', 'specialties')])
10.3344 	EXP 	show_condition_text: autoDraw = False
10.3344 	EXP 	show_condition_text: text = 'specialties'
10.3344 	EXP 	show_condition_text: autoDraw = True
10.3349 	EXP 	New trial (rep=0, index=3): OrderedDict([('word', 'charitable')])
10.3442 	DATA 	Keypress: space
10.3665 	EXP 	show_condition_text: autoDraw = False
10.3665 	EXP 	show_condition_text: text = 'charitable'
10.3665 	EXP 	show_condition_text: autoDraw = True
10.3671 	EXP 	New trial (rep=0, index=4): OrderedDict([('word', 'typically')])
10.3858 	EXP 	show_condition_text: autoDraw = False
10.3858 	EXP 	show_condition_text: text = 'typically'
10.3858 	EXP 	show_condition_text: autoDraw = True
10.3864 	EXP 	New trial (rep=0, index=5): OrderedDict([('word', 'acceptance')])
10.4049 	EXP 	show_condition_text: autoDraw = False
10.4049 	EXP 	show_condition_text: text = 'acceptance'
10.4049 	EXP 	show_condition_text: autoDraw = True
10.4056 	EXP 	New trial (rep=0, index=6): OrderedDict([('word', 'mediterranean')])
10.4340 	EXP 	show_condition_text: autoDraw = False
10.4340 	EXP 	show_condition_text: text = 'mediterranean'
10.4340 	EXP 	show_condition_text: autoDraw = True
10.4507 	EXP 	show_condition_text: autoDraw = False
10.4513 	EXP 	New trial (rep=0, index=3): OrderedDict([('wlist_index', 6)])
10.4546 	EXP 	Imported csvs/6.csv as conditions, 9 conditions, 1 params
10.4549 	EXP 	Created sequence: random, trialTypes=9, nReps=1, seed=None
10.4551 	EXP 	New trial (rep=0, index=0): OrderedDict([('word', 'landscape')])
10.4832 	EXP 	show_condition_text: text = 'landscape'
10.4832 	EXP 	show_condition_text: autoDraw = True
10.4836 	EXP 	New trial (rep=0, index=1): OrderedDict([('word', 'enjoyed')])
10.4923 	DATA 	Keypress: space
10.5043 	EXP 	show_condition_text: autoDraw = False
10.5043 	EXP 	show_condition_text: text = 'enjoyed'
10.5043 	EXP 	show_condition_text: autoDraw = True
10.5051 	EXP 	New trial (rep=0, index=2): OrderedDict([('word', 'data')])
10.5220 	EXP 	show_condition_text: autoDraw = False
10.5220 	EXP 	show_condition_text: text = 'data'
10.5220 	EXP 	show_condition_text: autoDraw = True
10.5225 	EXP 	New trial (rep=0, index=3): OrderedDict([('word', 'colonial')])
10.5506 	EXP 	show_condition_text: autoDraw = False
10.5506 	EXP 	show_condition_text: text = 'colonial'
10.5506 	EXP 	show_condition_text: autoDraw = True
10.5512 	EXP 	New trial (rep=0, index=4): OrderedDict([('word', 'findlaw')])
10.5726 	EXP 	show_condition_text: autoDraw = False
10.5726 	EXP 	show_condition_text: text = 'findlaw'
10.5726 	EXP 	show_condition_text: autoDraw = True
10.5730 	EXP 	New trial (rep=0, index=5): OrderedDict([('word', 'sole')])
10.5882 	EXP 	show_condition_text: autoDraw = False
10.5882 	EXP 	show_condition_text: text = 'sole'
10.5882 	EXP 	show_condition_text: autoDraw = True
10.5886 	EXP 	New trial (rep=0, index=6): OrderedDict([('word', 'futures')])
10.6045 	EXP 	show_condition_text: autoDraw = False
10.6045 	EXP 	show_condition_text: text = 'futures'
10.6045 	EXP 	show_condition_text: autoDraw = True
10.6051 	EXP 	New trial (rep=0, index=7): OrderedDict([('word', 'showers')])
10.6117 	DATA 	Keypress: space
10.6229 	EXP 	show_condition_text: autoDraw = False
10.6229 	EXP 	show_condition_text: text = 'showers'
10.6229 	EXP 	show_condition_text: autoDraw = True
10.6233 	EXP 	New trial (rep=0, index=8): OrderedDict([('word', 'jose')])
10.6386 	EXP 	show_condition_text: autoDraw = False
10.6386 	EXP 	show_condition_text: text = 'jose'
10.6386 	EXP 	show_condition_text: autoDraw = True
10.6552 	EXP 	show_condition_text: autoDraw = False
10.6556 	EXP 	New trial (rep=0, index=4): OrderedDict([('wlist_index', 7)])
10.6588 	EXP 	Imported csvs/7.csv as conditions, 9 conditions, 1 params
10.6591 	EXP 	Created sequence: random, trialTypes=9, nReps=1, seed=None
10.6593 	EXP 	New trial (rep=0, index=0): OrderedDict([('word', 'bubble')])
10.6882 	EXP 	show_condition_text: text = 'bubble'
10.6882 	EXP 	show_condition_text: autoDraw = True
10.6886 	EXP 	New trial (rep=0, index=1): OrderedDict([('word', 'self')])
10.7056 	EXP 	show_condition_text: autoDraw = False
10.7056 	EXP 	show_condition_text: text = 'self'
10.7056 	EXP 	show_condition_text: autoDraw = True
10.7063 	EXP 	New trial (rep=0, index=2): OrderedDict([('word', 'dick')])
10.7240 	EXP 	show_condition_text: autoDraw = False
10.7240 	EXP 	show_condition_text: text = 'dick'
10.7240 	EXP 	show_condition_text: autoDraw = True
10.7248 	EXP 	New trial (rep=0, index=3): OrderedDict([('word', 'wallet')])
10.7412 	EXP 	show_condition_text: autoDraw = False
10.7412 	EXP 	show_condition_text: text = 'wallet'
10.7412 	EXP 	show_condition_text: autoDraw = True
10.7417 	EXP 	New trial (rep=0, index=4): OrderedDict([('word', 'enquiry')])
10.7517 	DATA 	Keypress: space
10.7720 	EXP 	show_condition_text: autoDraw = False
10.7720 	EXP 	show_condition_text: text = 'enquiry'
10.7720 	EXP 	show_condition_text: autoDraw = True
10.7726 	EXP 	New trial (rep=0, index=5): OrderedDict([('word', 'directors')])
10.7888 	EXP 	show_condition_text: autoDraw = False
10.7888 	EXP 	show_condition_text: text = 'directors'
10.7888 	EXP 	show_condition_text: autoDraw = True
10.7893 	EXP 	New trial (rep=0, index=6): OrderedDict([('word', 'nottingham')])
10.8072 	EXP 	show_condition_text: autoDraw = False
10.8072 	EXP 	show_condition_text: text = 'nottingham'
10.8072 	EXP 	show_condition_text: autoDraw = True
10.8077 	EXP 	New trial (rep=0, index=7): OrderedDict([('word', 'secure')])
10.8241 	EXP 	show_condition_text: autoDraw = False
10.8241 	EXP 	show_condition_text: text = 'secure'
10.8241 	EXP 	show_condition_text: autoDraw = True
10.8246 	EXP 	New trial (rep=0, index=8): OrderedDict([('word', 'actual')])
10.8401 	EXP 	show_condition_text: autoDraw = False
10.8401 	EXP 	show_condition_text: text = 'actual'
10.8401 	EXP 	show_condition_text: autoDraw = True
10.8551 	EXP 	show_condition_text: autoDraw = False
10.8556 	EXP 	New trial (rep=0, index=5): OrderedDict([('wlist_index', 14)])
10.8586 	EXP 	Imported csvs/14.csv as conditions, 9 conditions, 1 params
10.8588 	EXP 	Created sequence: random, trialTypes=9, nReps=1, seed=None
10.8590 	EXP 	New trial (rep=0, index=0): OrderedDict([('word', 'bangladesh')])
10.8682 	DATA 	Keypress: space
10.8888 	EXP 	show_condition_text: text = 'bangladesh'
10.8888 	EXP 	show_condition_text: autoDraw = True
10.8893 	EXP 	New trial (rep=0, index=1): OrderedDict([('word', 'debt')])
10.9095 	EXP 	show_condition_text: autoDraw = False
10.9095 	EXP 	show_condition_text: text = 'debt'
10.9095 	EXP 	show_condition_text: autoDraw = True
10.9100 	EXP 	New trial (rep=0, index=2): OrderedDict([('word', 'hardly')])
10.9271 	EXP 	show_condition_text: autoDraw = False
10.9271 	EXP 	show_condition_text: text = 'hardly'
10.9271 	EXP 	show_condition_text: autoDraw = True
10.9275 	EXP 	New trial (rep=0, index=3): OrderedDict([('word', 'handles')])
10.9552 	EXP 	show_condition_text: autoDraw = False
10.9552 	EXP 	show_condition_text: text = 'handles'
10.9552 	EXP 	show_condition_text: autoDraw = True
10.9556 	EXP 	New trial (rep=0, index=4): OrderedDict([('word', 'breast')])
10.9723 	EXP 	show_condition_text: autoDraw = False
10.9723 	EXP 	show_condition_text: text = 'breast'
10.9723 	EXP 	show_condition_text: autoDraw = True
10.9728 	EXP 	New trial (rep=0, index=5): OrderedDict([('word', 'ranch')])
10.9891 	EXP 	show_condition_text: autoDraw = False
10.9891 	EXP 	show_condition_text: text = 'ranch'
10.9891 	EXP 	show_condition_text: autoDraw = True
10.9897 	EXP 	New trial (rep=0, index=6): OrderedDict([('word', 'rights')])
11.0087 	EXP 	show_condition_text: autoDraw = False
11.0087 	EXP 	show_condition_text: text = 'rights'
11.0087 	EXP 	show_condition_text: autoDraw = True
11.0093 	EXP 	New trial (rep=0, index=7): OrderedDict([('word', 'surround')])
11.0170 	DATA 	Keypress: space
11.0382 	EXP 	show_condition_text: autoDraw = False
11.0382 	EXP 	show_condition_text: text = 'surround'
11.0382 	EXP 	show_condition_text: autoDraw = True
11.0388 	EXP 	New trial (rep=0, index=8): OrderedDict([('word', 'ho')])
11.0556 	EXP 	show_condition_text: autoDraw = False
11.0556 	EXP 	show_condition_text: text = 'ho'
11.0556 	EXP 	show_condition_text: autoDraw = True
11.0724 	EXP 	show_condition_text: autoDraw = False
11.0731 	EXP 	New trial (rep=0, index=6): OrderedDict([('wlist_index', 4)])
11.0772 	EXP 	Imported csvs/4.csv as conditions, 11 conditions, 1 params
11.0776 	EXP 	Created sequence: random, trialTypes=11, nReps=1, seed=None
11.0777 	EXP 	New trial (rep=0, index=0): OrderedDict([('word', 'merit')])
11.1056 	EXP 	show_condition_text: text = 'merit'
11.1056 	EXP 	show_condition_text: autoDraw = True
11.1061 	EXP 	New trial (rep=0, index=1): OrderedDict([('word', 'knows')])
11.1228 	EXP 	show_condition_text: autoDraw = False
11.1228 	EXP 	show_condition_text: text = 'knows'
11.1228 	EXP 	show_condition_text: autoDraw = True
11.1233 	EXP 	New trial (rep=0, index=2): OrderedDict([('word', 'groups')])
11.1325 	DATA 	Keypress: space
11.1552 	EXP 	show_condition_text: autoDraw = False
11.1552 	EXP 	show_condition_text: text = 'groups'
11.1552 	EXP 	show_condition_text: autoDraw = True
11.1558 	EXP 	New trial (rep=0, index=3): OrderedDict([('word', 'interim')])
11.1720 	EXP 	show_condition_text: autoDraw = False
11.1720 	EXP 	show_condition_text: text = 'interim'
11.1720 	EXP 	show_condition_text: autoDraw = True
11.1725 	EXP 	New trial (rep=0, index=4): OrderedDict([('word', 'always')])
11.1887 	EXP 	show_condition_text: autoDraw = False
11.1887 	EXP 	show_condition_text: text = 'always'
11.1887 	EXP 	show_condition_text: autoDraw = True
11.1892 	EXP 	New trial (rep=0, index=5): OrderedDict([('word', 'southampton')])
11.2077 	EXP 	show_condition_text: autoDraw = False
11.2077 	EXP 	show_condition_text: text = 'southampton'
11.2077 	EXP 	show_condition_text: autoDraw = True
11.2082 	EXP 	New trial (rep=0, index=6): OrderedDict([('word', 'technology')])
11.2259 	EXP 	show_condition_text: autoDraw = False
11.2259 	EXP 	show_condition_text: text = 'technology'
11.2259 	EXP 	show_condition_text: autoDraw = True
11.2263 	EXP 	New trial (rep=0, index=7): OrderedDict([('word', 'famous')])
11.2422 	EXP 	show_condition_text: autoDraw = False
11.2422 	EXP 	show_condition_text: text = 'famous'
11.2422 	EXP 	show_condition_text: autoDraw = True
11.2427 	EXP 	New trial (rep=0, index=8): OrderedDict([('word', 'aka')])
11.2720 	EXP 	show_condition_text: autoDraw = False
11.2720 	EXP 	show_condition_text: text = 'aka'
11.2720 	EXP 	show_condition_text: autoDraw = True
11.2724 	EXP 	New trial (rep=0, index=9): OrderedDict([('word', 'phantom')])
11.2808 	DATA 	Keypress: space
11.2920 	EXP 	show_condition_text: autoDraw = False
11.2920 	EXP 	show_condition_text: text = 'phantom'
11.2920 	EXP 	show_condition_text: autoDraw = True
11.2924 	EXP 	New trial (rep=0, index=10): OrderedDict([('word', 'diy')])
11.3085 	EXP 	show_condition_text: autoDraw = False
11.3085 	EXP 	show_condition_text: text = 'diy'
11.3085 	EXP 	show_condition_text: autoDraw = True
11.3212 	EXP 	show_condition_text: autoDraw = False
11.3217 	EXP 	New trial (rep=0, index=7): OrderedDict([('wlist_index', 24)])
11.3254 	EXP 	Imported csvs/24.csv as conditions, 8 conditions, 1 params
11.3257 	EXP 	Created sequence: random, trialTypes=8, nReps=1, seed=None
11.3259 	EXP 	New trial (rep=0, index=0): OrderedDict([('word', 'technologies')])
11.3547 	EXP 	show_condition_text: text = 'technologies'
11.3547 	EXP 	show_condition_text: autoDraw = True
11.3551 	EXP 	New trial (rep=0, index=1): OrderedDict([('word', 'listening')])
11.3716 	EXP 	show_condition_text: autoDraw = False
11.3716 	EXP 	show_condition_text: text = 'listening'
11.3716 	EXP 	show_condition_text: autoDraw = True
11.3720 	EXP 	New trial (rep=0, index=2): OrderedDict([('word', 'general')])
11.3883 	EXP 	show_condition_text: autoDraw = False
11.3883 	EXP 	show_condition_text: text = 'general'
11.3883 	EXP 	show_condition_text: autoDraw = True
11.3890 	EXP 	New trial (rep=0, index=3): OrderedDict([('word', 'everyone')])
11.4091 	EXP 	show_condition_text: autoDraw = False
11.4091 	EXP 	show_condition_text: text = 'everyone'
11.4091 	EXP 	show_condition_text: autoDraw = True
11.4096 	EXP 	New trial (rep=0, index=4): OrderedDict([('word', 'albany')])
11.4382 	EXP 	show_condition_text: autoDraw = False
11.4382 	EXP 	show_condition_text: text = 'albany'
11.4382 	EXP 	show_condition_text: autoDraw = True
11.4386 	EXP 	New trial (rep=0, index=5): OrderedDict([('word', 'bit')])
11.4551 	EXP 	show_condition_text: autoDraw = False
11.4551 	EXP 	show_condition_text: text = 'bit'
11.4551 	EXP 	show_condition_text: autoDraw = True
11.4556 	EXP 	New trial (rep=0, index=6): OrderedDict([('word', 'cabinets')])
11.4719 	EXP 	show_condition_text: autoDraw = False
11.4719 	EXP 	show_condition_text: text = 'cabinets'
11.4719 	EXP 	show_condition_text: autoDraw = True
11.4723 	EXP 	New trial (rep=0, index=7): OrderedDict([('word', 'grab')])
11.4886 	EXP 	show_condition_text: autoDraw = False
11.4886 	EXP 	show_condition_text: text = 'grab'
11.4886 	EXP 	show_condition_text: autoDraw = True
11.5051 	EXP 	show_condition_text: autoDraw = False
11.5055 	EXP 	New trial (rep=0, index=1): OrderedDict([('condition', 1)])
11.5088 	EXP 	Imported csvs/condition_1_wlists_indices.csv as conditions, 8 conditions, 1 params
11.5091 	EXP 	Created sequence: random, trialTypes=8, nReps=1, seed=None
11.5093 	EXP 	New trial (rep=0, index=0): OrderedDict([('wlist_index', 27)])
11.5117 	EXP 	Imported csvs/27.csv as conditions, 8 conditions, 1 params
11.5120 	EXP 	Created sequence: random, trialTypes=8, nReps=1, seed=None
11.5121 	EXP 	New trial (rep=0, index=0): OrderedDict([('word', 'say')])
11.5384 	EXP 	show_condition_text: text = 'say'
11.5384 	EXP 	show_condition_text: autoDraw = True
11.5389 	EXP 	New trial (rep=0, index=1): OrderedDict([('word', 'douglas')])
11.5448 	DATA 	Keypress: space
11.5559 	EXP 	show_condition_text: autoDraw = False
11.5559 	EXP 	show_condition_text: text = 'douglas'
11.5559 	EXP 	show_condition_text: autoDraw = True
11.5564 	EXP 	New trial (rep=0, index=2): OrderedDict([('word', 'him')])
11.5727 	EXP 	show_condition_text: autoDraw = False
11.5727 	EXP 	show_condition_text: text = 'him'
11.5727 	EXP 	show_condition_text: autoDraw = True
11.5731 	EXP 	New trial (rep=0, index=3): OrderedDict([('word', 'ski')])
11.5907 	EXP 	show_condition_text: autoDraw = False
11.5907 	EXP 	show_condition_text: text = 'ski'
11.5907 	EXP 	show_condition_text: autoDraw = True
11.5913 	EXP 	New trial (rep=0, index=4): OrderedDict([('word', 'buyers')])
11.6218 	EXP 	show_condition_text: autoDraw = False
11.6218 	EXP 	show_condition_text: text = 'buyers'
11.6218 	EXP 	show_condition_text: autoDraw = True
11.6225 	EXP 	New trial (rep=0, index=5): OrderedDict([('word', 'unable')])
11.6390 	EXP 	show_condition_text: autoDraw = False
11.6390 	EXP 	show_condition_text: text = 'unable'
11.6390 	EXP 	show_condition_text: autoDraw = True
11.6396 	EXP 	New trial (rep=0, index=6): OrderedDict([('word', 'safari')])
11.6548 	EXP 	show_condition_text: autoDraw = False
11.6548 	EXP 	show_condition_text: text = 'safari'
11.6548 	EXP 	show_condition_text: autoDraw = True
11.6553 	EXP 	New trial (rep=0, index=7): OrderedDict([('word', 'oral')])
11.6736 	EXP 	show_condition_text: autoDraw = False
11.6736 	EXP 	show_condition_text: text = 'oral'
11.6736 	EXP 	show_condition_text: autoDraw = True
11.6762 	DATA 	Keypress: space
11.6884 	EXP 	show_condition_text: autoDraw = False
11.6889 	EXP 	New trial (rep=0, index=1): OrderedDict([('wlist_index', 13)])
11.6920 	EXP 	Imported csvs/13.csv as conditions, 7 conditions, 1 params
11.6923 	EXP 	Created sequence: random, trialTypes=7, nReps=1, seed=None
11.6925 	EXP 	New trial (rep=0, index=0): OrderedDict([('word', 'complications')])
11.7217 	EXP 	show_condition_text: text = 'complications'
11.7217 	EXP 	show_condition_text: autoDraw = True
11.7222 	EXP 	New trial (rep=0, index=1): OrderedDict([('word', 'township')])
11.7407 	EXP 	show_condition_text: autoDraw = False
11.7407 	EXP 	show_condition_text: text = 'township'
11.7407 	EXP 	show_condition_text: autoDraw = True
11.7415 	EXP 	New trial (rep=0, index=2): OrderedDict([('word', 'guild')])
11.7579 	EXP 	show_condition_text: autoDraw = False
11.7579 	EXP 	show_condition_text: text = 'guild'
11.7579 	EXP 	show_condition_text: autoDraw = True
11.7583 	EXP 	New trial (rep=0, index=3): OrderedDict([('word', 'deaths')])
11.7756 	EXP 	show_condition_text: autoDraw = False
11.7756 	EXP 	show_condition_text: text = 'deaths'
11.7756 	EXP 	show_condition_text: autoDraw = True
11.7760 	EXP 	New trial (rep=0, index=4): OrderedDict([('word', 'measures')])
11.7924 	EXP 	show_condition_text: autoDraw = False
11.7924 	EXP 	show_condition_text: text = 'measures'
11.7924 	EXP 	show_condition_text: autoDraw = True
11.7930 	EXP 	New trial (rep=0, index=5): OrderedDict([('word', 'poems')])
11.7992 	DATA 	Keypress: space
11.8222 	EXP 	show_condition_text: autoDraw = False
11.8222 	EXP 	show_condition_text: text = 'poems'
11.8222 	EXP 	show_condition_text: autoDraw = True
11.8228 	EXP 	New trial (rep=0, index=6): OrderedDict([('word', 'scanned')])
11.8387 	EXP 	show_condition_text: autoDraw = False
11.8387 	EXP 	show_condition_text: text = 'scanned'
11.8387 	EXP 	show_condition_text: autoDraw = True
11.8550 	EXP 	show_condition_text: autoDraw = False
11.8555 	EXP 	New trial (rep=0, index=2): OrderedDict([('wlist_index', 17)])
11.8587 	EXP 	Imported csvs/17.csv as conditions, 10 conditions, 1 params
11.8590 	EXP 	Created sequence: random, trialTypes=10, nReps=1, seed=None
11.8593 	EXP 	New trial (rep=0, index=0): OrderedDict([('word', 'adaptor')])
11.8881 	EXP 	show_condition_text: text = 'adaptor'
11.8881 	EXP 	show_condition_text: autoDraw = True
11.8886 	EXP 	New trial (rep=0, index=1): OrderedDict([('word', 'potatoes')])
11.9054 	EXP 	show_condition_text: autoDraw = False
11.9054 	EXP 	show_condition_text: text = 'potatoes'
11.9054 	EXP 	show_condition_text: autoDraw = True
11.9060 	EXP 	New trial (rep=0, index=2): OrderedDict([('word', 'map')])
11.9223 	EXP 	show_condition_text: autoDraw = False
11.9223 	EXP 	show_condition_text: text = 'map'
11.9223 	EXP 	show_condition_text: autoDraw = True
11.9227 	EXP 	New trial (rep=0, index=3): OrderedDict([('word', 'accept')])
11.9299 	DATA 	Keypress: space
11.9414 	EXP 	show_condition_text: autoDraw = False
11.9414 	EXP 	show_condition_text: text = 'accept'
11.9414 	EXP 	show_condition_text: autoDraw = True
11.9418 	EXP 	New trial (rep=0, index=4): OrderedDict([('word', 'charging')])
11.9598 	EXP 	show_condition_text: autoDraw = False
11.9598 	EXP 	show_condition_text: text = 'charging'
11.9598 	EXP 	show_condition_text: autoDraw = True
11.9602 	EXP 	New trial (rep=0, index=5): OrderedDict([('word', 'talent')])
11.9752 	EXP 	show_condition_text: autoDraw = False
11.9752 	EXP 	show_condition_text: text = 'talent'
11.9752 	EXP 	show_condition_text: autoDraw = True
11.9756 	EXP 	New trial (rep=0, index=6): OrderedDict([('word', 'places')])
11.9915 	EXP 	show_condition_text: autoDraw = False
11.9915 	EXP 	show_condition_text: text = 'places'
11.9915 	EXP 	show_condition_text: autoDraw = True
11.9919 	EXP 	New trial (rep=0, index=7): OrderedDict([('word', 'penetration')])
12.0083 	EXP 	show_condition_text: autoDraw = False
12.0083 	EXP 	show_condition_text: text = 'penetration'
12.0083 	EXP 	show_condition_text: autoDraw = True
12.0087 	EXP 	New trial (rep=0, index=8): OrderedDict([('word', 'sally')])
12.0237 	EXP 	show_condition_text: autoDraw = False
12.0237 	EXP 	show_condition_text: text = 'sally'
12.0237 	EXP 	show_condition_text: autoDraw = True
12.0244 	EXP 	New trial (rep=0, index=9): OrderedDict([('word', 'scott')])
12.0406 	EXP 	show_condition_text: autoDraw = False
12.0406 	EXP 	show_condition_text: text = 'scott'
12.0406 	EXP 	show_condition_text: autoDraw = True
12.0544 	EXP 	show_condition_text: autoDraw = False
12.0548 	EXP 	New trial (rep=0, index=3): OrderedDict([('wlist_index', 31)])
12.0579 	EXP 	Imported csvs/31.csv as conditions, 8 conditions, 1 params
12.0582 	EXP 	Created sequence: random, trialTypes=8, nReps=1, seed=None
12.0584 	EXP 	New trial (rep=0, index=0): OrderedDict([('word', 'usd')])
12.0639 	DATA 	Keypress: space
12.0745 	EXP 	show_condition_text: text = 'usd'
12.0745 	EXP 	show_condition_text: autoDraw = True
12.0750 	EXP 	New trial (rep=0, index=1): OrderedDict([('word', 'phenomenon')])
12.0916 	EXP 	show_condition_text: autoDraw = False
12.0916 	EXP 	show_condition_text: text = 'phenomenon'
12.0916 	EXP 	show_condition_text: autoDraw = True
12.0922 	EXP 	New trial (rep=0, index=2): OrderedDict([('word', 'act')])
12.1087 	EXP 	show_condition_text: autoDraw = False
12.1087 	EXP 	show_condition_text: text = 'act'
12.1087 	EXP 	show_condition_text: autoDraw = True
12.1092 	EXP 	New trial (rep=0, index=3): OrderedDict([('word', 'humanitarian')])
12.1258 	EXP 	show_condition_text: autoDraw = False
12.1258 	EXP 	show_condition_text: text = 'humanitarian'
12.1258 	EXP 	show_condition_text: autoDraw = True
12.1264 	EXP 	New trial (rep=0, index=4): OrderedDict([('word', 'gi')])
12.1406 	EXP 	show_condition_text: autoDraw = False
12.1406 	EXP 	show_condition_text: text = 'gi'
12.1406 	EXP 	show_condition_text: autoDraw = True
12.1410 	EXP 	New trial (rep=0, index=5): OrderedDict([('word', 'watson')])
12.1541 	EXP 	show_condition_text: autoDraw = False
12.1541 	EXP 	show_condition_text: text = 'watson'
12.1541 	EXP 	show_condition_text: autoDraw = True
12.1545 	EXP 	New trial (rep=0, index=6): OrderedDict([('word', 'reverse')])
12.1708 	EXP 	show_condition_text: autoDraw = False
12.1708 	EXP 	show_condition_text: text = 'reverse'
12.1708 	EXP 	show_condition_text: autoDraw = True
12.1713 	EXP 	New trial (rep=0, index=7): OrderedDict([('word', 'incest')])
12.1874 	EXP 	show_condition_text: autoDraw = False
12.1874 	EXP 	show_condition_text: text = 'incest'
12.1874 	EXP 	show_condition_text: autoDraw = True
12.1905 	DATA 	Keypress: space
12.2048 	EXP 	show_condition_text: autoDraw = False
12.2054 	EXP 	New trial (rep=0, index=4): OrderedDict([('wlist_index', 12)])
12.2085 	EXP 	Imported csvs/12.csv as conditions, 7 conditions, 1 params
12.2088 	EXP 	Created sequence: random, trialTypes=7, nReps=1, seed=None
12.2090 	EXP 	New trial (rep=0, index=0): OrderedDict([('word', 'bangkok')])
12.2377 	EXP 	show_condition_text: text = 'bangkok'
12.2377 	EXP 	show_condition_text: autoDraw = True
12.2382 	EXP 	New trial (rep=0, index=1): OrderedDict([('word', 'rapid')])
12.2547 	EXP 	show_condition_text: autoDraw = False
12.2547 	EXP 	show_condition_text: text = 'rapid'
12.2547 	EXP 	show_condition_text: autoDraw = True
12.2552 	EXP 	New trial (rep=0, index=2): OrderedDict([('word', 'cradle')])
12.2714 	EXP 	show_condition_text: autoDraw = False
12.2714 	EXP 	show_condition_text: text = 'cradle'
12.2714 	EXP 	show_condition_text: autoDraw = True
12.2718 	EXP 	New trial (rep=0, index=3): OrderedDict([('word', 'latin')])
12.2880 	EXP 	show_condition_text: autoDraw = False
12.2880 	EXP 	show_condition_text: text = 'latin'
12.2880 	EXP 	show_condition_text: autoDraw = True
12.2885 	EXP 	New trial (rep=0, index=4): OrderedDict([('word', 'powered')])
12.3060 	EXP 	show_condition_text: autoDraw = False
12.3060 	EXP 	show_condition_text: text = 'powered'
12.3060 	EXP 	show_condition_text: autoDraw = True
12.3065 	EXP 	New trial (rep=0, index=5): OrderedDict([('word', 'shipments')])
12.3243 	EXP 	show_condition_text: autoDraw = False
12.3243 	EXP 	show_condition_text: text = 'shipments'
12.3243 	EXP 	show_condition_text: autoDraw = True
12.3249 	EXP 	New trial (rep=0, index=6): OrderedDict([('word', 'keyword')])
12.3333 	DATA 	Keypress: space
12.3542 	EXP 	show_condition_text: autoDraw = False
12.3542 	EXP 	show_condition_text: text = 'keyword'
12.3542 	EXP 	show_condition_text: autoDraw = True
12.3719 	EXP 	show_condition_text: autoDraw = False
12.3723 	EXP 	New trial (rep=0, index=5): OrderedDict([('wlist_index', 9)])
12.3760 	EXP 	Imported csvs/9.csv as conditions, 6 conditions, 1 params
12.3763 	EXP 	Created sequence: random, trialTypes=6, nReps=1, seed=None
12.3765 	EXP 	New trial (rep=0, index=0): OrderedDict([('word', 'plane')])
12.4052 	EXP 	show_condition_text: text = 'plane'
12.4052 	EXP 	show_condition_text: autoDraw = True
12.4057 	EXP 	New trial (rep=0, index=1): OrderedDict([('word', 'sing')])
12.4219 	EXP 	show_condition_text: autoDraw = False
12.4219 	EXP 	show_condition_text: text = 'sing'
12.4219 	EXP 	show_condition_text: autoDraw = True
12.4226 	EXP 	New trial (rep=0, index=2): OrderedDict([('word', 'continuing')])
12.4391 	EXP 	show_condition_text: autoDraw = False
12.4391 	EXP 	show_condition_text: text = 'continuing'
12.4391 	EXP 	show_condition_text: autoDraw = True
12.4396 	EXP 	New trial (rep=0, index=3): OrderedDict([('word', 'titled')])
12.4556 	EXP 	show_condition_text: autoDraw = False
12.4556 	EXP 	show_condition_text: text = 'titled'
12.4556 	EXP 	show_condition_text: autoDraw = True
12.4560 	EXP 	New trial (rep=0, index=4): OrderedDict([('word', 'stuck')])
12.4727 	EXP 	show_condition_text: autoDraw = False
12.4727 	EXP 	show_condition_text: text = 'stuck'
12.4727 	EXP 	show_condition_text: autoDraw = True
12.4731 	EXP 	New trial (rep=0, index=5): OrderedDict([('word', 'bitch')])
12.4800 	DATA 	Keypress: space
12.4919 	EXP 	show_condition_text: autoDraw = False
12.4919 	EXP 	show_condition_text: text = 'bitch'
12.4919 	EXP 	show_condition_text: autoDraw = True
12.5050 	EXP 	show_condition_text: autoDraw = False
12.5056 	EXP 	New trial (rep=0, index=6): OrderedDict([('wlist_index', 2)])
12.5088 	EXP 	Imported csvs/2.csv as conditions, 8 conditions, 1 params
12.5091 	EXP 	Created sequence: random, trialTypes=8, nReps=1, seed=None
12.5093 	EXP 	New trial (rep=0, index=0): OrderedDict([('word', 'protected')])
12.5385 	EXP 	show_condition_text: text = 'protected'
12.5385 	EXP 	show_condition_text: autoDraw = True
12.5391 	EXP 	New trial (rep=0, index=1): OrderedDict([('word', 'noble')])
12.5563 	EXP 	show_condition_text: autoDraw = False
12.5563 	EXP 	show_condition_text: text = 'noble'
12.5563 	EXP 	show_condition_text: autoDraw = True
12.5568 	EXP 	New trial (rep=0, index=2): OrderedDict([('word', 'look')])
12.5724 	EXP 	show_condition_text: autoDraw = False
12.5724 	EXP 	show_condition_text: text = 'look'
12.5724 	EXP 	show_condition_text: autoDraw = True
12.5729 	EXP 	New trial (rep=0, index=3): OrderedDict([('word', 'xl')])
12.5882 	EXP 	show_condition_text: autoDraw = False
12.5882 	EXP 	show_condition_text: text = 'xl'
12.5882 	EXP 	show_condition_text: autoDraw = True
12.5889 	EXP 	New trial (rep=0, index=4): OrderedDict([('word', 'milfhunter')])
12.5978 	DATA 	Keypress: space
12.6222 	EXP 	show_condition_text: autoDraw = False
12.6222 	EXP 	show_condition_text: text = 'milfhunter'
12.6222 	EXP 	show_condition_text: autoDraw = True
12.6228 	EXP 	New trial (rep=0, index=5): OrderedDict([('word', 'assessed')])
12.6384 	EXP 	show_condition_text: autoDraw = False
12.6384 	EXP 	show_condition_text: text = 'assessed'
12.6384 	EXP 	show_condition_text: autoDraw = True
12.6389 	EXP 	New trial (rep=0, index=6): OrderedDict([('word', 'representation')])
12.6562 	EXP 	show_condition_text: autoDraw = False
12.6562 	EXP 	show_condition_text: text = 'representation'
12.6562 	EXP 	show_condition_text: autoDraw = True
12.6566 	EXP 	New trial (rep=0, index=7): OrderedDict([('word', 'guide')])
12.6721 	EXP 	show_condition_text: autoDraw = False
12.6721 	EXP 	show_condition_text: text = 'guide'
12.6721 	EXP 	show_condition_text: autoDraw = True
12.6888 	EXP 	show_condition_text: autoDraw = False
12.6893 	EXP 	New trial (rep=0, index=7): OrderedDict([('wlist_index', 3)])
12.6933 	EXP 	Imported csvs/3.csv as conditions, 9 conditions, 1 params
12.6938 	EXP 	Created sequence: random, trialTypes=9, nReps=1, seed=None
12.6940 	EXP 	New trial (rep=0, index=0): OrderedDict([('word', 'considers')])
12.7224 	EXP 	show_condition_text: text = 'considers'
12.7224 	EXP 	show_condition_text: autoDraw = True
12.7228 	EXP 	New trial (rep=0, index=1): OrderedDict([('word', 'silent')])
12.7388 	EXP 	show_condition_text: autoDraw = False
12.7388 	EXP 	show_condition_text: text = 'silent'
12.7388 	EXP 	show_condition_text: autoDraw = True
12.7393 	EXP 	New trial (rep=0, index=2): OrderedDict([('word', 'custom')])
12.7455 	DATA 	Keypress: space
12.7572 	EXP 	show_condition_text: autoDraw = False
12.7572 	EXP 	show_condition_text: text = 'custom'
12.7572 	EXP 	show_condition_text: autoDraw = True
12.7576 	EXP 	New trial (rep=0, index=3): OrderedDict([('word', 'knowledgestorm')])
12.7748 	EXP 	show_condition_text: autoDraw = False
12.7748 	EXP 	show_condition_text: text = 'knowledgestorm'
12.7748 	EXP 	show_condition_text: autoDraw = True
12.7752 	EXP 	New trial (rep=0, index=4): OrderedDict([('word', 'vat')])
12.7887 	EXP 	show_condition_text: autoDraw = False
12.7887 	EXP 	show_condition_text: text = 'vat'
12.7887 	EXP 	show_condition_text: autoDraw = True
12.7891 	EXP 	New trial (rep=0, index=5): OrderedDict([('word', 'wow')])
12.8041 	EXP 	show_condition_text: autoDraw = False
12.8041 	EXP 	show_condition_text: text = 'wow'
12.8041 	EXP 	show_condition_text: autoDraw = True
12.8046 	EXP 	New trial (rep=0, index=6): OrderedDict([('word', 'intervention')])
12.8207 	EXP 	show_condition_text: autoDraw = False
12.8207 	EXP 	show_condition_text: text = 'intervention'
12.8207 	EXP 	show_condition_text: autoDraw = True
12.8211 	EXP 	New trial (rep=0, index=7): OrderedDict([('word', 'www')])
12.8375 	EXP 	show_condition_text: autoDraw = False
12.8375 	EXP 	show_condition_text: text = 'www'
12.8375 	EXP 	show_condition_text: autoDraw = True
12.8379 	EXP 	New trial (rep=0, index=8): OrderedDict([('word', 'smaller')])
12.8549 	EXP 	show_condition_text: autoDraw = False
12.8549 	EXP 	show_condition_text: text = 'smaller'
12.8549 	EXP 	show_condition_text: autoDraw = True
12.8710 	EXP 	show_condition_text: autoDraw = False
12.8714 	EXP 	New trial (rep=0, index=2): OrderedDict([('condition', 3)])
12.8741 	EXP 	Imported csvs/condition_3_wlists_indices.csv as conditions, 8 conditions, 1 params
12.8744 	EXP 	Created sequence: random, trialTypes=8, nReps=1, seed=None
12.8746 	EXP 	New trial (rep=0, index=0): OrderedDict([('wlist_index', 11)])
12.8773 	EXP 	Imported csvs/11.csv as conditions, 11 conditions, 1 params
12.8775 	EXP 	Created sequence: random, trialTypes=11, nReps=1, seed=None
12.8777 	EXP 	New trial (rep=0, index=0): OrderedDict([('word', 'satisfactory')])
12.9052 	EXP 	show_condition_text: text = 'satisfactory'
12.9052 	EXP 	show_condition_text: autoDraw = True
12.9056 	EXP 	New trial (rep=0, index=1): OrderedDict([('word', 'trigger')])
12.9113 	DATA 	Keypress: space
12.9219 	EXP 	show_condition_text: autoDraw = False
12.9219 	EXP 	show_condition_text: text = 'trigger'
12.9219 	EXP 	show_condition_text: autoDraw = True
12.9223 	EXP 	New trial (rep=0, index=2): OrderedDict([('word', 'sad')])
12.9380 	EXP 	show_condition_text: autoDraw = False
12.9380 	EXP 	show_condition_text: text = 'sad'
12.9380 	EXP 	show_condition_text: autoDraw = True
12.9388 	EXP 	New trial (rep=0, index=3): OrderedDict([('word', 'transparent')])
12.9554 	EXP 	show_condition_text: autoDraw = False
12.9554 	EXP 	show_condition_text: text = 'transparent'
12.9554 	EXP 	show_condition_text: autoDraw = True
12.9558 	EXP 	New trial (rep=0, index=4): OrderedDict([('word', 'boom')])
12.9718 	EXP 	show_condition_text: autoDraw = False
12.9718 	EXP 	show_condition_text: text = 'boom'
12.9718 	EXP 	show_condition_text: autoDraw = True
12.9722 	EXP 	New trial (rep=0, index=5): OrderedDict([('word', 'resorts')])
12.9883 	EXP 	show_condition_text: autoDraw = False
12.9883 	EXP 	show_condition_text: text = 'resorts'
12.9883 	EXP 	show_condition_text: autoDraw = True
12.9887 	EXP 	New trial (rep=0, index=6): OrderedDict([('word', 'throwing')])
13.0051 	EXP 	show_condition_text: autoDraw = False
13.0051 	EXP 	show_condition_text: text = 'throwing'
13.0051 	EXP 	show_condition_text: autoDraw = True
13.0055 	EXP 	New trial (rep=0, index=7): OrderedDict([('word', 'gender')])
13.0215 	EXP 	show_condition_text: autoDraw = False
13.0215 	EXP 	show_condition_text: text = 'gender'
13.0215 	EXP 	show_condition_text: autoDraw = True
13.0220 	EXP 	New trial (rep=0, index=8): OrderedDict([('word', 'remarkable')])
13.0307 	DATA 	Keypress: space
13.0421 	EXP 	show_condition_text: autoDraw = False
13.0421 	EXP 	show_condition_text: text = 'remarkable'
13.0421 	EXP 	show_condition_text: autoDraw = True
13.0425 	EXP 	New trial (rep=0, index=9): OrderedDict([('word', 'security')])
13.0586 	EXP 	show_condition_text: autoDraw = False
13.0586 	EXP 	show_condition_text: text = 'security'
13.0586 	EXP 	show_condition_text: autoDraw = True
13.0590 	EXP 	New trial (rep=0, index=10): OrderedDict([('word', 'events')])
13.0744 	EXP 	show_condition_text: autoDraw = False
13.0744 	EXP 	show_condition_text: text = 'events'
13.0744 	EXP 	show_condition_text: autoDraw = True
13.0878 	EXP 	show_condition_text: autoDraw = False
13.0882 	EXP 	New trial (rep=0, index=1): OrderedDict([('wlist_index', 29)])
13.0921 	EXP 	Imported csvs/29.csv as conditions, 10 conditions, 1 params
13.0927 	EXP 	Created sequence: random, trialTypes=10, nReps=1, seed=None
13.0930 	EXP 	New trial (rep=0, index=0): OrderedDict([('word', 'patio')])
13.1223 	EXP 	show_condition_text: text = 'patio'
13.1223 	EXP 	show_condition_text: autoDraw = True
13.1227 	EXP 	New trial (rep=0, index=1): OrderedDict([('word', 'modifications')])
13.1386 	EXP 	show_condition_text: autoDraw = False
13.1386 	EXP 	show_condition_text: text = 'modifications'
13.1386 	EXP 	show_condition_text: autoDraw = True
13.1390 	EXP 	New trial (rep=0, index=2): OrderedDict([('word', 'ferrari')])
13.1556 	EXP 	show_condition_text: autoDraw = False
13.1556 	EXP 	show_condition_text: text = 'ferrari'
13.1556 	EXP 	show_condition_text: autoDraw = True
13.1561 	EXP 	New trial (rep=0, index=3): OrderedDict([('word', 'taxation')])
13.1720 	EXP 	show_condition_text: autoDraw = False
13.1720 	EXP 	show_condition_text: text = 'taxation'
13.1720 	EXP 	show_condition_text: autoDraw = True
13.1724 	EXP 	New trial (rep=0, index=4): OrderedDict([('word', 'plugin')])
13.1794 	DATA 	Keypress: space
13.1913 	EXP 	show_condition_text: autoDraw = False
13.1913 	EXP 	show_condition_text: text = 'plugin'
13.1913 	EXP 	show_condition_text: autoDraw = True
13.1918 	EXP 	New trial (rep=0, index=5): OrderedDict([('word', 'listed')])
13.2087 	EXP 	show_condition_text: autoDraw = False
13.2087 	EXP 	show_condition_text: text = 'listed'
13.2087 	EXP 	show_condition_text: autoDraw = True
13.2092 	EXP 	New trial (rep=0, index=6): OrderedDict([('word', 'docs')])
13.2244 	EXP 	show_condition_text: autoDraw = False
13.2244 	EXP 	show_condition_text: text = 'docs'
13.2244 	EXP 	show_condition_text: autoDraw = True
13.2248 	EXP 	New trial (rep=0, index=7): OrderedDict([('word', 'if')])
13.2390 	EXP 	show_condition_text: autoDraw = False
13.2390 	EXP 	show_condition_text: text = 'if'
13.2390 	EXP 	show_condition_text: autoDraw = True
13.2394 	EXP 	New trial (rep=0, index=8): OrderedDict([('word', 'brass')])
13.2552 	EXP 	show_condition_text: autoDraw = False
13.2552 	EXP 	show_condition_text: text = 'brass'
13.2552 	EXP 	show_condition_text: autoDraw = True
13.2556 	EXP 	New trial (rep=0, index=9): OrderedDict([('word', 'sand')])
13.2713 	EXP 	show_condition_text: autoDraw = False
13.2713 	EXP 	show_condition_text: text = 'sand'
13.2713 	EXP 	show_condition_text: autoDraw = True
13.2877 	EXP 	show_condition_text: autoDraw = False
13.2881 	EXP 	New trial (rep=0, index=2): OrderedDict([('wlist_index', 22)])
13.2922 	EXP 	Imported csvs/22.csv as conditions, 10 conditions, 1 params
13.2934 	EXP 	Created sequence: random, trialTypes=10, nReps=1, seed=None
13.2936 	EXP 	New trial (rep=0, index=0): OrderedDict([('word', 'secret')])
13.3208 	EXP 	show_condition_text: text = 'secret'
13.3208 	EXP 	show_condition_text: autoDraw = True
13.3212 	EXP 	New trial (rep=0, index=1): OrderedDict([('word', 'missions')])
13.3275 	DATA 	Keypress: space
13.3384 	EXP 	show_condition_text: autoDraw = False
13.3384 	EXP 	show_condition_text: text = 'missions'
13.3384 	EXP 	show_condition_text: autoDraw = True
13.3389 	EXP 	New trial (rep=0, index=2): OrderedDict([('word', 'es')])
13.3551 	EXP 	show_condition_text: autoDraw = False
13.3551 	EXP 	show_condition_text: text = 'es'
13.3551 	EXP 	show_condition_text: autoDraw = True
13.3558 	EXP 	New trial (rep=0, index=3): OrderedDict([('word', 'gotten')])
13.3717 	EXP 	show_condition_text: autoDraw = False
13.3717 	EXP 	show_condition_text: text = 'gotten'
13.3717 	EXP 	show_condition_text: autoDraw = True
13.3722 	EXP 	New trial (rep=0, index=4): OrderedDict([('word', 'marina')])
13.3882 	EXP 	show_condition_text: autoDraw = False
13.3882 	EXP 	show_condition_text: text = 'marina'
13.3882 	EXP 	show_condition_text: autoDraw = True
13.3887 	EXP 	New trial (rep=0, index=5): OrderedDict([('word', 'sophisticated')])
13.4047 	EXP 	show_condition_text: autoDraw = False
13.4047 	EXP 	show_condition_text: text = 'sophisticated'
13.4047 	EXP 	show_condition_text: autoDraw = True
13.4051 	EXP 	New trial (rep=0, index=6): OrderedDict([('word', 'rarely')])
13.4218 	EXP 	show_condition_text: autoDraw = False
13.4218 	EXP 	show_condition_text: text = 'rarely'
13.4218 	EXP 	show_condition_text: autoDraw = True
13.4223 	EXP 	New trial (rep=0, index=7): OrderedDict([('word', 'detective')])
13.4389 	EXP 	show_condition_text: autoDraw = False
13.4389 	EXP 	show_condition_text: text = 'detective'
13.4389 	EXP 	show_condition_text: autoDraw = True
13.4393 	EXP 	New trial (rep=0, index=8): OrderedDict([('word', 'away')])
13.4547 	EXP 	show_condition_text: autoDraw = False
13.4547 	EXP 	show_condition_text: text = 'away'
13.4547 	EXP 	show_condition_text: autoDraw = True
13.4551 	EXP 	New trial (rep=0, index=9): OrderedDict([('word', 'athletics')])
13.4721 	EXP 	show_condition_text: autoDraw = False
13.4721 	EXP 	show_condition_text: text = 'athletics'
13.4721 	EXP 	show_condition_text: autoDraw = True
13.4878 	EXP 	show_condition_text: autoDraw = False
13.4882 	EXP 	New trial (rep=0, index=3): OrderedDict([('wlist_index', 28)])
13.4913 	EXP 	Imported csvs/28.csv as conditions, 6 conditions, 1 params
13.4916 	EXP 	Created sequence: random, trialTypes=6, nReps=1, seed=None
13.4918 	EXP 	New trial (rep=0, index=0): OrderedDict([('word', 'make')])
13.4984 	DATA 	Keypress: space
13.5217 	EXP 	show_condition_text: text = 'make'
13.5217 	EXP 	show_condition_text: autoDraw = True
13.5221 	EXP 	New trial (rep=0, index=1): OrderedDict([('word', 'biography')])
13.5388 	EXP 	show_condition_text: autoDraw = False
13.5388 	EXP 	show_condition_text: text = 'biography'
13.5388 	EXP 	show_condition_text: autoDraw = True
13.5392 	EXP 	New trial (rep=0, index=2): OrderedDict([('word', 'regardless')])
13.5548 	EXP 	show_condition_text: autoDraw = False
13.5548 	EXP 	show_condition_text: text = 'regardless'
13.5548 	EXP 	show_condition_text: autoDraw = True
13.5552 	EXP 	New trial (rep=0, index=3): OrderedDict([('word', 'separately')])
13.5726 	EXP 	show_condition_text: autoDraw = False
13.5726 	EXP 	show_condition_text: text = 'separately'
13.5726 	EXP 	show_condition_text: autoDraw = True
13.5730 	EXP 	New trial (rep=0, index=4): OrderedDict([('word', 'anthropology')])
13.5911 	EXP 	show_condition_text: autoDraw = False
13.5911 	EXP 	show_condition_text: text = 'anthropology'
13.5911 	EXP 	show_condition_text: autoDraw = True
13.5917 	EXP 	New trial (rep=0, index=5): OrderedDict([('word', 'figure')])
13.6071 	EXP 	show_condition_text: autoDraw = False
13.6071 	EXP 	show_condition_text: text = 'figure'
13.6071 	EXP 	show_condition_text: autoDraw = True
13.6220 	EXP 	show_condition_text: autoDraw = False
13.6224 	EXP 	New trial (rep=0, index=4): OrderedDict([('wlist_index', 30)])
13.6255 	EXP 	Imported csvs/30.csv as conditions, 9 conditions, 1 params
13.6258 	EXP 	Created sequence: random, trialTypes=9, nReps=1, seed=None
13.6259 	EXP 	New trial (rep=0, index=0): OrderedDict([('word', 'charger')])
13.6341 	DATA 	Keypress: space
13.6545 	EXP 	show_condition_text: text = 'charger'
13.6545 	EXP 	show_condition_text: autoDraw = True
13.6550 	EXP 	New trial (rep=0, index=1): OrderedDict([('word', 'carry')])
13.6714 	EXP 	show_condition_text: autoDraw = False
13.6714 	EXP 	show_condition_text: text = 'carry'
13.6714 	EXP 	show_condition_text: autoDraw = True
13.6718 	EXP 	New trial (rep=0, index=2): OrderedDict([('word', 'joshua')])
13.6886 	EXP 	show_condition_text: autoDraw = False
13.6886 	EXP 	show_condition_text: text = 'joshua'
13.6886 	EXP 	show_condition_text: autoDraw = True
13.6891 	EXP 	New trial (rep=0, index=3): OrderedDict([('word', 'inter')])
13.7074 	EXP 	show_condition_text: autoDraw = False
13.7074 	EXP 	show_condition_text: text = 'inter'
13.7074 	EXP 	show_condition_text: autoDraw = True
13.7079 	EXP 	New trial (rep=0, index=4): OrderedDict([('word', 'sat')])
13.7222 	EXP 	show_condition_text: autoDraw = False
13.7222 	EXP 	show_condition_text: text = 'sat'
13.7222 	EXP 	show_condition_text: autoDraw = True
13.7227 	EXP 	New trial (rep=0, index=5): OrderedDict([('word', 'parts')])
13.7379 	EXP 	show_condition_text: autoDraw = False
13.7379 	EXP 	show_condition_text: text = 'parts'
13.7379 	EXP 	show_condition_text: autoDraw = True
13.7384 	EXP 	New trial (rep=0, index=6): OrderedDict([('word', 'acm')])
13.7552 	EXP 	show_condition_text: autoDraw = False
13.7552 	EXP 	show_condition_text: text = 'acm'
13.7552 	EXP 	show_condition_text: autoDraw = True
13.7559 	EXP 	New trial (rep=0, index=7): OrderedDict([('word', 'eos')])
13.7720 	EXP 	show_condition_text: autoDraw = False
13.7720 	EXP 	show_condition_text: text = 'eos'
13.7720 	EXP 	show_condition_text: autoDraw = True
13.7725 	EXP 	New trial (rep=0, index=8): OrderedDict([('word', 'engage')])
13.7795 	DATA 	Keypress: space
13.7909 	EXP 	show_condition_text: autoDraw = False
13.7909 	EXP 	show_condition_text: text = 'engage'
13.7909 	EXP 	show_condition_text: autoDraw = True
13.8043 	EXP 	show_condition_text: autoDraw = False
13.8047 	EXP 	New trial (rep=0, index=5): OrderedDict([('wlist_index', 32)])
13.8075 	EXP 	Imported csvs/32.csv as conditions, 5 conditions, 1 params
13.8078 	EXP 	Created sequence: random, trialTypes=5, nReps=1, seed=None
13.8080 	EXP 	New trial (rep=0, index=0): OrderedDict([('word', 'transport')])
13.8253 	EXP 	show_condition_text: text = 'transport'
13.8253 	EXP 	show_condition_text: autoDraw = True
13.8257 	EXP 	New trial (rep=0, index=1): OrderedDict([('word', 'jamaica')])
13.8418 	EXP 	show_condition_text: autoDraw = False
13.8418 	EXP 	show_condition_text: text = 'jamaica'
13.8418 	EXP 	show_condition_text: autoDraw = True
13.8422 	EXP 	New trial (rep=0, index=2): OrderedDict([('word', 'feedback')])
13.8595 	EXP 	show_condition_text: autoDraw = False
13.8595 	EXP 	show_condition_text: text = 'feedback'
13.8595 	EXP 	show_condition_text: autoDraw = True
13.8600 	EXP 	New trial (rep=0, index=3): OrderedDict([('word', 'ranks')])
13.8886 	EXP 	show_condition_text: autoDraw = False
13.8886 	EXP 	show_condition_text: text = 'ranks'
13.8886 	EXP 	show_condition_text: autoDraw = True
13.8891 	EXP 	New trial (rep=0, index=4): OrderedDict([('word', 'declared')])
13.9058 	EXP 	show_condition_text: autoDraw = False
13.9058 	EXP 	show_condition_text: text = 'declared'
13.9058 	EXP 	show_condition_text: autoDraw = True
13.9219 	EXP 	show_condition_text: autoDraw = False
13.9223 	EXP 	New trial (rep=0, index=6): OrderedDict([('wlist_index', 1)])
13.9316 	EXP 	Imported csvs/1.csv as conditions, 11 conditions, 1 params
13.9320 	EXP 	Created sequence: random, trialTypes=11, nReps=1, seed=None
13.9323 	EXP 	New trial (rep=0, index=0): OrderedDict([('word', 'optimal')])
13.9402 	DATA 	Keypress: space
13.9553 	EXP 	show_condition_text: text = 'optimal'
13.9553 	EXP 	show_condition_text: autoDraw = True
13.9557 	EXP 	New trial (rep=0, index=1): OrderedDict([('word', 'aspnet')])
13.9719 	EXP 	show_condition_text: autoDraw = False
13.9719 	EXP 	show_condition_text: text = 'aspnet'
13.9719 	EXP 	show_condition_text: autoDraw = True
13.9723 	EXP 	New trial (rep=0, index=2): OrderedDict([('word', 'lists')])
13.9881 	EXP 	show_condition_text: autoDraw = False
13.9881 	EXP 	show_condition_text: text = 'lists'
13.9881 	EXP 	show_condition_text: autoDraw = True
13.9886 	EXP 	New trial (rep=0, index=3): OrderedDict([('word', 'informative')])
14.0051 	EXP 	show_condition_text: autoDraw = False
14.0051 	EXP 	show_condition_text: text = 'informative'
14.0051 	EXP 	show_condition_text: autoDraw = True
14.0058 	EXP 	New trial (rep=0, index=4): OrderedDict([('word', 'jackie')])
14.0230 	EXP 	show_condition_text: autoDraw = False
14.0230 	EXP 	show_condition_text: text = 'jackie'
14.0230 	EXP 	show_condition_text: autoDraw = True
14.0234 	EXP 	New trial (rep=0, index=5): OrderedDict([('word', 'coins')])
14.0387 	EXP 	show_condition_text: autoDraw = False
14.0387 	EXP 	show_condition_text: text = 'coins'
14.0387 	EXP 	show_condition_text: autoDraw = True
14.0391 	EXP 	New trial (rep=0, index=6): OrderedDict([('word', 'owns')])
14.0551 	EXP 	show_condition_text: autoDraw = False
14.0551 	EXP 	show_condition_text: text = 'owns'
14.0551 	EXP 	show_condition_text: autoDraw = True
14.0556 	EXP 	New trial (rep=0, index=7): OrderedDict([('word', 'ion')])
14.0723 	EXP 	show_condition_text: autoDraw = False
14.0723 	EXP 	show_condition_text: text = 'ion'
14.0723 	EXP 	show_condition_text: autoDraw = True
14.0727 	EXP 	New trial (rep=0, index=8): OrderedDict([('word', 'page')])
14.0793 	DATA 	Keypress: space
14.0912 	EXP 	show_condition_text: autoDraw = False
14.0912 	EXP 	show_condition_text: text = 'page'
14.0912 	EXP 	show_condition_text: autoDraw = True
14.0916 	EXP 	New trial (rep=0, index=9): OrderedDict([('word', 'apartment')])
14.1092 	EXP 	show_condition_text: autoDraw = False
14.1092 	EXP 	show_condition_text: text = 'apartment'
14.1092 	EXP 	show_condition_text: autoDraw = True
14.1096 	EXP 	New trial (rep=0, index=10): OrderedDict([('word', 'dp')])
14.1257 	EXP 	show_condition_text: autoDraw = False
14.1257 	EXP 	show_condition_text: text = 'dp'
14.1257 	EXP 	show_condition_text: autoDraw = True
14.1389 	EXP 	show_condition_text: autoDraw = False
14.1392 	EXP 	New trial (rep=0, index=7): OrderedDict([('wlist_index', 15)])
14.1495 	EXP 	Imported csvs/15.csv as conditions, 8 conditions, 1 params
14.1499 	EXP 	Created sequence: random, trialTypes=8, nReps=1, seed=None
14.1501 	EXP 	New trial (rep=0, index=0): OrderedDict([('word', 'farmers')])
14.1711 	EXP 	show_condition_text: text = 'farmers'
14.1711 	EXP 	show_condition_text: autoDraw = True
14.1716 	EXP 	New trial (rep=0, index=1): OrderedDict([('word', 'seem')])
14.1874 	EXP 	show_condition_text: autoDraw = False
14.1874 	EXP 	show_condition_text: text = 'seem'
14.1874 	EXP 	show_condition_text: autoDraw = True
14.1878 	EXP 	New trial (rep=0, index=2): OrderedDict([('word', 'harrison')])
14.2054 	EXP 	show_condition_text: autoDraw = False
14.2054 	EXP 	show_condition_text: text = 'harrison'
14.2054 	EXP 	show_condition_text: autoDraw = True
14.2061 	EXP 	New trial (rep=0, index=3): OrderedDict([('word', 'burn')])
14.2220 	EXP 	show_condition_text: autoDraw = False
14.2220 	EXP 	show_condition_text: text = 'burn'
14.2220 	EXP 	show_condition_text: autoDraw = True
14.2225 	EXP 	New trial (rep=0, index=4): OrderedDict([('word', 'feels')])
14.2378 	EXP 	show_condition_text: autoDraw = False
14.2378 	EXP 	show_condition_text: text = 'feels'
14.2378 	EXP 	show_condition_text: autoDraw = True
14.2384 	EXP 	New trial (rep=0, index=5): OrderedDict([('word', 'traditions')])
14.2446 	DATA 	Keypress: space
14.2556 	EXP 	show_condition_text: autoDraw = False
14.2556 	EXP 	show_condition_text: text = 'traditions'
14.2556 	EXP 	show_condition_text: autoDraw = True
14.2561 	EXP 	New trial (rep=0, index=6): OrderedDict([('word', 'netherlands')])
14.2722 	EXP 	show_condition_text: autoDraw = False
14.2722 	EXP 	show_condition_text: text = 'netherlands'
14.2722 	EXP 	show_condition_text: autoDraw = True
14.2727 	EXP 	New trial (rep=0, index=7): OrderedDict([('word', 'irc')])
14.2884 	EXP 	show_condition_text: autoDraw = False
14.2884 	EXP 	show_condition_text: text = 'irc'
14.2884 	EXP 	show_condition_text: autoDraw = True
14.3045 	EXP 	show_condition_text: autoDraw = False
14.3049 	EXP 	New trial (rep=0, index=3): OrderedDict([('condition', 2)])
14.3146 	EXP 	Imported csvs/condition_2_wlists_indices.csv as conditions, 8 conditions, 1 params
14.3149 	EXP 	Created sequence: random, trialTypes=8, nReps=1, seed=None
14.3152 	EXP 	New trial (rep=0, index=0): OrderedDict([('wlist_index', 20)])
14.3291 	EXP 	Imported csvs/20.csv as conditions, 8 conditions, 1 params
14.3296 	EXP 	Created sequence: random, trialTypes=8, nReps=1, seed=None
14.3299 	EXP 	New trial (rep=0, index=0): OrderedDict([('word', 'acts')])
14.3554 	EXP 	show_condition_text: text = 'acts'
14.3554 	EXP 	show_condition_text: autoDraw = True
14.3561 	EXP 	New trial (rep=0, index=1): OrderedDict([('word', 'cumshots')])
14.3757 	EXP 	show_condition_text: autoDraw = False
14.3757 	EXP 	show_condition_text: text = 'cumshots'
14.3757 	EXP 	show_condition_text: autoDraw = True
14.3764 	EXP 	New trial (rep=0, index=2): OrderedDict([('word', 'waiver')])
14.4049 	EXP 	show_condition_text: autoDraw = False
14.4049 	EXP 	show_condition_text: text = 'waiver'
14.4049 	EXP 	show_condition_text: autoDraw = True
14.4053 	EXP 	New trial (rep=0, index=3): OrderedDict([('word', 'bacterial')])
14.4118 	DATA 	Keypress: space
14.4228 	EXP 	show_condition_text: autoDraw = False
14.4228 	EXP 	show_condition_text: text = 'bacterial'
14.4228 	EXP 	show_condition_text: autoDraw = True
14.4233 	EXP 	New trial (rep=0, index=4): OrderedDict([('word', 'requests')])
14.4409 	EXP 	show_condition_text: autoDraw = False
14.4409 	EXP 	show_condition_text: text = 'requests'
14.4409 	EXP 	show_condition_text: autoDraw = True
14.4414 	EXP 	New trial (rep=0, index=5): OrderedDict([('word', 'services')])
14.5053 	EXP 	show_condition_text: autoDraw = False
14.5053 	EXP 	show_condition_text: text = 'services'
14.5053 	EXP 	show_condition_text: autoDraw = True
14.5058 	EXP 	New trial (rep=0, index=6): OrderedDict([('word', 'territories')])
14.5226 	EXP 	show_condition_text: autoDraw = False
14.5226 	EXP 	show_condition_text: text = 'territories'
14.5226 	EXP 	show_condition_text: autoDraw = True
14.5231 	EXP 	New trial (rep=0, index=7): OrderedDict([('word', 'cooking')])
14.5405 	EXP 	show_condition_text: autoDraw = False
14.5405 	EXP 	show_condition_text: text = 'cooking'
14.5405 	EXP 	show_condition_text: autoDraw = True
14.5545 	EXP 	show_condition_text: autoDraw = False
14.5549 	EXP 	New trial (rep=0, index=1): OrderedDict([('wlist_index', 26)])
14.5653 	EXP 	Imported csvs/26.csv as conditions, 5 conditions, 1 params
14.5657 	EXP 	Created sequence: random, trialTypes=5, nReps=1, seed=None
14.5660 	EXP 	New trial (rep=0, index=0): OrderedDict([('word', 'peace')])
14.5723 	DATA 	Keypress: space
14.5889 	EXP 	show_condition_text: text = 'peace'
14.5889 	EXP 	show_condition_text: autoDraw = True
14.5895 	EXP 	New trial (rep=0, index=1): OrderedDict([('word', 'portable')])
14.6080 	EXP 	show_condition_text: autoDraw = False
14.6080 	EXP 	show_condition_text: text = 'portable'
14.6080 	EXP 	show_condition_text: autoDraw = True
14.6084 	EXP 	New trial (rep=0, index=2): OrderedDict([('word', 'wholesale')])
14.6255 	EXP 	show_condition_text: autoDraw = False
14.6255 	EXP 	show_condition_text: text = 'wholesale'
14.6255 	EXP 	show_condition_text: autoDraw = True
14.6259 	EXP 	New trial (rep=0, index=3): OrderedDict([('word', 'lingerie')])
14.6414 	EXP 	show_condition_text: autoDraw = False
14.6414 	EXP 	show_condition_text: text = 'lingerie'
14.6414 	EXP 	show_condition_text: autoDraw = True
14.6419 	EXP 	New trial (rep=0, index=4): OrderedDict([('word', 'sheer')])
14.6594 	EXP 	show_condition_text: autoDraw = False
14.6594 	EXP 	show_condition_text: text = 'sheer'
14.6594 	EXP 	show_condition_text: autoDraw = True
14.6719 	EXP 	show_condition_text: autoDraw = False
14.6724 	EXP 	New trial (rep=0, index=2): OrderedDict([('wlist_index', 21)])
14.6815 	EXP 	Imported csvs/21.csv as conditions, 10 conditions, 1 params
14.6819 	EXP 	Created sequence: random, trialTypes=10, nReps=1, seed=None
14.6821 	EXP 	New trial (rep=0, index=0): OrderedDict([('word', 'influence')])
14.7057 	EXP 	show_condition_text: text = 'influence'
14.7057 	EXP 	show_condition_text: autoDraw = True
14.7061 	EXP 	New trial (rep=0, index=1): OrderedDict([('word', 'discussing')])
14.7223 	EXP 	show_condition_text: autoDraw = False
14.7223 	EXP 	show_condition_text: text = 'discussing'
14.7223 	EXP 	show_condition_text: autoDraw = True
14.7228 	EXP 	New trial (rep=0, index=2): OrderedDict([('word', 'think')])
14.7309 	DATA 	Keypress: space
14.7426 	EXP 	show_condition_text: autoDraw = False
14.7426 	EXP 	show_condition_text: text = 'think'
14.7426 	EXP 	show_condition_text: autoDraw = True
14.7430 	EXP 	New trial (rep=0, index=3): OrderedDict([('word', 'urls')])
14.7588 	EXP 	show_condition_text: autoDraw = False
14.7588 	EXP 	show_condition_text: text = 'urls'
14.7588 	EXP 	show_condition_text: autoDraw = True
14.7594 	EXP 	New trial (rep=0, index=4): OrderedDict([('word', 'nasty')])
14.7755 	EXP 	show_condition_text: autoDraw = False
14.7755 	EXP 	show_condition_text: text = 'nasty'
14.7755 	EXP 	show_condition_text: autoDraw = True
14.7762 	EXP 	New trial (rep=0, index=5): OrderedDict([('word', 'analyst')])
14.8045 	EXP 	show_condition_text: autoDraw = False
14.8045 	EXP 	show_condition_text: text = 'analyst'
14.8045 	EXP 	show_condition_text: autoDraw = True
14.8050 	EXP 	New trial (rep=0, index=6): OrderedDict([('word', 'port')])
14.8221 	EXP 	show_condition_text: autoDraw = False
14.8221 	EXP 	show_condition_text: text = 'port'
14.8221 	EXP 	show_condition_text: autoDraw = True
14.8228 	EXP 	New trial (rep=0, index=7): OrderedDict([('word', 'alpha')])
14.8414 	EXP 	show_condition_text: autoDraw = False
14.8414 	EXP 	show_condition_text: text = 'alpha'
14.8414 	EXP 	show_condition_text: autoDraw = True
14.8418 	EXP 	New trial (rep=0, index=8): OrderedDict([('word', 'protocol')])
14.8585 	EXP 	show_condition_text: autoDraw = False
14.8585 	EXP 	show_condition_text: text = 'protocol'
14.8585 	EXP 	show_condition_text: autoDraw = True
14.8590 	EXP 	New trial (rep=0, index=9): OrderedDict([('word', 'blend')])
14.8659 	DATA 	Keypress: space
14.8892 	EXP 	show_condition_text: autoDraw = False
14.8892 	EXP 	show_condition_text: text = 'blend'
14.8892 	EXP 	show_condition_text: autoDraw = True
14.9052 	EXP 	show_condition_text: autoDraw = False
14.9055 	EXP 	New trial (rep=0, index=3): OrderedDict([('wlist_index', 19)])
14.9167 	EXP 	Imported csvs/19.csv as conditions, 6 conditions, 1 params
14.9171 	EXP 	Created sequence: random, trialTypes=6, nReps=1, seed=None
14.9173 	EXP 	New trial (rep=0, index=0): OrderedDict([('word', 'miniature')])
14.9387 	EXP 	show_condition_text: text = 'miniature'
14.9387 	EXP 	show_condition_text: autoDraw = True
14.9393 	EXP 	New trial (rep=0, index=1): OrderedDict([('word', 'il')])
14.9551 	EXP 	show_condition_text: autoDraw = False
14.9551 	EXP 	show_condition_text: text = 'il'
14.9551 	EXP 	show_condition_text: autoDraw = True
14.9556 	EXP 	New trial (rep=0, index=2): OrderedDict([('word', 'lowest')])
14.9711 	EXP 	show_condition_text: autoDraw = False
14.9711 	EXP 	show_condition_text: text = 'lowest'
14.9711 	EXP 	show_condition_text: autoDraw = True
14.9717 	EXP 	New trial (rep=0, index=3): OrderedDict([('word', 'acc')])
14.9879 	EXP 	show_condition_text: autoDraw = False
14.9879 	EXP 	show_condition_text: text = 'acc'
14.9879 	EXP 	show_condition_text: autoDraw = True
14.9885 	EXP 	New trial (rep=0, index=4): OrderedDict([('word', 'academics')])
15.0054 	EXP 	show_condition_text: autoDraw = False
15.0054 	EXP 	show_condition_text: text = 'academics'
15.0054 	EXP 	show_condition_text: autoDraw = True
15.0061 	EXP 	New trial (rep=0, index=5): OrderedDict([('word', 'hiring')])
15.0222 	EXP 	show_condition_text: autoDraw = False
15.0222 	EXP 	show_condition_text: text = 'hiring'
15.0222 	EXP 	show_condition_text: autoDraw = True
15.0255 	DATA 	Keypress: space
15.0383 	EXP 	show_condition_text: autoDraw = False
15.0389 	EXP 	New trial (rep=0, index=4): OrderedDict([('wlist_index', 23)])
15.0502 	EXP 	Imported csvs/23.csv as conditions, 6 conditions, 1 params
15.0506 	EXP 	Created sequence: random, trialTypes=6, nReps=1, seed=None
15.0508 	EXP 	New trial (rep=0, index=0): OrderedDict([('word', 'efficient')])
15.0723 	EXP 	show_condition_text: text = 'efficient'
15.0723 	EXP 	show_condition_text: autoDraw = True
15.0727 	EXP 	New trial (rep=0, index=1): OrderedDict([('word', 'info')])
15.0889 	EXP 	show_condition_text: autoDraw = False
15.0889 	EXP 	show_condition_text: text = 'info'
15.0889 	EXP 	show_condition_text: autoDraw = True
15.0895 	EXP 	New trial (rep=0, index=2): OrderedDict([('word', 'easy')])
15.1087 	EXP 	show_condition_text: autoDraw = False
15.1087 	EXP 	show_condition_text: text = 'easy'
15.1087 	EXP 	show_condition_text: autoDraw = True
15.1091 	EXP 	New trial (rep=0, index=3): OrderedDict([('word', 'horror')])
15.1255 	EXP 	show_condition_text: autoDraw = False
15.1255 	EXP 	show_condition_text: text = 'horror'
15.1255 	EXP 	show_condition_text: autoDraw = True
15.1259 	EXP 	New trial (rep=0, index=4): OrderedDict([('word', 'sponsors')])
15.1425 	EXP 	show_condition_text: autoDraw = False
15.1425 	EXP 	show_condition_text: text = 'sponsors'
15.1425 	EXP 	show_condition_text: autoDraw = True
15.1430 	EXP 	New trial (rep=0, index=5): OrderedDict([('word', 'shelf')])
15.1588 	EXP 	show_condition_text: autoDraw = False
15.1588 	EXP 	show_condition_text: text = 'shelf'
15.1588 	EXP 	show_condition_text: autoDraw = True
15.1711 	EXP 	show_condition_text: autoDraw = False
15.1717 	EXP 	New trial (rep=0, index=5): OrderedDict([('wlist_index', 10)])
15.1853 	EXP 	Imported csvs/10.csv as conditions, 7 conditions, 1 params
15.1856 	EXP 	Created sequence: random, trialTypes=7, nReps=1, seed=None
15.1858 	EXP 	New trial (rep=0, index=0): OrderedDict([('word', 'magnificent')])
15.1929 	DATA 	Keypress: space
15.2049 	EXP 	show_condition_text: text = 'magnificent'
15.2049 	EXP 	show_condition_text: autoDraw = True
15.2057 	EXP 	New trial (rep=0, index=1): OrderedDict([('word', 'glasses')])
15.2216 	EXP 	show_condition_text: autoDraw = False
15.2216 	EXP 	show_condition_text: text = 'glasses'
15.2216 	EXP 	show_condition_text: autoDraw = True
15.2220 	EXP 	New trial (rep=0, index=2): OrderedDict([('word', 'evaluating')])
15.2377 	EXP 	show_condition_text: autoDraw = False
15.2377 	EXP 	show_condition_text: text = 'evaluating'
15.2377 	EXP 	show_condition_text: autoDraw = True
15.2381 	EXP 	New trial (rep=0, index=3): OrderedDict([('word', 'facial')])
15.2543 	EXP 	show_condition_text: autoDraw = False
15.2543 	EXP 	show_condition_text: text = 'facial'
15.2543 	EXP 	show_condition_text: autoDraw = True
15.2547 	EXP 	New trial (rep=0, index=4): OrderedDict([('word', 'endless')])
15.2715 	EXP 	show_condition_text: autoDraw = False
15.2715 	EXP 	show_condition_text: text = 'endless'
15.2715 	EXP 	show_condition_text: autoDraw = True
15.2721 	EXP 	New trial (rep=0, index=5): OrderedDict([('word', 'muscle')])
15.2882 	EXP 	show_condition_text: autoDraw = False
15.2882 	EXP 	show_condition_text: text = 'muscle'
15.2882 	EXP 	show_condition_text: autoDraw = True
15.2887 	EXP 	New trial (rep=0, index=6): OrderedDict([('word', 'bind')])
15.3046 	EXP 	show_condition_text: autoDraw = False
15.3046 	EXP 	show_condition_text: text = 'bind'
15.3046 	EXP 	show_condition_text: autoDraw = True
15.3215 	EXP 	show_condition_text: autoDraw = False
15.3218 	EXP 	New trial (rep=0, index=6): OrderedDict([('wlist_index', 8)])
15.3309 	EXP 	Imported csvs/8.csv as conditions, 11 conditions, 1 params
15.3312 	EXP 	Created sequence: random, trialTypes=11, nReps=1, seed=None
15.3315 	EXP 	New trial (rep=0, index=0): OrderedDict([('word', 'luke')])
15.3385 	DATA 	Keypress: space
15.3551 	EXP 	show_condition_text: text = 'luke'
15.3551 	EXP 	show_condition_text: autoDraw = True
15.3555 	EXP 	New trial (rep=0, index=1): OrderedDict([('word', 'sir')])
15.3718 	EXP 	show_condition_text: autoDraw = False
15.3718 	EXP 	show_condition_text: text = 'sir'
15.3718 	EXP 	show_condition_text: autoDraw = True
15.3722 	EXP 	New trial (rep=0, index=2): OrderedDict([('word', 'educated')])
15.3888 	EXP 	show_condition_text: autoDraw = False
15.3888 	EXP 	show_condition_text: text = 'educated'
15.3888 	EXP 	show_condition_text: autoDraw = True
15.3894 	EXP 	New trial (rep=0, index=3): OrderedDict([('word', 'draft')])
15.4056 	EXP 	show_condition_text: autoDraw = False
15.4056 	EXP 	show_condition_text: text = 'draft'
15.4056 	EXP 	show_condition_text: autoDraw = True
15.4065 	EXP 	New trial (rep=0, index=4): OrderedDict([('word', 'elections')])
15.4225 	EXP 	show_condition_text: autoDraw = False
15.4225 	EXP 	show_condition_text: text = 'elections'
15.4225 	EXP 	show_condition_text: autoDraw = True
15.4229 	EXP 	New trial (rep=0, index=5): OrderedDict([('word', 'canberra')])
15.4411 	EXP 	show_condition_text: autoDraw = False
15.4411 	EXP 	show_condition_text: text = 'canberra'
15.4411 	EXP 	show_condition_text: autoDraw = True
15.4418 	EXP 	New trial (rep=0, index=6): OrderedDict([('word', 'eddie')])
15.4579 	EXP 	show_condition_text: autoDraw = False
15.4579 	EXP 	show_condition_text: text = 'eddie'
15.4579 	EXP 	show_condition_text: autoDraw = True
15.4583 	EXP 	New trial (rep=0, index=7): OrderedDict([('word', 'basics')])
15.4727 	EXP 	show_condition_text: autoDraw = False
15.4727 	EXP 	show_condition_text: text = 'basics'
15.4727 	EXP 	show_condition_text: autoDraw = True
15.4738 	EXP 	New trial (rep=0, index=8): OrderedDict([('word', 'operate')])
15.4931 	EXP 	show_condition_text: autoDraw = False
15.4931 	EXP 	show_condition_text: text = 'operate'
15.4931 	EXP 	show_condition_text: autoDraw = True
15.4935 	EXP 	New trial (rep=0, index=9): OrderedDict([('word', 'wellness')])
15.4991 	DATA 	Keypress: space
15.5222 	EXP 	show_condition_text: autoDraw = False
15.5222 	EXP 	show_condition_text: text = 'wellness'
15.5222 	EXP 	show_condition_text: autoDraw = True
15.5227 	EXP 	New trial (rep=0, index=10): OrderedDict([('word', 'follows')])
15.5391 	EXP 	show_condition_text: autoDraw = False
15.5391 	EXP 	show_condition_text: text = 'follows'
15.5391 	EXP 	show_condition_text: autoDraw = True
15.5555 	EXP 	show_condition_text: autoDraw = False
15.5560 	EXP 	New trial (rep=0, index=7): OrderedDict([('wlist_index', 25)])
15.5647 	EXP 	Imported csvs/25.csv as conditions, 9 conditions, 1 params
15.5653 	EXP 	Created sequence: random, trialTypes=9, nReps=1, seed=None
15.5655 	EXP 	New trial (rep=0, index=0): OrderedDict([('word', 'secretary')])
15.5887 	EXP 	show_condition_text: text = 'secretary'
15.5887 	EXP 	show_condition_text: autoDraw = True
15.5892 	EXP 	New trial (rep=0, index=1): OrderedDict([('word', 'expect')])
15.6082 	EXP 	show_condition_text: autoDraw = False
15.6082 	EXP 	show_condition_text: text = 'expect'
15.6082 	EXP 	show_condition_text: autoDraw = True
15.6086 	EXP 	New trial (rep=0, index=2): OrderedDict([('word', 'apr')])
15.6244 	EXP 	show_condition_text: autoDraw = False
15.6244 	EXP 	show_condition_text: text = 'apr'
15.6244 	EXP 	show_condition_text: autoDraw = True
15.6250 	EXP 	New trial (rep=0, index=3): OrderedDict([('word', 'argument')])
15.6411 	EXP 	show_condition_text: autoDraw = False
15.6411 	EXP 	show_condition_text: text = 'argument'
15.6411 	EXP 	show_condition_text: autoDraw = True
15.6419 	EXP 	New trial (rep=0, index=4): OrderedDict([('word', 'se')])
15.6573 	EXP 	show_condition_text: autoDraw = False
15.6573 	EXP 	show_condition_text: text = 'se'
15.6573 	EXP 	show_condition_text: autoDraw = True
15.6577 	EXP 	New trial (rep=0, index=5): OrderedDict([('word', 'travels')])
15.6634 	DATA 	Keypress: space
15.6746 	EXP 	show_condition_text: autoDraw = False
15.6746 	EXP 	show_condition_text: text = 'travels'
15.6746 	EXP 	show_condition_text: autoDraw = True
15.6751 	EXP 	New trial (rep=0, index=6): OrderedDict([('word', 'spank')])
15.6924 	EXP 	show_condition_text: autoDraw = False
15.6924 	EXP 	show_condition_text: text = 'spank'
15.6924 	EXP 	show_condition_text: autoDraw = True
15.6929 	EXP 	New trial (rep=0, index=7): OrderedDict([('word', 'renew')])
15.7083 	EXP 	show_condition_text: autoDraw = False
15.7083 	EXP 	show_condition_text: text = 'renew'
15.7083 	EXP 	show_condition_text: autoDraw = True
15.7088 	EXP 	New trial (rep=0, index=8): OrderedDict([('word', 'altered')])
15.7237 	EXP 	show_condition_text: autoDraw = False
15.7237 	EXP 	show_condition_text: text = 'altered'
15.7237 	EXP 	show_condition_text: autoDraw = True
15.7377 	EXP 	show_condition_text: autoDraw = False
16.0447 	EXP 	window1: mouseVisible = True
