8.7133 	WARNING 	User requested fullscreen with size [1024  768], but screen is actually [1440, 900]. Using actual size
10.0519 	EXP 	Created window1 = Window(allowGUI=False, allowStencil=False, args=UNKNOWN, autoLog=True, bitsMode=UNKNOWN, blendMode='avg', color=array([0., 0., 0.]), colorSpace='rgb', fullscr=<method-wrapper '__getattribute__' of attributeSetter object at 0x131eca860>, gamma=None, gammaErrorPolicy='raise', kwargs=UNKNOWN, lms=UNKNOWN, monitor=<psychopy.monitors.calibTools.Monitor object at 0x132e00b70>, multiSample=False, name='window1', numSamples=2, pos=[360.0, 225.0], screen=0, size=array([2880, 1800]), stereo=False, units='height', useFBO=True, useRetina=True, viewOri=0.0, viewPos=None, viewScale=None, waitBlanking=True, winType='pyglet')
10.0520 	EXP 	window1: recordFrameIntervals = False
10.2171 	EXP 	window1: recordFrameIntervals = True
10.4013 	EXP 	window1: recordFrameIntervals = False
11.1712 	EXP 	Created instructions_text = TextStim(__class__=<class 'psychopy.visual.text.TextStim'>, alignHoriz='center', alignVert='center', antialias=True, autoLog=True, bold=False, color='white', colorSpace='named', contrast=1.0, depth=0.0, flipHoriz=False, flipVert=False, font='Arial', fontFiles=[], height=0.1, italic=False, languageStyle='LTR', name='instructions_text', opacity=1.0, ori=0, pos=array([0., 0.]), rgb=array([255., 255., 255.]), text='Welcome!', units='height', win=Window(...), wrapWidth=1)
11.2252 	EXP 	Created show_condition_text = TextStim(__class__=<class 'psychopy.visual.text.TextStim'>, alignHoriz='center', alignVert='center', antialias=True, autoLog=True, bold=False, color='white', colorSpace='named', contrast=1.0, depth=0.0, flipHoriz=False, flipVert=False, font='Arial', fontFiles=[], height=0.1, italic=False, languageStyle='LTR', name='show_condition_text', opacity=1.0, ori=0, pos=array([0., 0.]), rgb=array([255., 255., 255.]), text='default text', units='height', win=Window(...), wrapWidth=1)
11.2541 	EXP 	instructions_text: autoDraw = True
11.3714 	DATA 	Mouse: Left button down, pos=(550,536)
11.3718 	DATA 	Mouse:  Left button up, pos=(550,536)
11.7926 	EXP 	Imported csvs/noise_conditions.csv as conditions, 4 conditions, 1 params
11.7930 	EXP 	Created sequence: random, trialTypes=4, nReps=1, seed=None
11.7932 	EXP 	New trial (rep=0, index=0): OrderedDict([('condition', 1)])
11.7956 	EXP 	Imported csvs/condition_1_wlists_indices.csv as conditions, 8 conditions, 1 params
11.7959 	EXP 	Created sequence: random, trialTypes=8, nReps=1, seed=None
11.7961 	EXP 	New trial (rep=0, index=0): OrderedDict([('wlist_index', 13)])
11.7987 	EXP 	Imported csvs/13.csv as conditions, 7 conditions, 1 params
11.7990 	EXP 	Created sequence: random, trialTypes=7, nReps=1, seed=None
11.7992 	EXP 	New trial (rep=0, index=0): OrderedDict([('word', 'township')])
11.8209 	DATA 	Keypress: space
11.8372 	EXP 	instructions_text: autoDraw = False
11.8372 	EXP 	show_condition_text: text = 'township'
11.8372 	EXP 	show_condition_text: autoDraw = True
11.8376 	EXP 	New trial (rep=0, index=1): OrderedDict([('word', 'deaths')])
11.8540 	EXP 	show_condition_text: autoDraw = False
11.8540 	EXP 	show_condition_text: text = 'deaths'
11.8540 	EXP 	show_condition_text: autoDraw = True
11.8544 	EXP 	New trial (rep=0, index=2): OrderedDict([('word', 'guild')])
11.8722 	EXP 	show_condition_text: autoDraw = False
11.8722 	EXP 	show_condition_text: text = 'guild'
11.8722 	EXP 	show_condition_text: autoDraw = True
11.8726 	EXP 	New trial (rep=0, index=3): OrderedDict([('word', 'measures')])
11.8904 	EXP 	show_condition_text: autoDraw = False
11.8904 	EXP 	show_condition_text: text = 'measures'
11.8904 	EXP 	show_condition_text: autoDraw = True
11.8908 	EXP 	New trial (rep=0, index=4): OrderedDict([('word', 'complications')])
11.9202 	EXP 	show_condition_text: autoDraw = False
11.9202 	EXP 	show_condition_text: text = 'complications'
11.9202 	EXP 	show_condition_text: autoDraw = True
11.9206 	EXP 	New trial (rep=0, index=5): OrderedDict([('word', 'scanned')])
11.9372 	EXP 	show_condition_text: autoDraw = False
11.9372 	EXP 	show_condition_text: text = 'scanned'
11.9372 	EXP 	show_condition_text: autoDraw = True
11.9376 	EXP 	New trial (rep=0, index=6): OrderedDict([('word', 'poems')])
11.9545 	EXP 	show_condition_text: autoDraw = False
11.9545 	EXP 	show_condition_text: text = 'poems'
11.9545 	EXP 	show_condition_text: autoDraw = True
11.9700 	EXP 	show_condition_text: autoDraw = False
11.9700 	EXP 	show_condition_text: text = '****'
11.9700 	EXP 	show_condition_text: autoDraw = True
11.9869 	EXP 	show_condition_text: text = '****'
11.9869 	EXP 	show_condition_text: autoDraw = True
12.0037 	EXP 	show_condition_text: text = '****'
12.0037 	EXP 	show_condition_text: autoDraw = True
12.0199 	EXP 	show_condition_text: text = '****'
12.0199 	EXP 	show_condition_text: autoDraw = True
12.0370 	EXP 	show_condition_text: text = '****'
12.0370 	EXP 	show_condition_text: autoDraw = True
12.0529 	EXP 	show_condition_text: text = '****'
12.0529 	EXP 	show_condition_text: autoDraw = True
12.0701 	EXP 	show_condition_text: text = '****'
12.0701 	EXP 	show_condition_text: autoDraw = True
12.0872 	EXP 	show_condition_text: text = '****'
12.0872 	EXP 	show_condition_text: autoDraw = True
12.1037 	EXP 	show_condition_text: text = '****'
12.1037 	EXP 	show_condition_text: autoDraw = True
12.1198 	EXP 	show_condition_text: text = '****'
12.1198 	EXP 	show_condition_text: autoDraw = True
12.1363 	EXP 	show_condition_text: text = '****'
12.1363 	EXP 	show_condition_text: autoDraw = True
12.1535 	EXP 	show_condition_text: text = '****'
12.1535 	EXP 	show_condition_text: autoDraw = True
12.1705 	EXP 	show_condition_text: text = '****'
12.1705 	EXP 	show_condition_text: autoDraw = True
12.1869 	EXP 	show_condition_text: text = '****'
12.1869 	EXP 	show_condition_text: autoDraw = True
12.2031 	EXP 	show_condition_text: text = '****'
12.2031 	EXP 	show_condition_text: autoDraw = True
12.2208 	EXP 	show_condition_text: text = '****'
12.2208 	EXP 	show_condition_text: autoDraw = True
12.2367 	EXP 	show_condition_text: text = '****'
12.2367 	EXP 	show_condition_text: autoDraw = True
12.2535 	EXP 	show_condition_text: text = '****'
12.2535 	EXP 	show_condition_text: autoDraw = True
12.2553 	DATA 	Keypress: lctrl
12.2702 	EXP 	show_condition_text: text = '****'
12.2702 	EXP 	show_condition_text: autoDraw = True
12.2865 	EXP 	show_condition_text: text = '****'
12.2865 	EXP 	show_condition_text: autoDraw = True
12.3037 	EXP 	show_condition_text: text = '****'
12.3037 	EXP 	show_condition_text: autoDraw = True
12.3198 	EXP 	show_condition_text: text = '****'
12.3198 	EXP 	show_condition_text: autoDraw = True
12.3368 	EXP 	show_condition_text: text = '****'
12.3368 	EXP 	show_condition_text: autoDraw = True
12.3541 	EXP 	show_condition_text: text = '****'
12.3541 	EXP 	show_condition_text: autoDraw = True
12.3704 	EXP 	show_condition_text: text = '****'
12.3704 	EXP 	show_condition_text: autoDraw = True
12.3872 	EXP 	show_condition_text: text = '****'
12.3872 	EXP 	show_condition_text: autoDraw = True
12.4034 	EXP 	show_condition_text: text = '****'
12.4034 	EXP 	show_condition_text: autoDraw = True
12.4207 	EXP 	show_condition_text: text = '****'
12.4207 	EXP 	show_condition_text: autoDraw = True
12.4367 	EXP 	show_condition_text: text = '****'
12.4367 	EXP 	show_condition_text: autoDraw = True
12.4542 	EXP 	show_condition_text: text = '****'
12.4542 	EXP 	show_condition_text: autoDraw = True
12.4703 	EXP 	show_condition_text: text = '****'
12.4703 	EXP 	show_condition_text: autoDraw = True
12.4870 	EXP 	show_condition_text: text = '****'
12.4870 	EXP 	show_condition_text: autoDraw = True
12.4906 	DATA 	Keypress: left
12.5037 	EXP 	show_condition_text: text = '****'
12.5037 	EXP 	show_condition_text: autoDraw = True
12.5199 	EXP 	show_condition_text: text = '****'
12.5199 	EXP 	show_condition_text: autoDraw = True
12.5370 	EXP 	show_condition_text: text = '****'
12.5370 	EXP 	show_condition_text: autoDraw = True
12.5537 	EXP 	show_condition_text: text = '****'
12.5537 	EXP 	show_condition_text: autoDraw = True
12.5702 	EXP 	show_condition_text: text = '****'
12.5702 	EXP 	show_condition_text: autoDraw = True
12.5865 	EXP 	show_condition_text: text = '****'
12.5865 	EXP 	show_condition_text: autoDraw = True
12.6031 	EXP 	show_condition_text: text = '****'
12.6031 	EXP 	show_condition_text: autoDraw = True
12.6205 	EXP 	show_condition_text: text = '****'
12.6205 	EXP 	show_condition_text: autoDraw = True
12.6369 	EXP 	show_condition_text: text = '****'
12.6369 	EXP 	show_condition_text: autoDraw = True
12.6537 	EXP 	show_condition_text: text = '****'
12.6537 	EXP 	show_condition_text: autoDraw = True
12.6701 	EXP 	show_condition_text: text = '****'
12.6701 	EXP 	show_condition_text: autoDraw = True
12.6866 	EXP 	show_condition_text: text = '****'
12.6866 	EXP 	show_condition_text: autoDraw = True
12.7038 	EXP 	show_condition_text: text = '****'
12.7038 	EXP 	show_condition_text: autoDraw = True
12.7212 	EXP 	show_condition_text: text = '****'
12.7212 	EXP 	show_condition_text: autoDraw = True
12.7371 	EXP 	show_condition_text: text = '****'
12.7371 	EXP 	show_condition_text: autoDraw = True
12.7539 	EXP 	show_condition_text: text = '****'
12.7539 	EXP 	show_condition_text: autoDraw = True
12.7701 	EXP 	show_condition_text: text = '****'
12.7701 	EXP 	show_condition_text: autoDraw = True
12.7870 	EXP 	show_condition_text: text = '****'
12.7870 	EXP 	show_condition_text: autoDraw = True
12.8039 	EXP 	show_condition_text: text = '****'
12.8039 	EXP 	show_condition_text: autoDraw = True
12.8201 	EXP 	show_condition_text: text = '****'
12.8201 	EXP 	show_condition_text: autoDraw = True
12.8373 	EXP 	show_condition_text: text = '****'
12.8373 	EXP 	show_condition_text: autoDraw = True
12.8534 	EXP 	show_condition_text: text = '****'
12.8534 	EXP 	show_condition_text: autoDraw = True
12.8703 	EXP 	show_condition_text: text = '****'
12.8703 	EXP 	show_condition_text: autoDraw = True
12.8870 	EXP 	show_condition_text: text = '****'
12.8870 	EXP 	show_condition_text: autoDraw = True
12.9031 	EXP 	show_condition_text: text = '****'
12.9031 	EXP 	show_condition_text: autoDraw = True
12.9203 	EXP 	show_condition_text: text = '****'
12.9203 	EXP 	show_condition_text: autoDraw = True
12.9372 	EXP 	show_condition_text: text = '****'
12.9372 	EXP 	show_condition_text: autoDraw = True
12.9535 	EXP 	show_condition_text: text = '****'
12.9535 	EXP 	show_condition_text: autoDraw = True
12.9696 	EXP 	show_condition_text: text = '****'
12.9696 	EXP 	show_condition_text: autoDraw = True
12.9874 	EXP 	show_condition_text: text = '****'
12.9874 	EXP 	show_condition_text: autoDraw = True
13.0036 	EXP 	show_condition_text: text = '****'
13.0036 	EXP 	show_condition_text: autoDraw = True
13.0205 	EXP 	show_condition_text: text = '****'
13.0205 	EXP 	show_condition_text: autoDraw = True
13.0370 	EXP 	show_condition_text: text = '****'
13.0370 	EXP 	show_condition_text: autoDraw = True
13.0534 	EXP 	show_condition_text: text = '****'
13.0534 	EXP 	show_condition_text: autoDraw = True
13.0700 	EXP 	show_condition_text: text = '****'
13.0700 	EXP 	show_condition_text: autoDraw = True
13.0862 	EXP 	show_condition_text: text = '****'
13.0862 	EXP 	show_condition_text: autoDraw = True
13.1035 	EXP 	show_condition_text: text = '****'
13.1035 	EXP 	show_condition_text: autoDraw = True
13.1198 	EXP 	show_condition_text: text = '****'
13.1198 	EXP 	show_condition_text: autoDraw = True
13.1370 	EXP 	show_condition_text: text = '****'
13.1370 	EXP 	show_condition_text: autoDraw = True
13.1535 	EXP 	show_condition_text: text = '****'
13.1535 	EXP 	show_condition_text: autoDraw = True
13.1697 	EXP 	show_condition_text: text = '****'
13.1697 	EXP 	show_condition_text: autoDraw = True
13.1871 	EXP 	show_condition_text: text = '****'
13.1871 	EXP 	show_condition_text: autoDraw = True
13.2035 	EXP 	show_condition_text: text = '****'
13.2035 	EXP 	show_condition_text: autoDraw = True
13.2203 	EXP 	show_condition_text: text = '****'
13.2203 	EXP 	show_condition_text: autoDraw = True
13.2365 	EXP 	show_condition_text: text = '****'
13.2365 	EXP 	show_condition_text: autoDraw = True
13.2538 	EXP 	show_condition_text: text = '****'
13.2538 	EXP 	show_condition_text: autoDraw = True
13.2699 	EXP 	show_condition_text: text = '****'
13.2699 	EXP 	show_condition_text: autoDraw = True
13.2869 	EXP 	show_condition_text: text = '****'
13.2869 	EXP 	show_condition_text: autoDraw = True
13.3040 	EXP 	show_condition_text: text = '****'
13.3040 	EXP 	show_condition_text: autoDraw = True
13.3203 	EXP 	show_condition_text: text = '****'
13.3203 	EXP 	show_condition_text: autoDraw = True
13.3237 	DATA 	Keypress: space
13.3368 	EXP 	show_condition_text: text = '****'
13.3368 	EXP 	show_condition_text: autoDraw = True
13.3537 	EXP 	show_condition_text: text = '****'
13.3537 	EXP 	show_condition_text: autoDraw = True
13.3703 	EXP 	show_condition_text: text = '****'
13.3703 	EXP 	show_condition_text: autoDraw = True
13.3864 	EXP 	show_condition_text: text = '****'
13.3864 	EXP 	show_condition_text: autoDraw = True
13.4038 	EXP 	show_condition_text: text = '****'
13.4038 	EXP 	show_condition_text: autoDraw = True
13.4205 	EXP 	show_condition_text: text = '****'
13.4205 	EXP 	show_condition_text: autoDraw = True
13.4372 	EXP 	New trial (rep=0, index=1): OrderedDict([('wlist_index', 9)])
13.4406 	EXP 	Imported csvs/9.csv as conditions, 6 conditions, 1 params
13.4409 	EXP 	Created sequence: random, trialTypes=6, nReps=1, seed=None
13.4410 	EXP 	New trial (rep=0, index=0): OrderedDict([('word', 'plane')])
13.4578 	EXP 	show_condition_text: text = 'plane'
13.4578 	EXP 	show_condition_text: autoDraw = True
13.4584 	EXP 	New trial (rep=0, index=1): OrderedDict([('word', 'titled')])
13.4757 	EXP 	show_condition_text: autoDraw = False
13.4757 	EXP 	show_condition_text: text = 'titled'
13.4757 	EXP 	show_condition_text: autoDraw = True
13.4761 	EXP 	New trial (rep=0, index=2): OrderedDict([('word', 'sing')])
13.5043 	EXP 	show_condition_text: autoDraw = False
13.5043 	EXP 	show_condition_text: text = 'sing'
13.5043 	EXP 	show_condition_text: autoDraw = True
13.5048 	EXP 	New trial (rep=0, index=3): OrderedDict([('word', 'stuck')])
13.5226 	EXP 	show_condition_text: autoDraw = False
13.5226 	EXP 	show_condition_text: text = 'stuck'
13.5226 	EXP 	show_condition_text: autoDraw = True
13.5230 	EXP 	New trial (rep=0, index=4): OrderedDict([('word', 'bitch')])
13.5411 	EXP 	show_condition_text: autoDraw = False
13.5411 	EXP 	show_condition_text: text = 'bitch'
13.5411 	EXP 	show_condition_text: autoDraw = True
13.5416 	EXP 	New trial (rep=0, index=5): OrderedDict([('word', 'continuing')])
13.5699 	EXP 	show_condition_text: autoDraw = False
13.5699 	EXP 	show_condition_text: text = 'continuing'
13.5699 	EXP 	show_condition_text: autoDraw = True
13.5872 	EXP 	show_condition_text: autoDraw = False
13.5872 	EXP 	show_condition_text: text = '****'
13.5872 	EXP 	show_condition_text: autoDraw = True
13.6032 	EXP 	show_condition_text: text = '****'
13.6032 	EXP 	show_condition_text: autoDraw = True
13.6203 	EXP 	show_condition_text: text = '****'
13.6203 	EXP 	show_condition_text: autoDraw = True
13.6361 	EXP 	show_condition_text: text = '****'
13.6361 	EXP 	show_condition_text: autoDraw = True
13.6391 	DATA 	Keypress: space
13.6532 	EXP 	show_condition_text: text = '****'
13.6532 	EXP 	show_condition_text: autoDraw = True
13.6703 	EXP 	show_condition_text: text = '****'
13.6703 	EXP 	show_condition_text: autoDraw = True
13.6872 	EXP 	show_condition_text: text = '****'
13.6872 	EXP 	show_condition_text: autoDraw = True
13.7042 	EXP 	show_condition_text: text = '****'
13.7042 	EXP 	show_condition_text: autoDraw = True
13.7201 	EXP 	show_condition_text: text = '****'
13.7201 	EXP 	show_condition_text: autoDraw = True
13.7367 	EXP 	show_condition_text: text = '****'
13.7367 	EXP 	show_condition_text: autoDraw = True
13.7533 	EXP 	show_condition_text: text = '****'
13.7533 	EXP 	show_condition_text: autoDraw = True
13.7708 	EXP 	New trial (rep=0, index=2): OrderedDict([('wlist_index', 12)])
13.7740 	EXP 	Imported csvs/12.csv as conditions, 7 conditions, 1 params
13.7742 	EXP 	Created sequence: random, trialTypes=7, nReps=1, seed=None
13.7744 	EXP 	New trial (rep=0, index=0): OrderedDict([('word', 'latin')])
13.7907 	EXP 	show_condition_text: text = 'latin'
13.7907 	EXP 	show_condition_text: autoDraw = True
13.7913 	EXP 	New trial (rep=0, index=1): OrderedDict([('word', 'shipments')])
13.8091 	EXP 	show_condition_text: autoDraw = False
13.8091 	EXP 	show_condition_text: text = 'shipments'
13.8091 	EXP 	show_condition_text: autoDraw = True
13.8095 	EXP 	New trial (rep=0, index=2): OrderedDict([('word', 'bangkok')])
13.8368 	EXP 	show_condition_text: autoDraw = False
13.8368 	EXP 	show_condition_text: text = 'bangkok'
13.8368 	EXP 	show_condition_text: autoDraw = True
13.8373 	EXP 	New trial (rep=0, index=3): OrderedDict([('word', 'rapid')])
13.8543 	EXP 	show_condition_text: autoDraw = False
13.8543 	EXP 	show_condition_text: text = 'rapid'
13.8543 	EXP 	show_condition_text: autoDraw = True
13.8547 	EXP 	New trial (rep=0, index=4): OrderedDict([('word', 'powered')])
13.8624 	DATA 	Keypress: space
13.8738 	EXP 	show_condition_text: autoDraw = False
13.8738 	EXP 	show_condition_text: text = 'powered'
13.8738 	EXP 	show_condition_text: autoDraw = True
13.8742 	EXP 	New trial (rep=0, index=5): OrderedDict([('word', 'cradle')])
13.8904 	EXP 	show_condition_text: autoDraw = False
13.8904 	EXP 	show_condition_text: text = 'cradle'
13.8904 	EXP 	show_condition_text: autoDraw = True
13.8908 	EXP 	New trial (rep=0, index=6): OrderedDict([('word', 'keyword')])
13.9208 	EXP 	show_condition_text: autoDraw = False
13.9208 	EXP 	show_condition_text: text = 'keyword'
13.9208 	EXP 	show_condition_text: autoDraw = True
13.9366 	EXP 	show_condition_text: autoDraw = False
13.9366 	EXP 	show_condition_text: text = '****'
13.9366 	EXP 	show_condition_text: autoDraw = True
13.9537 	EXP 	show_condition_text: text = '****'
13.9537 	EXP 	show_condition_text: autoDraw = True
13.9707 	EXP 	show_condition_text: text = '****'
13.9707 	EXP 	show_condition_text: autoDraw = True
13.9873 	EXP 	New trial (rep=0, index=3): OrderedDict([('wlist_index', 27)])
13.9903 	EXP 	Imported csvs/27.csv as conditions, 8 conditions, 1 params
13.9906 	EXP 	Created sequence: random, trialTypes=8, nReps=1, seed=None
13.9908 	EXP 	New trial (rep=0, index=0): OrderedDict([('word', 'douglas')])
14.0069 	EXP 	show_condition_text: text = 'douglas'
14.0069 	EXP 	show_condition_text: autoDraw = True
14.0073 	EXP 	New trial (rep=0, index=1): OrderedDict([('word', 'ski')])
14.0242 	EXP 	show_condition_text: autoDraw = False
14.0242 	EXP 	show_condition_text: text = 'ski'
14.0242 	EXP 	show_condition_text: autoDraw = True
14.0248 	EXP 	New trial (rep=0, index=2): OrderedDict([('word', 'unable')])
14.0343 	DATA 	Keypress: space
14.0531 	EXP 	show_condition_text: autoDraw = False
14.0531 	EXP 	show_condition_text: text = 'unable'
14.0531 	EXP 	show_condition_text: autoDraw = True
14.0536 	EXP 	New trial (rep=0, index=3): OrderedDict([('word', 'buyers')])
14.0742 	EXP 	show_condition_text: autoDraw = False
14.0742 	EXP 	show_condition_text: text = 'buyers'
14.0742 	EXP 	show_condition_text: autoDraw = True
14.0748 	EXP 	New trial (rep=0, index=4): OrderedDict([('word', 'say')])
14.0914 	EXP 	show_condition_text: autoDraw = False
14.0914 	EXP 	show_condition_text: text = 'say'
14.0914 	EXP 	show_condition_text: autoDraw = True
14.0919 	EXP 	New trial (rep=0, index=5): OrderedDict([('word', 'him')])
14.1077 	EXP 	show_condition_text: autoDraw = False
14.1077 	EXP 	show_condition_text: text = 'him'
14.1077 	EXP 	show_condition_text: autoDraw = True
14.1082 	EXP 	New trial (rep=0, index=6): OrderedDict([('word', 'safari')])
14.1246 	EXP 	show_condition_text: autoDraw = False
14.1246 	EXP 	show_condition_text: text = 'safari'
14.1246 	EXP 	show_condition_text: autoDraw = True
14.1250 	EXP 	New trial (rep=0, index=7): OrderedDict([('word', 'oral')])
14.1407 	EXP 	show_condition_text: autoDraw = False
14.1407 	EXP 	show_condition_text: text = 'oral'
14.1407 	EXP 	show_condition_text: autoDraw = True
14.1566 	EXP 	show_condition_text: autoDraw = False
14.1566 	EXP 	show_condition_text: text = '****'
14.1566 	EXP 	show_condition_text: autoDraw = True
14.1705 	EXP 	New trial (rep=0, index=4): OrderedDict([('wlist_index', 2)])
14.1735 	EXP 	Imported csvs/2.csv as conditions, 8 conditions, 1 params
14.1739 	EXP 	Created sequence: random, trialTypes=8, nReps=1, seed=None
14.1741 	EXP 	New trial (rep=0, index=0): OrderedDict([('word', 'xl')])
14.1882 	EXP 	show_condition_text: text = 'xl'
14.1882 	EXP 	show_condition_text: autoDraw = True
14.1885 	EXP 	New trial (rep=0, index=1): OrderedDict([('word', 'assessed')])
14.2032 	EXP 	show_condition_text: autoDraw = False
14.2032 	EXP 	show_condition_text: text = 'assessed'
14.2032 	EXP 	show_condition_text: autoDraw = True
14.2036 	EXP 	New trial (rep=0, index=2): OrderedDict([('word', 'look')])
14.2099 	DATA 	Keypress: space
14.2203 	EXP 	show_condition_text: autoDraw = False
14.2203 	EXP 	show_condition_text: text = 'look'
14.2203 	EXP 	show_condition_text: autoDraw = True
14.2207 	EXP 	New trial (rep=0, index=3): OrderedDict([('word', 'guide')])
14.2374 	EXP 	show_condition_text: autoDraw = False
14.2374 	EXP 	show_condition_text: text = 'guide'
14.2374 	EXP 	show_condition_text: autoDraw = True
14.2378 	EXP 	New trial (rep=0, index=4): OrderedDict([('word', 'milfhunter')])
14.2565 	EXP 	show_condition_text: autoDraw = False
14.2565 	EXP 	show_condition_text: text = 'milfhunter'
14.2565 	EXP 	show_condition_text: autoDraw = True
14.2569 	EXP 	New trial (rep=0, index=5): OrderedDict([('word', 'noble')])
14.2739 	EXP 	show_condition_text: autoDraw = False
14.2739 	EXP 	show_condition_text: text = 'noble'
14.2739 	EXP 	show_condition_text: autoDraw = True
14.2743 	EXP 	New trial (rep=0, index=6): OrderedDict([('word', 'protected')])
14.2910 	EXP 	show_condition_text: autoDraw = False
14.2910 	EXP 	show_condition_text: text = 'protected'
14.2910 	EXP 	show_condition_text: autoDraw = True
14.2916 	EXP 	New trial (rep=0, index=7): OrderedDict([('word', 'representation')])
14.3206 	EXP 	show_condition_text: autoDraw = False
14.3206 	EXP 	show_condition_text: text = 'representation'
14.3206 	EXP 	show_condition_text: autoDraw = True
14.3370 	EXP 	show_condition_text: autoDraw = False
14.3374 	EXP 	New trial (rep=0, index=5): OrderedDict([('wlist_index', 31)])
14.3402 	EXP 	Imported csvs/31.csv as conditions, 8 conditions, 1 params
14.3405 	EXP 	Created sequence: random, trialTypes=8, nReps=1, seed=None
14.3407 	EXP 	New trial (rep=0, index=0): OrderedDict([('word', 'humanitarian')])
14.3699 	EXP 	show_condition_text: text = 'humanitarian'
14.3699 	EXP 	show_condition_text: autoDraw = True
14.3703 	EXP 	New trial (rep=0, index=1): OrderedDict([('word', 'reverse')])
14.3795 	DATA 	Keypress: space
14.3914 	EXP 	show_condition_text: autoDraw = False
14.3914 	EXP 	show_condition_text: text = 'reverse'
14.3914 	EXP 	show_condition_text: autoDraw = True
14.3919 	EXP 	New trial (rep=0, index=2): OrderedDict([('word', 'phenomenon')])
14.4210 	EXP 	show_condition_text: autoDraw = False
14.4210 	EXP 	show_condition_text: text = 'phenomenon'
14.4210 	EXP 	show_condition_text: autoDraw = True
14.4213 	EXP 	New trial (rep=0, index=3): OrderedDict([('word', 'incest')])
14.4377 	EXP 	show_condition_text: autoDraw = False
14.4377 	EXP 	show_condition_text: text = 'incest'
14.4377 	EXP 	show_condition_text: autoDraw = True
14.4381 	EXP 	New trial (rep=0, index=4): OrderedDict([('word', 'act')])
14.4536 	EXP 	show_condition_text: autoDraw = False
14.4536 	EXP 	show_condition_text: text = 'act'
14.4536 	EXP 	show_condition_text: autoDraw = True
14.4540 	EXP 	New trial (rep=0, index=5): OrderedDict([('word', 'gi')])
14.4708 	EXP 	show_condition_text: autoDraw = False
14.4708 	EXP 	show_condition_text: text = 'gi'
14.4708 	EXP 	show_condition_text: autoDraw = True
14.4713 	EXP 	New trial (rep=0, index=6): OrderedDict([('word', 'usd')])
14.4872 	EXP 	show_condition_text: autoDraw = False
14.4872 	EXP 	show_condition_text: text = 'usd'
14.4872 	EXP 	show_condition_text: autoDraw = True
14.4877 	EXP 	New trial (rep=0, index=7): OrderedDict([('word', 'watson')])
14.5037 	EXP 	show_condition_text: autoDraw = False
14.5037 	EXP 	show_condition_text: text = 'watson'
14.5037 	EXP 	show_condition_text: autoDraw = True
14.5197 	EXP 	show_condition_text: autoDraw = False
14.5197 	EXP 	show_condition_text: text = '****'
14.5197 	EXP 	show_condition_text: autoDraw = True
14.5365 	EXP 	show_condition_text: text = '****'
14.5365 	EXP 	show_condition_text: autoDraw = True
14.5536 	EXP 	show_condition_text: text = '****'
14.5536 	EXP 	show_condition_text: autoDraw = True
14.5708 	EXP 	show_condition_text: text = '****'
14.5708 	EXP 	show_condition_text: autoDraw = True
14.5866 	EXP 	show_condition_text: text = '****'
14.5866 	EXP 	show_condition_text: autoDraw = True
14.6035 	EXP 	show_condition_text: text = '****'
14.6035 	EXP 	show_condition_text: autoDraw = True
14.6203 	EXP 	show_condition_text: text = '****'
14.6203 	EXP 	show_condition_text: autoDraw = True
14.6375 	EXP 	show_condition_text: text = '****'
14.6375 	EXP 	show_condition_text: autoDraw = True
14.6538 	EXP 	show_condition_text: text = '****'
14.6538 	EXP 	show_condition_text: autoDraw = True
14.6707 	EXP 	show_condition_text: text = '****'
14.6707 	EXP 	show_condition_text: autoDraw = True
14.6868 	EXP 	show_condition_text: text = '****'
14.6868 	EXP 	show_condition_text: autoDraw = True
14.7038 	EXP 	show_condition_text: text = '****'
14.7038 	EXP 	show_condition_text: autoDraw = True
14.7197 	EXP 	show_condition_text: text = '****'
14.7197 	EXP 	show_condition_text: autoDraw = True
14.7364 	EXP 	show_condition_text: text = '****'
14.7364 	EXP 	show_condition_text: autoDraw = True
14.7540 	EXP 	show_condition_text: text = '****'
14.7540 	EXP 	show_condition_text: autoDraw = True
14.7703 	EXP 	show_condition_text: text = '****'
14.7703 	EXP 	show_condition_text: autoDraw = True
14.7868 	EXP 	New trial (rep=0, index=6): OrderedDict([('wlist_index', 3)])
14.8013 	EXP 	Imported csvs/3.csv as conditions, 9 conditions, 1 params
14.8017 	EXP 	Created sequence: random, trialTypes=9, nReps=1, seed=None
14.8019 	EXP 	New trial (rep=0, index=0): OrderedDict([('word', 'www')])
14.8081 	DATA 	Keypress: space
14.8198 	EXP 	show_condition_text: text = 'www'
14.8198 	EXP 	show_condition_text: autoDraw = True
14.8202 	EXP 	New trial (rep=0, index=1): OrderedDict([('word', 'knowledgestorm')])
14.8390 	EXP 	show_condition_text: autoDraw = False
14.8390 	EXP 	show_condition_text: text = 'knowledgestorm'
14.8390 	EXP 	show_condition_text: autoDraw = True
14.8394 	EXP 	New trial (rep=0, index=2): OrderedDict([('word', 'intervention')])
14.8579 	EXP 	show_condition_text: autoDraw = False
14.8579 	EXP 	show_condition_text: text = 'intervention'
14.8579 	EXP 	show_condition_text: autoDraw = True
14.8586 	EXP 	New trial (rep=0, index=3): OrderedDict([('word', 'wow')])
14.8743 	EXP 	show_condition_text: autoDraw = False
14.8743 	EXP 	show_condition_text: text = 'wow'
14.8743 	EXP 	show_condition_text: autoDraw = True
14.8749 	EXP 	New trial (rep=0, index=4): OrderedDict([('word', 'silent')])
14.9055 	EXP 	show_condition_text: autoDraw = False
14.9055 	EXP 	show_condition_text: text = 'silent'
14.9055 	EXP 	show_condition_text: autoDraw = True
14.9060 	EXP 	New trial (rep=0, index=5): OrderedDict([('word', 'considers')])
14.9247 	EXP 	show_condition_text: autoDraw = False
14.9247 	EXP 	show_condition_text: text = 'considers'
14.9247 	EXP 	show_condition_text: autoDraw = True
14.9251 	EXP 	New trial (rep=0, index=6): OrderedDict([('word', 'smaller')])
14.9411 	EXP 	show_condition_text: autoDraw = False
14.9411 	EXP 	show_condition_text: text = 'smaller'
14.9411 	EXP 	show_condition_text: autoDraw = True
14.9415 	EXP 	New trial (rep=0, index=7): OrderedDict([('word', 'custom')])
14.9569 	EXP 	show_condition_text: autoDraw = False
14.9569 	EXP 	show_condition_text: text = 'custom'
14.9569 	EXP 	show_condition_text: autoDraw = True
14.9574 	EXP 	New trial (rep=0, index=8): OrderedDict([('word', 'vat')])
14.9744 	EXP 	show_condition_text: autoDraw = False
14.9744 	EXP 	show_condition_text: text = 'vat'
14.9744 	EXP 	show_condition_text: autoDraw = True
14.9900 	EXP 	show_condition_text: autoDraw = False
14.9900 	EXP 	show_condition_text: text = '****'
14.9900 	EXP 	show_condition_text: autoDraw = True
15.0041 	EXP 	show_condition_text: text = '****'
15.0041 	EXP 	show_condition_text: autoDraw = True
15.0202 	EXP 	show_condition_text: text = '****'
15.0202 	EXP 	show_condition_text: autoDraw = True
15.0366 	EXP 	show_condition_text: text = '****'
15.0366 	EXP 	show_condition_text: autoDraw = True
15.0534 	EXP 	show_condition_text: text = '****'
15.0534 	EXP 	show_condition_text: autoDraw = True
15.0699 	EXP 	show_condition_text: text = '****'
15.0699 	EXP 	show_condition_text: autoDraw = True
15.0867 	EXP 	show_condition_text: text = '****'
15.0867 	EXP 	show_condition_text: autoDraw = True
15.1036 	EXP 	show_condition_text: text = '****'
15.1036 	EXP 	show_condition_text: autoDraw = True
15.1198 	EXP 	show_condition_text: text = '****'
15.1198 	EXP 	show_condition_text: autoDraw = True
15.1363 	EXP 	show_condition_text: text = '****'
15.1363 	EXP 	show_condition_text: autoDraw = True
15.1533 	EXP 	show_condition_text: text = '****'
15.1533 	EXP 	show_condition_text: autoDraw = True
15.1703 	EXP 	show_condition_text: text = '****'
15.1703 	EXP 	show_condition_text: autoDraw = True
15.1869 	EXP 	show_condition_text: text = '****'
15.1869 	EXP 	show_condition_text: autoDraw = True
15.2036 	EXP 	show_condition_text: text = '****'
15.2036 	EXP 	show_condition_text: autoDraw = True
15.2194 	EXP 	show_condition_text: text = '****'
15.2194 	EXP 	show_condition_text: autoDraw = True
15.2368 	EXP 	show_condition_text: text = '****'
15.2368 	EXP 	show_condition_text: autoDraw = True
15.2534 	EXP 	show_condition_text: text = '****'
15.2534 	EXP 	show_condition_text: autoDraw = True
15.2695 	EXP 	show_condition_text: text = '****'
15.2695 	EXP 	show_condition_text: autoDraw = True
15.2866 	EXP 	show_condition_text: text = '****'
15.2866 	EXP 	show_condition_text: autoDraw = True
15.3025 	EXP 	show_condition_text: text = '****'
15.3025 	EXP 	show_condition_text: autoDraw = True
15.3198 	EXP 	show_condition_text: text = '****'
15.3198 	EXP 	show_condition_text: autoDraw = True
15.3367 	EXP 	show_condition_text: text = '****'
15.3367 	EXP 	show_condition_text: autoDraw = True
15.3536 	EXP 	show_condition_text: text = '****'
15.3536 	EXP 	show_condition_text: autoDraw = True
15.3699 	EXP 	show_condition_text: text = '****'
15.3699 	EXP 	show_condition_text: autoDraw = True
15.3866 	EXP 	show_condition_text: text = '****'
15.3866 	EXP 	show_condition_text: autoDraw = True
15.4027 	EXP 	show_condition_text: text = '****'
15.4027 	EXP 	show_condition_text: autoDraw = True
15.4203 	EXP 	New trial (rep=0, index=7): OrderedDict([('wlist_index', 17)])
15.4240 	EXP 	Imported csvs/17.csv as conditions, 10 conditions, 1 params
15.4243 	EXP 	Created sequence: random, trialTypes=10, nReps=1, seed=None
15.4245 	EXP 	New trial (rep=0, index=0): OrderedDict([('word', 'accept')])
15.4312 	DATA 	Keypress: space
15.4542 	EXP 	show_condition_text: text = 'accept'
15.4542 	EXP 	show_condition_text: autoDraw = True
15.4546 	EXP 	New trial (rep=0, index=1): OrderedDict([('word', 'map')])
15.4705 	EXP 	show_condition_text: autoDraw = False
15.4705 	EXP 	show_condition_text: text = 'map'
15.4705 	EXP 	show_condition_text: autoDraw = True
15.4710 	EXP 	New trial (rep=0, index=2): OrderedDict([('word', 'potatoes')])
15.4877 	EXP 	show_condition_text: autoDraw = False
15.4877 	EXP 	show_condition_text: text = 'potatoes'
15.4877 	EXP 	show_condition_text: autoDraw = True
15.4882 	EXP 	New trial (rep=0, index=3): OrderedDict([('word', 'penetration')])
15.4988 	DATA 	Keypress: space
15.5199 	EXP 	show_condition_text: autoDraw = False
15.5199 	EXP 	show_condition_text: text = 'penetration'
15.5199 	EXP 	show_condition_text: autoDraw = True
15.5203 	EXP 	New trial (rep=0, index=4): OrderedDict([('word', 'scott')])
15.5363 	EXP 	show_condition_text: autoDraw = False
15.5363 	EXP 	show_condition_text: text = 'scott'
15.5363 	EXP 	show_condition_text: autoDraw = True
15.5369 	EXP 	New trial (rep=0, index=5): OrderedDict([('word', 'talent')])
15.5542 	EXP 	show_condition_text: autoDraw = False
15.5542 	EXP 	show_condition_text: text = 'talent'
15.5542 	EXP 	show_condition_text: autoDraw = True
15.5547 	EXP 	New trial (rep=0, index=6): OrderedDict([('word', 'sally')])
15.5717 	EXP 	show_condition_text: autoDraw = False
15.5717 	EXP 	show_condition_text: text = 'sally'
15.5717 	EXP 	show_condition_text: autoDraw = True
15.5721 	EXP 	New trial (rep=0, index=7): OrderedDict([('word', 'places')])
15.5785 	DATA 	Keypress: space
15.5901 	EXP 	show_condition_text: autoDraw = False
15.5901 	EXP 	show_condition_text: text = 'places'
15.5901 	EXP 	show_condition_text: autoDraw = True
15.5905 	EXP 	New trial (rep=0, index=8): OrderedDict([('word', 'adaptor')])
15.6073 	EXP 	show_condition_text: autoDraw = False
15.6073 	EXP 	show_condition_text: text = 'adaptor'
15.6073 	EXP 	show_condition_text: autoDraw = True
15.6078 	EXP 	New trial (rep=0, index=9): OrderedDict([('word', 'charging')])
15.6369 	EXP 	show_condition_text: autoDraw = False
15.6369 	EXP 	show_condition_text: text = 'charging'
15.6369 	EXP 	show_condition_text: autoDraw = True
15.6533 	EXP 	show_condition_text: autoDraw = False
15.6537 	EXP 	New trial (rep=0, index=1): OrderedDict([('condition', 4)])
15.6565 	EXP 	Imported csvs/condition_4_wlists_indices.csv as conditions, 8 conditions, 1 params
15.6568 	EXP 	Created sequence: random, trialTypes=8, nReps=1, seed=None
15.6570 	EXP 	New trial (rep=0, index=0): OrderedDict([('wlist_index', 4)])
15.6598 	EXP 	Imported csvs/4.csv as conditions, 11 conditions, 1 params
15.6601 	EXP 	Created sequence: random, trialTypes=11, nReps=1, seed=None
15.6604 	EXP 	New trial (rep=0, index=0): OrderedDict([('word', 'groups')])
15.6682 	DATA 	Keypress: space
15.6866 	EXP 	show_condition_text: text = 'groups'
15.6866 	EXP 	show_condition_text: autoDraw = True
15.6870 	EXP 	New trial (rep=0, index=1): OrderedDict([('word', 'always')])
15.7039 	EXP 	show_condition_text: autoDraw = False
15.7039 	EXP 	show_condition_text: text = 'always'
15.7039 	EXP 	show_condition_text: autoDraw = True
15.7043 	EXP 	New trial (rep=0, index=2): OrderedDict([('word', 'merit')])
15.7223 	EXP 	show_condition_text: autoDraw = False
15.7223 	EXP 	show_condition_text: text = 'merit'
15.7223 	EXP 	show_condition_text: autoDraw = True
15.7229 	EXP 	New trial (rep=0, index=3): OrderedDict([('word', 'aka')])
15.7305 	DATA 	Keypress: space
15.7418 	EXP 	show_condition_text: autoDraw = False
15.7418 	EXP 	show_condition_text: text = 'aka'
15.7418 	EXP 	show_condition_text: autoDraw = True
15.7424 	EXP 	New trial (rep=0, index=4): OrderedDict([('word', 'southampton')])
15.7701 	EXP 	show_condition_text: autoDraw = False
15.7701 	EXP 	show_condition_text: text = 'southampton'
15.7701 	EXP 	show_condition_text: autoDraw = True
15.7705 	EXP 	New trial (rep=0, index=5): OrderedDict([('word', 'knows')])
15.7870 	EXP 	show_condition_text: autoDraw = False
15.7870 	EXP 	show_condition_text: text = 'knows'
15.7870 	EXP 	show_condition_text: autoDraw = True
15.7874 	EXP 	New trial (rep=0, index=6): OrderedDict([('word', 'famous')])
15.8031 	EXP 	show_condition_text: autoDraw = False
15.8031 	EXP 	show_condition_text: text = 'famous'
15.8031 	EXP 	show_condition_text: autoDraw = True
15.8036 	EXP 	New trial (rep=0, index=7): OrderedDict([('word', 'technology')])
15.8123 	DATA 	Keypress: space
15.8239 	EXP 	show_condition_text: autoDraw = False
15.8239 	EXP 	show_condition_text: text = 'technology'
15.8239 	EXP 	show_condition_text: autoDraw = True
15.8244 	EXP 	New trial (rep=0, index=8): OrderedDict([('word', 'phantom')])
15.8411 	EXP 	show_condition_text: autoDraw = False
15.8411 	EXP 	show_condition_text: text = 'phantom'
15.8411 	EXP 	show_condition_text: autoDraw = True
15.8415 	EXP 	New trial (rep=0, index=9): OrderedDict([('word', 'diy')])
15.8570 	EXP 	show_condition_text: autoDraw = False
15.8570 	EXP 	show_condition_text: text = 'diy'
15.8570 	EXP 	show_condition_text: autoDraw = True
15.8576 	EXP 	New trial (rep=0, index=10): OrderedDict([('word', 'interim')])
15.8864 	EXP 	show_condition_text: autoDraw = False
15.8864 	EXP 	show_condition_text: text = 'interim'
15.8864 	EXP 	show_condition_text: autoDraw = True
15.8893 	DATA 	Keypress: space
15.9035 	EXP 	show_condition_text: autoDraw = False
15.9039 	EXP 	New trial (rep=0, index=1): OrderedDict([('wlist_index', 18)])
15.9141 	EXP 	Imported csvs/18.csv as conditions, 9 conditions, 1 params
15.9146 	EXP 	Created sequence: random, trialTypes=9, nReps=1, seed=None
15.9149 	EXP 	New trial (rep=0, index=0): OrderedDict([('word', 'stan')])
15.9372 	EXP 	show_condition_text: text = 'stan'
15.9372 	EXP 	show_condition_text: autoDraw = True
15.9376 	EXP 	New trial (rep=0, index=1): OrderedDict([('word', 'present')])
15.9536 	EXP 	show_condition_text: autoDraw = False
15.9536 	EXP 	show_condition_text: text = 'present'
15.9536 	EXP 	show_condition_text: autoDraw = True
15.9540 	EXP 	New trial (rep=0, index=2): OrderedDict([('word', 'nominated')])
15.9626 	DATA 	Keypress: space
15.9742 	EXP 	show_condition_text: autoDraw = False
15.9742 	EXP 	show_condition_text: text = 'nominated'
15.9742 	EXP 	show_condition_text: autoDraw = True
15.9746 	EXP 	New trial (rep=0, index=3): OrderedDict([('word', 'bosnia')])
15.9916 	EXP 	show_condition_text: autoDraw = False
15.9916 	EXP 	show_condition_text: text = 'bosnia'
15.9916 	EXP 	show_condition_text: autoDraw = True
15.9922 	EXP 	New trial (rep=0, index=4): OrderedDict([('word', 'geographical')])
16.0201 	EXP 	show_condition_text: autoDraw = False
16.0201 	EXP 	show_condition_text: text = 'geographical'
16.0201 	EXP 	show_condition_text: autoDraw = True
16.0205 	EXP 	New trial (rep=0, index=5): OrderedDict([('word', 'jaguar')])
16.0396 	EXP 	show_condition_text: autoDraw = False
16.0396 	EXP 	show_condition_text: text = 'jaguar'
16.0396 	EXP 	show_condition_text: autoDraw = True
16.0400 	EXP 	New trial (rep=0, index=6): OrderedDict([('word', 'longer')])
16.0468 	DATA 	Keypress: space
16.0707 	EXP 	show_condition_text: autoDraw = False
16.0707 	EXP 	show_condition_text: text = 'longer'
16.0707 	EXP 	show_condition_text: autoDraw = True
16.0712 	EXP 	New trial (rep=0, index=7): OrderedDict([('word', 'nicaragua')])
16.0902 	EXP 	show_condition_text: autoDraw = False
16.0902 	EXP 	show_condition_text: text = 'nicaragua'
16.0902 	EXP 	show_condition_text: autoDraw = True
16.0906 	EXP 	New trial (rep=0, index=8): OrderedDict([('word', 'cardiff')])
16.1081 	EXP 	show_condition_text: autoDraw = False
16.1081 	EXP 	show_condition_text: text = 'cardiff'
16.1081 	EXP 	show_condition_text: autoDraw = True
16.1202 	EXP 	show_condition_text: autoDraw = False
16.1208 	EXP 	New trial (rep=0, index=2): OrderedDict([('wlist_index', 14)])
16.1245 	EXP 	Imported csvs/14.csv as conditions, 9 conditions, 1 params
16.1248 	EXP 	Created sequence: random, trialTypes=9, nReps=1, seed=None
16.1250 	EXP 	New trial (rep=0, index=0): OrderedDict([('word', 'rights')])
16.1311 	DATA 	Keypress: space
16.1536 	EXP 	show_condition_text: text = 'rights'
16.1536 	EXP 	show_condition_text: autoDraw = True
16.1541 	EXP 	New trial (rep=0, index=1): OrderedDict([('word', 'hardly')])
16.1725 	EXP 	show_condition_text: autoDraw = False
16.1725 	EXP 	show_condition_text: text = 'hardly'
16.1725 	EXP 	show_condition_text: autoDraw = True
16.1729 	EXP 	New trial (rep=0, index=2): OrderedDict([('word', 'handles')])
16.1894 	EXP 	show_condition_text: autoDraw = False
16.1894 	EXP 	show_condition_text: text = 'handles'
16.1894 	EXP 	show_condition_text: autoDraw = True
16.1898 	EXP 	New trial (rep=0, index=3): OrderedDict([('word', 'breast')])
16.1965 	DATA 	Keypress: space
16.2207 	EXP 	show_condition_text: autoDraw = False
16.2207 	EXP 	show_condition_text: text = 'breast'
16.2207 	EXP 	show_condition_text: autoDraw = True
16.2214 	EXP 	New trial (rep=0, index=4): OrderedDict([('word', 'bangladesh')])
16.2411 	EXP 	show_condition_text: autoDraw = False
16.2411 	EXP 	show_condition_text: text = 'bangladesh'
16.2411 	EXP 	show_condition_text: autoDraw = True
16.2417 	EXP 	New trial (rep=0, index=5): OrderedDict([('word', 'ranch')])
16.2703 	EXP 	show_condition_text: autoDraw = False
16.2703 	EXP 	show_condition_text: text = 'ranch'
16.2703 	EXP 	show_condition_text: autoDraw = True
16.2707 	EXP 	New trial (rep=0, index=6): OrderedDict([('word', 'ho')])
16.2765 	DATA 	Keypress: space
16.2874 	EXP 	show_condition_text: autoDraw = False
16.2874 	EXP 	show_condition_text: text = 'ho'
16.2874 	EXP 	show_condition_text: autoDraw = True
16.2878 	EXP 	New trial (rep=0, index=7): OrderedDict([('word', 'surround')])
16.3039 	EXP 	show_condition_text: autoDraw = False
16.3039 	EXP 	show_condition_text: text = 'surround'
16.3039 	EXP 	show_condition_text: autoDraw = True
16.3043 	EXP 	New trial (rep=0, index=8): OrderedDict([('word', 'debt')])
16.3206 	EXP 	show_condition_text: autoDraw = False
16.3206 	EXP 	show_condition_text: text = 'debt'
16.3206 	EXP 	show_condition_text: autoDraw = True
16.3362 	EXP 	show_condition_text: autoDraw = False
16.3365 	EXP 	New trial (rep=0, index=3): OrderedDict([('wlist_index', 5)])
16.3412 	EXP 	Imported csvs/5.csv as conditions, 7 conditions, 1 params
16.3415 	EXP 	Created sequence: random, trialTypes=7, nReps=1, seed=None
16.3417 	EXP 	New trial (rep=0, index=0): OrderedDict([('word', 'acceptance')])
16.3699 	EXP 	show_condition_text: text = 'acceptance'
16.3699 	EXP 	show_condition_text: autoDraw = True
16.3704 	EXP 	New trial (rep=0, index=1): OrderedDict([('word', 'mediterranean')])
16.3805 	DATA 	Keypress: space
16.4041 	EXP 	show_condition_text: autoDraw = False
16.4041 	EXP 	show_condition_text: text = 'mediterranean'
16.4041 	EXP 	show_condition_text: autoDraw = True
16.4046 	EXP 	New trial (rep=0, index=2): OrderedDict([('word', 'specialties')])
16.4363 	EXP 	show_condition_text: autoDraw = False
16.4363 	EXP 	show_condition_text: text = 'specialties'
16.4363 	EXP 	show_condition_text: autoDraw = True
16.4367 	EXP 	New trial (rep=0, index=3): OrderedDict([('word', 'physics')])
16.4437 	DATA 	Keypress: space
16.4549 	EXP 	show_condition_text: autoDraw = False
16.4549 	EXP 	show_condition_text: text = 'physics'
16.4549 	EXP 	show_condition_text: autoDraw = True
16.4554 	EXP 	New trial (rep=0, index=4): OrderedDict([('word', 'typically')])
16.4740 	EXP 	show_condition_text: autoDraw = False
16.4740 	EXP 	show_condition_text: text = 'typically'
16.4740 	EXP 	show_condition_text: autoDraw = True
16.4744 	EXP 	New trial (rep=0, index=5): OrderedDict([('word', 'charitable')])
16.5040 	EXP 	show_condition_text: autoDraw = False
16.5040 	EXP 	show_condition_text: text = 'charitable'
16.5040 	EXP 	show_condition_text: autoDraw = True
16.5046 	EXP 	New trial (rep=0, index=6): OrderedDict([('word', 'access')])
16.5204 	EXP 	show_condition_text: autoDraw = False
16.5204 	EXP 	show_condition_text: text = 'access'
16.5204 	EXP 	show_condition_text: autoDraw = True
16.5230 	DATA 	Keypress: space
16.5371 	EXP 	show_condition_text: autoDraw = False
16.5376 	EXP 	New trial (rep=0, index=4): OrderedDict([('wlist_index', 6)])
16.5727 	EXP 	Imported csvs/6.csv as conditions, 9 conditions, 1 params
16.5729 	EXP 	Created sequence: random, trialTypes=9, nReps=1, seed=None
16.5731 	EXP 	New trial (rep=0, index=0): OrderedDict([('word', 'enjoyed')])
16.5907 	EXP 	show_condition_text: text = 'enjoyed'
16.5907 	EXP 	show_condition_text: autoDraw = True
16.5911 	EXP 	New trial (rep=0, index=1): OrderedDict([('word', 'findlaw')])
16.5982 	DATA 	Keypress: space
16.6202 	EXP 	show_condition_text: autoDraw = False
16.6202 	EXP 	show_condition_text: text = 'findlaw'
16.6202 	EXP 	show_condition_text: autoDraw = True
16.6206 	EXP 	New trial (rep=0, index=2): OrderedDict([('word', 'colonial')])
16.6368 	EXP 	show_condition_text: autoDraw = False
16.6368 	EXP 	show_condition_text: text = 'colonial'
16.6368 	EXP 	show_condition_text: autoDraw = True
16.6373 	EXP 	New trial (rep=0, index=3): OrderedDict([('word', 'futures')])
16.6545 	EXP 	show_condition_text: autoDraw = False
16.6545 	EXP 	show_condition_text: text = 'futures'
16.6545 	EXP 	show_condition_text: autoDraw = True
16.6550 	EXP 	New trial (rep=0, index=4): OrderedDict([('word', 'showers')])
16.6636 	DATA 	Keypress: space
16.6868 	EXP 	show_condition_text: autoDraw = False
16.6868 	EXP 	show_condition_text: text = 'showers'
16.6868 	EXP 	show_condition_text: autoDraw = True
16.6873 	EXP 	New trial (rep=0, index=5): OrderedDict([('word', 'jose')])
16.7038 	EXP 	show_condition_text: autoDraw = False
16.7038 	EXP 	show_condition_text: text = 'jose'
16.7038 	EXP 	show_condition_text: autoDraw = True
16.7042 	EXP 	New trial (rep=0, index=6): OrderedDict([('word', 'landscape')])
16.7221 	EXP 	show_condition_text: autoDraw = False
16.7221 	EXP 	show_condition_text: text = 'landscape'
16.7221 	EXP 	show_condition_text: autoDraw = True
16.7225 	EXP 	New trial (rep=0, index=7): OrderedDict([('word', 'sole')])
16.7371 	EXP 	show_condition_text: autoDraw = False
16.7371 	EXP 	show_condition_text: text = 'sole'
16.7371 	EXP 	show_condition_text: autoDraw = True
16.7378 	EXP 	New trial (rep=0, index=8): OrderedDict([('word', 'data')])
16.7532 	EXP 	show_condition_text: autoDraw = False
16.7532 	EXP 	show_condition_text: text = 'data'
16.7532 	EXP 	show_condition_text: autoDraw = True
16.7559 	DATA 	Keypress: space
16.7697 	EXP 	show_condition_text: autoDraw = False
16.7701 	EXP 	New trial (rep=0, index=5): OrderedDict([('wlist_index', 16)])
16.7730 	EXP 	Imported csvs/16.csv as conditions, 7 conditions, 1 params
16.7734 	EXP 	Created sequence: random, trialTypes=7, nReps=1, seed=None
16.7737 	EXP 	New trial (rep=0, index=0): OrderedDict([('word', 'estimates')])
16.8039 	EXP 	show_condition_text: text = 'estimates'
16.8039 	EXP 	show_condition_text: autoDraw = True
16.8043 	EXP 	New trial (rep=0, index=1): OrderedDict([('word', 'activated')])
16.8211 	EXP 	show_condition_text: autoDraw = False
16.8211 	EXP 	show_condition_text: text = 'activated'
16.8211 	EXP 	show_condition_text: autoDraw = True
16.8215 	EXP 	New trial (rep=0, index=2): OrderedDict([('word', 'usage')])
16.8293 	DATA 	Keypress: space
16.8412 	EXP 	show_condition_text: autoDraw = False
16.8412 	EXP 	show_condition_text: text = 'usage'
16.8412 	EXP 	show_condition_text: autoDraw = True
16.8419 	EXP 	New trial (rep=0, index=3): OrderedDict([('word', 'moscow')])
16.8579 	EXP 	show_condition_text: autoDraw = False
16.8579 	EXP 	show_condition_text: text = 'moscow'
16.8579 	EXP 	show_condition_text: autoDraw = True
16.8583 	EXP 	New trial (rep=0, index=4): OrderedDict([('word', 'are')])
16.8868 	EXP 	show_condition_text: autoDraw = False
16.8868 	EXP 	show_condition_text: text = 'are'
16.8868 	EXP 	show_condition_text: autoDraw = True
16.8872 	EXP 	New trial (rep=0, index=5): OrderedDict([('word', 'original')])
16.9034 	EXP 	show_condition_text: autoDraw = False
16.9034 	EXP 	show_condition_text: text = 'original'
16.9034 	EXP 	show_condition_text: autoDraw = True
16.9040 	EXP 	New trial (rep=0, index=6): OrderedDict([('word', 'singh')])
16.9120 	DATA 	Keypress: space
16.9234 	EXP 	show_condition_text: autoDraw = False
16.9234 	EXP 	show_condition_text: text = 'singh'
16.9234 	EXP 	show_condition_text: autoDraw = True
16.9371 	EXP 	show_condition_text: autoDraw = False
16.9375 	EXP 	New trial (rep=0, index=6): OrderedDict([('wlist_index', 24)])
16.9518 	EXP 	Imported csvs/24.csv as conditions, 8 conditions, 1 params
16.9522 	EXP 	Created sequence: random, trialTypes=8, nReps=1, seed=None
16.9524 	EXP 	New trial (rep=0, index=0): OrderedDict([('word', 'grab')])
16.9701 	EXP 	show_condition_text: text = 'grab'
16.9701 	EXP 	show_condition_text: autoDraw = True
16.9705 	EXP 	New trial (rep=0, index=1): OrderedDict([('word', 'albany')])
16.9871 	EXP 	show_condition_text: autoDraw = False
16.9871 	EXP 	show_condition_text: text = 'albany'
16.9871 	EXP 	show_condition_text: autoDraw = True
16.9875 	EXP 	New trial (rep=0, index=2): OrderedDict([('word', 'cabinets')])
17.0036 	EXP 	show_condition_text: autoDraw = False
17.0036 	EXP 	show_condition_text: text = 'cabinets'
17.0036 	EXP 	show_condition_text: autoDraw = True
17.0040 	EXP 	New trial (rep=0, index=3): OrderedDict([('word', 'general')])
17.0199 	EXP 	show_condition_text: autoDraw = False
17.0199 	EXP 	show_condition_text: text = 'general'
17.0199 	EXP 	show_condition_text: autoDraw = True
17.0203 	EXP 	New trial (rep=0, index=4): OrderedDict([('word', 'everyone')])
17.0383 	EXP 	show_condition_text: autoDraw = False
17.0383 	EXP 	show_condition_text: text = 'everyone'
17.0383 	EXP 	show_condition_text: autoDraw = True
17.0387 	EXP 	New trial (rep=0, index=5): OrderedDict([('word', 'technologies')])
17.0580 	EXP 	show_condition_text: autoDraw = False
17.0580 	EXP 	show_condition_text: text = 'technologies'
17.0580 	EXP 	show_condition_text: autoDraw = True
17.0586 	EXP 	New trial (rep=0, index=6): OrderedDict([('word', 'bit')])
17.0644 	DATA 	Keypress: space
17.0867 	EXP 	show_condition_text: autoDraw = False
17.0867 	EXP 	show_condition_text: text = 'bit'
17.0867 	EXP 	show_condition_text: autoDraw = True
17.0872 	EXP 	New trial (rep=0, index=7): OrderedDict([('word', 'listening')])
17.1043 	EXP 	show_condition_text: autoDraw = False
17.1043 	EXP 	show_condition_text: text = 'listening'
17.1043 	EXP 	show_condition_text: autoDraw = True
17.1201 	EXP 	show_condition_text: autoDraw = False
17.1205 	EXP 	New trial (rep=0, index=7): OrderedDict([('wlist_index', 7)])
17.1338 	EXP 	Imported csvs/7.csv as conditions, 9 conditions, 1 params
17.1342 	EXP 	Created sequence: random, trialTypes=9, nReps=1, seed=None
17.1346 	EXP 	New trial (rep=0, index=0): OrderedDict([('word', 'nottingham')])
17.1539 	EXP 	show_condition_text: text = 'nottingham'
17.1539 	EXP 	show_condition_text: autoDraw = True
17.1544 	EXP 	New trial (rep=0, index=1): OrderedDict([('word', 'secure')])
17.1721 	EXP 	show_condition_text: autoDraw = False
17.1721 	EXP 	show_condition_text: text = 'secure'
17.1721 	EXP 	show_condition_text: autoDraw = True
17.1725 	EXP 	New trial (rep=0, index=2): OrderedDict([('word', 'wallet')])
17.1780 	DATA 	Keypress: space
17.1898 	EXP 	show_condition_text: autoDraw = False
17.1898 	EXP 	show_condition_text: text = 'wallet'
17.1898 	EXP 	show_condition_text: autoDraw = True
17.1903 	EXP 	New trial (rep=0, index=3): OrderedDict([('word', 'enquiry')])
17.2195 	EXP 	show_condition_text: autoDraw = False
17.2195 	EXP 	show_condition_text: text = 'enquiry'
17.2195 	EXP 	show_condition_text: autoDraw = True
17.2203 	EXP 	New trial (rep=0, index=4): OrderedDict([('word', 'self')])
17.2362 	EXP 	show_condition_text: autoDraw = False
17.2362 	EXP 	show_condition_text: text = 'self'
17.2362 	EXP 	show_condition_text: autoDraw = True
17.2366 	EXP 	New trial (rep=0, index=5): OrderedDict([('word', 'bubble')])
17.2545 	EXP 	show_condition_text: autoDraw = False
17.2545 	EXP 	show_condition_text: text = 'bubble'
17.2545 	EXP 	show_condition_text: autoDraw = True
17.2550 	EXP 	New trial (rep=0, index=6): OrderedDict([('word', 'directors')])
17.2645 	DATA 	Keypress: space
17.2866 	EXP 	show_condition_text: autoDraw = False
17.2866 	EXP 	show_condition_text: text = 'directors'
17.2866 	EXP 	show_condition_text: autoDraw = True
17.2870 	EXP 	New trial (rep=0, index=7): OrderedDict([('word', 'dick')])
17.3038 	EXP 	show_condition_text: autoDraw = False
17.3038 	EXP 	show_condition_text: text = 'dick'
17.3038 	EXP 	show_condition_text: autoDraw = True
17.3042 	EXP 	New trial (rep=0, index=8): OrderedDict([('word', 'actual')])
17.3197 	EXP 	show_condition_text: autoDraw = False
17.3197 	EXP 	show_condition_text: text = 'actual'
17.3197 	EXP 	show_condition_text: autoDraw = True
17.3373 	EXP 	show_condition_text: autoDraw = False
17.3378 	EXP 	New trial (rep=0, index=2): OrderedDict([('condition', 2)])
17.3516 	EXP 	Imported csvs/condition_2_wlists_indices.csv as conditions, 8 conditions, 1 params
17.3519 	EXP 	Created sequence: random, trialTypes=8, nReps=1, seed=None
17.3521 	EXP 	New trial (rep=0, index=0): OrderedDict([('wlist_index', 23)])
17.3610 	EXP 	Imported csvs/23.csv as conditions, 6 conditions, 1 params
17.3614 	EXP 	Created sequence: random, trialTypes=6, nReps=1, seed=None
17.3617 	EXP 	New trial (rep=0, index=0): OrderedDict([('word', 'shelf')])
17.3868 	EXP 	show_condition_text: text = 'shelf'
17.3868 	EXP 	show_condition_text: autoDraw = True
17.3872 	EXP 	New trial (rep=0, index=1): OrderedDict([('word', 'horror')])
17.4040 	EXP 	show_condition_text: autoDraw = False
17.4040 	EXP 	show_condition_text: text = 'horror'
17.4040 	EXP 	show_condition_text: autoDraw = True
17.4044 	EXP 	New trial (rep=0, index=2): OrderedDict([('word', 'info')])
17.4203 	EXP 	show_condition_text: autoDraw = False
17.4203 	EXP 	show_condition_text: text = 'info'
17.4203 	EXP 	show_condition_text: autoDraw = True
17.4210 	EXP 	New trial (rep=0, index=3): OrderedDict([('word', 'sponsors')])
17.4407 	EXP 	show_condition_text: autoDraw = False
17.4407 	EXP 	show_condition_text: text = 'sponsors'
17.4407 	EXP 	show_condition_text: autoDraw = True
17.4412 	EXP 	New trial (rep=0, index=4): OrderedDict([('word', 'efficient')])
17.4503 	DATA 	Keypress: space
17.4708 	EXP 	show_condition_text: autoDraw = False
17.4708 	EXP 	show_condition_text: text = 'efficient'
17.4708 	EXP 	show_condition_text: autoDraw = True
17.4713 	EXP 	New trial (rep=0, index=5): OrderedDict([('word', 'easy')])
17.4868 	EXP 	show_condition_text: autoDraw = False
17.4868 	EXP 	show_condition_text: text = 'easy'
17.4868 	EXP 	show_condition_text: autoDraw = True
17.5040 	EXP 	show_condition_text: autoDraw = False
17.5043 	EXP 	New trial (rep=0, index=1): OrderedDict([('wlist_index', 8)])
17.5099 	EXP 	Imported csvs/8.csv as conditions, 11 conditions, 1 params
17.5103 	EXP 	Created sequence: random, trialTypes=11, nReps=1, seed=None
17.5104 	EXP 	New trial (rep=0, index=0): OrderedDict([('word', 'operate')])
17.5365 	EXP 	show_condition_text: text = 'operate'
17.5365 	EXP 	show_condition_text: autoDraw = True
17.5370 	EXP 	New trial (rep=0, index=1): OrderedDict([('word', 'draft')])
17.5537 	EXP 	show_condition_text: autoDraw = False
17.5537 	EXP 	show_condition_text: text = 'draft'
17.5537 	EXP 	show_condition_text: autoDraw = True
17.5543 	EXP 	New trial (rep=0, index=2): OrderedDict([('word', 'sir')])
17.5703 	EXP 	show_condition_text: autoDraw = False
17.5703 	EXP 	show_condition_text: text = 'sir'
17.5703 	EXP 	show_condition_text: autoDraw = True
17.5710 	EXP 	New trial (rep=0, index=3): OrderedDict([('word', 'luke')])
17.5882 	EXP 	show_condition_text: autoDraw = False
17.5882 	EXP 	show_condition_text: text = 'luke'
17.5882 	EXP 	show_condition_text: autoDraw = True
17.5886 	EXP 	New trial (rep=0, index=4): OrderedDict([('word', 'follows')])
17.6040 	EXP 	show_condition_text: autoDraw = False
17.6040 	EXP 	show_condition_text: text = 'follows'
17.6040 	EXP 	show_condition_text: autoDraw = True
17.6045 	EXP 	New trial (rep=0, index=5): OrderedDict([('word', 'basics')])
17.6232 	EXP 	show_condition_text: autoDraw = False
17.6232 	EXP 	show_condition_text: text = 'basics'
17.6232 	EXP 	show_condition_text: autoDraw = True
17.6237 	EXP 	New trial (rep=0, index=6): OrderedDict([('word', 'canberra')])
17.6319 	DATA 	Keypress: space
17.6531 	EXP 	show_condition_text: autoDraw = False
17.6531 	EXP 	show_condition_text: text = 'canberra'
17.6531 	EXP 	show_condition_text: autoDraw = True
17.6535 	EXP 	New trial (rep=0, index=7): OrderedDict([('word', 'elections')])
17.6696 	EXP 	show_condition_text: autoDraw = False
17.6696 	EXP 	show_condition_text: text = 'elections'
17.6696 	EXP 	show_condition_text: autoDraw = True
17.6701 	EXP 	New trial (rep=0, index=8): OrderedDict([('word', 'wellness')])
17.6868 	EXP 	show_condition_text: autoDraw = False
17.6868 	EXP 	show_condition_text: text = 'wellness'
17.6868 	EXP 	show_condition_text: autoDraw = True
17.6873 	EXP 	New trial (rep=0, index=9): OrderedDict([('word', 'educated')])
17.7038 	EXP 	show_condition_text: autoDraw = False
17.7038 	EXP 	show_condition_text: text = 'educated'
17.7038 	EXP 	show_condition_text: autoDraw = True
17.7042 	EXP 	New trial (rep=0, index=10): OrderedDict([('word', 'eddie')])
17.7202 	EXP 	show_condition_text: autoDraw = False
17.7202 	EXP 	show_condition_text: text = 'eddie'
17.7202 	EXP 	show_condition_text: autoDraw = True
17.7371 	EXP 	show_condition_text: autoDraw = False
17.7375 	EXP 	New trial (rep=0, index=2): OrderedDict([('wlist_index', 26)])
17.7467 	EXP 	Imported csvs/26.csv as conditions, 5 conditions, 1 params
17.7471 	EXP 	Created sequence: random, trialTypes=5, nReps=1, seed=None
17.7473 	EXP 	New trial (rep=0, index=0): OrderedDict([('word', 'sheer')])
17.7707 	EXP 	show_condition_text: text = 'sheer'
17.7707 	EXP 	show_condition_text: autoDraw = True
17.7712 	EXP 	New trial (rep=0, index=1): OrderedDict([('word', 'lingerie')])
17.8037 	EXP 	show_condition_text: autoDraw = False
17.8037 	EXP 	show_condition_text: text = 'lingerie'
17.8037 	EXP 	show_condition_text: autoDraw = True
17.8042 	EXP 	New trial (rep=0, index=2): OrderedDict([('word', 'wholesale')])
17.8128 	DATA 	Keypress: space
17.8249 	EXP 	show_condition_text: autoDraw = False
17.8249 	EXP 	show_condition_text: text = 'wholesale'
17.8249 	EXP 	show_condition_text: autoDraw = True
17.8253 	EXP 	New trial (rep=0, index=3): OrderedDict([('word', 'portable')])
17.8528 	EXP 	show_condition_text: autoDraw = False
17.8528 	EXP 	show_condition_text: text = 'portable'
17.8528 	EXP 	show_condition_text: autoDraw = True
17.8534 	EXP 	New trial (rep=0, index=4): OrderedDict([('word', 'peace')])
17.8702 	EXP 	show_condition_text: autoDraw = False
17.8702 	EXP 	show_condition_text: text = 'peace'
17.8702 	EXP 	show_condition_text: autoDraw = True
17.8872 	EXP 	show_condition_text: autoDraw = False
17.8876 	EXP 	New trial (rep=0, index=3): OrderedDict([('wlist_index', 25)])
17.9016 	EXP 	Imported csvs/25.csv as conditions, 9 conditions, 1 params
17.9019 	EXP 	Created sequence: random, trialTypes=9, nReps=1, seed=None
17.9021 	EXP 	New trial (rep=0, index=0): OrderedDict([('word', 'apr')])
17.9198 	EXP 	show_condition_text: text = 'apr'
17.9198 	EXP 	show_condition_text: autoDraw = True
17.9204 	EXP 	New trial (rep=0, index=1): OrderedDict([('word', 'renew')])
17.9371 	EXP 	show_condition_text: autoDraw = False
17.9371 	EXP 	show_condition_text: text = 'renew'
17.9371 	EXP 	show_condition_text: autoDraw = True
17.9375 	EXP 	New trial (rep=0, index=2): OrderedDict([('word', 'se')])
17.9537 	EXP 	show_condition_text: autoDraw = False
17.9537 	EXP 	show_condition_text: text = 'se'
17.9537 	EXP 	show_condition_text: autoDraw = True
17.9541 	EXP 	New trial (rep=0, index=3): OrderedDict([('word', 'argument')])
17.9630 	DATA 	Keypress: space
17.9867 	EXP 	show_condition_text: autoDraw = False
17.9867 	EXP 	show_condition_text: text = 'argument'
17.9867 	EXP 	show_condition_text: autoDraw = True
17.9871 	EXP 	New trial (rep=0, index=4): OrderedDict([('word', 'altered')])
18.0038 	EXP 	show_condition_text: autoDraw = False
18.0038 	EXP 	show_condition_text: text = 'altered'
18.0038 	EXP 	show_condition_text: autoDraw = True
18.0042 	EXP 	New trial (rep=0, index=5): OrderedDict([('word', 'secretary')])
18.0211 	EXP 	show_condition_text: autoDraw = False
18.0211 	EXP 	show_condition_text: text = 'secretary'
18.0211 	EXP 	show_condition_text: autoDraw = True
18.0216 	EXP 	New trial (rep=0, index=6): OrderedDict([('word', 'spank')])
18.0378 	EXP 	show_condition_text: autoDraw = False
18.0378 	EXP 	show_condition_text: text = 'spank'
18.0378 	EXP 	show_condition_text: autoDraw = True
18.0383 	EXP 	New trial (rep=0, index=7): OrderedDict([('word', 'expect')])
18.0563 	EXP 	show_condition_text: autoDraw = False
18.0563 	EXP 	show_condition_text: text = 'expect'
18.0563 	EXP 	show_condition_text: autoDraw = True
18.0569 	EXP 	New trial (rep=0, index=8): OrderedDict([('word', 'travels')])
18.0742 	EXP 	show_condition_text: autoDraw = False
18.0742 	EXP 	show_condition_text: text = 'travels'
18.0742 	EXP 	show_condition_text: autoDraw = True
18.0871 	EXP 	show_condition_text: autoDraw = False
18.0874 	EXP 	New trial (rep=0, index=4): OrderedDict([('wlist_index', 10)])
18.0956 	EXP 	Imported csvs/10.csv as conditions, 7 conditions, 1 params
18.0959 	EXP 	Created sequence: random, trialTypes=7, nReps=1, seed=None
18.0961 	EXP 	New trial (rep=0, index=0): OrderedDict([('word', 'endless')])
18.1208 	EXP 	show_condition_text: text = 'endless'
18.1208 	EXP 	show_condition_text: autoDraw = True
18.1212 	EXP 	New trial (rep=0, index=1): OrderedDict([('word', 'bind')])
18.1365 	EXP 	show_condition_text: autoDraw = False
18.1365 	EXP 	show_condition_text: text = 'bind'
18.1365 	EXP 	show_condition_text: autoDraw = True
18.1370 	EXP 	New trial (rep=0, index=2): OrderedDict([('word', 'facial')])
18.1545 	EXP 	show_condition_text: autoDraw = False
18.1545 	EXP 	show_condition_text: text = 'facial'
18.1545 	EXP 	show_condition_text: autoDraw = True
18.1550 	EXP 	New trial (rep=0, index=3): OrderedDict([('word', 'muscle')])
18.1612 	DATA 	Keypress: space
18.1726 	EXP 	show_condition_text: autoDraw = False
18.1726 	EXP 	show_condition_text: text = 'muscle'
18.1726 	EXP 	show_condition_text: autoDraw = True
18.1730 	EXP 	New trial (rep=0, index=4): OrderedDict([('word', 'magnificent')])
18.2033 	EXP 	show_condition_text: autoDraw = False
18.2033 	EXP 	show_condition_text: text = 'magnificent'
18.2033 	EXP 	show_condition_text: autoDraw = True
18.2039 	EXP 	New trial (rep=0, index=5): OrderedDict([('word', 'evaluating')])
18.2148 	DATA 	Keypress: space
18.2365 	EXP 	show_condition_text: autoDraw = False
18.2365 	EXP 	show_condition_text: text = 'evaluating'
18.2365 	EXP 	show_condition_text: autoDraw = True
18.2369 	EXP 	New trial (rep=0, index=6): OrderedDict([('word', 'glasses')])
18.2540 	EXP 	show_condition_text: autoDraw = False
18.2540 	EXP 	show_condition_text: text = 'glasses'
18.2540 	EXP 	show_condition_text: autoDraw = True
18.2705 	EXP 	show_condition_text: autoDraw = False
18.2709 	EXP 	New trial (rep=0, index=5): OrderedDict([('wlist_index', 20)])
18.2795 	EXP 	Imported csvs/20.csv as conditions, 8 conditions, 1 params
18.2798 	EXP 	Created sequence: random, trialTypes=8, nReps=1, seed=None
18.2800 	EXP 	New trial (rep=0, index=0): OrderedDict([('word', 'cooking')])
18.2886 	DATA 	Keypress: space
18.3036 	EXP 	show_condition_text: text = 'cooking'
18.3036 	EXP 	show_condition_text: autoDraw = True
18.3042 	EXP 	New trial (rep=0, index=1): OrderedDict([('word', 'waiver')])
18.3221 	EXP 	show_condition_text: autoDraw = False
18.3221 	EXP 	show_condition_text: text = 'waiver'
18.3221 	EXP 	show_condition_text: autoDraw = True
18.3227 	EXP 	New trial (rep=0, index=2): OrderedDict([('word', 'requests')])
18.3410 	EXP 	show_condition_text: autoDraw = False
18.3410 	EXP 	show_condition_text: text = 'requests'
18.3410 	EXP 	show_condition_text: autoDraw = True
18.3414 	EXP 	New trial (rep=0, index=3): OrderedDict([('word', 'bacterial')])
18.3696 	EXP 	show_condition_text: autoDraw = False
18.3696 	EXP 	show_condition_text: text = 'bacterial'
18.3696 	EXP 	show_condition_text: autoDraw = True
18.3701 	EXP 	New trial (rep=0, index=4): OrderedDict([('word', 'services')])
18.3871 	EXP 	show_condition_text: autoDraw = False
18.3871 	EXP 	show_condition_text: text = 'services'
18.3871 	EXP 	show_condition_text: autoDraw = True
18.3876 	EXP 	New trial (rep=0, index=5): OrderedDict([('word', 'acts')])
18.4029 	EXP 	show_condition_text: autoDraw = False
18.4029 	EXP 	show_condition_text: text = 'acts'
18.4029 	EXP 	show_condition_text: autoDraw = True
18.4034 	EXP 	New trial (rep=0, index=6): OrderedDict([('word', 'cumshots')])
18.4202 	EXP 	show_condition_text: autoDraw = False
18.4202 	EXP 	show_condition_text: text = 'cumshots'
18.4202 	EXP 	show_condition_text: autoDraw = True
18.4207 	EXP 	New trial (rep=0, index=7): OrderedDict([('word', 'territories')])
18.4403 	EXP 	show_condition_text: autoDraw = False
18.4403 	EXP 	show_condition_text: text = 'territories'
18.4403 	EXP 	show_condition_text: autoDraw = True
18.4535 	EXP 	show_condition_text: autoDraw = False
18.4539 	EXP 	New trial (rep=0, index=6): OrderedDict([('wlist_index', 21)])
18.4589 	EXP 	Imported csvs/21.csv as conditions, 10 conditions, 1 params
18.4592 	EXP 	Created sequence: random, trialTypes=10, nReps=1, seed=None
18.4594 	EXP 	New trial (rep=0, index=0): OrderedDict([('word', 'think')])
18.4664 	DATA 	Keypress: space
18.4866 	EXP 	show_condition_text: text = 'think'
18.4866 	EXP 	show_condition_text: autoDraw = True
18.4871 	EXP 	New trial (rep=0, index=1): OrderedDict([('word', 'nasty')])
18.5038 	EXP 	show_condition_text: autoDraw = False
18.5038 	EXP 	show_condition_text: text = 'nasty'
18.5038 	EXP 	show_condition_text: autoDraw = True
18.5045 	EXP 	New trial (rep=0, index=2): OrderedDict([('word', 'protocol')])
18.5221 	EXP 	show_condition_text: autoDraw = False
18.5221 	EXP 	show_condition_text: text = 'protocol'
18.5221 	EXP 	show_condition_text: autoDraw = True
18.5227 	EXP 	New trial (rep=0, index=3): OrderedDict([('word', 'analyst')])
18.5401 	EXP 	show_condition_text: autoDraw = False
18.5401 	EXP 	show_condition_text: text = 'analyst'
18.5401 	EXP 	show_condition_text: autoDraw = True
18.5405 	EXP 	New trial (rep=0, index=4): OrderedDict([('word', 'alpha')])
18.6035 	EXP 	show_condition_text: autoDraw = False
18.6035 	EXP 	show_condition_text: text = 'alpha'
18.6035 	EXP 	show_condition_text: autoDraw = True
18.6041 	EXP 	New trial (rep=0, index=5): OrderedDict([('word', 'blend')])
18.6205 	EXP 	show_condition_text: autoDraw = False
18.6205 	EXP 	show_condition_text: text = 'blend'
18.6205 	EXP 	show_condition_text: autoDraw = True
18.6210 	EXP 	New trial (rep=0, index=6): OrderedDict([('word', 'discussing')])
18.6401 	EXP 	show_condition_text: autoDraw = False
18.6401 	EXP 	show_condition_text: text = 'discussing'
18.6401 	EXP 	show_condition_text: autoDraw = True
18.6405 	EXP 	New trial (rep=0, index=7): OrderedDict([('word', 'port')])
18.6485 	DATA 	Keypress: space
18.6697 	EXP 	show_condition_text: autoDraw = False
18.6697 	EXP 	show_condition_text: text = 'port'
18.6697 	EXP 	show_condition_text: autoDraw = True
18.6704 	EXP 	New trial (rep=0, index=8): OrderedDict([('word', 'urls')])
18.6872 	EXP 	show_condition_text: autoDraw = False
18.6872 	EXP 	show_condition_text: text = 'urls'
18.6872 	EXP 	show_condition_text: autoDraw = True
18.6877 	EXP 	New trial (rep=0, index=9): OrderedDict([('word', 'influence')])
18.7038 	EXP 	show_condition_text: autoDraw = False
18.7038 	EXP 	show_condition_text: text = 'influence'
18.7038 	EXP 	show_condition_text: autoDraw = True
18.7206 	EXP 	show_condition_text: autoDraw = False
18.7210 	EXP 	New trial (rep=0, index=7): OrderedDict([('wlist_index', 19)])
18.7285 	EXP 	Imported csvs/19.csv as conditions, 6 conditions, 1 params
18.7289 	EXP 	Created sequence: random, trialTypes=6, nReps=1, seed=None
18.7291 	EXP 	New trial (rep=0, index=0): OrderedDict([('word', 'academics')])
18.7534 	EXP 	show_condition_text: text = 'academics'
18.7534 	EXP 	show_condition_text: autoDraw = True
18.7544 	EXP 	New trial (rep=0, index=1): OrderedDict([('word', 'acc')])
18.7699 	EXP 	show_condition_text: autoDraw = False
18.7699 	EXP 	show_condition_text: text = 'acc'
18.7699 	EXP 	show_condition_text: autoDraw = True
18.7705 	EXP 	New trial (rep=0, index=2): OrderedDict([('word', 'lowest')])
18.7866 	EXP 	show_condition_text: autoDraw = False
18.7866 	EXP 	show_condition_text: text = 'lowest'
18.7866 	EXP 	show_condition_text: autoDraw = True
18.7870 	EXP 	New trial (rep=0, index=3): OrderedDict([('word', 'hiring')])
18.8034 	EXP 	show_condition_text: autoDraw = False
18.8034 	EXP 	show_condition_text: text = 'hiring'
18.8034 	EXP 	show_condition_text: autoDraw = True
18.8039 	EXP 	New trial (rep=0, index=4): OrderedDict([('word', 'il')])
18.8201 	EXP 	show_condition_text: autoDraw = False
18.8201 	EXP 	show_condition_text: text = 'il'
18.8201 	EXP 	show_condition_text: autoDraw = True
18.8207 	EXP 	New trial (rep=0, index=5): OrderedDict([('word', 'miniature')])
18.8415 	EXP 	show_condition_text: autoDraw = False
18.8415 	EXP 	show_condition_text: text = 'miniature'
18.8415 	EXP 	show_condition_text: autoDraw = True
18.8441 	DATA 	Keypress: space
18.8555 	EXP 	show_condition_text: autoDraw = False
18.8560 	EXP 	New trial (rep=0, index=3): OrderedDict([('condition', 3)])
18.8592 	EXP 	Imported csvs/condition_3_wlists_indices.csv as conditions, 8 conditions, 1 params
18.8595 	EXP 	Created sequence: random, trialTypes=8, nReps=1, seed=None
18.8597 	EXP 	New trial (rep=0, index=0): OrderedDict([('wlist_index', 28)])
18.8621 	EXP 	Imported csvs/28.csv as conditions, 6 conditions, 1 params
18.8623 	EXP 	Created sequence: random, trialTypes=6, nReps=1, seed=None
18.8625 	EXP 	New trial (rep=0, index=0): OrderedDict([('word', 'figure')])
18.8862 	EXP 	show_condition_text: text = 'figure'
18.8862 	EXP 	show_condition_text: autoDraw = True
18.8866 	EXP 	New trial (rep=0, index=1): OrderedDict([('word', 'anthropology')])
18.9064 	EXP 	show_condition_text: autoDraw = False
18.9064 	EXP 	show_condition_text: text = 'anthropology'
18.9064 	EXP 	show_condition_text: autoDraw = True
18.9068 	EXP 	New trial (rep=0, index=2): OrderedDict([('word', 'biography')])
18.9368 	EXP 	show_condition_text: autoDraw = False
18.9368 	EXP 	show_condition_text: text = 'biography'
18.9368 	EXP 	show_condition_text: autoDraw = True
18.9372 	EXP 	New trial (rep=0, index=3): OrderedDict([('word', 'make')])
18.9532 	EXP 	show_condition_text: autoDraw = False
18.9532 	EXP 	show_condition_text: text = 'make'
18.9532 	EXP 	show_condition_text: autoDraw = True
18.9538 	EXP 	New trial (rep=0, index=4): OrderedDict([('word', 'regardless')])
18.9862 	EXP 	show_condition_text: autoDraw = False
18.9862 	EXP 	show_condition_text: text = 'regardless'
18.9862 	EXP 	show_condition_text: autoDraw = True
18.9867 	EXP 	New trial (rep=0, index=5): OrderedDict([('word', 'separately')])
19.0202 	EXP 	show_condition_text: autoDraw = False
19.0202 	EXP 	show_condition_text: text = 'separately'
19.0202 	EXP 	show_condition_text: autoDraw = True
19.0229 	DATA 	Keypress: space
19.0371 	EXP 	show_condition_text: autoDraw = False
19.0375 	EXP 	New trial (rep=0, index=1): OrderedDict([('wlist_index', 15)])
19.0408 	EXP 	Imported csvs/15.csv as conditions, 8 conditions, 1 params
19.0411 	EXP 	Created sequence: random, trialTypes=8, nReps=1, seed=None
19.0414 	EXP 	New trial (rep=0, index=0): OrderedDict([('word', 'farmers')])
19.0701 	EXP 	show_condition_text: text = 'farmers'
19.0701 	EXP 	show_condition_text: autoDraw = True
19.0705 	EXP 	New trial (rep=0, index=1): OrderedDict([('word', 'burn')])
19.0866 	EXP 	show_condition_text: autoDraw = False
19.0866 	EXP 	show_condition_text: text = 'burn'
19.0866 	EXP 	show_condition_text: autoDraw = True
19.0871 	EXP 	New trial (rep=0, index=2): OrderedDict([('word', 'traditions')])
19.1071 	EXP 	show_condition_text: autoDraw = False
19.1071 	EXP 	show_condition_text: text = 'traditions'
19.1071 	EXP 	show_condition_text: autoDraw = True
19.1076 	EXP 	New trial (rep=0, index=3): OrderedDict([('word', 'irc')])
19.1146 	DATA 	Keypress: space
19.1370 	EXP 	show_condition_text: autoDraw = False
19.1370 	EXP 	show_condition_text: text = 'irc'
19.1370 	EXP 	show_condition_text: autoDraw = True
19.1375 	EXP 	New trial (rep=0, index=4): OrderedDict([('word', 'harrison')])
19.1552 	EXP 	show_condition_text: autoDraw = False
19.1552 	EXP 	show_condition_text: text = 'harrison'
19.1552 	EXP 	show_condition_text: autoDraw = True
19.1556 	EXP 	New trial (rep=0, index=5): OrderedDict([('word', 'netherlands')])
19.1742 	EXP 	show_condition_text: autoDraw = False
19.1742 	EXP 	show_condition_text: text = 'netherlands'
19.1742 	EXP 	show_condition_text: autoDraw = True
19.1746 	EXP 	New trial (rep=0, index=6): OrderedDict([('word', 'seem')])
19.1901 	EXP 	show_condition_text: autoDraw = False
19.1901 	EXP 	show_condition_text: text = 'seem'
19.1901 	EXP 	show_condition_text: autoDraw = True
19.1908 	EXP 	New trial (rep=0, index=7): OrderedDict([('word', 'feels')])
19.1980 	DATA 	Keypress: space
19.2203 	EXP 	show_condition_text: autoDraw = False
19.2203 	EXP 	show_condition_text: text = 'feels'
19.2203 	EXP 	show_condition_text: autoDraw = True
19.2367 	EXP 	show_condition_text: autoDraw = False
19.2371 	EXP 	New trial (rep=0, index=2): OrderedDict([('wlist_index', 11)])
19.2511 	EXP 	Imported csvs/11.csv as conditions, 11 conditions, 1 params
19.2514 	EXP 	Created sequence: random, trialTypes=11, nReps=1, seed=None
19.2516 	EXP 	New trial (rep=0, index=0): OrderedDict([('word', 'throwing')])
19.2693 	EXP 	show_condition_text: text = 'throwing'
19.2693 	EXP 	show_condition_text: autoDraw = True
19.2698 	EXP 	New trial (rep=0, index=1): OrderedDict([('word', 'gender')])
19.2876 	EXP 	show_condition_text: autoDraw = False
19.2876 	EXP 	show_condition_text: text = 'gender'
19.2876 	EXP 	show_condition_text: autoDraw = True
19.2880 	EXP 	New trial (rep=0, index=2): OrderedDict([('word', 'transparent')])
19.2970 	DATA 	Keypress: space
19.3204 	EXP 	show_condition_text: autoDraw = False
19.3204 	EXP 	show_condition_text: text = 'transparent'
19.3204 	EXP 	show_condition_text: autoDraw = True
19.3208 	EXP 	New trial (rep=0, index=3): OrderedDict([('word', 'resorts')])
19.3372 	EXP 	show_condition_text: autoDraw = False
19.3372 	EXP 	show_condition_text: text = 'resorts'
19.3372 	EXP 	show_condition_text: autoDraw = True
19.3378 	EXP 	New trial (rep=0, index=4): OrderedDict([('word', 'satisfactory')])
19.3563 	EXP 	show_condition_text: autoDraw = False
19.3563 	EXP 	show_condition_text: text = 'satisfactory'
19.3563 	EXP 	show_condition_text: autoDraw = True
19.3567 	EXP 	New trial (rep=0, index=5): OrderedDict([('word', 'events')])
19.3748 	EXP 	show_condition_text: autoDraw = False
19.3748 	EXP 	show_condition_text: text = 'events'
19.3748 	EXP 	show_condition_text: autoDraw = True
19.3753 	EXP 	New trial (rep=0, index=6): OrderedDict([('word', 'remarkable')])
19.3862 	DATA 	Keypress: space
19.4028 	EXP 	show_condition_text: autoDraw = False
19.4028 	EXP 	show_condition_text: text = 'remarkable'
19.4028 	EXP 	show_condition_text: autoDraw = True
19.4033 	EXP 	New trial (rep=0, index=7): OrderedDict([('word', 'boom')])
19.4209 	EXP 	show_condition_text: autoDraw = False
19.4209 	EXP 	show_condition_text: text = 'boom'
19.4209 	EXP 	show_condition_text: autoDraw = True
19.4214 	EXP 	New trial (rep=0, index=8): OrderedDict([('word', 'trigger')])
19.4393 	EXP 	show_condition_text: autoDraw = False
19.4393 	EXP 	show_condition_text: text = 'trigger'
19.4393 	EXP 	show_condition_text: autoDraw = True
19.4398 	EXP 	New trial (rep=0, index=9): OrderedDict([('word', 'security')])
19.4575 	EXP 	show_condition_text: autoDraw = False
19.4575 	EXP 	show_condition_text: text = 'security'
19.4575 	EXP 	show_condition_text: autoDraw = True
19.4581 	EXP 	New trial (rep=0, index=10): OrderedDict([('word', 'sad')])
19.4743 	EXP 	show_condition_text: autoDraw = False
19.4743 	EXP 	show_condition_text: text = 'sad'
19.4743 	EXP 	show_condition_text: autoDraw = True
19.4871 	EXP 	show_condition_text: autoDraw = False
19.4879 	EXP 	New trial (rep=0, index=3): OrderedDict([('wlist_index', 29)])
19.4920 	EXP 	Imported csvs/29.csv as conditions, 10 conditions, 1 params
19.4924 	EXP 	Created sequence: random, trialTypes=10, nReps=1, seed=None
19.4927 	EXP 	New trial (rep=0, index=0): OrderedDict([('word', 'taxation')])
19.5196 	EXP 	show_condition_text: text = 'taxation'
19.5196 	EXP 	show_condition_text: autoDraw = True
19.5202 	EXP 	New trial (rep=0, index=1): OrderedDict([('word', 'listed')])
19.5368 	EXP 	show_condition_text: autoDraw = False
19.5368 	EXP 	show_condition_text: text = 'listed'
19.5368 	EXP 	show_condition_text: autoDraw = True
19.5373 	EXP 	New trial (rep=0, index=2): OrderedDict([('word', 'docs')])
19.5530 	EXP 	show_condition_text: autoDraw = False
19.5530 	EXP 	show_condition_text: text = 'docs'
19.5530 	EXP 	show_condition_text: autoDraw = True
19.5535 	EXP 	New trial (rep=0, index=3): OrderedDict([('word', 'ferrari')])
19.5695 	EXP 	show_condition_text: autoDraw = False
19.5695 	EXP 	show_condition_text: text = 'ferrari'
19.5695 	EXP 	show_condition_text: autoDraw = True
19.5700 	EXP 	New trial (rep=0, index=4): OrderedDict([('word', 'if')])
19.5869 	EXP 	show_condition_text: autoDraw = False
19.5869 	EXP 	show_condition_text: text = 'if'
19.5869 	EXP 	show_condition_text: autoDraw = True
19.5875 	EXP 	New trial (rep=0, index=5): OrderedDict([('word', 'patio')])
19.6043 	EXP 	show_condition_text: autoDraw = False
19.6043 	EXP 	show_condition_text: text = 'patio'
19.6043 	EXP 	show_condition_text: autoDraw = True
19.6047 	EXP 	New trial (rep=0, index=6): OrderedDict([('word', 'plugin')])
19.6213 	EXP 	show_condition_text: autoDraw = False
19.6213 	EXP 	show_condition_text: text = 'plugin'
19.6213 	EXP 	show_condition_text: autoDraw = True
19.6218 	EXP 	New trial (rep=0, index=7): OrderedDict([('word', 'sand')])
19.6374 	EXP 	show_condition_text: autoDraw = False
19.6374 	EXP 	show_condition_text: text = 'sand'
19.6374 	EXP 	show_condition_text: autoDraw = True
19.6379 	EXP 	New trial (rep=0, index=8): OrderedDict([('word', 'brass')])
19.6540 	EXP 	show_condition_text: autoDraw = False
19.6540 	EXP 	show_condition_text: text = 'brass'
19.6540 	EXP 	show_condition_text: autoDraw = True
19.6544 	EXP 	New trial (rep=0, index=9): OrderedDict([('word', 'modifications')])
19.6746 	EXP 	show_condition_text: autoDraw = False
19.6746 	EXP 	show_condition_text: text = 'modifications'
19.6746 	EXP 	show_condition_text: autoDraw = True
19.6900 	EXP 	show_condition_text: autoDraw = False
19.6900 	EXP 	show_condition_text: text = '****'
19.6900 	EXP 	show_condition_text: autoDraw = True
19.7030 	EXP 	show_condition_text: text = '****'
19.7030 	EXP 	show_condition_text: autoDraw = True
19.7195 	EXP 	show_condition_text: text = '****'
19.7195 	EXP 	show_condition_text: autoDraw = True
19.7363 	EXP 	show_condition_text: text = '****'
19.7363 	EXP 	show_condition_text: autoDraw = True
19.7531 	EXP 	show_condition_text: text = '****'
19.7531 	EXP 	show_condition_text: autoDraw = True
19.7700 	EXP 	show_condition_text: text = '****'
19.7700 	EXP 	show_condition_text: autoDraw = True
19.7858 	EXP 	show_condition_text: text = '****'
19.7858 	EXP 	show_condition_text: autoDraw = True
19.8034 	EXP 	show_condition_text: text = '****'
19.8034 	EXP 	show_condition_text: autoDraw = True
19.8202 	EXP 	show_condition_text: text = '****'
19.8202 	EXP 	show_condition_text: autoDraw = True
19.8363 	EXP 	show_condition_text: text = '****'
19.8363 	EXP 	show_condition_text: autoDraw = True
19.8535 	EXP 	show_condition_text: text = '****'
19.8535 	EXP 	show_condition_text: autoDraw = True
19.8692 	EXP 	show_condition_text: text = '****'
19.8692 	EXP 	show_condition_text: autoDraw = True
19.8857 	EXP 	show_condition_text: text = '****'
19.8857 	EXP 	show_condition_text: autoDraw = True
19.9033 	EXP 	show_condition_text: text = '****'
19.9033 	EXP 	show_condition_text: autoDraw = True
19.9192 	EXP 	show_condition_text: text = '****'
19.9192 	EXP 	show_condition_text: autoDraw = True
19.9358 	EXP 	show_condition_text: text = '****'
19.9358 	EXP 	show_condition_text: autoDraw = True
19.9529 	EXP 	New trial (rep=0, index=4): OrderedDict([('wlist_index', 30)])
19.9572 	EXP 	Imported csvs/30.csv as conditions, 9 conditions, 1 params
19.9575 	EXP 	Created sequence: random, trialTypes=9, nReps=1, seed=None
19.9577 	EXP 	New trial (rep=0, index=0): OrderedDict([('word', 'eos')])
19.9628 	DATA 	Keypress: space
19.9742 	EXP 	show_condition_text: text = 'eos'
19.9742 	EXP 	show_condition_text: autoDraw = True
19.9747 	EXP 	New trial (rep=0, index=1): OrderedDict([('word', 'acm')])
19.9901 	EXP 	show_condition_text: autoDraw = False
19.9901 	EXP 	show_condition_text: text = 'acm'
19.9901 	EXP 	show_condition_text: autoDraw = True
19.9906 	EXP 	New trial (rep=0, index=2): OrderedDict([('word', 'joshua')])
20.0195 	EXP 	show_condition_text: autoDraw = False
20.0195 	EXP 	show_condition_text: text = 'joshua'
20.0195 	EXP 	show_condition_text: autoDraw = True
20.0201 	EXP 	New trial (rep=0, index=3): OrderedDict([('word', 'carry')])
20.0366 	EXP 	show_condition_text: autoDraw = False
20.0366 	EXP 	show_condition_text: text = 'carry'
20.0366 	EXP 	show_condition_text: autoDraw = True
20.0371 	EXP 	New trial (rep=0, index=4): OrderedDict([('word', 'inter')])
20.0552 	EXP 	show_condition_text: autoDraw = False
20.0552 	EXP 	show_condition_text: text = 'inter'
20.0552 	EXP 	show_condition_text: autoDraw = True
20.0557 	EXP 	New trial (rep=0, index=5): OrderedDict([('word', 'engage')])
20.0734 	EXP 	show_condition_text: autoDraw = False
20.0734 	EXP 	show_condition_text: text = 'engage'
20.0734 	EXP 	show_condition_text: autoDraw = True
20.0739 	EXP 	New trial (rep=0, index=6): OrderedDict([('word', 'sat')])
20.0886 	EXP 	show_condition_text: autoDraw = False
20.0886 	EXP 	show_condition_text: text = 'sat'
20.0886 	EXP 	show_condition_text: autoDraw = True
20.0890 	EXP 	New trial (rep=0, index=7): OrderedDict([('word', 'parts')])
20.1064 	EXP 	show_condition_text: autoDraw = False
20.1064 	EXP 	show_condition_text: text = 'parts'
20.1064 	EXP 	show_condition_text: autoDraw = True
20.1069 	EXP 	New trial (rep=0, index=8): OrderedDict([('word', 'charger')])
20.1358 	EXP 	show_condition_text: autoDraw = False
20.1358 	EXP 	show_condition_text: text = 'charger'
20.1358 	EXP 	show_condition_text: autoDraw = True
20.1530 	EXP 	show_condition_text: autoDraw = False
20.1530 	EXP 	show_condition_text: text = '****'
20.1530 	EXP 	show_condition_text: autoDraw = True
20.1697 	EXP 	show_condition_text: text = '****'
20.1697 	EXP 	show_condition_text: autoDraw = True
20.1863 	EXP 	show_condition_text: text = '****'
20.1863 	EXP 	show_condition_text: autoDraw = True
20.2033 	EXP 	show_condition_text: text = '****'
20.2033 	EXP 	show_condition_text: autoDraw = True
20.2200 	EXP 	show_condition_text: text = '****'
20.2200 	EXP 	show_condition_text: autoDraw = True
20.2363 	EXP 	show_condition_text: text = '****'
20.2363 	EXP 	show_condition_text: autoDraw = True
20.2530 	EXP 	show_condition_text: text = '****'
20.2530 	EXP 	show_condition_text: autoDraw = True
20.2703 	EXP 	show_condition_text: text = '****'
20.2703 	EXP 	show_condition_text: autoDraw = True
20.2866 	EXP 	show_condition_text: text = '****'
20.2866 	EXP 	show_condition_text: autoDraw = True
20.3027 	EXP 	show_condition_text: text = '****'
20.3027 	EXP 	show_condition_text: autoDraw = True
20.3199 	EXP 	show_condition_text: text = '****'
20.3199 	EXP 	show_condition_text: autoDraw = True
20.3360 	EXP 	show_condition_text: text = '****'
20.3360 	EXP 	show_condition_text: autoDraw = True
20.3533 	EXP 	show_condition_text: text = '****'
20.3533 	EXP 	show_condition_text: autoDraw = True
20.3704 	EXP 	show_condition_text: text = '****'
20.3704 	EXP 	show_condition_text: autoDraw = True
20.3868 	EXP 	show_condition_text: text = '****'
20.3868 	EXP 	show_condition_text: autoDraw = True
20.4035 	EXP 	show_condition_text: text = '****'
20.4035 	EXP 	show_condition_text: autoDraw = True
20.4201 	EXP 	show_condition_text: text = '****'
20.4201 	EXP 	show_condition_text: autoDraw = True
20.4371 	EXP 	show_condition_text: text = '****'
20.4371 	EXP 	show_condition_text: autoDraw = True
20.4537 	EXP 	show_condition_text: text = '****'
20.4537 	EXP 	show_condition_text: autoDraw = True
20.4703 	EXP 	show_condition_text: text = '****'
20.4703 	EXP 	show_condition_text: autoDraw = True
20.4867 	EXP 	show_condition_text: text = '****'
20.4867 	EXP 	show_condition_text: autoDraw = True
20.5027 	EXP 	show_condition_text: text = '****'
20.5027 	EXP 	show_condition_text: autoDraw = True
20.5202 	EXP 	show_condition_text: text = '****'
20.5202 	EXP 	show_condition_text: autoDraw = True
20.5366 	EXP 	New trial (rep=0, index=5): OrderedDict([('wlist_index', 32)])
20.5491 	EXP 	Imported csvs/32.csv as conditions, 5 conditions, 1 params
20.5496 	EXP 	Created sequence: random, trialTypes=5, nReps=1, seed=None
20.5498 	EXP 	New trial (rep=0, index=0): OrderedDict([('word', 'transport')])
20.5597 	DATA 	Keypress: space
20.5710 	EXP 	show_condition_text: text = 'transport'
20.5710 	EXP 	show_condition_text: autoDraw = True
20.5714 	EXP 	New trial (rep=0, index=1): OrderedDict([('word', 'ranks')])
20.5880 	EXP 	show_condition_text: autoDraw = False
20.5880 	EXP 	show_condition_text: text = 'ranks'
20.5880 	EXP 	show_condition_text: autoDraw = True
20.5885 	EXP 	New trial (rep=0, index=2): OrderedDict([('word', 'jamaica')])
20.6048 	EXP 	show_condition_text: autoDraw = False
20.6048 	EXP 	show_condition_text: text = 'jamaica'
20.6048 	EXP 	show_condition_text: autoDraw = True
20.6053 	EXP 	New trial (rep=0, index=3): OrderedDict([('word', 'feedback')])
20.6229 	EXP 	show_condition_text: autoDraw = False
20.6229 	EXP 	show_condition_text: text = 'feedback'
20.6229 	EXP 	show_condition_text: autoDraw = True
20.6233 	EXP 	New trial (rep=0, index=4): OrderedDict([('word', 'declared')])
20.6530 	EXP 	show_condition_text: autoDraw = False
20.6530 	EXP 	show_condition_text: text = 'declared'
20.6530 	EXP 	show_condition_text: autoDraw = True
20.6704 	EXP 	show_condition_text: autoDraw = False
20.6704 	EXP 	show_condition_text: text = '****'
20.6704 	EXP 	show_condition_text: autoDraw = True
20.6870 	EXP 	show_condition_text: text = '****'
20.6870 	EXP 	show_condition_text: autoDraw = True
20.7032 	EXP 	show_condition_text: text = '****'
20.7032 	EXP 	show_condition_text: autoDraw = True
20.7210 	EXP 	show_condition_text: text = '****'
20.7210 	EXP 	show_condition_text: autoDraw = True
20.7376 	EXP 	show_condition_text: text = '****'
20.7376 	EXP 	show_condition_text: autoDraw = True
20.7539 	EXP 	show_condition_text: text = '****'
20.7539 	EXP 	show_condition_text: autoDraw = True
20.7712 	EXP 	show_condition_text: text = '****'
20.7712 	EXP 	show_condition_text: autoDraw = True
20.7867 	EXP 	show_condition_text: text = '****'
20.7867 	EXP 	show_condition_text: autoDraw = True
20.8039 	EXP 	show_condition_text: text = '****'
20.8039 	EXP 	show_condition_text: autoDraw = True
20.8207 	EXP 	show_condition_text: text = '****'
20.8207 	EXP 	show_condition_text: autoDraw = True
20.8372 	EXP 	show_condition_text: text = '****'
20.8372 	EXP 	show_condition_text: autoDraw = True
20.8542 	EXP 	show_condition_text: text = '****'
20.8542 	EXP 	show_condition_text: autoDraw = True
20.8709 	EXP 	show_condition_text: text = '****'
20.8709 	EXP 	show_condition_text: autoDraw = True
20.8859 	EXP 	show_condition_text: text = '****'
20.8859 	EXP 	show_condition_text: autoDraw = True
20.9043 	EXP 	show_condition_text: text = '****'
20.9043 	EXP 	show_condition_text: autoDraw = True
20.9211 	EXP 	show_condition_text: text = '****'
20.9211 	EXP 	show_condition_text: autoDraw = True
20.9365 	EXP 	New trial (rep=0, index=6): OrderedDict([('wlist_index', 1)])
20.9407 	EXP 	Imported csvs/1.csv as conditions, 11 conditions, 1 params
20.9410 	EXP 	Created sequence: random, trialTypes=11, nReps=1, seed=None
20.9412 	EXP 	New trial (rep=0, index=0): OrderedDict([('word', 'lists')])
20.9490 	DATA 	Keypress: space
20.9704 	EXP 	show_condition_text: text = 'lists'
20.9704 	EXP 	show_condition_text: autoDraw = True
20.9709 	EXP 	New trial (rep=0, index=1): OrderedDict([('word', 'optimal')])
20.9893 	EXP 	show_condition_text: autoDraw = False
20.9893 	EXP 	show_condition_text: text = 'optimal'
20.9893 	EXP 	show_condition_text: autoDraw = True
20.9897 	EXP 	New trial (rep=0, index=2): OrderedDict([('word', 'dp')])
21.0054 	EXP 	show_condition_text: autoDraw = False
21.0054 	EXP 	show_condition_text: text = 'dp'
21.0054 	EXP 	show_condition_text: autoDraw = True
21.0059 	EXP 	New trial (rep=0, index=3): OrderedDict([('word', 'coins')])
21.0233 	EXP 	show_condition_text: autoDraw = False
21.0233 	EXP 	show_condition_text: text = 'coins'
21.0233 	EXP 	show_condition_text: autoDraw = True
21.0238 	EXP 	New trial (rep=0, index=4): OrderedDict([('word', 'page')])
21.0411 	EXP 	show_condition_text: autoDraw = False
21.0411 	EXP 	show_condition_text: text = 'page'
21.0411 	EXP 	show_condition_text: autoDraw = True
21.0415 	EXP 	New trial (rep=0, index=5): OrderedDict([('word', 'apartment')])
21.0695 	EXP 	show_condition_text: autoDraw = False
21.0695 	EXP 	show_condition_text: text = 'apartment'
21.0695 	EXP 	show_condition_text: autoDraw = True
21.0700 	EXP 	New trial (rep=0, index=6): OrderedDict([('word', 'owns')])
21.0869 	EXP 	show_condition_text: autoDraw = False
21.0869 	EXP 	show_condition_text: text = 'owns'
21.0869 	EXP 	show_condition_text: autoDraw = True
21.0875 	EXP 	New trial (rep=0, index=7): OrderedDict([('word', 'ion')])
21.1041 	EXP 	show_condition_text: autoDraw = False
21.1041 	EXP 	show_condition_text: text = 'ion'
21.1041 	EXP 	show_condition_text: autoDraw = True
21.1046 	EXP 	New trial (rep=0, index=8): OrderedDict([('word', 'aspnet')])
21.1217 	EXP 	show_condition_text: autoDraw = False
21.1217 	EXP 	show_condition_text: text = 'aspnet'
21.1217 	EXP 	show_condition_text: autoDraw = True
21.1223 	EXP 	New trial (rep=0, index=9): OrderedDict([('word', 'jackie')])
21.1405 	EXP 	show_condition_text: autoDraw = False
21.1405 	EXP 	show_condition_text: text = 'jackie'
21.1405 	EXP 	show_condition_text: autoDraw = True
21.1410 	EXP 	New trial (rep=0, index=10): OrderedDict([('word', 'informative')])
21.1509 	DATA 	Keypress: space
21.1701 	EXP 	show_condition_text: autoDraw = False
21.1701 	EXP 	show_condition_text: text = 'informative'
21.1701 	EXP 	show_condition_text: autoDraw = True
21.1868 	EXP 	show_condition_text: autoDraw = False
21.1872 	EXP 	New trial (rep=0, index=7): OrderedDict([('wlist_index', 22)])
21.1953 	EXP 	Imported csvs/22.csv as conditions, 10 conditions, 1 params
21.1956 	EXP 	Created sequence: random, trialTypes=10, nReps=1, seed=None
21.1959 	EXP 	New trial (rep=0, index=0): OrderedDict([('word', 'sophisticated')])
21.2196 	EXP 	show_condition_text: text = 'sophisticated'
21.2196 	EXP 	show_condition_text: autoDraw = True
21.2201 	EXP 	New trial (rep=0, index=1): OrderedDict([('word', 'es')])
21.2358 	EXP 	show_condition_text: autoDraw = False
21.2358 	EXP 	show_condition_text: text = 'es'
21.2358 	EXP 	show_condition_text: autoDraw = True
21.2363 	EXP 	New trial (rep=0, index=2): OrderedDict([('word', 'athletics')])
21.2537 	EXP 	show_condition_text: autoDraw = False
21.2537 	EXP 	show_condition_text: text = 'athletics'
21.2537 	EXP 	show_condition_text: autoDraw = True
21.2542 	EXP 	New trial (rep=0, index=3): OrderedDict([('word', 'rarely')])
21.2725 	EXP 	show_condition_text: autoDraw = False
21.2725 	EXP 	show_condition_text: text = 'rarely'
21.2725 	EXP 	show_condition_text: autoDraw = True
21.2730 	EXP 	New trial (rep=0, index=4): OrderedDict([('word', 'detective')])
21.2811 	DATA 	Keypress: space
21.3035 	EXP 	show_condition_text: autoDraw = False
21.3035 	EXP 	show_condition_text: text = 'detective'
21.3035 	EXP 	show_condition_text: autoDraw = True
21.3041 	EXP 	New trial (rep=0, index=5): OrderedDict([('word', 'missions')])
21.3239 	EXP 	show_condition_text: autoDraw = False
21.3239 	EXP 	show_condition_text: text = 'missions'
21.3239 	EXP 	show_condition_text: autoDraw = True
21.3244 	EXP 	New trial (rep=0, index=6): OrderedDict([('word', 'away')])
21.3398 	EXP 	show_condition_text: autoDraw = False
21.3398 	EXP 	show_condition_text: text = 'away'
21.3398 	EXP 	show_condition_text: autoDraw = True
21.3403 	EXP 	New trial (rep=0, index=7): OrderedDict([('word', 'secret')])
21.3577 	EXP 	show_condition_text: autoDraw = False
21.3577 	EXP 	show_condition_text: text = 'secret'
21.3577 	EXP 	show_condition_text: autoDraw = True
21.3582 	EXP 	New trial (rep=0, index=8): OrderedDict([('word', 'marina')])
21.3868 	EXP 	show_condition_text: autoDraw = False
21.3868 	EXP 	show_condition_text: text = 'marina'
21.3868 	EXP 	show_condition_text: autoDraw = True
21.3873 	EXP 	New trial (rep=0, index=9): OrderedDict([('word', 'gotten')])
21.4034 	EXP 	show_condition_text: autoDraw = False
21.4034 	EXP 	show_condition_text: text = 'gotten'
21.4034 	EXP 	show_condition_text: autoDraw = True
21.4197 	EXP 	show_condition_text: autoDraw = False
21.4221 	DATA 	Keypress: space
21.7336 	EXP 	window1: mouseVisible = True
