12.8737 	WARNING 	User requested fullscreen with size [1024  768], but screen is actually [1440, 900]. Using actual size
14.4174 	EXP 	Created window1 = Window(allowGUI=False, allowStencil=False, args=UNKNOWN, autoLog=True, bitsMode=UNKNOWN, blendMode='avg', color=array([0., 0., 0.]), colorSpace='rgb', fullscr=<method-wrapper '__getattribute__' of attributeSetter object at 0x132291d68>, gamma=None, gammaErrorPolicy='raise', kwargs=UNKNOWN, lms=UNKNOWN, monitor=<psychopy.monitors.calibTools.Monitor object at 0x131ea4c50>, multiSample=False, name='window1', numSamples=2, pos=[360.0, 225.0], screen=0, size=array([2880, 1800]), stereo=False, units='height', useFBO=True, useRetina=True, viewOri=0.0, viewPos=None, viewScale=None, waitBlanking=True, winType='pyglet')
14.4174 	EXP 	window1: recordFrameIntervals = False
14.5808 	EXP 	window1: recordFrameIntervals = True
14.7648 	EXP 	window1: recordFrameIntervals = False
15.5532 	EXP 	Created instructions_text = TextStim(__class__=<class 'psychopy.visual.text.TextStim'>, alignHoriz='center', alignVert='center', antialias=True, autoLog=True, bold=False, color='white', colorSpace='named', contrast=1.0, depth=0.0, flipHoriz=False, flipVert=False, font='Arial', fontFiles=[], height=0.1, italic=False, languageStyle='LTR', name='instructions_text', opacity=1.0, ori=0, pos=array([0., 0.]), rgb=array([255., 255., 255.]), text='Welcome!', units='height', win=Window(...), wrapWidth=1)
15.6101 	EXP 	Created show_condition_text = TextStim(__class__=<class 'psychopy.visual.text.TextStim'>, alignHoriz='center', alignVert='center', antialias=True, autoLog=True, bold=False, color='white', colorSpace='named', contrast=1.0, depth=0.0, flipHoriz=False, flipVert=False, font='Arial', fontFiles=[], height=0.1, italic=False, languageStyle='LTR', name='show_condition_text', opacity=1.0, ori=0, pos=array([0., 0.]), rgb=array([255., 255., 255.]), text='default text', units='height', win=Window(...), wrapWidth=1)
15.6314 	EXP 	instructions_text: autoDraw = True
16.2016 	EXP 	Imported csvs/noise_conditions.csv as conditions, 4 conditions, 1 params
16.2031 	EXP 	Created sequence: random, trialTypes=4, nReps=1, seed=None
16.2034 	EXP 	New trial (rep=0, index=0): OrderedDict([('condition', 'condition_2')])
16.3397 	DATA 	Keypress: space
16.3526 	EXP 	instructions_text: autoDraw = False
16.3526 	EXP 	show_condition_text: text = 'condition_2'
16.3526 	EXP 	show_condition_text: autoDraw = True
16.8670 	DATA 	Keypress: space
17.1155 	EXP 	New trial (rep=0, index=1): OrderedDict([('condition', 'condition_1')])
17.1314 	EXP 	show_condition_text: autoDraw = False
17.1314 	EXP 	show_condition_text: text = 'condition_1'
17.1314 	EXP 	show_condition_text: autoDraw = True
17.4334 	DATA 	Keypress: space
17.9378 	DATA 	Keypress: space
18.1025 	EXP 	New trial (rep=0, index=2): OrderedDict([('condition', 'condition_4')])
18.1208 	EXP 	show_condition_text: autoDraw = False
18.1208 	EXP 	show_condition_text: text = 'condition_4'
18.1208 	EXP 	show_condition_text: autoDraw = True
18.6706 	DATA 	Keypress: space
19.1020 	EXP 	New trial (rep=0, index=3): OrderedDict([('condition', 'condition_3')])
19.1192 	EXP 	show_condition_text: autoDraw = False
19.1192 	EXP 	show_condition_text: text = 'condition_3'
19.1192 	EXP 	show_condition_text: autoDraw = True
19.5877 	DATA 	Keypress: space
20.1186 	EXP 	show_condition_text: autoDraw = False
20.4420 	EXP 	window1: mouseVisible = True
