9.8161 	WARNING 	User requested fullscreen with size [1024  768], but screen is actually [1440, 900]. Using actual size
10.5144 	EXP 	Created window1 = Window(allowGUI=False, allowStencil=False, args=UNKNOWN, autoLog=True, bitsMode=UNKNOWN, blendMode='avg', color=array([0., 0., 0.]), colorSpace='rgb', fullscr=<method-wrapper '__getattribute__' of attributeSetter object at 0x132184908>, gamma=None, gammaErrorPolicy='raise', kwargs=UNKNOWN, lms=UNKNOWN, monitor=<psychopy.monitors.calibTools.Monitor object at 0x132f9b668>, multiSample=False, name='window1', numSamples=2, pos=[360.0, 225.0], screen=0, size=array([2880, 1800]), stereo=False, units='height', useFBO=True, useRetina=True, viewOri=0.0, viewPos=None, viewScale=None, waitBlanking=True, winType='pyglet')
10.5144 	EXP 	window1: recordFrameIntervals = False
10.6802 	EXP 	window1: recordFrameIntervals = True
10.8645 	EXP 	window1: recordFrameIntervals = False
11.3698 	EXP 	Created instructions_text = TextStim(__class__=<class 'psychopy.visual.text.TextStim'>, alignHoriz='center', alignVert='center', antialias=True, autoLog=True, bold=False, color='white', colorSpace='named', contrast=1.0, depth=0.0, flipHoriz=False, flipVert=False, font='Arial', fontFiles=[], height=0.1, italic=False, languageStyle='LTR', name='instructions_text', opacity=1.0, ori=0, pos=array([0., 0.]), rgb=array([255., 255., 255.]), text='Welcome!', units='height', win=Window(...), wrapWidth=1)
11.4285 	EXP 	Created show_condition_text = TextStim(__class__=<class 'psychopy.visual.text.TextStim'>, alignHoriz='center', alignVert='center', antialias=True, autoLog=True, bold=False, color='white', colorSpace='named', contrast=1.0, depth=0.0, flipHoriz=False, flipVert=False, font='Arial', fontFiles=[], height=0.1, italic=False, languageStyle='LTR', name='show_condition_text', opacity=1.0, ori=0, pos=array([0., 0.]), rgb=array([255., 255., 255.]), text='default text', units='height', win=Window(...), wrapWidth=1)
11.4480 	EXP 	instructions_text: autoDraw = True
11.4633 	EXP 	instructions_text: autoDraw = True
11.4802 	EXP 	instructions_text: autoDraw = True
11.4976 	EXP 	instructions_text: autoDraw = True
11.5132 	EXP 	instructions_text: autoDraw = True
11.5310 	EXP 	instructions_text: autoDraw = True
11.5465 	EXP 	instructions_text: autoDraw = True
11.5643 	EXP 	instructions_text: autoDraw = True
11.5808 	EXP 	instructions_text: autoDraw = True
11.5975 	EXP 	instructions_text: autoDraw = True
11.6137 	EXP 	instructions_text: autoDraw = True
11.6304 	EXP 	instructions_text: autoDraw = True
11.6474 	EXP 	instructions_text: autoDraw = True
11.6632 	EXP 	instructions_text: autoDraw = True
11.6803 	EXP 	instructions_text: autoDraw = True
11.6971 	EXP 	instructions_text: autoDraw = True
11.7136 	EXP 	instructions_text: autoDraw = True
11.7308 	EXP 	instructions_text: autoDraw = True
11.7465 	EXP 	instructions_text: autoDraw = True
11.7640 	EXP 	instructions_text: autoDraw = True
11.7812 	EXP 	instructions_text: autoDraw = True
11.7975 	EXP 	instructions_text: autoDraw = True
11.8139 	EXP 	instructions_text: autoDraw = True
11.8319 	EXP 	instructions_text: autoDraw = True
11.8469 	EXP 	instructions_text: autoDraw = True
11.8642 	EXP 	instructions_text: autoDraw = True
11.8799 	EXP 	instructions_text: autoDraw = True
11.8972 	EXP 	instructions_text: autoDraw = True
11.9140 	EXP 	instructions_text: autoDraw = True
11.9301 	EXP 	instructions_text: autoDraw = True
11.9471 	EXP 	instructions_text: autoDraw = True
11.9639 	EXP 	instructions_text: autoDraw = True
11.9809 	EXP 	instructions_text: autoDraw = True
11.9978 	EXP 	instructions_text: autoDraw = True
12.0142 	EXP 	instructions_text: autoDraw = True
12.0304 	EXP 	instructions_text: autoDraw = True
12.0468 	EXP 	instructions_text: autoDraw = True
12.0637 	EXP 	instructions_text: autoDraw = True
12.0811 	EXP 	instructions_text: autoDraw = True
12.0979 	EXP 	instructions_text: autoDraw = True
12.1138 	EXP 	instructions_text: autoDraw = True
12.1310 	EXP 	instructions_text: autoDraw = True
12.1470 	EXP 	instructions_text: autoDraw = True
12.1644 	EXP 	instructions_text: autoDraw = True
12.1809 	EXP 	instructions_text: autoDraw = True
12.1971 	EXP 	instructions_text: autoDraw = True
12.2133 	EXP 	instructions_text: autoDraw = True
12.2305 	EXP 	instructions_text: autoDraw = True
12.2475 	EXP 	instructions_text: autoDraw = True
12.2642 	EXP 	instructions_text: autoDraw = True
12.2803 	EXP 	instructions_text: autoDraw = True
12.2970 	EXP 	instructions_text: autoDraw = True
12.3138 	EXP 	instructions_text: autoDraw = True
12.3306 	EXP 	instructions_text: autoDraw = True
12.3473 	EXP 	instructions_text: autoDraw = True
12.3608 	DATA 	Keypress: space
12.3801 	EXP 	instructions_text: autoDraw = True
12.3969 	EXP 	instructions_text: autoDraw = True
12.4139 	EXP 	instructions_text: autoDraw = True
12.4297 	EXP 	instructions_text: autoDraw = True
12.4469 	EXP 	instructions_text: autoDraw = True
12.4637 	EXP 	instructions_text: autoDraw = True
12.4808 	EXP 	instructions_text: autoDraw = True
12.4870 	EXP 	Imported csvs/noise_conditions.csv as conditions, 4 conditions, 1 params
12.4873 	EXP 	Created sequence: random, trialTypes=4, nReps=1, seed=None
12.4875 	EXP 	New trial (rep=0, index=0): OrderedDict([('condition', 3)])
12.4901 	EXP 	Imported csvs/condition_3_wlists_indices.csv as conditions, 8 conditions, 1 params
12.4904 	EXP 	Created sequence: random, trialTypes=8, nReps=1, seed=None
12.4907 	EXP 	New trial (rep=0, index=0): OrderedDict([('wlist_index', 28)])
12.4935 	EXP 	Imported csvs/28.csv as conditions, 6 conditions, 1 params
12.4940 	EXP 	Created sequence: random, trialTypes=6, nReps=1, seed=None
12.4944 	EXP 	New trial (rep=0, index=0): OrderedDict([('word', 'figure')])
12.5133 	EXP 	show_condition_text: text = 'figure'
12.5133 	EXP 	show_condition_text: autoDraw = True
12.5139 	EXP 	New trial (rep=0, index=1): OrderedDict([('word', 'make')])
12.5300 	EXP 	show_condition_text: text = 'make'
12.5300 	EXP 	show_condition_text: autoDraw = True
12.5308 	EXP 	New trial (rep=0, index=2): OrderedDict([('word', 'biography')])
12.5634 	EXP 	show_condition_text: text = 'biography'
12.5634 	EXP 	show_condition_text: autoDraw = True
12.5639 	EXP 	New trial (rep=0, index=3): OrderedDict([('word', 'anthropology')])
12.5965 	EXP 	show_condition_text: text = 'anthropology'
12.5965 	EXP 	show_condition_text: autoDraw = True
12.5971 	EXP 	New trial (rep=0, index=4): OrderedDict([('word', 'separately')])
12.6186 	EXP 	show_condition_text: text = 'separately'
12.6186 	EXP 	show_condition_text: autoDraw = True
12.6191 	EXP 	New trial (rep=0, index=5): OrderedDict([('word', 'regardless')])
12.6476 	EXP 	show_condition_text: text = 'regardless'
12.6476 	EXP 	show_condition_text: autoDraw = True
12.6642 	EXP 	show_condition_text: text = '****'
12.6642 	EXP 	show_condition_text: autoDraw = True
13.3669 	DATA 	Keypress: space
13.4805 	EXP 	show_condition_text: autoDraw = False
13.4809 	EXP 	New trial (rep=0, index=1): OrderedDict([('wlist_index', 11)])
13.4836 	EXP 	Imported csvs/11.csv as conditions, 11 conditions, 1 params
13.4839 	EXP 	Created sequence: random, trialTypes=11, nReps=1, seed=None
13.4841 	EXP 	New trial (rep=0, index=0): OrderedDict([('word', 'boom')])
13.4985 	EXP 	show_condition_text: text = 'boom'
13.4985 	EXP 	show_condition_text: autoDraw = True
13.4991 	EXP 	New trial (rep=0, index=1): OrderedDict([('word', 'resorts')])
13.5176 	EXP 	show_condition_text: text = 'resorts'
13.5176 	EXP 	show_condition_text: autoDraw = True
13.5181 	EXP 	New trial (rep=0, index=2): OrderedDict([('word', 'remarkable')])
13.5334 	EXP 	show_condition_text: text = 'remarkable'
13.5334 	EXP 	show_condition_text: autoDraw = True
13.5339 	EXP 	New trial (rep=0, index=3): OrderedDict([('word', 'events')])
13.5634 	EXP 	show_condition_text: text = 'events'
13.5634 	EXP 	show_condition_text: autoDraw = True
13.5641 	EXP 	New trial (rep=0, index=4): OrderedDict([('word', 'sad')])
13.5804 	EXP 	show_condition_text: text = 'sad'
13.5804 	EXP 	show_condition_text: autoDraw = True
13.5810 	EXP 	New trial (rep=0, index=5): OrderedDict([('word', 'throwing')])
13.6019 	EXP 	show_condition_text: text = 'throwing'
13.6019 	EXP 	show_condition_text: autoDraw = True
13.6026 	EXP 	New trial (rep=0, index=6): OrderedDict([('word', 'trigger')])
13.6305 	EXP 	show_condition_text: text = 'trigger'
13.6305 	EXP 	show_condition_text: autoDraw = True
13.6314 	EXP 	New trial (rep=0, index=7): OrderedDict([('word', 'transparent')])
13.6512 	EXP 	show_condition_text: text = 'transparent'
13.6512 	EXP 	show_condition_text: autoDraw = True
13.6518 	EXP 	New trial (rep=0, index=8): OrderedDict([('word', 'gender')])
13.6804 	EXP 	show_condition_text: text = 'gender'
13.6804 	EXP 	show_condition_text: autoDraw = True
13.6809 	EXP 	New trial (rep=0, index=9): OrderedDict([('word', 'security')])
13.6971 	EXP 	show_condition_text: text = 'security'
13.6971 	EXP 	show_condition_text: autoDraw = True
13.6976 	EXP 	New trial (rep=0, index=10): OrderedDict([('word', 'satisfactory')])
13.7159 	EXP 	show_condition_text: text = 'satisfactory'
13.7159 	EXP 	show_condition_text: autoDraw = True
13.7305 	EXP 	show_condition_text: text = '****'
13.7305 	EXP 	show_condition_text: autoDraw = True
13.9502 	DATA 	Keypress: space
14.0640 	EXP 	show_condition_text: autoDraw = False
14.0644 	EXP 	New trial (rep=0, index=2): OrderedDict([('wlist_index', 22)])
14.0673 	EXP 	Imported csvs/22.csv as conditions, 10 conditions, 1 params
14.0676 	EXP 	Created sequence: random, trialTypes=10, nReps=1, seed=None
14.0678 	EXP 	New trial (rep=0, index=0): OrderedDict([('word', 'rarely')])
14.0838 	EXP 	show_condition_text: text = 'rarely'
14.0838 	EXP 	show_condition_text: autoDraw = True
14.0844 	EXP 	New trial (rep=0, index=1): OrderedDict([('word', 'secret')])
14.1007 	EXP 	show_condition_text: text = 'secret'
14.1007 	EXP 	show_condition_text: autoDraw = True
14.1013 	EXP 	New trial (rep=0, index=2): OrderedDict([('word', 'marina')])
14.1180 	EXP 	show_condition_text: text = 'marina'
14.1180 	EXP 	show_condition_text: autoDraw = True
14.1185 	EXP 	New trial (rep=0, index=3): OrderedDict([('word', 'sophisticated')])
14.1466 	EXP 	show_condition_text: text = 'sophisticated'
14.1466 	EXP 	show_condition_text: autoDraw = True
14.1473 	EXP 	New trial (rep=0, index=4): OrderedDict([('word', 'detective')])
14.1639 	EXP 	show_condition_text: text = 'detective'
14.1639 	EXP 	show_condition_text: autoDraw = True
14.1644 	EXP 	New trial (rep=0, index=5): OrderedDict([('word', 'es')])
14.1807 	EXP 	show_condition_text: text = 'es'
14.1807 	EXP 	show_condition_text: autoDraw = True
14.1813 	EXP 	New trial (rep=0, index=6): OrderedDict([('word', 'away')])
14.1995 	EXP 	show_condition_text: text = 'away'
14.1995 	EXP 	show_condition_text: autoDraw = True
14.2001 	EXP 	New trial (rep=0, index=7): OrderedDict([('word', 'gotten')])
14.2164 	EXP 	show_condition_text: text = 'gotten'
14.2164 	EXP 	show_condition_text: autoDraw = True
14.2170 	EXP 	New trial (rep=0, index=8): OrderedDict([('word', 'missions')])
14.2354 	EXP 	show_condition_text: text = 'missions'
14.2354 	EXP 	show_condition_text: autoDraw = True
14.2362 	EXP 	New trial (rep=0, index=9): OrderedDict([('word', 'athletics')])
14.2639 	EXP 	show_condition_text: text = 'athletics'
14.2639 	EXP 	show_condition_text: autoDraw = True
14.2807 	EXP 	show_condition_text: text = '****'
14.2807 	EXP 	show_condition_text: autoDraw = True
14.4443 	DATA 	Keypress: escape
14.8585 	EXP 	window1: mouseVisible = True
