10.1341 	WARNING 	User requested fullscreen with size [1024  768], but screen is actually [1440, 900]. Using actual size
11.0371 	EXP 	Created window1 = Window(allowGUI=False, allowStencil=False, args=UNKNOWN, autoLog=True, bitsMode=UNKNOWN, blendMode='avg', color=array([0., 0., 0.]), colorSpace='rgb', fullscr=<method-wrapper '__getattribute__' of attributeSetter object at 0x13204af98>, gamma=None, gammaErrorPolicy='raise', kwargs=UNKNOWN, lms=UNKNOWN, monitor=<psychopy.monitors.calibTools.Monitor object at 0x131daee80>, multiSample=False, name='window1', numSamples=2, pos=[360.0, 225.0], screen=0, size=array([2880, 1800]), stereo=False, units='height', useFBO=True, useRetina=True, viewOri=0.0, viewPos=None, viewScale=None, waitBlanking=True, winType='pyglet')
11.0371 	EXP 	window1: recordFrameIntervals = False
11.2042 	EXP 	window1: recordFrameIntervals = True
11.3877 	EXP 	window1: recordFrameIntervals = False
12.1328 	EXP 	Created instructions_text = TextStim(__class__=<class 'psychopy.visual.text.TextStim'>, alignHoriz='center', alignVert='center', antialias=True, autoLog=True, bold=False, color='white', colorSpace='named', contrast=1.0, depth=0.0, flipHoriz=False, flipVert=False, font='Arial', fontFiles=[], height=0.1, italic=False, languageStyle='LTR', name='instructions_text', opacity=1.0, ori=0, pos=array([0., 0.]), rgb=array([255., 255., 255.]), text='Welcome!', units='height', win=Window(...), wrapWidth=1)
12.1896 	EXP 	Created show_condition_text = TextStim(__class__=<class 'psychopy.visual.text.TextStim'>, alignHoriz='center', alignVert='center', antialias=True, autoLog=True, bold=False, color='white', colorSpace='named', contrast=1.0, depth=0.0, flipHoriz=False, flipVert=False, font='Arial', fontFiles=[], height=0.1, italic=False, languageStyle='LTR', name='show_condition_text', opacity=1.0, ori=0, pos=array([0., 0.]), rgb=array([255., 255., 255.]), text='default text', units='height', win=Window(...), wrapWidth=1)
12.2086 	EXP 	instructions_text: autoDraw = True
12.7945 	EXP 	Imported csvs/noise_conditions.csv as conditions, 4 conditions, 1 params
12.7949 	EXP 	Created sequence: random, trialTypes=4, nReps=1, seed=None
12.7952 	EXP 	New trial (rep=0, index=0): OrderedDict([('condition', 1)])
12.7981 	EXP 	Imported csvs/condition_1_wlists_indices.csv as conditions, 8 conditions, 1 params
12.7984 	EXP 	Created sequence: random, trialTypes=8, nReps=1, seed=None
12.7986 	EXP 	New trial (rep=0, index=0): OrderedDict([('wlist_index', 2)])
12.8013 	EXP 	Imported csvs/2.csv as conditions, 8 conditions, 1 params
12.8016 	EXP 	Created sequence: random, trialTypes=8, nReps=1, seed=None
12.8018 	EXP 	New trial (rep=0, index=0): OrderedDict([('word', 'milfhunter')])
12.8214 	DATA 	Keypress: space
12.8371 	EXP 	instructions_text: autoDraw = False
12.8371 	EXP 	show_condition_text: text = 'milfhunter'
12.8371 	EXP 	show_condition_text: autoDraw = True
13.7989 	EXP 	New trial (rep=0, index=1): OrderedDict([('word', 'assessed')])
13.8176 	EXP 	show_condition_text: autoDraw = False
13.8176 	EXP 	show_condition_text: text = 'assessed'
13.8176 	EXP 	show_condition_text: autoDraw = True
14.7993 	EXP 	New trial (rep=0, index=2): OrderedDict([('word', 'guide')])
14.8160 	EXP 	show_condition_text: autoDraw = False
14.8160 	EXP 	show_condition_text: text = 'guide'
14.8160 	EXP 	show_condition_text: autoDraw = True
15.7995 	EXP 	New trial (rep=0, index=3): OrderedDict([('word', 'representation')])
15.8189 	EXP 	show_condition_text: autoDraw = False
15.8189 	EXP 	show_condition_text: text = 'representation'
15.8189 	EXP 	show_condition_text: autoDraw = True
16.7999 	EXP 	New trial (rep=0, index=4): OrderedDict([('word', 'noble')])
16.8176 	EXP 	show_condition_text: autoDraw = False
16.8176 	EXP 	show_condition_text: text = 'noble'
16.8176 	EXP 	show_condition_text: autoDraw = True
17.7987 	EXP 	New trial (rep=0, index=5): OrderedDict([('word', 'look')])
17.8158 	EXP 	show_condition_text: autoDraw = False
17.8158 	EXP 	show_condition_text: text = 'look'
17.8158 	EXP 	show_condition_text: autoDraw = True
18.7998 	EXP 	New trial (rep=0, index=6): OrderedDict([('word', 'protected')])
18.8161 	EXP 	show_condition_text: autoDraw = False
18.8161 	EXP 	show_condition_text: text = 'protected'
18.8161 	EXP 	show_condition_text: autoDraw = True
19.7994 	EXP 	New trial (rep=0, index=7): OrderedDict([('word', 'xl')])
19.8160 	EXP 	show_condition_text: autoDraw = False
19.8160 	EXP 	show_condition_text: text = 'xl'
19.8160 	EXP 	show_condition_text: autoDraw = True
20.8147 	EXP 	show_condition_text: autoDraw = False
20.8147 	EXP 	show_condition_text: text = '****'
20.8147 	EXP 	show_condition_text: autoDraw = True
21.8152 	EXP 	New trial (rep=0, index=1): OrderedDict([('wlist_index', 12)])
21.8183 	EXP 	Imported csvs/12.csv as conditions, 7 conditions, 1 params
21.8186 	EXP 	Created sequence: random, trialTypes=7, nReps=1, seed=None
21.8187 	EXP 	New trial (rep=0, index=0): OrderedDict([('word', 'latin')])
21.8222 	EXP 	New trial (rep=0, index=1): OrderedDict([('word', 'powered')])
21.8499 	EXP 	show_condition_text: text = 'latin'
21.8499 	EXP 	show_condition_text: autoDraw = False
21.8499 	EXP 	show_condition_text: text = 'powered'
21.8499 	EXP 	show_condition_text: autoDraw = True
22.7990 	EXP 	New trial (rep=0, index=2): OrderedDict([('word', 'cradle')])
22.8153 	EXP 	show_condition_text: autoDraw = False
22.8153 	EXP 	show_condition_text: text = 'cradle'
22.8153 	EXP 	show_condition_text: autoDraw = True
23.2011 	DATA 	Keypress: escape
23.6370 	EXP 	window1: mouseVisible = True
