5.5633 	WARNING 	User requested fullscreen with size [1024  768], but screen is actually [1440, 900]. Using actual size
6.2966 	EXP 	Created window1 = Window(allowGUI=False, allowStencil=False, args=UNKNOWN, autoLog=True, bitsMode=UNKNOWN, blendMode='avg', color=array([0., 0., 0.]), colorSpace='rgb', fullscr=<method-wrapper '__getattribute__' of attributeSetter object at 0x131d8c908>, gamma=None, gammaErrorPolicy='raise', kwargs=UNKNOWN, lms=UNKNOWN, monitor=<psychopy.monitors.calibTools.Monitor object at 0x132d674a8>, multiSample=False, name='window1', numSamples=2, pos=[360.0, 225.0], screen=0, size=array([2880, 1800]), stereo=False, units='height', useFBO=True, useRetina=True, viewOri=0.0, viewPos=None, viewScale=None, waitBlanking=True, winType='pyglet')
6.2966 	EXP 	window1: recordFrameIntervals = False
6.4622 	EXP 	window1: recordFrameIntervals = True
6.6464 	EXP 	window1: recordFrameIntervals = False
7.0885 	EXP 	Created instructions_text = TextStim(__class__=<class 'psychopy.visual.text.TextStim'>, alignHoriz='center', alignVert='center', antialias=True, autoLog=True, bold=False, color='white', colorSpace='named', contrast=1.0, depth=0.0, flipHoriz=False, flipVert=False, font='Arial', fontFiles=[], height=0.1, italic=False, languageStyle='LTR', name='instructions_text', opacity=1.0, ori=0, pos=array([0., 0.]), rgb=array([255., 255., 255.]), text='Welcome!', units='height', win=Window(...), wrapWidth=1)
7.1439 	EXP 	Created show_condition_text = TextStim(__class__=<class 'psychopy.visual.text.TextStim'>, alignHoriz='center', alignVert='center', antialias=True, autoLog=True, bold=False, color='white', colorSpace='named', contrast=1.0, depth=0.0, flipHoriz=False, flipVert=False, font='Arial', fontFiles=[], height=0.1, italic=False, languageStyle='LTR', name='show_condition_text', opacity=1.0, ori=0, pos=array([0., 0.]), rgb=array([255., 255., 255.]), text='default text', units='height', win=Window(...), wrapWidth=1)
7.1630 	EXP 	instructions_text: autoDraw = True
7.3850 	EXP 	Imported csvs/noise_conditions.csv as conditions, 4 conditions, 1 params
7.3853 	EXP 	Created sequence: random, trialTypes=4, nReps=1, seed=None
7.3855 	EXP 	New trial (rep=0, index=0): OrderedDict([('condition', 3)])
7.3880 	EXP 	Imported csvs/condition_3_wlists_indices.csv as conditions, 8 conditions, 1 params
7.3883 	EXP 	Created sequence: random, trialTypes=8, nReps=1, seed=None
7.3885 	EXP 	New trial (rep=0, index=0): OrderedDict([('wlist_index', 22)])
7.3910 	EXP 	Imported csvs/22.csv as conditions, 10 conditions, 1 params
7.3913 	EXP 	Created sequence: random, trialTypes=10, nReps=1, seed=None
7.3915 	EXP 	New trial (rep=0, index=0): OrderedDict([('word', 'rarely')])
7.4078 	DATA 	Keypress: space
7.4283 	EXP 	instructions_text: autoDraw = False
7.4283 	EXP 	show_condition_text: text = 'rarely'
7.4283 	EXP 	show_condition_text: autoDraw = True
7.4288 	EXP 	New trial (rep=0, index=1): OrderedDict([('word', 'secret')])
7.4457 	EXP 	show_condition_text: autoDraw = False
7.4457 	EXP 	show_condition_text: text = 'secret'
7.4457 	EXP 	show_condition_text: autoDraw = True
7.4462 	EXP 	New trial (rep=0, index=2): OrderedDict([('word', 'detective')])
7.4631 	EXP 	show_condition_text: autoDraw = False
7.4631 	EXP 	show_condition_text: text = 'detective'
7.4631 	EXP 	show_condition_text: autoDraw = True
7.4637 	EXP 	New trial (rep=0, index=3): OrderedDict([('word', 'missions')])
7.4803 	EXP 	show_condition_text: autoDraw = False
7.4803 	EXP 	show_condition_text: text = 'missions'
7.4803 	EXP 	show_condition_text: autoDraw = True
7.4807 	EXP 	New trial (rep=0, index=4): OrderedDict([('word', 'gotten')])
7.5125 	EXP 	show_condition_text: autoDraw = False
7.5125 	EXP 	show_condition_text: text = 'gotten'
7.5125 	EXP 	show_condition_text: autoDraw = True
7.5129 	EXP 	New trial (rep=0, index=5): OrderedDict([('word', 'away')])
7.5298 	EXP 	show_condition_text: autoDraw = False
7.5298 	EXP 	show_condition_text: text = 'away'
7.5298 	EXP 	show_condition_text: autoDraw = True
7.5302 	EXP 	New trial (rep=0, index=6): OrderedDict([('word', 'athletics')])
7.5488 	EXP 	show_condition_text: autoDraw = False
7.5488 	EXP 	show_condition_text: text = 'athletics'
7.5488 	EXP 	show_condition_text: autoDraw = True
7.5493 	EXP 	New trial (rep=0, index=7): OrderedDict([('word', 'marina')])
7.5649 	EXP 	show_condition_text: autoDraw = False
7.5649 	EXP 	show_condition_text: text = 'marina'
7.5649 	EXP 	show_condition_text: autoDraw = True
7.5653 	EXP 	New trial (rep=0, index=8): OrderedDict([('word', 'es')])
7.5793 	EXP 	show_condition_text: autoDraw = False
7.5793 	EXP 	show_condition_text: text = 'es'
7.5793 	EXP 	show_condition_text: autoDraw = True
7.5798 	EXP 	New trial (rep=0, index=9): OrderedDict([('word', 'sophisticated')])
7.5988 	EXP 	show_condition_text: autoDraw = False
7.5988 	EXP 	show_condition_text: text = 'sophisticated'
7.5988 	EXP 	show_condition_text: autoDraw = True
7.6150 	EXP 	show_condition_text: autoDraw = False
7.6150 	EXP 	show_condition_text: text = '****'
7.6150 	EXP 	show_condition_text: autoDraw = True
8.3417 	DATA 	Keypress: space
8.6348 	EXP 	window1: mouseVisible = True
8.6054 	WARNING 	User requested fullscreen with size [1024  768], but screen is actually [1440, 900]. Using actual size
9.2847 	DATA 	Keypress: space
9.4742 	EXP 	Created window1 = Window(allowGUI=False, allowStencil=False, args=UNKNOWN, autoLog=True, bitsMode=UNKNOWN, blendMode='avg', color=array([0., 0., 0.]), colorSpace='rgb', fullscr=<method-wrapper '__getattribute__' of attributeSetter object at 0x132006908>, gamma=None, gammaErrorPolicy='raise', kwargs=UNKNOWN, lms=UNKNOWN, monitor=<psychopy.monitors.calibTools.Monitor object at 0x132edc4a8>, multiSample=False, name='window1', numSamples=2, pos=[360.0, 225.0], screen=0, size=array([2880, 1800]), stereo=False, units='height', useFBO=True, useRetina=True, viewOri=0.0, viewPos=None, viewScale=None, waitBlanking=True, winType='pyglet')
9.4742 	EXP 	window1: recordFrameIntervals = False
9.6398 	EXP 	window1: recordFrameIntervals = True
9.8237 	EXP 	window1: recordFrameIntervals = False
10.3532 	EXP 	Created instructions_text = TextStim(__class__=<class 'psychopy.visual.text.TextStim'>, alignHoriz='center', alignVert='center', antialias=True, autoLog=True, bold=False, color='white', colorSpace='named', contrast=1.0, depth=0.0, flipHoriz=False, flipVert=False, font='Arial', fontFiles=[], height=0.1, italic=False, languageStyle='LTR', name='instructions_text', opacity=1.0, ori=0, pos=array([0., 0.]), rgb=array([255., 255., 255.]), text='Welcome!', units='height', win=Window(...), wrapWidth=1)
10.4213 	EXP 	Created show_condition_text = TextStim(__class__=<class 'psychopy.visual.text.TextStim'>, alignHoriz='center', alignVert='center', antialias=True, autoLog=True, bold=False, color='white', colorSpace='named', contrast=1.0, depth=0.0, flipHoriz=False, flipVert=False, font='Arial', fontFiles=[], height=0.1, italic=False, languageStyle='LTR', name='show_condition_text', opacity=1.0, ori=0, pos=array([0., 0.]), rgb=array([255., 255., 255.]), text='default text', units='height', win=Window(...), wrapWidth=1)
10.4434 	EXP 	instructions_text: autoDraw = True
10.7179 	EXP 	Imported csvs/noise_conditions.csv as conditions, 4 conditions, 1 params
10.7182 	EXP 	Created sequence: random, trialTypes=4, nReps=1, seed=None
10.7185 	EXP 	New trial (rep=0, index=0): OrderedDict([('condition', 3)])
10.7212 	EXP 	Imported csvs/condition_3_wlists_indices.csv as conditions, 8 conditions, 1 params
10.7215 	EXP 	Created sequence: random, trialTypes=8, nReps=1, seed=None
10.7217 	EXP 	New trial (rep=0, index=0): OrderedDict([('wlist_index', 1)])
10.7256 	EXP 	Imported csvs/1.csv as conditions, 11 conditions, 1 params
10.7261 	EXP 	Created sequence: random, trialTypes=11, nReps=1, seed=None
10.7263 	EXP 	New trial (rep=0, index=0): OrderedDict([('word', 'lists')])
10.7358 	DATA 	Keypress: space
10.7471 	EXP 	instructions_text: autoDraw = False
10.7471 	EXP 	show_condition_text: text = 'lists'
10.7471 	EXP 	show_condition_text: autoDraw = True
10.7475 	EXP 	New trial (rep=0, index=1): OrderedDict([('word', 'aspnet')])
10.7763 	EXP 	show_condition_text: autoDraw = False
10.7763 	EXP 	show_condition_text: text = 'aspnet'
10.7763 	EXP 	show_condition_text: autoDraw = True
10.7768 	EXP 	New trial (rep=0, index=2): OrderedDict([('word', 'informative')])
10.7952 	EXP 	show_condition_text: autoDraw = False
10.7952 	EXP 	show_condition_text: text = 'informative'
10.7952 	EXP 	show_condition_text: autoDraw = True
10.7956 	EXP 	New trial (rep=0, index=3): OrderedDict([('word', 'optimal')])
10.8098 	EXP 	show_condition_text: autoDraw = False
10.8098 	EXP 	show_condition_text: text = 'optimal'
10.8098 	EXP 	show_condition_text: autoDraw = True
10.8105 	EXP 	New trial (rep=0, index=4): OrderedDict([('word', 'apartment')])
10.8269 	EXP 	show_condition_text: autoDraw = False
10.8269 	EXP 	show_condition_text: text = 'apartment'
10.8269 	EXP 	show_condition_text: autoDraw = True
10.8273 	EXP 	New trial (rep=0, index=5): OrderedDict([('word', 'coins')])
10.8437 	EXP 	show_condition_text: autoDraw = False
10.8437 	EXP 	show_condition_text: text = 'coins'
10.8437 	EXP 	show_condition_text: autoDraw = True
10.8441 	EXP 	New trial (rep=0, index=6): OrderedDict([('word', 'jackie')])
10.8628 	EXP 	show_condition_text: autoDraw = False
10.8628 	EXP 	show_condition_text: text = 'jackie'
10.8628 	EXP 	show_condition_text: autoDraw = True
10.8632 	EXP 	New trial (rep=0, index=7): OrderedDict([('word', 'page')])
10.8805 	EXP 	show_condition_text: autoDraw = False
10.8805 	EXP 	show_condition_text: text = 'page'
10.8805 	EXP 	show_condition_text: autoDraw = True
10.8809 	EXP 	New trial (rep=0, index=8): OrderedDict([('word', 'ion')])
10.8966 	EXP 	show_condition_text: autoDraw = False
10.8966 	EXP 	show_condition_text: text = 'ion'
10.8966 	EXP 	show_condition_text: autoDraw = True
10.8971 	EXP 	New trial (rep=0, index=9): OrderedDict([('word', 'owns')])
10.9258 	EXP 	show_condition_text: autoDraw = False
10.9258 	EXP 	show_condition_text: text = 'owns'
10.9258 	EXP 	show_condition_text: autoDraw = True
10.9263 	EXP 	New trial (rep=0, index=10): OrderedDict([('word', 'dp')])
10.9426 	EXP 	show_condition_text: autoDraw = False
10.9426 	EXP 	show_condition_text: text = 'dp'
10.9426 	EXP 	show_condition_text: autoDraw = True
10.9600 	EXP 	show_condition_text: autoDraw = False
10.9600 	EXP 	show_condition_text: text = '****'
10.9600 	EXP 	show_condition_text: autoDraw = True
11.2238 	DATA 	Keypress: space
11.5133 	EXP 	window1: mouseVisible = True
