5.5195 	WARNING 	User requested fullscreen with size [1024  768], but screen is actually [1440, 900]. Using actual size
6.2061 	EXP 	Created window1 = Window(allowGUI=False, allowStencil=False, args=UNKNOWN, autoLog=True, bitsMode=UNKNOWN, blendMode='avg', color=array([0., 0., 0.]), colorSpace='rgb', fullscr=<method-wrapper '__getattribute__' of attributeSetter object at 0x1320497b8>, gamma=None, gammaErrorPolicy='raise', kwargs=UNKNOWN, lms=UNKNOWN, monitor=<psychopy.monitors.calibTools.Monitor object at 0x132e3d358>, multiSample=False, name='window1', numSamples=2, pos=[360.0, 225.0], screen=0, size=array([2880, 1800]), stereo=False, units='height', useFBO=True, useRetina=True, viewOri=0.0, viewPos=None, viewScale=None, waitBlanking=True, winType='pyglet')
6.2061 	EXP 	window1: recordFrameIntervals = False
6.3720 	EXP 	window1: recordFrameIntervals = True
6.5561 	EXP 	window1: recordFrameIntervals = False
7.0299 	EXP 	Created instructions_text = TextStim(__class__=<class 'psychopy.visual.text.TextStim'>, alignHoriz='center', alignVert='center', antialias=True, autoLog=True, bold=False, color='white', colorSpace='named', contrast=1.0, depth=0.0, flipHoriz=False, flipVert=False, font='Arial', fontFiles=[], height=0.1, italic=False, languageStyle='LTR', name='instructions_text', opacity=1.0, ori=0, pos=array([0., 0.]), rgb=array([255., 255., 255.]), text='Welcome!', units='height', win=Window(...), wrapWidth=1)
7.0835 	EXP 	Created show_condition_text = TextStim(__class__=<class 'psychopy.visual.text.TextStim'>, alignHoriz='center', alignVert='center', antialias=True, autoLog=True, bold=False, color='white', colorSpace='named', contrast=1.0, depth=0.0, flipHoriz=False, flipVert=False, font='Arial', fontFiles=[], height=0.1, italic=False, languageStyle='LTR', name='show_condition_text', opacity=1.0, ori=0, pos=array([0., 0.]), rgb=array([255., 255., 255.]), text='default text', units='height', win=Window(...), wrapWidth=1)
7.1063 	EXP 	instructions_text: autoDraw = True
8.0799 	EXP 	Imported csvs/noise_conditions.csv as conditions, 4 conditions, 1 params
8.0802 	EXP 	Created sequence: random, trialTypes=4, nReps=1, seed=None
8.0804 	EXP 	New trial (rep=0, index=0): OrderedDict([('condition', 4)])
8.0928 	EXP 	Imported csvs/condition_4_wlists_indices.csv as conditions, 8 conditions, 1 params
8.0931 	EXP 	Created sequence: random, trialTypes=8, nReps=1, seed=None
8.0933 	EXP 	New trial (rep=0, index=0): OrderedDict([('wlist_index', 6)])
8.1070 	EXP 	Imported csvs/6.csv as conditions, 9 conditions, 1 params
8.1074 	EXP 	Created sequence: random, trialTypes=9, nReps=1, seed=None
8.1076 	EXP 	New trial (rep=0, index=0): OrderedDict([('word', 'enjoyed')])
8.1348 	DATA 	Keypress: space
8.1555 	EXP 	instructions_text: autoDraw = False
8.1555 	EXP 	show_condition_text: text = 'enjoyed'
8.1555 	EXP 	show_condition_text: autoDraw = True
9.0888 	EXP 	New trial (rep=0, index=1): OrderedDict([('word', 'sole')])
9.1055 	EXP 	show_condition_text: autoDraw = False
9.1055 	EXP 	show_condition_text: text = 'sole'
9.1055 	EXP 	show_condition_text: autoDraw = True
10.0735 	EXP 	New trial (rep=0, index=2): OrderedDict([('word', 'landscape')])
10.0915 	EXP 	show_condition_text: autoDraw = False
10.0915 	EXP 	show_condition_text: text = 'landscape'
10.0915 	EXP 	show_condition_text: autoDraw = True
11.0740 	EXP 	New trial (rep=0, index=3): OrderedDict([('word', 'futures')])
11.0938 	EXP 	show_condition_text: autoDraw = False
11.0938 	EXP 	show_condition_text: text = 'futures'
11.0938 	EXP 	show_condition_text: autoDraw = True
12.0737 	EXP 	New trial (rep=0, index=4): OrderedDict([('word', 'colonial')])
12.0916 	EXP 	show_condition_text: autoDraw = False
12.0916 	EXP 	show_condition_text: text = 'colonial'
12.0916 	EXP 	show_condition_text: autoDraw = True
13.0736 	EXP 	New trial (rep=0, index=5): OrderedDict([('word', 'showers')])
13.0936 	EXP 	show_condition_text: autoDraw = False
13.0936 	EXP 	show_condition_text: text = 'showers'
13.0936 	EXP 	show_condition_text: autoDraw = True
14.0738 	EXP 	New trial (rep=0, index=6): OrderedDict([('word', 'findlaw')])
14.0903 	EXP 	show_condition_text: autoDraw = False
14.0903 	EXP 	show_condition_text: text = 'findlaw'
14.0903 	EXP 	show_condition_text: autoDraw = True
15.0741 	EXP 	New trial (rep=0, index=7): OrderedDict([('word', 'jose')])
15.0900 	EXP 	show_condition_text: autoDraw = False
15.0900 	EXP 	show_condition_text: text = 'jose'
15.0900 	EXP 	show_condition_text: autoDraw = True
16.0740 	EXP 	New trial (rep=0, index=8): OrderedDict([('word', 'data')])
16.0903 	EXP 	show_condition_text: autoDraw = False
16.0903 	EXP 	show_condition_text: text = 'data'
16.0903 	EXP 	show_condition_text: autoDraw = True
17.0901 	EXP 	show_condition_text: autoDraw = False
17.0901 	EXP 	show_condition_text: text = '****'
17.0901 	EXP 	show_condition_text: autoDraw = True
17.1066 	EXP 	show_condition_text: text = '****'
17.1066 	EXP 	show_condition_text: autoDraw = True
17.1234 	EXP 	show_condition_text: text = '****'
17.1234 	EXP 	show_condition_text: autoDraw = True
17.1395 	EXP 	show_condition_text: text = '****'
17.1395 	EXP 	show_condition_text: autoDraw = True
17.1567 	EXP 	show_condition_text: text = '****'
17.1567 	EXP 	show_condition_text: autoDraw = True
17.1734 	EXP 	show_condition_text: text = '****'
17.1734 	EXP 	show_condition_text: autoDraw = True
17.1902 	EXP 	show_condition_text: text = '****'
17.1902 	EXP 	show_condition_text: autoDraw = True
17.2067 	EXP 	show_condition_text: text = '****'
17.2067 	EXP 	show_condition_text: autoDraw = True
17.2237 	EXP 	show_condition_text: text = '****'
17.2237 	EXP 	show_condition_text: autoDraw = True
17.2398 	EXP 	show_condition_text: text = '****'
17.2398 	EXP 	show_condition_text: autoDraw = True
17.2562 	EXP 	show_condition_text: text = '****'
17.2562 	EXP 	show_condition_text: autoDraw = True
17.2730 	EXP 	show_condition_text: text = '****'
17.2730 	EXP 	show_condition_text: autoDraw = True
17.2900 	EXP 	show_condition_text: text = '****'
17.2900 	EXP 	show_condition_text: autoDraw = True
17.3067 	EXP 	show_condition_text: text = '****'
17.3067 	EXP 	show_condition_text: autoDraw = True
17.3233 	EXP 	show_condition_text: text = '****'
17.3233 	EXP 	show_condition_text: autoDraw = True
17.3396 	EXP 	show_condition_text: text = '****'
17.3396 	EXP 	show_condition_text: autoDraw = True
17.3567 	EXP 	show_condition_text: text = '****'
17.3567 	EXP 	show_condition_text: autoDraw = True
17.3728 	EXP 	show_condition_text: text = '****'
17.3728 	EXP 	show_condition_text: autoDraw = True
17.3902 	EXP 	show_condition_text: text = '****'
17.3902 	EXP 	show_condition_text: autoDraw = True
17.4066 	EXP 	show_condition_text: text = '****'
17.4066 	EXP 	show_condition_text: autoDraw = True
17.4234 	EXP 	show_condition_text: text = '****'
17.4234 	EXP 	show_condition_text: autoDraw = True
17.4398 	EXP 	show_condition_text: text = '****'
17.4398 	EXP 	show_condition_text: autoDraw = True
17.4567 	EXP 	show_condition_text: text = '****'
17.4567 	EXP 	show_condition_text: autoDraw = True
17.4731 	EXP 	show_condition_text: text = '****'
17.4731 	EXP 	show_condition_text: autoDraw = True
17.4900 	EXP 	show_condition_text: text = '****'
17.4900 	EXP 	show_condition_text: autoDraw = True
17.5068 	EXP 	show_condition_text: text = '****'
17.5068 	EXP 	show_condition_text: autoDraw = True
17.5231 	EXP 	show_condition_text: text = '****'
17.5231 	EXP 	show_condition_text: autoDraw = True
17.5400 	EXP 	show_condition_text: text = '****'
17.5400 	EXP 	show_condition_text: autoDraw = True
17.5567 	EXP 	show_condition_text: text = '****'
17.5567 	EXP 	show_condition_text: autoDraw = True
17.5725 	EXP 	show_condition_text: text = '****'
17.5725 	EXP 	show_condition_text: autoDraw = True
17.5892 	EXP 	show_condition_text: text = '****'
17.5892 	EXP 	show_condition_text: autoDraw = True
17.6068 	EXP 	show_condition_text: text = '****'
17.6068 	EXP 	show_condition_text: autoDraw = True
17.6232 	EXP 	show_condition_text: text = '****'
17.6232 	EXP 	show_condition_text: autoDraw = True
17.6396 	EXP 	show_condition_text: text = '****'
17.6396 	EXP 	show_condition_text: autoDraw = True
17.6566 	EXP 	show_condition_text: text = '****'
17.6566 	EXP 	show_condition_text: autoDraw = True
17.6734 	EXP 	show_condition_text: text = '****'
17.6734 	EXP 	show_condition_text: autoDraw = True
17.6900 	EXP 	show_condition_text: text = '****'
17.6900 	EXP 	show_condition_text: autoDraw = True
17.7063 	EXP 	show_condition_text: text = '****'
17.7063 	EXP 	show_condition_text: autoDraw = True
17.7234 	EXP 	show_condition_text: text = '****'
17.7234 	EXP 	show_condition_text: autoDraw = True
17.7403 	EXP 	show_condition_text: text = '****'
17.7403 	EXP 	show_condition_text: autoDraw = True
17.7566 	EXP 	show_condition_text: text = '****'
17.7566 	EXP 	show_condition_text: autoDraw = True
17.7734 	EXP 	show_condition_text: text = '****'
17.7734 	EXP 	show_condition_text: autoDraw = True
17.7900 	EXP 	show_condition_text: text = '****'
17.7900 	EXP 	show_condition_text: autoDraw = True
17.8064 	EXP 	show_condition_text: text = '****'
17.8064 	EXP 	show_condition_text: autoDraw = True
17.8238 	EXP 	show_condition_text: text = '****'
17.8238 	EXP 	show_condition_text: autoDraw = True
17.8399 	EXP 	show_condition_text: text = '****'
17.8399 	EXP 	show_condition_text: autoDraw = True
17.8570 	EXP 	show_condition_text: text = '****'
17.8570 	EXP 	show_condition_text: autoDraw = True
17.8736 	EXP 	show_condition_text: text = '****'
17.8736 	EXP 	show_condition_text: autoDraw = True
17.8902 	EXP 	show_condition_text: text = '****'
17.8902 	EXP 	show_condition_text: autoDraw = True
17.9065 	EXP 	show_condition_text: text = '****'
17.9065 	EXP 	show_condition_text: autoDraw = True
17.9234 	EXP 	show_condition_text: text = '****'
17.9234 	EXP 	show_condition_text: autoDraw = True
17.9405 	EXP 	show_condition_text: text = '****'
17.9405 	EXP 	show_condition_text: autoDraw = True
17.9569 	EXP 	show_condition_text: text = '****'
17.9569 	EXP 	show_condition_text: autoDraw = True
17.9734 	EXP 	show_condition_text: text = '****'
17.9734 	EXP 	show_condition_text: autoDraw = True
17.9900 	EXP 	show_condition_text: text = '****'
17.9900 	EXP 	show_condition_text: autoDraw = True
18.0063 	EXP 	show_condition_text: text = '****'
18.0063 	EXP 	show_condition_text: autoDraw = True
18.0235 	EXP 	show_condition_text: text = '****'
18.0235 	EXP 	show_condition_text: autoDraw = True
18.0396 	EXP 	show_condition_text: text = '****'
18.0396 	EXP 	show_condition_text: autoDraw = True
18.0566 	EXP 	show_condition_text: text = '****'
18.0566 	EXP 	show_condition_text: autoDraw = True
18.0724 	EXP 	show_condition_text: text = '****'
18.0724 	EXP 	show_condition_text: autoDraw = True
18.0895 	EXP 	show_condition_text: text = '****'
18.0895 	EXP 	show_condition_text: autoDraw = True
18.1070 	EXP 	show_condition_text: text = '****'
18.1070 	EXP 	show_condition_text: autoDraw = True
18.1229 	EXP 	show_condition_text: text = '****'
18.1229 	EXP 	show_condition_text: autoDraw = True
18.1400 	EXP 	show_condition_text: text = '****'
18.1400 	EXP 	show_condition_text: autoDraw = True
18.1564 	EXP 	show_condition_text: text = '****'
18.1564 	EXP 	show_condition_text: autoDraw = True
18.1735 	EXP 	show_condition_text: text = '****'
18.1735 	EXP 	show_condition_text: autoDraw = True
18.1898 	EXP 	show_condition_text: text = '****'
18.1898 	EXP 	show_condition_text: autoDraw = True
18.2067 	EXP 	show_condition_text: text = '****'
18.2067 	EXP 	show_condition_text: autoDraw = True
18.2225 	EXP 	show_condition_text: text = '****'
18.2225 	EXP 	show_condition_text: autoDraw = True
18.2404 	EXP 	show_condition_text: text = '****'
18.2404 	EXP 	show_condition_text: autoDraw = True
18.2564 	EXP 	show_condition_text: text = '****'
18.2564 	EXP 	show_condition_text: autoDraw = True
18.2731 	EXP 	show_condition_text: text = '****'
18.2731 	EXP 	show_condition_text: autoDraw = True
18.2902 	EXP 	show_condition_text: text = '****'
18.2902 	EXP 	show_condition_text: autoDraw = True
18.3070 	EXP 	show_condition_text: text = '****'
18.3070 	EXP 	show_condition_text: autoDraw = True
18.3235 	EXP 	show_condition_text: text = '****'
18.3235 	EXP 	show_condition_text: autoDraw = True
18.3398 	EXP 	show_condition_text: text = '****'
18.3398 	EXP 	show_condition_text: autoDraw = True
18.3565 	EXP 	show_condition_text: text = '****'
18.3565 	EXP 	show_condition_text: autoDraw = True
18.3731 	EXP 	show_condition_text: text = '****'
18.3731 	EXP 	show_condition_text: autoDraw = True
18.3897 	EXP 	show_condition_text: text = '****'
18.3897 	EXP 	show_condition_text: autoDraw = True
18.4057 	EXP 	show_condition_text: text = '****'
18.4057 	EXP 	show_condition_text: autoDraw = True
18.4237 	EXP 	show_condition_text: text = '****'
18.4237 	EXP 	show_condition_text: autoDraw = True
18.4398 	EXP 	show_condition_text: text = '****'
18.4398 	EXP 	show_condition_text: autoDraw = True
18.4559 	EXP 	show_condition_text: text = '****'
18.4559 	EXP 	show_condition_text: autoDraw = True
18.4736 	EXP 	show_condition_text: text = '****'
18.4736 	EXP 	show_condition_text: autoDraw = True
18.4900 	EXP 	show_condition_text: text = '****'
18.4900 	EXP 	show_condition_text: autoDraw = True
18.5068 	EXP 	show_condition_text: text = '****'
18.5068 	EXP 	show_condition_text: autoDraw = True
18.5229 	EXP 	show_condition_text: text = '****'
18.5229 	EXP 	show_condition_text: autoDraw = True
18.5402 	EXP 	show_condition_text: text = '****'
18.5402 	EXP 	show_condition_text: autoDraw = True
18.5559 	EXP 	show_condition_text: text = '****'
18.5559 	EXP 	show_condition_text: autoDraw = True
18.5730 	EXP 	show_condition_text: text = '****'
18.5730 	EXP 	show_condition_text: autoDraw = True
18.5900 	EXP 	show_condition_text: text = '****'
18.5900 	EXP 	show_condition_text: autoDraw = True
18.6069 	EXP 	show_condition_text: text = '****'
18.6069 	EXP 	show_condition_text: autoDraw = True
18.6235 	EXP 	show_condition_text: text = '****'
18.6235 	EXP 	show_condition_text: autoDraw = True
18.6395 	EXP 	show_condition_text: text = '****'
18.6395 	EXP 	show_condition_text: autoDraw = True
18.6568 	EXP 	show_condition_text: text = '****'
18.6568 	EXP 	show_condition_text: autoDraw = True
18.6734 	EXP 	show_condition_text: text = '****'
18.6734 	EXP 	show_condition_text: autoDraw = True
18.6891 	EXP 	show_condition_text: text = '****'
18.6891 	EXP 	show_condition_text: autoDraw = True
18.7072 	EXP 	show_condition_text: text = '****'
18.7072 	EXP 	show_condition_text: autoDraw = True
18.7237 	EXP 	show_condition_text: text = '****'
18.7237 	EXP 	show_condition_text: autoDraw = True
18.7402 	EXP 	show_condition_text: text = '****'
18.7402 	EXP 	show_condition_text: autoDraw = True
18.7559 	EXP 	show_condition_text: text = '****'
18.7559 	EXP 	show_condition_text: autoDraw = True
18.7728 	EXP 	show_condition_text: text = '****'
18.7728 	EXP 	show_condition_text: autoDraw = True
18.7903 	EXP 	show_condition_text: text = '****'
18.7903 	EXP 	show_condition_text: autoDraw = True
18.8064 	EXP 	show_condition_text: text = '****'
18.8064 	EXP 	show_condition_text: autoDraw = True
18.8234 	EXP 	show_condition_text: text = '****'
18.8234 	EXP 	show_condition_text: autoDraw = True
18.8403 	EXP 	show_condition_text: text = '****'
18.8403 	EXP 	show_condition_text: autoDraw = True
18.8568 	EXP 	show_condition_text: text = '****'
18.8568 	EXP 	show_condition_text: autoDraw = True
18.8735 	EXP 	show_condition_text: text = '****'
18.8735 	EXP 	show_condition_text: autoDraw = True
18.8899 	EXP 	show_condition_text: text = '****'
18.8899 	EXP 	show_condition_text: autoDraw = True
18.9067 	EXP 	show_condition_text: text = '****'
18.9067 	EXP 	show_condition_text: autoDraw = True
18.9235 	EXP 	show_condition_text: text = '****'
18.9235 	EXP 	show_condition_text: autoDraw = True
18.9399 	EXP 	show_condition_text: text = '****'
18.9399 	EXP 	show_condition_text: autoDraw = True
18.9563 	EXP 	show_condition_text: text = '****'
18.9563 	EXP 	show_condition_text: autoDraw = True
18.9734 	EXP 	show_condition_text: text = '****'
18.9734 	EXP 	show_condition_text: autoDraw = True
18.9901 	EXP 	show_condition_text: text = '****'
18.9901 	EXP 	show_condition_text: autoDraw = True
19.0067 	EXP 	show_condition_text: text = '****'
19.0067 	EXP 	show_condition_text: autoDraw = True
19.0234 	EXP 	show_condition_text: text = '****'
19.0234 	EXP 	show_condition_text: autoDraw = True
19.0394 	EXP 	show_condition_text: text = '****'
19.0394 	EXP 	show_condition_text: autoDraw = True
19.0565 	EXP 	show_condition_text: text = '****'
19.0565 	EXP 	show_condition_text: autoDraw = True
19.0733 	EXP 	show_condition_text: text = '****'
19.0733 	EXP 	show_condition_text: autoDraw = True
19.0901 	EXP 	show_condition_text: text = '****'
19.0901 	EXP 	show_condition_text: autoDraw = True
19.1067 	EXP 	show_condition_text: text = '****'
19.1067 	EXP 	show_condition_text: autoDraw = True
19.1231 	EXP 	show_condition_text: text = '****'
19.1231 	EXP 	show_condition_text: autoDraw = True
19.1403 	EXP 	show_condition_text: text = '****'
19.1403 	EXP 	show_condition_text: autoDraw = True
19.1567 	EXP 	show_condition_text: text = '****'
19.1567 	EXP 	show_condition_text: autoDraw = True
19.1737 	EXP 	show_condition_text: text = '****'
19.1737 	EXP 	show_condition_text: autoDraw = True
19.1900 	EXP 	show_condition_text: text = '****'
19.1900 	EXP 	show_condition_text: autoDraw = True
19.2062 	EXP 	show_condition_text: text = '****'
19.2062 	EXP 	show_condition_text: autoDraw = True
19.2233 	EXP 	show_condition_text: text = '****'
19.2233 	EXP 	show_condition_text: autoDraw = True
19.2400 	EXP 	show_condition_text: text = '****'
19.2400 	EXP 	show_condition_text: autoDraw = True
19.2569 	EXP 	show_condition_text: text = '****'
19.2569 	EXP 	show_condition_text: autoDraw = True
19.2734 	EXP 	show_condition_text: text = '****'
19.2734 	EXP 	show_condition_text: autoDraw = True
19.2901 	EXP 	show_condition_text: text = '****'
19.2901 	EXP 	show_condition_text: autoDraw = True
19.3063 	EXP 	show_condition_text: text = '****'
19.3063 	EXP 	show_condition_text: autoDraw = True
19.3233 	EXP 	show_condition_text: text = '****'
19.3233 	EXP 	show_condition_text: autoDraw = True
19.3392 	EXP 	show_condition_text: text = '****'
19.3392 	EXP 	show_condition_text: autoDraw = True
19.3559 	EXP 	show_condition_text: text = '****'
19.3559 	EXP 	show_condition_text: autoDraw = True
19.3733 	EXP 	show_condition_text: text = '****'
19.3733 	EXP 	show_condition_text: autoDraw = True
19.3901 	EXP 	show_condition_text: text = '****'
19.3901 	EXP 	show_condition_text: autoDraw = True
19.4068 	EXP 	show_condition_text: text = '****'
19.4068 	EXP 	show_condition_text: autoDraw = True
19.4235 	EXP 	show_condition_text: text = '****'
19.4235 	EXP 	show_condition_text: autoDraw = True
19.4401 	EXP 	show_condition_text: text = '****'
19.4401 	EXP 	show_condition_text: autoDraw = True
19.4568 	EXP 	show_condition_text: text = '****'
19.4568 	EXP 	show_condition_text: autoDraw = True
19.4732 	EXP 	show_condition_text: text = '****'
19.4732 	EXP 	show_condition_text: autoDraw = True
19.4897 	EXP 	show_condition_text: text = '****'
19.4897 	EXP 	show_condition_text: autoDraw = True
19.5068 	EXP 	show_condition_text: text = '****'
19.5068 	EXP 	show_condition_text: autoDraw = True
19.5227 	EXP 	show_condition_text: text = '****'
19.5227 	EXP 	show_condition_text: autoDraw = True
19.5401 	EXP 	show_condition_text: text = '****'
19.5401 	EXP 	show_condition_text: autoDraw = True
19.5559 	EXP 	show_condition_text: text = '****'
19.5559 	EXP 	show_condition_text: autoDraw = True
19.5734 	EXP 	show_condition_text: text = '****'
19.5734 	EXP 	show_condition_text: autoDraw = True
19.5902 	EXP 	show_condition_text: text = '****'
19.5902 	EXP 	show_condition_text: autoDraw = True
19.6073 	EXP 	show_condition_text: text = '****'
19.6073 	EXP 	show_condition_text: autoDraw = True
19.6237 	EXP 	show_condition_text: text = '****'
19.6237 	EXP 	show_condition_text: autoDraw = True
19.6275 	DATA 	Keypress: space
19.6401 	EXP 	show_condition_text: text = '****'
19.6401 	EXP 	show_condition_text: autoDraw = True
19.6568 	EXP 	show_condition_text: text = '****'
19.6568 	EXP 	show_condition_text: autoDraw = True
19.6734 	EXP 	show_condition_text: text = '****'
19.6734 	EXP 	show_condition_text: autoDraw = True
19.6897 	EXP 	show_condition_text: text = '****'
19.6897 	EXP 	show_condition_text: autoDraw = True
19.7069 	EXP 	show_condition_text: text = '****'
19.7069 	EXP 	show_condition_text: autoDraw = True
19.7232 	EXP 	show_condition_text: text = '****'
19.7232 	EXP 	show_condition_text: autoDraw = True
19.7401 	EXP 	show_condition_text: text = '****'
19.7401 	EXP 	show_condition_text: autoDraw = True
19.7559 	EXP 	show_condition_text: text = '****'
19.7559 	EXP 	show_condition_text: autoDraw = True
19.7731 	EXP 	show_condition_text: text = '****'
19.7731 	EXP 	show_condition_text: autoDraw = True
19.7739 	EXP 	New trial (rep=0, index=1): OrderedDict([('wlist_index', 7)])
19.7777 	EXP 	Imported csvs/7.csv as conditions, 9 conditions, 1 params
19.7780 	EXP 	Created sequence: random, trialTypes=9, nReps=1, seed=None
19.7782 	EXP 	New trial (rep=0, index=0): OrderedDict([('word', 'actual')])
19.7817 	EXP 	New trial (rep=0, index=1): OrderedDict([('word', 'bubble')])
19.7877 	EXP 	New trial (rep=0, index=2): OrderedDict([('word', 'nottingham')])
19.8065 	EXP 	show_condition_text: text = 'actual'
19.8065 	EXP 	show_condition_text: autoDraw = False
19.8065 	EXP 	show_condition_text: text = 'bubble'
19.8065 	EXP 	show_condition_text: autoDraw = False
19.8065 	EXP 	show_condition_text: text = 'nottingham'
19.8065 	EXP 	show_condition_text: autoDraw = True
20.0741 	EXP 	New trial (rep=0, index=3): OrderedDict([('word', 'wallet')])
20.0902 	EXP 	show_condition_text: autoDraw = False
20.0902 	EXP 	show_condition_text: text = 'wallet'
20.0902 	EXP 	show_condition_text: autoDraw = True
21.0736 	EXP 	New trial (rep=0, index=4): OrderedDict([('word', 'dick')])
21.0918 	EXP 	show_condition_text: autoDraw = False
21.0918 	EXP 	show_condition_text: text = 'dick'
21.0918 	EXP 	show_condition_text: autoDraw = True
22.0734 	EXP 	New trial (rep=0, index=5): OrderedDict([('word', 'directors')])
22.0903 	EXP 	show_condition_text: autoDraw = False
22.0903 	EXP 	show_condition_text: text = 'directors'
22.0903 	EXP 	show_condition_text: autoDraw = True
23.0736 	EXP 	New trial (rep=0, index=6): OrderedDict([('word', 'enquiry')])
23.0924 	EXP 	show_condition_text: autoDraw = False
23.0924 	EXP 	show_condition_text: text = 'enquiry'
23.0924 	EXP 	show_condition_text: autoDraw = True
24.0739 	EXP 	New trial (rep=0, index=7): OrderedDict([('word', 'secure')])
24.0902 	EXP 	show_condition_text: autoDraw = False
24.0902 	EXP 	show_condition_text: text = 'secure'
24.0902 	EXP 	show_condition_text: autoDraw = True
25.0735 	EXP 	New trial (rep=0, index=8): OrderedDict([('word', 'self')])
25.0889 	EXP 	show_condition_text: autoDraw = False
25.0889 	EXP 	show_condition_text: text = 'self'
25.0889 	EXP 	show_condition_text: autoDraw = True
26.0895 	EXP 	show_condition_text: autoDraw = False
26.0895 	EXP 	show_condition_text: autoDraw = False
26.0895 	EXP 	show_condition_text: text = '****'
26.0895 	EXP 	show_condition_text: autoDraw = True
26.1058 	EXP 	show_condition_text: text = '****'
26.1058 	EXP 	show_condition_text: autoDraw = True
26.1226 	EXP 	show_condition_text: text = '****'
26.1226 	EXP 	show_condition_text: autoDraw = True
26.1390 	EXP 	show_condition_text: text = '****'
26.1390 	EXP 	show_condition_text: autoDraw = True
26.1564 	EXP 	show_condition_text: text = '****'
26.1564 	EXP 	show_condition_text: autoDraw = True
26.1725 	EXP 	show_condition_text: text = '****'
26.1725 	EXP 	show_condition_text: autoDraw = True
26.1899 	EXP 	show_condition_text: text = '****'
26.1899 	EXP 	show_condition_text: autoDraw = True
26.2061 	EXP 	show_condition_text: text = '****'
26.2061 	EXP 	show_condition_text: autoDraw = True
26.2225 	EXP 	show_condition_text: text = '****'
26.2225 	EXP 	show_condition_text: autoDraw = True
26.2390 	EXP 	show_condition_text: text = '****'
26.2390 	EXP 	show_condition_text: autoDraw = True
26.2564 	EXP 	show_condition_text: text = '****'
26.2564 	EXP 	show_condition_text: autoDraw = True
26.2726 	EXP 	show_condition_text: text = '****'
26.2726 	EXP 	show_condition_text: autoDraw = True
26.2890 	EXP 	show_condition_text: text = '****'
26.2890 	EXP 	show_condition_text: autoDraw = True
26.3067 	EXP 	show_condition_text: text = '****'
26.3067 	EXP 	show_condition_text: autoDraw = True
26.3222 	EXP 	show_condition_text: text = '****'
26.3222 	EXP 	show_condition_text: autoDraw = True
26.3392 	EXP 	show_condition_text: text = '****'
26.3392 	EXP 	show_condition_text: autoDraw = True
26.3566 	EXP 	show_condition_text: text = '****'
26.3566 	EXP 	show_condition_text: autoDraw = True
26.3732 	EXP 	show_condition_text: text = '****'
26.3732 	EXP 	show_condition_text: autoDraw = True
26.3898 	EXP 	show_condition_text: text = '****'
26.3898 	EXP 	show_condition_text: autoDraw = True
26.4063 	EXP 	show_condition_text: text = '****'
26.4063 	EXP 	show_condition_text: autoDraw = True
26.4226 	EXP 	show_condition_text: text = '****'
26.4226 	EXP 	show_condition_text: autoDraw = True
26.4391 	EXP 	show_condition_text: text = '****'
26.4391 	EXP 	show_condition_text: autoDraw = True
26.4557 	EXP 	show_condition_text: text = '****'
26.4557 	EXP 	show_condition_text: autoDraw = True
26.4723 	EXP 	show_condition_text: text = '****'
26.4723 	EXP 	show_condition_text: autoDraw = True
26.4897 	EXP 	show_condition_text: text = '****'
26.4897 	EXP 	show_condition_text: autoDraw = True
26.5062 	EXP 	show_condition_text: text = '****'
26.5062 	EXP 	show_condition_text: autoDraw = True
26.5224 	EXP 	show_condition_text: text = '****'
26.5224 	EXP 	show_condition_text: autoDraw = True
26.5393 	EXP 	show_condition_text: text = '****'
26.5393 	EXP 	show_condition_text: autoDraw = True
26.5567 	EXP 	show_condition_text: text = '****'
26.5567 	EXP 	show_condition_text: autoDraw = True
26.5730 	EXP 	show_condition_text: text = '****'
26.5730 	EXP 	show_condition_text: autoDraw = True
26.5899 	EXP 	show_condition_text: text = '****'
26.5899 	EXP 	show_condition_text: autoDraw = True
26.6058 	EXP 	show_condition_text: text = '****'
26.6058 	EXP 	show_condition_text: autoDraw = True
26.6225 	EXP 	show_condition_text: text = '****'
26.6225 	EXP 	show_condition_text: autoDraw = True
26.6392 	EXP 	show_condition_text: text = '****'
26.6392 	EXP 	show_condition_text: autoDraw = True
26.6564 	EXP 	show_condition_text: text = '****'
26.6564 	EXP 	show_condition_text: autoDraw = True
26.6727 	EXP 	show_condition_text: text = '****'
26.6727 	EXP 	show_condition_text: autoDraw = True
26.6892 	EXP 	show_condition_text: text = '****'
26.6892 	EXP 	show_condition_text: autoDraw = True
26.7056 	EXP 	show_condition_text: text = '****'
26.7056 	EXP 	show_condition_text: autoDraw = True
26.7230 	EXP 	show_condition_text: text = '****'
26.7230 	EXP 	show_condition_text: autoDraw = True
26.7395 	EXP 	show_condition_text: text = '****'
26.7395 	EXP 	show_condition_text: autoDraw = True
26.7558 	EXP 	show_condition_text: text = '****'
26.7558 	EXP 	show_condition_text: autoDraw = True
26.7733 	EXP 	show_condition_text: text = '****'
26.7733 	EXP 	show_condition_text: autoDraw = True
26.7901 	EXP 	show_condition_text: text = '****'
26.7901 	EXP 	show_condition_text: autoDraw = True
26.8054 	EXP 	show_condition_text: text = '****'
26.8054 	EXP 	show_condition_text: autoDraw = True
26.8230 	EXP 	show_condition_text: text = '****'
26.8230 	EXP 	show_condition_text: autoDraw = True
26.8394 	EXP 	show_condition_text: text = '****'
26.8394 	EXP 	show_condition_text: autoDraw = True
26.8563 	EXP 	show_condition_text: text = '****'
26.8563 	EXP 	show_condition_text: autoDraw = True
26.8728 	EXP 	show_condition_text: text = '****'
26.8728 	EXP 	show_condition_text: autoDraw = True
26.8895 	EXP 	show_condition_text: text = '****'
26.8895 	EXP 	show_condition_text: autoDraw = True
26.9060 	EXP 	show_condition_text: text = '****'
26.9060 	EXP 	show_condition_text: autoDraw = True
26.9227 	EXP 	show_condition_text: text = '****'
26.9227 	EXP 	show_condition_text: autoDraw = True
26.9394 	EXP 	show_condition_text: text = '****'
26.9394 	EXP 	show_condition_text: autoDraw = True
26.9560 	EXP 	show_condition_text: text = '****'
26.9560 	EXP 	show_condition_text: autoDraw = True
26.9724 	EXP 	show_condition_text: text = '****'
26.9724 	EXP 	show_condition_text: autoDraw = True
26.9897 	EXP 	show_condition_text: text = '****'
26.9897 	EXP 	show_condition_text: autoDraw = True
27.0059 	EXP 	show_condition_text: text = '****'
27.0059 	EXP 	show_condition_text: autoDraw = True
27.0225 	EXP 	show_condition_text: text = '****'
27.0225 	EXP 	show_condition_text: autoDraw = True
27.0391 	EXP 	show_condition_text: text = '****'
27.0391 	EXP 	show_condition_text: autoDraw = True
27.0561 	EXP 	show_condition_text: text = '****'
27.0561 	EXP 	show_condition_text: autoDraw = True
27.0725 	EXP 	show_condition_text: text = '****'
27.0725 	EXP 	show_condition_text: autoDraw = True
27.0888 	EXP 	show_condition_text: text = '****'
27.0888 	EXP 	show_condition_text: autoDraw = True
27.1066 	EXP 	show_condition_text: text = '****'
27.1066 	EXP 	show_condition_text: autoDraw = True
27.1224 	EXP 	show_condition_text: text = '****'
27.1224 	EXP 	show_condition_text: autoDraw = True
27.1397 	EXP 	show_condition_text: text = '****'
27.1397 	EXP 	show_condition_text: autoDraw = True
27.1557 	EXP 	show_condition_text: text = '****'
27.1557 	EXP 	show_condition_text: autoDraw = True
27.1730 	EXP 	show_condition_text: text = '****'
27.1730 	EXP 	show_condition_text: autoDraw = True
27.1896 	EXP 	show_condition_text: text = '****'
27.1896 	EXP 	show_condition_text: autoDraw = True
27.2058 	EXP 	show_condition_text: text = '****'
27.2058 	EXP 	show_condition_text: autoDraw = True
27.2225 	EXP 	show_condition_text: text = '****'
27.2225 	EXP 	show_condition_text: autoDraw = True
27.2396 	EXP 	show_condition_text: text = '****'
27.2396 	EXP 	show_condition_text: autoDraw = True
27.2562 	EXP 	show_condition_text: text = '****'
27.2562 	EXP 	show_condition_text: autoDraw = True
27.2730 	EXP 	show_condition_text: text = '****'
27.2730 	EXP 	show_condition_text: autoDraw = True
27.2896 	EXP 	show_condition_text: text = '****'
27.2896 	EXP 	show_condition_text: autoDraw = True
27.3063 	EXP 	show_condition_text: text = '****'
27.3063 	EXP 	show_condition_text: autoDraw = True
27.3233 	EXP 	show_condition_text: text = '****'
27.3233 	EXP 	show_condition_text: autoDraw = True
27.3393 	EXP 	show_condition_text: text = '****'
27.3393 	EXP 	show_condition_text: autoDraw = True
27.3565 	EXP 	show_condition_text: text = '****'
27.3565 	EXP 	show_condition_text: autoDraw = True
27.3723 	EXP 	show_condition_text: text = '****'
27.3723 	EXP 	show_condition_text: autoDraw = True
27.3897 	EXP 	show_condition_text: text = '****'
27.3897 	EXP 	show_condition_text: autoDraw = True
27.4061 	EXP 	show_condition_text: text = '****'
27.4061 	EXP 	show_condition_text: autoDraw = True
27.4227 	EXP 	show_condition_text: text = '****'
27.4227 	EXP 	show_condition_text: autoDraw = True
27.4394 	EXP 	show_condition_text: text = '****'
27.4394 	EXP 	show_condition_text: autoDraw = True
27.4559 	EXP 	show_condition_text: text = '****'
27.4559 	EXP 	show_condition_text: autoDraw = True
27.4730 	EXP 	show_condition_text: text = '****'
27.4730 	EXP 	show_condition_text: autoDraw = True
27.4897 	EXP 	show_condition_text: text = '****'
27.4897 	EXP 	show_condition_text: autoDraw = True
27.5060 	EXP 	show_condition_text: text = '****'
27.5060 	EXP 	show_condition_text: autoDraw = True
27.5229 	EXP 	show_condition_text: text = '****'
27.5229 	EXP 	show_condition_text: autoDraw = True
27.5396 	EXP 	show_condition_text: text = '****'
27.5396 	EXP 	show_condition_text: autoDraw = True
27.5562 	EXP 	show_condition_text: text = '****'
27.5562 	EXP 	show_condition_text: autoDraw = True
27.5727 	EXP 	show_condition_text: text = '****'
27.5727 	EXP 	show_condition_text: autoDraw = True
27.5892 	EXP 	show_condition_text: text = '****'
27.5892 	EXP 	show_condition_text: autoDraw = True
27.6064 	EXP 	show_condition_text: text = '****'
27.6064 	EXP 	show_condition_text: autoDraw = True
27.6230 	EXP 	show_condition_text: text = '****'
27.6230 	EXP 	show_condition_text: autoDraw = True
27.6396 	EXP 	show_condition_text: text = '****'
27.6396 	EXP 	show_condition_text: autoDraw = True
27.6562 	EXP 	show_condition_text: text = '****'
27.6562 	EXP 	show_condition_text: autoDraw = True
27.6726 	EXP 	show_condition_text: text = '****'
27.6726 	EXP 	show_condition_text: autoDraw = True
27.6887 	EXP 	show_condition_text: text = '****'
27.6887 	EXP 	show_condition_text: autoDraw = True
27.7062 	EXP 	show_condition_text: text = '****'
27.7062 	EXP 	show_condition_text: autoDraw = True
27.7226 	EXP 	show_condition_text: text = '****'
27.7226 	EXP 	show_condition_text: autoDraw = True
27.7392 	EXP 	show_condition_text: text = '****'
27.7392 	EXP 	show_condition_text: autoDraw = True
27.7561 	EXP 	show_condition_text: text = '****'
27.7561 	EXP 	show_condition_text: autoDraw = True
27.7731 	EXP 	show_condition_text: text = '****'
27.7731 	EXP 	show_condition_text: autoDraw = True
27.7761 	DATA 	Keypress: space
27.7898 	EXP 	show_condition_text: text = '****'
27.7898 	EXP 	show_condition_text: autoDraw = True
27.8064 	EXP 	show_condition_text: text = '****'
27.8064 	EXP 	show_condition_text: autoDraw = True
27.8221 	EXP 	show_condition_text: text = '****'
27.8221 	EXP 	show_condition_text: autoDraw = True
27.8399 	EXP 	show_condition_text: text = '****'
27.8399 	EXP 	show_condition_text: autoDraw = True
27.8565 	EXP 	show_condition_text: text = '****'
27.8565 	EXP 	show_condition_text: autoDraw = True
27.8730 	EXP 	show_condition_text: text = '****'
27.8730 	EXP 	show_condition_text: autoDraw = True
27.8895 	EXP 	show_condition_text: text = '****'
27.8895 	EXP 	show_condition_text: autoDraw = True
27.9057 	EXP 	show_condition_text: text = '****'
27.9057 	EXP 	show_condition_text: autoDraw = True
27.9065 	EXP 	New trial (rep=0, index=2): OrderedDict([('wlist_index', 5)])
27.9101 	EXP 	Imported csvs/5.csv as conditions, 7 conditions, 1 params
27.9104 	EXP 	Created sequence: random, trialTypes=7, nReps=1, seed=None
27.9107 	EXP 	New trial (rep=0, index=0): OrderedDict([('word', 'specialties')])
27.9181 	EXP 	New trial (rep=0, index=1): OrderedDict([('word', 'physics')])
27.9390 	EXP 	show_condition_text: text = 'specialties'
27.9390 	EXP 	show_condition_text: autoDraw = False
27.9390 	EXP 	show_condition_text: text = 'physics'
27.9390 	EXP 	show_condition_text: autoDraw = True
28.0739 	EXP 	New trial (rep=0, index=2): OrderedDict([('word', 'acceptance')])
28.0902 	EXP 	show_condition_text: autoDraw = False
28.0902 	EXP 	show_condition_text: text = 'acceptance'
28.0902 	EXP 	show_condition_text: autoDraw = True
29.0738 	EXP 	New trial (rep=0, index=3): OrderedDict([('word', 'charitable')])
29.0920 	EXP 	show_condition_text: autoDraw = False
29.0920 	EXP 	show_condition_text: text = 'charitable'
29.0920 	EXP 	show_condition_text: autoDraw = True
30.0737 	EXP 	New trial (rep=0, index=4): OrderedDict([('word', 'access')])
30.0892 	EXP 	show_condition_text: autoDraw = False
30.0892 	EXP 	show_condition_text: text = 'access'
30.0892 	EXP 	show_condition_text: autoDraw = True
30.4594 	DATA 	Keypress: space
31.0732 	EXP 	New trial (rep=0, index=5): OrderedDict([('word', 'typically')])
31.0899 	EXP 	show_condition_text: autoDraw = False
31.0899 	EXP 	show_condition_text: text = 'typically'
31.0899 	EXP 	show_condition_text: autoDraw = True
32.0738 	EXP 	New trial (rep=0, index=6): OrderedDict([('word', 'mediterranean')])
32.0928 	EXP 	show_condition_text: autoDraw = False
32.0928 	EXP 	show_condition_text: text = 'mediterranean'
32.0928 	EXP 	show_condition_text: autoDraw = True
33.0903 	EXP 	New trial (rep=0, index=3): OrderedDict([('wlist_index', 4)])
33.1026 	EXP 	Imported csvs/4.csv as conditions, 11 conditions, 1 params
33.1030 	EXP 	Created sequence: random, trialTypes=11, nReps=1, seed=None
33.1033 	EXP 	New trial (rep=0, index=0): OrderedDict([('word', 'merit')])
33.1226 	EXP 	show_condition_text: autoDraw = False
33.1226 	EXP 	show_condition_text: text = 'merit'
33.1226 	EXP 	show_condition_text: autoDraw = True
34.0736 	EXP 	New trial (rep=0, index=1): OrderedDict([('word', 'southampton')])
34.0914 	EXP 	show_condition_text: autoDraw = False
34.0914 	EXP 	show_condition_text: text = 'southampton'
34.0914 	EXP 	show_condition_text: autoDraw = True
35.0898 	EXP 	New trial (rep=0, index=2): OrderedDict([('word', 'knows')])
35.1060 	EXP 	show_condition_text: autoDraw = False
35.1060 	EXP 	show_condition_text: text = 'knows'
35.1060 	EXP 	show_condition_text: autoDraw = True
36.0901 	EXP 	New trial (rep=0, index=3): OrderedDict([('word', 'diy')])
36.1053 	EXP 	show_condition_text: autoDraw = False
36.1053 	EXP 	show_condition_text: text = 'diy'
36.1053 	EXP 	show_condition_text: autoDraw = True
37.0899 	EXP 	New trial (rep=0, index=4): OrderedDict([('word', 'aka')])
37.1059 	EXP 	show_condition_text: autoDraw = False
37.1059 	EXP 	show_condition_text: text = 'aka'
37.1059 	EXP 	show_condition_text: autoDraw = True
38.0893 	EXP 	New trial (rep=0, index=5): OrderedDict([('word', 'famous')])
38.1055 	EXP 	show_condition_text: autoDraw = False
38.1055 	EXP 	show_condition_text: text = 'famous'
38.1055 	EXP 	show_condition_text: autoDraw = True
39.0901 	EXP 	New trial (rep=0, index=6): OrderedDict([('word', 'technology')])
39.1079 	EXP 	show_condition_text: autoDraw = False
39.1079 	EXP 	show_condition_text: text = 'technology'
39.1079 	EXP 	show_condition_text: autoDraw = True
40.0734 	EXP 	New trial (rep=0, index=7): OrderedDict([('word', 'always')])
40.0891 	EXP 	show_condition_text: autoDraw = False
40.0891 	EXP 	show_condition_text: text = 'always'
40.0891 	EXP 	show_condition_text: autoDraw = True
41.0729 	EXP 	New trial (rep=0, index=8): OrderedDict([('word', 'groups')])
41.0893 	EXP 	show_condition_text: autoDraw = False
41.0893 	EXP 	show_condition_text: autoDraw = False
41.0893 	EXP 	show_condition_text: text = 'groups'
41.0893 	EXP 	show_condition_text: autoDraw = True
42.0725 	EXP 	New trial (rep=0, index=9): OrderedDict([('word', 'interim')])
42.0892 	EXP 	show_condition_text: autoDraw = False
42.0892 	EXP 	show_condition_text: autoDraw = False
42.0892 	EXP 	show_condition_text: text = 'interim'
42.0892 	EXP 	show_condition_text: autoDraw = True
43.0727 	EXP 	New trial (rep=0, index=10): OrderedDict([('word', 'phantom')])
43.0893 	EXP 	show_condition_text: autoDraw = False
43.0893 	EXP 	show_condition_text: autoDraw = False
43.0893 	EXP 	show_condition_text: text = 'phantom'
43.0893 	EXP 	show_condition_text: autoDraw = True
44.0894 	EXP 	show_condition_text: autoDraw = False
44.0894 	EXP 	show_condition_text: autoDraw = False
44.0894 	EXP 	show_condition_text: text = '****'
44.0894 	EXP 	show_condition_text: autoDraw = True
44.1059 	EXP 	show_condition_text: text = '****'
44.1059 	EXP 	show_condition_text: autoDraw = True
44.1227 	EXP 	show_condition_text: text = '****'
44.1227 	EXP 	show_condition_text: autoDraw = True
44.1390 	EXP 	show_condition_text: text = '****'
44.1390 	EXP 	show_condition_text: autoDraw = True
44.1557 	EXP 	show_condition_text: text = '****'
44.1557 	EXP 	show_condition_text: autoDraw = True
44.1728 	EXP 	show_condition_text: text = '****'
44.1728 	EXP 	show_condition_text: autoDraw = True
44.1891 	EXP 	show_condition_text: text = '****'
44.1891 	EXP 	show_condition_text: autoDraw = True
44.2051 	EXP 	show_condition_text: text = '****'
44.2051 	EXP 	show_condition_text: autoDraw = True
44.2227 	EXP 	show_condition_text: text = '****'
44.2227 	EXP 	show_condition_text: autoDraw = True
44.2387 	EXP 	show_condition_text: text = '****'
44.2387 	EXP 	show_condition_text: autoDraw = True
44.2561 	EXP 	show_condition_text: text = '****'
44.2561 	EXP 	show_condition_text: autoDraw = True
44.2725 	EXP 	show_condition_text: text = '****'
44.2725 	EXP 	show_condition_text: autoDraw = True
44.2883 	EXP 	show_condition_text: text = '****'
44.2883 	EXP 	show_condition_text: autoDraw = True
44.3049 	EXP 	show_condition_text: text = '****'
44.3049 	EXP 	show_condition_text: autoDraw = True
44.3223 	EXP 	show_condition_text: text = '****'
44.3223 	EXP 	show_condition_text: autoDraw = True
44.3392 	EXP 	show_condition_text: text = '****'
44.3392 	EXP 	show_condition_text: autoDraw = True
44.3557 	EXP 	show_condition_text: text = '****'
44.3557 	EXP 	show_condition_text: autoDraw = True
44.3719 	EXP 	show_condition_text: text = '****'
44.3719 	EXP 	show_condition_text: autoDraw = True
44.3892 	EXP 	show_condition_text: text = '****'
44.3892 	EXP 	show_condition_text: autoDraw = True
44.4059 	EXP 	show_condition_text: text = '****'
44.4059 	EXP 	show_condition_text: autoDraw = True
44.4225 	EXP 	show_condition_text: text = '****'
44.4225 	EXP 	show_condition_text: autoDraw = True
44.4391 	EXP 	show_condition_text: text = '****'
44.4391 	EXP 	show_condition_text: autoDraw = True
44.4558 	EXP 	show_condition_text: text = '****'
44.4558 	EXP 	show_condition_text: autoDraw = True
44.4725 	EXP 	show_condition_text: text = '****'
44.4725 	EXP 	show_condition_text: autoDraw = True
44.4893 	EXP 	show_condition_text: text = '****'
44.4893 	EXP 	show_condition_text: autoDraw = True
44.5059 	EXP 	show_condition_text: text = '****'
44.5059 	EXP 	show_condition_text: autoDraw = True
44.5225 	EXP 	show_condition_text: text = '****'
44.5225 	EXP 	show_condition_text: autoDraw = True
44.5395 	EXP 	show_condition_text: text = '****'
44.5395 	EXP 	show_condition_text: autoDraw = True
44.5555 	EXP 	show_condition_text: text = '****'
44.5555 	EXP 	show_condition_text: autoDraw = True
44.5723 	EXP 	show_condition_text: text = '****'
44.5723 	EXP 	show_condition_text: autoDraw = True
44.5894 	EXP 	show_condition_text: text = '****'
44.5894 	EXP 	show_condition_text: autoDraw = True
44.6051 	EXP 	show_condition_text: text = '****'
44.6051 	EXP 	show_condition_text: autoDraw = True
44.6221 	EXP 	show_condition_text: text = '****'
44.6221 	EXP 	show_condition_text: autoDraw = True
44.6386 	EXP 	show_condition_text: text = '****'
44.6386 	EXP 	show_condition_text: autoDraw = True
44.6560 	EXP 	show_condition_text: text = '****'
44.6560 	EXP 	show_condition_text: autoDraw = True
44.6727 	EXP 	show_condition_text: text = '****'
44.6727 	EXP 	show_condition_text: autoDraw = True
44.6893 	EXP 	show_condition_text: text = '****'
44.6893 	EXP 	show_condition_text: autoDraw = True
44.7061 	EXP 	show_condition_text: text = '****'
44.7061 	EXP 	show_condition_text: autoDraw = True
44.7229 	EXP 	show_condition_text: text = '****'
44.7229 	EXP 	show_condition_text: autoDraw = True
44.7389 	EXP 	show_condition_text: text = '****'
44.7389 	EXP 	show_condition_text: autoDraw = True
44.7556 	EXP 	show_condition_text: text = '****'
44.7556 	EXP 	show_condition_text: autoDraw = True
44.7719 	EXP 	show_condition_text: text = '****'
44.7719 	EXP 	show_condition_text: autoDraw = True
44.7893 	EXP 	show_condition_text: text = '****'
44.7893 	EXP 	show_condition_text: autoDraw = True
44.8059 	EXP 	show_condition_text: text = '****'
44.8059 	EXP 	show_condition_text: autoDraw = True
44.8222 	EXP 	show_condition_text: text = '****'
44.8222 	EXP 	show_condition_text: autoDraw = True
44.8383 	EXP 	show_condition_text: text = '****'
44.8383 	EXP 	show_condition_text: autoDraw = True
44.8561 	EXP 	show_condition_text: text = '****'
44.8561 	EXP 	show_condition_text: autoDraw = True
44.8723 	EXP 	show_condition_text: text = '****'
44.8723 	EXP 	show_condition_text: autoDraw = True
44.8889 	EXP 	show_condition_text: text = '****'
44.8889 	EXP 	show_condition_text: autoDraw = True
44.9063 	EXP 	show_condition_text: text = '****'
44.9063 	EXP 	show_condition_text: autoDraw = True
44.9227 	EXP 	show_condition_text: text = '****'
44.9227 	EXP 	show_condition_text: autoDraw = True
44.9392 	EXP 	show_condition_text: text = '****'
44.9392 	EXP 	show_condition_text: autoDraw = True
44.9554 	EXP 	show_condition_text: text = '****'
44.9554 	EXP 	show_condition_text: autoDraw = True
44.9731 	EXP 	show_condition_text: text = '****'
44.9731 	EXP 	show_condition_text: autoDraw = True
44.9887 	EXP 	show_condition_text: text = '****'
44.9887 	EXP 	show_condition_text: autoDraw = True
45.0052 	EXP 	show_condition_text: text = '****'
45.0052 	EXP 	show_condition_text: autoDraw = True
45.0228 	EXP 	show_condition_text: text = '****'
45.0228 	EXP 	show_condition_text: autoDraw = True
45.0392 	EXP 	show_condition_text: text = '****'
45.0392 	EXP 	show_condition_text: autoDraw = True
45.0554 	EXP 	show_condition_text: text = '****'
45.0554 	EXP 	show_condition_text: autoDraw = True
45.0730 	EXP 	show_condition_text: text = '****'
45.0730 	EXP 	show_condition_text: autoDraw = True
45.0892 	EXP 	show_condition_text: text = '****'
45.0892 	EXP 	show_condition_text: autoDraw = True
45.1067 	EXP 	show_condition_text: text = '****'
45.1067 	EXP 	show_condition_text: autoDraw = True
45.1222 	EXP 	show_condition_text: text = '****'
45.1222 	EXP 	show_condition_text: autoDraw = True
45.1384 	EXP 	show_condition_text: text = '****'
45.1384 	EXP 	show_condition_text: autoDraw = True
45.1558 	EXP 	show_condition_text: text = '****'
45.1558 	EXP 	show_condition_text: autoDraw = True
45.1721 	EXP 	show_condition_text: text = '****'
45.1721 	EXP 	show_condition_text: autoDraw = True
45.1895 	EXP 	show_condition_text: text = '****'
45.1895 	EXP 	show_condition_text: autoDraw = True
45.2061 	EXP 	show_condition_text: text = '****'
45.2061 	EXP 	show_condition_text: autoDraw = True
45.2227 	EXP 	show_condition_text: text = '****'
45.2227 	EXP 	show_condition_text: autoDraw = True
45.2392 	EXP 	show_condition_text: text = '****'
45.2392 	EXP 	show_condition_text: autoDraw = True
45.2557 	EXP 	show_condition_text: text = '****'
45.2557 	EXP 	show_condition_text: autoDraw = True
45.2722 	EXP 	show_condition_text: text = '****'
45.2722 	EXP 	show_condition_text: autoDraw = True
45.2890 	EXP 	show_condition_text: text = '****'
45.2890 	EXP 	show_condition_text: autoDraw = True
45.3060 	EXP 	show_condition_text: text = '****'
45.3060 	EXP 	show_condition_text: autoDraw = True
45.3225 	EXP 	show_condition_text: text = '****'
45.3225 	EXP 	show_condition_text: autoDraw = True
45.3392 	EXP 	show_condition_text: text = '****'
45.3392 	EXP 	show_condition_text: autoDraw = True
45.3558 	EXP 	show_condition_text: text = '****'
45.3558 	EXP 	show_condition_text: autoDraw = True
45.3721 	EXP 	show_condition_text: text = '****'
45.3721 	EXP 	show_condition_text: autoDraw = True
45.3893 	EXP 	show_condition_text: text = '****'
45.3893 	EXP 	show_condition_text: autoDraw = True
45.4058 	EXP 	show_condition_text: text = '****'
45.4058 	EXP 	show_condition_text: autoDraw = True
45.4225 	EXP 	show_condition_text: text = '****'
45.4225 	EXP 	show_condition_text: autoDraw = True
45.4390 	EXP 	show_condition_text: text = '****'
45.4390 	EXP 	show_condition_text: autoDraw = True
45.4556 	EXP 	show_condition_text: text = '****'
45.4556 	EXP 	show_condition_text: autoDraw = True
45.4719 	EXP 	show_condition_text: text = '****'
45.4719 	EXP 	show_condition_text: autoDraw = True
45.4889 	EXP 	show_condition_text: text = '****'
45.4889 	EXP 	show_condition_text: autoDraw = True
45.5054 	EXP 	show_condition_text: text = '****'
45.5054 	EXP 	show_condition_text: autoDraw = True
45.5220 	EXP 	show_condition_text: text = '****'
45.5220 	EXP 	show_condition_text: autoDraw = True
45.5392 	EXP 	show_condition_text: text = '****'
45.5392 	EXP 	show_condition_text: autoDraw = True
45.5555 	EXP 	show_condition_text: text = '****'
45.5555 	EXP 	show_condition_text: autoDraw = True
45.5719 	EXP 	show_condition_text: text = '****'
45.5719 	EXP 	show_condition_text: autoDraw = True
45.5892 	EXP 	show_condition_text: text = '****'
45.5892 	EXP 	show_condition_text: autoDraw = True
45.6058 	EXP 	show_condition_text: text = '****'
45.6058 	EXP 	show_condition_text: autoDraw = True
45.6225 	EXP 	show_condition_text: text = '****'
45.6225 	EXP 	show_condition_text: autoDraw = True
45.6393 	EXP 	show_condition_text: text = '****'
45.6393 	EXP 	show_condition_text: autoDraw = True
45.6555 	EXP 	show_condition_text: text = '****'
45.6555 	EXP 	show_condition_text: autoDraw = True
45.6718 	EXP 	show_condition_text: text = '****'
45.6718 	EXP 	show_condition_text: autoDraw = True
45.6890 	EXP 	show_condition_text: text = '****'
45.6890 	EXP 	show_condition_text: autoDraw = True
45.7057 	EXP 	show_condition_text: text = '****'
45.7057 	EXP 	show_condition_text: autoDraw = True
45.7219 	EXP 	show_condition_text: text = '****'
45.7219 	EXP 	show_condition_text: autoDraw = True
45.7389 	EXP 	show_condition_text: text = '****'
45.7389 	EXP 	show_condition_text: autoDraw = True
45.7554 	EXP 	show_condition_text: text = '****'
45.7554 	EXP 	show_condition_text: autoDraw = True
45.7728 	EXP 	show_condition_text: text = '****'
45.7728 	EXP 	show_condition_text: autoDraw = True
45.7890 	EXP 	show_condition_text: text = '****'
45.7890 	EXP 	show_condition_text: autoDraw = True
45.8054 	EXP 	show_condition_text: text = '****'
45.8054 	EXP 	show_condition_text: autoDraw = True
45.8230 	EXP 	show_condition_text: text = '****'
45.8230 	EXP 	show_condition_text: autoDraw = True
45.8395 	EXP 	show_condition_text: text = '****'
45.8395 	EXP 	show_condition_text: autoDraw = True
45.8558 	EXP 	show_condition_text: text = '****'
45.8558 	EXP 	show_condition_text: autoDraw = True
45.8720 	EXP 	show_condition_text: text = '****'
45.8720 	EXP 	show_condition_text: autoDraw = True
45.8894 	EXP 	show_condition_text: text = '****'
45.8894 	EXP 	show_condition_text: autoDraw = True
45.9053 	EXP 	show_condition_text: text = '****'
45.9053 	EXP 	show_condition_text: autoDraw = True
45.9228 	EXP 	show_condition_text: text = '****'
45.9228 	EXP 	show_condition_text: autoDraw = True
45.9268 	DATA 	Keypress: space
45.9391 	EXP 	show_condition_text: text = '****'
45.9391 	EXP 	show_condition_text: autoDraw = True
45.9554 	EXP 	show_condition_text: text = '****'
45.9554 	EXP 	show_condition_text: autoDraw = True
45.9726 	EXP 	show_condition_text: text = '****'
45.9726 	EXP 	show_condition_text: autoDraw = True
45.9888 	EXP 	show_condition_text: text = '****'
45.9888 	EXP 	show_condition_text: autoDraw = True
46.0058 	EXP 	show_condition_text: text = '****'
46.0058 	EXP 	show_condition_text: autoDraw = True
46.0223 	EXP 	show_condition_text: text = '****'
46.0223 	EXP 	show_condition_text: autoDraw = True
46.0390 	EXP 	show_condition_text: text = '****'
46.0390 	EXP 	show_condition_text: autoDraw = True
46.0555 	EXP 	show_condition_text: text = '****'
46.0555 	EXP 	show_condition_text: autoDraw = True
46.0721 	EXP 	show_condition_text: text = '****'
46.0721 	EXP 	show_condition_text: autoDraw = True
46.0884 	EXP 	show_condition_text: text = '****'
46.0884 	EXP 	show_condition_text: autoDraw = True
46.1055 	EXP 	show_condition_text: text = '****'
46.1055 	EXP 	show_condition_text: autoDraw = True
46.1060 	EXP 	New trial (rep=0, index=4): OrderedDict([('wlist_index', 14)])
46.1096 	EXP 	Imported csvs/14.csv as conditions, 9 conditions, 1 params
46.1100 	EXP 	Created sequence: random, trialTypes=9, nReps=1, seed=None
46.1103 	EXP 	New trial (rep=0, index=0): OrderedDict([('word', 'ho')])
46.1142 	EXP 	New trial (rep=0, index=1): OrderedDict([('word', 'handles')])
46.1187 	EXP 	New trial (rep=0, index=2): OrderedDict([('word', 'surround')])
46.1399 	EXP 	show_condition_text: text = 'ho'
46.1399 	EXP 	show_condition_text: autoDraw = False
46.1399 	EXP 	show_condition_text: text = 'handles'
46.1399 	EXP 	show_condition_text: autoDraw = False
46.1399 	EXP 	show_condition_text: text = 'surround'
46.1399 	EXP 	show_condition_text: autoDraw = True
47.0735 	EXP 	New trial (rep=0, index=3): OrderedDict([('word', 'breast')])
47.0898 	EXP 	show_condition_text: autoDraw = False
47.0898 	EXP 	show_condition_text: text = 'breast'
47.0898 	EXP 	show_condition_text: autoDraw = True
47.8602 	DATA 	Keypress: escape
48.3213 	EXP 	window1: mouseVisible = True
