10.5388 	WARNING 	User requested fullscreen with size [1024  768], but screen is actually [1440, 900]. Using actual size
11.2746 	EXP 	Created window1 = Window(allowGUI=False, allowStencil=False, args=UNKNOWN, autoLog=True, bitsMode=UNKNOWN, blendMode='avg', color=array([0., 0., 0.]), colorSpace='rgb', fullscr=<method-wrapper '__getattribute__' of attributeSetter object at 0x131e2bfd0>, gamma=None, gammaErrorPolicy='raise', kwargs=UNKNOWN, lms=UNKNOWN, monitor=<psychopy.monitors.calibTools.Monitor object at 0x131d67a20>, multiSample=False, name='window1', numSamples=2, pos=[360.0, 225.0], screen=0, size=array([2880, 1800]), stereo=False, units='height', useFBO=True, useRetina=True, viewOri=0.0, viewPos=None, viewScale=None, waitBlanking=True, winType='pyglet')
11.2746 	EXP 	window1: recordFrameIntervals = False
11.4418 	EXP 	window1: recordFrameIntervals = True
11.6246 	EXP 	window1: recordFrameIntervals = False
12.5635 	EXP 	Created instructions_text = TextStim(__class__=<class 'psychopy.visual.text.TextStim'>, alignHoriz='center', alignVert='center', antialias=True, autoLog=True, bold=False, color='white', colorSpace='named', contrast=1.0, depth=0.0, flipHoriz=False, flipVert=False, font='Arial', fontFiles=[], height=0.1, italic=False, languageStyle='LTR', name='instructions_text', opacity=1.0, ori=0, pos=array([0., 0.]), rgb=array([255., 255., 255.]), text='Welcome!', units='height', win=Window(...), wrapWidth=1)
12.6204 	EXP 	Created show_condition_text = TextStim(__class__=<class 'psychopy.visual.text.TextStim'>, alignHoriz='center', alignVert='center', antialias=True, autoLog=True, bold=False, color='white', colorSpace='named', contrast=1.0, depth=0.0, flipHoriz=False, flipVert=False, font='Arial', fontFiles=[], height=0.1, italic=False, languageStyle='LTR', name='show_condition_text', opacity=1.0, ori=0, pos=array([0., 0.]), rgb=array([255., 255., 255.]), text='default text', units='height', win=Window(...), wrapWidth=1)
12.6458 	EXP 	instructions_text: autoDraw = True
13.3176 	EXP 	Imported csvs/noise_conditions.csv as conditions, 4 conditions, 1 params
13.3180 	EXP 	Created sequence: random, trialTypes=4, nReps=1, seed=None
13.3182 	EXP 	New trial (rep=0, index=0): OrderedDict([('condition', 4)])
13.3205 	EXP 	Imported csvs/condition_4_wlists_indices.csv as conditions, 8 conditions, 1 params
13.3208 	EXP 	Created sequence: random, trialTypes=8, nReps=1, seed=None
13.3210 	EXP 	New trial (rep=0, index=0): OrderedDict([('wlist_index', 24)])
13.3237 	EXP 	Imported csvs/24.csv as conditions, 8 conditions, 1 params
13.3240 	EXP 	Created sequence: random, trialTypes=8, nReps=1, seed=None
13.3241 	EXP 	New trial (rep=0, index=0): OrderedDict([('word', 'listening')])
13.3454 	DATA 	Keypress: space
13.3615 	EXP 	instructions_text: autoDraw = False
13.3615 	EXP 	show_condition_text: text = 'listening'
13.3615 	EXP 	show_condition_text: autoDraw = True
14.3288 	EXP 	New trial (rep=0, index=1): OrderedDict([('word', 'technologies')])
14.3451 	EXP 	show_condition_text: autoDraw = False
14.3451 	EXP 	show_condition_text: text = 'technologies'
14.3451 	EXP 	show_condition_text: autoDraw = True
15.3287 	EXP 	New trial (rep=0, index=2): OrderedDict([('word', 'cabinets')])
15.3472 	EXP 	show_condition_text: autoDraw = False
15.3472 	EXP 	show_condition_text: text = 'cabinets'
15.3472 	EXP 	show_condition_text: autoDraw = True
16.3284 	EXP 	New trial (rep=0, index=3): OrderedDict([('word', 'general')])
16.3476 	EXP 	show_condition_text: autoDraw = False
16.3476 	EXP 	show_condition_text: text = 'general'
16.3476 	EXP 	show_condition_text: autoDraw = True
16.7982 	DATA 	Keypress: space
17.3281 	EXP 	New trial (rep=0, index=4): OrderedDict([('word', 'bit')])
17.3443 	EXP 	show_condition_text: autoDraw = False
17.3443 	EXP 	show_condition_text: text = 'bit'
17.3443 	EXP 	show_condition_text: autoDraw = True
18.3443 	DATA 	Keypress: right
18.3628 	EXP 	New trial (rep=0, index=5): OrderedDict([('word', 'grab')])
18.3810 	EXP 	show_condition_text: autoDraw = False
18.3810 	EXP 	show_condition_text: text = 'grab'
18.3810 	EXP 	show_condition_text: autoDraw = True
19.3282 	EXP 	New trial (rep=0, index=6): OrderedDict([('word', 'albany')])
19.3470 	EXP 	show_condition_text: autoDraw = False
19.3470 	EXP 	show_condition_text: text = 'albany'
19.3470 	EXP 	show_condition_text: autoDraw = True
20.3281 	EXP 	New trial (rep=0, index=7): OrderedDict([('word', 'everyone')])
20.3473 	EXP 	show_condition_text: autoDraw = False
20.3473 	EXP 	show_condition_text: text = 'everyone'
20.3473 	EXP 	show_condition_text: autoDraw = True
21.3284 	EXP 	New trial (rep=0, index=1): OrderedDict([('wlist_index', 4)])
21.3320 	EXP 	Imported csvs/4.csv as conditions, 11 conditions, 1 params
21.3323 	EXP 	Created sequence: random, trialTypes=11, nReps=1, seed=None
21.3325 	EXP 	New trial (rep=0, index=0): OrderedDict([('word', 'interim')])
21.3607 	EXP 	show_condition_text: autoDraw = False
21.3607 	EXP 	show_condition_text: text = 'interim'
21.3607 	EXP 	show_condition_text: autoDraw = True
22.3292 	EXP 	New trial (rep=0, index=1): OrderedDict([('word', 'merit')])
22.3473 	EXP 	show_condition_text: autoDraw = False
22.3473 	EXP 	show_condition_text: text = 'merit'
22.3473 	EXP 	show_condition_text: autoDraw = True
23.3288 	EXP 	New trial (rep=0, index=2): OrderedDict([('word', 'famous')])
23.3463 	EXP 	show_condition_text: autoDraw = False
23.3463 	EXP 	show_condition_text: text = 'famous'
23.3463 	EXP 	show_condition_text: autoDraw = True
24.3293 	EXP 	New trial (rep=0, index=3): OrderedDict([('word', 'aka')])
24.3484 	EXP 	show_condition_text: autoDraw = False
24.3484 	EXP 	show_condition_text: text = 'aka'
24.3484 	EXP 	show_condition_text: autoDraw = True
25.3279 	EXP 	New trial (rep=0, index=4): OrderedDict([('word', 'technology')])
25.3472 	EXP 	show_condition_text: autoDraw = False
25.3472 	EXP 	show_condition_text: text = 'technology'
25.3472 	EXP 	show_condition_text: autoDraw = True
25.5478 	DATA 	Keypress: escape
26.0237 	EXP 	window1: mouseVisible = True
