6.5364 	WARNING 	User requested fullscreen with size [1024  768], but screen is actually [1440, 900]. Using actual size
7.2236 	EXP 	Created window1 = Window(allowGUI=False, allowStencil=False, args=UNKNOWN, autoLog=True, bitsMode=UNKNOWN, blendMode='avg', color=array([0., 0., 0.]), colorSpace='rgb', fullscr=<method-wrapper '__getattribute__' of attributeSetter object at 0x131c6e898>, gamma=None, gammaErrorPolicy='raise', kwargs=UNKNOWN, lms=UNKNOWN, monitor=<psychopy.monitors.calibTools.Monitor object at 0x1335ede48>, multiSample=False, name='window1', numSamples=2, pos=[360.0, 225.0], screen=0, size=array([2880, 1800]), stereo=False, units='height', useFBO=True, useRetina=True, viewOri=0.0, viewPos=None, viewScale=None, waitBlanking=True, winType='pyglet')
7.2236 	EXP 	window1: recordFrameIntervals = False
7.3889 	EXP 	window1: recordFrameIntervals = True
7.5731 	EXP 	window1: recordFrameIntervals = False
8.5586 	EXP 	Created instructions_text = TextStim(__class__=<class 'psychopy.visual.text.TextStim'>, alignHoriz='center', alignVert='center', antialias=True, autoLog=True, bold=False, color='white', colorSpace='named', contrast=1.0, depth=0.0, flipHoriz=False, flipVert=False, font='Arial', fontFiles=[], height=0.1, italic=False, languageStyle='LTR', name='instructions_text', opacity=1.0, ori=0, pos=array([0., 0.]), rgb=array([255., 255., 255.]), text='Welcome!', units='height', win=Window(...), wrapWidth=1)
8.6185 	EXP 	Created show_condition_text = TextStim(__class__=<class 'psychopy.visual.text.TextStim'>, alignHoriz='center', alignVert='center', antialias=True, autoLog=True, bold=False, color='white', colorSpace='named', contrast=1.0, depth=0.0, flipHoriz=False, flipVert=False, font='Arial', fontFiles=[], height=0.1, italic=False, languageStyle='LTR', name='show_condition_text', opacity=1.0, ori=0, pos=array([0., 0.]), rgb=array([255., 255., 255.]), text='default text', units='height', win=Window(...), wrapWidth=1)
8.6394 	EXP 	instructions_text: autoDraw = True
8.9450 	EXP 	Imported csvs/noise_conditions.csv as conditions, 4 conditions, 1 params
8.9454 	EXP 	Created sequence: random, trialTypes=4, nReps=1, seed=None
8.9456 	EXP 	New trial (rep=0, index=0): OrderedDict([('condition', 2)])
8.9480 	EXP 	Imported csvs/condition_2_wlists_indices.csv as conditions, 8 conditions, 1 params
8.9483 	EXP 	Created sequence: random, trialTypes=8, nReps=1, seed=None
8.9484 	EXP 	New trial (rep=0, index=0): OrderedDict([('wlist_index', 23)])
8.9509 	EXP 	Imported csvs/23.csv as conditions, 6 conditions, 1 params
8.9511 	EXP 	Created sequence: random, trialTypes=6, nReps=1, seed=None
8.9513 	EXP 	New trial (rep=0, index=0): OrderedDict([('word', 'shelf')])
8.9602 	DATA 	Keypress: space
8.9717 	EXP 	instructions_text: autoDraw = False
8.9717 	EXP 	show_condition_text: text = 'shelf'
8.9717 	EXP 	show_condition_text: autoDraw = True
8.9721 	EXP 	New trial (rep=0, index=1): OrderedDict([('word', 'info')])
8.9896 	EXP 	show_condition_text: autoDraw = False
8.9896 	EXP 	show_condition_text: text = 'info'
8.9896 	EXP 	show_condition_text: autoDraw = True
8.9901 	EXP 	New trial (rep=0, index=2): OrderedDict([('word', 'efficient')])
9.0070 	EXP 	show_condition_text: autoDraw = False
9.0070 	EXP 	show_condition_text: text = 'efficient'
9.0070 	EXP 	show_condition_text: autoDraw = True
9.0075 	EXP 	New trial (rep=0, index=3): OrderedDict([('word', 'horror')])
9.0240 	EXP 	show_condition_text: autoDraw = False
9.0240 	EXP 	show_condition_text: text = 'horror'
9.0240 	EXP 	show_condition_text: autoDraw = True
9.0244 	EXP 	New trial (rep=0, index=4): OrderedDict([('word', 'sponsors')])
9.0427 	EXP 	show_condition_text: autoDraw = False
9.0427 	EXP 	show_condition_text: text = 'sponsors'
9.0427 	EXP 	show_condition_text: autoDraw = True
9.0433 	EXP 	New trial (rep=0, index=5): OrderedDict([('word', 'easy')])
9.0721 	EXP 	show_condition_text: autoDraw = False
9.0721 	EXP 	show_condition_text: text = 'easy'
9.0721 	EXP 	show_condition_text: autoDraw = True
9.0895 	EXP 	show_condition_text: autoDraw = False
9.0895 	EXP 	show_condition_text: text = '****'
9.0895 	EXP 	show_condition_text: autoDraw = True
9.9098 	DATA 	Keypress: space
10.1408 	EXP 	show_condition_text: autoDraw = False
10.1412 	EXP 	New trial (rep=0, index=1): OrderedDict([('wlist_index', 19)])
10.1442 	EXP 	Imported csvs/19.csv as conditions, 6 conditions, 1 params
10.1445 	EXP 	Created sequence: random, trialTypes=6, nReps=1, seed=None
10.1447 	EXP 	New trial (rep=0, index=0): OrderedDict([('word', 'il')])
10.1585 	EXP 	show_condition_text: text = 'il'
10.1585 	EXP 	show_condition_text: autoDraw = True
10.1590 	EXP 	New trial (rep=0, index=1): OrderedDict([('word', 'hiring')])
10.1911 	EXP 	show_condition_text: autoDraw = False
10.1911 	EXP 	show_condition_text: text = 'hiring'
10.1911 	EXP 	show_condition_text: autoDraw = True
10.1917 	EXP 	New trial (rep=0, index=2): OrderedDict([('word', 'miniature')])
10.2082 	EXP 	show_condition_text: autoDraw = False
10.2082 	EXP 	show_condition_text: text = 'miniature'
10.2082 	EXP 	show_condition_text: autoDraw = True
10.2087 	EXP 	New trial (rep=0, index=3): OrderedDict([('word', 'acc')])
10.2246 	EXP 	show_condition_text: autoDraw = False
10.2246 	EXP 	show_condition_text: text = 'acc'
10.2246 	EXP 	show_condition_text: autoDraw = True
10.2250 	EXP 	New trial (rep=0, index=4): OrderedDict([('word', 'academics')])
10.2418 	EXP 	show_condition_text: autoDraw = False
10.2418 	EXP 	show_condition_text: text = 'academics'
10.2418 	EXP 	show_condition_text: autoDraw = True
10.2422 	EXP 	New trial (rep=0, index=5): OrderedDict([('word', 'lowest')])
10.2600 	EXP 	show_condition_text: autoDraw = False
10.2600 	EXP 	show_condition_text: text = 'lowest'
10.2600 	EXP 	show_condition_text: autoDraw = True
10.2750 	EXP 	show_condition_text: autoDraw = False
10.2750 	EXP 	show_condition_text: text = '****'
10.2750 	EXP 	show_condition_text: autoDraw = True
10.9448 	DATA 	Keypress: escape
11.3808 	EXP 	window1: mouseVisible = True
