10.7404 	WARNING 	User requested fullscreen with size [1024  768], but screen is actually [1440, 900]. Using actual size
11.4307 	EXP 	Created window1 = Window(allowGUI=False, allowStencil=False, args=UNKNOWN, autoLog=True, bitsMode=UNKNOWN, blendMode='avg', color=array([0., 0., 0.]), colorSpace='rgb', fullscr=<method-wrapper '__getattribute__' of attributeSetter object at 0x131e4f898>, gamma=None, gammaErrorPolicy='raise', kwargs=UNKNOWN, lms=UNKNOWN, monitor=<psychopy.monitors.calibTools.Monitor object at 0x132bf3b70>, multiSample=False, name='window1', numSamples=2, pos=[360.0, 225.0], screen=0, size=array([2880, 1800]), stereo=False, units='height', useFBO=True, useRetina=True, viewOri=0.0, viewPos=None, viewScale=None, waitBlanking=True, winType='pyglet')
11.4307 	EXP 	window1: recordFrameIntervals = False
11.5977 	EXP 	window1: recordFrameIntervals = True
11.7810 	EXP 	window1: recordFrameIntervals = False
12.2010 	EXP 	Created instructions_text = TextStim(__class__=<class 'psychopy.visual.text.TextStim'>, alignHoriz='center', alignVert='center', antialias=True, autoLog=True, bold=False, color='white', colorSpace='named', contrast=1.0, depth=0.0, flipHoriz=False, flipVert=False, font='Arial', fontFiles=[], height=0.1, italic=False, languageStyle='LTR', name='instructions_text', opacity=1.0, ori=0, pos=array([0., 0.]), rgb=array([255., 255., 255.]), text='Welcome!', units='height', win=Window(...), wrapWidth=1)
12.2532 	EXP 	Created show_condition_text = TextStim(__class__=<class 'psychopy.visual.text.TextStim'>, alignHoriz='center', alignVert='center', antialias=True, autoLog=True, bold=False, color='white', colorSpace='named', contrast=1.0, depth=0.0, flipHoriz=False, flipVert=False, font='Arial', fontFiles=[], height=0.1, italic=False, languageStyle='LTR', name='show_condition_text', opacity=1.0, ori=0, pos=array([0., 0.]), rgb=array([255., 255., 255.]), text='default text', units='height', win=Window(...), wrapWidth=1)
12.2806 	EXP 	instructions_text: autoDraw = True
12.4866 	EXP 	Imported csvs/noise_conditions.csv as conditions, 4 conditions, 1 params
12.4869 	EXP 	Created sequence: random, trialTypes=4, nReps=1, seed=None
12.4871 	EXP 	New trial (rep=0, index=0): OrderedDict([('condition', 4)])
12.4892 	EXP 	Imported csvs/condition_4_wlists_indices.csv as conditions, 8 conditions, 1 params
12.4895 	EXP 	Created sequence: random, trialTypes=8, nReps=1, seed=None
12.4897 	EXP 	New trial (rep=0, index=0): OrderedDict([('wlist_index', 5)])
12.4919 	EXP 	Imported csvs/5.csv as conditions, 7 conditions, 1 params
12.4922 	EXP 	Created sequence: random, trialTypes=7, nReps=1, seed=None
12.4923 	EXP 	New trial (rep=0, index=0): OrderedDict([('word', 'physics')])
12.5126 	DATA 	Keypress: space
12.5309 	EXP 	instructions_text: autoDraw = False
12.5309 	EXP 	show_condition_text: text = 'physics'
12.5309 	EXP 	show_condition_text: autoDraw = True
12.5315 	EXP 	New trial (rep=0, index=1): OrderedDict([('word', 'access')])
12.5476 	EXP 	show_condition_text: autoDraw = False
12.5476 	EXP 	show_condition_text: text = 'access'
12.5476 	EXP 	show_condition_text: autoDraw = True
12.5481 	EXP 	New trial (rep=0, index=2): OrderedDict([('word', 'charitable')])
12.5807 	EXP 	show_condition_text: autoDraw = False
12.5807 	EXP 	show_condition_text: text = 'charitable'
12.5807 	EXP 	show_condition_text: autoDraw = True
12.5814 	EXP 	New trial (rep=0, index=3): OrderedDict([('word', 'typically')])
12.5993 	EXP 	show_condition_text: autoDraw = False
12.5993 	EXP 	show_condition_text: text = 'typically'
12.5993 	EXP 	show_condition_text: autoDraw = True
12.5998 	EXP 	New trial (rep=0, index=4): OrderedDict([('word', 'acceptance')])
12.6300 	EXP 	show_condition_text: autoDraw = False
12.6300 	EXP 	show_condition_text: text = 'acceptance'
12.6300 	EXP 	show_condition_text: autoDraw = True
12.6306 	EXP 	New trial (rep=0, index=5): OrderedDict([('word', 'specialties')])
12.6409 	DATA 	Keypress: space
12.6636 	EXP 	show_condition_text: autoDraw = False
12.6636 	EXP 	show_condition_text: text = 'specialties'
12.6636 	EXP 	show_condition_text: autoDraw = True
12.6641 	EXP 	New trial (rep=0, index=6): OrderedDict([('word', 'mediterranean')])
12.6847 	EXP 	show_condition_text: autoDraw = False
12.6847 	EXP 	show_condition_text: text = 'mediterranean'
12.6847 	EXP 	show_condition_text: autoDraw = True
12.7007 	EXP 	show_condition_text: autoDraw = False
12.7007 	EXP 	show_condition_text: text = '****'
12.7007 	EXP 	show_condition_text: autoDraw = True
12.7140 	EXP 	show_condition_text: text = '****'
12.7140 	EXP 	show_condition_text: autoDraw = True
12.7307 	EXP 	New trial (rep=0, index=1): OrderedDict([('wlist_index', 7)])
12.7338 	EXP 	Imported csvs/7.csv as conditions, 9 conditions, 1 params
12.7341 	EXP 	Created sequence: random, trialTypes=9, nReps=1, seed=None
12.7343 	EXP 	New trial (rep=0, index=0): OrderedDict([('word', 'secure')])
12.7506 	EXP 	show_condition_text: text = 'secure'
12.7506 	EXP 	show_condition_text: autoDraw = True
12.7510 	EXP 	New trial (rep=0, index=1): OrderedDict([('word', 'self')])
12.7668 	EXP 	show_condition_text: autoDraw = False
12.7668 	EXP 	show_condition_text: text = 'self'
12.7668 	EXP 	show_condition_text: autoDraw = True
12.7673 	EXP 	New trial (rep=0, index=2): OrderedDict([('word', 'bubble')])
12.7842 	EXP 	show_condition_text: autoDraw = False
12.7842 	EXP 	show_condition_text: text = 'bubble'
12.7842 	EXP 	show_condition_text: autoDraw = True
12.7846 	EXP 	New trial (rep=0, index=3): OrderedDict([('word', 'wallet')])
12.8009 	EXP 	show_condition_text: autoDraw = False
12.8009 	EXP 	show_condition_text: text = 'wallet'
12.8009 	EXP 	show_condition_text: autoDraw = True
12.8014 	EXP 	New trial (rep=0, index=4): OrderedDict([('word', 'directors')])
12.8301 	EXP 	show_condition_text: autoDraw = False
12.8301 	EXP 	show_condition_text: text = 'directors'
12.8301 	EXP 	show_condition_text: autoDraw = True
12.8305 	EXP 	New trial (rep=0, index=5): OrderedDict([('word', 'actual')])
12.8367 	DATA 	Keypress: space
12.8472 	EXP 	show_condition_text: autoDraw = False
12.8472 	EXP 	show_condition_text: text = 'actual'
12.8472 	EXP 	show_condition_text: autoDraw = True
12.8477 	EXP 	New trial (rep=0, index=6): OrderedDict([('word', 'dick')])
12.8658 	EXP 	show_condition_text: autoDraw = False
12.8658 	EXP 	show_condition_text: text = 'dick'
12.8658 	EXP 	show_condition_text: autoDraw = True
12.8663 	EXP 	New trial (rep=0, index=7): OrderedDict([('word', 'nottingham')])
12.8851 	EXP 	show_condition_text: autoDraw = False
12.8851 	EXP 	show_condition_text: text = 'nottingham'
12.8851 	EXP 	show_condition_text: autoDraw = True
12.8855 	EXP 	New trial (rep=0, index=8): OrderedDict([('word', 'enquiry')])
12.9135 	EXP 	show_condition_text: autoDraw = False
12.9135 	EXP 	show_condition_text: text = 'enquiry'
12.9135 	EXP 	show_condition_text: autoDraw = True
12.9305 	EXP 	show_condition_text: autoDraw = False
12.9309 	EXP 	New trial (rep=0, index=2): OrderedDict([('wlist_index', 18)])
12.9339 	EXP 	Imported csvs/18.csv as conditions, 9 conditions, 1 params
12.9342 	EXP 	Created sequence: random, trialTypes=9, nReps=1, seed=None
12.9344 	EXP 	New trial (rep=0, index=0): OrderedDict([('word', 'longer')])
12.9511 	EXP 	show_condition_text: text = 'longer'
12.9511 	EXP 	show_condition_text: autoDraw = True
12.9516 	EXP 	New trial (rep=0, index=1): OrderedDict([('word', 'nominated')])
12.9800 	EXP 	show_condition_text: autoDraw = False
12.9800 	EXP 	show_condition_text: text = 'nominated'
12.9800 	EXP 	show_condition_text: autoDraw = True
12.9805 	EXP 	New trial (rep=0, index=2): OrderedDict([('word', 'jaguar')])
12.9895 	DATA 	Keypress: space
13.0017 	EXP 	show_condition_text: autoDraw = False
13.0017 	EXP 	show_condition_text: text = 'jaguar'
13.0017 	EXP 	show_condition_text: autoDraw = True
13.0023 	EXP 	New trial (rep=0, index=3): OrderedDict([('word', 'cardiff')])
13.0306 	EXP 	show_condition_text: autoDraw = False
13.0306 	EXP 	show_condition_text: text = 'cardiff'
13.0306 	EXP 	show_condition_text: autoDraw = True
13.0311 	EXP 	New trial (rep=0, index=4): OrderedDict([('word', 'present')])
13.0497 	EXP 	show_condition_text: autoDraw = False
13.0497 	EXP 	show_condition_text: text = 'present'
13.0497 	EXP 	show_condition_text: autoDraw = True
13.0502 	EXP 	New trial (rep=0, index=5): OrderedDict([('word', 'stan')])
13.0667 	EXP 	show_condition_text: autoDraw = False
13.0667 	EXP 	show_condition_text: text = 'stan'
13.0667 	EXP 	show_condition_text: autoDraw = True
13.0672 	EXP 	New trial (rep=0, index=6): OrderedDict([('word', 'nicaragua')])
13.0971 	EXP 	show_condition_text: autoDraw = False
13.0971 	EXP 	show_condition_text: text = 'nicaragua'
13.0971 	EXP 	show_condition_text: autoDraw = True
13.0975 	EXP 	New trial (rep=0, index=7): OrderedDict([('word', 'geographical')])
13.1067 	DATA 	Keypress: space
13.1183 	EXP 	show_condition_text: autoDraw = False
13.1183 	EXP 	show_condition_text: text = 'geographical'
13.1183 	EXP 	show_condition_text: autoDraw = True
13.1189 	EXP 	New trial (rep=0, index=8): OrderedDict([('word', 'bosnia')])
13.1475 	EXP 	show_condition_text: autoDraw = False
13.1475 	EXP 	show_condition_text: text = 'bosnia'
13.1475 	EXP 	show_condition_text: autoDraw = True
13.1647 	EXP 	show_condition_text: autoDraw = False
13.1651 	EXP 	New trial (rep=0, index=3): OrderedDict([('wlist_index', 16)])
13.1675 	EXP 	Imported csvs/16.csv as conditions, 7 conditions, 1 params
13.1678 	EXP 	Created sequence: random, trialTypes=7, nReps=1, seed=None
13.1680 	EXP 	New trial (rep=0, index=0): OrderedDict([('word', 'original')])
13.1845 	EXP 	show_condition_text: text = 'original'
13.1845 	EXP 	show_condition_text: autoDraw = True
13.1849 	EXP 	New trial (rep=0, index=1): OrderedDict([('word', 'moscow')])
13.2136 	EXP 	show_condition_text: autoDraw = False
13.2136 	EXP 	show_condition_text: text = 'moscow'
13.2136 	EXP 	show_condition_text: autoDraw = True
13.2144 	EXP 	New trial (rep=0, index=2): OrderedDict([('word', 'are')])
13.2213 	DATA 	Keypress: space
13.2329 	EXP 	show_condition_text: autoDraw = False
13.2329 	EXP 	show_condition_text: text = 'are'
13.2329 	EXP 	show_condition_text: autoDraw = True
13.2333 	EXP 	New trial (rep=0, index=3): OrderedDict([('word', 'singh')])
13.2499 	EXP 	show_condition_text: autoDraw = False
13.2499 	EXP 	show_condition_text: text = 'singh'
13.2499 	EXP 	show_condition_text: autoDraw = True
13.2504 	EXP 	New trial (rep=0, index=4): OrderedDict([('word', 'activated')])
13.2684 	EXP 	show_condition_text: autoDraw = False
13.2684 	EXP 	show_condition_text: text = 'activated'
13.2684 	EXP 	show_condition_text: autoDraw = True
13.2688 	EXP 	New trial (rep=0, index=5): OrderedDict([('word', 'estimates')])
13.2966 	EXP 	show_condition_text: autoDraw = False
13.2966 	EXP 	show_condition_text: text = 'estimates'
13.2966 	EXP 	show_condition_text: autoDraw = True
13.2971 	EXP 	New trial (rep=0, index=6): OrderedDict([('word', 'usage')])
13.3141 	EXP 	show_condition_text: autoDraw = False
13.3141 	EXP 	show_condition_text: text = 'usage'
13.3141 	EXP 	show_condition_text: autoDraw = True
13.3308 	EXP 	show_condition_text: autoDraw = False
13.3313 	EXP 	New trial (rep=0, index=4): OrderedDict([('wlist_index', 4)])
13.3340 	EXP 	Imported csvs/4.csv as conditions, 11 conditions, 1 params
13.3343 	EXP 	Created sequence: random, trialTypes=11, nReps=1, seed=None
13.3344 	EXP 	New trial (rep=0, index=0): OrderedDict([('word', 'merit')])
13.3507 	EXP 	show_condition_text: text = 'merit'
13.3507 	EXP 	show_condition_text: autoDraw = True
13.3511 	EXP 	New trial (rep=0, index=1): OrderedDict([('word', 'famous')])
13.3573 	DATA 	Keypress: space
13.3807 	EXP 	show_condition_text: autoDraw = False
13.3807 	EXP 	show_condition_text: text = 'famous'
13.3807 	EXP 	show_condition_text: autoDraw = True
13.3812 	EXP 	New trial (rep=0, index=2): OrderedDict([('word', 'always')])
13.3968 	EXP 	show_condition_text: autoDraw = False
13.3968 	EXP 	show_condition_text: text = 'always'
13.3968 	EXP 	show_condition_text: autoDraw = True
13.3973 	EXP 	New trial (rep=0, index=3): OrderedDict([('word', 'southampton')])
13.4137 	EXP 	show_condition_text: autoDraw = False
13.4137 	EXP 	show_condition_text: text = 'southampton'
13.4137 	EXP 	show_condition_text: autoDraw = True
13.4143 	EXP 	New trial (rep=0, index=4): OrderedDict([('word', 'groups')])
13.4302 	EXP 	show_condition_text: autoDraw = False
13.4302 	EXP 	show_condition_text: text = 'groups'
13.4302 	EXP 	show_condition_text: autoDraw = True
13.4307 	EXP 	New trial (rep=0, index=5): OrderedDict([('word', 'knows')])
13.4476 	EXP 	show_condition_text: autoDraw = False
13.4476 	EXP 	show_condition_text: text = 'knows'
13.4476 	EXP 	show_condition_text: autoDraw = True
13.4481 	EXP 	New trial (rep=0, index=6): OrderedDict([('word', 'diy')])
13.4640 	EXP 	show_condition_text: autoDraw = False
13.4640 	EXP 	show_condition_text: text = 'diy'
13.4640 	EXP 	show_condition_text: autoDraw = True
13.4644 	EXP 	New trial (rep=0, index=7): OrderedDict([('word', 'phantom')])
13.4809 	EXP 	show_condition_text: autoDraw = False
13.4809 	EXP 	show_condition_text: text = 'phantom'
13.4809 	EXP 	show_condition_text: autoDraw = True
13.4813 	EXP 	New trial (rep=0, index=8): OrderedDict([('word', 'interim')])
13.4977 	EXP 	show_condition_text: autoDraw = False
13.4977 	EXP 	show_condition_text: text = 'interim'
13.4977 	EXP 	show_condition_text: autoDraw = True
13.4981 	EXP 	New trial (rep=0, index=9): OrderedDict([('word', 'aka')])
13.5052 	DATA 	Keypress: space
13.5166 	EXP 	show_condition_text: autoDraw = False
13.5166 	EXP 	show_condition_text: text = 'aka'
13.5166 	EXP 	show_condition_text: autoDraw = True
13.5169 	EXP 	New trial (rep=0, index=10): OrderedDict([('word', 'technology')])
13.5348 	EXP 	show_condition_text: autoDraw = False
13.5348 	EXP 	show_condition_text: text = 'technology'
13.5348 	EXP 	show_condition_text: autoDraw = True
13.5468 	EXP 	show_condition_text: autoDraw = False
13.5473 	EXP 	New trial (rep=0, index=5): OrderedDict([('wlist_index', 6)])
13.5498 	EXP 	Imported csvs/6.csv as conditions, 9 conditions, 1 params
13.5501 	EXP 	Created sequence: random, trialTypes=9, nReps=1, seed=None
13.5503 	EXP 	New trial (rep=0, index=0): OrderedDict([('word', 'enjoyed')])
13.5670 	EXP 	show_condition_text: text = 'enjoyed'
13.5670 	EXP 	show_condition_text: autoDraw = True
13.5675 	EXP 	New trial (rep=0, index=1): OrderedDict([('word', 'findlaw')])
13.5973 	EXP 	show_condition_text: autoDraw = False
13.5973 	EXP 	show_condition_text: text = 'findlaw'
13.5973 	EXP 	show_condition_text: autoDraw = True
13.5977 	EXP 	New trial (rep=0, index=2): OrderedDict([('word', 'sole')])
13.6135 	EXP 	show_condition_text: autoDraw = False
13.6135 	EXP 	show_condition_text: text = 'sole'
13.6135 	EXP 	show_condition_text: autoDraw = True
13.6140 	EXP 	New trial (rep=0, index=3): OrderedDict([('word', 'colonial')])
13.6302 	EXP 	show_condition_text: autoDraw = False
13.6302 	EXP 	show_condition_text: text = 'colonial'
13.6302 	EXP 	show_condition_text: autoDraw = True
13.6306 	EXP 	New trial (rep=0, index=4): OrderedDict([('word', 'landscape')])
13.6472 	EXP 	show_condition_text: autoDraw = False
13.6472 	EXP 	show_condition_text: text = 'landscape'
13.6472 	EXP 	show_condition_text: autoDraw = True
13.6476 	EXP 	New trial (rep=0, index=5): OrderedDict([('word', 'showers')])
13.6641 	EXP 	show_condition_text: autoDraw = False
13.6641 	EXP 	show_condition_text: text = 'showers'
13.6641 	EXP 	show_condition_text: autoDraw = True
13.6645 	EXP 	New trial (rep=0, index=6): OrderedDict([('word', 'futures')])
13.6804 	EXP 	show_condition_text: autoDraw = False
13.6804 	EXP 	show_condition_text: text = 'futures'
13.6804 	EXP 	show_condition_text: autoDraw = True
13.6809 	EXP 	New trial (rep=0, index=7): OrderedDict([('word', 'data')])
13.6873 	DATA 	Keypress: space
13.6984 	EXP 	show_condition_text: autoDraw = False
13.6984 	EXP 	show_condition_text: text = 'data'
13.6984 	EXP 	show_condition_text: autoDraw = True
13.6988 	EXP 	New trial (rep=0, index=8): OrderedDict([('word', 'jose')])
13.7150 	EXP 	show_condition_text: autoDraw = False
13.7150 	EXP 	show_condition_text: text = 'jose'
13.7150 	EXP 	show_condition_text: autoDraw = True
13.7306 	EXP 	show_condition_text: autoDraw = False
13.7310 	EXP 	New trial (rep=0, index=6): OrderedDict([('wlist_index', 14)])
13.7335 	EXP 	Imported csvs/14.csv as conditions, 9 conditions, 1 params
13.7338 	EXP 	Created sequence: random, trialTypes=9, nReps=1, seed=None
13.7340 	EXP 	New trial (rep=0, index=0): OrderedDict([('word', 'ranch')])
13.7507 	EXP 	show_condition_text: text = 'ranch'
13.7507 	EXP 	show_condition_text: autoDraw = True
13.7511 	EXP 	New trial (rep=0, index=1): OrderedDict([('word', 'rights')])
13.7669 	EXP 	show_condition_text: autoDraw = False
13.7669 	EXP 	show_condition_text: text = 'rights'
13.7669 	EXP 	show_condition_text: autoDraw = True
13.7674 	EXP 	New trial (rep=0, index=2): OrderedDict([('word', 'ho')])
13.7825 	EXP 	show_condition_text: autoDraw = False
13.7825 	EXP 	show_condition_text: text = 'ho'
13.7825 	EXP 	show_condition_text: autoDraw = True
13.7831 	EXP 	New trial (rep=0, index=3): OrderedDict([('word', 'surround')])
13.8006 	EXP 	show_condition_text: autoDraw = False
13.8006 	EXP 	show_condition_text: text = 'surround'
13.8006 	EXP 	show_condition_text: autoDraw = True
13.8011 	EXP 	New trial (rep=0, index=4): OrderedDict([('word', 'hardly')])
13.8081 	DATA 	Keypress: space
13.8314 	EXP 	show_condition_text: autoDraw = False
13.8314 	EXP 	show_condition_text: text = 'hardly'
13.8314 	EXP 	show_condition_text: autoDraw = True
13.8318 	EXP 	New trial (rep=0, index=5): OrderedDict([('word', 'bangladesh')])
13.8503 	EXP 	show_condition_text: autoDraw = False
13.8503 	EXP 	show_condition_text: text = 'bangladesh'
13.8503 	EXP 	show_condition_text: autoDraw = True
13.8507 	EXP 	New trial (rep=0, index=6): OrderedDict([('word', 'breast')])
13.8678 	EXP 	show_condition_text: autoDraw = False
13.8678 	EXP 	show_condition_text: text = 'breast'
13.8678 	EXP 	show_condition_text: autoDraw = True
13.8683 	EXP 	New trial (rep=0, index=7): OrderedDict([('word', 'handles')])
13.8854 	EXP 	show_condition_text: autoDraw = False
13.8854 	EXP 	show_condition_text: text = 'handles'
13.8854 	EXP 	show_condition_text: autoDraw = True
13.8859 	EXP 	New trial (rep=0, index=8): OrderedDict([('word', 'debt')])
13.9142 	EXP 	show_condition_text: autoDraw = False
13.9142 	EXP 	show_condition_text: text = 'debt'
13.9142 	EXP 	show_condition_text: autoDraw = True
13.9307 	EXP 	show_condition_text: autoDraw = False
13.9312 	EXP 	New trial (rep=0, index=7): OrderedDict([('wlist_index', 24)])
13.9343 	EXP 	Imported csvs/24.csv as conditions, 8 conditions, 1 params
13.9346 	EXP 	Created sequence: random, trialTypes=8, nReps=1, seed=None
13.9349 	EXP 	New trial (rep=0, index=0): OrderedDict([('word', 'general')])
13.9446 	DATA 	Keypress: space
13.9676 	EXP 	show_condition_text: text = 'general'
13.9676 	EXP 	show_condition_text: autoDraw = True
13.9681 	EXP 	New trial (rep=0, index=1): OrderedDict([('word', 'grab')])
13.9837 	EXP 	show_condition_text: autoDraw = False
13.9837 	EXP 	show_condition_text: text = 'grab'
13.9837 	EXP 	show_condition_text: autoDraw = True
13.9841 	EXP 	New trial (rep=0, index=2): OrderedDict([('word', 'technologies')])
14.0038 	EXP 	show_condition_text: autoDraw = False
14.0038 	EXP 	show_condition_text: text = 'technologies'
14.0038 	EXP 	show_condition_text: autoDraw = True
14.0043 	EXP 	New trial (rep=0, index=3): OrderedDict([('word', 'everyone')])
14.0335 	EXP 	show_condition_text: autoDraw = False
14.0335 	EXP 	show_condition_text: text = 'everyone'
14.0335 	EXP 	show_condition_text: autoDraw = True
14.0339 	EXP 	New trial (rep=0, index=4): OrderedDict([('word', 'cabinets')])
14.0505 	EXP 	show_condition_text: autoDraw = False
14.0505 	EXP 	show_condition_text: text = 'cabinets'
14.0505 	EXP 	show_condition_text: autoDraw = True
14.0510 	EXP 	New trial (rep=0, index=5): OrderedDict([('word', 'listening')])
14.0676 	EXP 	show_condition_text: autoDraw = False
14.0676 	EXP 	show_condition_text: text = 'listening'
14.0676 	EXP 	show_condition_text: autoDraw = True
14.0680 	EXP 	New trial (rep=0, index=6): OrderedDict([('word', 'albany')])
14.0755 	DATA 	Keypress: space
14.0871 	EXP 	show_condition_text: autoDraw = False
14.0871 	EXP 	show_condition_text: text = 'albany'
14.0871 	EXP 	show_condition_text: autoDraw = True
14.0875 	EXP 	New trial (rep=0, index=7): OrderedDict([('word', 'bit')])
14.1034 	EXP 	show_condition_text: autoDraw = False
14.1034 	EXP 	show_condition_text: text = 'bit'
14.1034 	EXP 	show_condition_text: autoDraw = True
14.1170 	EXP 	show_condition_text: autoDraw = False
14.1175 	EXP 	New trial (rep=0, index=1): OrderedDict([('condition', 3)])
14.1204 	EXP 	Imported csvs/condition_3_wlists_indices.csv as conditions, 8 conditions, 1 params
14.1207 	EXP 	Created sequence: random, trialTypes=8, nReps=1, seed=None
14.1209 	EXP 	New trial (rep=0, index=0): OrderedDict([('wlist_index', 11)])
14.1235 	EXP 	Imported csvs/11.csv as conditions, 11 conditions, 1 params
14.1238 	EXP 	Created sequence: random, trialTypes=11, nReps=1, seed=None
14.1240 	EXP 	New trial (rep=0, index=0): OrderedDict([('word', 'sad')])
14.1509 	EXP 	show_condition_text: text = 'sad'
14.1509 	EXP 	show_condition_text: autoDraw = True
14.1514 	EXP 	New trial (rep=0, index=1): OrderedDict([('word', 'transparent')])
14.1703 	EXP 	show_condition_text: autoDraw = False
14.1703 	EXP 	show_condition_text: text = 'transparent'
14.1703 	EXP 	show_condition_text: autoDraw = True
14.1707 	EXP 	New trial (rep=0, index=2): OrderedDict([('word', 'trigger')])
14.1880 	EXP 	show_condition_text: autoDraw = False
14.1880 	EXP 	show_condition_text: text = 'trigger'
14.1880 	EXP 	show_condition_text: autoDraw = True
14.1885 	EXP 	New trial (rep=0, index=3): OrderedDict([('word', 'resorts')])
14.1964 	DATA 	Keypress: space
14.2168 	EXP 	show_condition_text: autoDraw = False
14.2168 	EXP 	show_condition_text: text = 'resorts'
14.2168 	EXP 	show_condition_text: autoDraw = True
14.2173 	EXP 	New trial (rep=0, index=4): OrderedDict([('word', 'gender')])
14.2346 	EXP 	show_condition_text: autoDraw = False
14.2346 	EXP 	show_condition_text: text = 'gender'
14.2346 	EXP 	show_condition_text: autoDraw = True
14.2351 	EXP 	New trial (rep=0, index=5): OrderedDict([('word', 'boom')])
14.2506 	EXP 	show_condition_text: autoDraw = False
14.2506 	EXP 	show_condition_text: text = 'boom'
14.2506 	EXP 	show_condition_text: autoDraw = True
14.2510 	EXP 	New trial (rep=0, index=6): OrderedDict([('word', 'throwing')])
14.2671 	EXP 	show_condition_text: autoDraw = False
14.2671 	EXP 	show_condition_text: text = 'throwing'
14.2671 	EXP 	show_condition_text: autoDraw = True
14.2676 	EXP 	New trial (rep=0, index=7): OrderedDict([('word', 'events')])
14.2847 	EXP 	show_condition_text: autoDraw = False
14.2847 	EXP 	show_condition_text: text = 'events'
14.2847 	EXP 	show_condition_text: autoDraw = True
14.2851 	EXP 	New trial (rep=0, index=8): OrderedDict([('word', 'security')])
14.3008 	EXP 	show_condition_text: autoDraw = False
14.3008 	EXP 	show_condition_text: text = 'security'
14.3008 	EXP 	show_condition_text: autoDraw = True
14.3012 	EXP 	New trial (rep=0, index=9): OrderedDict([('word', 'remarkable')])
14.3196 	EXP 	show_condition_text: autoDraw = False
14.3196 	EXP 	show_condition_text: text = 'remarkable'
14.3196 	EXP 	show_condition_text: autoDraw = True
14.3200 	EXP 	New trial (rep=0, index=10): OrderedDict([('word', 'satisfactory')])
14.3507 	EXP 	show_condition_text: autoDraw = False
14.3507 	EXP 	show_condition_text: text = 'satisfactory'
14.3507 	EXP 	show_condition_text: autoDraw = True
14.3535 	DATA 	Keypress: space
14.3665 	EXP 	show_condition_text: autoDraw = False
14.3669 	EXP 	New trial (rep=0, index=1): OrderedDict([('wlist_index', 22)])
14.3695 	EXP 	Imported csvs/22.csv as conditions, 10 conditions, 1 params
14.3699 	EXP 	Created sequence: random, trialTypes=10, nReps=1, seed=None
14.3701 	EXP 	New trial (rep=0, index=0): OrderedDict([('word', 'rarely')])
14.3867 	EXP 	show_condition_text: text = 'rarely'
14.3867 	EXP 	show_condition_text: autoDraw = True
14.3871 	EXP 	New trial (rep=0, index=1): OrderedDict([('word', 'detective')])
14.4049 	EXP 	show_condition_text: autoDraw = False
14.4049 	EXP 	show_condition_text: text = 'detective'
14.4049 	EXP 	show_condition_text: autoDraw = True
14.4053 	EXP 	New trial (rep=0, index=2): OrderedDict([('word', 'sophisticated')])
14.4339 	EXP 	show_condition_text: autoDraw = False
14.4339 	EXP 	show_condition_text: text = 'sophisticated'
14.4339 	EXP 	show_condition_text: autoDraw = True
14.4343 	EXP 	New trial (rep=0, index=3): OrderedDict([('word', 'es')])
14.4506 	EXP 	show_condition_text: autoDraw = False
14.4506 	EXP 	show_condition_text: text = 'es'
14.4506 	EXP 	show_condition_text: autoDraw = True
14.4511 	EXP 	New trial (rep=0, index=4): OrderedDict([('word', 'missions')])
14.4699 	EXP 	show_condition_text: autoDraw = False
14.4699 	EXP 	show_condition_text: text = 'missions'
14.4699 	EXP 	show_condition_text: autoDraw = True
14.4704 	EXP 	New trial (rep=0, index=5): OrderedDict([('word', 'secret')])
14.4879 	EXP 	show_condition_text: autoDraw = False
14.4879 	EXP 	show_condition_text: text = 'secret'
14.4879 	EXP 	show_condition_text: autoDraw = True
14.4883 	EXP 	New trial (rep=0, index=6): OrderedDict([('word', 'away')])
14.5049 	EXP 	show_condition_text: autoDraw = False
14.5049 	EXP 	show_condition_text: text = 'away'
14.5049 	EXP 	show_condition_text: autoDraw = True
14.5056 	EXP 	New trial (rep=0, index=7): OrderedDict([('word', 'gotten')])
14.5339 	EXP 	show_condition_text: autoDraw = False
14.5339 	EXP 	show_condition_text: text = 'gotten'
14.5339 	EXP 	show_condition_text: autoDraw = True
14.5345 	EXP 	New trial (rep=0, index=8): OrderedDict([('word', 'marina')])
14.5436 	DATA 	Keypress: space
14.5671 	EXP 	show_condition_text: autoDraw = False
14.5671 	EXP 	show_condition_text: text = 'marina'
14.5671 	EXP 	show_condition_text: autoDraw = True
14.5677 	EXP 	New trial (rep=0, index=9): OrderedDict([('word', 'athletics')])
14.5854 	EXP 	show_condition_text: autoDraw = False
14.5854 	EXP 	show_condition_text: text = 'athletics'
14.5854 	EXP 	show_condition_text: autoDraw = True
14.6007 	EXP 	show_condition_text: autoDraw = False
14.6012 	EXP 	New trial (rep=0, index=2): OrderedDict([('wlist_index', 30)])
14.6039 	EXP 	Imported csvs/30.csv as conditions, 9 conditions, 1 params
14.6042 	EXP 	Created sequence: random, trialTypes=9, nReps=1, seed=None
14.6044 	EXP 	New trial (rep=0, index=0): OrderedDict([('word', 'acm')])
14.6195 	EXP 	show_condition_text: text = 'acm'
14.6195 	EXP 	show_condition_text: autoDraw = True
14.6201 	EXP 	New trial (rep=0, index=1): OrderedDict([('word', 'engage')])
14.6503 	EXP 	show_condition_text: autoDraw = False
14.6503 	EXP 	show_condition_text: text = 'engage'
14.6503 	EXP 	show_condition_text: autoDraw = True
14.6507 	EXP 	New trial (rep=0, index=2): OrderedDict([('word', 'eos')])
14.6674 	EXP 	show_condition_text: autoDraw = False
14.6674 	EXP 	show_condition_text: text = 'eos'
14.6674 	EXP 	show_condition_text: autoDraw = True
14.6678 	EXP 	New trial (rep=0, index=3): OrderedDict([('word', 'sat')])
14.6728 	DATA 	Keypress: space
14.6842 	EXP 	show_condition_text: autoDraw = False
14.6842 	EXP 	show_condition_text: text = 'sat'
14.6842 	EXP 	show_condition_text: autoDraw = True
14.6846 	EXP 	New trial (rep=0, index=4): OrderedDict([('word', 'parts')])
14.7007 	EXP 	show_condition_text: autoDraw = False
14.7007 	EXP 	show_condition_text: text = 'parts'
14.7007 	EXP 	show_condition_text: autoDraw = True
14.7011 	EXP 	New trial (rep=0, index=5): OrderedDict([('word', 'inter')])
14.7175 	EXP 	show_condition_text: autoDraw = False
14.7175 	EXP 	show_condition_text: text = 'inter'
14.7175 	EXP 	show_condition_text: autoDraw = True
14.7180 	EXP 	New trial (rep=0, index=6): OrderedDict([('word', 'charger')])
14.7347 	EXP 	show_condition_text: autoDraw = False
14.7347 	EXP 	show_condition_text: text = 'charger'
14.7347 	EXP 	show_condition_text: autoDraw = True
14.7352 	EXP 	New trial (rep=0, index=7): OrderedDict([('word', 'carry')])
14.7531 	EXP 	show_condition_text: autoDraw = False
14.7531 	EXP 	show_condition_text: text = 'carry'
14.7531 	EXP 	show_condition_text: autoDraw = True
14.7536 	EXP 	New trial (rep=0, index=8): OrderedDict([('word', 'joshua')])
14.7714 	EXP 	show_condition_text: autoDraw = False
14.7714 	EXP 	show_condition_text: text = 'joshua'
14.7714 	EXP 	show_condition_text: autoDraw = True
14.7834 	EXP 	show_condition_text: autoDraw = False
14.7839 	EXP 	New trial (rep=0, index=3): OrderedDict([('wlist_index', 1)])
14.7876 	EXP 	Imported csvs/1.csv as conditions, 11 conditions, 1 params
14.7880 	EXP 	Created sequence: random, trialTypes=11, nReps=1, seed=None
14.7882 	EXP 	New trial (rep=0, index=0): OrderedDict([('word', 'apartment')])
14.8183 	EXP 	show_condition_text: text = 'apartment'
14.8183 	EXP 	show_condition_text: autoDraw = True
14.8188 	EXP 	New trial (rep=0, index=1): OrderedDict([('word', 'owns')])
14.8342 	EXP 	show_condition_text: autoDraw = False
14.8342 	EXP 	show_condition_text: text = 'owns'
14.8342 	EXP 	show_condition_text: autoDraw = True
14.8347 	EXP 	New trial (rep=0, index=2): OrderedDict([('word', 'page')])
14.8428 	DATA 	Keypress: space
14.8541 	EXP 	show_condition_text: autoDraw = False
14.8541 	EXP 	show_condition_text: text = 'page'
14.8541 	EXP 	show_condition_text: autoDraw = True
14.8545 	EXP 	New trial (rep=0, index=3): OrderedDict([('word', 'optimal')])
14.8712 	EXP 	show_condition_text: autoDraw = False
14.8712 	EXP 	show_condition_text: text = 'optimal'
14.8712 	EXP 	show_condition_text: autoDraw = True
14.8717 	EXP 	New trial (rep=0, index=4): OrderedDict([('word', 'aspnet')])
14.9003 	EXP 	show_condition_text: autoDraw = False
14.9003 	EXP 	show_condition_text: text = 'aspnet'
14.9003 	EXP 	show_condition_text: autoDraw = True
14.9007 	EXP 	New trial (rep=0, index=5): OrderedDict([('word', 'dp')])
14.9167 	EXP 	show_condition_text: autoDraw = False
14.9167 	EXP 	show_condition_text: text = 'dp'
14.9167 	EXP 	show_condition_text: autoDraw = True
14.9171 	EXP 	New trial (rep=0, index=6): OrderedDict([('word', 'lists')])
14.9343 	EXP 	show_condition_text: autoDraw = False
14.9343 	EXP 	show_condition_text: text = 'lists'
14.9343 	EXP 	show_condition_text: autoDraw = True
14.9348 	EXP 	New trial (rep=0, index=7): OrderedDict([('word', 'informative')])
14.9549 	EXP 	show_condition_text: autoDraw = False
14.9549 	EXP 	show_condition_text: text = 'informative'
14.9549 	EXP 	show_condition_text: autoDraw = True
14.9556 	EXP 	New trial (rep=0, index=8): OrderedDict([('word', 'ion')])
14.9833 	EXP 	show_condition_text: autoDraw = False
14.9833 	EXP 	show_condition_text: text = 'ion'
14.9833 	EXP 	show_condition_text: autoDraw = True
14.9838 	EXP 	New trial (rep=0, index=9): OrderedDict([('word', 'coins')])
14.9916 	DATA 	Keypress: space
15.0032 	EXP 	show_condition_text: autoDraw = False
15.0032 	EXP 	show_condition_text: text = 'coins'
15.0032 	EXP 	show_condition_text: autoDraw = True
15.0036 	EXP 	New trial (rep=0, index=10): OrderedDict([('word', 'jackie')])
15.0209 	EXP 	show_condition_text: autoDraw = False
15.0209 	EXP 	show_condition_text: text = 'jackie'
15.0209 	EXP 	show_condition_text: autoDraw = True
15.0331 	EXP 	show_condition_text: autoDraw = False
15.0335 	EXP 	New trial (rep=0, index=4): OrderedDict([('wlist_index', 29)])
15.0365 	EXP 	Imported csvs/29.csv as conditions, 10 conditions, 1 params
15.0369 	EXP 	Created sequence: random, trialTypes=10, nReps=1, seed=None
15.0371 	EXP 	New trial (rep=0, index=0): OrderedDict([('word', 'modifications')])
15.0672 	EXP 	show_condition_text: text = 'modifications'
15.0672 	EXP 	show_condition_text: autoDraw = True
15.0676 	EXP 	New trial (rep=0, index=1): OrderedDict([('word', 'ferrari')])
15.0842 	EXP 	show_condition_text: autoDraw = False
15.0842 	EXP 	show_condition_text: text = 'ferrari'
15.0842 	EXP 	show_condition_text: autoDraw = True
15.0846 	EXP 	New trial (rep=0, index=2): OrderedDict([('word', 'patio')])
15.1006 	EXP 	show_condition_text: autoDraw = False
15.1006 	EXP 	show_condition_text: text = 'patio'
15.1006 	EXP 	show_condition_text: autoDraw = True
15.1010 	EXP 	New trial (rep=0, index=3): OrderedDict([('word', 'taxation')])
15.1170 	EXP 	show_condition_text: autoDraw = False
15.1170 	EXP 	show_condition_text: text = 'taxation'
15.1170 	EXP 	show_condition_text: autoDraw = True
15.1174 	EXP 	New trial (rep=0, index=4): OrderedDict([('word', 'docs')])
15.1341 	EXP 	show_condition_text: autoDraw = False
15.1341 	EXP 	show_condition_text: text = 'docs'
15.1341 	EXP 	show_condition_text: autoDraw = True
15.1345 	EXP 	New trial (rep=0, index=5): OrderedDict([('word', 'if')])
15.1505 	EXP 	show_condition_text: autoDraw = False
15.1505 	EXP 	show_condition_text: text = 'if'
15.1505 	EXP 	show_condition_text: autoDraw = True
15.1509 	EXP 	New trial (rep=0, index=6): OrderedDict([('word', 'listed')])
15.1578 	DATA 	Keypress: space
15.1698 	EXP 	show_condition_text: autoDraw = False
15.1698 	EXP 	show_condition_text: text = 'listed'
15.1698 	EXP 	show_condition_text: autoDraw = True
15.1702 	EXP 	New trial (rep=0, index=7): OrderedDict([('word', 'sand')])
15.1863 	EXP 	show_condition_text: autoDraw = False
15.1863 	EXP 	show_condition_text: text = 'sand'
15.1863 	EXP 	show_condition_text: autoDraw = True
15.1869 	EXP 	New trial (rep=0, index=8): OrderedDict([('word', 'plugin')])
15.2033 	EXP 	show_condition_text: autoDraw = False
15.2033 	EXP 	show_condition_text: text = 'plugin'
15.2033 	EXP 	show_condition_text: autoDraw = True
15.2040 	EXP 	New trial (rep=0, index=9): OrderedDict([('word', 'brass')])
15.2206 	EXP 	show_condition_text: autoDraw = False
15.2206 	EXP 	show_condition_text: text = 'brass'
15.2206 	EXP 	show_condition_text: autoDraw = True
15.2335 	EXP 	show_condition_text: autoDraw = False
15.2340 	EXP 	New trial (rep=0, index=5): OrderedDict([('wlist_index', 15)])
15.2373 	EXP 	Imported csvs/15.csv as conditions, 8 conditions, 1 params
15.2376 	EXP 	Created sequence: random, trialTypes=8, nReps=1, seed=None
15.2379 	EXP 	New trial (rep=0, index=0): OrderedDict([('word', 'farmers')])
15.2670 	EXP 	show_condition_text: text = 'farmers'
15.2670 	EXP 	show_condition_text: autoDraw = True
15.2674 	EXP 	New trial (rep=0, index=1): OrderedDict([('word', 'netherlands')])
15.2853 	EXP 	show_condition_text: autoDraw = False
15.2853 	EXP 	show_condition_text: text = 'netherlands'
15.2853 	EXP 	show_condition_text: autoDraw = True
15.2858 	EXP 	New trial (rep=0, index=2): OrderedDict([('word', 'traditions')])
15.2964 	DATA 	Keypress: space
15.3168 	EXP 	show_condition_text: autoDraw = False
15.3168 	EXP 	show_condition_text: text = 'traditions'
15.3168 	EXP 	show_condition_text: autoDraw = True
15.3172 	EXP 	New trial (rep=0, index=3): OrderedDict([('word', 'feels')])
15.3340 	EXP 	show_condition_text: autoDraw = False
15.3340 	EXP 	show_condition_text: text = 'feels'
15.3340 	EXP 	show_condition_text: autoDraw = True
15.3344 	EXP 	New trial (rep=0, index=4): OrderedDict([('word', 'irc')])
15.3510 	EXP 	show_condition_text: autoDraw = False
15.3510 	EXP 	show_condition_text: text = 'irc'
15.3510 	EXP 	show_condition_text: autoDraw = True
15.3514 	EXP 	New trial (rep=0, index=5): OrderedDict([('word', 'seem')])
15.3677 	EXP 	show_condition_text: autoDraw = False
15.3677 	EXP 	show_condition_text: text = 'seem'
15.3677 	EXP 	show_condition_text: autoDraw = True
15.3681 	EXP 	New trial (rep=0, index=6): OrderedDict([('word', 'harrison')])
15.3846 	EXP 	show_condition_text: autoDraw = False
15.3846 	EXP 	show_condition_text: text = 'harrison'
15.3846 	EXP 	show_condition_text: autoDraw = True
15.3851 	EXP 	New trial (rep=0, index=7): OrderedDict([('word', 'burn')])
15.4009 	EXP 	show_condition_text: autoDraw = False
15.4009 	EXP 	show_condition_text: text = 'burn'
15.4009 	EXP 	show_condition_text: autoDraw = True
15.4179 	EXP 	show_condition_text: autoDraw = False
15.4183 	EXP 	New trial (rep=0, index=6): OrderedDict([('wlist_index', 28)])
15.4209 	EXP 	Imported csvs/28.csv as conditions, 6 conditions, 1 params
15.4211 	EXP 	Created sequence: random, trialTypes=6, nReps=1, seed=None
15.4213 	EXP 	New trial (rep=0, index=0): OrderedDict([('word', 'regardless')])
15.4502 	EXP 	show_condition_text: text = 'regardless'
15.4502 	EXP 	show_condition_text: autoDraw = True
15.4507 	EXP 	New trial (rep=0, index=1): OrderedDict([('word', 'biography')])
15.4591 	DATA 	Keypress: space
15.4710 	EXP 	show_condition_text: autoDraw = False
15.4710 	EXP 	show_condition_text: text = 'biography'
15.4710 	EXP 	show_condition_text: autoDraw = True
15.4714 	EXP 	New trial (rep=0, index=2): OrderedDict([('word', 'figure')])
15.5006 	EXP 	show_condition_text: autoDraw = False
15.5006 	EXP 	show_condition_text: text = 'figure'
15.5006 	EXP 	show_condition_text: autoDraw = True
15.5011 	EXP 	New trial (rep=0, index=3): OrderedDict([('word', 'anthropology')])
15.5201 	EXP 	show_condition_text: autoDraw = False
15.5201 	EXP 	show_condition_text: text = 'anthropology'
15.5201 	EXP 	show_condition_text: autoDraw = True
15.5206 	EXP 	New trial (rep=0, index=4): OrderedDict([('word', 'separately')])
15.5378 	EXP 	show_condition_text: autoDraw = False
15.5378 	EXP 	show_condition_text: text = 'separately'
15.5378 	EXP 	show_condition_text: autoDraw = True
15.5382 	EXP 	New trial (rep=0, index=5): OrderedDict([('word', 'make')])
15.5545 	EXP 	show_condition_text: autoDraw = False
15.5545 	EXP 	show_condition_text: text = 'make'
15.5545 	EXP 	show_condition_text: autoDraw = True
15.5671 	EXP 	show_condition_text: autoDraw = False
15.5675 	EXP 	New trial (rep=0, index=7): OrderedDict([('wlist_index', 32)])
15.5709 	EXP 	Imported csvs/32.csv as conditions, 5 conditions, 1 params
15.5712 	EXP 	Created sequence: random, trialTypes=5, nReps=1, seed=None
15.5714 	EXP 	New trial (rep=0, index=0): OrderedDict([('word', 'ranks')])
15.6000 	EXP 	show_condition_text: text = 'ranks'
15.6000 	EXP 	show_condition_text: autoDraw = True
15.6007 	EXP 	New trial (rep=0, index=1): OrderedDict([('word', 'transport')])
15.6210 	EXP 	show_condition_text: autoDraw = False
15.6210 	EXP 	show_condition_text: text = 'transport'
15.6210 	EXP 	show_condition_text: autoDraw = True
15.6215 	EXP 	New trial (rep=0, index=2): OrderedDict([('word', 'feedback')])
15.6296 	DATA 	Keypress: space
15.6504 	EXP 	show_condition_text: autoDraw = False
15.6504 	EXP 	show_condition_text: text = 'feedback'
15.6504 	EXP 	show_condition_text: autoDraw = True
15.6510 	EXP 	New trial (rep=0, index=3): OrderedDict([('word', 'jamaica')])
15.6697 	EXP 	show_condition_text: autoDraw = False
15.6697 	EXP 	show_condition_text: text = 'jamaica'
15.6697 	EXP 	show_condition_text: autoDraw = True
15.6701 	EXP 	New trial (rep=0, index=4): OrderedDict([('word', 'declared')])
15.6873 	EXP 	show_condition_text: autoDraw = False
15.6873 	EXP 	show_condition_text: text = 'declared'
15.6873 	EXP 	show_condition_text: autoDraw = True
15.7037 	EXP 	show_condition_text: autoDraw = False
15.7037 	EXP 	show_condition_text: text = '****'
15.7037 	EXP 	show_condition_text: autoDraw = True
15.7175 	EXP 	New trial (rep=0, index=2): OrderedDict([('condition', 1)])
15.7212 	EXP 	Imported csvs/condition_1_wlists_indices.csv as conditions, 8 conditions, 1 params
15.7215 	EXP 	Created sequence: random, trialTypes=8, nReps=1, seed=None
15.7217 	EXP 	New trial (rep=0, index=0): OrderedDict([('wlist_index', 12)])
15.7239 	EXP 	Imported csvs/12.csv as conditions, 7 conditions, 1 params
15.7242 	EXP 	Created sequence: random, trialTypes=7, nReps=1, seed=None
15.7244 	EXP 	New trial (rep=0, index=0): OrderedDict([('word', 'latin')])
15.7508 	EXP 	show_condition_text: text = 'latin'
15.7508 	EXP 	show_condition_text: autoDraw = True
15.7513 	EXP 	New trial (rep=0, index=1): OrderedDict([('word', 'cradle')])
15.7690 	EXP 	show_condition_text: autoDraw = False
15.7690 	EXP 	show_condition_text: text = 'cradle'
15.7690 	EXP 	show_condition_text: autoDraw = True
15.7695 	EXP 	New trial (rep=0, index=2): OrderedDict([('word', 'keyword')])
15.7783 	DATA 	Keypress: space
15.8011 	EXP 	show_condition_text: autoDraw = False
15.8011 	EXP 	show_condition_text: text = 'keyword'
15.8011 	EXP 	show_condition_text: autoDraw = True
15.8017 	EXP 	New trial (rep=0, index=3): OrderedDict([('word', 'rapid')])
15.8196 	EXP 	show_condition_text: autoDraw = False
15.8196 	EXP 	show_condition_text: text = 'rapid'
15.8196 	EXP 	show_condition_text: autoDraw = True
15.8200 	EXP 	New trial (rep=0, index=4): OrderedDict([('word', 'bangkok')])
15.8379 	EXP 	show_condition_text: autoDraw = False
15.8379 	EXP 	show_condition_text: text = 'bangkok'
15.8379 	EXP 	show_condition_text: autoDraw = True
15.8384 	EXP 	New trial (rep=0, index=5): OrderedDict([('word', 'powered')])
15.8667 	EXP 	show_condition_text: autoDraw = False
15.8667 	EXP 	show_condition_text: text = 'powered'
15.8667 	EXP 	show_condition_text: autoDraw = True
15.8672 	EXP 	New trial (rep=0, index=6): OrderedDict([('word', 'shipments')])
15.8858 	EXP 	show_condition_text: autoDraw = False
15.8858 	EXP 	show_condition_text: text = 'shipments'
15.8858 	EXP 	show_condition_text: autoDraw = True
15.9005 	EXP 	show_condition_text: autoDraw = False
15.9010 	EXP 	New trial (rep=0, index=1): OrderedDict([('wlist_index', 9)])
15.9037 	EXP 	Imported csvs/9.csv as conditions, 6 conditions, 1 params
15.9040 	EXP 	Created sequence: random, trialTypes=6, nReps=1, seed=None
15.9041 	EXP 	New trial (rep=0, index=0): OrderedDict([('word', 'sing')])
15.9198 	EXP 	show_condition_text: text = 'sing'
15.9198 	EXP 	show_condition_text: autoDraw = True
15.9203 	EXP 	New trial (rep=0, index=1): OrderedDict([('word', 'titled')])
15.9273 	DATA 	Keypress: space
15.9507 	EXP 	show_condition_text: autoDraw = False
15.9507 	EXP 	show_condition_text: text = 'titled'
15.9507 	EXP 	show_condition_text: autoDraw = True
15.9517 	EXP 	New trial (rep=0, index=2): OrderedDict([('word', 'continuing')])
15.9716 	EXP 	show_condition_text: autoDraw = False
15.9716 	EXP 	show_condition_text: text = 'continuing'
15.9716 	EXP 	show_condition_text: autoDraw = True
15.9721 	EXP 	New trial (rep=0, index=3): OrderedDict([('word', 'bitch')])
15.9884 	EXP 	show_condition_text: autoDraw = False
15.9884 	EXP 	show_condition_text: text = 'bitch'
15.9884 	EXP 	show_condition_text: autoDraw = True
15.9889 	EXP 	New trial (rep=0, index=4): OrderedDict([('word', 'stuck')])
16.0171 	EXP 	show_condition_text: autoDraw = False
16.0171 	EXP 	show_condition_text: text = 'stuck'
16.0171 	EXP 	show_condition_text: autoDraw = True
16.0177 	EXP 	New trial (rep=0, index=5): OrderedDict([('word', 'plane')])
16.0339 	EXP 	show_condition_text: autoDraw = False
16.0339 	EXP 	show_condition_text: text = 'plane'
16.0339 	EXP 	show_condition_text: autoDraw = True
16.0506 	EXP 	show_condition_text: autoDraw = False
16.0511 	EXP 	New trial (rep=0, index=2): OrderedDict([('wlist_index', 27)])
16.0545 	EXP 	Imported csvs/27.csv as conditions, 8 conditions, 1 params
16.0548 	EXP 	Created sequence: random, trialTypes=8, nReps=1, seed=None
16.0550 	EXP 	New trial (rep=0, index=0): OrderedDict([('word', 'say')])
16.0700 	EXP 	show_condition_text: text = 'say'
16.0700 	EXP 	show_condition_text: autoDraw = True
16.0704 	EXP 	New trial (rep=0, index=1): OrderedDict([('word', 'safari')])
16.0880 	EXP 	show_condition_text: autoDraw = False
16.0880 	EXP 	show_condition_text: text = 'safari'
16.0880 	EXP 	show_condition_text: autoDraw = True
16.0884 	EXP 	New trial (rep=0, index=2): OrderedDict([('word', 'him')])
16.0947 	DATA 	Keypress: space
16.1175 	EXP 	show_condition_text: autoDraw = False
16.1175 	EXP 	show_condition_text: text = 'him'
16.1175 	EXP 	show_condition_text: autoDraw = True
16.1183 	EXP 	New trial (rep=0, index=3): OrderedDict([('word', 'ski')])
16.1345 	EXP 	show_condition_text: autoDraw = False
16.1345 	EXP 	show_condition_text: text = 'ski'
16.1345 	EXP 	show_condition_text: autoDraw = True
16.1354 	EXP 	New trial (rep=0, index=4): OrderedDict([('word', 'douglas')])
16.1541 	EXP 	show_condition_text: autoDraw = False
16.1541 	EXP 	show_condition_text: text = 'douglas'
16.1541 	EXP 	show_condition_text: autoDraw = True
16.1546 	EXP 	New trial (rep=0, index=5): OrderedDict([('word', 'buyers')])
16.1842 	EXP 	show_condition_text: autoDraw = False
16.1842 	EXP 	show_condition_text: text = 'buyers'
16.1842 	EXP 	show_condition_text: autoDraw = True
16.1847 	EXP 	New trial (rep=0, index=6): OrderedDict([('word', 'oral')])
16.2025 	EXP 	show_condition_text: autoDraw = False
16.2025 	EXP 	show_condition_text: text = 'oral'
16.2025 	EXP 	show_condition_text: autoDraw = True
16.2029 	EXP 	New trial (rep=0, index=7): OrderedDict([('word', 'unable')])
16.2214 	EXP 	show_condition_text: autoDraw = False
16.2214 	EXP 	show_condition_text: text = 'unable'
16.2214 	EXP 	show_condition_text: autoDraw = True
16.2342 	EXP 	show_condition_text: autoDraw = False
16.2347 	EXP 	New trial (rep=0, index=3): OrderedDict([('wlist_index', 31)])
16.2383 	EXP 	Imported csvs/31.csv as conditions, 8 conditions, 1 params
16.2386 	EXP 	Created sequence: random, trialTypes=8, nReps=1, seed=None
16.2388 	EXP 	New trial (rep=0, index=0): OrderedDict([('word', 'phenomenon')])
16.2481 	DATA 	Keypress: space
16.2674 	EXP 	show_condition_text: text = 'phenomenon'
16.2674 	EXP 	show_condition_text: autoDraw = True
16.2681 	EXP 	New trial (rep=0, index=1): OrderedDict([('word', 'usd')])
16.2839 	EXP 	show_condition_text: autoDraw = False
16.2839 	EXP 	show_condition_text: text = 'usd'
16.2839 	EXP 	show_condition_text: autoDraw = True
16.2846 	EXP 	New trial (rep=0, index=2): OrderedDict([('word', 'act')])
16.3008 	EXP 	show_condition_text: autoDraw = False
16.3008 	EXP 	show_condition_text: text = 'act'
16.3008 	EXP 	show_condition_text: autoDraw = True
16.3015 	EXP 	New trial (rep=0, index=3): OrderedDict([('word', 'gi')])
16.3168 	EXP 	show_condition_text: autoDraw = False
16.3168 	EXP 	show_condition_text: text = 'gi'
16.3168 	EXP 	show_condition_text: autoDraw = True
16.3173 	EXP 	New trial (rep=0, index=4): OrderedDict([('word', 'incest')])
16.3343 	EXP 	show_condition_text: autoDraw = False
16.3343 	EXP 	show_condition_text: text = 'incest'
16.3343 	EXP 	show_condition_text: autoDraw = True
16.3348 	EXP 	New trial (rep=0, index=5): OrderedDict([('word', 'reverse')])
16.3550 	EXP 	show_condition_text: autoDraw = False
16.3550 	EXP 	show_condition_text: text = 'reverse'
16.3550 	EXP 	show_condition_text: autoDraw = True
16.3556 	EXP 	New trial (rep=0, index=6): OrderedDict([('word', 'watson')])
16.3841 	EXP 	show_condition_text: autoDraw = False
16.3841 	EXP 	show_condition_text: text = 'watson'
16.3841 	EXP 	show_condition_text: autoDraw = True
16.3846 	EXP 	New trial (rep=0, index=7): OrderedDict([('word', 'humanitarian')])
16.3945 	DATA 	Keypress: space
16.4168 	EXP 	show_condition_text: autoDraw = False
16.4168 	EXP 	show_condition_text: text = 'humanitarian'
16.4168 	EXP 	show_condition_text: autoDraw = True
16.4340 	EXP 	show_condition_text: autoDraw = False
16.4345 	EXP 	New trial (rep=0, index=4): OrderedDict([('wlist_index', 17)])
16.4379 	EXP 	Imported csvs/17.csv as conditions, 10 conditions, 1 params
16.4382 	EXP 	Created sequence: random, trialTypes=10, nReps=1, seed=None
16.4384 	EXP 	New trial (rep=0, index=0): OrderedDict([('word', 'sally')])
16.4533 	EXP 	show_condition_text: text = 'sally'
16.4533 	EXP 	show_condition_text: autoDraw = True
16.4539 	EXP 	New trial (rep=0, index=1): OrderedDict([('word', 'talent')])
16.4712 	EXP 	show_condition_text: autoDraw = False
16.4712 	EXP 	show_condition_text: text = 'talent'
16.4712 	EXP 	show_condition_text: autoDraw = True
16.4717 	EXP 	New trial (rep=0, index=2): OrderedDict([('word', 'potatoes')])
16.5002 	EXP 	show_condition_text: autoDraw = False
16.5002 	EXP 	show_condition_text: text = 'potatoes'
16.5002 	EXP 	show_condition_text: autoDraw = True
16.5006 	EXP 	New trial (rep=0, index=3): OrderedDict([('word', 'charging')])
16.5173 	EXP 	show_condition_text: autoDraw = False
16.5173 	EXP 	show_condition_text: text = 'charging'
16.5173 	EXP 	show_condition_text: autoDraw = True
16.5178 	EXP 	New trial (rep=0, index=4): OrderedDict([('word', 'accept')])
16.5334 	EXP 	show_condition_text: autoDraw = False
16.5334 	EXP 	show_condition_text: text = 'accept'
16.5334 	EXP 	show_condition_text: autoDraw = True
16.5338 	EXP 	New trial (rep=0, index=5): OrderedDict([('word', 'places')])
16.5508 	EXP 	show_condition_text: autoDraw = False
16.5508 	EXP 	show_condition_text: text = 'places'
16.5508 	EXP 	show_condition_text: autoDraw = True
16.5512 	EXP 	New trial (rep=0, index=6): OrderedDict([('word', 'adaptor')])
16.5583 	DATA 	Keypress: space
16.5697 	EXP 	show_condition_text: autoDraw = False
16.5697 	EXP 	show_condition_text: text = 'adaptor'
16.5697 	EXP 	show_condition_text: autoDraw = True
16.5701 	EXP 	New trial (rep=0, index=7): OrderedDict([('word', 'penetration')])
16.6008 	EXP 	show_condition_text: autoDraw = False
16.6008 	EXP 	show_condition_text: text = 'penetration'
16.6008 	EXP 	show_condition_text: autoDraw = True
16.6013 	EXP 	New trial (rep=0, index=8): OrderedDict([('word', 'map')])
16.6173 	EXP 	show_condition_text: autoDraw = False
16.6173 	EXP 	show_condition_text: text = 'map'
16.6173 	EXP 	show_condition_text: autoDraw = True
16.6178 	EXP 	New trial (rep=0, index=9): OrderedDict([('word', 'scott')])
16.6335 	EXP 	show_condition_text: autoDraw = False
16.6335 	EXP 	show_condition_text: text = 'scott'
16.6335 	EXP 	show_condition_text: autoDraw = True
16.6508 	EXP 	show_condition_text: autoDraw = False
16.6514 	EXP 	New trial (rep=0, index=5): OrderedDict([('wlist_index', 13)])
16.6547 	EXP 	Imported csvs/13.csv as conditions, 7 conditions, 1 params
16.6551 	EXP 	Created sequence: random, trialTypes=7, nReps=1, seed=None
16.6553 	EXP 	New trial (rep=0, index=0): OrderedDict([('word', 'measures')])
16.6840 	EXP 	show_condition_text: text = 'measures'
16.6840 	EXP 	show_condition_text: autoDraw = True
16.6845 	EXP 	New trial (rep=0, index=1): OrderedDict([('word', 'township')])
16.7033 	EXP 	show_condition_text: autoDraw = False
16.7033 	EXP 	show_condition_text: text = 'township'
16.7033 	EXP 	show_condition_text: autoDraw = True
16.7041 	EXP 	New trial (rep=0, index=2): OrderedDict([('word', 'poems')])
16.7200 	EXP 	show_condition_text: autoDraw = False
16.7200 	EXP 	show_condition_text: text = 'poems'
16.7200 	EXP 	show_condition_text: autoDraw = True
16.7204 	EXP 	New trial (rep=0, index=3): OrderedDict([('word', 'deaths')])
16.7264 	DATA 	Keypress: space
16.7375 	EXP 	show_condition_text: autoDraw = False
16.7375 	EXP 	show_condition_text: text = 'deaths'
16.7375 	EXP 	show_condition_text: autoDraw = True
16.7380 	EXP 	New trial (rep=0, index=4): OrderedDict([('word', 'guild')])
16.7677 	EXP 	show_condition_text: autoDraw = False
16.7677 	EXP 	show_condition_text: text = 'guild'
16.7677 	EXP 	show_condition_text: autoDraw = True
16.7682 	EXP 	New trial (rep=0, index=5): OrderedDict([('word', 'complications')])
16.7885 	EXP 	show_condition_text: autoDraw = False
16.7885 	EXP 	show_condition_text: text = 'complications'
16.7885 	EXP 	show_condition_text: autoDraw = True
16.7893 	EXP 	New trial (rep=0, index=6): OrderedDict([('word', 'scanned')])
16.8177 	EXP 	show_condition_text: autoDraw = False
16.8177 	EXP 	show_condition_text: text = 'scanned'
16.8177 	EXP 	show_condition_text: autoDraw = True
16.8342 	EXP 	show_condition_text: autoDraw = False
16.8348 	EXP 	New trial (rep=0, index=6): OrderedDict([('wlist_index', 2)])
16.8381 	EXP 	Imported csvs/2.csv as conditions, 8 conditions, 1 params
16.8384 	EXP 	Created sequence: random, trialTypes=8, nReps=1, seed=None
16.8386 	EXP 	New trial (rep=0, index=0): OrderedDict([('word', 'xl')])
16.8533 	EXP 	show_condition_text: text = 'xl'
16.8533 	EXP 	show_condition_text: autoDraw = True
16.8542 	EXP 	New trial (rep=0, index=1): OrderedDict([('word', 'assessed')])
16.8708 	EXP 	show_condition_text: autoDraw = False
16.8708 	EXP 	show_condition_text: text = 'assessed'
16.8708 	EXP 	show_condition_text: autoDraw = True
16.8716 	EXP 	New trial (rep=0, index=2): OrderedDict([('word', 'protected')])
16.8821 	DATA 	Keypress: space
16.9007 	EXP 	show_condition_text: autoDraw = False
16.9007 	EXP 	show_condition_text: text = 'protected'
16.9007 	EXP 	show_condition_text: autoDraw = True
16.9012 	EXP 	New trial (rep=0, index=3): OrderedDict([('word', 'look')])
16.9167 	EXP 	show_condition_text: autoDraw = False
16.9167 	EXP 	show_condition_text: text = 'look'
16.9167 	EXP 	show_condition_text: autoDraw = True
16.9173 	EXP 	New trial (rep=0, index=4): OrderedDict([('word', 'representation')])
16.9508 	EXP 	show_condition_text: autoDraw = False
16.9508 	EXP 	show_condition_text: text = 'representation'
16.9508 	EXP 	show_condition_text: autoDraw = True
16.9513 	EXP 	New trial (rep=0, index=5): OrderedDict([('word', 'milfhunter')])
16.9703 	EXP 	show_condition_text: autoDraw = False
16.9703 	EXP 	show_condition_text: text = 'milfhunter'
16.9703 	EXP 	show_condition_text: autoDraw = True
16.9707 	EXP 	New trial (rep=0, index=6): OrderedDict([('word', 'noble')])
16.9870 	EXP 	show_condition_text: autoDraw = False
16.9870 	EXP 	show_condition_text: text = 'noble'
16.9870 	EXP 	show_condition_text: autoDraw = True
16.9876 	EXP 	New trial (rep=0, index=7): OrderedDict([('word', 'guide')])
17.0503 	EXP 	show_condition_text: autoDraw = False
17.0503 	EXP 	show_condition_text: text = 'guide'
17.0503 	EXP 	show_condition_text: autoDraw = True
17.0530 	DATA 	Keypress: space
17.0675 	EXP 	show_condition_text: autoDraw = False
17.0679 	EXP 	New trial (rep=0, index=7): OrderedDict([('wlist_index', 3)])
17.0707 	EXP 	Imported csvs/3.csv as conditions, 9 conditions, 1 params
17.0710 	EXP 	Created sequence: random, trialTypes=9, nReps=1, seed=None
17.0712 	EXP 	New trial (rep=0, index=0): OrderedDict([('word', 'knowledgestorm')])
17.1010 	EXP 	show_condition_text: text = 'knowledgestorm'
17.1010 	EXP 	show_condition_text: autoDraw = True
17.1016 	EXP 	New trial (rep=0, index=1): OrderedDict([('word', 'vat')])
17.1173 	EXP 	show_condition_text: autoDraw = False
17.1173 	EXP 	show_condition_text: text = 'vat'
17.1173 	EXP 	show_condition_text: autoDraw = True
17.1178 	EXP 	New trial (rep=0, index=2): OrderedDict([('word', 'www')])
17.1339 	EXP 	show_condition_text: autoDraw = False
17.1339 	EXP 	show_condition_text: text = 'www'
17.1339 	EXP 	show_condition_text: autoDraw = True
17.1344 	EXP 	New trial (rep=0, index=3): OrderedDict([('word', 'custom')])
17.1509 	EXP 	show_condition_text: autoDraw = False
17.1509 	EXP 	show_condition_text: text = 'custom'
17.1509 	EXP 	show_condition_text: autoDraw = True
17.1514 	EXP 	New trial (rep=0, index=4): OrderedDict([('word', 'wow')])
17.1675 	EXP 	show_condition_text: autoDraw = False
17.1675 	EXP 	show_condition_text: text = 'wow'
17.1675 	EXP 	show_condition_text: autoDraw = True
17.1679 	EXP 	New trial (rep=0, index=5): OrderedDict([('word', 'silent')])
17.1859 	EXP 	show_condition_text: autoDraw = False
17.1859 	EXP 	show_condition_text: text = 'silent'
17.1859 	EXP 	show_condition_text: autoDraw = True
17.1863 	EXP 	New trial (rep=0, index=6): OrderedDict([('word', 'smaller')])
17.2027 	EXP 	show_condition_text: autoDraw = False
17.2027 	EXP 	show_condition_text: text = 'smaller'
17.2027 	EXP 	show_condition_text: autoDraw = True
17.2033 	EXP 	New trial (rep=0, index=7): OrderedDict([('word', 'intervention')])
17.2139 	DATA 	Keypress: space
17.2338 	EXP 	show_condition_text: autoDraw = False
17.2338 	EXP 	show_condition_text: text = 'intervention'
17.2338 	EXP 	show_condition_text: autoDraw = True
17.2342 	EXP 	New trial (rep=0, index=8): OrderedDict([('word', 'considers')])
17.2522 	EXP 	show_condition_text: autoDraw = False
17.2522 	EXP 	show_condition_text: text = 'considers'
17.2522 	EXP 	show_condition_text: autoDraw = True
17.2670 	EXP 	show_condition_text: autoDraw = False
17.2674 	EXP 	New trial (rep=0, index=3): OrderedDict([('condition', 2)])
17.2704 	EXP 	Imported csvs/condition_2_wlists_indices.csv as conditions, 8 conditions, 1 params
17.2707 	EXP 	Created sequence: random, trialTypes=8, nReps=1, seed=None
17.2709 	EXP 	New trial (rep=0, index=0): OrderedDict([('wlist_index', 20)])
17.2735 	EXP 	Imported csvs/20.csv as conditions, 8 conditions, 1 params
17.2739 	EXP 	Created sequence: random, trialTypes=8, nReps=1, seed=None
17.2741 	EXP 	New trial (rep=0, index=0): OrderedDict([('word', 'cumshots')])
17.3006 	EXP 	show_condition_text: text = 'cumshots'
17.3006 	EXP 	show_condition_text: autoDraw = True
17.3011 	EXP 	New trial (rep=0, index=1): OrderedDict([('word', 'territories')])
17.3206 	EXP 	show_condition_text: autoDraw = False
17.3206 	EXP 	show_condition_text: text = 'territories'
17.3206 	EXP 	show_condition_text: autoDraw = True
17.3212 	EXP 	New trial (rep=0, index=2): OrderedDict([('word', 'services')])
17.3509 	EXP 	show_condition_text: autoDraw = False
17.3509 	EXP 	show_condition_text: text = 'services'
17.3509 	EXP 	show_condition_text: autoDraw = True
17.3514 	EXP 	New trial (rep=0, index=3): OrderedDict([('word', 'cooking')])
17.3680 	EXP 	show_condition_text: autoDraw = False
17.3680 	EXP 	show_condition_text: text = 'cooking'
17.3680 	EXP 	show_condition_text: autoDraw = True
17.3686 	EXP 	New trial (rep=0, index=4): OrderedDict([('word', 'requests')])
17.3871 	EXP 	show_condition_text: autoDraw = False
17.3871 	EXP 	show_condition_text: text = 'requests'
17.3871 	EXP 	show_condition_text: autoDraw = True
17.3875 	EXP 	New trial (rep=0, index=5): OrderedDict([('word', 'acts')])
17.3931 	DATA 	Keypress: space
17.4047 	EXP 	show_condition_text: autoDraw = False
17.4047 	EXP 	show_condition_text: text = 'acts'
17.4047 	EXP 	show_condition_text: autoDraw = True
17.4053 	EXP 	New trial (rep=0, index=6): OrderedDict([('word', 'waiver')])
17.4342 	EXP 	show_condition_text: autoDraw = False
17.4342 	EXP 	show_condition_text: text = 'waiver'
17.4342 	EXP 	show_condition_text: autoDraw = True
17.4347 	EXP 	New trial (rep=0, index=7): OrderedDict([('word', 'bacterial')])
17.4539 	EXP 	show_condition_text: autoDraw = False
17.4539 	EXP 	show_condition_text: text = 'bacterial'
17.4539 	EXP 	show_condition_text: autoDraw = True
17.4674 	EXP 	show_condition_text: autoDraw = False
17.4679 	EXP 	New trial (rep=0, index=1): OrderedDict([('wlist_index', 19)])
17.4712 	EXP 	Imported csvs/19.csv as conditions, 6 conditions, 1 params
17.4715 	EXP 	Created sequence: random, trialTypes=6, nReps=1, seed=None
17.4717 	EXP 	New trial (rep=0, index=0): OrderedDict([('word', 'lowest')])
17.5010 	EXP 	show_condition_text: text = 'lowest'
17.5010 	EXP 	show_condition_text: autoDraw = True
17.5017 	EXP 	New trial (rep=0, index=1): OrderedDict([('word', 'il')])
17.5176 	EXP 	show_condition_text: autoDraw = False
17.5176 	EXP 	show_condition_text: text = 'il'
17.5176 	EXP 	show_condition_text: autoDraw = True
17.5180 	EXP 	New trial (rep=0, index=2): OrderedDict([('word', 'miniature')])
17.5367 	EXP 	show_condition_text: autoDraw = False
17.5367 	EXP 	show_condition_text: text = 'miniature'
17.5367 	EXP 	show_condition_text: autoDraw = True
17.5371 	EXP 	New trial (rep=0, index=3): OrderedDict([('word', 'acc')])
17.5511 	EXP 	show_condition_text: autoDraw = False
17.5511 	EXP 	show_condition_text: text = 'acc'
17.5511 	EXP 	show_condition_text: autoDraw = True
17.5517 	EXP 	New trial (rep=0, index=4): OrderedDict([('word', 'academics')])
17.5596 	DATA 	Keypress: space
17.5710 	EXP 	show_condition_text: autoDraw = False
17.5710 	EXP 	show_condition_text: text = 'academics'
17.5710 	EXP 	show_condition_text: autoDraw = True
17.5715 	EXP 	New trial (rep=0, index=5): OrderedDict([('word', 'hiring')])
17.5884 	EXP 	show_condition_text: autoDraw = False
17.5884 	EXP 	show_condition_text: text = 'hiring'
17.5884 	EXP 	show_condition_text: autoDraw = True
17.6042 	EXP 	show_condition_text: autoDraw = False
17.6042 	EXP 	show_condition_text: text = '****'
17.6042 	EXP 	show_condition_text: autoDraw = True
17.6169 	EXP 	show_condition_text: text = '****'
17.6169 	EXP 	show_condition_text: autoDraw = True
17.6342 	EXP 	New trial (rep=0, index=2): OrderedDict([('wlist_index', 10)])
17.6369 	EXP 	Imported csvs/10.csv as conditions, 7 conditions, 1 params
17.6372 	EXP 	Created sequence: random, trialTypes=7, nReps=1, seed=None
17.6374 	EXP 	New trial (rep=0, index=0): OrderedDict([('word', 'glasses')])
17.6534 	EXP 	show_condition_text: text = 'glasses'
17.6534 	EXP 	show_condition_text: autoDraw = True
17.6538 	EXP 	New trial (rep=0, index=1): OrderedDict([('word', 'facial')])
17.6702 	EXP 	show_condition_text: autoDraw = False
17.6702 	EXP 	show_condition_text: text = 'facial'
17.6702 	EXP 	show_condition_text: autoDraw = True
17.6706 	EXP 	New trial (rep=0, index=2): OrderedDict([('word', 'endless')])
17.6996 	EXP 	show_condition_text: autoDraw = False
17.6996 	EXP 	show_condition_text: text = 'endless'
17.6996 	EXP 	show_condition_text: autoDraw = True
17.7000 	EXP 	New trial (rep=0, index=3): OrderedDict([('word', 'magnificent')])
17.7099 	DATA 	Keypress: space
17.7210 	EXP 	show_condition_text: autoDraw = False
17.7210 	EXP 	show_condition_text: text = 'magnificent'
17.7210 	EXP 	show_condition_text: autoDraw = True
17.7215 	EXP 	New trial (rep=0, index=4): OrderedDict([('word', 'evaluating')])
17.7510 	EXP 	show_condition_text: autoDraw = False
17.7510 	EXP 	show_condition_text: text = 'evaluating'
17.7510 	EXP 	show_condition_text: autoDraw = True
17.7514 	EXP 	New trial (rep=0, index=5): OrderedDict([('word', 'muscle')])
17.7674 	EXP 	show_condition_text: autoDraw = False
17.7674 	EXP 	show_condition_text: text = 'muscle'
17.7674 	EXP 	show_condition_text: autoDraw = True
17.7680 	EXP 	New trial (rep=0, index=6): OrderedDict([('word', 'bind')])
17.7841 	EXP 	show_condition_text: autoDraw = False
17.7841 	EXP 	show_condition_text: text = 'bind'
17.7841 	EXP 	show_condition_text: autoDraw = True
17.8010 	EXP 	show_condition_text: autoDraw = False
17.8013 	EXP 	New trial (rep=0, index=3): OrderedDict([('wlist_index', 26)])
17.8038 	EXP 	Imported csvs/26.csv as conditions, 5 conditions, 1 params
17.8041 	EXP 	Created sequence: random, trialTypes=5, nReps=1, seed=None
17.8043 	EXP 	New trial (rep=0, index=0): OrderedDict([('word', 'lingerie')])
17.8343 	EXP 	show_condition_text: text = 'lingerie'
17.8343 	EXP 	show_condition_text: autoDraw = True
17.8348 	EXP 	New trial (rep=0, index=1): OrderedDict([('word', 'sheer')])
17.8516 	EXP 	show_condition_text: autoDraw = False
17.8516 	EXP 	show_condition_text: text = 'sheer'
17.8516 	EXP 	show_condition_text: autoDraw = True
17.8521 	EXP 	New trial (rep=0, index=2): OrderedDict([('word', 'portable')])
17.8697 	EXP 	show_condition_text: autoDraw = False
17.8697 	EXP 	show_condition_text: text = 'portable'
17.8697 	EXP 	show_condition_text: autoDraw = True
17.8702 	EXP 	New trial (rep=0, index=3): OrderedDict([('word', 'wholesale')])
17.8775 	DATA 	Keypress: space
17.9008 	EXP 	show_condition_text: autoDraw = False
17.9008 	EXP 	show_condition_text: text = 'wholesale'
17.9008 	EXP 	show_condition_text: autoDraw = True
17.9013 	EXP 	New trial (rep=0, index=4): OrderedDict([('word', 'peace')])
17.9170 	EXP 	show_condition_text: autoDraw = False
17.9170 	EXP 	show_condition_text: text = 'peace'
17.9170 	EXP 	show_condition_text: autoDraw = True
17.9342 	EXP 	show_condition_text: autoDraw = False
17.9342 	EXP 	show_condition_text: text = '****'
17.9342 	EXP 	show_condition_text: autoDraw = True
17.9498 	EXP 	show_condition_text: text = '****'
17.9498 	EXP 	show_condition_text: autoDraw = True
17.9679 	EXP 	New trial (rep=0, index=4): OrderedDict([('wlist_index', 21)])
17.9717 	EXP 	Imported csvs/21.csv as conditions, 10 conditions, 1 params
17.9720 	EXP 	Created sequence: random, trialTypes=10, nReps=1, seed=None
17.9722 	EXP 	New trial (rep=0, index=0): OrderedDict([('word', 'blend')])
18.0007 	EXP 	show_condition_text: text = 'blend'
18.0007 	EXP 	show_condition_text: autoDraw = True
18.0011 	EXP 	New trial (rep=0, index=1): OrderedDict([('word', 'think')])
18.0176 	EXP 	show_condition_text: autoDraw = False
18.0176 	EXP 	show_condition_text: text = 'think'
18.0176 	EXP 	show_condition_text: autoDraw = True
18.0181 	EXP 	New trial (rep=0, index=2): OrderedDict([('word', 'port')])
18.0341 	EXP 	show_condition_text: autoDraw = False
18.0341 	EXP 	show_condition_text: text = 'port'
18.0341 	EXP 	show_condition_text: autoDraw = True
18.0346 	EXP 	New trial (rep=0, index=3): OrderedDict([('word', 'nasty')])
18.0511 	EXP 	show_condition_text: autoDraw = False
18.0511 	EXP 	show_condition_text: text = 'nasty'
18.0511 	EXP 	show_condition_text: autoDraw = True
18.0516 	EXP 	New trial (rep=0, index=4): OrderedDict([('word', 'influence')])
18.0600 	DATA 	Keypress: space
18.0718 	EXP 	show_condition_text: autoDraw = False
18.0718 	EXP 	show_condition_text: text = 'influence'
18.0718 	EXP 	show_condition_text: autoDraw = True
18.0722 	EXP 	New trial (rep=0, index=5): OrderedDict([('word', 'discussing')])
18.1002 	EXP 	show_condition_text: autoDraw = False
18.1002 	EXP 	show_condition_text: text = 'discussing'
18.1002 	EXP 	show_condition_text: autoDraw = True
18.1007 	EXP 	New trial (rep=0, index=6): OrderedDict([('word', 'protocol')])
18.1179 	EXP 	show_condition_text: autoDraw = False
18.1179 	EXP 	show_condition_text: text = 'protocol'
18.1179 	EXP 	show_condition_text: autoDraw = True
18.1184 	EXP 	New trial (rep=0, index=7): OrderedDict([('word', 'urls')])
18.1344 	EXP 	show_condition_text: autoDraw = False
18.1344 	EXP 	show_condition_text: text = 'urls'
18.1344 	EXP 	show_condition_text: autoDraw = True
18.1348 	EXP 	New trial (rep=0, index=8): OrderedDict([('word', 'analyst')])
18.1533 	EXP 	show_condition_text: autoDraw = False
18.1533 	EXP 	show_condition_text: text = 'analyst'
18.1533 	EXP 	show_condition_text: autoDraw = True
18.1537 	EXP 	New trial (rep=0, index=9): OrderedDict([('word', 'alpha')])
18.1691 	EXP 	show_condition_text: autoDraw = False
18.1691 	EXP 	show_condition_text: text = 'alpha'
18.1691 	EXP 	show_condition_text: autoDraw = True
18.1843 	EXP 	show_condition_text: autoDraw = False
18.1848 	EXP 	New trial (rep=0, index=5): OrderedDict([('wlist_index', 25)])
18.1878 	EXP 	Imported csvs/25.csv as conditions, 9 conditions, 1 params
18.1881 	EXP 	Created sequence: random, trialTypes=9, nReps=1, seed=None
18.1883 	EXP 	New trial (rep=0, index=0): OrderedDict([('word', 'argument')])
18.2167 	EXP 	show_condition_text: text = 'argument'
18.2167 	EXP 	show_condition_text: autoDraw = True
18.2173 	EXP 	New trial (rep=0, index=1): OrderedDict([('word', 'se')])
18.2234 	DATA 	Keypress: space
18.2341 	EXP 	show_condition_text: autoDraw = False
18.2341 	EXP 	show_condition_text: text = 'se'
18.2341 	EXP 	show_condition_text: autoDraw = True
18.2345 	EXP 	New trial (rep=0, index=2): OrderedDict([('word', 'apr')])
18.2498 	EXP 	show_condition_text: autoDraw = False
18.2498 	EXP 	show_condition_text: text = 'apr'
18.2498 	EXP 	show_condition_text: autoDraw = True
18.2503 	EXP 	New trial (rep=0, index=3): OrderedDict([('word', 'expect')])
18.2675 	EXP 	show_condition_text: autoDraw = False
18.2675 	EXP 	show_condition_text: text = 'expect'
18.2675 	EXP 	show_condition_text: autoDraw = True
18.2681 	EXP 	New trial (rep=0, index=4): OrderedDict([('word', 'altered')])
18.2859 	EXP 	show_condition_text: autoDraw = False
18.2859 	EXP 	show_condition_text: text = 'altered'
18.2859 	EXP 	show_condition_text: autoDraw = True
18.2863 	EXP 	New trial (rep=0, index=5): OrderedDict([('word', 'travels')])
18.3041 	EXP 	show_condition_text: autoDraw = False
18.3041 	EXP 	show_condition_text: text = 'travels'
18.3041 	EXP 	show_condition_text: autoDraw = True
18.3049 	EXP 	New trial (rep=0, index=6): OrderedDict([('word', 'spank')])
18.3336 	EXP 	show_condition_text: autoDraw = False
18.3336 	EXP 	show_condition_text: text = 'spank'
18.3336 	EXP 	show_condition_text: autoDraw = True
18.3340 	EXP 	New trial (rep=0, index=7): OrderedDict([('word', 'secretary')])
18.3527 	EXP 	show_condition_text: autoDraw = False
18.3527 	EXP 	show_condition_text: text = 'secretary'
18.3527 	EXP 	show_condition_text: autoDraw = True
18.3531 	EXP 	New trial (rep=0, index=8): OrderedDict([('word', 'renew')])
18.3705 	EXP 	show_condition_text: autoDraw = False
18.3705 	EXP 	show_condition_text: text = 'renew'
18.3705 	EXP 	show_condition_text: autoDraw = True
18.3728 	DATA 	Keypress: space
18.3835 	EXP 	show_condition_text: autoDraw = False
18.3840 	EXP 	New trial (rep=0, index=6): OrderedDict([('wlist_index', 23)])
18.3867 	EXP 	Imported csvs/23.csv as conditions, 6 conditions, 1 params
18.3871 	EXP 	Created sequence: random, trialTypes=6, nReps=1, seed=None
18.3873 	EXP 	New trial (rep=0, index=0): OrderedDict([('word', 'sponsors')])
18.4174 	EXP 	show_condition_text: text = 'sponsors'
18.4174 	EXP 	show_condition_text: autoDraw = True
18.4179 	EXP 	New trial (rep=0, index=1): OrderedDict([('word', 'efficient')])
18.4363 	EXP 	show_condition_text: autoDraw = False
18.4363 	EXP 	show_condition_text: text = 'efficient'
18.4363 	EXP 	show_condition_text: autoDraw = True
18.4367 	EXP 	New trial (rep=0, index=2): OrderedDict([('word', 'horror')])
18.4534 	EXP 	show_condition_text: autoDraw = False
18.4534 	EXP 	show_condition_text: text = 'horror'
18.4534 	EXP 	show_condition_text: autoDraw = True
18.4541 	EXP 	New trial (rep=0, index=3): OrderedDict([('word', 'easy')])
18.4697 	EXP 	show_condition_text: autoDraw = False
18.4697 	EXP 	show_condition_text: text = 'easy'
18.4697 	EXP 	show_condition_text: autoDraw = True
18.4704 	EXP 	New trial (rep=0, index=4): OrderedDict([('word', 'shelf')])
18.4865 	EXP 	show_condition_text: autoDraw = False
18.4865 	EXP 	show_condition_text: text = 'shelf'
18.4865 	EXP 	show_condition_text: autoDraw = True
18.4869 	EXP 	New trial (rep=0, index=5): OrderedDict([('word', 'info')])
18.5031 	EXP 	show_condition_text: autoDraw = False
18.5031 	EXP 	show_condition_text: text = 'info'
18.5031 	EXP 	show_condition_text: autoDraw = True
18.5168 	EXP 	show_condition_text: autoDraw = False
18.5173 	EXP 	New trial (rep=0, index=7): OrderedDict([('wlist_index', 8)])
18.5210 	EXP 	Imported csvs/8.csv as conditions, 11 conditions, 1 params
18.5214 	EXP 	Created sequence: random, trialTypes=11, nReps=1, seed=None
18.5217 	EXP 	New trial (rep=0, index=0): OrderedDict([('word', 'basics')])
18.5508 	EXP 	show_condition_text: text = 'basics'
18.5508 	EXP 	show_condition_text: autoDraw = True
18.5513 	EXP 	New trial (rep=0, index=1): OrderedDict([('word', 'draft')])
18.5589 	DATA 	Keypress: space
18.5706 	EXP 	show_condition_text: autoDraw = False
18.5706 	EXP 	show_condition_text: text = 'draft'
18.5706 	EXP 	show_condition_text: autoDraw = True
18.5712 	EXP 	New trial (rep=0, index=2): OrderedDict([('word', 'eddie')])
18.5881 	EXP 	show_condition_text: autoDraw = False
18.5881 	EXP 	show_condition_text: text = 'eddie'
18.5881 	EXP 	show_condition_text: autoDraw = True
18.5886 	EXP 	New trial (rep=0, index=3): OrderedDict([('word', 'canberra')])
18.6176 	EXP 	show_condition_text: autoDraw = False
18.6176 	EXP 	show_condition_text: text = 'canberra'
18.6176 	EXP 	show_condition_text: autoDraw = True
18.6181 	EXP 	New trial (rep=0, index=4): OrderedDict([('word', 'follows')])
18.6346 	EXP 	show_condition_text: autoDraw = False
18.6346 	EXP 	show_condition_text: text = 'follows'
18.6346 	EXP 	show_condition_text: autoDraw = True
18.6351 	EXP 	New trial (rep=0, index=5): OrderedDict([('word', 'wellness')])
18.6528 	EXP 	show_condition_text: autoDraw = False
18.6528 	EXP 	show_condition_text: text = 'wellness'
18.6528 	EXP 	show_condition_text: autoDraw = True
18.6532 	EXP 	New trial (rep=0, index=6): OrderedDict([('word', 'elections')])
18.6709 	EXP 	show_condition_text: autoDraw = False
18.6709 	EXP 	show_condition_text: text = 'elections'
18.6709 	EXP 	show_condition_text: autoDraw = True
18.6713 	EXP 	New trial (rep=0, index=7): OrderedDict([('word', 'luke')])
18.6872 	EXP 	show_condition_text: autoDraw = False
18.6872 	EXP 	show_condition_text: text = 'luke'
18.6872 	EXP 	show_condition_text: autoDraw = True
18.6878 	EXP 	New trial (rep=0, index=8): OrderedDict([('word', 'educated')])
18.7038 	EXP 	show_condition_text: autoDraw = False
18.7038 	EXP 	show_condition_text: text = 'educated'
18.7038 	EXP 	show_condition_text: autoDraw = True
18.7044 	EXP 	New trial (rep=0, index=9): OrderedDict([('word', 'operate')])
18.7112 	DATA 	Keypress: space
18.7331 	EXP 	show_condition_text: autoDraw = False
18.7331 	EXP 	show_condition_text: text = 'operate'
18.7331 	EXP 	show_condition_text: autoDraw = True
18.7338 	EXP 	New trial (rep=0, index=10): OrderedDict([('word', 'sir')])
18.7507 	EXP 	show_condition_text: autoDraw = False
18.7507 	EXP 	show_condition_text: text = 'sir'
18.7507 	EXP 	show_condition_text: autoDraw = True
18.7675 	EXP 	show_condition_text: autoDraw = False
19.0748 	EXP 	window1: mouseVisible = True
