5.9482 	WARNING 	User requested fullscreen with size [1024  768], but screen is actually [1440, 900]. Using actual size
6.6386 	EXP 	Created window1 = Window(allowGUI=False, allowStencil=False, args=UNKNOWN, autoLog=True, bitsMode=UNKNOWN, blendMode='avg', color=array([0., 0., 0.]), colorSpace='rgb', fullscr=<method-wrapper '__getattribute__' of attributeSetter object at 0x131ce7908>, gamma=None, gammaErrorPolicy='raise', kwargs=UNKNOWN, lms=UNKNOWN, monitor=<psychopy.monitors.calibTools.Monitor object at 0x132dfc4a8>, multiSample=False, name='window1', numSamples=2, pos=[360.0, 225.0], screen=0, size=array([2880, 1800]), stereo=False, units='height', useFBO=True, useRetina=True, viewOri=0.0, viewPos=None, viewScale=None, waitBlanking=True, winType='pyglet')
6.6386 	EXP 	window1: recordFrameIntervals = False
6.8052 	EXP 	window1: recordFrameIntervals = True
6.9882 	EXP 	window1: recordFrameIntervals = False
7.4575 	EXP 	Created instructions_text = TextStim(__class__=<class 'psychopy.visual.text.TextStim'>, alignHoriz='center', alignVert='center', antialias=True, autoLog=True, bold=False, color='white', colorSpace='named', contrast=1.0, depth=0.0, flipHoriz=False, flipVert=False, font='Arial', fontFiles=[], height=0.1, italic=False, languageStyle='LTR', name='instructions_text', opacity=1.0, ori=0, pos=array([0., 0.]), rgb=array([255., 255., 255.]), text='Welcome!', units='height', win=Window(...), wrapWidth=1)
7.5160 	EXP 	Created show_condition_text = TextStim(__class__=<class 'psychopy.visual.text.TextStim'>, alignHoriz='center', alignVert='center', antialias=True, autoLog=True, bold=False, color='white', colorSpace='named', contrast=1.0, depth=0.0, flipHoriz=False, flipVert=False, font='Arial', fontFiles=[], height=0.1, italic=False, languageStyle='LTR', name='show_condition_text', opacity=1.0, ori=0, pos=array([0., 0.]), rgb=array([255., 255., 255.]), text='default text', units='height', win=Window(...), wrapWidth=1)
7.5442 	EXP 	instructions_text: autoDraw = True
7.6820 	EXP 	Imported csvs/noise_conditions.csv as conditions, 4 conditions, 1 params
7.6824 	EXP 	Created sequence: random, trialTypes=4, nReps=1, seed=None
7.6826 	EXP 	New trial (rep=0, index=0): OrderedDict([('condition', 2)])
7.6853 	EXP 	Imported csvs/condition_2_wlists_indices.csv as conditions, 8 conditions, 1 params
7.6855 	EXP 	Created sequence: random, trialTypes=8, nReps=1, seed=None
7.6857 	EXP 	New trial (rep=0, index=0): OrderedDict([('wlist_index', 25)])
7.6884 	EXP 	Imported csvs/25.csv as conditions, 9 conditions, 1 params
7.6887 	EXP 	Created sequence: random, trialTypes=9, nReps=1, seed=None
7.6889 	EXP 	New trial (rep=0, index=0): OrderedDict([('word', 'se')])
7.7036 	DATA 	Keypress: space
7.7258 	EXP 	instructions_text: autoDraw = False
7.7258 	EXP 	show_condition_text: text = 'se'
7.7258 	EXP 	show_condition_text: autoDraw = True
7.7262 	EXP 	New trial (rep=0, index=1): OrderedDict([('word', 'spank')])
7.7435 	EXP 	show_condition_text: autoDraw = False
7.7435 	EXP 	show_condition_text: text = 'spank'
7.7435 	EXP 	show_condition_text: autoDraw = True
7.7440 	EXP 	New trial (rep=0, index=2): OrderedDict([('word', 'renew')])
7.7603 	EXP 	show_condition_text: autoDraw = False
7.7603 	EXP 	show_condition_text: text = 'renew'
7.7603 	EXP 	show_condition_text: autoDraw = True
7.7608 	EXP 	New trial (rep=0, index=3): OrderedDict([('word', 'secretary')])
7.7933 	EXP 	show_condition_text: autoDraw = False
7.7933 	EXP 	show_condition_text: text = 'secretary'
7.7933 	EXP 	show_condition_text: autoDraw = True
7.7939 	EXP 	New trial (rep=0, index=4): OrderedDict([('word', 'apr')])
7.8099 	EXP 	show_condition_text: autoDraw = False
7.8099 	EXP 	show_condition_text: text = 'apr'
7.8099 	EXP 	show_condition_text: autoDraw = True
7.8106 	EXP 	New trial (rep=0, index=5): OrderedDict([('word', 'argument')])
7.8287 	EXP 	show_condition_text: autoDraw = False
7.8287 	EXP 	show_condition_text: text = 'argument'
7.8287 	EXP 	show_condition_text: autoDraw = True
7.8294 	EXP 	New trial (rep=0, index=6): OrderedDict([('word', 'altered')])
7.8461 	EXP 	show_condition_text: autoDraw = False
7.8461 	EXP 	show_condition_text: text = 'altered'
7.8461 	EXP 	show_condition_text: autoDraw = True
7.8466 	EXP 	New trial (rep=0, index=7): OrderedDict([('word', 'travels')])
7.8760 	EXP 	show_condition_text: autoDraw = False
7.8760 	EXP 	show_condition_text: text = 'travels'
7.8760 	EXP 	show_condition_text: autoDraw = True
7.8764 	EXP 	New trial (rep=0, index=8): OrderedDict([('word', 'expect')])
7.8930 	EXP 	show_condition_text: autoDraw = False
7.8930 	EXP 	show_condition_text: text = 'expect'
7.8930 	EXP 	show_condition_text: autoDraw = True
7.9097 	EXP 	show_condition_text: autoDraw = False
7.9097 	EXP 	show_condition_text: text = '****'
7.9097 	EXP 	show_condition_text: autoDraw = True
9.4731 	DATA 	Keypress: space
9.7695 	EXP 	window1: mouseVisible = True
