14.1139 	WARNING 	User requested fullscreen with size [1024  768], but screen is actually [1440, 900]. Using actual size
15.3755 	EXP 	Created window1 = Window(allowGUI=False, allowStencil=False, args=UNKNOWN, autoLog=True, bitsMode=UNKNOWN, blendMode='avg', color=array([0., 0., 0.]), colorSpace='rgb', fullscr=<method-wrapper '__getattribute__' of attributeSetter object at 0x131fc37f0>, gamma=None, gammaErrorPolicy='raise', kwargs=UNKNOWN, lms=UNKNOWN, monitor=<psychopy.monitors.calibTools.Monitor object at 0x132f2eb70>, multiSample=False, name='window1', numSamples=2, pos=[360.0, 225.0], screen=0, size=array([2880, 1800]), stereo=False, units='height', useFBO=True, useRetina=True, viewOri=0.0, viewPos=None, viewScale=None, waitBlanking=True, winType='pyglet')
15.3755 	EXP 	window1: recordFrameIntervals = False
15.5350 	EXP 	window1: recordFrameIntervals = True
15.7180 	EXP 	window1: recordFrameIntervals = False
16.7253 	EXP 	Created instructions_text = TextStim(__class__=<class 'psychopy.visual.text.TextStim'>, alignHoriz='center', alignVert='center', antialias=True, autoLog=True, bold=False, color='white', colorSpace='named', contrast=1.0, depth=0.0, flipHoriz=False, flipVert=False, font='Arial', fontFiles=[], height=0.1, italic=False, languageStyle='LTR', name='instructions_text', opacity=1.0, ori=0, pos=array([0., 0.]), rgb=array([255., 255., 255.]), text='Welcome!', units='height', win=Window(...), wrapWidth=1)
16.7868 	EXP 	Created show_condition_text = TextStim(__class__=<class 'psychopy.visual.text.TextStim'>, alignHoriz='center', alignVert='center', antialias=True, autoLog=True, bold=False, color='white', colorSpace='named', contrast=1.0, depth=0.0, flipHoriz=False, flipVert=False, font='Arial', fontFiles=[], height=0.1, italic=False, languageStyle='LTR', name='show_condition_text', opacity=1.0, ori=0, pos=array([0., 0.]), rgb=array([255., 255., 255.]), text='default text', units='height', win=Window(...), wrapWidth=1)
16.8196 	EXP 	instructions_text: autoDraw = True
17.4055 	EXP 	Imported csvs/noise_conditions.csv as conditions, 4 conditions, 1 params
17.4068 	EXP 	Created sequence: random, trialTypes=4, nReps=1, seed=None
17.4073 	EXP 	New trial (rep=0, index=0): OrderedDict([('condition', 2)])
17.4112 	EXP 	Imported csvs/condition_2_wlists_indices.csv as conditions, 8 conditions, 1 params
17.4116 	EXP 	Created sequence: random, trialTypes=8, nReps=1, seed=None
17.4119 	EXP 	New trial (rep=0, index=0): OrderedDict([('wlist_index', 19)])
17.4165 	EXP 	Imported csvs/19.csv as conditions, 6 conditions, 1 params
17.4169 	EXP 	Created sequence: random, trialTypes=6, nReps=1, seed=None
17.4172 	EXP 	New trial (rep=0, index=0): OrderedDict([('word', 'miniature')])
17.5415 	DATA 	Keypress: space
17.5547 	EXP 	instructions_text: autoDraw = False
17.5547 	EXP 	show_condition_text: text = 'miniature'
17.5547 	EXP 	show_condition_text: autoDraw = True
18.1381 	DATA 	Keypress: space
18.1858 	EXP 	New trial (rep=0, index=1): OrderedDict([('word', 'il')])
18.2014 	EXP 	show_condition_text: autoDraw = False
18.2014 	EXP 	show_condition_text: text = 'il'
18.2014 	EXP 	show_condition_text: autoDraw = True
18.5041 	DATA 	Keypress: space
18.7218 	DATA 	Keypress: space
19.1858 	EXP 	New trial (rep=0, index=2): OrderedDict([('word', 'lowest')])
19.2052 	EXP 	show_condition_text: autoDraw = False
19.2052 	EXP 	show_condition_text: autoDraw = False
19.2052 	EXP 	show_condition_text: text = 'lowest'
19.2052 	EXP 	show_condition_text: autoDraw = True
20.2015 	EXP 	New trial (rep=0, index=3): OrderedDict([('word', 'academics')])
20.2169 	EXP 	show_condition_text: autoDraw = False
20.2169 	EXP 	show_condition_text: text = 'academics'
20.2169 	EXP 	show_condition_text: autoDraw = True
21.2013 	EXP 	New trial (rep=0, index=4): OrderedDict([('word', 'acc')])
21.2170 	EXP 	show_condition_text: autoDraw = False
21.2170 	EXP 	show_condition_text: text = 'acc'
21.2170 	EXP 	show_condition_text: autoDraw = True
22.2013 	EXP 	New trial (rep=0, index=5): OrderedDict([('word', 'hiring')])
22.2189 	EXP 	show_condition_text: autoDraw = False
22.2189 	EXP 	show_condition_text: text = 'hiring'
22.2189 	EXP 	show_condition_text: autoDraw = True
22.6321 	DATA 	Keypress: escape
23.0750 	EXP 	window1: mouseVisible = True
