8.5465 	WARNING 	User requested fullscreen with size [1024  768], but screen is actually [1440, 900]. Using actual size
9.3246 	EXP 	Created window1 = Window(allowGUI=False, allowStencil=False, args=UNKNOWN, autoLog=True, bitsMode=UNKNOWN, blendMode='avg', color=array([0., 0., 0.]), colorSpace='rgb', fullscr=<method-wrapper '__getattribute__' of attributeSetter object at 0x1327adf98>, gamma=None, gammaErrorPolicy='raise', kwargs=UNKNOWN, lms=UNKNOWN, monitor=<psychopy.monitors.calibTools.Monitor object at 0x132647ef0>, multiSample=False, name='window1', numSamples=2, pos=[360.0, 225.0], screen=0, size=array([2880, 1800]), stereo=False, units='height', useFBO=True, useRetina=True, viewOri=0.0, viewPos=None, viewScale=None, waitBlanking=True, winType='pyglet')
9.3247 	EXP 	window1: recordFrameIntervals = False
9.4911 	EXP 	window1: recordFrameIntervals = True
9.6743 	EXP 	window1: recordFrameIntervals = False
10.1358 	EXP 	Created instructions_text = TextStim(__class__=<class 'psychopy.visual.text.TextStim'>, alignHoriz='center', alignVert='center', antialias=True, autoLog=True, bold=False, color='white', colorSpace='named', contrast=1.0, depth=0.0, flipHoriz=False, flipVert=False, font='Arial', fontFiles=[], height=0.1, italic=False, languageStyle='LTR', name='instructions_text', opacity=1.0, ori=0, pos=array([0., 0.]), rgb=array([255., 255., 255.]), text='Welcome!', units='height', win=Window(...), wrapWidth=1)
10.1888 	EXP 	Created show_condition_text = TextStim(__class__=<class 'psychopy.visual.text.TextStim'>, alignHoriz='center', alignVert='center', antialias=True, autoLog=True, bold=False, color='white', colorSpace='named', contrast=1.0, depth=0.0, flipHoriz=False, flipVert=False, font='Arial', fontFiles=[], height=0.1, italic=False, languageStyle='LTR', name='show_condition_text', opacity=1.0, ori=0, pos=array([0., 0.]), rgb=array([255., 255., 255.]), text='default text', units='height', win=Window(...), wrapWidth=1)
10.2070 	EXP 	instructions_text: autoDraw = True
11.4463 	EXP 	Imported csvs/noise_conditions.csv as conditions, 4 conditions, 1 params
11.4467 	EXP 	Created sequence: random, trialTypes=4, nReps=1, seed=None
11.4469 	EXP 	New trial (rep=0, index=0): OrderedDict([('condition', 4)])
11.4492 	EXP 	Imported csvs/condition_4_wlists_indices.csv as conditions, 8 conditions, 1 params
11.4495 	EXP 	Created sequence: random, trialTypes=8, nReps=1, seed=None
11.4497 	EXP 	New trial (rep=0, index=0): OrderedDict([('wlist_index', 4)])
11.4521 	EXP 	Imported csvs/4.csv as conditions, 11 conditions, 1 params
11.4524 	EXP 	Created sequence: random, trialTypes=11, nReps=1, seed=None
11.4526 	EXP 	New trial (rep=0, index=0): OrderedDict([('word', 'interim')])
11.4625 	DATA 	Keypress: space
11.4740 	EXP 	instructions_text: autoDraw = False
11.4740 	EXP 	show_condition_text: text = 'interim'
11.4740 	EXP 	show_condition_text: autoDraw = True
12.4414 	EXP 	New trial (rep=0, index=1): OrderedDict([('word', 'diy')])
12.4596 	EXP 	show_condition_text: autoDraw = False
12.4596 	EXP 	show_condition_text: text = 'diy'
12.4596 	EXP 	show_condition_text: autoDraw = True
13.4471 	EXP 	New trial (rep=0, index=2): OrderedDict([('word', 'merit')])
13.4627 	EXP 	show_condition_text: autoDraw = False
13.4627 	EXP 	show_condition_text: text = 'merit'
13.4627 	EXP 	show_condition_text: autoDraw = True
14.4467 	EXP 	New trial (rep=0, index=3): OrderedDict([('word', 'famous')])
14.4628 	EXP 	show_condition_text: autoDraw = False
14.4628 	EXP 	show_condition_text: text = 'famous'
14.4628 	EXP 	show_condition_text: autoDraw = True
15.4468 	EXP 	New trial (rep=0, index=4): OrderedDict([('word', 'technology')])
15.4675 	EXP 	show_condition_text: autoDraw = False
15.4675 	EXP 	show_condition_text: text = 'technology'
15.4675 	EXP 	show_condition_text: autoDraw = True
16.4457 	EXP 	New trial (rep=0, index=5): OrderedDict([('word', 'aka')])
16.4623 	EXP 	show_condition_text: autoDraw = False
16.4623 	EXP 	show_condition_text: text = 'aka'
16.4623 	EXP 	show_condition_text: autoDraw = True
17.4465 	EXP 	New trial (rep=0, index=6): OrderedDict([('word', 'phantom')])
17.4640 	EXP 	show_condition_text: autoDraw = False
17.4640 	EXP 	show_condition_text: text = 'phantom'
17.4640 	EXP 	show_condition_text: autoDraw = True
18.4436 	EXP 	New trial (rep=0, index=7): OrderedDict([('word', 'always')])
18.4609 	EXP 	show_condition_text: autoDraw = False
18.4609 	EXP 	show_condition_text: text = 'always'
18.4609 	EXP 	show_condition_text: autoDraw = True
19.4445 	EXP 	New trial (rep=0, index=8): OrderedDict([('word', 'groups')])
19.4611 	EXP 	show_condition_text: autoDraw = False
19.4611 	EXP 	show_condition_text: text = 'groups'
19.4611 	EXP 	show_condition_text: autoDraw = True
20.4444 	EXP 	New trial (rep=0, index=9): OrderedDict([('word', 'southampton')])
20.4617 	EXP 	show_condition_text: autoDraw = False
20.4617 	EXP 	show_condition_text: text = 'southampton'
20.4617 	EXP 	show_condition_text: autoDraw = True
21.4446 	EXP 	New trial (rep=0, index=10): OrderedDict([('word', 'knows')])
21.4604 	EXP 	show_condition_text: autoDraw = False
21.4604 	EXP 	show_condition_text: text = 'knows'
21.4604 	EXP 	show_condition_text: autoDraw = True
22.4484 	EXP 	New trial (rep=0, index=1): OrderedDict([('wlist_index', 18)])
22.4512 	EXP 	Imported csvs/18.csv as conditions, 9 conditions, 1 params
22.4515 	EXP 	Created sequence: random, trialTypes=9, nReps=1, seed=None
22.4517 	EXP 	New trial (rep=0, index=0): OrderedDict([('word', 'longer')])
22.4784 	EXP 	show_condition_text: autoDraw = False
22.4784 	EXP 	show_condition_text: text = '****'
22.4784 	EXP 	show_condition_text: autoDraw = True
22.4784 	EXP 	show_condition_text: text = 'longer'
22.4784 	EXP 	show_condition_text: autoDraw = True
22.4938 	EXP 	show_condition_text: autoDraw = True
22.5109 	EXP 	show_condition_text: autoDraw = True
22.5271 	EXP 	show_condition_text: autoDraw = True
22.5444 	EXP 	show_condition_text: autoDraw = True
22.5609 	EXP 	show_condition_text: autoDraw = True
22.5770 	EXP 	show_condition_text: autoDraw = True
22.5950 	EXP 	show_condition_text: autoDraw = True
22.6109 	EXP 	show_condition_text: autoDraw = True
22.6276 	EXP 	show_condition_text: autoDraw = True
22.6446 	EXP 	show_condition_text: autoDraw = True
22.6605 	EXP 	show_condition_text: autoDraw = True
22.6774 	EXP 	show_condition_text: autoDraw = True
22.6944 	EXP 	show_condition_text: autoDraw = True
22.7110 	EXP 	show_condition_text: autoDraw = True
22.7276 	EXP 	show_condition_text: autoDraw = True
22.7447 	EXP 	show_condition_text: autoDraw = True
22.7610 	EXP 	show_condition_text: autoDraw = True
22.7771 	EXP 	show_condition_text: autoDraw = True
22.7946 	EXP 	show_condition_text: autoDraw = True
22.8110 	EXP 	show_condition_text: autoDraw = True
22.8270 	EXP 	show_condition_text: autoDraw = True
22.8444 	EXP 	show_condition_text: autoDraw = True
22.8603 	EXP 	show_condition_text: autoDraw = True
22.8771 	EXP 	show_condition_text: autoDraw = True
22.8942 	EXP 	show_condition_text: autoDraw = True
22.9111 	EXP 	show_condition_text: autoDraw = True
22.9272 	EXP 	show_condition_text: autoDraw = True
22.9444 	EXP 	show_condition_text: autoDraw = True
22.9615 	EXP 	show_condition_text: autoDraw = True
22.9772 	EXP 	show_condition_text: autoDraw = True
22.9941 	EXP 	show_condition_text: autoDraw = True
23.0106 	EXP 	show_condition_text: autoDraw = True
23.0278 	EXP 	show_condition_text: autoDraw = True
23.0440 	EXP 	show_condition_text: autoDraw = True
23.0609 	EXP 	show_condition_text: autoDraw = True
23.0778 	EXP 	show_condition_text: autoDraw = True
23.0941 	EXP 	show_condition_text: autoDraw = True
23.1112 	EXP 	show_condition_text: autoDraw = True
23.1273 	EXP 	show_condition_text: autoDraw = True
23.1443 	EXP 	show_condition_text: autoDraw = True
23.1603 	EXP 	show_condition_text: autoDraw = True
23.1778 	EXP 	show_condition_text: autoDraw = True
23.1942 	EXP 	show_condition_text: autoDraw = True
23.2101 	EXP 	show_condition_text: autoDraw = True
23.2276 	EXP 	show_condition_text: autoDraw = True
23.2446 	EXP 	show_condition_text: autoDraw = True
23.2612 	EXP 	show_condition_text: autoDraw = True
23.2779 	EXP 	show_condition_text: autoDraw = True
23.2942 	EXP 	show_condition_text: autoDraw = True
23.3111 	EXP 	show_condition_text: autoDraw = True
23.3271 	EXP 	show_condition_text: autoDraw = True
23.3440 	EXP 	show_condition_text: autoDraw = True
23.3613 	EXP 	show_condition_text: autoDraw = True
23.3774 	EXP 	show_condition_text: autoDraw = True
23.3945 	EXP 	show_condition_text: autoDraw = True
23.4106 	EXP 	show_condition_text: autoDraw = True
23.4278 	EXP 	show_condition_text: autoDraw = True
23.4441 	EXP 	show_condition_text: autoDraw = True
23.4445 	EXP 	New trial (rep=0, index=1): OrderedDict([('word', 'present')])
23.4612 	EXP 	show_condition_text: autoDraw = False
23.4612 	EXP 	show_condition_text: text = 'present'
23.4612 	EXP 	show_condition_text: autoDraw = True
24.4443 	EXP 	New trial (rep=0, index=2): OrderedDict([('word', 'stan')])
24.4602 	EXP 	show_condition_text: autoDraw = False
24.4602 	EXP 	show_condition_text: text = 'stan'
24.4602 	EXP 	show_condition_text: autoDraw = True
25.4443 	EXP 	New trial (rep=0, index=3): OrderedDict([('word', 'bosnia')])
25.4614 	EXP 	show_condition_text: autoDraw = False
25.4614 	EXP 	show_condition_text: text = 'bosnia'
25.4614 	EXP 	show_condition_text: autoDraw = True
26.4448 	EXP 	New trial (rep=0, index=4): OrderedDict([('word', 'jaguar')])
26.4629 	EXP 	show_condition_text: autoDraw = False
26.4629 	EXP 	show_condition_text: text = 'jaguar'
26.4629 	EXP 	show_condition_text: autoDraw = True
27.4442 	EXP 	New trial (rep=0, index=5): OrderedDict([('word', 'cardiff')])
27.4606 	EXP 	show_condition_text: autoDraw = False
27.4606 	EXP 	show_condition_text: text = 'cardiff'
27.4606 	EXP 	show_condition_text: autoDraw = True
28.4448 	EXP 	New trial (rep=0, index=6): OrderedDict([('word', 'nicaragua')])
28.4620 	EXP 	show_condition_text: autoDraw = False
28.4620 	EXP 	show_condition_text: text = 'nicaragua'
28.4620 	EXP 	show_condition_text: autoDraw = True
29.4436 	EXP 	New trial (rep=0, index=7): OrderedDict([('word', 'geographical')])
29.4638 	EXP 	show_condition_text: autoDraw = False
29.4638 	EXP 	show_condition_text: text = 'geographical'
29.4638 	EXP 	show_condition_text: autoDraw = True
30.2453 	DATA 	Mouse: Left button down, pos=(411,658)
30.2463 	DATA 	Mouse:  Left button up, pos=(411,658)
30.4449 	EXP 	New trial (rep=0, index=8): OrderedDict([('word', 'nominated')])
30.4614 	EXP 	show_condition_text: autoDraw = False
30.4614 	EXP 	show_condition_text: text = 'nominated'
30.4614 	EXP 	show_condition_text: autoDraw = True
30.9968 	DATA 	Keypress: escape
31.4372 	EXP 	window1: mouseVisible = True
6.3507 	WARNING 	User requested fullscreen with size [1024  768], but screen is actually [1440, 900]. Using actual size
7.0872 	EXP 	Created window1 = Window(allowGUI=False, allowStencil=False, args=UNKNOWN, autoLog=True, bitsMode=UNKNOWN, blendMode='avg', color=array([0., 0., 0.]), colorSpace='rgb', fullscr=<method-wrapper '__getattribute__' of attributeSetter object at 0x131d8ff98>, gamma=None, gammaErrorPolicy='raise', kwargs=UNKNOWN, lms=UNKNOWN, monitor=<psychopy.monitors.calibTools.Monitor object at 0x131a8da58>, multiSample=False, name='window1', numSamples=2, pos=[360.0, 225.0], screen=0, size=array([2880, 1800]), stereo=False, units='height', useFBO=True, useRetina=True, viewOri=0.0, viewPos=None, viewScale=None, waitBlanking=True, winType='pyglet')
7.0873 	EXP 	window1: recordFrameIntervals = False
7.2531 	EXP 	window1: recordFrameIntervals = True
7.4361 	EXP 	window1: recordFrameIntervals = False
8.0180 	EXP 	Created instructions_text = TextStim(__class__=<class 'psychopy.visual.text.TextStim'>, alignHoriz='center', alignVert='center', antialias=True, autoLog=True, bold=False, color='white', colorSpace='named', contrast=1.0, depth=0.0, flipHoriz=False, flipVert=False, font='Arial', fontFiles=[], height=0.1, italic=False, languageStyle='LTR', name='instructions_text', opacity=1.0, ori=0, pos=array([0., 0.]), rgb=array([255., 255., 255.]), text='Welcome!', units='height', win=Window(...), wrapWidth=1)
8.0718 	EXP 	Created show_condition_text = TextStim(__class__=<class 'psychopy.visual.text.TextStim'>, alignHoriz='center', alignVert='center', antialias=True, autoLog=True, bold=False, color='white', colorSpace='named', contrast=1.0, depth=0.0, flipHoriz=False, flipVert=False, font='Arial', fontFiles=[], height=0.1, italic=False, languageStyle='LTR', name='show_condition_text', opacity=1.0, ori=0, pos=array([0., 0.]), rgb=array([255., 255., 255.]), text='default text', units='height', win=Window(...), wrapWidth=1)
8.0912 	EXP 	instructions_text: autoDraw = True
8.9312 	EXP 	Imported csvs/noise_conditions.csv as conditions, 4 conditions, 1 params
8.9315 	EXP 	Created sequence: random, trialTypes=4, nReps=1, seed=None
8.9317 	EXP 	New trial (rep=0, index=0): OrderedDict([('condition', 1)])
8.9346 	EXP 	Imported csvs/condition_1_wlists_indices.csv as conditions, 8 conditions, 1 params
8.9349 	EXP 	Created sequence: random, trialTypes=8, nReps=1, seed=None
8.9351 	EXP 	New trial (rep=0, index=0): OrderedDict([('wlist_index', 12)])
8.9376 	EXP 	Imported csvs/12.csv as conditions, 7 conditions, 1 params
8.9379 	EXP 	Created sequence: random, trialTypes=7, nReps=1, seed=None
8.9380 	EXP 	New trial (rep=0, index=0): OrderedDict([('word', 'latin')])
8.9559 	DATA 	Keypress: space
8.9742 	EXP 	instructions_text: autoDraw = False
8.9742 	EXP 	show_condition_text: text = 'latin'
8.9742 	EXP 	show_condition_text: autoDraw = True
9.9411 	EXP 	New trial (rep=0, index=1): OrderedDict([('word', 'shipments')])
9.9599 	EXP 	show_condition_text: autoDraw = False
9.9599 	EXP 	show_condition_text: text = 'shipments'
9.9599 	EXP 	show_condition_text: autoDraw = True
10.9402 	EXP 	New trial (rep=0, index=2): OrderedDict([('word', 'keyword')])
10.9734 	EXP 	show_condition_text: autoDraw = False
10.9734 	EXP 	show_condition_text: text = 'keyword'
10.9734 	EXP 	show_condition_text: autoDraw = True
11.9406 	EXP 	New trial (rep=0, index=3): OrderedDict([('word', 'cradle')])
11.9565 	EXP 	show_condition_text: autoDraw = False
11.9565 	EXP 	show_condition_text: text = 'cradle'
11.9565 	EXP 	show_condition_text: autoDraw = True
12.9417 	EXP 	New trial (rep=0, index=4): OrderedDict([('word', 'bangkok')])
12.9631 	EXP 	show_condition_text: autoDraw = False
12.9631 	EXP 	show_condition_text: text = 'bangkok'
12.9631 	EXP 	show_condition_text: autoDraw = True
13.9407 	EXP 	New trial (rep=0, index=5): OrderedDict([('word', 'powered')])
13.9576 	EXP 	show_condition_text: autoDraw = False
13.9576 	EXP 	show_condition_text: text = 'powered'
13.9576 	EXP 	show_condition_text: autoDraw = True
14.9402 	EXP 	New trial (rep=0, index=6): OrderedDict([('word', 'rapid')])
14.9569 	EXP 	show_condition_text: autoDraw = False
14.9569 	EXP 	show_condition_text: text = 'rapid'
14.9569 	EXP 	show_condition_text: autoDraw = True
16.9465 	EXP 	New trial (rep=0, index=1): OrderedDict([('wlist_index', 3)])
16.9503 	EXP 	Imported csvs/3.csv as conditions, 9 conditions, 1 params
16.9506 	EXP 	Created sequence: random, trialTypes=9, nReps=1, seed=None
16.9508 	EXP 	New trial (rep=0, index=0): OrderedDict([('word', 'www')])
16.9539 	EXP 	New trial (rep=0, index=1): OrderedDict([('word', 'intervention')])
16.9751 	EXP 	show_condition_text: autoDraw = False
16.9751 	EXP 	show_condition_text: text = '****'
16.9751 	EXP 	show_condition_text: autoDraw = True
16.9751 	EXP 	show_condition_text: text = 'www'
16.9751 	EXP 	show_condition_text: autoDraw = False
16.9751 	EXP 	show_condition_text: text = 'intervention'
16.9751 	EXP 	show_condition_text: autoDraw = True
17.9410 	EXP 	New trial (rep=0, index=2): OrderedDict([('word', 'wow')])
17.9565 	EXP 	show_condition_text: autoDraw = False
17.9565 	EXP 	show_condition_text: text = 'wow'
17.9565 	EXP 	show_condition_text: autoDraw = True
18.9404 	EXP 	New trial (rep=0, index=3): OrderedDict([('word', 'knowledgestorm')])
18.9606 	EXP 	show_condition_text: autoDraw = False
18.9606 	EXP 	show_condition_text: text = 'knowledgestorm'
18.9606 	EXP 	show_condition_text: autoDraw = True
19.9395 	EXP 	New trial (rep=0, index=4): OrderedDict([('word', 'silent')])
19.9559 	EXP 	show_condition_text: autoDraw = False
19.9559 	EXP 	show_condition_text: text = 'silent'
19.9559 	EXP 	show_condition_text: autoDraw = True
20.9398 	EXP 	New trial (rep=0, index=5): OrderedDict([('word', 'smaller')])
20.9562 	EXP 	show_condition_text: autoDraw = False
20.9562 	EXP 	show_condition_text: text = 'smaller'
20.9562 	EXP 	show_condition_text: autoDraw = True
21.9400 	EXP 	New trial (rep=0, index=6): OrderedDict([('word', 'custom')])
21.9568 	EXP 	show_condition_text: autoDraw = False
21.9568 	EXP 	show_condition_text: text = 'custom'
21.9568 	EXP 	show_condition_text: autoDraw = True
22.9404 	EXP 	New trial (rep=0, index=7): OrderedDict([('word', 'vat')])
22.9567 	EXP 	show_condition_text: autoDraw = False
22.9567 	EXP 	show_condition_text: text = 'vat'
22.9567 	EXP 	show_condition_text: autoDraw = True
23.9406 	EXP 	New trial (rep=0, index=8): OrderedDict([('word', 'considers')])
23.9569 	EXP 	show_condition_text: autoDraw = False
23.9569 	EXP 	show_condition_text: text = 'considers'
23.9569 	EXP 	show_condition_text: autoDraw = True
25.9446 	EXP 	New trial (rep=0, index=2): OrderedDict([('wlist_index', 27)])
25.9484 	EXP 	Imported csvs/27.csv as conditions, 8 conditions, 1 params
25.9487 	EXP 	Created sequence: random, trialTypes=8, nReps=1, seed=None
25.9489 	EXP 	New trial (rep=0, index=0): OrderedDict([('word', 'ski')])
25.9536 	EXP 	New trial (rep=0, index=1): OrderedDict([('word', 'douglas')])
25.9740 	EXP 	show_condition_text: autoDraw = False
25.9740 	EXP 	show_condition_text: text = '****'
25.9740 	EXP 	show_condition_text: autoDraw = True
25.9740 	EXP 	show_condition_text: text = 'ski'
25.9740 	EXP 	show_condition_text: autoDraw = False
25.9740 	EXP 	show_condition_text: text = 'douglas'
25.9740 	EXP 	show_condition_text: autoDraw = True
26.9401 	EXP 	New trial (rep=0, index=2): OrderedDict([('word', 'oral')])
26.9561 	EXP 	show_condition_text: autoDraw = False
26.9561 	EXP 	show_condition_text: text = 'oral'
26.9561 	EXP 	show_condition_text: autoDraw = True
27.3264 	DATA 	Keypress: escape
27.7778 	EXP 	window1: mouseVisible = True
