13.8431 	WARNING 	User requested fullscreen with size [1024  768], but screen is actually [1440, 900]. Using actual size
15.6987 	EXP 	Created window1 = Window(allowGUI=False, allowStencil=False, args=UNKNOWN, autoLog=True, bitsMode=UNKNOWN, blendMode='avg', color=array([0., 0., 0.]), colorSpace='rgb', fullscr=<method-wrapper '__getattribute__' of attributeSetter object at 0x13228cfd0>, gamma=None, gammaErrorPolicy='raise', kwargs=UNKNOWN, lms=UNKNOWN, monitor=<psychopy.monitors.calibTools.Monitor object at 0x1320e0eb8>, multiSample=False, name='window1', numSamples=2, pos=[360.0, 225.0], screen=0, size=array([2880, 1800]), stereo=False, units='height', useFBO=True, useRetina=True, viewOri=0.0, viewPos=None, viewScale=None, waitBlanking=True, winType='pyglet')
15.6987 	EXP 	window1: recordFrameIntervals = False
15.8645 	EXP 	window1: recordFrameIntervals = True
16.0484 	EXP 	window1: recordFrameIntervals = False
17.1862 	EXP 	Created instructions_text = TextStim(__class__=<class 'psychopy.visual.text.TextStim'>, alignHoriz='center', alignVert='center', antialias=True, autoLog=True, bold=False, color='white', colorSpace='named', contrast=1.0, depth=0.0, flipHoriz=False, flipVert=False, font='Arial', fontFiles=[], height=0.1, italic=False, languageStyle='LTR', name='instructions_text', opacity=1.0, ori=0, pos=array([0., 0.]), rgb=array([255., 255., 255.]), text='Welcome!', units='height', win=Window(...), wrapWidth=1)
17.2468 	EXP 	Created show_condition_text = TextStim(__class__=<class 'psychopy.visual.text.TextStim'>, alignHoriz='center', alignVert='center', antialias=True, autoLog=True, bold=False, color='white', colorSpace='named', contrast=1.0, depth=0.0, flipHoriz=False, flipVert=False, font='Arial', fontFiles=[], height=0.1, italic=False, languageStyle='LTR', name='show_condition_text', opacity=1.0, ori=0, pos=array([0., 0.]), rgb=array([255., 255., 255.]), text='default text', units='height', win=Window(...), wrapWidth=1)
17.2770 	DATA 	Keypress: space
17.2987 	EXP 	instructions_text: autoDraw = True
17.7095 	EXP 	Imported csvs/noise_conditions.csv as conditions, 4 conditions, 1 params
17.7098 	EXP 	Created sequence: random, trialTypes=4, nReps=1, seed=None
17.7100 	EXP 	New trial (rep=0, index=0): OrderedDict([('condition', 3)])
17.7133 	EXP 	Imported csvs/condition_3_wlists_indices.csv as conditions, 8 conditions, 1 params
17.7136 	EXP 	Created sequence: random, trialTypes=8, nReps=1, seed=None
17.7138 	EXP 	New trial (rep=0, index=0): OrderedDict([('wlist_index', 32)])
17.7169 	EXP 	Imported csvs/32.csv as conditions, 5 conditions, 1 params
17.7172 	EXP 	Created sequence: random, trialTypes=5, nReps=1, seed=None
17.7174 	EXP 	New trial (rep=0, index=0): OrderedDict([('word', 'transport')])
17.7311 	DATA 	Keypress: space
17.7475 	EXP 	instructions_text: autoDraw = False
17.7475 	EXP 	show_condition_text: text = 'transport'
17.7475 	EXP 	show_condition_text: autoDraw = True
18.1167 	DATA 	Keypress: space
18.9871 	EXP 	window1: mouseVisible = True
