5.1318 	WARNING 	User requested fullscreen with size [1024  768], but screen is actually [1440, 900]. Using actual size
5.8266 	EXP 	Created window1 = Window(allowGUI=False, allowStencil=False, args=UNKNOWN, autoLog=True, bitsMode=UNKNOWN, blendMode='avg', color=array([0., 0., 0.]), colorSpace='rgb', fullscr=<method-wrapper '__getattribute__' of attributeSetter object at 0x131a827f0>, gamma=None, gammaErrorPolicy='raise', kwargs=UNKNOWN, lms=UNKNOWN, monitor=<psychopy.monitors.calibTools.Monitor object at 0x132baeb70>, multiSample=False, name='window1', numSamples=2, pos=[360.0, 225.0], screen=0, size=array([2880, 1800]), stereo=False, units='height', useFBO=True, useRetina=True, viewOri=0.0, viewPos=None, viewScale=None, waitBlanking=True, winType='pyglet')
5.8266 	EXP 	window1: recordFrameIntervals = False
5.9928 	EXP 	window1: recordFrameIntervals = True
6.1763 	EXP 	window1: recordFrameIntervals = False
6.4766 	EXP 	Created instructions_text = TextStim(__class__=<class 'psychopy.visual.text.TextStim'>, alignHoriz='center', alignVert='center', antialias=True, autoLog=True, bold=False, color='white', colorSpace='named', contrast=1.0, depth=0.0, flipHoriz=False, flipVert=False, font='Arial', fontFiles=[], height=0.1, italic=False, languageStyle='LTR', name='instructions_text', opacity=1.0, ori=0, pos=array([0., 0.]), rgb=array([255., 255., 255.]), text='Welcome!', units='height', win=Window(...), wrapWidth=1)
6.5113 	EXP 	Created show_condition_text = TextStim(__class__=<class 'psychopy.visual.text.TextStim'>, alignHoriz='center', alignVert='center', antialias=True, autoLog=True, bold=False, color='white', colorSpace='named', contrast=1.0, depth=0.0, flipHoriz=False, flipVert=False, font='Arial', fontFiles=[], height=0.1, italic=False, languageStyle='LTR', name='show_condition_text', opacity=1.0, ori=0, pos=array([0., 0.]), rgb=array([255., 255., 255.]), text='default text', units='height', win=Window(...), wrapWidth=1)
6.5285 	EXP 	instructions_text: autoDraw = True
6.9987 	EXP 	Imported csvs/noise_conditions.csv as conditions, 4 conditions, 1 params
6.9990 	EXP 	Created sequence: random, trialTypes=4, nReps=1, seed=None
6.9992 	EXP 	New trial (rep=0, index=0): OrderedDict([('condition', 1)])
7.0013 	EXP 	Imported csvs/condition_1_wlists_indices.csv as conditions, 8 conditions, 1 params
7.0016 	EXP 	Created sequence: random, trialTypes=8, nReps=1, seed=None
7.0018 	EXP 	New trial (rep=0, index=0): OrderedDict([('wlist_index', 31)])
7.0370 	EXP 	Imported csvs/31.csv as conditions, 8 conditions, 1 params
7.0373 	EXP 	Created sequence: random, trialTypes=8, nReps=1, seed=None
7.0375 	EXP 	New trial (rep=0, index=0): OrderedDict([('word', 'reverse')])
7.0522 	DATA 	Keypress: space
7.0637 	EXP 	instructions_text: autoDraw = False
7.0637 	EXP 	show_condition_text: text = 'reverse'
7.0637 	EXP 	show_condition_text: autoDraw = True
10.0518 	EXP 	New trial (rep=0, index=1): OrderedDict([('word', 'usd')])
10.0679 	EXP 	show_condition_text: autoDraw = False
10.0679 	EXP 	show_condition_text: text = 'usd'
10.0679 	EXP 	show_condition_text: autoDraw = True
13.0675 	EXP 	New trial (rep=0, index=2): OrderedDict([('word', 'humanitarian')])
13.0882 	EXP 	show_condition_text: autoDraw = False
13.0882 	EXP 	show_condition_text: text = 'humanitarian'
13.0882 	EXP 	show_condition_text: autoDraw = True
16.0847 	EXP 	New trial (rep=0, index=3): OrderedDict([('word', 'phenomenon')])
16.1010 	EXP 	show_condition_text: autoDraw = False
16.1010 	EXP 	show_condition_text: text = 'phenomenon'
16.1010 	EXP 	show_condition_text: autoDraw = True
19.1014 	EXP 	New trial (rep=0, index=4): OrderedDict([('word', 'incest')])
19.1172 	EXP 	show_condition_text: autoDraw = False
19.1172 	EXP 	show_condition_text: text = 'incest'
19.1172 	EXP 	show_condition_text: autoDraw = True
22.1173 	EXP 	New trial (rep=0, index=5): OrderedDict([('word', 'watson')])
22.1356 	EXP 	show_condition_text: autoDraw = False
22.1356 	EXP 	show_condition_text: text = 'watson'
22.1356 	EXP 	show_condition_text: autoDraw = True
25.1344 	EXP 	New trial (rep=0, index=6): OrderedDict([('word', 'gi')])
25.1507 	EXP 	show_condition_text: autoDraw = False
25.1507 	EXP 	show_condition_text: text = 'gi'
25.1507 	EXP 	show_condition_text: autoDraw = True
28.1515 	EXP 	New trial (rep=0, index=7): OrderedDict([('word', 'act')])
28.1672 	EXP 	show_condition_text: autoDraw = False
28.1672 	EXP 	show_condition_text: text = 'act'
28.1672 	EXP 	show_condition_text: autoDraw = True
31.1842 	EXP 	show_condition_text: autoDraw = False
31.1842 	EXP 	show_condition_text: text = '****'
31.1842 	EXP 	show_condition_text: autoDraw = True
31.2011 	EXP 	show_condition_text: text = '****'
31.2011 	EXP 	show_condition_text: autoDraw = True
31.2177 	EXP 	show_condition_text: text = '****'
31.2177 	EXP 	show_condition_text: autoDraw = True
31.2346 	EXP 	show_condition_text: text = '****'
31.2346 	EXP 	show_condition_text: autoDraw = True
31.2511 	EXP 	show_condition_text: text = '****'
31.2511 	EXP 	show_condition_text: autoDraw = True
31.2678 	EXP 	show_condition_text: text = '****'
31.2678 	EXP 	show_condition_text: autoDraw = True
31.2847 	EXP 	show_condition_text: text = '****'
31.2847 	EXP 	show_condition_text: autoDraw = True
31.3011 	EXP 	show_condition_text: text = '****'
31.3011 	EXP 	show_condition_text: autoDraw = True
31.3174 	EXP 	show_condition_text: text = '****'
31.3174 	EXP 	show_condition_text: autoDraw = True
31.3341 	EXP 	show_condition_text: text = '****'
31.3341 	EXP 	show_condition_text: autoDraw = True
31.3509 	EXP 	show_condition_text: text = '****'
31.3509 	EXP 	show_condition_text: autoDraw = True
31.3674 	EXP 	show_condition_text: text = '****'
31.3674 	EXP 	show_condition_text: autoDraw = True
31.3839 	EXP 	show_condition_text: text = '****'
31.3839 	EXP 	show_condition_text: autoDraw = True
31.4008 	EXP 	show_condition_text: text = '****'
31.4008 	EXP 	show_condition_text: autoDraw = True
31.4178 	EXP 	show_condition_text: text = '****'
31.4178 	EXP 	show_condition_text: autoDraw = True
31.4341 	EXP 	show_condition_text: text = '****'
31.4341 	EXP 	show_condition_text: autoDraw = True
31.4509 	EXP 	show_condition_text: text = '****'
31.4509 	EXP 	show_condition_text: autoDraw = True
31.4677 	EXP 	show_condition_text: text = '****'
31.4677 	EXP 	show_condition_text: autoDraw = True
31.4844 	EXP 	show_condition_text: text = '****'
31.4844 	EXP 	show_condition_text: autoDraw = True
31.5011 	EXP 	show_condition_text: text = '****'
31.5011 	EXP 	show_condition_text: autoDraw = True
31.5175 	EXP 	show_condition_text: text = '****'
31.5175 	EXP 	show_condition_text: autoDraw = True
31.5338 	EXP 	show_condition_text: text = '****'
31.5338 	EXP 	show_condition_text: autoDraw = True
31.5506 	EXP 	show_condition_text: text = '****'
31.5506 	EXP 	show_condition_text: autoDraw = True
31.5673 	EXP 	show_condition_text: text = '****'
31.5673 	EXP 	show_condition_text: autoDraw = True
31.5844 	EXP 	show_condition_text: text = '****'
31.5844 	EXP 	show_condition_text: autoDraw = True
31.6007 	EXP 	show_condition_text: text = '****'
31.6007 	EXP 	show_condition_text: autoDraw = True
31.6171 	EXP 	show_condition_text: text = '****'
31.6171 	EXP 	show_condition_text: autoDraw = True
31.6344 	EXP 	show_condition_text: text = '****'
31.6344 	EXP 	show_condition_text: autoDraw = True
31.6507 	EXP 	show_condition_text: text = '****'
31.6507 	EXP 	show_condition_text: autoDraw = True
31.6670 	EXP 	show_condition_text: text = '****'
31.6670 	EXP 	show_condition_text: autoDraw = True
31.6845 	EXP 	show_condition_text: text = '****'
31.6845 	EXP 	show_condition_text: autoDraw = True
31.7009 	EXP 	show_condition_text: text = '****'
31.7009 	EXP 	show_condition_text: autoDraw = True
31.7171 	EXP 	show_condition_text: text = '****'
31.7171 	EXP 	show_condition_text: autoDraw = True
31.7343 	EXP 	show_condition_text: text = '****'
31.7343 	EXP 	show_condition_text: autoDraw = True
31.7507 	EXP 	show_condition_text: text = '****'
31.7507 	EXP 	show_condition_text: autoDraw = True
31.7672 	EXP 	show_condition_text: text = '****'
31.7672 	EXP 	show_condition_text: autoDraw = True
31.7846 	EXP 	show_condition_text: text = '****'
31.7846 	EXP 	show_condition_text: autoDraw = True
31.8010 	EXP 	show_condition_text: text = '****'
31.8010 	EXP 	show_condition_text: autoDraw = True
31.8174 	EXP 	show_condition_text: text = '****'
31.8174 	EXP 	show_condition_text: autoDraw = True
31.8348 	EXP 	show_condition_text: text = '****'
31.8348 	EXP 	show_condition_text: autoDraw = True
31.8511 	EXP 	show_condition_text: text = '****'
31.8511 	EXP 	show_condition_text: autoDraw = True
31.8677 	EXP 	show_condition_text: text = '****'
31.8677 	EXP 	show_condition_text: autoDraw = True
31.8838 	EXP 	show_condition_text: text = '****'
31.8838 	EXP 	show_condition_text: autoDraw = True
31.9012 	EXP 	show_condition_text: text = '****'
31.9012 	EXP 	show_condition_text: autoDraw = True
31.9176 	EXP 	show_condition_text: text = '****'
31.9176 	EXP 	show_condition_text: autoDraw = True
31.9338 	EXP 	show_condition_text: text = '****'
31.9338 	EXP 	show_condition_text: autoDraw = True
31.9502 	EXP 	show_condition_text: text = '****'
31.9502 	EXP 	show_condition_text: autoDraw = True
31.9675 	EXP 	show_condition_text: text = '****'
31.9675 	EXP 	show_condition_text: autoDraw = True
31.9836 	EXP 	show_condition_text: text = '****'
31.9836 	EXP 	show_condition_text: autoDraw = True
32.0009 	EXP 	show_condition_text: text = '****'
32.0009 	EXP 	show_condition_text: autoDraw = True
32.0174 	EXP 	show_condition_text: text = '****'
32.0174 	EXP 	show_condition_text: autoDraw = True
32.0339 	EXP 	show_condition_text: text = '****'
32.0339 	EXP 	show_condition_text: autoDraw = True
32.0504 	EXP 	show_condition_text: text = '****'
32.0504 	EXP 	show_condition_text: autoDraw = True
32.0678 	EXP 	show_condition_text: text = '****'
32.0678 	EXP 	show_condition_text: autoDraw = True
32.0846 	EXP 	show_condition_text: text = '****'
32.0846 	EXP 	show_condition_text: autoDraw = True
32.1009 	EXP 	show_condition_text: text = '****'
32.1009 	EXP 	show_condition_text: autoDraw = True
32.1172 	EXP 	show_condition_text: text = '****'
32.1172 	EXP 	show_condition_text: autoDraw = True
32.1337 	EXP 	show_condition_text: text = '****'
32.1337 	EXP 	show_condition_text: autoDraw = True
32.1503 	EXP 	show_condition_text: text = '****'
32.1503 	EXP 	show_condition_text: autoDraw = True
32.1678 	EXP 	show_condition_text: text = '****'
32.1678 	EXP 	show_condition_text: autoDraw = True
32.1841 	EXP 	show_condition_text: text = '****'
32.1841 	EXP 	show_condition_text: autoDraw = True
32.2007 	EXP 	show_condition_text: text = '****'
32.2007 	EXP 	show_condition_text: autoDraw = True
32.2177 	EXP 	show_condition_text: text = '****'
32.2177 	EXP 	show_condition_text: autoDraw = True
32.2341 	EXP 	show_condition_text: text = '****'
32.2341 	EXP 	show_condition_text: autoDraw = True
32.2506 	EXP 	show_condition_text: text = '****'
32.2506 	EXP 	show_condition_text: autoDraw = True
32.2679 	EXP 	show_condition_text: text = '****'
32.2679 	EXP 	show_condition_text: autoDraw = True
32.2842 	EXP 	show_condition_text: text = '****'
32.2842 	EXP 	show_condition_text: autoDraw = True
32.3003 	EXP 	show_condition_text: text = '****'
32.3003 	EXP 	show_condition_text: autoDraw = True
32.3177 	EXP 	show_condition_text: text = '****'
32.3177 	EXP 	show_condition_text: autoDraw = True
32.3338 	EXP 	show_condition_text: text = '****'
32.3338 	EXP 	show_condition_text: autoDraw = True
32.3500 	EXP 	show_condition_text: text = '****'
32.3500 	EXP 	show_condition_text: autoDraw = True
32.3670 	EXP 	show_condition_text: text = '****'
32.3670 	EXP 	show_condition_text: autoDraw = True
32.3843 	EXP 	show_condition_text: text = '****'
32.3843 	EXP 	show_condition_text: autoDraw = True
32.4001 	EXP 	show_condition_text: text = '****'
32.4001 	EXP 	show_condition_text: autoDraw = True
32.4170 	EXP 	show_condition_text: text = '****'
32.4170 	EXP 	show_condition_text: autoDraw = True
32.4339 	EXP 	show_condition_text: text = '****'
32.4339 	EXP 	show_condition_text: autoDraw = True
32.4500 	EXP 	show_condition_text: text = '****'
32.4500 	EXP 	show_condition_text: autoDraw = True
32.4672 	EXP 	show_condition_text: text = '****'
32.4672 	EXP 	show_condition_text: autoDraw = True
32.4832 	EXP 	show_condition_text: text = '****'
32.4832 	EXP 	show_condition_text: autoDraw = True
32.5007 	EXP 	show_condition_text: text = '****'
32.5007 	EXP 	show_condition_text: autoDraw = True
32.5177 	EXP 	show_condition_text: text = '****'
32.5177 	EXP 	show_condition_text: autoDraw = True
32.5339 	EXP 	show_condition_text: text = '****'
32.5339 	EXP 	show_condition_text: autoDraw = True
32.5501 	EXP 	show_condition_text: text = '****'
32.5501 	EXP 	show_condition_text: autoDraw = True
32.5673 	EXP 	show_condition_text: text = '****'
32.5673 	EXP 	show_condition_text: autoDraw = True
32.5832 	EXP 	show_condition_text: text = '****'
32.5832 	EXP 	show_condition_text: autoDraw = True
32.6004 	EXP 	show_condition_text: text = '****'
32.6004 	EXP 	show_condition_text: autoDraw = True
32.6177 	EXP 	show_condition_text: text = '****'
32.6177 	EXP 	show_condition_text: autoDraw = True
32.6335 	EXP 	show_condition_text: text = '****'
32.6335 	EXP 	show_condition_text: autoDraw = True
32.6507 	EXP 	show_condition_text: text = '****'
32.6507 	EXP 	show_condition_text: autoDraw = True
32.6675 	EXP 	show_condition_text: text = '****'
32.6675 	EXP 	show_condition_text: autoDraw = True
32.6840 	EXP 	show_condition_text: text = '****'
32.6840 	EXP 	show_condition_text: autoDraw = True
32.7001 	EXP 	show_condition_text: text = '****'
32.7001 	EXP 	show_condition_text: autoDraw = True
32.7173 	EXP 	show_condition_text: text = '****'
32.7173 	EXP 	show_condition_text: autoDraw = True
32.7332 	EXP 	show_condition_text: text = '****'
32.7332 	EXP 	show_condition_text: autoDraw = True
32.7503 	EXP 	show_condition_text: text = '****'
32.7503 	EXP 	show_condition_text: autoDraw = True
32.7675 	EXP 	show_condition_text: text = '****'
32.7675 	EXP 	show_condition_text: autoDraw = True
32.7835 	EXP 	show_condition_text: text = '****'
32.7835 	EXP 	show_condition_text: autoDraw = True
32.8005 	EXP 	show_condition_text: text = '****'
32.8005 	EXP 	show_condition_text: autoDraw = True
32.8174 	EXP 	show_condition_text: text = '****'
32.8174 	EXP 	show_condition_text: autoDraw = True
32.8337 	EXP 	show_condition_text: text = '****'
32.8337 	EXP 	show_condition_text: autoDraw = True
32.8505 	EXP 	show_condition_text: text = '****'
32.8505 	EXP 	show_condition_text: autoDraw = True
32.8674 	EXP 	show_condition_text: text = '****'
32.8674 	EXP 	show_condition_text: autoDraw = True
32.8837 	EXP 	show_condition_text: text = '****'
32.8837 	EXP 	show_condition_text: autoDraw = True
32.9009 	EXP 	show_condition_text: text = '****'
32.9009 	EXP 	show_condition_text: autoDraw = True
32.9169 	EXP 	show_condition_text: text = '****'
32.9169 	EXP 	show_condition_text: autoDraw = True
32.9338 	EXP 	show_condition_text: text = '****'
32.9338 	EXP 	show_condition_text: autoDraw = True
32.9511 	EXP 	show_condition_text: text = '****'
32.9511 	EXP 	show_condition_text: autoDraw = True
32.9671 	EXP 	show_condition_text: text = '****'
32.9671 	EXP 	show_condition_text: autoDraw = True
32.9842 	EXP 	show_condition_text: text = '****'
32.9842 	EXP 	show_condition_text: autoDraw = True
33.0002 	EXP 	show_condition_text: text = '****'
33.0002 	EXP 	show_condition_text: autoDraw = True
33.0171 	EXP 	show_condition_text: text = '****'
33.0171 	EXP 	show_condition_text: autoDraw = True
33.0343 	EXP 	show_condition_text: text = '****'
33.0343 	EXP 	show_condition_text: autoDraw = True
33.0504 	EXP 	show_condition_text: text = '****'
33.0504 	EXP 	show_condition_text: autoDraw = True
33.0678 	EXP 	show_condition_text: text = '****'
33.0678 	EXP 	show_condition_text: autoDraw = True
33.0841 	EXP 	show_condition_text: text = '****'
33.0841 	EXP 	show_condition_text: autoDraw = True
33.1003 	EXP 	show_condition_text: text = '****'
33.1003 	EXP 	show_condition_text: autoDraw = True
33.1174 	EXP 	show_condition_text: text = '****'
33.1174 	EXP 	show_condition_text: autoDraw = True
33.1333 	EXP 	show_condition_text: text = '****'
33.1333 	EXP 	show_condition_text: autoDraw = True
33.1505 	EXP 	show_condition_text: text = '****'
33.1505 	EXP 	show_condition_text: autoDraw = True
33.1677 	EXP 	show_condition_text: text = '****'
33.1677 	EXP 	show_condition_text: autoDraw = True
33.1836 	EXP 	show_condition_text: text = '****'
33.1836 	EXP 	show_condition_text: autoDraw = True
33.2005 	EXP 	show_condition_text: text = '****'
33.2005 	EXP 	show_condition_text: autoDraw = True
33.2167 	EXP 	show_condition_text: text = '****'
33.2167 	EXP 	show_condition_text: autoDraw = True
33.2338 	EXP 	show_condition_text: text = '****'
33.2338 	EXP 	show_condition_text: autoDraw = True
33.2501 	EXP 	show_condition_text: text = '****'
33.2501 	EXP 	show_condition_text: autoDraw = True
33.2674 	EXP 	show_condition_text: text = '****'
33.2674 	EXP 	show_condition_text: autoDraw = True
33.2834 	EXP 	show_condition_text: text = '****'
33.2834 	EXP 	show_condition_text: autoDraw = True
33.3006 	EXP 	show_condition_text: text = '****'
33.3006 	EXP 	show_condition_text: autoDraw = True
33.3168 	EXP 	show_condition_text: text = '****'
33.3168 	EXP 	show_condition_text: autoDraw = True
33.3340 	EXP 	show_condition_text: text = '****'
33.3340 	EXP 	show_condition_text: autoDraw = True
33.3500 	EXP 	show_condition_text: text = '****'
33.3500 	EXP 	show_condition_text: autoDraw = True
33.3672 	EXP 	show_condition_text: text = '****'
33.3672 	EXP 	show_condition_text: autoDraw = True
33.3840 	EXP 	show_condition_text: text = '****'
33.3840 	EXP 	show_condition_text: autoDraw = True
33.4000 	EXP 	show_condition_text: text = '****'
33.4000 	EXP 	show_condition_text: autoDraw = True
33.4173 	EXP 	show_condition_text: text = '****'
33.4173 	EXP 	show_condition_text: autoDraw = True
33.4334 	EXP 	show_condition_text: text = '****'
33.4334 	EXP 	show_condition_text: autoDraw = True
33.4506 	EXP 	show_condition_text: text = '****'
33.4506 	EXP 	show_condition_text: autoDraw = True
33.4678 	EXP 	show_condition_text: text = '****'
33.4678 	EXP 	show_condition_text: autoDraw = True
33.4838 	EXP 	show_condition_text: text = '****'
33.4838 	EXP 	show_condition_text: autoDraw = True
33.5008 	EXP 	show_condition_text: text = '****'
33.5008 	EXP 	show_condition_text: autoDraw = True
33.5166 	EXP 	show_condition_text: text = '****'
33.5166 	EXP 	show_condition_text: autoDraw = True
33.5338 	EXP 	show_condition_text: text = '****'
33.5338 	EXP 	show_condition_text: autoDraw = True
33.5500 	EXP 	show_condition_text: text = '****'
33.5500 	EXP 	show_condition_text: autoDraw = True
33.5675 	EXP 	show_condition_text: text = '****'
33.5675 	EXP 	show_condition_text: autoDraw = True
33.5836 	EXP 	show_condition_text: text = '****'
33.5836 	EXP 	show_condition_text: autoDraw = True
33.6008 	EXP 	show_condition_text: text = '****'
33.6008 	EXP 	show_condition_text: autoDraw = True
33.6170 	EXP 	show_condition_text: text = '****'
33.6170 	EXP 	show_condition_text: autoDraw = True
33.6340 	EXP 	show_condition_text: text = '****'
33.6340 	EXP 	show_condition_text: autoDraw = True
33.6501 	EXP 	show_condition_text: text = '****'
33.6501 	EXP 	show_condition_text: autoDraw = True
33.6674 	EXP 	show_condition_text: text = '****'
33.6674 	EXP 	show_condition_text: autoDraw = True
33.6832 	EXP 	show_condition_text: text = '****'
33.6832 	EXP 	show_condition_text: autoDraw = True
33.7009 	EXP 	show_condition_text: text = '****'
33.7009 	EXP 	show_condition_text: autoDraw = True
33.7169 	EXP 	show_condition_text: text = '****'
33.7169 	EXP 	show_condition_text: autoDraw = True
33.7342 	EXP 	show_condition_text: text = '****'
33.7342 	EXP 	show_condition_text: autoDraw = True
33.7507 	EXP 	show_condition_text: text = '****'
33.7507 	EXP 	show_condition_text: autoDraw = True
33.7674 	EXP 	show_condition_text: text = '****'
33.7674 	EXP 	show_condition_text: autoDraw = True
33.7834 	EXP 	show_condition_text: text = '****'
33.7834 	EXP 	show_condition_text: autoDraw = True
33.8007 	EXP 	show_condition_text: text = '****'
33.8007 	EXP 	show_condition_text: autoDraw = True
33.8171 	EXP 	show_condition_text: text = '****'
33.8171 	EXP 	show_condition_text: autoDraw = True
33.8342 	EXP 	show_condition_text: text = '****'
33.8342 	EXP 	show_condition_text: autoDraw = True
33.8511 	EXP 	show_condition_text: text = '****'
33.8511 	EXP 	show_condition_text: autoDraw = True
33.8677 	EXP 	show_condition_text: text = '****'
33.8677 	EXP 	show_condition_text: autoDraw = True
33.8842 	EXP 	show_condition_text: text = '****'
33.8842 	EXP 	show_condition_text: autoDraw = True
33.9009 	EXP 	show_condition_text: text = '****'
33.9009 	EXP 	show_condition_text: autoDraw = True
33.9170 	EXP 	show_condition_text: text = '****'
33.9170 	EXP 	show_condition_text: autoDraw = True
33.9338 	EXP 	show_condition_text: text = '****'
33.9338 	EXP 	show_condition_text: autoDraw = True
33.9509 	EXP 	show_condition_text: text = '****'
33.9509 	EXP 	show_condition_text: autoDraw = True
33.9671 	EXP 	show_condition_text: text = '****'
33.9671 	EXP 	show_condition_text: autoDraw = True
33.9838 	EXP 	show_condition_text: text = '****'
33.9838 	EXP 	show_condition_text: autoDraw = True
34.0001 	EXP 	show_condition_text: text = '****'
34.0001 	EXP 	show_condition_text: autoDraw = True
34.0174 	EXP 	show_condition_text: text = '****'
34.0174 	EXP 	show_condition_text: autoDraw = True
34.0339 	EXP 	show_condition_text: text = '****'
34.0339 	EXP 	show_condition_text: autoDraw = True
34.0509 	EXP 	show_condition_text: text = '****'
34.0509 	EXP 	show_condition_text: autoDraw = True
34.0670 	EXP 	show_condition_text: text = '****'
34.0670 	EXP 	show_condition_text: autoDraw = True
34.0840 	EXP 	show_condition_text: text = '****'
34.0840 	EXP 	show_condition_text: autoDraw = True
34.1009 	EXP 	show_condition_text: text = '****'
34.1009 	EXP 	show_condition_text: autoDraw = True
34.1173 	EXP 	show_condition_text: text = '****'
34.1173 	EXP 	show_condition_text: autoDraw = True
34.1333 	EXP 	show_condition_text: text = '****'
34.1333 	EXP 	show_condition_text: autoDraw = True
34.1507 	EXP 	show_condition_text: text = '****'
34.1507 	EXP 	show_condition_text: autoDraw = True
34.1676 	EXP 	show_condition_text: text = '****'
34.1676 	EXP 	show_condition_text: autoDraw = True
34.1836 	EXP 	show_condition_text: text = '****'
34.1836 	EXP 	show_condition_text: autoDraw = True
34.2009 	EXP 	show_condition_text: text = '****'
34.2009 	EXP 	show_condition_text: autoDraw = True
34.2173 	EXP 	show_condition_text: text = '****'
34.2173 	EXP 	show_condition_text: autoDraw = True
34.2342 	EXP 	show_condition_text: text = '****'
34.2342 	EXP 	show_condition_text: autoDraw = True
34.2507 	EXP 	show_condition_text: text = '****'
34.2507 	EXP 	show_condition_text: autoDraw = True
34.2669 	EXP 	show_condition_text: text = '****'
34.2669 	EXP 	show_condition_text: autoDraw = True
34.2839 	EXP 	show_condition_text: text = '****'
34.2839 	EXP 	show_condition_text: autoDraw = True
34.2999 	EXP 	show_condition_text: text = '****'
34.2999 	EXP 	show_condition_text: autoDraw = True
34.3169 	EXP 	show_condition_text: text = '****'
34.3169 	EXP 	show_condition_text: autoDraw = True
34.3340 	EXP 	show_condition_text: text = '****'
34.3340 	EXP 	show_condition_text: autoDraw = True
34.3500 	EXP 	show_condition_text: text = '****'
34.3500 	EXP 	show_condition_text: autoDraw = True
34.3673 	EXP 	show_condition_text: text = '****'
34.3673 	EXP 	show_condition_text: autoDraw = True
34.3840 	EXP 	show_condition_text: text = '****'
34.3840 	EXP 	show_condition_text: autoDraw = True
34.4003 	EXP 	show_condition_text: text = '****'
34.4003 	EXP 	show_condition_text: autoDraw = True
34.4168 	EXP 	show_condition_text: text = '****'
34.4168 	EXP 	show_condition_text: autoDraw = True
34.4339 	EXP 	show_condition_text: text = '****'
34.4339 	EXP 	show_condition_text: autoDraw = True
34.4507 	EXP 	show_condition_text: text = '****'
34.4507 	EXP 	show_condition_text: autoDraw = True
34.4675 	EXP 	show_condition_text: text = '****'
34.4675 	EXP 	show_condition_text: autoDraw = True
34.4840 	EXP 	show_condition_text: text = '****'
34.4840 	EXP 	show_condition_text: autoDraw = True
34.5009 	EXP 	show_condition_text: text = '****'
34.5009 	EXP 	show_condition_text: autoDraw = True
34.5172 	EXP 	show_condition_text: text = '****'
34.5172 	EXP 	show_condition_text: autoDraw = True
34.5341 	EXP 	show_condition_text: text = '****'
34.5341 	EXP 	show_condition_text: autoDraw = True
34.5506 	EXP 	show_condition_text: text = '****'
34.5506 	EXP 	show_condition_text: autoDraw = True
34.5669 	EXP 	show_condition_text: text = '****'
34.5669 	EXP 	show_condition_text: autoDraw = True
34.5832 	EXP 	show_condition_text: text = '****'
34.5832 	EXP 	show_condition_text: autoDraw = True
34.6005 	EXP 	show_condition_text: text = '****'
34.6005 	EXP 	show_condition_text: autoDraw = True
34.6173 	EXP 	show_condition_text: text = '****'
34.6173 	EXP 	show_condition_text: autoDraw = True
34.6336 	EXP 	show_condition_text: text = '****'
34.6336 	EXP 	show_condition_text: autoDraw = True
34.6506 	EXP 	show_condition_text: text = '****'
34.6506 	EXP 	show_condition_text: autoDraw = True
34.6676 	EXP 	show_condition_text: text = '****'
34.6676 	EXP 	show_condition_text: autoDraw = True
34.6840 	EXP 	show_condition_text: text = '****'
34.6840 	EXP 	show_condition_text: autoDraw = True
34.7006 	EXP 	show_condition_text: text = '****'
34.7006 	EXP 	show_condition_text: autoDraw = True
34.7168 	EXP 	show_condition_text: text = '****'
34.7168 	EXP 	show_condition_text: autoDraw = True
34.7337 	EXP 	show_condition_text: text = '****'
34.7337 	EXP 	show_condition_text: autoDraw = True
34.7501 	EXP 	show_condition_text: text = '****'
34.7501 	EXP 	show_condition_text: autoDraw = True
34.7673 	EXP 	show_condition_text: text = '****'
34.7673 	EXP 	show_condition_text: autoDraw = True
34.7840 	EXP 	show_condition_text: text = '****'
34.7840 	EXP 	show_condition_text: autoDraw = True
34.8007 	EXP 	show_condition_text: text = '****'
34.8007 	EXP 	show_condition_text: autoDraw = True
34.8173 	EXP 	show_condition_text: text = '****'
34.8173 	EXP 	show_condition_text: autoDraw = True
34.8338 	EXP 	show_condition_text: text = '****'
34.8338 	EXP 	show_condition_text: autoDraw = True
34.8504 	EXP 	show_condition_text: text = '****'
34.8504 	EXP 	show_condition_text: autoDraw = True
34.8670 	EXP 	show_condition_text: text = '****'
34.8670 	EXP 	show_condition_text: autoDraw = True
34.8836 	EXP 	show_condition_text: text = '****'
34.8836 	EXP 	show_condition_text: autoDraw = True
34.9004 	EXP 	show_condition_text: text = '****'
34.9004 	EXP 	show_condition_text: autoDraw = True
34.9170 	EXP 	show_condition_text: text = '****'
34.9170 	EXP 	show_condition_text: autoDraw = True
34.9337 	EXP 	show_condition_text: text = '****'
34.9337 	EXP 	show_condition_text: autoDraw = True
34.9503 	EXP 	show_condition_text: text = '****'
34.9503 	EXP 	show_condition_text: autoDraw = True
34.9670 	EXP 	show_condition_text: text = '****'
34.9670 	EXP 	show_condition_text: autoDraw = True
34.9837 	EXP 	show_condition_text: text = '****'
34.9837 	EXP 	show_condition_text: autoDraw = True
34.9997 	EXP 	show_condition_text: text = '****'
34.9997 	EXP 	show_condition_text: autoDraw = True
35.0170 	EXP 	show_condition_text: text = '****'
35.0170 	EXP 	show_condition_text: autoDraw = True
35.0337 	EXP 	show_condition_text: text = '****'
35.0337 	EXP 	show_condition_text: autoDraw = True
35.0504 	EXP 	show_condition_text: text = '****'
35.0504 	EXP 	show_condition_text: autoDraw = True
35.0671 	EXP 	show_condition_text: text = '****'
35.0671 	EXP 	show_condition_text: autoDraw = True
35.0837 	EXP 	show_condition_text: text = '****'
35.0837 	EXP 	show_condition_text: autoDraw = True
35.1003 	EXP 	show_condition_text: text = '****'
35.1003 	EXP 	show_condition_text: autoDraw = True
35.1172 	EXP 	show_condition_text: text = '****'
35.1172 	EXP 	show_condition_text: autoDraw = True
35.1338 	EXP 	show_condition_text: text = '****'
35.1338 	EXP 	show_condition_text: autoDraw = True
35.1505 	EXP 	show_condition_text: text = '****'
35.1505 	EXP 	show_condition_text: autoDraw = True
35.1671 	EXP 	show_condition_text: text = '****'
35.1671 	EXP 	show_condition_text: autoDraw = True
35.1837 	EXP 	show_condition_text: text = '****'
35.1837 	EXP 	show_condition_text: autoDraw = True
35.2002 	EXP 	show_condition_text: text = '****'
35.2002 	EXP 	show_condition_text: autoDraw = True
35.2171 	EXP 	show_condition_text: text = '****'
35.2171 	EXP 	show_condition_text: autoDraw = True
35.2336 	EXP 	show_condition_text: text = '****'
35.2336 	EXP 	show_condition_text: autoDraw = True
35.2498 	EXP 	show_condition_text: text = '****'
35.2498 	EXP 	show_condition_text: autoDraw = True
35.2669 	EXP 	show_condition_text: text = '****'
35.2669 	EXP 	show_condition_text: autoDraw = True
35.2841 	EXP 	show_condition_text: text = '****'
35.2841 	EXP 	show_condition_text: autoDraw = True
35.3002 	EXP 	show_condition_text: text = '****'
35.3002 	EXP 	show_condition_text: autoDraw = True
35.3170 	EXP 	show_condition_text: text = '****'
35.3170 	EXP 	show_condition_text: autoDraw = True
35.3342 	EXP 	show_condition_text: text = '****'
35.3342 	EXP 	show_condition_text: autoDraw = True
35.3509 	EXP 	show_condition_text: text = '****'
35.3509 	EXP 	show_condition_text: autoDraw = True
35.3675 	EXP 	show_condition_text: text = '****'
35.3675 	EXP 	show_condition_text: autoDraw = True
35.3842 	EXP 	show_condition_text: text = '****'
35.3842 	EXP 	show_condition_text: autoDraw = True
35.4010 	EXP 	show_condition_text: text = '****'
35.4010 	EXP 	show_condition_text: autoDraw = True
35.4176 	EXP 	show_condition_text: text = '****'
35.4176 	EXP 	show_condition_text: autoDraw = True
35.4343 	EXP 	show_condition_text: text = '****'
35.4343 	EXP 	show_condition_text: autoDraw = True
35.4510 	EXP 	show_condition_text: text = '****'
35.4510 	EXP 	show_condition_text: autoDraw = True
35.4674 	EXP 	show_condition_text: text = '****'
35.4674 	EXP 	show_condition_text: autoDraw = True
35.4842 	EXP 	show_condition_text: text = '****'
35.4842 	EXP 	show_condition_text: autoDraw = True
35.5012 	EXP 	show_condition_text: text = '****'
35.5012 	EXP 	show_condition_text: autoDraw = True
35.5174 	EXP 	show_condition_text: text = '****'
35.5174 	EXP 	show_condition_text: autoDraw = True
35.5343 	EXP 	show_condition_text: text = '****'
35.5343 	EXP 	show_condition_text: autoDraw = True
35.5512 	EXP 	show_condition_text: text = '****'
35.5512 	EXP 	show_condition_text: autoDraw = True
35.5678 	EXP 	show_condition_text: text = '****'
35.5678 	EXP 	show_condition_text: autoDraw = True
35.5840 	EXP 	show_condition_text: text = '****'
35.5840 	EXP 	show_condition_text: autoDraw = True
35.6011 	EXP 	show_condition_text: text = '****'
35.6011 	EXP 	show_condition_text: autoDraw = True
35.6178 	EXP 	show_condition_text: text = '****'
35.6178 	EXP 	show_condition_text: autoDraw = True
35.6345 	EXP 	show_condition_text: text = '****'
35.6345 	EXP 	show_condition_text: autoDraw = True
35.6511 	EXP 	show_condition_text: text = '****'
35.6511 	EXP 	show_condition_text: autoDraw = True
35.6677 	EXP 	show_condition_text: text = '****'
35.6677 	EXP 	show_condition_text: autoDraw = True
35.6846 	EXP 	show_condition_text: text = '****'
35.6846 	EXP 	show_condition_text: autoDraw = True
35.7012 	EXP 	show_condition_text: text = '****'
35.7012 	EXP 	show_condition_text: autoDraw = True
35.7178 	EXP 	show_condition_text: text = '****'
35.7178 	EXP 	show_condition_text: autoDraw = True
35.7345 	EXP 	show_condition_text: text = '****'
35.7345 	EXP 	show_condition_text: autoDraw = True
35.7507 	EXP 	show_condition_text: text = '****'
35.7507 	EXP 	show_condition_text: autoDraw = True
35.7674 	EXP 	show_condition_text: text = '****'
35.7674 	EXP 	show_condition_text: autoDraw = True
35.7844 	EXP 	show_condition_text: text = '****'
35.7844 	EXP 	show_condition_text: autoDraw = True
35.8012 	EXP 	show_condition_text: text = '****'
35.8012 	EXP 	show_condition_text: autoDraw = True
35.8174 	EXP 	show_condition_text: text = '****'
35.8174 	EXP 	show_condition_text: autoDraw = True
35.8346 	EXP 	show_condition_text: text = '****'
35.8346 	EXP 	show_condition_text: autoDraw = True
35.8504 	EXP 	show_condition_text: text = '****'
35.8504 	EXP 	show_condition_text: autoDraw = True
35.8680 	EXP 	show_condition_text: text = '****'
35.8680 	EXP 	show_condition_text: autoDraw = True
35.8843 	EXP 	show_condition_text: text = '****'
35.8843 	EXP 	show_condition_text: autoDraw = True
35.8872 	DATA 	Keypress: space
35.9012 	EXP 	show_condition_text: text = '****'
35.9012 	EXP 	show_condition_text: autoDraw = True
35.9180 	EXP 	show_condition_text: text = '****'
35.9180 	EXP 	show_condition_text: autoDraw = True
35.9347 	EXP 	show_condition_text: text = '****'
35.9347 	EXP 	show_condition_text: autoDraw = True
35.9510 	EXP 	show_condition_text: text = '****'
35.9510 	EXP 	show_condition_text: autoDraw = True
35.9679 	EXP 	show_condition_text: text = '****'
35.9679 	EXP 	show_condition_text: autoDraw = True
35.9844 	EXP 	show_condition_text: text = '****'
35.9844 	EXP 	show_condition_text: autoDraw = True
36.0010 	EXP 	show_condition_text: text = '****'
36.0010 	EXP 	show_condition_text: autoDraw = True
36.0177 	EXP 	show_condition_text: text = '****'
36.0177 	EXP 	show_condition_text: autoDraw = True
36.0345 	EXP 	show_condition_text: text = '****'
36.0345 	EXP 	show_condition_text: autoDraw = True
36.0510 	EXP 	show_condition_text: text = '****'
36.0510 	EXP 	show_condition_text: autoDraw = True
36.0516 	EXP 	New trial (rep=0, index=1): OrderedDict([('wlist_index', 12)])
36.0569 	EXP 	Imported csvs/12.csv as conditions, 7 conditions, 1 params
36.0573 	EXP 	Created sequence: random, trialTypes=7, nReps=1, seed=None
36.0575 	EXP 	New trial (rep=0, index=0): OrderedDict([('word', 'bangkok')])
36.0847 	EXP 	show_condition_text: text = 'bangkok'
36.0847 	EXP 	show_condition_text: autoDraw = True
36.1014 	EXP 	show_condition_text: autoDraw = True
36.1181 	EXP 	show_condition_text: autoDraw = True
36.1348 	EXP 	show_condition_text: autoDraw = True
36.1514 	EXP 	show_condition_text: autoDraw = True
36.1681 	EXP 	show_condition_text: autoDraw = True
36.1848 	EXP 	show_condition_text: autoDraw = True
36.2014 	EXP 	show_condition_text: autoDraw = True
36.2182 	EXP 	show_condition_text: autoDraw = True
36.2347 	EXP 	show_condition_text: autoDraw = True
36.2513 	EXP 	show_condition_text: autoDraw = True
36.2681 	EXP 	show_condition_text: autoDraw = True
36.2848 	EXP 	show_condition_text: autoDraw = True
36.3014 	EXP 	show_condition_text: autoDraw = True
36.3181 	EXP 	show_condition_text: autoDraw = True
36.3346 	EXP 	show_condition_text: autoDraw = True
36.3517 	EXP 	show_condition_text: autoDraw = True
36.3682 	EXP 	show_condition_text: autoDraw = True
36.3847 	EXP 	show_condition_text: autoDraw = True
36.4014 	EXP 	show_condition_text: autoDraw = True
36.4181 	EXP 	show_condition_text: autoDraw = True
36.4347 	EXP 	show_condition_text: autoDraw = True
36.4514 	EXP 	show_condition_text: autoDraw = True
36.4681 	EXP 	show_condition_text: autoDraw = True
36.4848 	EXP 	show_condition_text: autoDraw = True
36.5014 	EXP 	show_condition_text: autoDraw = True
36.5180 	EXP 	show_condition_text: autoDraw = True
36.5347 	EXP 	show_condition_text: autoDraw = True
36.5517 	EXP 	show_condition_text: autoDraw = True
36.5681 	EXP 	show_condition_text: autoDraw = True
36.5848 	EXP 	show_condition_text: autoDraw = True
36.6014 	EXP 	show_condition_text: autoDraw = True
36.6182 	EXP 	show_condition_text: autoDraw = True
36.6349 	EXP 	show_condition_text: autoDraw = True
36.6514 	EXP 	show_condition_text: autoDraw = True
36.6682 	EXP 	show_condition_text: autoDraw = True
36.6847 	EXP 	show_condition_text: autoDraw = True
36.7015 	EXP 	show_condition_text: autoDraw = True
36.7181 	EXP 	show_condition_text: autoDraw = True
36.7347 	EXP 	show_condition_text: autoDraw = True
36.7514 	EXP 	show_condition_text: autoDraw = True
36.7682 	EXP 	show_condition_text: autoDraw = True
36.7847 	EXP 	show_condition_text: autoDraw = True
36.8015 	EXP 	show_condition_text: autoDraw = True
36.8179 	EXP 	show_condition_text: autoDraw = True
36.8349 	EXP 	show_condition_text: autoDraw = True
36.8510 	EXP 	show_condition_text: autoDraw = True
36.8676 	EXP 	show_condition_text: autoDraw = True
36.8845 	EXP 	show_condition_text: autoDraw = True
36.9017 	EXP 	show_condition_text: autoDraw = True
36.9182 	EXP 	show_condition_text: autoDraw = True
36.9347 	EXP 	show_condition_text: autoDraw = True
36.9515 	EXP 	show_condition_text: autoDraw = True
36.9683 	EXP 	show_condition_text: autoDraw = True
36.9848 	EXP 	show_condition_text: autoDraw = True
37.0014 	EXP 	show_condition_text: autoDraw = True
37.0182 	EXP 	show_condition_text: autoDraw = True
37.0348 	EXP 	show_condition_text: autoDraw = True
37.0514 	EXP 	show_condition_text: autoDraw = True
37.0680 	EXP 	show_condition_text: autoDraw = True
37.0848 	EXP 	show_condition_text: autoDraw = True
37.1014 	EXP 	show_condition_text: autoDraw = True
37.1181 	EXP 	show_condition_text: autoDraw = True
37.1347 	EXP 	show_condition_text: autoDraw = True
37.1514 	EXP 	show_condition_text: autoDraw = True
37.1681 	EXP 	show_condition_text: autoDraw = True
37.1847 	EXP 	show_condition_text: autoDraw = True
37.2014 	EXP 	show_condition_text: autoDraw = True
37.2181 	EXP 	show_condition_text: autoDraw = True
37.2347 	EXP 	show_condition_text: autoDraw = True
37.2514 	EXP 	show_condition_text: autoDraw = True
37.2682 	EXP 	show_condition_text: autoDraw = True
37.2849 	EXP 	show_condition_text: autoDraw = True
37.3014 	EXP 	show_condition_text: autoDraw = True
37.3181 	EXP 	show_condition_text: autoDraw = True
37.3350 	EXP 	show_condition_text: autoDraw = True
37.3517 	EXP 	show_condition_text: autoDraw = True
37.3682 	EXP 	show_condition_text: autoDraw = True
37.3849 	EXP 	show_condition_text: autoDraw = True
37.4014 	EXP 	show_condition_text: autoDraw = True
37.4181 	EXP 	show_condition_text: autoDraw = True
37.4346 	EXP 	show_condition_text: autoDraw = True
37.4505 	EXP 	show_condition_text: autoDraw = True
37.4681 	EXP 	show_condition_text: autoDraw = True
37.4843 	EXP 	show_condition_text: autoDraw = True
37.5015 	EXP 	show_condition_text: autoDraw = True
37.5182 	EXP 	show_condition_text: autoDraw = True
37.5346 	EXP 	show_condition_text: autoDraw = True
37.5515 	EXP 	show_condition_text: autoDraw = True
37.5680 	EXP 	show_condition_text: autoDraw = True
37.5847 	EXP 	show_condition_text: autoDraw = True
37.6015 	EXP 	show_condition_text: autoDraw = True
37.6180 	EXP 	show_condition_text: autoDraw = True
37.6347 	EXP 	show_condition_text: autoDraw = True
37.6514 	EXP 	show_condition_text: autoDraw = True
37.6680 	EXP 	show_condition_text: autoDraw = True
37.6848 	EXP 	show_condition_text: autoDraw = True
37.7017 	EXP 	show_condition_text: autoDraw = True
37.7182 	EXP 	show_condition_text: autoDraw = True
37.7347 	EXP 	show_condition_text: autoDraw = True
37.7514 	EXP 	show_condition_text: autoDraw = True
37.7679 	EXP 	show_condition_text: autoDraw = True
37.7850 	EXP 	show_condition_text: autoDraw = True
37.8014 	EXP 	show_condition_text: autoDraw = True
37.8180 	EXP 	show_condition_text: autoDraw = True
37.8348 	EXP 	show_condition_text: autoDraw = True
37.8514 	EXP 	show_condition_text: autoDraw = True
37.8681 	EXP 	show_condition_text: autoDraw = True
37.8847 	EXP 	show_condition_text: autoDraw = True
37.9015 	EXP 	show_condition_text: autoDraw = True
37.9180 	EXP 	show_condition_text: autoDraw = True
37.9348 	EXP 	show_condition_text: autoDraw = True
37.9515 	EXP 	show_condition_text: autoDraw = True
37.9678 	EXP 	show_condition_text: autoDraw = True
37.9841 	EXP 	show_condition_text: autoDraw = True
38.0016 	EXP 	show_condition_text: autoDraw = True
38.0184 	EXP 	show_condition_text: autoDraw = True
38.0349 	EXP 	show_condition_text: autoDraw = True
38.0513 	EXP 	show_condition_text: autoDraw = True
38.0681 	EXP 	show_condition_text: autoDraw = True
38.0847 	EXP 	show_condition_text: autoDraw = True
38.1014 	EXP 	show_condition_text: autoDraw = True
38.1180 	EXP 	show_condition_text: autoDraw = True
38.1348 	EXP 	show_condition_text: autoDraw = True
38.1515 	EXP 	show_condition_text: autoDraw = True
38.1680 	EXP 	show_condition_text: autoDraw = True
38.1848 	EXP 	show_condition_text: autoDraw = True
38.2014 	EXP 	show_condition_text: autoDraw = True
38.2181 	EXP 	show_condition_text: autoDraw = True
38.2346 	EXP 	show_condition_text: autoDraw = True
38.2514 	EXP 	show_condition_text: autoDraw = True
38.2682 	EXP 	show_condition_text: autoDraw = True
38.2847 	EXP 	show_condition_text: autoDraw = True
38.3016 	EXP 	show_condition_text: autoDraw = True
38.3180 	EXP 	show_condition_text: autoDraw = True
38.3346 	EXP 	show_condition_text: autoDraw = True
38.3516 	EXP 	show_condition_text: autoDraw = True
38.3680 	EXP 	show_condition_text: autoDraw = True
38.3847 	EXP 	show_condition_text: autoDraw = True
38.4014 	EXP 	show_condition_text: autoDraw = True
38.4180 	EXP 	show_condition_text: autoDraw = True
38.4347 	EXP 	show_condition_text: autoDraw = True
38.4513 	EXP 	show_condition_text: autoDraw = True
38.4683 	EXP 	show_condition_text: autoDraw = True
38.4847 	EXP 	show_condition_text: autoDraw = True
38.5011 	EXP 	show_condition_text: autoDraw = True
38.5182 	EXP 	show_condition_text: autoDraw = True
38.5347 	EXP 	show_condition_text: autoDraw = True
38.5514 	EXP 	show_condition_text: autoDraw = True
38.5680 	EXP 	show_condition_text: autoDraw = True
38.5847 	EXP 	show_condition_text: autoDraw = True
38.6015 	EXP 	show_condition_text: autoDraw = True
38.6180 	EXP 	show_condition_text: autoDraw = True
38.6348 	EXP 	show_condition_text: autoDraw = True
38.6514 	EXP 	show_condition_text: autoDraw = True
38.6680 	EXP 	show_condition_text: autoDraw = True
38.6847 	EXP 	show_condition_text: autoDraw = True
38.7013 	EXP 	show_condition_text: autoDraw = True
38.7180 	EXP 	show_condition_text: autoDraw = True
38.7347 	EXP 	show_condition_text: autoDraw = True
38.7514 	EXP 	show_condition_text: autoDraw = True
38.7681 	EXP 	show_condition_text: autoDraw = True
38.7849 	EXP 	show_condition_text: autoDraw = True
38.8013 	EXP 	show_condition_text: autoDraw = True
38.8180 	EXP 	show_condition_text: autoDraw = True
38.8347 	EXP 	show_condition_text: autoDraw = True
38.8514 	EXP 	show_condition_text: autoDraw = True
38.8680 	EXP 	show_condition_text: autoDraw = True
38.8847 	EXP 	show_condition_text: autoDraw = True
38.9014 	EXP 	show_condition_text: autoDraw = True
38.9180 	EXP 	show_condition_text: autoDraw = True
38.9347 	EXP 	show_condition_text: autoDraw = True
38.9515 	EXP 	show_condition_text: autoDraw = True
38.9680 	EXP 	show_condition_text: autoDraw = True
38.9848 	EXP 	show_condition_text: autoDraw = True
39.0013 	EXP 	show_condition_text: autoDraw = True
39.0181 	EXP 	show_condition_text: autoDraw = True
39.0347 	EXP 	show_condition_text: autoDraw = True
39.0514 	EXP 	show_condition_text: autoDraw = True
39.0675 	EXP 	show_condition_text: autoDraw = True
39.0680 	EXP 	New trial (rep=0, index=1): OrderedDict([('word', 'keyword')])
39.0863 	EXP 	show_condition_text: autoDraw = False
39.0863 	EXP 	show_condition_text: text = 'keyword'
39.0863 	EXP 	show_condition_text: autoDraw = True
39.5212 	DATA 	Keypress: escape
39.8969 	EXP 	window1: mouseVisible = True
