5.9253 	WARNING 	User requested fullscreen with size [1024  768], but screen is actually [1440, 900]. Using actual size
6.6173 	EXP 	Created window1 = Window(allowGUI=False, allowStencil=False, args=UNKNOWN, autoLog=True, bitsMode=UNKNOWN, blendMode='avg', color=array([0., 0., 0.]), colorSpace='rgb', fullscr=<method-wrapper '__getattribute__' of attributeSetter object at 0x1305cd828>, gamma=None, gammaErrorPolicy='raise', kwargs=UNKNOWN, lms=UNKNOWN, monitor=<psychopy.monitors.calibTools.Monitor object at 0x132b6f588>, multiSample=False, name='window1', numSamples=2, pos=[360.0, 225.0], screen=0, size=array([2880, 1800]), stereo=False, units='height', useFBO=True, useRetina=True, viewOri=0.0, viewPos=None, viewScale=None, waitBlanking=True, winType='pyglet')
6.6174 	EXP 	window1: recordFrameIntervals = False
6.7745 	EXP 	window1: recordFrameIntervals = True
6.9591 	EXP 	window1: recordFrameIntervals = False
7.3813 	EXP 	Created instructions_text = TextStim(__class__=<class 'psychopy.visual.text.TextStim'>, alignHoriz='center', alignVert='center', antialias=True, autoLog=True, bold=False, color='white', colorSpace='named', contrast=1.0, depth=0.0, flipHoriz=False, flipVert=False, font='Arial', fontFiles=[], height=0.1, italic=False, languageStyle='LTR', name='instructions_text', opacity=1.0, ori=0, pos=array([0., 0.]), rgb=array([255., 255., 255.]), text='Welcome!', units='height', win=Window(...), wrapWidth=1)
7.4377 	EXP 	Created show_condition_text = TextStim(__class__=<class 'psychopy.visual.text.TextStim'>, alignHoriz='center', alignVert='center', antialias=True, autoLog=True, bold=False, color='white', colorSpace='named', contrast=1.0, depth=0.0, flipHoriz=False, flipVert=False, font='Arial', fontFiles=[], height=0.1, italic=False, languageStyle='LTR', name='show_condition_text', opacity=1.0, ori=0, pos=array([0., 0.]), rgb=array([255., 255., 255.]), text='default text', units='height', win=Window(...), wrapWidth=1)
7.4594 	EXP 	instructions_text: autoDraw = True
7.6638 	EXP 	Imported csvs/noise_conditions.csv as conditions, 4 conditions, 1 params
7.6641 	EXP 	Created sequence: random, trialTypes=4, nReps=1, seed=None
7.6643 	EXP 	New trial (rep=0, index=0): OrderedDict([('condition', 3)])
7.6663 	EXP 	Imported csvs/condition_3_wlists_indices.csv as conditions, 8 conditions, 1 params
7.6666 	EXP 	Created sequence: random, trialTypes=8, nReps=1, seed=None
7.6668 	EXP 	New trial (rep=0, index=0): OrderedDict([('wlist_index', 32)])
7.6697 	EXP 	Imported csvs/32.csv as conditions, 5 conditions, 1 params
7.6700 	EXP 	Created sequence: random, trialTypes=5, nReps=1, seed=None
7.6702 	EXP 	New trial (rep=0, index=0): OrderedDict([('word', 'declared')])
7.6834 	DATA 	Keypress: space
7.6954 	EXP 	instructions_text: autoDraw = False
7.6954 	EXP 	show_condition_text: text = 'declared'
7.6954 	EXP 	show_condition_text: autoDraw = True
7.6959 	EXP 	New trial (rep=0, index=1): OrderedDict([('word', 'ranks')])
7.7247 	EXP 	show_condition_text: autoDraw = False
7.7247 	EXP 	show_condition_text: text = 'ranks'
7.7247 	EXP 	show_condition_text: autoDraw = True
7.7252 	EXP 	New trial (rep=0, index=2): OrderedDict([('word', 'jamaica')])
7.7457 	EXP 	show_condition_text: autoDraw = False
7.7457 	EXP 	show_condition_text: text = 'jamaica'
7.7457 	EXP 	show_condition_text: autoDraw = True
7.7462 	EXP 	New trial (rep=0, index=3): OrderedDict([('word', 'feedback')])
7.7746 	EXP 	show_condition_text: autoDraw = False
7.7746 	EXP 	show_condition_text: text = 'feedback'
7.7746 	EXP 	show_condition_text: autoDraw = True
7.7750 	EXP 	New trial (rep=0, index=4): OrderedDict([('word', 'transport')])
7.7931 	EXP 	show_condition_text: autoDraw = False
7.7931 	EXP 	show_condition_text: text = 'transport'
7.7931 	EXP 	show_condition_text: autoDraw = True
7.8083 	EXP 	show_condition_text: autoDraw = False
7.8083 	EXP 	show_condition_text: text = '****'
7.8083 	EXP 	show_condition_text: autoDraw = True
8.6881 	DATA 	Keypress: space
8.7097 	EXP 	show_condition_text: autoDraw = False
8.7102 	EXP 	New trial (rep=0, index=1): OrderedDict([('wlist_index', 30)])
8.7140 	EXP 	Imported csvs/30.csv as conditions, 9 conditions, 1 params
8.7143 	EXP 	Created sequence: random, trialTypes=9, nReps=1, seed=None
8.7145 	EXP 	New trial (rep=0, index=0): OrderedDict([('word', 'engage')])
8.7421 	EXP 	show_condition_text: text = 'engage'
8.7421 	EXP 	show_condition_text: autoDraw = True
8.7428 	EXP 	New trial (rep=0, index=1): OrderedDict([('word', 'sat')])
8.7592 	EXP 	show_condition_text: autoDraw = False
8.7592 	EXP 	show_condition_text: text = 'sat'
8.7592 	EXP 	show_condition_text: autoDraw = True
8.7597 	EXP 	New trial (rep=0, index=2): OrderedDict([('word', 'inter')])
8.7753 	EXP 	show_condition_text: autoDraw = False
8.7753 	EXP 	show_condition_text: text = 'inter'
8.7753 	EXP 	show_condition_text: autoDraw = True
8.7757 	EXP 	New trial (rep=0, index=3): OrderedDict([('word', 'parts')])
8.7921 	EXP 	show_condition_text: autoDraw = False
8.7921 	EXP 	show_condition_text: text = 'parts'
8.7921 	EXP 	show_condition_text: autoDraw = True
8.7926 	EXP 	New trial (rep=0, index=4): OrderedDict([('word', 'charger')])
8.8122 	EXP 	show_condition_text: autoDraw = False
8.8122 	EXP 	show_condition_text: text = 'charger'
8.8122 	EXP 	show_condition_text: autoDraw = True
8.8126 	EXP 	New trial (rep=0, index=5): OrderedDict([('word', 'acm')])
8.8277 	EXP 	show_condition_text: autoDraw = False
8.8277 	EXP 	show_condition_text: text = 'acm'
8.8277 	EXP 	show_condition_text: autoDraw = True
8.8282 	EXP 	New trial (rep=0, index=6): OrderedDict([('word', 'carry')])
8.8451 	EXP 	show_condition_text: autoDraw = False
8.8451 	EXP 	show_condition_text: text = 'carry'
8.8451 	EXP 	show_condition_text: autoDraw = True
8.8457 	EXP 	New trial (rep=0, index=7): OrderedDict([('word', 'joshua')])
8.8608 	EXP 	show_condition_text: autoDraw = False
8.8608 	EXP 	show_condition_text: text = 'joshua'
8.8608 	EXP 	show_condition_text: autoDraw = True
8.8622 	EXP 	New trial (rep=0, index=8): OrderedDict([('word', 'eos')])
8.8774 	EXP 	show_condition_text: autoDraw = False
8.8774 	EXP 	show_condition_text: text = 'eos'
8.8774 	EXP 	show_condition_text: autoDraw = True
8.8918 	EXP 	show_condition_text: autoDraw = False
8.8918 	EXP 	show_condition_text: text = '****'
8.8918 	EXP 	show_condition_text: autoDraw = True
13.5621 	DATA 	Keypress: space
13.5766 	EXP 	show_condition_text: autoDraw = False
13.5770 	EXP 	New trial (rep=0, index=2): OrderedDict([('wlist_index', 11)])
13.5800 	EXP 	Imported csvs/11.csv as conditions, 11 conditions, 1 params
13.5804 	EXP 	Created sequence: random, trialTypes=11, nReps=1, seed=None
13.5806 	EXP 	New trial (rep=0, index=0): OrderedDict([('word', 'throwing')])
13.6095 	EXP 	show_condition_text: text = 'throwing'
13.6095 	EXP 	show_condition_text: autoDraw = True
13.6101 	EXP 	New trial (rep=0, index=1): OrderedDict([('word', 'boom')])
13.6273 	EXP 	show_condition_text: autoDraw = False
13.6273 	EXP 	show_condition_text: text = 'boom'
13.6273 	EXP 	show_condition_text: autoDraw = True
13.6277 	EXP 	New trial (rep=0, index=2): OrderedDict([('word', 'transparent')])
13.6458 	EXP 	show_condition_text: autoDraw = False
13.6458 	EXP 	show_condition_text: text = 'transparent'
13.6458 	EXP 	show_condition_text: autoDraw = True
13.6462 	EXP 	New trial (rep=0, index=3): OrderedDict([('word', 'sad')])
13.6612 	EXP 	show_condition_text: autoDraw = False
13.6612 	EXP 	show_condition_text: text = 'sad'
13.6612 	EXP 	show_condition_text: autoDraw = True
13.6618 	EXP 	New trial (rep=0, index=4): OrderedDict([('word', 'events')])
13.6910 	EXP 	show_condition_text: autoDraw = False
13.6910 	EXP 	show_condition_text: text = 'events'
13.6910 	EXP 	show_condition_text: autoDraw = True
13.6914 	EXP 	New trial (rep=0, index=5): OrderedDict([('word', 'remarkable')])
13.7081 	EXP 	show_condition_text: autoDraw = False
13.7081 	EXP 	show_condition_text: text = 'remarkable'
13.7081 	EXP 	show_condition_text: autoDraw = True
13.7086 	EXP 	New trial (rep=0, index=6): OrderedDict([('word', 'resorts')])
13.7250 	EXP 	show_condition_text: autoDraw = False
13.7250 	EXP 	show_condition_text: text = 'resorts'
13.7250 	EXP 	show_condition_text: autoDraw = True
13.7255 	EXP 	New trial (rep=0, index=7): OrderedDict([('word', 'trigger')])
13.7421 	EXP 	show_condition_text: autoDraw = False
13.7421 	EXP 	show_condition_text: text = 'trigger'
13.7421 	EXP 	show_condition_text: autoDraw = True
13.7428 	EXP 	New trial (rep=0, index=8): OrderedDict([('word', 'satisfactory')])
13.7618 	EXP 	show_condition_text: autoDraw = False
13.7618 	EXP 	show_condition_text: text = 'satisfactory'
13.7618 	EXP 	show_condition_text: autoDraw = True
13.7622 	EXP 	New trial (rep=0, index=9): OrderedDict([('word', 'gender')])
13.7790 	EXP 	show_condition_text: autoDraw = False
13.7790 	EXP 	show_condition_text: text = 'gender'
13.7790 	EXP 	show_condition_text: autoDraw = True
13.7795 	EXP 	New trial (rep=0, index=10): OrderedDict([('word', 'security')])
13.8076 	EXP 	show_condition_text: autoDraw = False
13.8076 	EXP 	show_condition_text: text = 'security'
13.8076 	EXP 	show_condition_text: autoDraw = True
13.8242 	EXP 	show_condition_text: autoDraw = False
13.8242 	EXP 	show_condition_text: text = '****'
13.8242 	EXP 	show_condition_text: autoDraw = True
14.2231 	DATA 	Keypress: space
14.2426 	EXP 	show_condition_text: autoDraw = False
14.2430 	EXP 	New trial (rep=0, index=3): OrderedDict([('wlist_index', 15)])
14.2831 	EXP 	Imported csvs/15.csv as conditions, 8 conditions, 1 params
14.2834 	EXP 	Created sequence: random, trialTypes=8, nReps=1, seed=None
14.2836 	EXP 	New trial (rep=0, index=0): OrderedDict([('word', 'seem')])
14.3076 	EXP 	show_condition_text: text = 'seem'
14.3076 	EXP 	show_condition_text: autoDraw = True
14.3080 	EXP 	New trial (rep=0, index=1): OrderedDict([('word', 'irc')])
14.3249 	EXP 	show_condition_text: autoDraw = False
14.3249 	EXP 	show_condition_text: text = 'irc'
14.3249 	EXP 	show_condition_text: autoDraw = True
14.3253 	EXP 	New trial (rep=0, index=2): OrderedDict([('word', 'traditions')])
14.3426 	EXP 	show_condition_text: autoDraw = False
14.3426 	EXP 	show_condition_text: text = 'traditions'
14.3426 	EXP 	show_condition_text: autoDraw = True
14.3430 	EXP 	New trial (rep=0, index=3): OrderedDict([('word', 'netherlands')])
14.3604 	EXP 	show_condition_text: autoDraw = False
14.3604 	EXP 	show_condition_text: text = 'netherlands'
14.3604 	EXP 	show_condition_text: autoDraw = True
14.3608 	EXP 	New trial (rep=0, index=4): OrderedDict([('word', 'harrison')])
14.3777 	EXP 	show_condition_text: autoDraw = False
14.3777 	EXP 	show_condition_text: text = 'harrison'
14.3777 	EXP 	show_condition_text: autoDraw = True
14.3781 	EXP 	New trial (rep=0, index=5): OrderedDict([('word', 'farmers')])
14.3938 	EXP 	show_condition_text: autoDraw = False
14.3938 	EXP 	show_condition_text: text = 'farmers'
14.3938 	EXP 	show_condition_text: autoDraw = True
14.3942 	EXP 	New trial (rep=0, index=6): OrderedDict([('word', 'burn')])
14.4101 	EXP 	show_condition_text: autoDraw = False
14.4101 	EXP 	show_condition_text: text = 'burn'
14.4101 	EXP 	show_condition_text: autoDraw = True
14.4105 	EXP 	New trial (rep=0, index=7): OrderedDict([('word', 'feels')])
14.4253 	EXP 	show_condition_text: autoDraw = False
14.4253 	EXP 	show_condition_text: text = 'feels'
14.4253 	EXP 	show_condition_text: autoDraw = True
14.4415 	EXP 	show_condition_text: autoDraw = False
14.4415 	EXP 	show_condition_text: text = '****'
14.4415 	EXP 	show_condition_text: autoDraw = True
14.8259 	DATA 	Keypress: space
14.8425 	EXP 	show_condition_text: autoDraw = False
14.8430 	EXP 	New trial (rep=0, index=4): OrderedDict([('wlist_index', 22)])
14.8547 	EXP 	Imported csvs/22.csv as conditions, 10 conditions, 1 params
14.8551 	EXP 	Created sequence: random, trialTypes=10, nReps=1, seed=None
14.8553 	EXP 	New trial (rep=0, index=0): OrderedDict([('word', 'sophisticated')])
14.8756 	EXP 	show_condition_text: text = 'sophisticated'
14.8756 	EXP 	show_condition_text: autoDraw = True
14.8760 	EXP 	New trial (rep=0, index=1): OrderedDict([('word', 'secret')])
14.8910 	EXP 	show_condition_text: autoDraw = False
14.8910 	EXP 	show_condition_text: text = 'secret'
14.8910 	EXP 	show_condition_text: autoDraw = True
14.8916 	EXP 	New trial (rep=0, index=2): OrderedDict([('word', 'gotten')])
14.9080 	EXP 	show_condition_text: autoDraw = False
14.9080 	EXP 	show_condition_text: text = 'gotten'
14.9080 	EXP 	show_condition_text: autoDraw = True
14.9085 	EXP 	New trial (rep=0, index=3): OrderedDict([('word', 'missions')])
14.9269 	EXP 	show_condition_text: autoDraw = False
14.9269 	EXP 	show_condition_text: text = 'missions'
14.9269 	EXP 	show_condition_text: autoDraw = True
14.9274 	EXP 	New trial (rep=0, index=4): OrderedDict([('word', 'es')])
14.9427 	EXP 	show_condition_text: autoDraw = False
14.9427 	EXP 	show_condition_text: text = 'es'
14.9427 	EXP 	show_condition_text: autoDraw = True
14.9432 	EXP 	New trial (rep=0, index=5): OrderedDict([('word', 'marina')])
14.9607 	EXP 	show_condition_text: autoDraw = False
14.9607 	EXP 	show_condition_text: text = 'marina'
14.9607 	EXP 	show_condition_text: autoDraw = True
14.9612 	EXP 	New trial (rep=0, index=6): OrderedDict([('word', 'rarely')])
14.9778 	EXP 	show_condition_text: autoDraw = False
14.9778 	EXP 	show_condition_text: text = 'rarely'
14.9778 	EXP 	show_condition_text: autoDraw = True
14.9784 	EXP 	New trial (rep=0, index=7): OrderedDict([('word', 'away')])
14.9959 	EXP 	show_condition_text: autoDraw = False
14.9959 	EXP 	show_condition_text: text = 'away'
14.9959 	EXP 	show_condition_text: autoDraw = True
14.9964 	EXP 	New trial (rep=0, index=8): OrderedDict([('word', 'athletics')])
15.0245 	EXP 	show_condition_text: autoDraw = False
15.0245 	EXP 	show_condition_text: text = 'athletics'
15.0245 	EXP 	show_condition_text: autoDraw = True
15.0249 	EXP 	New trial (rep=0, index=9): OrderedDict([('word', 'detective')])
15.0412 	EXP 	show_condition_text: autoDraw = False
15.0412 	EXP 	show_condition_text: text = 'detective'
15.0412 	EXP 	show_condition_text: autoDraw = True
15.0575 	EXP 	show_condition_text: autoDraw = False
15.0575 	EXP 	show_condition_text: text = '****'
15.0575 	EXP 	show_condition_text: autoDraw = True
15.4141 	DATA 	Keypress: space
15.4266 	EXP 	show_condition_text: autoDraw = False
15.4270 	EXP 	New trial (rep=0, index=5): OrderedDict([('wlist_index', 28)])
15.4334 	EXP 	Imported csvs/28.csv as conditions, 6 conditions, 1 params
15.4338 	EXP 	Created sequence: random, trialTypes=6, nReps=1, seed=None
15.4341 	EXP 	New trial (rep=0, index=0): OrderedDict([('word', 'regardless')])
15.4581 	EXP 	show_condition_text: text = 'regardless'
15.4581 	EXP 	show_condition_text: autoDraw = True
15.4585 	EXP 	New trial (rep=0, index=1): OrderedDict([('word', 'biography')])
15.4766 	EXP 	show_condition_text: autoDraw = False
15.4766 	EXP 	show_condition_text: text = 'biography'
15.4766 	EXP 	show_condition_text: autoDraw = True
15.4771 	EXP 	New trial (rep=0, index=2): OrderedDict([('word', 'figure')])
15.4947 	EXP 	show_condition_text: autoDraw = False
15.4947 	EXP 	show_condition_text: text = 'figure'
15.4947 	EXP 	show_condition_text: autoDraw = True
15.4952 	EXP 	New trial (rep=0, index=3): OrderedDict([('word', 'separately')])
15.5248 	EXP 	show_condition_text: autoDraw = False
15.5248 	EXP 	show_condition_text: text = 'separately'
15.5248 	EXP 	show_condition_text: autoDraw = True
15.5255 	EXP 	New trial (rep=0, index=4): OrderedDict([('word', 'make')])
15.5414 	EXP 	show_condition_text: autoDraw = False
15.5414 	EXP 	show_condition_text: text = 'make'
15.5414 	EXP 	show_condition_text: autoDraw = True
15.5418 	EXP 	New trial (rep=0, index=5): OrderedDict([('word', 'anthropology')])
15.5616 	EXP 	show_condition_text: autoDraw = False
15.5616 	EXP 	show_condition_text: text = 'anthropology'
15.5616 	EXP 	show_condition_text: autoDraw = True
15.5785 	EXP 	show_condition_text: autoDraw = False
15.5785 	EXP 	show_condition_text: text = '****'
15.5785 	EXP 	show_condition_text: autoDraw = True
15.9639 	DATA 	Keypress: space
15.9759 	EXP 	show_condition_text: autoDraw = False
15.9766 	EXP 	New trial (rep=0, index=6): OrderedDict([('wlist_index', 1)])
15.9796 	EXP 	Imported csvs/1.csv as conditions, 11 conditions, 1 params
15.9800 	EXP 	Created sequence: random, trialTypes=11, nReps=1, seed=None
15.9802 	EXP 	New trial (rep=0, index=0): OrderedDict([('word', 'ion')])
16.0083 	EXP 	show_condition_text: text = 'ion'
16.0083 	EXP 	show_condition_text: autoDraw = True
16.0087 	EXP 	New trial (rep=0, index=1): OrderedDict([('word', 'jackie')])
16.0253 	EXP 	show_condition_text: autoDraw = False
16.0253 	EXP 	show_condition_text: text = 'jackie'
16.0253 	EXP 	show_condition_text: autoDraw = True
16.0258 	EXP 	New trial (rep=0, index=2): OrderedDict([('word', 'aspnet')])
16.0422 	EXP 	show_condition_text: autoDraw = False
16.0422 	EXP 	show_condition_text: text = 'aspnet'
16.0422 	EXP 	show_condition_text: autoDraw = True
16.0426 	EXP 	New trial (rep=0, index=3): OrderedDict([('word', 'page')])
16.0599 	EXP 	show_condition_text: autoDraw = False
16.0599 	EXP 	show_condition_text: text = 'page'
16.0599 	EXP 	show_condition_text: autoDraw = True
16.0605 	EXP 	New trial (rep=0, index=4): OrderedDict([('word', 'lists')])
16.0774 	EXP 	show_condition_text: autoDraw = False
16.0774 	EXP 	show_condition_text: text = 'lists'
16.0774 	EXP 	show_condition_text: autoDraw = True
16.0778 	EXP 	New trial (rep=0, index=5): OrderedDict([('word', 'coins')])
16.0941 	EXP 	show_condition_text: autoDraw = False
16.0941 	EXP 	show_condition_text: text = 'coins'
16.0941 	EXP 	show_condition_text: autoDraw = True
16.0947 	EXP 	New trial (rep=0, index=6): OrderedDict([('word', 'informative')])
16.1122 	EXP 	show_condition_text: autoDraw = False
16.1122 	EXP 	show_condition_text: text = 'informative'
16.1122 	EXP 	show_condition_text: autoDraw = True
16.1128 	EXP 	New trial (rep=0, index=7): OrderedDict([('word', 'dp')])
16.1415 	EXP 	show_condition_text: autoDraw = False
16.1415 	EXP 	show_condition_text: text = 'dp'
16.1415 	EXP 	show_condition_text: autoDraw = True
16.1419 	EXP 	New trial (rep=0, index=8): OrderedDict([('word', 'apartment')])
16.1583 	EXP 	show_condition_text: autoDraw = False
16.1583 	EXP 	show_condition_text: text = 'apartment'
16.1583 	EXP 	show_condition_text: autoDraw = True
16.1588 	EXP 	New trial (rep=0, index=9): OrderedDict([('word', 'owns')])
16.1749 	EXP 	show_condition_text: autoDraw = False
16.1749 	EXP 	show_condition_text: text = 'owns'
16.1749 	EXP 	show_condition_text: autoDraw = True
16.1756 	EXP 	New trial (rep=0, index=10): OrderedDict([('word', 'optimal')])
16.1938 	EXP 	show_condition_text: autoDraw = False
16.1938 	EXP 	show_condition_text: text = 'optimal'
16.1938 	EXP 	show_condition_text: autoDraw = True
16.2083 	EXP 	show_condition_text: autoDraw = False
16.2083 	EXP 	show_condition_text: text = '****'
16.2083 	EXP 	show_condition_text: autoDraw = True
16.5355 	DATA 	Keypress: space
16.5585 	EXP 	show_condition_text: autoDraw = False
16.5589 	EXP 	New trial (rep=0, index=7): OrderedDict([('wlist_index', 29)])
16.5623 	EXP 	Imported csvs/29.csv as conditions, 10 conditions, 1 params
16.5626 	EXP 	Created sequence: random, trialTypes=10, nReps=1, seed=None
16.5628 	EXP 	New trial (rep=0, index=0): OrderedDict([('word', 'modifications')])
16.5918 	EXP 	show_condition_text: text = 'modifications'
16.5918 	EXP 	show_condition_text: autoDraw = True
16.5922 	EXP 	New trial (rep=0, index=1): OrderedDict([('word', 'sand')])
16.6074 	EXP 	show_condition_text: autoDraw = False
16.6074 	EXP 	show_condition_text: text = 'sand'
16.6074 	EXP 	show_condition_text: autoDraw = True
16.6079 	EXP 	New trial (rep=0, index=2): OrderedDict([('word', 'if')])
16.6246 	EXP 	show_condition_text: autoDraw = False
16.6246 	EXP 	show_condition_text: text = 'if'
16.6246 	EXP 	show_condition_text: autoDraw = True
16.6252 	EXP 	New trial (rep=0, index=3): OrderedDict([('word', 'docs')])
16.6416 	EXP 	show_condition_text: autoDraw = False
16.6416 	EXP 	show_condition_text: text = 'docs'
16.6416 	EXP 	show_condition_text: autoDraw = True
16.6422 	EXP 	New trial (rep=0, index=4): OrderedDict([('word', 'brass')])
16.6578 	EXP 	show_condition_text: autoDraw = False
16.6578 	EXP 	show_condition_text: text = 'brass'
16.6578 	EXP 	show_condition_text: autoDraw = True
16.6584 	EXP 	New trial (rep=0, index=5): OrderedDict([('word', 'listed')])
16.6747 	EXP 	show_condition_text: autoDraw = False
16.6747 	EXP 	show_condition_text: text = 'listed'
16.6747 	EXP 	show_condition_text: autoDraw = True
16.6751 	EXP 	New trial (rep=0, index=6): OrderedDict([('word', 'plugin')])
16.6916 	EXP 	show_condition_text: autoDraw = False
16.6916 	EXP 	show_condition_text: text = 'plugin'
16.6916 	EXP 	show_condition_text: autoDraw = True
16.6920 	EXP 	New trial (rep=0, index=7): OrderedDict([('word', 'patio')])
16.7080 	EXP 	show_condition_text: autoDraw = False
16.7080 	EXP 	show_condition_text: text = 'patio'
16.7080 	EXP 	show_condition_text: autoDraw = True
16.7085 	EXP 	New trial (rep=0, index=8): OrderedDict([('word', 'ferrari')])
16.7267 	EXP 	show_condition_text: autoDraw = False
16.7267 	EXP 	show_condition_text: text = 'ferrari'
16.7267 	EXP 	show_condition_text: autoDraw = True
16.7272 	EXP 	New trial (rep=0, index=9): OrderedDict([('word', 'taxation')])
16.7439 	EXP 	show_condition_text: autoDraw = False
16.7439 	EXP 	show_condition_text: text = 'taxation'
16.7439 	EXP 	show_condition_text: autoDraw = True
16.7583 	EXP 	show_condition_text: autoDraw = False
16.7583 	EXP 	show_condition_text: text = '****'
16.7583 	EXP 	show_condition_text: autoDraw = True
17.0916 	DATA 	Keypress: space
17.1089 	EXP 	show_condition_text: autoDraw = False
17.1093 	EXP 	New trial (rep=0, index=1): OrderedDict([('condition', 2)])
17.1181 	EXP 	Imported csvs/condition_2_wlists_indices.csv as conditions, 8 conditions, 1 params
17.1186 	EXP 	Created sequence: random, trialTypes=8, nReps=1, seed=None
17.1189 	EXP 	New trial (rep=0, index=0): OrderedDict([('wlist_index', 10)])
17.1218 	EXP 	Imported csvs/10.csv as conditions, 7 conditions, 1 params
17.1221 	EXP 	Created sequence: random, trialTypes=7, nReps=1, seed=None
17.1223 	EXP 	New trial (rep=0, index=0): OrderedDict([('word', 'magnificent')])
17.1414 	EXP 	show_condition_text: text = 'magnificent'
17.1414 	EXP 	show_condition_text: autoDraw = True
17.1418 	EXP 	New trial (rep=0, index=1): OrderedDict([('word', 'glasses')])
17.1580 	EXP 	show_condition_text: autoDraw = False
17.1580 	EXP 	show_condition_text: text = 'glasses'
17.1580 	EXP 	show_condition_text: autoDraw = True
17.1585 	EXP 	New trial (rep=0, index=2): OrderedDict([('word', 'facial')])
17.1748 	EXP 	show_condition_text: autoDraw = False
17.1748 	EXP 	show_condition_text: text = 'facial'
17.1748 	EXP 	show_condition_text: autoDraw = True
17.1752 	EXP 	New trial (rep=0, index=3): OrderedDict([('word', 'evaluating')])
17.1930 	EXP 	show_condition_text: autoDraw = False
17.1930 	EXP 	show_condition_text: text = 'evaluating'
17.1930 	EXP 	show_condition_text: autoDraw = True
17.1934 	EXP 	New trial (rep=0, index=4): OrderedDict([('word', 'muscle')])
17.2081 	EXP 	show_condition_text: autoDraw = False
17.2081 	EXP 	show_condition_text: text = 'muscle'
17.2081 	EXP 	show_condition_text: autoDraw = True
17.2086 	EXP 	New trial (rep=0, index=5): OrderedDict([('word', 'endless')])
17.2250 	EXP 	show_condition_text: autoDraw = False
17.2250 	EXP 	show_condition_text: text = 'endless'
17.2250 	EXP 	show_condition_text: autoDraw = True
17.2255 	EXP 	New trial (rep=0, index=6): OrderedDict([('word', 'bind')])
17.2415 	EXP 	show_condition_text: autoDraw = False
17.2415 	EXP 	show_condition_text: text = 'bind'
17.2415 	EXP 	show_condition_text: autoDraw = True
17.2579 	EXP 	show_condition_text: autoDraw = False
17.2579 	EXP 	show_condition_text: text = '****'
17.2579 	EXP 	show_condition_text: autoDraw = True
17.6618 	DATA 	Keypress: space
17.6758 	EXP 	show_condition_text: autoDraw = False
17.6761 	EXP 	New trial (rep=0, index=1): OrderedDict([('wlist_index', 20)])
17.6792 	EXP 	Imported csvs/20.csv as conditions, 8 conditions, 1 params
17.6795 	EXP 	Created sequence: random, trialTypes=8, nReps=1, seed=None
17.6797 	EXP 	New trial (rep=0, index=0): OrderedDict([('word', 'requests')])
17.7086 	EXP 	show_condition_text: text = 'requests'
17.7086 	EXP 	show_condition_text: autoDraw = True
17.7090 	EXP 	New trial (rep=0, index=1): OrderedDict([('word', 'waiver')])
17.7270 	EXP 	show_condition_text: autoDraw = False
17.7270 	EXP 	show_condition_text: text = 'waiver'
17.7270 	EXP 	show_condition_text: autoDraw = True
17.7276 	EXP 	New trial (rep=0, index=2): OrderedDict([('word', 'bacterial')])
17.7455 	EXP 	show_condition_text: autoDraw = False
17.7455 	EXP 	show_condition_text: text = 'bacterial'
17.7455 	EXP 	show_condition_text: autoDraw = True
17.7462 	EXP 	New trial (rep=0, index=3): OrderedDict([('word', 'acts')])
17.7622 	EXP 	show_condition_text: autoDraw = False
17.7622 	EXP 	show_condition_text: text = 'acts'
17.7622 	EXP 	show_condition_text: autoDraw = True
17.7628 	EXP 	New trial (rep=0, index=4): OrderedDict([('word', 'services')])
17.7918 	EXP 	show_condition_text: autoDraw = False
17.7918 	EXP 	show_condition_text: text = 'services'
17.7918 	EXP 	show_condition_text: autoDraw = True
17.7924 	EXP 	New trial (rep=0, index=5): OrderedDict([('word', 'cumshots')])
17.8101 	EXP 	show_condition_text: autoDraw = False
17.8101 	EXP 	show_condition_text: text = 'cumshots'
17.8101 	EXP 	show_condition_text: autoDraw = True
17.8106 	EXP 	New trial (rep=0, index=6): OrderedDict([('word', 'cooking')])
17.8284 	EXP 	show_condition_text: autoDraw = False
17.8284 	EXP 	show_condition_text: text = 'cooking'
17.8284 	EXP 	show_condition_text: autoDraw = True
17.8289 	EXP 	New trial (rep=0, index=7): OrderedDict([('word', 'territories')])
17.8585 	EXP 	show_condition_text: autoDraw = False
17.8585 	EXP 	show_condition_text: text = 'territories'
17.8585 	EXP 	show_condition_text: autoDraw = True
17.8749 	EXP 	show_condition_text: autoDraw = False
17.8749 	EXP 	show_condition_text: text = '****'
17.8749 	EXP 	show_condition_text: autoDraw = True
18.2370 	DATA 	Keypress: space
18.2586 	EXP 	show_condition_text: autoDraw = False
18.2590 	EXP 	New trial (rep=0, index=2): OrderedDict([('wlist_index', 26)])
18.2626 	EXP 	Imported csvs/26.csv as conditions, 5 conditions, 1 params
18.2630 	EXP 	Created sequence: random, trialTypes=5, nReps=1, seed=None
18.2632 	EXP 	New trial (rep=0, index=0): OrderedDict([('word', 'portable')])
18.2920 	EXP 	show_condition_text: text = 'portable'
18.2920 	EXP 	show_condition_text: autoDraw = True
18.2925 	EXP 	New trial (rep=0, index=1): OrderedDict([('word', 'lingerie')])
18.3107 	EXP 	show_condition_text: autoDraw = False
18.3107 	EXP 	show_condition_text: text = 'lingerie'
18.3107 	EXP 	show_condition_text: autoDraw = True
18.3112 	EXP 	New trial (rep=0, index=2): OrderedDict([('word', 'peace')])
18.3272 	EXP 	show_condition_text: autoDraw = False
18.3272 	EXP 	show_condition_text: text = 'peace'
18.3272 	EXP 	show_condition_text: autoDraw = True
18.3277 	EXP 	New trial (rep=0, index=3): OrderedDict([('word', 'wholesale')])
18.3443 	EXP 	show_condition_text: autoDraw = False
18.3443 	EXP 	show_condition_text: text = 'wholesale'
18.3443 	EXP 	show_condition_text: autoDraw = True
18.3448 	EXP 	New trial (rep=0, index=4): OrderedDict([('word', 'sheer')])
18.3627 	EXP 	show_condition_text: autoDraw = False
18.3627 	EXP 	show_condition_text: text = 'sheer'
18.3627 	EXP 	show_condition_text: autoDraw = True
18.3909 	EXP 	show_condition_text: autoDraw = False
18.3909 	EXP 	show_condition_text: text = '****'
18.3909 	EXP 	show_condition_text: autoDraw = True
18.7836 	DATA 	Keypress: space
18.7957 	EXP 	show_condition_text: autoDraw = False
18.7962 	EXP 	New trial (rep=0, index=3): OrderedDict([('wlist_index', 19)])
18.8025 	EXP 	Imported csvs/19.csv as conditions, 6 conditions, 1 params
18.8028 	EXP 	Created sequence: random, trialTypes=6, nReps=1, seed=None
18.8030 	EXP 	New trial (rep=0, index=0): OrderedDict([('word', 'il')])
18.8249 	EXP 	show_condition_text: text = 'il'
18.8249 	EXP 	show_condition_text: autoDraw = True
18.8253 	EXP 	New trial (rep=0, index=1): OrderedDict([('word', 'acc')])
18.8416 	EXP 	show_condition_text: autoDraw = False
18.8416 	EXP 	show_condition_text: text = 'acc'
18.8416 	EXP 	show_condition_text: autoDraw = True
18.8421 	EXP 	New trial (rep=0, index=2): OrderedDict([('word', 'academics')])
18.8602 	EXP 	show_condition_text: autoDraw = False
18.8602 	EXP 	show_condition_text: text = 'academics'
18.8602 	EXP 	show_condition_text: autoDraw = True
18.8607 	EXP 	New trial (rep=0, index=3): OrderedDict([('word', 'hiring')])
18.8785 	EXP 	show_condition_text: autoDraw = False
18.8785 	EXP 	show_condition_text: text = 'hiring'
18.8785 	EXP 	show_condition_text: autoDraw = True
18.8789 	EXP 	New trial (rep=0, index=4): OrderedDict([('word', 'miniature')])
18.9079 	EXP 	show_condition_text: autoDraw = False
18.9079 	EXP 	show_condition_text: text = 'miniature'
18.9079 	EXP 	show_condition_text: autoDraw = True
18.9083 	EXP 	New trial (rep=0, index=5): OrderedDict([('word', 'lowest')])
18.9247 	EXP 	show_condition_text: autoDraw = False
18.9247 	EXP 	show_condition_text: text = 'lowest'
18.9247 	EXP 	show_condition_text: autoDraw = True
18.9416 	EXP 	show_condition_text: autoDraw = False
18.9416 	EXP 	show_condition_text: text = '****'
18.9416 	EXP 	show_condition_text: autoDraw = True
19.2977 	DATA 	Keypress: space
19.3098 	EXP 	show_condition_text: autoDraw = False
19.3102 	EXP 	New trial (rep=0, index=4): OrderedDict([('wlist_index', 23)])
19.3210 	EXP 	Imported csvs/23.csv as conditions, 6 conditions, 1 params
19.3215 	EXP 	Created sequence: random, trialTypes=6, nReps=1, seed=None
19.3218 	EXP 	New trial (rep=0, index=0): OrderedDict([('word', 'shelf')])
19.3421 	EXP 	show_condition_text: text = 'shelf'
19.3421 	EXP 	show_condition_text: autoDraw = True
19.3425 	EXP 	New trial (rep=0, index=1): OrderedDict([('word', 'easy')])
19.3580 	EXP 	show_condition_text: autoDraw = False
19.3580 	EXP 	show_condition_text: text = 'easy'
19.3580 	EXP 	show_condition_text: autoDraw = True
19.3584 	EXP 	New trial (rep=0, index=2): OrderedDict([('word', 'horror')])
19.3743 	EXP 	show_condition_text: autoDraw = False
19.3743 	EXP 	show_condition_text: text = 'horror'
19.3743 	EXP 	show_condition_text: autoDraw = True
19.3747 	EXP 	New trial (rep=0, index=3): OrderedDict([('word', 'sponsors')])
19.3921 	EXP 	show_condition_text: autoDraw = False
19.3921 	EXP 	show_condition_text: text = 'sponsors'
19.3921 	EXP 	show_condition_text: autoDraw = True
19.3926 	EXP 	New trial (rep=0, index=4): OrderedDict([('word', 'info')])
19.4083 	EXP 	show_condition_text: autoDraw = False
19.4083 	EXP 	show_condition_text: text = 'info'
19.4083 	EXP 	show_condition_text: autoDraw = True
19.4088 	EXP 	New trial (rep=0, index=5): OrderedDict([('word', 'efficient')])
19.4276 	EXP 	show_condition_text: autoDraw = False
19.4276 	EXP 	show_condition_text: text = 'efficient'
19.4276 	EXP 	show_condition_text: autoDraw = True
19.4433 	EXP 	show_condition_text: autoDraw = False
19.4433 	EXP 	show_condition_text: text = '****'
19.4433 	EXP 	show_condition_text: autoDraw = True
19.8050 	DATA 	Keypress: space
19.8260 	EXP 	show_condition_text: autoDraw = False
19.8266 	EXP 	New trial (rep=0, index=5): OrderedDict([('wlist_index', 25)])
19.8305 	EXP 	Imported csvs/25.csv as conditions, 9 conditions, 1 params
19.8309 	EXP 	Created sequence: random, trialTypes=9, nReps=1, seed=None
19.8311 	EXP 	New trial (rep=0, index=0): OrderedDict([('word', 'altered')])
19.8598 	EXP 	show_condition_text: text = 'altered'
19.8598 	EXP 	show_condition_text: autoDraw = True
19.8603 	EXP 	New trial (rep=0, index=1): OrderedDict([('word', 'expect')])
19.8773 	EXP 	show_condition_text: autoDraw = False
19.8773 	EXP 	show_condition_text: text = 'expect'
19.8773 	EXP 	show_condition_text: autoDraw = True
19.8779 	EXP 	New trial (rep=0, index=2): OrderedDict([('word', 'spank')])
19.8946 	EXP 	show_condition_text: autoDraw = False
19.8946 	EXP 	show_condition_text: text = 'spank'
19.8946 	EXP 	show_condition_text: autoDraw = True
19.8950 	EXP 	New trial (rep=0, index=3): OrderedDict([('word', 'travels')])
19.9122 	EXP 	show_condition_text: autoDraw = False
19.9122 	EXP 	show_condition_text: text = 'travels'
19.9122 	EXP 	show_condition_text: autoDraw = True
19.9127 	EXP 	New trial (rep=0, index=4): OrderedDict([('word', 'secretary')])
19.9287 	EXP 	show_condition_text: autoDraw = False
19.9287 	EXP 	show_condition_text: text = 'secretary'
19.9287 	EXP 	show_condition_text: autoDraw = True
19.9291 	EXP 	New trial (rep=0, index=5): OrderedDict([('word', 'apr')])
19.9455 	EXP 	show_condition_text: autoDraw = False
19.9455 	EXP 	show_condition_text: text = 'apr'
19.9455 	EXP 	show_condition_text: autoDraw = True
19.9459 	EXP 	New trial (rep=0, index=6): OrderedDict([('word', 'se')])
19.9615 	EXP 	show_condition_text: autoDraw = False
19.9615 	EXP 	show_condition_text: text = 'se'
19.9615 	EXP 	show_condition_text: autoDraw = True
19.9620 	EXP 	New trial (rep=0, index=7): OrderedDict([('word', 'argument')])
19.9914 	EXP 	show_condition_text: autoDraw = False
19.9914 	EXP 	show_condition_text: text = 'argument'
19.9914 	EXP 	show_condition_text: autoDraw = True
19.9920 	EXP 	New trial (rep=0, index=8): OrderedDict([('word', 'renew')])
20.0080 	EXP 	show_condition_text: autoDraw = False
20.0080 	EXP 	show_condition_text: text = 'renew'
20.0080 	EXP 	show_condition_text: autoDraw = True
20.0253 	EXP 	show_condition_text: autoDraw = False
20.0253 	EXP 	show_condition_text: text = '****'
20.0253 	EXP 	show_condition_text: autoDraw = True
20.3170 	DATA 	Keypress: space
20.3423 	EXP 	show_condition_text: autoDraw = False
20.3429 	EXP 	New trial (rep=0, index=6): OrderedDict([('wlist_index', 8)])
20.3461 	EXP 	Imported csvs/8.csv as conditions, 11 conditions, 1 params
20.3464 	EXP 	Created sequence: random, trialTypes=11, nReps=1, seed=None
20.3466 	EXP 	New trial (rep=0, index=0): OrderedDict([('word', 'basics')])
20.3753 	EXP 	show_condition_text: text = 'basics'
20.3753 	EXP 	show_condition_text: autoDraw = True
20.3758 	EXP 	New trial (rep=0, index=1): OrderedDict([('word', 'sir')])
20.3919 	EXP 	show_condition_text: autoDraw = False
20.3919 	EXP 	show_condition_text: text = 'sir'
20.3919 	EXP 	show_condition_text: autoDraw = True
20.3926 	EXP 	New trial (rep=0, index=2): OrderedDict([('word', 'educated')])
20.4100 	EXP 	show_condition_text: autoDraw = False
20.4100 	EXP 	show_condition_text: text = 'educated'
20.4100 	EXP 	show_condition_text: autoDraw = True
20.4104 	EXP 	New trial (rep=0, index=3): OrderedDict([('word', 'follows')])
20.4275 	EXP 	show_condition_text: autoDraw = False
20.4275 	EXP 	show_condition_text: text = 'follows'
20.4275 	EXP 	show_condition_text: autoDraw = True
20.4280 	EXP 	New trial (rep=0, index=4): OrderedDict([('word', 'operate')])
20.4459 	EXP 	show_condition_text: autoDraw = False
20.4459 	EXP 	show_condition_text: text = 'operate'
20.4459 	EXP 	show_condition_text: autoDraw = True
20.4463 	EXP 	New trial (rep=0, index=5): OrderedDict([('word', 'elections')])
20.4749 	EXP 	show_condition_text: autoDraw = False
20.4749 	EXP 	show_condition_text: text = 'elections'
20.4749 	EXP 	show_condition_text: autoDraw = True
20.4757 	EXP 	New trial (rep=0, index=6): OrderedDict([('word', 'luke')])
20.4916 	EXP 	show_condition_text: autoDraw = False
20.4916 	EXP 	show_condition_text: text = 'luke'
20.4916 	EXP 	show_condition_text: autoDraw = True
20.4920 	EXP 	New trial (rep=0, index=7): OrderedDict([('word', 'draft')])
20.5080 	EXP 	show_condition_text: autoDraw = False
20.5080 	EXP 	show_condition_text: text = 'draft'
20.5080 	EXP 	show_condition_text: autoDraw = True
20.5084 	EXP 	New trial (rep=0, index=8): OrderedDict([('word', 'eddie')])
20.5250 	EXP 	show_condition_text: autoDraw = False
20.5250 	EXP 	show_condition_text: text = 'eddie'
20.5250 	EXP 	show_condition_text: autoDraw = True
20.5254 	EXP 	New trial (rep=0, index=9): OrderedDict([('word', 'canberra')])
20.5421 	EXP 	show_condition_text: autoDraw = False
20.5421 	EXP 	show_condition_text: text = 'canberra'
20.5421 	EXP 	show_condition_text: autoDraw = True
20.5428 	EXP 	New trial (rep=0, index=10): OrderedDict([('word', 'wellness')])
20.5587 	EXP 	show_condition_text: autoDraw = False
20.5587 	EXP 	show_condition_text: text = 'wellness'
20.5587 	EXP 	show_condition_text: autoDraw = True
20.5747 	EXP 	show_condition_text: autoDraw = False
20.5747 	EXP 	show_condition_text: text = '****'
20.5747 	EXP 	show_condition_text: autoDraw = True
20.8349 	DATA 	Keypress: space
20.8582 	EXP 	show_condition_text: autoDraw = False
20.8586 	EXP 	New trial (rep=0, index=7): OrderedDict([('wlist_index', 21)])
20.8617 	EXP 	Imported csvs/21.csv as conditions, 10 conditions, 1 params
20.8620 	EXP 	Created sequence: random, trialTypes=10, nReps=1, seed=None
20.8621 	EXP 	New trial (rep=0, index=0): OrderedDict([('word', 'alpha')])
20.8790 	EXP 	show_condition_text: text = 'alpha'
20.8790 	EXP 	show_condition_text: autoDraw = True
20.8794 	EXP 	New trial (rep=0, index=1): OrderedDict([('word', 'blend')])
20.9087 	EXP 	show_condition_text: autoDraw = False
20.9087 	EXP 	show_condition_text: text = 'blend'
20.9087 	EXP 	show_condition_text: autoDraw = True
20.9092 	EXP 	New trial (rep=0, index=2): OrderedDict([('word', 'think')])
20.9278 	EXP 	show_condition_text: autoDraw = False
20.9278 	EXP 	show_condition_text: text = 'think'
20.9278 	EXP 	show_condition_text: autoDraw = True
20.9284 	EXP 	New trial (rep=0, index=3): OrderedDict([('word', 'analyst')])
20.9451 	EXP 	show_condition_text: autoDraw = False
20.9451 	EXP 	show_condition_text: text = 'analyst'
20.9451 	EXP 	show_condition_text: autoDraw = True
20.9457 	EXP 	New trial (rep=0, index=4): OrderedDict([('word', 'nasty')])
20.9619 	EXP 	show_condition_text: autoDraw = False
20.9619 	EXP 	show_condition_text: text = 'nasty'
20.9619 	EXP 	show_condition_text: autoDraw = True
20.9626 	EXP 	New trial (rep=0, index=5): OrderedDict([('word', 'discussing')])
20.9919 	EXP 	show_condition_text: autoDraw = False
20.9919 	EXP 	show_condition_text: text = 'discussing'
20.9919 	EXP 	show_condition_text: autoDraw = True
20.9927 	EXP 	New trial (rep=0, index=6): OrderedDict([('word', 'port')])
21.0123 	EXP 	show_condition_text: autoDraw = False
21.0123 	EXP 	show_condition_text: text = 'port'
21.0123 	EXP 	show_condition_text: autoDraw = True
21.0129 	EXP 	New trial (rep=0, index=7): OrderedDict([('word', 'urls')])
21.0408 	EXP 	show_condition_text: autoDraw = False
21.0408 	EXP 	show_condition_text: text = 'urls'
21.0408 	EXP 	show_condition_text: autoDraw = True
21.0419 	EXP 	New trial (rep=0, index=8): OrderedDict([('word', 'protocol')])
21.0612 	EXP 	show_condition_text: autoDraw = False
21.0612 	EXP 	show_condition_text: text = 'protocol'
21.0612 	EXP 	show_condition_text: autoDraw = True
21.0618 	EXP 	New trial (rep=0, index=9): OrderedDict([('word', 'influence')])
21.0907 	EXP 	show_condition_text: autoDraw = False
21.0907 	EXP 	show_condition_text: text = 'influence'
21.0907 	EXP 	show_condition_text: autoDraw = True
21.1083 	EXP 	show_condition_text: autoDraw = False
21.1083 	EXP 	show_condition_text: text = '****'
21.1083 	EXP 	show_condition_text: autoDraw = True
21.6264 	DATA 	Keypress: space
21.6420 	EXP 	show_condition_text: autoDraw = False
21.6423 	EXP 	New trial (rep=0, index=2): OrderedDict([('condition', 4)])
21.6450 	EXP 	Imported csvs/condition_4_wlists_indices.csv as conditions, 8 conditions, 1 params
21.6452 	EXP 	Created sequence: random, trialTypes=8, nReps=1, seed=None
21.6454 	EXP 	New trial (rep=0, index=0): OrderedDict([('wlist_index', 7)])
21.6479 	EXP 	Imported csvs/7.csv as conditions, 9 conditions, 1 params
21.6482 	EXP 	Created sequence: random, trialTypes=9, nReps=1, seed=None
21.6484 	EXP 	New trial (rep=0, index=0): OrderedDict([('word', 'dick')])
21.6751 	EXP 	show_condition_text: text = 'dick'
21.6751 	EXP 	show_condition_text: autoDraw = True
21.6755 	EXP 	New trial (rep=0, index=1): OrderedDict([('word', 'secure')])
21.6917 	EXP 	show_condition_text: autoDraw = False
21.6917 	EXP 	show_condition_text: text = 'secure'
21.6917 	EXP 	show_condition_text: autoDraw = True
21.6921 	EXP 	New trial (rep=0, index=2): OrderedDict([('word', 'nottingham')])
21.7107 	EXP 	show_condition_text: autoDraw = False
21.7107 	EXP 	show_condition_text: text = 'nottingham'
21.7107 	EXP 	show_condition_text: autoDraw = True
21.7111 	EXP 	New trial (rep=0, index=3): OrderedDict([('word', 'enquiry')])
21.7292 	EXP 	show_condition_text: autoDraw = False
21.7292 	EXP 	show_condition_text: text = 'enquiry'
21.7292 	EXP 	show_condition_text: autoDraw = True
21.7296 	EXP 	New trial (rep=0, index=4): OrderedDict([('word', 'directors')])
21.7607 	EXP 	show_condition_text: autoDraw = False
21.7607 	EXP 	show_condition_text: text = 'directors'
21.7607 	EXP 	show_condition_text: autoDraw = True
21.7611 	EXP 	New trial (rep=0, index=5): OrderedDict([('word', 'actual')])
21.7762 	EXP 	show_condition_text: autoDraw = False
21.7762 	EXP 	show_condition_text: text = 'actual'
21.7762 	EXP 	show_condition_text: autoDraw = True
21.7766 	EXP 	New trial (rep=0, index=6): OrderedDict([('word', 'self')])
21.7915 	EXP 	show_condition_text: autoDraw = False
21.7915 	EXP 	show_condition_text: text = 'self'
21.7915 	EXP 	show_condition_text: autoDraw = True
21.7921 	EXP 	New trial (rep=0, index=7): OrderedDict([('word', 'wallet')])
21.8100 	EXP 	show_condition_text: autoDraw = False
21.8100 	EXP 	show_condition_text: text = 'wallet'
21.8100 	EXP 	show_condition_text: autoDraw = True
21.8105 	EXP 	New trial (rep=0, index=8): OrderedDict([('word', 'bubble')])
21.8284 	EXP 	show_condition_text: autoDraw = False
21.8284 	EXP 	show_condition_text: text = 'bubble'
21.8284 	EXP 	show_condition_text: autoDraw = True
21.8433 	EXP 	show_condition_text: autoDraw = False
21.8433 	EXP 	show_condition_text: text = '****'
21.8433 	EXP 	show_condition_text: autoDraw = True
22.1456 	DATA 	Keypress: space
22.1590 	EXP 	show_condition_text: autoDraw = False
22.1596 	EXP 	New trial (rep=0, index=1): OrderedDict([('wlist_index', 14)])
22.1633 	EXP 	Imported csvs/14.csv as conditions, 9 conditions, 1 params
22.1637 	EXP 	Created sequence: random, trialTypes=9, nReps=1, seed=None
22.1639 	EXP 	New trial (rep=0, index=0): OrderedDict([('word', 'handles')])
22.1916 	EXP 	show_condition_text: text = 'handles'
22.1916 	EXP 	show_condition_text: autoDraw = True
22.1921 	EXP 	New trial (rep=0, index=1): OrderedDict([('word', 'breast')])
22.2080 	EXP 	show_condition_text: autoDraw = False
22.2080 	EXP 	show_condition_text: text = 'breast'
22.2080 	EXP 	show_condition_text: autoDraw = True
22.2084 	EXP 	New trial (rep=0, index=2): OrderedDict([('word', 'bangladesh')])
22.2281 	EXP 	show_condition_text: autoDraw = False
22.2281 	EXP 	show_condition_text: text = 'bangladesh'
22.2281 	EXP 	show_condition_text: autoDraw = True
22.2287 	EXP 	New trial (rep=0, index=3): OrderedDict([('word', 'hardly')])
22.2454 	EXP 	show_condition_text: autoDraw = False
22.2454 	EXP 	show_condition_text: text = 'hardly'
22.2454 	EXP 	show_condition_text: autoDraw = True
22.2459 	EXP 	New trial (rep=0, index=4): OrderedDict([('word', 'ho')])
22.2621 	EXP 	show_condition_text: autoDraw = False
22.2621 	EXP 	show_condition_text: text = 'ho'
22.2621 	EXP 	show_condition_text: autoDraw = True
22.2630 	EXP 	New trial (rep=0, index=5): OrderedDict([('word', 'rights')])
22.2914 	EXP 	show_condition_text: autoDraw = False
22.2914 	EXP 	show_condition_text: text = 'rights'
22.2914 	EXP 	show_condition_text: autoDraw = True
22.2920 	EXP 	New trial (rep=0, index=6): OrderedDict([('word', 'surround')])
22.3082 	EXP 	show_condition_text: autoDraw = False
22.3082 	EXP 	show_condition_text: text = 'surround'
22.3082 	EXP 	show_condition_text: autoDraw = True
22.3087 	EXP 	New trial (rep=0, index=7): OrderedDict([('word', 'debt')])
22.3259 	EXP 	show_condition_text: autoDraw = False
22.3259 	EXP 	show_condition_text: text = 'debt'
22.3259 	EXP 	show_condition_text: autoDraw = True
22.3263 	EXP 	New trial (rep=0, index=8): OrderedDict([('word', 'ranch')])
22.3422 	EXP 	show_condition_text: autoDraw = False
22.3422 	EXP 	show_condition_text: text = 'ranch'
22.3422 	EXP 	show_condition_text: autoDraw = True
22.3583 	EXP 	show_condition_text: autoDraw = False
22.3583 	EXP 	show_condition_text: text = '****'
22.3583 	EXP 	show_condition_text: autoDraw = True
22.6524 	DATA 	Keypress: space
22.6742 	EXP 	show_condition_text: autoDraw = False
22.6750 	EXP 	New trial (rep=0, index=2): OrderedDict([('wlist_index', 16)])
22.6791 	EXP 	Imported csvs/16.csv as conditions, 7 conditions, 1 params
22.6795 	EXP 	Created sequence: random, trialTypes=7, nReps=1, seed=None
22.6799 	EXP 	New trial (rep=0, index=0): OrderedDict([('word', 'estimates')])
22.7077 	EXP 	show_condition_text: text = 'estimates'
22.7077 	EXP 	show_condition_text: autoDraw = True
22.7085 	EXP 	New trial (rep=0, index=1): OrderedDict([('word', 'moscow')])
22.7251 	EXP 	show_condition_text: autoDraw = False
22.7251 	EXP 	show_condition_text: text = 'moscow'
22.7251 	EXP 	show_condition_text: autoDraw = True
22.7255 	EXP 	New trial (rep=0, index=2): OrderedDict([('word', 'usage')])
22.7414 	EXP 	show_condition_text: autoDraw = False
22.7414 	EXP 	show_condition_text: text = 'usage'
22.7414 	EXP 	show_condition_text: autoDraw = True
22.7419 	EXP 	New trial (rep=0, index=3): OrderedDict([('word', 'activated')])
22.7589 	EXP 	show_condition_text: autoDraw = False
22.7589 	EXP 	show_condition_text: text = 'activated'
22.7589 	EXP 	show_condition_text: autoDraw = True
22.7594 	EXP 	New trial (rep=0, index=4): OrderedDict([('word', 'are')])
22.7749 	EXP 	show_condition_text: autoDraw = False
22.7749 	EXP 	show_condition_text: text = 'are'
22.7749 	EXP 	show_condition_text: autoDraw = True
22.7753 	EXP 	New trial (rep=0, index=5): OrderedDict([('word', 'original')])
22.7919 	EXP 	show_condition_text: autoDraw = False
22.7919 	EXP 	show_condition_text: text = 'original'
22.7919 	EXP 	show_condition_text: autoDraw = True
22.7924 	EXP 	New trial (rep=0, index=6): OrderedDict([('word', 'singh')])
22.8092 	EXP 	show_condition_text: autoDraw = False
22.8092 	EXP 	show_condition_text: text = 'singh'
22.8092 	EXP 	show_condition_text: autoDraw = True
22.8243 	EXP 	show_condition_text: autoDraw = False
22.8243 	EXP 	show_condition_text: text = '****'
22.8243 	EXP 	show_condition_text: autoDraw = True
23.0915 	DATA 	Keypress: space
23.1075 	EXP 	show_condition_text: autoDraw = False
23.1083 	EXP 	New trial (rep=0, index=3): OrderedDict([('wlist_index', 24)])
23.1181 	EXP 	Imported csvs/24.csv as conditions, 8 conditions, 1 params
23.1186 	EXP 	Created sequence: random, trialTypes=8, nReps=1, seed=None
23.1189 	EXP 	New trial (rep=0, index=0): OrderedDict([('word', 'cabinets')])
23.1417 	EXP 	show_condition_text: text = 'cabinets'
23.1417 	EXP 	show_condition_text: autoDraw = True
23.1429 	EXP 	New trial (rep=0, index=1): OrderedDict([('word', 'everyone')])
23.1609 	EXP 	show_condition_text: autoDraw = False
23.1609 	EXP 	show_condition_text: text = 'everyone'
23.1609 	EXP 	show_condition_text: autoDraw = True
23.1617 	EXP 	New trial (rep=0, index=2): OrderedDict([('word', 'grab')])
23.1793 	EXP 	show_condition_text: autoDraw = False
23.1793 	EXP 	show_condition_text: text = 'grab'
23.1793 	EXP 	show_condition_text: autoDraw = True
23.1801 	EXP 	New trial (rep=0, index=3): OrderedDict([('word', 'listening')])
23.2079 	EXP 	show_condition_text: autoDraw = False
23.2079 	EXP 	show_condition_text: text = 'listening'
23.2079 	EXP 	show_condition_text: autoDraw = True
23.2083 	EXP 	New trial (rep=0, index=4): OrderedDict([('word', 'general')])
23.2250 	EXP 	show_condition_text: autoDraw = False
23.2250 	EXP 	show_condition_text: text = 'general'
23.2250 	EXP 	show_condition_text: autoDraw = True
23.2260 	EXP 	New trial (rep=0, index=5): OrderedDict([('word', 'bit')])
23.2416 	EXP 	show_condition_text: autoDraw = False
23.2416 	EXP 	show_condition_text: text = 'bit'
23.2416 	EXP 	show_condition_text: autoDraw = True
23.2420 	EXP 	New trial (rep=0, index=6): OrderedDict([('word', 'albany')])
23.2585 	EXP 	show_condition_text: autoDraw = False
23.2585 	EXP 	show_condition_text: text = 'albany'
23.2585 	EXP 	show_condition_text: autoDraw = True
23.2590 	EXP 	New trial (rep=0, index=7): OrderedDict([('word', 'technologies')])
23.2774 	EXP 	show_condition_text: autoDraw = False
23.2774 	EXP 	show_condition_text: text = 'technologies'
23.2774 	EXP 	show_condition_text: autoDraw = True
23.2927 	EXP 	show_condition_text: autoDraw = False
23.2927 	EXP 	show_condition_text: text = '****'
23.2927 	EXP 	show_condition_text: autoDraw = True
23.5939 	DATA 	Keypress: space
23.6080 	EXP 	show_condition_text: autoDraw = False
23.6085 	EXP 	New trial (rep=0, index=4): OrderedDict([('wlist_index', 18)])
23.6117 	EXP 	Imported csvs/18.csv as conditions, 9 conditions, 1 params
23.6120 	EXP 	Created sequence: random, trialTypes=9, nReps=1, seed=None
23.6121 	EXP 	New trial (rep=0, index=0): OrderedDict([('word', 'geographical')])
23.6423 	EXP 	show_condition_text: text = 'geographical'
23.6423 	EXP 	show_condition_text: autoDraw = True
23.6428 	EXP 	New trial (rep=0, index=1): OrderedDict([('word', 'jaguar')])
23.6598 	EXP 	show_condition_text: autoDraw = False
23.6598 	EXP 	show_condition_text: text = 'jaguar'
23.6598 	EXP 	show_condition_text: autoDraw = True
23.6602 	EXP 	New trial (rep=0, index=2): OrderedDict([('word', 'nominated')])
23.6780 	EXP 	show_condition_text: autoDraw = False
23.6780 	EXP 	show_condition_text: text = 'nominated'
23.6780 	EXP 	show_condition_text: autoDraw = True
23.6788 	EXP 	New trial (rep=0, index=3): OrderedDict([('word', 'present')])
23.6952 	EXP 	show_condition_text: autoDraw = False
23.6952 	EXP 	show_condition_text: text = 'present'
23.6952 	EXP 	show_condition_text: autoDraw = True
23.6956 	EXP 	New trial (rep=0, index=4): OrderedDict([('word', 'cardiff')])
23.7247 	EXP 	show_condition_text: autoDraw = False
23.7247 	EXP 	show_condition_text: text = 'cardiff'
23.7247 	EXP 	show_condition_text: autoDraw = True
23.7251 	EXP 	New trial (rep=0, index=5): OrderedDict([('word', 'stan')])
23.7413 	EXP 	show_condition_text: autoDraw = False
23.7413 	EXP 	show_condition_text: text = 'stan'
23.7413 	EXP 	show_condition_text: autoDraw = True
23.7418 	EXP 	New trial (rep=0, index=6): OrderedDict([('word', 'nicaragua')])
23.7607 	EXP 	show_condition_text: autoDraw = False
23.7607 	EXP 	show_condition_text: text = 'nicaragua'
23.7607 	EXP 	show_condition_text: autoDraw = True
23.7613 	EXP 	New trial (rep=0, index=7): OrderedDict([('word', 'bosnia')])
23.7912 	EXP 	show_condition_text: autoDraw = False
23.7912 	EXP 	show_condition_text: text = 'bosnia'
23.7912 	EXP 	show_condition_text: autoDraw = True
23.7917 	EXP 	New trial (rep=0, index=8): OrderedDict([('word', 'longer')])
23.8083 	EXP 	show_condition_text: autoDraw = False
23.8083 	EXP 	show_condition_text: text = 'longer'
23.8083 	EXP 	show_condition_text: autoDraw = True
23.8244 	EXP 	show_condition_text: autoDraw = False
23.8244 	EXP 	show_condition_text: text = '****'
23.8244 	EXP 	show_condition_text: autoDraw = True
24.0527 	DATA 	Keypress: space
24.0747 	EXP 	show_condition_text: autoDraw = False
24.0754 	EXP 	New trial (rep=0, index=5): OrderedDict([('wlist_index', 4)])
24.0934 	EXP 	Imported csvs/4.csv as conditions, 11 conditions, 1 params
24.0937 	EXP 	Created sequence: random, trialTypes=11, nReps=1, seed=None
24.0939 	EXP 	New trial (rep=0, index=0): OrderedDict([('word', 'knows')])
24.1097 	EXP 	show_condition_text: text = 'knows'
24.1097 	EXP 	show_condition_text: autoDraw = True
24.1102 	EXP 	New trial (rep=0, index=1): OrderedDict([('word', 'famous')])
24.1253 	EXP 	show_condition_text: autoDraw = False
24.1253 	EXP 	show_condition_text: text = 'famous'
24.1253 	EXP 	show_condition_text: autoDraw = True
24.1258 	EXP 	New trial (rep=0, index=2): OrderedDict([('word', 'technology')])
24.1914 	EXP 	show_condition_text: autoDraw = False
24.1914 	EXP 	show_condition_text: text = 'technology'
24.1914 	EXP 	show_condition_text: autoDraw = True
24.1918 	EXP 	New trial (rep=0, index=3): OrderedDict([('word', 'always')])
24.2085 	EXP 	show_condition_text: autoDraw = False
24.2085 	EXP 	show_condition_text: text = 'always'
24.2085 	EXP 	show_condition_text: autoDraw = True
24.2090 	EXP 	New trial (rep=0, index=4): OrderedDict([('word', 'merit')])
24.2255 	EXP 	show_condition_text: autoDraw = False
24.2255 	EXP 	show_condition_text: text = 'merit'
24.2255 	EXP 	show_condition_text: autoDraw = True
24.2261 	EXP 	New trial (rep=0, index=5): OrderedDict([('word', 'diy')])
24.2422 	EXP 	show_condition_text: autoDraw = False
24.2422 	EXP 	show_condition_text: text = 'diy'
24.2422 	EXP 	show_condition_text: autoDraw = True
24.2427 	EXP 	New trial (rep=0, index=6): OrderedDict([('word', 'interim')])
24.2627 	EXP 	show_condition_text: autoDraw = False
24.2627 	EXP 	show_condition_text: text = 'interim'
24.2627 	EXP 	show_condition_text: autoDraw = True
24.2631 	EXP 	New trial (rep=0, index=7): OrderedDict([('word', 'phantom')])
24.2907 	EXP 	show_condition_text: autoDraw = False
24.2907 	EXP 	show_condition_text: text = 'phantom'
24.2907 	EXP 	show_condition_text: autoDraw = True
24.2915 	EXP 	New trial (rep=0, index=8): OrderedDict([('word', 'groups')])
24.3089 	EXP 	show_condition_text: autoDraw = False
24.3089 	EXP 	show_condition_text: text = 'groups'
24.3089 	EXP 	show_condition_text: autoDraw = True
24.3094 	EXP 	New trial (rep=0, index=9): OrderedDict([('word', 'aka')])
24.3238 	EXP 	show_condition_text: autoDraw = False
24.3238 	EXP 	show_condition_text: text = 'aka'
24.3238 	EXP 	show_condition_text: autoDraw = True
24.3243 	EXP 	New trial (rep=0, index=10): OrderedDict([('word', 'southampton')])
24.3427 	EXP 	show_condition_text: autoDraw = False
24.3427 	EXP 	show_condition_text: text = 'southampton'
24.3427 	EXP 	show_condition_text: autoDraw = True
24.3580 	EXP 	show_condition_text: autoDraw = False
24.3580 	EXP 	show_condition_text: text = '****'
24.3580 	EXP 	show_condition_text: autoDraw = True
24.5475 	DATA 	Keypress: space
24.5584 	EXP 	show_condition_text: autoDraw = False
24.5588 	EXP 	New trial (rep=0, index=6): OrderedDict([('wlist_index', 5)])
24.5618 	EXP 	Imported csvs/5.csv as conditions, 7 conditions, 1 params
24.5621 	EXP 	Created sequence: random, trialTypes=7, nReps=1, seed=None
24.5623 	EXP 	New trial (rep=0, index=0): OrderedDict([('word', 'mediterranean')])
24.5910 	EXP 	show_condition_text: text = 'mediterranean'
24.5910 	EXP 	show_condition_text: autoDraw = True
24.5916 	EXP 	New trial (rep=0, index=1): OrderedDict([('word', 'charitable')])
24.6101 	EXP 	show_condition_text: autoDraw = False
24.6101 	EXP 	show_condition_text: text = 'charitable'
24.6101 	EXP 	show_condition_text: autoDraw = True
24.6105 	EXP 	New trial (rep=0, index=2): OrderedDict([('word', 'typically')])
24.6280 	EXP 	show_condition_text: autoDraw = False
24.6280 	EXP 	show_condition_text: text = 'typically'
24.6280 	EXP 	show_condition_text: autoDraw = True
24.6285 	EXP 	New trial (rep=0, index=3): OrderedDict([('word', 'access')])
24.6449 	EXP 	show_condition_text: autoDraw = False
24.6449 	EXP 	show_condition_text: text = 'access'
24.6449 	EXP 	show_condition_text: autoDraw = True
24.6454 	EXP 	New trial (rep=0, index=4): OrderedDict([('word', 'physics')])
24.6746 	EXP 	show_condition_text: autoDraw = False
24.6746 	EXP 	show_condition_text: text = 'physics'
24.6746 	EXP 	show_condition_text: autoDraw = True
24.6754 	EXP 	New trial (rep=0, index=5): OrderedDict([('word', 'acceptance')])
24.6923 	EXP 	show_condition_text: autoDraw = False
24.6923 	EXP 	show_condition_text: text = 'acceptance'
24.6923 	EXP 	show_condition_text: autoDraw = True
24.6927 	EXP 	New trial (rep=0, index=6): OrderedDict([('word', 'specialties')])
24.7120 	EXP 	show_condition_text: autoDraw = False
24.7120 	EXP 	show_condition_text: text = 'specialties'
24.7120 	EXP 	show_condition_text: autoDraw = True
24.7281 	EXP 	show_condition_text: autoDraw = False
24.7281 	EXP 	show_condition_text: text = '****'
24.7281 	EXP 	show_condition_text: autoDraw = True
25.0246 	DATA 	Keypress: space
25.0422 	EXP 	show_condition_text: autoDraw = False
25.0426 	EXP 	New trial (rep=0, index=7): OrderedDict([('wlist_index', 6)])
25.0458 	EXP 	Imported csvs/6.csv as conditions, 9 conditions, 1 params
25.0462 	EXP 	Created sequence: random, trialTypes=9, nReps=1, seed=None
25.0464 	EXP 	New trial (rep=0, index=0): OrderedDict([('word', 'futures')])
25.0621 	EXP 	show_condition_text: text = 'futures'
25.0621 	EXP 	show_condition_text: autoDraw = True
25.0627 	EXP 	New trial (rep=0, index=1): OrderedDict([('word', 'landscape')])
25.0913 	EXP 	show_condition_text: autoDraw = False
25.0913 	EXP 	show_condition_text: text = 'landscape'
25.0913 	EXP 	show_condition_text: autoDraw = True
25.0917 	EXP 	New trial (rep=0, index=2): OrderedDict([('word', 'sole')])
25.1079 	EXP 	show_condition_text: autoDraw = False
25.1079 	EXP 	show_condition_text: text = 'sole'
25.1079 	EXP 	show_condition_text: autoDraw = True
25.1084 	EXP 	New trial (rep=0, index=3): OrderedDict([('word', 'enjoyed')])
25.1247 	EXP 	show_condition_text: autoDraw = False
25.1247 	EXP 	show_condition_text: text = 'enjoyed'
25.1247 	EXP 	show_condition_text: autoDraw = True
25.1251 	EXP 	New trial (rep=0, index=4): OrderedDict([('word', 'data')])
25.1409 	EXP 	show_condition_text: autoDraw = False
25.1409 	EXP 	show_condition_text: text = 'data'
25.1409 	EXP 	show_condition_text: autoDraw = True
25.1413 	EXP 	New trial (rep=0, index=5): OrderedDict([('word', 'colonial')])
25.1580 	EXP 	show_condition_text: autoDraw = False
25.1580 	EXP 	show_condition_text: text = 'colonial'
25.1580 	EXP 	show_condition_text: autoDraw = True
25.1585 	EXP 	New trial (rep=0, index=6): OrderedDict([('word', 'showers')])
25.1760 	EXP 	show_condition_text: autoDraw = False
25.1760 	EXP 	show_condition_text: text = 'showers'
25.1760 	EXP 	show_condition_text: autoDraw = True
25.1767 	EXP 	New trial (rep=0, index=7): OrderedDict([('word', 'findlaw')])
25.1949 	EXP 	show_condition_text: autoDraw = False
25.1949 	EXP 	show_condition_text: text = 'findlaw'
25.1949 	EXP 	show_condition_text: autoDraw = True
25.1955 	EXP 	New trial (rep=0, index=8): OrderedDict([('word', 'jose')])
25.2110 	EXP 	show_condition_text: autoDraw = False
25.2110 	EXP 	show_condition_text: text = 'jose'
25.2110 	EXP 	show_condition_text: autoDraw = True
25.2252 	EXP 	show_condition_text: autoDraw = False
25.2252 	EXP 	show_condition_text: text = '****'
25.2252 	EXP 	show_condition_text: autoDraw = True
25.5066 	DATA 	Keypress: space
25.5247 	EXP 	show_condition_text: autoDraw = False
25.5255 	EXP 	New trial (rep=0, index=3): OrderedDict([('condition', 1)])
25.5289 	EXP 	Imported csvs/condition_1_wlists_indices.csv as conditions, 8 conditions, 1 params
25.5292 	EXP 	Created sequence: random, trialTypes=8, nReps=1, seed=None
25.5294 	EXP 	New trial (rep=0, index=0): OrderedDict([('wlist_index', 12)])
25.5322 	EXP 	Imported csvs/12.csv as conditions, 7 conditions, 1 params
25.5325 	EXP 	Created sequence: random, trialTypes=7, nReps=1, seed=None
25.5327 	EXP 	New trial (rep=0, index=0): OrderedDict([('word', 'rapid')])
25.5583 	EXP 	show_condition_text: text = 'rapid'
25.5583 	EXP 	show_condition_text: autoDraw = True
25.5591 	EXP 	New trial (rep=0, index=1): OrderedDict([('word', 'powered')])
25.5770 	EXP 	show_condition_text: autoDraw = False
25.5770 	EXP 	show_condition_text: text = 'powered'
25.5770 	EXP 	show_condition_text: autoDraw = True
25.5774 	EXP 	New trial (rep=0, index=2): OrderedDict([('word', 'latin')])
25.5951 	EXP 	show_condition_text: autoDraw = False
25.5951 	EXP 	show_condition_text: text = 'latin'
25.5951 	EXP 	show_condition_text: autoDraw = True
25.5955 	EXP 	New trial (rep=0, index=3): OrderedDict([('word', 'shipments')])
25.6248 	EXP 	show_condition_text: autoDraw = False
25.6248 	EXP 	show_condition_text: text = 'shipments'
25.6248 	EXP 	show_condition_text: autoDraw = True
25.6256 	EXP 	New trial (rep=0, index=4): OrderedDict([('word', 'cradle')])
25.6419 	EXP 	show_condition_text: autoDraw = False
25.6419 	EXP 	show_condition_text: text = 'cradle'
25.6419 	EXP 	show_condition_text: autoDraw = True
25.6423 	EXP 	New trial (rep=0, index=5): OrderedDict([('word', 'keyword')])
25.6583 	EXP 	show_condition_text: autoDraw = False
25.6583 	EXP 	show_condition_text: text = 'keyword'
25.6583 	EXP 	show_condition_text: autoDraw = True
25.6588 	EXP 	New trial (rep=0, index=6): OrderedDict([('word', 'bangkok')])
25.6767 	EXP 	show_condition_text: autoDraw = False
25.6767 	EXP 	show_condition_text: text = 'bangkok'
25.6767 	EXP 	show_condition_text: autoDraw = True
25.6914 	EXP 	show_condition_text: autoDraw = False
25.6914 	EXP 	show_condition_text: text = '****'
25.6914 	EXP 	show_condition_text: autoDraw = True
25.9677 	DATA 	Keypress: space
25.9923 	EXP 	show_condition_text: autoDraw = False
25.9929 	EXP 	New trial (rep=0, index=1): OrderedDict([('wlist_index', 17)])
25.9965 	EXP 	Imported csvs/17.csv as conditions, 10 conditions, 1 params
25.9970 	EXP 	Created sequence: random, trialTypes=10, nReps=1, seed=None
25.9972 	EXP 	New trial (rep=0, index=0): OrderedDict([('word', 'potatoes')])
26.0255 	EXP 	show_condition_text: text = 'potatoes'
26.0255 	EXP 	show_condition_text: autoDraw = True
26.0260 	EXP 	New trial (rep=0, index=1): OrderedDict([('word', 'map')])
26.0423 	EXP 	show_condition_text: autoDraw = False
26.0423 	EXP 	show_condition_text: text = 'map'
26.0423 	EXP 	show_condition_text: autoDraw = True
26.0428 	EXP 	New trial (rep=0, index=2): OrderedDict([('word', 'adaptor')])
26.0608 	EXP 	show_condition_text: autoDraw = False
26.0608 	EXP 	show_condition_text: text = 'adaptor'
26.0608 	EXP 	show_condition_text: autoDraw = True
26.0612 	EXP 	New trial (rep=0, index=3): OrderedDict([('word', 'scott')])
26.0762 	EXP 	show_condition_text: autoDraw = False
26.0762 	EXP 	show_condition_text: text = 'scott'
26.0762 	EXP 	show_condition_text: autoDraw = True
26.0766 	EXP 	New trial (rep=0, index=4): OrderedDict([('word', 'accept')])
26.0935 	EXP 	show_condition_text: autoDraw = False
26.0935 	EXP 	show_condition_text: text = 'accept'
26.0935 	EXP 	show_condition_text: autoDraw = True
26.0939 	EXP 	New trial (rep=0, index=5): OrderedDict([('word', 'charging')])
26.1127 	EXP 	show_condition_text: autoDraw = False
26.1127 	EXP 	show_condition_text: text = 'charging'
26.1127 	EXP 	show_condition_text: autoDraw = True
26.1131 	EXP 	New trial (rep=0, index=6): OrderedDict([('word', 'places')])
26.1297 	EXP 	show_condition_text: autoDraw = False
26.1297 	EXP 	show_condition_text: text = 'places'
26.1297 	EXP 	show_condition_text: autoDraw = True
26.1300 	EXP 	New trial (rep=0, index=7): OrderedDict([('word', 'penetration')])
26.1598 	EXP 	show_condition_text: autoDraw = False
26.1598 	EXP 	show_condition_text: text = 'penetration'
26.1598 	EXP 	show_condition_text: autoDraw = True
26.1603 	EXP 	New trial (rep=0, index=8): OrderedDict([('word', 'sally')])
26.1780 	EXP 	show_condition_text: autoDraw = False
26.1780 	EXP 	show_condition_text: text = 'sally'
26.1780 	EXP 	show_condition_text: autoDraw = True
26.1784 	EXP 	New trial (rep=0, index=9): OrderedDict([('word', 'talent')])
26.1950 	EXP 	show_condition_text: autoDraw = False
26.1950 	EXP 	show_condition_text: text = 'talent'
26.1950 	EXP 	show_condition_text: autoDraw = True
26.2113 	EXP 	show_condition_text: autoDraw = False
26.2113 	EXP 	show_condition_text: text = '****'
26.2113 	EXP 	show_condition_text: autoDraw = True
26.4725 	DATA 	Keypress: space
26.4921 	EXP 	show_condition_text: autoDraw = False
26.4926 	EXP 	New trial (rep=0, index=2): OrderedDict([('wlist_index', 3)])
26.4956 	EXP 	Imported csvs/3.csv as conditions, 9 conditions, 1 params
26.4959 	EXP 	Created sequence: random, trialTypes=9, nReps=1, seed=None
26.4961 	EXP 	New trial (rep=0, index=0): OrderedDict([('word', 'vat')])
26.5125 	EXP 	show_condition_text: text = 'vat'
26.5125 	EXP 	show_condition_text: autoDraw = True
26.5129 	EXP 	New trial (rep=0, index=1): OrderedDict([('word', 'knowledgestorm')])
26.5414 	EXP 	show_condition_text: autoDraw = False
26.5414 	EXP 	show_condition_text: text = 'knowledgestorm'
26.5414 	EXP 	show_condition_text: autoDraw = True
26.5420 	EXP 	New trial (rep=0, index=2): OrderedDict([('word', 'smaller')])
26.5586 	EXP 	show_condition_text: autoDraw = False
26.5586 	EXP 	show_condition_text: text = 'smaller'
26.5586 	EXP 	show_condition_text: autoDraw = True
26.5591 	EXP 	New trial (rep=0, index=3): OrderedDict([('word', 'silent')])
26.5772 	EXP 	show_condition_text: autoDraw = False
26.5772 	EXP 	show_condition_text: text = 'silent'
26.5772 	EXP 	show_condition_text: autoDraw = True
26.5776 	EXP 	New trial (rep=0, index=4): OrderedDict([('word', 'considers')])
26.5961 	EXP 	show_condition_text: autoDraw = False
26.5961 	EXP 	show_condition_text: text = 'considers'
26.5961 	EXP 	show_condition_text: autoDraw = True
26.5965 	EXP 	New trial (rep=0, index=5): OrderedDict([('word', 'intervention')])
26.6253 	EXP 	show_condition_text: autoDraw = False
26.6253 	EXP 	show_condition_text: text = 'intervention'
26.6253 	EXP 	show_condition_text: autoDraw = True
26.6257 	EXP 	New trial (rep=0, index=6): OrderedDict([('word', 'wow')])
26.6422 	EXP 	show_condition_text: autoDraw = False
26.6422 	EXP 	show_condition_text: text = 'wow'
26.6422 	EXP 	show_condition_text: autoDraw = True
26.6427 	EXP 	New trial (rep=0, index=7): OrderedDict([('word', 'www')])
26.6591 	EXP 	show_condition_text: autoDraw = False
26.6591 	EXP 	show_condition_text: text = 'www'
26.6591 	EXP 	show_condition_text: autoDraw = True
26.6597 	EXP 	New trial (rep=0, index=8): OrderedDict([('word', 'custom')])
26.6772 	EXP 	show_condition_text: autoDraw = False
26.6772 	EXP 	show_condition_text: text = 'custom'
26.6772 	EXP 	show_condition_text: autoDraw = True
26.6934 	EXP 	show_condition_text: autoDraw = False
26.6934 	EXP 	show_condition_text: text = '****'
26.6934 	EXP 	show_condition_text: autoDraw = True
26.9456 	DATA 	Keypress: space
26.9593 	EXP 	show_condition_text: autoDraw = False
26.9596 	EXP 	New trial (rep=0, index=3): OrderedDict([('wlist_index', 27)])
26.9622 	EXP 	Imported csvs/27.csv as conditions, 8 conditions, 1 params
26.9624 	EXP 	Created sequence: random, trialTypes=8, nReps=1, seed=None
26.9626 	EXP 	New trial (rep=0, index=0): OrderedDict([('word', 'him')])
26.9785 	EXP 	show_condition_text: text = 'him'
26.9785 	EXP 	show_condition_text: autoDraw = True
26.9789 	EXP 	New trial (rep=0, index=1): OrderedDict([('word', 'buyers')])
26.9957 	EXP 	show_condition_text: autoDraw = False
26.9957 	EXP 	show_condition_text: text = 'buyers'
26.9957 	EXP 	show_condition_text: autoDraw = True
26.9962 	EXP 	New trial (rep=0, index=2): OrderedDict([('word', 'oral')])
27.0119 	EXP 	show_condition_text: autoDraw = False
27.0119 	EXP 	show_condition_text: text = 'oral'
27.0119 	EXP 	show_condition_text: autoDraw = True
27.0123 	EXP 	New trial (rep=0, index=3): OrderedDict([('word', 'ski')])
27.0291 	EXP 	show_condition_text: autoDraw = False
27.0291 	EXP 	show_condition_text: text = 'ski'
27.0291 	EXP 	show_condition_text: autoDraw = True
27.0294 	EXP 	New trial (rep=0, index=4): OrderedDict([('word', 'say')])
27.0616 	EXP 	show_condition_text: autoDraw = False
27.0616 	EXP 	show_condition_text: text = 'say'
27.0616 	EXP 	show_condition_text: autoDraw = True
27.0621 	EXP 	New trial (rep=0, index=5): OrderedDict([('word', 'douglas')])
27.0932 	EXP 	show_condition_text: autoDraw = False
27.0932 	EXP 	show_condition_text: text = 'douglas'
27.0932 	EXP 	show_condition_text: autoDraw = True
27.0939 	EXP 	New trial (rep=0, index=6): OrderedDict([('word', 'safari')])
27.1113 	EXP 	show_condition_text: autoDraw = False
27.1113 	EXP 	show_condition_text: text = 'safari'
27.1113 	EXP 	show_condition_text: autoDraw = True
27.1118 	EXP 	New trial (rep=0, index=7): OrderedDict([('word', 'unable')])
27.1408 	EXP 	show_condition_text: autoDraw = False
27.1408 	EXP 	show_condition_text: text = 'unable'
27.1408 	EXP 	show_condition_text: autoDraw = True
27.1581 	EXP 	show_condition_text: autoDraw = False
27.1581 	EXP 	show_condition_text: text = '****'
27.1581 	EXP 	show_condition_text: autoDraw = True
27.4236 	DATA 	Keypress: space
27.4417 	EXP 	show_condition_text: autoDraw = False
27.4421 	EXP 	New trial (rep=0, index=4): OrderedDict([('wlist_index', 31)])
27.4452 	EXP 	Imported csvs/31.csv as conditions, 8 conditions, 1 params
27.4455 	EXP 	Created sequence: random, trialTypes=8, nReps=1, seed=None
27.4458 	EXP 	New trial (rep=0, index=0): OrderedDict([('word', 'usd')])
27.4611 	EXP 	show_condition_text: text = 'usd'
27.4611 	EXP 	show_condition_text: autoDraw = True
27.4615 	EXP 	New trial (rep=0, index=1): OrderedDict([('word', 'act')])
27.4769 	EXP 	show_condition_text: autoDraw = False
27.4769 	EXP 	show_condition_text: text = 'act'
27.4769 	EXP 	show_condition_text: autoDraw = True
27.4773 	EXP 	New trial (rep=0, index=2): OrderedDict([('word', 'incest')])
27.4930 	EXP 	show_condition_text: autoDraw = False
27.4930 	EXP 	show_condition_text: text = 'incest'
27.4930 	EXP 	show_condition_text: autoDraw = True
27.4935 	EXP 	New trial (rep=0, index=3): OrderedDict([('word', 'phenomenon')])
27.5120 	EXP 	show_condition_text: autoDraw = False
27.5120 	EXP 	show_condition_text: text = 'phenomenon'
27.5120 	EXP 	show_condition_text: autoDraw = True
27.5125 	EXP 	New trial (rep=0, index=4): OrderedDict([('word', 'watson')])
27.5408 	EXP 	show_condition_text: autoDraw = False
27.5408 	EXP 	show_condition_text: text = 'watson'
27.5408 	EXP 	show_condition_text: autoDraw = True
27.5413 	EXP 	New trial (rep=0, index=5): OrderedDict([('word', 'humanitarian')])
27.5617 	EXP 	show_condition_text: autoDraw = False
27.5617 	EXP 	show_condition_text: text = 'humanitarian'
27.5617 	EXP 	show_condition_text: autoDraw = True
27.5621 	EXP 	New trial (rep=0, index=6): OrderedDict([('word', 'gi')])
27.5761 	EXP 	show_condition_text: autoDraw = False
27.5761 	EXP 	show_condition_text: text = 'gi'
27.5761 	EXP 	show_condition_text: autoDraw = True
27.5766 	EXP 	New trial (rep=0, index=7): OrderedDict([('word', 'reverse')])
27.5937 	EXP 	show_condition_text: autoDraw = False
27.5937 	EXP 	show_condition_text: text = 'reverse'
27.5937 	EXP 	show_condition_text: autoDraw = True
27.6084 	EXP 	show_condition_text: autoDraw = False
27.6084 	EXP 	show_condition_text: text = '****'
27.6084 	EXP 	show_condition_text: autoDraw = True
27.8736 	DATA 	Keypress: space
27.8922 	EXP 	show_condition_text: autoDraw = False
27.8926 	EXP 	New trial (rep=0, index=5): OrderedDict([('wlist_index', 9)])
27.8962 	EXP 	Imported csvs/9.csv as conditions, 6 conditions, 1 params
27.8965 	EXP 	Created sequence: random, trialTypes=6, nReps=1, seed=None
27.8967 	EXP 	New trial (rep=0, index=0): OrderedDict([('word', 'bitch')])
27.9255 	EXP 	show_condition_text: text = 'bitch'
27.9255 	EXP 	show_condition_text: autoDraw = True
27.9262 	EXP 	New trial (rep=0, index=1): OrderedDict([('word', 'continuing')])
27.9452 	EXP 	show_condition_text: autoDraw = False
27.9452 	EXP 	show_condition_text: text = 'continuing'
27.9452 	EXP 	show_condition_text: autoDraw = True
27.9457 	EXP 	New trial (rep=0, index=2): OrderedDict([('word', 'plane')])
27.9741 	EXP 	show_condition_text: autoDraw = False
27.9741 	EXP 	show_condition_text: text = 'plane'
27.9741 	EXP 	show_condition_text: autoDraw = True
27.9748 	EXP 	New trial (rep=0, index=3): OrderedDict([('word', 'sing')])
27.9917 	EXP 	show_condition_text: autoDraw = False
27.9917 	EXP 	show_condition_text: text = 'sing'
27.9917 	EXP 	show_condition_text: autoDraw = True
27.9922 	EXP 	New trial (rep=0, index=4): OrderedDict([('word', 'stuck')])
28.0084 	EXP 	show_condition_text: autoDraw = False
28.0084 	EXP 	show_condition_text: text = 'stuck'
28.0084 	EXP 	show_condition_text: autoDraw = True
28.0089 	EXP 	New trial (rep=0, index=5): OrderedDict([('word', 'titled')])
28.0252 	EXP 	show_condition_text: autoDraw = False
28.0252 	EXP 	show_condition_text: text = 'titled'
28.0252 	EXP 	show_condition_text: autoDraw = True
28.0416 	EXP 	show_condition_text: autoDraw = False
28.0416 	EXP 	show_condition_text: text = '****'
28.0416 	EXP 	show_condition_text: autoDraw = True
28.3547 	DATA 	Keypress: space
28.3748 	EXP 	show_condition_text: autoDraw = False
28.3753 	EXP 	New trial (rep=0, index=6): OrderedDict([('wlist_index', 13)])
28.3835 	EXP 	Imported csvs/13.csv as conditions, 7 conditions, 1 params
28.3838 	EXP 	Created sequence: random, trialTypes=7, nReps=1, seed=None
28.3840 	EXP 	New trial (rep=0, index=0): OrderedDict([('word', 'township')])
28.4073 	EXP 	show_condition_text: text = 'township'
28.4073 	EXP 	show_condition_text: autoDraw = True
28.4078 	EXP 	New trial (rep=0, index=1): OrderedDict([('word', 'guild')])
28.4248 	EXP 	show_condition_text: autoDraw = False
28.4248 	EXP 	show_condition_text: text = 'guild'
28.4248 	EXP 	show_condition_text: autoDraw = True
28.4253 	EXP 	New trial (rep=0, index=2): OrderedDict([('word', 'poems')])
28.4437 	EXP 	show_condition_text: autoDraw = False
28.4437 	EXP 	show_condition_text: text = 'poems'
28.4437 	EXP 	show_condition_text: autoDraw = True
28.4441 	EXP 	New trial (rep=0, index=3): OrderedDict([('word', 'deaths')])
28.4606 	EXP 	show_condition_text: autoDraw = False
28.4606 	EXP 	show_condition_text: text = 'deaths'
28.4606 	EXP 	show_condition_text: autoDraw = True
28.4610 	EXP 	New trial (rep=0, index=4): OrderedDict([('word', 'complications')])
28.4912 	EXP 	show_condition_text: autoDraw = False
28.4912 	EXP 	show_condition_text: text = 'complications'
28.4912 	EXP 	show_condition_text: autoDraw = True
28.4917 	EXP 	New trial (rep=0, index=5): OrderedDict([('word', 'scanned')])
28.5083 	EXP 	show_condition_text: autoDraw = False
28.5083 	EXP 	show_condition_text: text = 'scanned'
28.5083 	EXP 	show_condition_text: autoDraw = True
28.5088 	EXP 	New trial (rep=0, index=6): OrderedDict([('word', 'measures')])
28.5249 	EXP 	show_condition_text: autoDraw = False
28.5249 	EXP 	show_condition_text: text = 'measures'
28.5249 	EXP 	show_condition_text: autoDraw = True
28.5415 	EXP 	show_condition_text: autoDraw = False
28.5415 	EXP 	show_condition_text: text = '****'
28.5415 	EXP 	show_condition_text: autoDraw = True
28.8298 	DATA 	Keypress: space
28.8417 	EXP 	show_condition_text: autoDraw = False
28.8421 	EXP 	New trial (rep=0, index=7): OrderedDict([('wlist_index', 2)])
28.8453 	EXP 	Imported csvs/2.csv as conditions, 8 conditions, 1 params
28.8456 	EXP 	Created sequence: random, trialTypes=8, nReps=1, seed=None
28.8458 	EXP 	New trial (rep=0, index=0): OrderedDict([('word', 'noble')])
28.8750 	EXP 	show_condition_text: text = 'noble'
28.8750 	EXP 	show_condition_text: autoDraw = True
28.8754 	EXP 	New trial (rep=0, index=1): OrderedDict([('word', 'look')])
28.8915 	EXP 	show_condition_text: autoDraw = False
28.8915 	EXP 	show_condition_text: text = 'look'
28.8915 	EXP 	show_condition_text: autoDraw = True
28.8922 	EXP 	New trial (rep=0, index=2): OrderedDict([('word', 'guide')])
28.9093 	EXP 	show_condition_text: autoDraw = False
28.9093 	EXP 	show_condition_text: text = 'guide'
28.9093 	EXP 	show_condition_text: autoDraw = True
28.9098 	EXP 	New trial (rep=0, index=3): OrderedDict([('word', 'representation')])
28.9286 	EXP 	show_condition_text: autoDraw = False
28.9286 	EXP 	show_condition_text: text = 'representation'
28.9286 	EXP 	show_condition_text: autoDraw = True
28.9291 	EXP 	New trial (rep=0, index=4): OrderedDict([('word', 'assessed')])
28.9450 	EXP 	show_condition_text: autoDraw = False
28.9450 	EXP 	show_condition_text: text = 'assessed'
28.9450 	EXP 	show_condition_text: autoDraw = True
28.9454 	EXP 	New trial (rep=0, index=5): OrderedDict([('word', 'xl')])
28.9608 	EXP 	show_condition_text: autoDraw = False
28.9608 	EXP 	show_condition_text: text = 'xl'
28.9608 	EXP 	show_condition_text: autoDraw = True
28.9613 	EXP 	New trial (rep=0, index=6): OrderedDict([('word', 'protected')])
28.9795 	EXP 	show_condition_text: autoDraw = False
28.9795 	EXP 	show_condition_text: text = 'protected'
28.9795 	EXP 	show_condition_text: autoDraw = True
28.9800 	EXP 	New trial (rep=0, index=7): OrderedDict([('word', 'milfhunter')])
29.0078 	EXP 	show_condition_text: autoDraw = False
29.0078 	EXP 	show_condition_text: text = 'milfhunter'
29.0078 	EXP 	show_condition_text: autoDraw = True
29.0248 	EXP 	show_condition_text: autoDraw = False
29.0248 	EXP 	show_condition_text: text = '****'
29.0248 	EXP 	show_condition_text: autoDraw = True
29.2980 	DATA 	Keypress: space
29.3103 	EXP 	show_condition_text: autoDraw = False
29.7028 	EXP 	window1: mouseVisible = True
