5.7240 	WARNING 	User requested fullscreen with size [1024  768], but screen is actually [1440, 900]. Using actual size
6.4101 	EXP 	Created window1 = Window(allowGUI=False, allowStencil=False, args=UNKNOWN, autoLog=True, bitsMode=UNKNOWN, blendMode='avg', color=array([0., 0., 0.]), colorSpace='rgb', fullscr=<method-wrapper '__getattribute__' of attributeSetter object at 0x131c8b828>, gamma=None, gammaErrorPolicy='raise', kwargs=UNKNOWN, lms=UNKNOWN, monitor=<psychopy.monitors.calibTools.Monitor object at 0x132e8f320>, multiSample=False, name='window1', numSamples=2, pos=[360.0, 225.0], screen=0, size=array([2880, 1800]), stereo=False, units='height', useFBO=True, useRetina=True, viewOri=0.0, viewPos=None, viewScale=None, waitBlanking=True, winType='pyglet')
6.4101 	EXP 	window1: recordFrameIntervals = False
6.5765 	EXP 	window1: recordFrameIntervals = True
6.7598 	EXP 	window1: recordFrameIntervals = False
7.4065 	EXP 	Created instructions_text = TextStim(__class__=<class 'psychopy.visual.text.TextStim'>, alignHoriz='center', alignVert='center', antialias=True, autoLog=True, bold=False, color='white', colorSpace='named', contrast=1.0, depth=0.0, flipHoriz=False, flipVert=False, font='Arial', fontFiles=[], height=0.1, italic=False, languageStyle='LTR', name='instructions_text', opacity=1.0, ori=0, pos=array([0., 0.]), rgb=array([255., 255., 255.]), text='Welcome!', units='height', win=Window(...), wrapWidth=1)
7.4589 	EXP 	Created show_condition_text = TextStim(__class__=<class 'psychopy.visual.text.TextStim'>, alignHoriz='center', alignVert='center', antialias=True, autoLog=True, bold=False, color='white', colorSpace='named', contrast=1.0, depth=0.0, flipHoriz=False, flipVert=False, font='Arial', fontFiles=[], height=0.1, italic=False, languageStyle='LTR', name='show_condition_text', opacity=1.0, ori=0, pos=array([0., 0.]), rgb=array([255., 255., 255.]), text='default text', units='height', win=Window(...), wrapWidth=1)
7.4782 	EXP 	instructions_text: autoDraw = True
7.7195 	EXP 	Imported csvs/noise_conditions.csv as conditions, 4 conditions, 1 params
7.7198 	EXP 	Created sequence: random, trialTypes=4, nReps=1, seed=None
7.7200 	EXP 	New trial (rep=0, index=0): OrderedDict([('condition', 3)])
7.7264 	EXP 	Imported csvs/condition_3_wlists_indices.csv as conditions, 8 conditions, 1 params
7.7267 	EXP 	Created sequence: random, trialTypes=8, nReps=1, seed=None
7.7269 	EXP 	New trial (rep=0, index=0): OrderedDict([('wlist_index', 28)])
7.7367 	EXP 	Imported csvs/28.csv as conditions, 6 conditions, 1 params
7.7370 	EXP 	Created sequence: random, trialTypes=6, nReps=1, seed=None
7.7372 	EXP 	New trial (rep=0, index=0): OrderedDict([('word', 'anthropology')])
7.7706 	DATA 	Keypress: space
7.7927 	EXP 	instructions_text: autoDraw = False
7.7927 	EXP 	show_condition_text: text = 'anthropology'
7.7927 	EXP 	show_condition_text: autoDraw = True
8.7787 	EXP 	New trial (rep=0, index=1): OrderedDict([('word', 'make')])
8.7965 	EXP 	show_condition_text: autoDraw = False
8.7965 	EXP 	show_condition_text: autoDraw = False
8.7965 	EXP 	show_condition_text: text = 'make'
8.7965 	EXP 	show_condition_text: autoDraw = True
9.7945 	EXP 	New trial (rep=0, index=2): OrderedDict([('word', 'separately')])
9.8136 	EXP 	show_condition_text: autoDraw = False
9.8136 	EXP 	show_condition_text: autoDraw = False
9.8136 	EXP 	show_condition_text: text = 'separately'
9.8136 	EXP 	show_condition_text: autoDraw = True
10.8109 	EXP 	New trial (rep=0, index=3): OrderedDict([('word', 'biography')])
10.8301 	EXP 	show_condition_text: autoDraw = False
10.8301 	EXP 	show_condition_text: autoDraw = False
10.8301 	EXP 	show_condition_text: text = 'biography'
10.8301 	EXP 	show_condition_text: autoDraw = True
11.8278 	EXP 	New trial (rep=0, index=4): OrderedDict([('word', 'regardless')])
11.8445 	EXP 	show_condition_text: autoDraw = False
11.8445 	EXP 	show_condition_text: autoDraw = False
11.8445 	EXP 	show_condition_text: text = 'regardless'
11.8445 	EXP 	show_condition_text: autoDraw = True
12.8277 	EXP 	New trial (rep=0, index=5): OrderedDict([('word', 'figure')])
12.8433 	EXP 	show_condition_text: autoDraw = False
12.8433 	EXP 	show_condition_text: autoDraw = False
12.8433 	EXP 	show_condition_text: text = 'figure'
12.8433 	EXP 	show_condition_text: autoDraw = True
13.8440 	EXP 	show_condition_text: autoDraw = False
13.8440 	EXP 	show_condition_text: autoDraw = False
13.8440 	EXP 	show_condition_text: text = '****'
13.8440 	EXP 	show_condition_text: autoDraw = True
13.8608 	EXP 	show_condition_text: text = '****'
13.8608 	EXP 	show_condition_text: autoDraw = True
13.8771 	EXP 	show_condition_text: text = '****'
13.8771 	EXP 	show_condition_text: autoDraw = True
13.8941 	EXP 	show_condition_text: text = '****'
13.8941 	EXP 	show_condition_text: autoDraw = True
13.9106 	EXP 	show_condition_text: text = '****'
13.9106 	EXP 	show_condition_text: autoDraw = True
13.9273 	EXP 	show_condition_text: text = '****'
13.9273 	EXP 	show_condition_text: autoDraw = True
13.9441 	EXP 	show_condition_text: text = '****'
13.9441 	EXP 	show_condition_text: autoDraw = True
13.9605 	EXP 	show_condition_text: text = '****'
13.9605 	EXP 	show_condition_text: autoDraw = True
13.9768 	EXP 	show_condition_text: text = '****'
13.9768 	EXP 	show_condition_text: autoDraw = True
13.9942 	EXP 	show_condition_text: text = '****'
13.9942 	EXP 	show_condition_text: autoDraw = True
14.0104 	EXP 	show_condition_text: text = '****'
14.0104 	EXP 	show_condition_text: autoDraw = True
14.0275 	EXP 	show_condition_text: text = '****'
14.0275 	EXP 	show_condition_text: autoDraw = True
14.0441 	EXP 	show_condition_text: text = '****'
14.0441 	EXP 	show_condition_text: autoDraw = True
14.0606 	EXP 	show_condition_text: text = '****'
14.0606 	EXP 	show_condition_text: autoDraw = True
14.0773 	EXP 	show_condition_text: text = '****'
14.0773 	EXP 	show_condition_text: autoDraw = True
14.0941 	EXP 	show_condition_text: text = '****'
14.0941 	EXP 	show_condition_text: autoDraw = True
14.1107 	EXP 	show_condition_text: text = '****'
14.1107 	EXP 	show_condition_text: autoDraw = True
14.1272 	EXP 	show_condition_text: text = '****'
14.1272 	EXP 	show_condition_text: autoDraw = True
14.1437 	EXP 	show_condition_text: text = '****'
14.1437 	EXP 	show_condition_text: autoDraw = True
14.1607 	EXP 	show_condition_text: text = '****'
14.1607 	EXP 	show_condition_text: autoDraw = True
14.1774 	EXP 	show_condition_text: text = '****'
14.1774 	EXP 	show_condition_text: autoDraw = True
14.1936 	EXP 	show_condition_text: text = '****'
14.1936 	EXP 	show_condition_text: autoDraw = True
14.2109 	EXP 	show_condition_text: text = '****'
14.2109 	EXP 	show_condition_text: autoDraw = True
14.2273 	EXP 	show_condition_text: text = '****'
14.2273 	EXP 	show_condition_text: autoDraw = True
14.2438 	EXP 	show_condition_text: text = '****'
14.2438 	EXP 	show_condition_text: autoDraw = True
14.2605 	EXP 	show_condition_text: text = '****'
14.2605 	EXP 	show_condition_text: autoDraw = True
14.2769 	EXP 	show_condition_text: text = '****'
14.2769 	EXP 	show_condition_text: autoDraw = True
14.2941 	EXP 	show_condition_text: text = '****'
14.2941 	EXP 	show_condition_text: autoDraw = True
14.3108 	EXP 	show_condition_text: text = '****'
14.3108 	EXP 	show_condition_text: autoDraw = True
14.3274 	EXP 	show_condition_text: text = '****'
14.3274 	EXP 	show_condition_text: autoDraw = True
14.3441 	EXP 	show_condition_text: text = '****'
14.3441 	EXP 	show_condition_text: autoDraw = True
14.3607 	EXP 	show_condition_text: text = '****'
14.3607 	EXP 	show_condition_text: autoDraw = True
14.3772 	EXP 	show_condition_text: text = '****'
14.3772 	EXP 	show_condition_text: autoDraw = True
14.3938 	EXP 	show_condition_text: text = '****'
14.3938 	EXP 	show_condition_text: autoDraw = True
14.4108 	EXP 	show_condition_text: text = '****'
14.4108 	EXP 	show_condition_text: autoDraw = True
14.4271 	EXP 	show_condition_text: text = '****'
14.4271 	EXP 	show_condition_text: autoDraw = True
14.4442 	EXP 	show_condition_text: text = '****'
14.4442 	EXP 	show_condition_text: autoDraw = True
14.4608 	EXP 	show_condition_text: text = '****'
14.4608 	EXP 	show_condition_text: autoDraw = True
14.4770 	EXP 	show_condition_text: text = '****'
14.4770 	EXP 	show_condition_text: autoDraw = True
14.4934 	EXP 	show_condition_text: text = '****'
14.4934 	EXP 	show_condition_text: autoDraw = True
14.5102 	EXP 	show_condition_text: text = '****'
14.5102 	EXP 	show_condition_text: autoDraw = True
14.5270 	EXP 	show_condition_text: text = '****'
14.5270 	EXP 	show_condition_text: autoDraw = True
14.5435 	EXP 	show_condition_text: text = '****'
14.5435 	EXP 	show_condition_text: autoDraw = True
14.5610 	EXP 	show_condition_text: text = '****'
14.5610 	EXP 	show_condition_text: autoDraw = True
14.5775 	EXP 	show_condition_text: text = '****'
14.5775 	EXP 	show_condition_text: autoDraw = True
14.5940 	EXP 	show_condition_text: text = '****'
14.5940 	EXP 	show_condition_text: autoDraw = True
14.6109 	EXP 	show_condition_text: text = '****'
14.6109 	EXP 	show_condition_text: autoDraw = True
14.6273 	EXP 	show_condition_text: text = '****'
14.6273 	EXP 	show_condition_text: autoDraw = True
14.6439 	EXP 	show_condition_text: text = '****'
14.6439 	EXP 	show_condition_text: autoDraw = True
14.6606 	EXP 	show_condition_text: text = '****'
14.6606 	EXP 	show_condition_text: autoDraw = True
14.6777 	EXP 	show_condition_text: text = '****'
14.6777 	EXP 	show_condition_text: autoDraw = True
14.6940 	EXP 	show_condition_text: text = '****'
14.6940 	EXP 	show_condition_text: autoDraw = True
14.7106 	EXP 	show_condition_text: text = '****'
14.7106 	EXP 	show_condition_text: autoDraw = True
14.7275 	EXP 	show_condition_text: text = '****'
14.7275 	EXP 	show_condition_text: autoDraw = True
14.7441 	EXP 	show_condition_text: text = '****'
14.7441 	EXP 	show_condition_text: autoDraw = True
14.7605 	EXP 	show_condition_text: text = '****'
14.7605 	EXP 	show_condition_text: autoDraw = True
14.7775 	EXP 	show_condition_text: text = '****'
14.7775 	EXP 	show_condition_text: autoDraw = True
14.7941 	EXP 	show_condition_text: text = '****'
14.7941 	EXP 	show_condition_text: autoDraw = True
14.8107 	EXP 	show_condition_text: text = '****'
14.8107 	EXP 	show_condition_text: autoDraw = True
14.8274 	EXP 	show_condition_text: text = '****'
14.8274 	EXP 	show_condition_text: autoDraw = True
14.8439 	EXP 	show_condition_text: text = '****'
14.8439 	EXP 	show_condition_text: autoDraw = True
14.8611 	EXP 	show_condition_text: text = '****'
14.8611 	EXP 	show_condition_text: autoDraw = True
14.8774 	EXP 	show_condition_text: text = '****'
14.8774 	EXP 	show_condition_text: autoDraw = True
14.8940 	EXP 	show_condition_text: text = '****'
14.8940 	EXP 	show_condition_text: autoDraw = True
14.9109 	EXP 	show_condition_text: text = '****'
14.9109 	EXP 	show_condition_text: autoDraw = True
14.9272 	EXP 	show_condition_text: text = '****'
14.9272 	EXP 	show_condition_text: autoDraw = True
14.9439 	EXP 	show_condition_text: text = '****'
14.9439 	EXP 	show_condition_text: autoDraw = True
14.9606 	EXP 	show_condition_text: text = '****'
14.9606 	EXP 	show_condition_text: autoDraw = True
14.9774 	EXP 	show_condition_text: text = '****'
14.9774 	EXP 	show_condition_text: autoDraw = True
14.9940 	EXP 	show_condition_text: text = '****'
14.9940 	EXP 	show_condition_text: autoDraw = True
15.0103 	EXP 	show_condition_text: text = '****'
15.0103 	EXP 	show_condition_text: autoDraw = True
15.0273 	EXP 	show_condition_text: text = '****'
15.0273 	EXP 	show_condition_text: autoDraw = True
15.0444 	EXP 	show_condition_text: text = '****'
15.0444 	EXP 	show_condition_text: autoDraw = True
15.0471 	DATA 	Keypress: space
15.0597 	EXP 	show_condition_text: text = '****'
15.0597 	EXP 	show_condition_text: autoDraw = True
15.0766 	EXP 	show_condition_text: text = '****'
15.0766 	EXP 	show_condition_text: autoDraw = True
15.0942 	EXP 	show_condition_text: text = '****'
15.0942 	EXP 	show_condition_text: autoDraw = True
15.1110 	EXP 	show_condition_text: text = '****'
15.1110 	EXP 	show_condition_text: autoDraw = True
15.1270 	EXP 	show_condition_text: text = '****'
15.1270 	EXP 	show_condition_text: autoDraw = True
15.1435 	EXP 	show_condition_text: text = '****'
15.1435 	EXP 	show_condition_text: autoDraw = True
15.1607 	EXP 	show_condition_text: text = '****'
15.1607 	EXP 	show_condition_text: autoDraw = True
15.1613 	EXP 	New trial (rep=0, index=1): OrderedDict([('wlist_index', 11)])
15.1725 	EXP 	Imported csvs/11.csv as conditions, 11 conditions, 1 params
15.1730 	EXP 	Created sequence: random, trialTypes=11, nReps=1, seed=None
15.1732 	EXP 	New trial (rep=0, index=0): OrderedDict([('word', 'boom')])
15.1938 	EXP 	show_condition_text: text = 'boom'
15.1938 	EXP 	show_condition_text: autoDraw = True
15.2107 	EXP 	show_condition_text: autoDraw = True
15.2271 	EXP 	show_condition_text: autoDraw = True
15.2440 	EXP 	show_condition_text: autoDraw = True
15.2601 	EXP 	show_condition_text: autoDraw = True
15.2766 	EXP 	show_condition_text: autoDraw = True
15.2931 	EXP 	show_condition_text: autoDraw = True
15.3103 	EXP 	show_condition_text: autoDraw = True
15.3273 	EXP 	show_condition_text: autoDraw = True
15.3434 	EXP 	show_condition_text: autoDraw = True
15.3606 	EXP 	show_condition_text: autoDraw = True
15.3775 	EXP 	show_condition_text: autoDraw = True
15.3939 	EXP 	show_condition_text: autoDraw = True
15.4108 	EXP 	show_condition_text: autoDraw = True
15.4276 	EXP 	show_condition_text: autoDraw = True
15.4440 	EXP 	show_condition_text: autoDraw = True
15.4609 	EXP 	show_condition_text: autoDraw = True
15.4768 	EXP 	show_condition_text: autoDraw = True
15.4942 	EXP 	show_condition_text: autoDraw = True
15.5100 	EXP 	show_condition_text: autoDraw = True
15.5263 	EXP 	show_condition_text: autoDraw = True
15.5436 	EXP 	show_condition_text: autoDraw = True
15.5601 	EXP 	show_condition_text: autoDraw = True
15.5777 	EXP 	show_condition_text: autoDraw = True
15.5938 	EXP 	show_condition_text: autoDraw = True
15.6108 	EXP 	show_condition_text: autoDraw = True
15.6273 	EXP 	show_condition_text: autoDraw = True
15.6440 	EXP 	show_condition_text: autoDraw = True
15.6607 	EXP 	show_condition_text: autoDraw = True
15.6775 	EXP 	show_condition_text: autoDraw = True
15.6936 	EXP 	show_condition_text: autoDraw = True
15.7106 	EXP 	show_condition_text: autoDraw = True
15.7275 	EXP 	show_condition_text: autoDraw = True
15.7441 	EXP 	show_condition_text: autoDraw = True
15.7607 	EXP 	show_condition_text: autoDraw = True
15.7773 	EXP 	show_condition_text: autoDraw = True
15.7941 	EXP 	show_condition_text: autoDraw = True
15.8099 	EXP 	show_condition_text: autoDraw = True
15.8270 	EXP 	show_condition_text: autoDraw = True
15.8442 	EXP 	show_condition_text: autoDraw = True
15.8602 	EXP 	show_condition_text: autoDraw = True
15.8772 	EXP 	show_condition_text: autoDraw = True
15.8938 	EXP 	show_condition_text: autoDraw = True
15.9105 	EXP 	show_condition_text: autoDraw = True
15.9267 	EXP 	show_condition_text: autoDraw = True
15.9434 	EXP 	show_condition_text: autoDraw = True
15.9598 	EXP 	show_condition_text: autoDraw = True
15.9766 	EXP 	show_condition_text: autoDraw = True
15.9939 	EXP 	show_condition_text: autoDraw = True
16.0108 	EXP 	show_condition_text: autoDraw = True
16.0273 	EXP 	show_condition_text: autoDraw = True
16.0441 	EXP 	show_condition_text: autoDraw = True
16.0609 	EXP 	show_condition_text: autoDraw = True
16.0773 	EXP 	show_condition_text: autoDraw = True
16.0939 	EXP 	show_condition_text: autoDraw = True
16.1099 	EXP 	show_condition_text: autoDraw = True
16.1266 	EXP 	show_condition_text: autoDraw = True
16.1437 	EXP 	show_condition_text: autoDraw = True
16.1604 	EXP 	show_condition_text: autoDraw = True
16.1773 	EXP 	show_condition_text: autoDraw = True
16.1939 	EXP 	show_condition_text: autoDraw = True
16.2106 	EXP 	show_condition_text: autoDraw = True
16.2272 	EXP 	show_condition_text: autoDraw = True
16.2436 	EXP 	show_condition_text: autoDraw = True
16.2608 	EXP 	show_condition_text: autoDraw = True
16.2772 	EXP 	show_condition_text: autoDraw = True
16.2941 	EXP 	show_condition_text: autoDraw = True
16.3106 	EXP 	show_condition_text: autoDraw = True
16.3272 	EXP 	show_condition_text: autoDraw = True
16.3440 	EXP 	show_condition_text: autoDraw = True
16.3608 	EXP 	show_condition_text: autoDraw = True
16.3770 	EXP 	show_condition_text: autoDraw = True
16.3935 	EXP 	show_condition_text: autoDraw = True
16.4108 	EXP 	show_condition_text: autoDraw = True
16.4275 	EXP 	show_condition_text: autoDraw = True
16.4432 	EXP 	show_condition_text: autoDraw = True
16.4608 	EXP 	show_condition_text: autoDraw = True
16.4775 	EXP 	show_condition_text: autoDraw = True
16.4939 	EXP 	show_condition_text: autoDraw = True
16.5103 	EXP 	show_condition_text: autoDraw = True
16.5272 	EXP 	show_condition_text: autoDraw = True
16.5441 	EXP 	show_condition_text: autoDraw = True
16.5608 	EXP 	show_condition_text: autoDraw = True
16.5775 	EXP 	show_condition_text: autoDraw = True
16.5940 	EXP 	show_condition_text: autoDraw = True
16.6106 	EXP 	show_condition_text: autoDraw = True
16.6265 	EXP 	show_condition_text: autoDraw = True
16.6437 	EXP 	show_condition_text: autoDraw = True
16.6609 	EXP 	show_condition_text: autoDraw = True
16.6774 	EXP 	show_condition_text: autoDraw = True
16.6939 	EXP 	show_condition_text: autoDraw = True
16.7108 	EXP 	show_condition_text: autoDraw = True
16.7265 	EXP 	show_condition_text: autoDraw = True
16.7431 	EXP 	show_condition_text: autoDraw = True
16.7609 	EXP 	show_condition_text: autoDraw = True
16.7771 	EXP 	show_condition_text: autoDraw = True
16.7936 	EXP 	show_condition_text: autoDraw = True
16.8103 	EXP 	show_condition_text: autoDraw = True
16.8272 	EXP 	show_condition_text: autoDraw = True
16.8438 	EXP 	show_condition_text: autoDraw = True
16.8606 	EXP 	show_condition_text: autoDraw = True
16.8770 	EXP 	show_condition_text: autoDraw = True
16.8941 	EXP 	show_condition_text: autoDraw = True
16.9107 	EXP 	show_condition_text: autoDraw = True
16.9273 	EXP 	show_condition_text: autoDraw = True
16.9439 	EXP 	show_condition_text: autoDraw = True
16.9605 	EXP 	show_condition_text: autoDraw = True
16.9772 	EXP 	show_condition_text: autoDraw = True
16.9938 	EXP 	show_condition_text: autoDraw = True
17.0107 	EXP 	show_condition_text: autoDraw = True
17.0271 	EXP 	show_condition_text: autoDraw = True
17.0440 	EXP 	show_condition_text: autoDraw = True
17.0606 	EXP 	show_condition_text: autoDraw = True
17.0764 	EXP 	show_condition_text: autoDraw = True
17.0940 	EXP 	show_condition_text: autoDraw = True
17.1109 	EXP 	show_condition_text: autoDraw = True
17.1269 	EXP 	show_condition_text: autoDraw = True
17.1436 	EXP 	show_condition_text: autoDraw = True
17.1604 	EXP 	show_condition_text: autoDraw = True
17.1774 	EXP 	show_condition_text: autoDraw = True
17.1931 	EXP 	show_condition_text: autoDraw = True
17.2102 	EXP 	show_condition_text: autoDraw = True
17.2274 	EXP 	show_condition_text: autoDraw = True
17.2437 	EXP 	show_condition_text: autoDraw = True
17.2604 	EXP 	show_condition_text: autoDraw = True
17.2775 	EXP 	show_condition_text: autoDraw = True
17.2932 	EXP 	show_condition_text: autoDraw = True
17.3101 	EXP 	show_condition_text: autoDraw = True
17.3274 	EXP 	show_condition_text: autoDraw = True
17.3440 	EXP 	show_condition_text: autoDraw = True
17.3609 	EXP 	show_condition_text: autoDraw = True
17.3765 	EXP 	show_condition_text: autoDraw = True
17.3940 	EXP 	show_condition_text: autoDraw = True
17.4106 	EXP 	show_condition_text: autoDraw = True
17.4273 	EXP 	show_condition_text: autoDraw = True
17.4441 	EXP 	show_condition_text: autoDraw = True
17.4601 	EXP 	show_condition_text: autoDraw = True
17.4766 	EXP 	show_condition_text: autoDraw = True
17.4940 	EXP 	show_condition_text: autoDraw = True
17.5103 	EXP 	show_condition_text: autoDraw = True
17.5273 	EXP 	show_condition_text: autoDraw = True
17.5430 	EXP 	show_condition_text: autoDraw = True
17.5605 	EXP 	show_condition_text: autoDraw = True
17.5770 	EXP 	show_condition_text: autoDraw = True
17.5941 	EXP 	show_condition_text: autoDraw = True
17.6098 	EXP 	show_condition_text: autoDraw = True
17.6274 	EXP 	show_condition_text: autoDraw = True
17.6433 	EXP 	show_condition_text: autoDraw = True
17.6601 	EXP 	show_condition_text: autoDraw = True
17.6774 	EXP 	show_condition_text: autoDraw = True
17.6940 	EXP 	show_condition_text: autoDraw = True
17.7107 	EXP 	show_condition_text: autoDraw = True
17.7273 	EXP 	show_condition_text: autoDraw = True
17.7436 	EXP 	show_condition_text: autoDraw = True
17.7600 	EXP 	show_condition_text: autoDraw = True
17.7776 	EXP 	show_condition_text: autoDraw = True
17.7937 	EXP 	show_condition_text: autoDraw = True
17.8107 	EXP 	show_condition_text: autoDraw = True
17.8264 	EXP 	show_condition_text: autoDraw = True
17.8440 	EXP 	show_condition_text: autoDraw = True
17.8601 	EXP 	show_condition_text: autoDraw = True
17.8769 	EXP 	show_condition_text: autoDraw = True
17.8939 	EXP 	show_condition_text: autoDraw = True
17.9106 	EXP 	show_condition_text: autoDraw = True
17.9273 	EXP 	show_condition_text: autoDraw = True
17.9440 	EXP 	show_condition_text: autoDraw = True
17.9600 	EXP 	show_condition_text: autoDraw = True
17.9773 	EXP 	show_condition_text: autoDraw = True
17.9942 	EXP 	show_condition_text: autoDraw = True
18.0098 	EXP 	show_condition_text: autoDraw = True
18.0272 	EXP 	show_condition_text: autoDraw = True
18.0439 	EXP 	show_condition_text: autoDraw = True
18.0608 	EXP 	show_condition_text: autoDraw = True
18.0768 	EXP 	show_condition_text: autoDraw = True
18.0934 	EXP 	show_condition_text: autoDraw = True
18.1102 	EXP 	show_condition_text: autoDraw = True
18.1275 	EXP 	show_condition_text: autoDraw = True
18.1434 	EXP 	show_condition_text: autoDraw = True
18.1599 	EXP 	show_condition_text: autoDraw = True
18.1774 	EXP 	show_condition_text: autoDraw = True
18.1941 	EXP 	show_condition_text: autoDraw = True
18.2105 	EXP 	show_condition_text: autoDraw = True
18.2273 	EXP 	show_condition_text: autoDraw = True
18.2441 	EXP 	show_condition_text: autoDraw = True
18.2606 	EXP 	show_condition_text: autoDraw = True
18.2774 	EXP 	show_condition_text: autoDraw = True
18.2941 	EXP 	show_condition_text: autoDraw = True
18.3107 	EXP 	show_condition_text: autoDraw = True
18.3273 	EXP 	show_condition_text: autoDraw = True
18.3440 	EXP 	show_condition_text: autoDraw = True
18.3607 	EXP 	show_condition_text: autoDraw = True
18.3775 	EXP 	show_condition_text: autoDraw = True
18.3940 	EXP 	show_condition_text: autoDraw = True
18.4109 	EXP 	show_condition_text: autoDraw = True
18.4270 	EXP 	show_condition_text: autoDraw = True
18.4441 	EXP 	show_condition_text: autoDraw = True
18.4608 	EXP 	show_condition_text: autoDraw = True
18.4765 	EXP 	show_condition_text: autoDraw = True
18.4942 	EXP 	show_condition_text: autoDraw = True
18.5108 	EXP 	show_condition_text: autoDraw = True
18.5276 	EXP 	show_condition_text: autoDraw = True
18.5433 	EXP 	show_condition_text: autoDraw = True
18.5610 	EXP 	show_condition_text: autoDraw = True
18.5774 	EXP 	show_condition_text: autoDraw = True
18.5940 	EXP 	show_condition_text: autoDraw = True
18.6107 	EXP 	show_condition_text: autoDraw = True
18.6273 	EXP 	show_condition_text: autoDraw = True
18.6438 	EXP 	show_condition_text: autoDraw = True
18.6607 	EXP 	show_condition_text: autoDraw = True
18.6773 	EXP 	show_condition_text: autoDraw = True
18.6940 	EXP 	show_condition_text: autoDraw = True
18.7108 	EXP 	show_condition_text: autoDraw = True
18.7265 	EXP 	show_condition_text: autoDraw = True
18.7442 	EXP 	show_condition_text: autoDraw = True
18.7607 	EXP 	show_condition_text: autoDraw = True
18.7777 	EXP 	show_condition_text: autoDraw = True
18.7930 	EXP 	show_condition_text: autoDraw = True
18.8106 	EXP 	show_condition_text: autoDraw = True
18.8274 	EXP 	show_condition_text: autoDraw = True
18.8443 	EXP 	show_condition_text: autoDraw = True
18.8605 	EXP 	show_condition_text: autoDraw = True
18.8769 	EXP 	show_condition_text: autoDraw = True
18.8941 	EXP 	show_condition_text: autoDraw = True
18.9107 	EXP 	show_condition_text: autoDraw = True
18.9265 	EXP 	show_condition_text: autoDraw = True
18.9432 	EXP 	show_condition_text: autoDraw = True
18.9601 	EXP 	show_condition_text: autoDraw = True
18.9769 	EXP 	show_condition_text: autoDraw = True
18.9941 	EXP 	show_condition_text: autoDraw = True
19.0098 	EXP 	show_condition_text: autoDraw = True
19.0273 	EXP 	show_condition_text: autoDraw = True
19.0438 	EXP 	show_condition_text: autoDraw = True
19.0607 	EXP 	show_condition_text: autoDraw = True
19.0773 	EXP 	show_condition_text: autoDraw = True
19.0937 	EXP 	show_condition_text: autoDraw = True
19.1109 	EXP 	show_condition_text: autoDraw = True
19.1274 	EXP 	show_condition_text: autoDraw = True
19.1439 	EXP 	show_condition_text: autoDraw = True
19.1608 	EXP 	show_condition_text: autoDraw = True
19.1769 	EXP 	show_condition_text: autoDraw = True
19.1939 	EXP 	show_condition_text: autoDraw = True
19.2107 	EXP 	show_condition_text: autoDraw = True
19.2273 	EXP 	show_condition_text: autoDraw = True
19.2439 	EXP 	show_condition_text: autoDraw = True
19.2607 	EXP 	show_condition_text: autoDraw = True
19.2774 	EXP 	show_condition_text: autoDraw = True
19.2941 	EXP 	show_condition_text: autoDraw = True
19.3107 	EXP 	show_condition_text: autoDraw = True
19.3274 	EXP 	show_condition_text: autoDraw = True
19.3433 	EXP 	show_condition_text: autoDraw = True
19.3609 	EXP 	show_condition_text: autoDraw = True
19.3775 	EXP 	show_condition_text: autoDraw = True
19.3941 	EXP 	show_condition_text: autoDraw = True
19.4107 	EXP 	show_condition_text: autoDraw = True
19.4267 	EXP 	show_condition_text: autoDraw = True
19.4436 	EXP 	show_condition_text: autoDraw = True
19.4599 	EXP 	show_condition_text: autoDraw = True
19.4772 	EXP 	show_condition_text: autoDraw = True
19.4939 	EXP 	show_condition_text: autoDraw = True
19.5110 	EXP 	show_condition_text: autoDraw = True
19.5274 	EXP 	show_condition_text: autoDraw = True
19.5442 	EXP 	show_condition_text: autoDraw = True
19.5601 	EXP 	show_condition_text: autoDraw = True
19.5776 	EXP 	show_condition_text: autoDraw = True
19.5941 	EXP 	show_condition_text: autoDraw = True
19.6096 	EXP 	show_condition_text: autoDraw = True
19.6274 	EXP 	show_condition_text: autoDraw = True
19.6434 	EXP 	show_condition_text: autoDraw = True
19.6608 	EXP 	show_condition_text: autoDraw = True
19.6775 	EXP 	show_condition_text: autoDraw = True
19.6941 	EXP 	show_condition_text: autoDraw = True
19.7108 	EXP 	show_condition_text: autoDraw = True
19.7275 	EXP 	show_condition_text: autoDraw = True
19.7441 	EXP 	show_condition_text: autoDraw = True
19.7607 	EXP 	show_condition_text: autoDraw = True
19.7774 	EXP 	show_condition_text: autoDraw = True
19.7940 	EXP 	show_condition_text: autoDraw = True
19.8110 	EXP 	show_condition_text: autoDraw = True
19.8264 	EXP 	show_condition_text: autoDraw = True
19.8440 	EXP 	show_condition_text: autoDraw = True
19.8601 	EXP 	show_condition_text: autoDraw = True
19.8776 	EXP 	show_condition_text: autoDraw = True
19.8939 	EXP 	show_condition_text: autoDraw = True
19.9104 	EXP 	show_condition_text: autoDraw = True
19.9276 	EXP 	show_condition_text: autoDraw = True
19.9433 	EXP 	show_condition_text: autoDraw = True
19.9611 	EXP 	show_condition_text: autoDraw = True
19.9770 	EXP 	show_condition_text: autoDraw = True
19.9936 	EXP 	show_condition_text: autoDraw = True
20.0107 	EXP 	show_condition_text: autoDraw = True
20.0272 	EXP 	show_condition_text: autoDraw = True
20.0439 	EXP 	show_condition_text: autoDraw = True
20.0604 	EXP 	show_condition_text: autoDraw = True
20.0770 	EXP 	show_condition_text: autoDraw = True
20.0937 	EXP 	show_condition_text: autoDraw = True
20.1104 	EXP 	show_condition_text: autoDraw = True
20.1267 	EXP 	show_condition_text: autoDraw = True
20.1442 	EXP 	show_condition_text: autoDraw = True
20.1607 	EXP 	show_condition_text: autoDraw = True
20.1774 	EXP 	show_condition_text: autoDraw = True
20.1943 	EXP 	show_condition_text: autoDraw = True
20.2108 	EXP 	show_condition_text: autoDraw = True
20.2272 	EXP 	show_condition_text: autoDraw = True
20.2438 	EXP 	show_condition_text: autoDraw = True
20.2605 	EXP 	show_condition_text: autoDraw = True
20.2775 	EXP 	show_condition_text: autoDraw = True
20.2939 	EXP 	show_condition_text: autoDraw = True
20.3098 	EXP 	show_condition_text: autoDraw = True
20.3266 	EXP 	show_condition_text: autoDraw = True
20.3442 	EXP 	show_condition_text: autoDraw = True
20.3608 	EXP 	show_condition_text: autoDraw = True
20.3773 	EXP 	show_condition_text: autoDraw = True
20.3939 	EXP 	show_condition_text: autoDraw = True
20.4105 	EXP 	show_condition_text: autoDraw = True
20.4271 	EXP 	show_condition_text: autoDraw = True
20.4435 	EXP 	show_condition_text: autoDraw = True
20.4596 	EXP 	show_condition_text: autoDraw = True
20.4771 	EXP 	show_condition_text: autoDraw = True
20.4938 	EXP 	show_condition_text: autoDraw = True
20.5103 	EXP 	show_condition_text: autoDraw = True
20.5272 	EXP 	show_condition_text: autoDraw = True
20.5439 	EXP 	show_condition_text: autoDraw = True
20.5605 	EXP 	show_condition_text: autoDraw = True
20.5772 	EXP 	show_condition_text: autoDraw = True
20.5939 	EXP 	show_condition_text: autoDraw = True
20.6105 	EXP 	show_condition_text: autoDraw = True
20.6270 	EXP 	show_condition_text: autoDraw = True
20.6441 	EXP 	show_condition_text: autoDraw = True
20.6606 	EXP 	show_condition_text: autoDraw = True
20.6771 	EXP 	show_condition_text: autoDraw = True
20.6938 	EXP 	show_condition_text: autoDraw = True
20.7107 	EXP 	show_condition_text: autoDraw = True
20.7277 	EXP 	show_condition_text: autoDraw = True
20.7432 	EXP 	show_condition_text: autoDraw = True
20.7606 	EXP 	show_condition_text: autoDraw = True
20.7774 	EXP 	show_condition_text: autoDraw = True
20.7931 	EXP 	show_condition_text: autoDraw = True
20.8102 	EXP 	show_condition_text: autoDraw = True
20.8274 	EXP 	show_condition_text: autoDraw = True
20.8436 	EXP 	show_condition_text: autoDraw = True
20.8600 	EXP 	show_condition_text: autoDraw = True
20.8766 	EXP 	show_condition_text: autoDraw = True
20.8934 	EXP 	show_condition_text: autoDraw = True
20.9097 	EXP 	show_condition_text: autoDraw = True
20.9271 	EXP 	show_condition_text: autoDraw = True
20.9437 	EXP 	show_condition_text: autoDraw = True
20.9607 	EXP 	show_condition_text: autoDraw = True
20.9777 	EXP 	show_condition_text: autoDraw = True
20.9942 	EXP 	show_condition_text: autoDraw = True
21.0105 	EXP 	show_condition_text: autoDraw = True
21.0274 	EXP 	show_condition_text: autoDraw = True
21.0438 	EXP 	show_condition_text: autoDraw = True
21.0605 	EXP 	show_condition_text: autoDraw = True
21.0769 	EXP 	show_condition_text: autoDraw = True
21.0935 	EXP 	show_condition_text: autoDraw = True
21.1106 	EXP 	show_condition_text: autoDraw = True
21.1265 	EXP 	show_condition_text: autoDraw = True
21.1440 	EXP 	show_condition_text: autoDraw = True
21.1607 	EXP 	show_condition_text: autoDraw = True
21.1765 	EXP 	show_condition_text: autoDraw = True
21.1934 	EXP 	show_condition_text: autoDraw = True
21.2107 	EXP 	show_condition_text: autoDraw = True
21.2271 	EXP 	show_condition_text: autoDraw = True
21.2436 	EXP 	show_condition_text: autoDraw = True
21.2605 	EXP 	show_condition_text: autoDraw = True
21.2773 	EXP 	show_condition_text: autoDraw = True
21.2939 	EXP 	show_condition_text: autoDraw = True
21.3104 	EXP 	show_condition_text: autoDraw = True
21.3270 	EXP 	show_condition_text: autoDraw = True
21.3438 	EXP 	show_condition_text: autoDraw = True
21.3604 	EXP 	show_condition_text: autoDraw = True
21.3772 	EXP 	show_condition_text: autoDraw = True
21.3938 	EXP 	show_condition_text: autoDraw = True
21.4106 	EXP 	show_condition_text: autoDraw = True
21.4274 	EXP 	show_condition_text: autoDraw = True
21.4438 	EXP 	show_condition_text: autoDraw = True
21.4605 	EXP 	show_condition_text: autoDraw = True
21.4772 	EXP 	show_condition_text: autoDraw = True
21.4939 	EXP 	show_condition_text: autoDraw = True
21.5104 	EXP 	show_condition_text: autoDraw = True
21.5273 	EXP 	show_condition_text: autoDraw = True
21.5440 	EXP 	show_condition_text: autoDraw = True
21.5605 	EXP 	show_condition_text: autoDraw = True
21.5763 	EXP 	show_condition_text: autoDraw = True
21.5939 	EXP 	show_condition_text: autoDraw = True
21.6106 	EXP 	show_condition_text: autoDraw = True
21.6265 	EXP 	show_condition_text: autoDraw = True
21.6438 	EXP 	show_condition_text: autoDraw = True
21.6603 	EXP 	show_condition_text: autoDraw = True
21.6772 	EXP 	show_condition_text: autoDraw = True
21.6940 	EXP 	show_condition_text: autoDraw = True
21.7098 	EXP 	show_condition_text: autoDraw = True
21.7269 	EXP 	show_condition_text: autoDraw = True
21.7439 	EXP 	show_condition_text: autoDraw = True
21.7605 	EXP 	show_condition_text: autoDraw = True
21.7773 	EXP 	show_condition_text: autoDraw = True
21.7940 	EXP 	show_condition_text: autoDraw = True
21.8106 	EXP 	show_condition_text: autoDraw = True
21.8272 	EXP 	show_condition_text: autoDraw = True
21.8436 	EXP 	show_condition_text: autoDraw = True
21.8606 	EXP 	show_condition_text: autoDraw = True
21.8774 	EXP 	show_condition_text: autoDraw = True
21.8937 	EXP 	show_condition_text: autoDraw = True
21.9104 	EXP 	show_condition_text: autoDraw = True
21.9270 	EXP 	show_condition_text: autoDraw = True
21.9442 	EXP 	show_condition_text: autoDraw = True
21.9609 	EXP 	show_condition_text: autoDraw = True
21.9768 	EXP 	show_condition_text: autoDraw = True
21.9931 	EXP 	show_condition_text: autoDraw = True
22.0100 	EXP 	show_condition_text: autoDraw = True
22.0266 	EXP 	show_condition_text: autoDraw = True
22.0440 	EXP 	show_condition_text: autoDraw = True
22.0598 	EXP 	show_condition_text: autoDraw = True
22.0766 	EXP 	show_condition_text: autoDraw = True
22.0933 	EXP 	show_condition_text: autoDraw = True
22.1099 	EXP 	show_condition_text: autoDraw = True
22.1272 	EXP 	show_condition_text: autoDraw = True
22.1439 	EXP 	show_condition_text: autoDraw = True
22.1606 	EXP 	show_condition_text: autoDraw = True
22.1770 	EXP 	show_condition_text: autoDraw = True
22.1936 	EXP 	show_condition_text: autoDraw = True
22.2102 	EXP 	show_condition_text: autoDraw = True
22.2267 	EXP 	show_condition_text: autoDraw = True
22.2440 	EXP 	show_condition_text: autoDraw = True
22.2605 	EXP 	show_condition_text: autoDraw = True
22.2771 	EXP 	show_condition_text: autoDraw = True
22.2937 	EXP 	show_condition_text: autoDraw = True
22.3101 	EXP 	show_condition_text: autoDraw = True
22.3266 	EXP 	show_condition_text: autoDraw = True
22.3442 	EXP 	show_condition_text: autoDraw = True
22.3609 	EXP 	show_condition_text: autoDraw = True
22.3775 	EXP 	show_condition_text: autoDraw = True
22.3941 	EXP 	show_condition_text: autoDraw = True
22.4099 	EXP 	show_condition_text: autoDraw = True
22.4276 	EXP 	show_condition_text: autoDraw = True
22.4441 	EXP 	show_condition_text: autoDraw = True
22.4606 	EXP 	show_condition_text: autoDraw = True
22.4774 	EXP 	show_condition_text: autoDraw = True
22.4941 	EXP 	show_condition_text: autoDraw = True
22.5103 	EXP 	show_condition_text: autoDraw = True
22.5271 	EXP 	show_condition_text: autoDraw = True
22.5442 	EXP 	show_condition_text: autoDraw = True
22.5605 	EXP 	show_condition_text: autoDraw = True
22.5775 	EXP 	show_condition_text: autoDraw = True
22.5939 	EXP 	show_condition_text: autoDraw = True
22.6104 	EXP 	show_condition_text: autoDraw = True
22.6274 	EXP 	show_condition_text: autoDraw = True
22.6433 	EXP 	show_condition_text: autoDraw = True
22.6607 	EXP 	show_condition_text: autoDraw = True
22.6775 	EXP 	show_condition_text: autoDraw = True
22.6943 	EXP 	show_condition_text: autoDraw = True
22.7108 	EXP 	show_condition_text: autoDraw = True
22.7273 	EXP 	show_condition_text: autoDraw = True
22.7434 	EXP 	show_condition_text: autoDraw = True
22.7597 	EXP 	show_condition_text: autoDraw = True
22.7774 	EXP 	show_condition_text: autoDraw = True
22.7936 	EXP 	show_condition_text: autoDraw = True
22.8106 	EXP 	show_condition_text: autoDraw = True
22.8276 	EXP 	show_condition_text: autoDraw = True
22.8436 	EXP 	show_condition_text: autoDraw = True
22.8603 	EXP 	show_condition_text: autoDraw = True
22.8775 	EXP 	show_condition_text: autoDraw = True
22.8931 	EXP 	show_condition_text: autoDraw = True
22.9107 	EXP 	show_condition_text: autoDraw = True
22.9272 	EXP 	show_condition_text: autoDraw = True
22.9440 	EXP 	show_condition_text: autoDraw = True
22.9605 	EXP 	show_condition_text: autoDraw = True
22.9767 	EXP 	show_condition_text: autoDraw = True
22.9944 	EXP 	show_condition_text: autoDraw = True
23.0103 	EXP 	show_condition_text: autoDraw = True
23.0270 	EXP 	show_condition_text: autoDraw = True
23.0440 	EXP 	show_condition_text: autoDraw = True
23.0607 	EXP 	show_condition_text: autoDraw = True
23.0767 	EXP 	show_condition_text: autoDraw = True
23.0946 	EXP 	show_condition_text: autoDraw = True
23.1105 	EXP 	show_condition_text: autoDraw = True
23.1270 	EXP 	show_condition_text: autoDraw = True
23.1443 	EXP 	show_condition_text: autoDraw = True
23.1610 	EXP 	show_condition_text: autoDraw = True
23.1772 	EXP 	show_condition_text: autoDraw = True
23.1942 	EXP 	show_condition_text: autoDraw = True
23.2109 	EXP 	show_condition_text: autoDraw = True
23.2269 	EXP 	show_condition_text: autoDraw = True
23.2443 	EXP 	show_condition_text: autoDraw = True
23.2611 	EXP 	show_condition_text: autoDraw = True
23.2779 	EXP 	show_condition_text: autoDraw = True
23.2945 	EXP 	show_condition_text: autoDraw = True
23.3102 	EXP 	show_condition_text: autoDraw = True
23.3274 	EXP 	show_condition_text: autoDraw = True
23.3443 	EXP 	show_condition_text: autoDraw = True
23.3607 	EXP 	show_condition_text: autoDraw = True
23.3780 	EXP 	show_condition_text: autoDraw = True
23.3943 	EXP 	show_condition_text: autoDraw = True
23.4107 	EXP 	show_condition_text: autoDraw = True
23.4276 	EXP 	show_condition_text: autoDraw = True
23.4444 	EXP 	show_condition_text: autoDraw = True
23.4608 	EXP 	show_condition_text: autoDraw = True
23.4778 	EXP 	show_condition_text: autoDraw = True
23.4943 	EXP 	show_condition_text: autoDraw = True
23.5110 	EXP 	show_condition_text: autoDraw = True
23.5268 	EXP 	show_condition_text: autoDraw = True
23.5444 	EXP 	show_condition_text: autoDraw = True
23.5608 	EXP 	show_condition_text: autoDraw = True
23.5773 	EXP 	show_condition_text: autoDraw = True
23.5944 	EXP 	show_condition_text: autoDraw = True
23.6101 	EXP 	show_condition_text: autoDraw = True
23.6271 	EXP 	show_condition_text: autoDraw = True
23.6440 	EXP 	show_condition_text: autoDraw = True
23.6608 	EXP 	show_condition_text: autoDraw = True
23.6774 	EXP 	show_condition_text: autoDraw = True
23.6944 	EXP 	show_condition_text: autoDraw = True
23.7100 	EXP 	show_condition_text: autoDraw = True
23.7269 	EXP 	show_condition_text: autoDraw = True
23.7441 	EXP 	show_condition_text: autoDraw = True
23.7607 	EXP 	show_condition_text: autoDraw = True
23.7776 	EXP 	show_condition_text: autoDraw = True
23.7944 	EXP 	show_condition_text: autoDraw = True
23.8111 	EXP 	show_condition_text: autoDraw = True
23.8272 	EXP 	show_condition_text: autoDraw = True
23.8444 	EXP 	show_condition_text: autoDraw = True
23.8611 	EXP 	show_condition_text: autoDraw = True
23.8771 	EXP 	show_condition_text: autoDraw = True
23.8942 	EXP 	show_condition_text: autoDraw = True
23.9108 	EXP 	show_condition_text: autoDraw = True
23.9272 	EXP 	show_condition_text: autoDraw = True
23.9445 	EXP 	show_condition_text: autoDraw = True
23.9600 	EXP 	show_condition_text: autoDraw = True
23.9771 	EXP 	show_condition_text: autoDraw = True
23.9934 	EXP 	show_condition_text: autoDraw = True
24.0111 	EXP 	show_condition_text: autoDraw = True
24.0276 	EXP 	show_condition_text: autoDraw = True
24.0438 	EXP 	show_condition_text: autoDraw = True
24.0610 	EXP 	show_condition_text: autoDraw = True
24.0776 	EXP 	show_condition_text: autoDraw = True
24.0940 	EXP 	show_condition_text: autoDraw = True
24.1102 	EXP 	show_condition_text: autoDraw = True
24.1277 	EXP 	show_condition_text: autoDraw = True
24.1441 	EXP 	show_condition_text: autoDraw = True
24.1599 	EXP 	show_condition_text: autoDraw = True
24.1777 	EXP 	show_condition_text: autoDraw = True
24.1945 	EXP 	show_condition_text: autoDraw = True
24.2111 	EXP 	show_condition_text: autoDraw = True
24.2279 	EXP 	show_condition_text: autoDraw = True
24.2443 	EXP 	show_condition_text: autoDraw = True
24.2609 	EXP 	show_condition_text: autoDraw = True
24.2771 	EXP 	show_condition_text: autoDraw = True
24.2945 	EXP 	show_condition_text: autoDraw = True
24.3112 	EXP 	show_condition_text: autoDraw = True
24.3276 	EXP 	show_condition_text: autoDraw = True
24.3439 	EXP 	show_condition_text: autoDraw = True
24.3610 	EXP 	show_condition_text: autoDraw = True
24.3775 	EXP 	show_condition_text: autoDraw = True
24.3941 	EXP 	show_condition_text: autoDraw = True
24.4108 	EXP 	show_condition_text: autoDraw = True
24.4276 	EXP 	show_condition_text: autoDraw = True
24.4434 	EXP 	show_condition_text: autoDraw = True
24.4610 	EXP 	show_condition_text: autoDraw = True
24.4778 	EXP 	show_condition_text: autoDraw = True
24.4943 	EXP 	show_condition_text: autoDraw = True
24.5110 	EXP 	show_condition_text: autoDraw = True
24.5278 	EXP 	show_condition_text: autoDraw = True
24.5444 	EXP 	show_condition_text: autoDraw = True
24.5610 	EXP 	show_condition_text: autoDraw = True
24.5778 	EXP 	show_condition_text: autoDraw = True
24.5942 	EXP 	show_condition_text: autoDraw = True
24.6110 	EXP 	show_condition_text: autoDraw = True
24.6276 	EXP 	show_condition_text: autoDraw = True
24.6444 	EXP 	show_condition_text: autoDraw = True
24.6612 	EXP 	show_condition_text: autoDraw = True
24.6773 	EXP 	show_condition_text: autoDraw = True
24.6935 	EXP 	show_condition_text: autoDraw = True
24.7105 	EXP 	show_condition_text: autoDraw = True
24.7278 	EXP 	show_condition_text: autoDraw = True
24.7441 	EXP 	show_condition_text: autoDraw = True
24.7600 	EXP 	show_condition_text: autoDraw = True
24.7772 	EXP 	show_condition_text: autoDraw = True
24.7945 	EXP 	show_condition_text: autoDraw = True
24.8104 	EXP 	show_condition_text: autoDraw = True
24.8273 	EXP 	show_condition_text: autoDraw = True
24.8440 	EXP 	show_condition_text: autoDraw = True
24.8610 	EXP 	show_condition_text: autoDraw = True
24.8776 	EXP 	show_condition_text: autoDraw = True
24.8935 	EXP 	show_condition_text: autoDraw = True
24.9110 	EXP 	show_condition_text: autoDraw = True
24.9278 	EXP 	show_condition_text: autoDraw = True
24.9444 	EXP 	show_condition_text: autoDraw = True
24.9610 	EXP 	show_condition_text: autoDraw = True
24.9778 	EXP 	show_condition_text: autoDraw = True
24.9940 	EXP 	show_condition_text: autoDraw = True
25.0105 	EXP 	show_condition_text: autoDraw = True
25.0276 	EXP 	show_condition_text: autoDraw = True
25.0443 	EXP 	show_condition_text: autoDraw = True
25.0610 	EXP 	show_condition_text: autoDraw = True
25.0770 	EXP 	show_condition_text: autoDraw = True
25.0943 	EXP 	show_condition_text: autoDraw = True
25.1109 	EXP 	show_condition_text: autoDraw = True
25.1277 	EXP 	show_condition_text: autoDraw = True
25.1436 	EXP 	show_condition_text: autoDraw = True
25.1609 	EXP 	show_condition_text: autoDraw = True
25.1777 	EXP 	show_condition_text: autoDraw = True
25.1946 	EXP 	show_condition_text: autoDraw = True
25.2110 	EXP 	show_condition_text: autoDraw = True
25.2278 	EXP 	show_condition_text: autoDraw = True
25.2443 	EXP 	show_condition_text: autoDraw = True
25.2612 	EXP 	show_condition_text: autoDraw = True
25.2776 	EXP 	show_condition_text: autoDraw = True
25.2940 	EXP 	show_condition_text: autoDraw = True
25.3108 	EXP 	show_condition_text: autoDraw = True
25.3275 	EXP 	show_condition_text: autoDraw = True
25.3441 	EXP 	show_condition_text: autoDraw = True
25.3607 	EXP 	show_condition_text: autoDraw = True
25.3778 	EXP 	show_condition_text: autoDraw = True
25.3942 	EXP 	show_condition_text: autoDraw = True
25.4099 	EXP 	show_condition_text: autoDraw = True
25.4276 	EXP 	show_condition_text: autoDraw = True
25.4444 	EXP 	show_condition_text: autoDraw = True
25.4613 	EXP 	show_condition_text: autoDraw = True
25.4777 	EXP 	show_condition_text: autoDraw = True
25.4944 	EXP 	show_condition_text: autoDraw = True
25.5107 	EXP 	show_condition_text: autoDraw = True
25.5276 	EXP 	show_condition_text: autoDraw = True
25.5438 	EXP 	show_condition_text: autoDraw = True
25.5609 	EXP 	show_condition_text: autoDraw = True
25.5775 	EXP 	show_condition_text: autoDraw = True
25.5941 	EXP 	show_condition_text: autoDraw = True
25.6111 	EXP 	show_condition_text: autoDraw = True
25.6276 	EXP 	show_condition_text: autoDraw = True
25.6441 	EXP 	show_condition_text: autoDraw = True
25.6612 	EXP 	show_condition_text: autoDraw = True
25.6777 	EXP 	show_condition_text: autoDraw = True
25.6942 	EXP 	show_condition_text: autoDraw = True
25.7106 	EXP 	show_condition_text: autoDraw = True
25.7266 	EXP 	show_condition_text: autoDraw = True
25.7438 	EXP 	show_condition_text: autoDraw = True
25.7609 	EXP 	show_condition_text: autoDraw = True
25.7776 	EXP 	show_condition_text: autoDraw = True
25.7941 	EXP 	show_condition_text: autoDraw = True
25.8101 	EXP 	show_condition_text: autoDraw = True
25.8275 	EXP 	show_condition_text: autoDraw = True
25.8441 	EXP 	show_condition_text: autoDraw = True
25.8611 	EXP 	show_condition_text: autoDraw = True
25.8780 	EXP 	show_condition_text: autoDraw = True
25.8942 	EXP 	show_condition_text: autoDraw = True
25.9103 	EXP 	show_condition_text: autoDraw = True
25.9277 	EXP 	show_condition_text: autoDraw = True
25.9445 	EXP 	show_condition_text: autoDraw = True
25.9609 	EXP 	show_condition_text: autoDraw = True
25.9770 	EXP 	show_condition_text: autoDraw = True
25.9945 	EXP 	show_condition_text: autoDraw = True
26.0105 	EXP 	show_condition_text: autoDraw = True
26.0277 	EXP 	show_condition_text: autoDraw = True
26.0445 	EXP 	show_condition_text: autoDraw = True
26.0612 	EXP 	show_condition_text: autoDraw = True
26.0777 	EXP 	show_condition_text: autoDraw = True
26.0943 	EXP 	show_condition_text: autoDraw = True
26.1110 	EXP 	show_condition_text: autoDraw = True
26.1271 	EXP 	show_condition_text: autoDraw = True
26.1443 	EXP 	show_condition_text: autoDraw = True
26.1608 	EXP 	show_condition_text: autoDraw = True
26.1776 	EXP 	show_condition_text: autoDraw = True
26.1944 	EXP 	show_condition_text: autoDraw = True
26.2105 	EXP 	show_condition_text: autoDraw = True
26.2275 	EXP 	show_condition_text: autoDraw = True
26.2439 	EXP 	show_condition_text: autoDraw = True
26.2611 	EXP 	show_condition_text: autoDraw = True
26.2777 	EXP 	show_condition_text: autoDraw = True
26.2943 	EXP 	show_condition_text: autoDraw = True
26.3110 	EXP 	show_condition_text: autoDraw = True
26.3271 	EXP 	show_condition_text: autoDraw = True
26.3443 	EXP 	show_condition_text: autoDraw = True
26.3611 	EXP 	show_condition_text: autoDraw = True
26.3775 	EXP 	show_condition_text: autoDraw = True
26.3944 	EXP 	show_condition_text: autoDraw = True
26.4110 	EXP 	show_condition_text: autoDraw = True
26.4269 	EXP 	show_condition_text: autoDraw = True
26.4442 	EXP 	show_condition_text: autoDraw = True
26.4603 	EXP 	show_condition_text: autoDraw = True
26.4776 	EXP 	show_condition_text: autoDraw = True
26.4944 	EXP 	show_condition_text: autoDraw = True
26.4982 	DATA 	Keypress: space
26.5103 	EXP 	show_condition_text: autoDraw = True
26.5280 	EXP 	show_condition_text: autoDraw = True
26.5444 	EXP 	show_condition_text: autoDraw = True
26.5610 	EXP 	show_condition_text: autoDraw = True
26.5772 	EXP 	show_condition_text: autoDraw = True
26.5937 	EXP 	show_condition_text: autoDraw = True
26.6108 	EXP 	show_condition_text: autoDraw = True
26.6268 	EXP 	show_condition_text: autoDraw = True
26.6444 	EXP 	show_condition_text: autoDraw = True
26.6605 	EXP 	show_condition_text: autoDraw = True
26.6777 	EXP 	show_condition_text: autoDraw = True
26.6941 	EXP 	show_condition_text: autoDraw = True
26.7111 	EXP 	show_condition_text: autoDraw = True
26.7276 	EXP 	show_condition_text: autoDraw = True
26.7442 	EXP 	show_condition_text: autoDraw = True
26.7602 	EXP 	show_condition_text: autoDraw = True
26.7775 	EXP 	show_condition_text: autoDraw = True
26.7935 	EXP 	show_condition_text: autoDraw = True
26.8110 	EXP 	show_condition_text: autoDraw = True
26.8276 	EXP 	show_condition_text: autoDraw = True
26.8443 	EXP 	show_condition_text: autoDraw = True
26.8610 	EXP 	show_condition_text: autoDraw = True
26.8774 	EXP 	show_condition_text: autoDraw = True
26.8935 	EXP 	show_condition_text: autoDraw = True
26.9111 	EXP 	show_condition_text: autoDraw = True
26.9276 	EXP 	show_condition_text: autoDraw = True
26.9444 	EXP 	show_condition_text: autoDraw = True
26.9600 	EXP 	show_condition_text: autoDraw = True
26.9767 	EXP 	show_condition_text: autoDraw = True
26.9934 	EXP 	show_condition_text: autoDraw = True
27.0106 	EXP 	show_condition_text: autoDraw = True
27.0268 	EXP 	show_condition_text: autoDraw = True
27.0443 	EXP 	show_condition_text: autoDraw = True
27.0599 	EXP 	show_condition_text: autoDraw = True
27.0775 	EXP 	show_condition_text: autoDraw = True
27.0943 	EXP 	show_condition_text: autoDraw = True
27.1108 	EXP 	show_condition_text: autoDraw = True
27.1276 	EXP 	show_condition_text: autoDraw = True
27.1439 	EXP 	show_condition_text: autoDraw = True
27.1610 	EXP 	show_condition_text: autoDraw = True
27.1777 	EXP 	show_condition_text: autoDraw = True
27.1941 	EXP 	show_condition_text: autoDraw = True
27.2108 	EXP 	show_condition_text: autoDraw = True
27.2281 	EXP 	show_condition_text: autoDraw = True
27.2435 	EXP 	show_condition_text: autoDraw = True
27.2451 	DATA 	Mouse: Left button down, pos=(996,814)
27.2614 	EXP 	show_condition_text: autoDraw = True
27.2633 	DATA 	Mouse:  Left button up, pos=(996,814)
27.2771 	EXP 	show_condition_text: autoDraw = True
27.2938 	EXP 	show_condition_text: autoDraw = True
27.3108 	EXP 	show_condition_text: autoDraw = True
27.3266 	EXP 	show_condition_text: autoDraw = True
27.3439 	EXP 	show_condition_text: autoDraw = True
27.3472 	DATA 	Keypress: space
27.3608 	EXP 	show_condition_text: autoDraw = True
27.3774 	EXP 	show_condition_text: autoDraw = True
27.3944 	EXP 	show_condition_text: autoDraw = True
27.4109 	EXP 	show_condition_text: autoDraw = True
27.4273 	EXP 	show_condition_text: autoDraw = True
27.4433 	EXP 	show_condition_text: autoDraw = True
27.4606 	EXP 	show_condition_text: autoDraw = True
27.4766 	EXP 	show_condition_text: autoDraw = True
27.4943 	EXP 	show_condition_text: autoDraw = True
27.5103 	EXP 	show_condition_text: autoDraw = True
27.5277 	EXP 	show_condition_text: autoDraw = True
27.5308 	DATA 	Keypress: space
27.5436 	EXP 	show_condition_text: autoDraw = True
27.5605 	EXP 	show_condition_text: autoDraw = True
27.5779 	EXP 	show_condition_text: autoDraw = True
27.5939 	EXP 	show_condition_text: autoDraw = True
27.6099 	EXP 	show_condition_text: autoDraw = True
27.6269 	EXP 	show_condition_text: autoDraw = True
27.6439 	EXP 	show_condition_text: autoDraw = True
27.6605 	EXP 	show_condition_text: autoDraw = True
27.6774 	EXP 	show_condition_text: autoDraw = True
27.6944 	EXP 	show_condition_text: autoDraw = True
27.7105 	EXP 	show_condition_text: autoDraw = True
27.7270 	EXP 	show_condition_text: autoDraw = True
27.7300 	DATA 	Keypress: space
27.7442 	EXP 	show_condition_text: autoDraw = True
27.7610 	EXP 	show_condition_text: autoDraw = True
27.7771 	EXP 	show_condition_text: autoDraw = True
27.7945 	EXP 	show_condition_text: autoDraw = True
27.8109 	EXP 	show_condition_text: autoDraw = True
27.8266 	EXP 	show_condition_text: autoDraw = True
27.8441 	EXP 	show_condition_text: autoDraw = True
27.8608 	EXP 	show_condition_text: autoDraw = True
27.8775 	EXP 	show_condition_text: autoDraw = True
27.8935 	EXP 	show_condition_text: autoDraw = True
27.9109 	EXP 	show_condition_text: autoDraw = True
27.9136 	DATA 	Keypress: space
27.9275 	EXP 	show_condition_text: autoDraw = True
27.9441 	EXP 	show_condition_text: autoDraw = True
27.9610 	EXP 	show_condition_text: autoDraw = True
27.9776 	EXP 	show_condition_text: autoDraw = True
27.9939 	EXP 	show_condition_text: autoDraw = True
28.0106 	EXP 	show_condition_text: autoDraw = True
28.0274 	EXP 	show_condition_text: autoDraw = True
28.0435 	EXP 	show_condition_text: autoDraw = True
28.0609 	EXP 	show_condition_text: autoDraw = True
28.0775 	EXP 	show_condition_text: autoDraw = True
28.0942 	EXP 	show_condition_text: autoDraw = True
28.1109 	EXP 	show_condition_text: autoDraw = True
28.1275 	EXP 	show_condition_text: autoDraw = True
28.1433 	EXP 	show_condition_text: autoDraw = True
28.1600 	EXP 	show_condition_text: autoDraw = True
28.1779 	EXP 	show_condition_text: autoDraw = True
28.1942 	EXP 	show_condition_text: autoDraw = True
28.2109 	EXP 	show_condition_text: autoDraw = True
28.2135 	DATA 	Keypress: space
28.2273 	EXP 	show_condition_text: autoDraw = True
28.2441 	EXP 	show_condition_text: autoDraw = True
28.2608 	EXP 	show_condition_text: autoDraw = True
28.2777 	EXP 	show_condition_text: autoDraw = True
28.2946 	EXP 	show_condition_text: autoDraw = True
28.3112 	EXP 	show_condition_text: autoDraw = True
28.3275 	EXP 	show_condition_text: autoDraw = True
28.3433 	EXP 	show_condition_text: autoDraw = True
28.3610 	EXP 	show_condition_text: autoDraw = True
28.3766 	EXP 	show_condition_text: autoDraw = True
28.3942 	EXP 	show_condition_text: autoDraw = True
28.4110 	EXP 	show_condition_text: autoDraw = True
28.4276 	EXP 	show_condition_text: autoDraw = True
28.4438 	EXP 	show_condition_text: autoDraw = True
28.4599 	EXP 	show_condition_text: autoDraw = True
28.4768 	EXP 	show_condition_text: autoDraw = True
28.4941 	EXP 	show_condition_text: autoDraw = True
28.5108 	EXP 	show_condition_text: autoDraw = True
28.5268 	EXP 	show_condition_text: autoDraw = True
28.5437 	EXP 	show_condition_text: autoDraw = True
28.5606 	EXP 	show_condition_text: autoDraw = True
28.5773 	EXP 	show_condition_text: autoDraw = True
28.5940 	EXP 	show_condition_text: autoDraw = True
28.6110 	EXP 	show_condition_text: autoDraw = True
28.6265 	EXP 	show_condition_text: autoDraw = True
28.6443 	EXP 	show_condition_text: autoDraw = True
28.6610 	EXP 	show_condition_text: autoDraw = True
28.6772 	EXP 	show_condition_text: autoDraw = True
28.6940 	EXP 	show_condition_text: autoDraw = True
28.6944 	EXP 	New trial (rep=0, index=1): OrderedDict([('word', 'satisfactory')])
28.7113 	EXP 	show_condition_text: autoDraw = False
28.7113 	EXP 	show_condition_text: text = 'satisfactory'
28.7113 	EXP 	show_condition_text: autoDraw = True
29.7117 	EXP 	New trial (rep=0, index=2): OrderedDict([('word', 'transparent')])
29.7299 	EXP 	show_condition_text: autoDraw = False
29.7299 	EXP 	show_condition_text: autoDraw = False
29.7299 	EXP 	show_condition_text: text = 'transparent'
29.7299 	EXP 	show_condition_text: autoDraw = True
29.9962 	DATA 	Keypress: quoteleft
30.2309 	DATA 	Keypress: escape
30.6579 	EXP 	window1: mouseVisible = True
