10.0402 	WARNING 	User requested fullscreen with size [1024  768], but screen is actually [1440, 900]. Using actual size
11.1654 	EXP 	Created window1 = Window(allowGUI=False, allowStencil=False, args=UNKNOWN, autoLog=True, bitsMode=UNKNOWN, blendMode='avg', color=array([0., 0., 0.]), colorSpace='rgb', fullscr=<method-wrapper '__getattribute__' of attributeSetter object at 0x131c838d0>, gamma=None, gammaErrorPolicy='raise', kwargs=UNKNOWN, lms=UNKNOWN, monitor=<psychopy.monitors.calibTools.Monitor object at 0x132ba4588>, multiSample=False, name='window1', numSamples=2, pos=[360.0, 225.0], screen=0, size=array([2880, 1800]), stereo=False, units='height', useFBO=True, useRetina=True, viewOri=0.0, viewPos=None, viewScale=None, waitBlanking=True, winType='pyglet')
11.1654 	EXP 	window1: recordFrameIntervals = False
11.3306 	EXP 	window1: recordFrameIntervals = True
11.5151 	EXP 	window1: recordFrameIntervals = False
12.1745 	EXP 	Created instructions_text = TextStim(__class__=<class 'psychopy.visual.text.TextStim'>, alignHoriz='center', alignVert='center', antialias=True, autoLog=True, bold=False, color='white', colorSpace='named', contrast=1.0, depth=0.0, flipHoriz=False, flipVert=False, font='Arial', fontFiles=[], height=0.1, italic=False, languageStyle='LTR', name='instructions_text', opacity=1.0, ori=0, pos=array([0., 0.]), rgb=array([255., 255., 255.]), text='Welcome!', units='height', win=Window(...), wrapWidth=1)
12.2285 	EXP 	Created show_condition_text = TextStim(__class__=<class 'psychopy.visual.text.TextStim'>, alignHoriz='center', alignVert='center', antialias=True, autoLog=True, bold=False, color='white', colorSpace='named', contrast=1.0, depth=0.0, flipHoriz=False, flipVert=False, font='Arial', fontFiles=[], height=0.1, italic=False, languageStyle='LTR', name='show_condition_text', opacity=1.0, ori=0, pos=array([0., 0.]), rgb=array([255., 255., 255.]), text='default text', units='height', win=Window(...), wrapWidth=1)
12.2484 	EXP 	instructions_text: autoDraw = True
12.7483 	EXP 	Imported csvs/noise_conditions.csv as conditions, 4 conditions, 1 params
12.7486 	EXP 	Created sequence: random, trialTypes=4, nReps=1, seed=None
12.7488 	EXP 	New trial (rep=0, index=0): OrderedDict([('condition', 3)])
12.7511 	EXP 	Imported csvs/condition_3_wlists_indices.csv as conditions, 8 conditions, 1 params
12.7514 	EXP 	Created sequence: random, trialTypes=8, nReps=1, seed=None
12.7516 	EXP 	New trial (rep=0, index=0): OrderedDict([('wlist_index', 29)])
12.7541 	EXP 	Imported csvs/29.csv as conditions, 10 conditions, 1 params
12.7544 	EXP 	Created sequence: random, trialTypes=10, nReps=1, seed=None
12.7545 	EXP 	New trial (rep=0, index=0): OrderedDict([('word', 'sand')])
12.7696 	DATA 	Keypress: space
12.7808 	EXP 	instructions_text: autoDraw = False
12.7808 	EXP 	show_condition_text: text = 'sand'
12.7808 	EXP 	show_condition_text: autoDraw = True
12.7814 	EXP 	New trial (rep=0, index=1): OrderedDict([('word', 'ferrari')])
12.7990 	EXP 	show_condition_text: autoDraw = False
12.7990 	EXP 	show_condition_text: text = 'ferrari'
12.7990 	EXP 	show_condition_text: autoDraw = True
12.7998 	EXP 	New trial (rep=0, index=2): OrderedDict([('word', 'modifications')])
12.8165 	EXP 	show_condition_text: autoDraw = False
12.8165 	EXP 	show_condition_text: text = 'modifications'
12.8165 	EXP 	show_condition_text: autoDraw = True
12.8169 	EXP 	New trial (rep=0, index=3): OrderedDict([('word', 'docs')])
12.8312 	EXP 	show_condition_text: autoDraw = False
12.8312 	EXP 	show_condition_text: text = 'docs'
12.8312 	EXP 	show_condition_text: autoDraw = True
12.8316 	EXP 	New trial (rep=0, index=4): OrderedDict([('word', 'taxation')])
12.8481 	EXP 	show_condition_text: autoDraw = False
12.8481 	EXP 	show_condition_text: text = 'taxation'
12.8481 	EXP 	show_condition_text: autoDraw = True
12.8486 	EXP 	New trial (rep=0, index=5): OrderedDict([('word', 'brass')])
12.8706 	EXP 	show_condition_text: autoDraw = False
12.8706 	EXP 	show_condition_text: text = 'brass'
12.8706 	EXP 	show_condition_text: autoDraw = True
12.8710 	EXP 	New trial (rep=0, index=6): OrderedDict([('word', 'if')])
12.8878 	EXP 	show_condition_text: autoDraw = False
12.8878 	EXP 	show_condition_text: text = 'if'
12.8878 	EXP 	show_condition_text: autoDraw = True
12.8883 	EXP 	New trial (rep=0, index=7): OrderedDict([('word', 'plugin')])
12.9080 	EXP 	show_condition_text: autoDraw = False
12.9080 	EXP 	show_condition_text: text = 'plugin'
12.9080 	EXP 	show_condition_text: autoDraw = True
12.9085 	EXP 	New trial (rep=0, index=8): OrderedDict([('word', 'listed')])
12.9236 	EXP 	show_condition_text: autoDraw = False
12.9236 	EXP 	show_condition_text: text = 'listed'
12.9236 	EXP 	show_condition_text: autoDraw = True
12.9241 	EXP 	New trial (rep=0, index=9): OrderedDict([('word', 'patio')])
12.9405 	EXP 	show_condition_text: autoDraw = False
12.9405 	EXP 	show_condition_text: text = 'patio'
12.9405 	EXP 	show_condition_text: autoDraw = True
12.9568 	EXP 	show_condition_text: autoDraw = False
12.9568 	EXP 	show_condition_text: text = '****'
12.9568 	EXP 	show_condition_text: autoDraw = True
13.2768 	DATA 	Keypress: space
13.2887 	EXP 	show_condition_text: autoDraw = False
13.2891 	EXP 	New trial (rep=0, index=1): OrderedDict([('wlist_index', 28)])
13.2917 	EXP 	Imported csvs/28.csv as conditions, 6 conditions, 1 params
13.2920 	EXP 	Created sequence: random, trialTypes=6, nReps=1, seed=None
13.2922 	EXP 	New trial (rep=0, index=0): OrderedDict([('word', 'regardless')])
13.3212 	EXP 	show_condition_text: text = 'regardless'
13.3212 	EXP 	show_condition_text: autoDraw = True
13.3220 	EXP 	New trial (rep=0, index=1): OrderedDict([('word', 'biography')])
13.3545 	EXP 	show_condition_text: autoDraw = False
13.3545 	EXP 	show_condition_text: text = 'biography'
13.3545 	EXP 	show_condition_text: autoDraw = True
13.3552 	EXP 	New trial (rep=0, index=2): OrderedDict([('word', 'figure')])
13.3730 	EXP 	show_condition_text: autoDraw = False
13.3730 	EXP 	show_condition_text: text = 'figure'
13.3730 	EXP 	show_condition_text: autoDraw = True
13.3734 	EXP 	New trial (rep=0, index=3): OrderedDict([('word', 'separately')])
13.3905 	EXP 	show_condition_text: autoDraw = False
13.3905 	EXP 	show_condition_text: text = 'separately'
13.3905 	EXP 	show_condition_text: autoDraw = True
13.3911 	EXP 	New trial (rep=0, index=4): OrderedDict([('word', 'make')])
13.4202 	EXP 	show_condition_text: autoDraw = False
13.4202 	EXP 	show_condition_text: text = 'make'
13.4202 	EXP 	show_condition_text: autoDraw = True
13.4208 	EXP 	New trial (rep=0, index=5): OrderedDict([('word', 'anthropology')])
13.4411 	EXP 	show_condition_text: autoDraw = False
13.4411 	EXP 	show_condition_text: text = 'anthropology'
13.4411 	EXP 	show_condition_text: autoDraw = True
13.4569 	EXP 	show_condition_text: autoDraw = False
13.4569 	EXP 	show_condition_text: text = '****'
13.4569 	EXP 	show_condition_text: autoDraw = True
13.8393 	DATA 	Keypress: space
13.8548 	EXP 	show_condition_text: autoDraw = False
13.8551 	EXP 	New trial (rep=0, index=2): OrderedDict([('wlist_index', 22)])
13.8582 	EXP 	Imported csvs/22.csv as conditions, 10 conditions, 1 params
13.8585 	EXP 	Created sequence: random, trialTypes=10, nReps=1, seed=None
13.8587 	EXP 	New trial (rep=0, index=0): OrderedDict([('word', 'marina')])
13.8730 	EXP 	show_condition_text: text = 'marina'
13.8730 	EXP 	show_condition_text: autoDraw = True
13.8735 	EXP 	New trial (rep=0, index=1): OrderedDict([('word', 'gotten')])
13.8901 	EXP 	show_condition_text: autoDraw = False
13.8901 	EXP 	show_condition_text: text = 'gotten'
13.8901 	EXP 	show_condition_text: autoDraw = True
13.8907 	EXP 	New trial (rep=0, index=2): OrderedDict([('word', 'missions')])
13.9066 	EXP 	show_condition_text: autoDraw = False
13.9066 	EXP 	show_condition_text: text = 'missions'
13.9066 	EXP 	show_condition_text: autoDraw = True
13.9070 	EXP 	New trial (rep=0, index=3): OrderedDict([('word', 'rarely')])
13.9229 	EXP 	show_condition_text: autoDraw = False
13.9229 	EXP 	show_condition_text: text = 'rarely'
13.9229 	EXP 	show_condition_text: autoDraw = True
13.9233 	EXP 	New trial (rep=0, index=4): OrderedDict([('word', 'athletics')])
13.9403 	EXP 	show_condition_text: autoDraw = False
13.9403 	EXP 	show_condition_text: text = 'athletics'
13.9403 	EXP 	show_condition_text: autoDraw = True
13.9406 	EXP 	New trial (rep=0, index=5): OrderedDict([('word', 'es')])
13.9548 	EXP 	show_condition_text: autoDraw = False
13.9548 	EXP 	show_condition_text: text = 'es'
13.9548 	EXP 	show_condition_text: autoDraw = True
13.9552 	EXP 	New trial (rep=0, index=6): OrderedDict([('word', 'sophisticated')])
13.9729 	EXP 	show_condition_text: autoDraw = False
13.9729 	EXP 	show_condition_text: text = 'sophisticated'
13.9729 	EXP 	show_condition_text: autoDraw = True
13.9733 	EXP 	New trial (rep=0, index=7): OrderedDict([('word', 'away')])
13.9907 	EXP 	show_condition_text: autoDraw = False
13.9907 	EXP 	show_condition_text: text = 'away'
13.9907 	EXP 	show_condition_text: autoDraw = True
13.9910 	EXP 	New trial (rep=0, index=8): OrderedDict([('word', 'detective')])
14.0207 	EXP 	show_condition_text: autoDraw = False
14.0207 	EXP 	show_condition_text: text = 'detective'
14.0207 	EXP 	show_condition_text: autoDraw = True
14.0211 	EXP 	New trial (rep=0, index=9): OrderedDict([('word', 'secret')])
14.0367 	EXP 	show_condition_text: autoDraw = False
14.0367 	EXP 	show_condition_text: text = 'secret'
14.0367 	EXP 	show_condition_text: autoDraw = True
14.0537 	EXP 	show_condition_text: autoDraw = False
14.0537 	EXP 	show_condition_text: text = '****'
14.0537 	EXP 	show_condition_text: autoDraw = True
14.4143 	DATA 	Keypress: space
14.4383 	EXP 	show_condition_text: autoDraw = False
14.4388 	EXP 	New trial (rep=0, index=3): OrderedDict([('wlist_index', 15)])
14.4463 	EXP 	Imported csvs/15.csv as conditions, 8 conditions, 1 params
14.4467 	EXP 	Created sequence: random, trialTypes=8, nReps=1, seed=None
14.4469 	EXP 	New trial (rep=0, index=0): OrderedDict([('word', 'feels')])
14.4717 	EXP 	show_condition_text: text = 'feels'
14.4717 	EXP 	show_condition_text: autoDraw = True
14.4723 	EXP 	New trial (rep=0, index=1): OrderedDict([('word', 'traditions')])
14.4878 	EXP 	show_condition_text: autoDraw = False
14.4878 	EXP 	show_condition_text: text = 'traditions'
14.4878 	EXP 	show_condition_text: autoDraw = True
14.4883 	EXP 	New trial (rep=0, index=2): OrderedDict([('word', 'netherlands')])
14.5069 	EXP 	show_condition_text: autoDraw = False
14.5069 	EXP 	show_condition_text: text = 'netherlands'
14.5069 	EXP 	show_condition_text: autoDraw = True
14.5074 	EXP 	New trial (rep=0, index=3): OrderedDict([('word', 'burn')])
14.5225 	EXP 	show_condition_text: autoDraw = False
14.5225 	EXP 	show_condition_text: text = 'burn'
14.5225 	EXP 	show_condition_text: autoDraw = True
14.5231 	EXP 	New trial (rep=0, index=4): OrderedDict([('word', 'harrison')])
14.5406 	EXP 	show_condition_text: autoDraw = False
14.5406 	EXP 	show_condition_text: text = 'harrison'
14.5406 	EXP 	show_condition_text: autoDraw = True
14.5411 	EXP 	New trial (rep=0, index=5): OrderedDict([('word', 'irc')])
14.5562 	EXP 	show_condition_text: autoDraw = False
14.5562 	EXP 	show_condition_text: text = 'irc'
14.5562 	EXP 	show_condition_text: autoDraw = True
14.5568 	EXP 	New trial (rep=0, index=6): OrderedDict([('word', 'farmers')])
14.5729 	EXP 	show_condition_text: autoDraw = False
14.5729 	EXP 	show_condition_text: text = 'farmers'
14.5729 	EXP 	show_condition_text: autoDraw = True
14.5733 	EXP 	New trial (rep=0, index=7): OrderedDict([('word', 'seem')])
14.5878 	EXP 	show_condition_text: autoDraw = False
14.5878 	EXP 	show_condition_text: text = 'seem'
14.5878 	EXP 	show_condition_text: autoDraw = True
14.6043 	EXP 	show_condition_text: autoDraw = False
14.6043 	EXP 	show_condition_text: text = '****'
14.6043 	EXP 	show_condition_text: autoDraw = True
14.9640 	DATA 	Keypress: space
14.9761 	EXP 	show_condition_text: autoDraw = False
14.9765 	EXP 	New trial (rep=0, index=4): OrderedDict([('wlist_index', 11)])
14.9794 	EXP 	Imported csvs/11.csv as conditions, 11 conditions, 1 params
14.9797 	EXP 	Created sequence: random, trialTypes=11, nReps=1, seed=None
14.9799 	EXP 	New trial (rep=0, index=0): OrderedDict([('word', 'resorts')])
15.0035 	EXP 	show_condition_text: text = 'resorts'
15.0035 	EXP 	show_condition_text: autoDraw = True
15.0040 	EXP 	New trial (rep=0, index=1): OrderedDict([('word', 'trigger')])
15.0209 	EXP 	show_condition_text: autoDraw = False
15.0209 	EXP 	show_condition_text: text = 'trigger'
15.0209 	EXP 	show_condition_text: autoDraw = True
15.0213 	EXP 	New trial (rep=0, index=2): OrderedDict([('word', 'throwing')])
15.0398 	EXP 	show_condition_text: autoDraw = False
15.0398 	EXP 	show_condition_text: text = 'throwing'
15.0398 	EXP 	show_condition_text: autoDraw = True
15.0404 	EXP 	New trial (rep=0, index=3): OrderedDict([('word', 'transparent')])
15.0582 	EXP 	show_condition_text: autoDraw = False
15.0582 	EXP 	show_condition_text: text = 'transparent'
15.0582 	EXP 	show_condition_text: autoDraw = True
15.0588 	EXP 	New trial (rep=0, index=4): OrderedDict([('word', 'events')])
15.0873 	EXP 	show_condition_text: autoDraw = False
15.0873 	EXP 	show_condition_text: text = 'events'
15.0873 	EXP 	show_condition_text: autoDraw = True
15.0878 	EXP 	New trial (rep=0, index=5): OrderedDict([('word', 'sad')])
15.1034 	EXP 	show_condition_text: autoDraw = False
15.1034 	EXP 	show_condition_text: text = 'sad'
15.1034 	EXP 	show_condition_text: autoDraw = True
15.1038 	EXP 	New trial (rep=0, index=6): OrderedDict([('word', 'remarkable')])
15.1205 	EXP 	show_condition_text: autoDraw = False
15.1205 	EXP 	show_condition_text: text = 'remarkable'
15.1205 	EXP 	show_condition_text: autoDraw = True
15.1210 	EXP 	New trial (rep=0, index=7): OrderedDict([('word', 'boom')])
15.1373 	EXP 	show_condition_text: autoDraw = False
15.1373 	EXP 	show_condition_text: text = 'boom'
15.1373 	EXP 	show_condition_text: autoDraw = True
15.1378 	EXP 	New trial (rep=0, index=8): OrderedDict([('word', 'security')])
15.1542 	EXP 	show_condition_text: autoDraw = False
15.1542 	EXP 	show_condition_text: text = 'security'
15.1542 	EXP 	show_condition_text: autoDraw = True
15.1549 	EXP 	New trial (rep=0, index=9): OrderedDict([('word', 'gender')])
15.1714 	EXP 	show_condition_text: autoDraw = False
15.1714 	EXP 	show_condition_text: text = 'gender'
15.1714 	EXP 	show_condition_text: autoDraw = True
15.1720 	EXP 	New trial (rep=0, index=10): OrderedDict([('word', 'satisfactory')])
15.1915 	EXP 	show_condition_text: autoDraw = False
15.1915 	EXP 	show_condition_text: text = 'satisfactory'
15.1915 	EXP 	show_condition_text: autoDraw = True
15.2066 	EXP 	show_condition_text: autoDraw = False
15.2066 	EXP 	show_condition_text: text = '****'
15.2066 	EXP 	show_condition_text: autoDraw = True
15.6392 	DATA 	Keypress: space
15.6544 	EXP 	show_condition_text: autoDraw = False
15.6549 	EXP 	New trial (rep=0, index=5): OrderedDict([('wlist_index', 30)])
15.6584 	EXP 	Imported csvs/30.csv as conditions, 9 conditions, 1 params
15.6587 	EXP 	Created sequence: random, trialTypes=9, nReps=1, seed=None
15.6589 	EXP 	New trial (rep=0, index=0): OrderedDict([('word', 'carry')])
15.6882 	EXP 	show_condition_text: text = 'carry'
15.6882 	EXP 	show_condition_text: autoDraw = True
15.6886 	EXP 	New trial (rep=0, index=1): OrderedDict([('word', 'eos')])
15.7040 	EXP 	show_condition_text: autoDraw = False
15.7040 	EXP 	show_condition_text: text = 'eos'
15.7040 	EXP 	show_condition_text: autoDraw = True
15.7045 	EXP 	New trial (rep=0, index=2): OrderedDict([('word', 'sat')])
15.7203 	EXP 	show_condition_text: autoDraw = False
15.7203 	EXP 	show_condition_text: text = 'sat'
15.7203 	EXP 	show_condition_text: autoDraw = True
15.7207 	EXP 	New trial (rep=0, index=3): OrderedDict([('word', 'charger')])
15.7383 	EXP 	show_condition_text: autoDraw = False
15.7383 	EXP 	show_condition_text: text = 'charger'
15.7383 	EXP 	show_condition_text: autoDraw = True
15.7387 	EXP 	New trial (rep=0, index=4): OrderedDict([('word', 'acm')])
15.7538 	EXP 	show_condition_text: autoDraw = False
15.7538 	EXP 	show_condition_text: text = 'acm'
15.7538 	EXP 	show_condition_text: autoDraw = True
15.7545 	EXP 	New trial (rep=0, index=5): OrderedDict([('word', 'inter')])
15.7706 	EXP 	show_condition_text: autoDraw = False
15.7706 	EXP 	show_condition_text: text = 'inter'
15.7706 	EXP 	show_condition_text: autoDraw = True
15.7710 	EXP 	New trial (rep=0, index=6): OrderedDict([('word', 'engage')])
15.7886 	EXP 	show_condition_text: autoDraw = False
15.7886 	EXP 	show_condition_text: text = 'engage'
15.7886 	EXP 	show_condition_text: autoDraw = True
15.7892 	EXP 	New trial (rep=0, index=7): OrderedDict([('word', 'joshua')])
15.8067 	EXP 	show_condition_text: autoDraw = False
15.8067 	EXP 	show_condition_text: text = 'joshua'
15.8067 	EXP 	show_condition_text: autoDraw = True
15.8072 	EXP 	New trial (rep=0, index=8): OrderedDict([('word', 'parts')])
15.8240 	EXP 	show_condition_text: autoDraw = False
15.8240 	EXP 	show_condition_text: text = 'parts'
15.8240 	EXP 	show_condition_text: autoDraw = True
15.8382 	EXP 	show_condition_text: autoDraw = False
15.8382 	EXP 	show_condition_text: text = '****'
15.8382 	EXP 	show_condition_text: autoDraw = True
16.2266 	DATA 	Keypress: space
16.2381 	EXP 	show_condition_text: autoDraw = False
16.2385 	EXP 	New trial (rep=0, index=6): OrderedDict([('wlist_index', 32)])
16.2421 	EXP 	Imported csvs/32.csv as conditions, 5 conditions, 1 params
16.2424 	EXP 	Created sequence: random, trialTypes=5, nReps=1, seed=None
16.2426 	EXP 	New trial (rep=0, index=0): OrderedDict([('word', 'feedback')])
16.2706 	EXP 	show_condition_text: text = 'feedback'
16.2706 	EXP 	show_condition_text: autoDraw = True
16.2711 	EXP 	New trial (rep=0, index=1): OrderedDict([('word', 'jamaica')])
16.2879 	EXP 	show_condition_text: autoDraw = False
16.2879 	EXP 	show_condition_text: text = 'jamaica'
16.2879 	EXP 	show_condition_text: autoDraw = True
16.2884 	EXP 	New trial (rep=0, index=2): OrderedDict([('word', 'transport')])
16.3056 	EXP 	show_condition_text: autoDraw = False
16.3056 	EXP 	show_condition_text: text = 'transport'
16.3056 	EXP 	show_condition_text: autoDraw = True
16.3061 	EXP 	New trial (rep=0, index=3): OrderedDict([('word', 'declared')])
16.3211 	EXP 	show_condition_text: autoDraw = False
16.3211 	EXP 	show_condition_text: text = 'declared'
16.3211 	EXP 	show_condition_text: autoDraw = True
16.3216 	EXP 	New trial (rep=0, index=4): OrderedDict([('word', 'ranks')])
16.3381 	EXP 	show_condition_text: autoDraw = False
16.3381 	EXP 	show_condition_text: text = 'ranks'
16.3381 	EXP 	show_condition_text: autoDraw = True
16.3532 	EXP 	show_condition_text: autoDraw = False
16.3532 	EXP 	show_condition_text: text = '****'
16.3532 	EXP 	show_condition_text: autoDraw = True
16.7515 	DATA 	Keypress: space
16.7721 	EXP 	show_condition_text: autoDraw = False
16.7726 	EXP 	New trial (rep=0, index=7): OrderedDict([('wlist_index', 1)])
16.7805 	EXP 	Imported csvs/1.csv as conditions, 11 conditions, 1 params
16.7810 	EXP 	Created sequence: random, trialTypes=11, nReps=1, seed=None
16.7812 	EXP 	New trial (rep=0, index=0): OrderedDict([('word', 'apartment')])
16.8047 	EXP 	show_condition_text: text = 'apartment'
16.8047 	EXP 	show_condition_text: autoDraw = True
16.8051 	EXP 	New trial (rep=0, index=1): OrderedDict([('word', 'lists')])
16.8206 	EXP 	show_condition_text: autoDraw = False
16.8206 	EXP 	show_condition_text: text = 'lists'
16.8206 	EXP 	show_condition_text: autoDraw = True
16.8210 	EXP 	New trial (rep=0, index=2): OrderedDict([('word', 'ion')])
16.8373 	EXP 	show_condition_text: autoDraw = False
16.8373 	EXP 	show_condition_text: text = 'ion'
16.8373 	EXP 	show_condition_text: autoDraw = True
16.8377 	EXP 	New trial (rep=0, index=3): OrderedDict([('word', 'informative')])
16.8540 	EXP 	show_condition_text: autoDraw = False
16.8540 	EXP 	show_condition_text: text = 'informative'
16.8540 	EXP 	show_condition_text: autoDraw = True
16.8544 	EXP 	New trial (rep=0, index=4): OrderedDict([('word', 'optimal')])
16.8704 	EXP 	show_condition_text: autoDraw = False
16.8704 	EXP 	show_condition_text: text = 'optimal'
16.8704 	EXP 	show_condition_text: autoDraw = True
16.8708 	EXP 	New trial (rep=0, index=5): OrderedDict([('word', 'page')])
16.8868 	EXP 	show_condition_text: autoDraw = False
16.8868 	EXP 	show_condition_text: text = 'page'
16.8868 	EXP 	show_condition_text: autoDraw = True
16.8873 	EXP 	New trial (rep=0, index=6): OrderedDict([('word', 'owns')])
16.9029 	EXP 	show_condition_text: autoDraw = False
16.9029 	EXP 	show_condition_text: text = 'owns'
16.9029 	EXP 	show_condition_text: autoDraw = True
16.9034 	EXP 	New trial (rep=0, index=7): OrderedDict([('word', 'jackie')])
16.9200 	EXP 	show_condition_text: autoDraw = False
16.9200 	EXP 	show_condition_text: text = 'jackie'
16.9200 	EXP 	show_condition_text: autoDraw = True
16.9206 	EXP 	New trial (rep=0, index=8): OrderedDict([('word', 'dp')])
16.9371 	EXP 	show_condition_text: autoDraw = False
16.9371 	EXP 	show_condition_text: text = 'dp'
16.9371 	EXP 	show_condition_text: autoDraw = True
16.9375 	EXP 	New trial (rep=0, index=9): OrderedDict([('word', 'coins')])
16.9540 	EXP 	show_condition_text: autoDraw = False
16.9540 	EXP 	show_condition_text: text = 'coins'
16.9540 	EXP 	show_condition_text: autoDraw = True
16.9545 	EXP 	New trial (rep=0, index=10): OrderedDict([('word', 'aspnet')])
16.9709 	EXP 	show_condition_text: autoDraw = False
16.9709 	EXP 	show_condition_text: text = 'aspnet'
16.9709 	EXP 	show_condition_text: autoDraw = True
16.9875 	EXP 	show_condition_text: autoDraw = False
16.9875 	EXP 	show_condition_text: text = '****'
16.9875 	EXP 	show_condition_text: autoDraw = True
17.2390 	DATA 	Keypress: space
17.2539 	EXP 	show_condition_text: autoDraw = False
17.2543 	EXP 	New trial (rep=0, index=1): OrderedDict([('condition', 2)])
17.2601 	EXP 	Imported csvs/condition_2_wlists_indices.csv as conditions, 8 conditions, 1 params
17.2604 	EXP 	Created sequence: random, trialTypes=8, nReps=1, seed=None
17.2606 	EXP 	New trial (rep=0, index=0): OrderedDict([('wlist_index', 19)])
17.2675 	EXP 	Imported csvs/19.csv as conditions, 6 conditions, 1 params
17.2678 	EXP 	Created sequence: random, trialTypes=6, nReps=1, seed=None
17.2680 	EXP 	New trial (rep=0, index=0): OrderedDict([('word', 'lowest')])
17.2874 	EXP 	show_condition_text: text = 'lowest'
17.2874 	EXP 	show_condition_text: autoDraw = True
17.2879 	EXP 	New trial (rep=0, index=1): OrderedDict([('word', 'il')])
17.3039 	EXP 	show_condition_text: autoDraw = False
17.3039 	EXP 	show_condition_text: text = 'il'
17.3039 	EXP 	show_condition_text: autoDraw = True
17.3045 	EXP 	New trial (rep=0, index=2): OrderedDict([('word', 'academics')])
17.3210 	EXP 	show_condition_text: autoDraw = False
17.3210 	EXP 	show_condition_text: text = 'academics'
17.3210 	EXP 	show_condition_text: autoDraw = True
17.3214 	EXP 	New trial (rep=0, index=3): OrderedDict([('word', 'acc')])
17.3372 	EXP 	show_condition_text: autoDraw = False
17.3372 	EXP 	show_condition_text: text = 'acc'
17.3372 	EXP 	show_condition_text: autoDraw = True
17.3379 	EXP 	New trial (rep=0, index=4): OrderedDict([('word', 'miniature')])
17.3542 	EXP 	show_condition_text: autoDraw = False
17.3542 	EXP 	show_condition_text: text = 'miniature'
17.3542 	EXP 	show_condition_text: autoDraw = True
17.3548 	EXP 	New trial (rep=0, index=5): OrderedDict([('word', 'hiring')])
17.3717 	EXP 	show_condition_text: autoDraw = False
17.3717 	EXP 	show_condition_text: text = 'hiring'
17.3717 	EXP 	show_condition_text: autoDraw = True
17.3875 	EXP 	show_condition_text: autoDraw = False
17.3875 	EXP 	show_condition_text: text = '****'
17.3875 	EXP 	show_condition_text: autoDraw = True
17.7017 	DATA 	Keypress: space
17.7212 	EXP 	show_condition_text: autoDraw = False
17.7217 	EXP 	New trial (rep=0, index=1): OrderedDict([('wlist_index', 10)])
17.7252 	EXP 	Imported csvs/10.csv as conditions, 7 conditions, 1 params
17.7256 	EXP 	Created sequence: random, trialTypes=7, nReps=1, seed=None
17.7258 	EXP 	New trial (rep=0, index=0): OrderedDict([('word', 'glasses')])
17.7546 	EXP 	show_condition_text: text = 'glasses'
17.7546 	EXP 	show_condition_text: autoDraw = True
17.7550 	EXP 	New trial (rep=0, index=1): OrderedDict([('word', 'bind')])
17.7701 	EXP 	show_condition_text: autoDraw = False
17.7701 	EXP 	show_condition_text: text = 'bind'
17.7701 	EXP 	show_condition_text: autoDraw = True
17.7706 	EXP 	New trial (rep=0, index=2): OrderedDict([('word', 'magnificent')])
17.7887 	EXP 	show_condition_text: autoDraw = False
17.7887 	EXP 	show_condition_text: text = 'magnificent'
17.7887 	EXP 	show_condition_text: autoDraw = True
17.7892 	EXP 	New trial (rep=0, index=3): OrderedDict([('word', 'endless')])
17.8044 	EXP 	show_condition_text: autoDraw = False
17.8044 	EXP 	show_condition_text: text = 'endless'
17.8044 	EXP 	show_condition_text: autoDraw = True
17.8049 	EXP 	New trial (rep=0, index=4): OrderedDict([('word', 'evaluating')])
17.8238 	EXP 	show_condition_text: autoDraw = False
17.8238 	EXP 	show_condition_text: text = 'evaluating'
17.8238 	EXP 	show_condition_text: autoDraw = True
17.8242 	EXP 	New trial (rep=0, index=5): OrderedDict([('word', 'muscle')])
17.8399 	EXP 	show_condition_text: autoDraw = False
17.8399 	EXP 	show_condition_text: text = 'muscle'
17.8399 	EXP 	show_condition_text: autoDraw = True
17.8403 	EXP 	New trial (rep=0, index=6): OrderedDict([('word', 'facial')])
17.8559 	EXP 	show_condition_text: autoDraw = False
17.8559 	EXP 	show_condition_text: text = 'facial'
17.8559 	EXP 	show_condition_text: autoDraw = True
17.8709 	EXP 	show_condition_text: autoDraw = False
17.8709 	EXP 	show_condition_text: text = '****'
17.8709 	EXP 	show_condition_text: autoDraw = True
18.1269 	DATA 	Keypress: space
18.1388 	EXP 	show_condition_text: autoDraw = False
18.1393 	EXP 	New trial (rep=0, index=2): OrderedDict([('wlist_index', 21)])
18.2434 	EXP 	Imported csvs/21.csv as conditions, 10 conditions, 1 params
18.2437 	EXP 	Created sequence: random, trialTypes=10, nReps=1, seed=None
18.2439 	EXP 	New trial (rep=0, index=0): OrderedDict([('word', 'think')])
18.2714 	EXP 	show_condition_text: text = 'think'
18.2714 	EXP 	show_condition_text: autoDraw = True
18.2718 	EXP 	New trial (rep=0, index=1): OrderedDict([('word', 'protocol')])
18.2901 	EXP 	show_condition_text: autoDraw = False
18.2901 	EXP 	show_condition_text: text = 'protocol'
18.2901 	EXP 	show_condition_text: autoDraw = True
18.2905 	EXP 	New trial (rep=0, index=2): OrderedDict([('word', 'alpha')])
18.3079 	EXP 	show_condition_text: autoDraw = False
18.3079 	EXP 	show_condition_text: text = 'alpha'
18.3079 	EXP 	show_condition_text: autoDraw = True
18.3084 	EXP 	New trial (rep=0, index=3): OrderedDict([('word', 'blend')])
18.3253 	EXP 	show_condition_text: autoDraw = False
18.3253 	EXP 	show_condition_text: text = 'blend'
18.3253 	EXP 	show_condition_text: autoDraw = True
18.3259 	EXP 	New trial (rep=0, index=4): OrderedDict([('word', 'discussing')])
18.3540 	EXP 	show_condition_text: autoDraw = False
18.3540 	EXP 	show_condition_text: text = 'discussing'
18.3540 	EXP 	show_condition_text: autoDraw = True
18.3544 	EXP 	New trial (rep=0, index=5): OrderedDict([('word', 'urls')])
18.3703 	EXP 	show_condition_text: autoDraw = False
18.3703 	EXP 	show_condition_text: text = 'urls'
18.3703 	EXP 	show_condition_text: autoDraw = True
18.3707 	EXP 	New trial (rep=0, index=6): OrderedDict([('word', 'nasty')])
18.3871 	EXP 	show_condition_text: autoDraw = False
18.3871 	EXP 	show_condition_text: text = 'nasty'
18.3871 	EXP 	show_condition_text: autoDraw = True
18.3879 	EXP 	New trial (rep=0, index=7): OrderedDict([('word', 'influence')])
18.4045 	EXP 	show_condition_text: autoDraw = False
18.4045 	EXP 	show_condition_text: text = 'influence'
18.4045 	EXP 	show_condition_text: autoDraw = True
18.4049 	EXP 	New trial (rep=0, index=8): OrderedDict([('word', 'port')])
18.4206 	EXP 	show_condition_text: autoDraw = False
18.4206 	EXP 	show_condition_text: text = 'port'
18.4206 	EXP 	show_condition_text: autoDraw = True
18.4211 	EXP 	New trial (rep=0, index=9): OrderedDict([('word', 'analyst')])
18.4382 	EXP 	show_condition_text: autoDraw = False
18.4382 	EXP 	show_condition_text: text = 'analyst'
18.4382 	EXP 	show_condition_text: autoDraw = True
18.4539 	EXP 	show_condition_text: autoDraw = False
18.4539 	EXP 	show_condition_text: text = '****'
18.4539 	EXP 	show_condition_text: autoDraw = True
18.6389 	DATA 	Keypress: space
18.6544 	EXP 	show_condition_text: autoDraw = False
18.6547 	EXP 	New trial (rep=0, index=3): OrderedDict([('wlist_index', 23)])
18.6631 	EXP 	Imported csvs/23.csv as conditions, 6 conditions, 1 params
18.6634 	EXP 	Created sequence: random, trialTypes=6, nReps=1, seed=None
18.6636 	EXP 	New trial (rep=0, index=0): OrderedDict([('word', 'info')])
18.6869 	EXP 	show_condition_text: text = 'info'
18.6869 	EXP 	show_condition_text: autoDraw = True
18.6873 	EXP 	New trial (rep=0, index=1): OrderedDict([('word', 'sponsors')])
18.7041 	EXP 	show_condition_text: autoDraw = False
18.7041 	EXP 	show_condition_text: text = 'sponsors'
18.7041 	EXP 	show_condition_text: autoDraw = True
18.7045 	EXP 	New trial (rep=0, index=2): OrderedDict([('word', 'horror')])
18.7207 	EXP 	show_condition_text: autoDraw = False
18.7207 	EXP 	show_condition_text: text = 'horror'
18.7207 	EXP 	show_condition_text: autoDraw = True
18.7211 	EXP 	New trial (rep=0, index=3): OrderedDict([('word', 'shelf')])
18.7372 	EXP 	show_condition_text: autoDraw = False
18.7372 	EXP 	show_condition_text: text = 'shelf'
18.7372 	EXP 	show_condition_text: autoDraw = True
18.7376 	EXP 	New trial (rep=0, index=4): OrderedDict([('word', 'efficient')])
18.7541 	EXP 	show_condition_text: autoDraw = False
18.7541 	EXP 	show_condition_text: text = 'efficient'
18.7541 	EXP 	show_condition_text: autoDraw = True
18.7546 	EXP 	New trial (rep=0, index=5): OrderedDict([('word', 'easy')])
18.7709 	EXP 	show_condition_text: autoDraw = False
18.7709 	EXP 	show_condition_text: text = 'easy'
18.7709 	EXP 	show_condition_text: autoDraw = True
18.7865 	EXP 	show_condition_text: autoDraw = False
18.7865 	EXP 	show_condition_text: text = '****'
18.7865 	EXP 	show_condition_text: autoDraw = True
19.1142 	DATA 	Keypress: space
19.1378 	EXP 	show_condition_text: autoDraw = False
19.1381 	EXP 	New trial (rep=0, index=4): OrderedDict([('wlist_index', 25)])
19.1412 	EXP 	Imported csvs/25.csv as conditions, 9 conditions, 1 params
19.1415 	EXP 	Created sequence: random, trialTypes=9, nReps=1, seed=None
19.1417 	EXP 	New trial (rep=0, index=0): OrderedDict([('word', 'secretary')])
19.1582 	EXP 	show_condition_text: text = 'secretary'
19.1582 	EXP 	show_condition_text: autoDraw = True
19.1588 	EXP 	New trial (rep=0, index=1): OrderedDict([('word', 'spank')])
19.1756 	EXP 	show_condition_text: autoDraw = False
19.1756 	EXP 	show_condition_text: text = 'spank'
19.1756 	EXP 	show_condition_text: autoDraw = True
19.1761 	EXP 	New trial (rep=0, index=2): OrderedDict([('word', 'renew')])
19.2040 	EXP 	show_condition_text: autoDraw = False
19.2040 	EXP 	show_condition_text: text = 'renew'
19.2040 	EXP 	show_condition_text: autoDraw = True
19.2044 	EXP 	New trial (rep=0, index=3): OrderedDict([('word', 'se')])
19.2205 	EXP 	show_condition_text: autoDraw = False
19.2205 	EXP 	show_condition_text: text = 'se'
19.2205 	EXP 	show_condition_text: autoDraw = True
19.2210 	EXP 	New trial (rep=0, index=4): OrderedDict([('word', 'travels')])
19.2372 	EXP 	show_condition_text: autoDraw = False
19.2372 	EXP 	show_condition_text: text = 'travels'
19.2372 	EXP 	show_condition_text: autoDraw = True
19.2377 	EXP 	New trial (rep=0, index=5): OrderedDict([('word', 'apr')])
19.2538 	EXP 	show_condition_text: autoDraw = False
19.2538 	EXP 	show_condition_text: text = 'apr'
19.2538 	EXP 	show_condition_text: autoDraw = True
19.2543 	EXP 	New trial (rep=0, index=6): OrderedDict([('word', 'expect')])
19.2709 	EXP 	show_condition_text: autoDraw = False
19.2709 	EXP 	show_condition_text: text = 'expect'
19.2709 	EXP 	show_condition_text: autoDraw = True
19.2714 	EXP 	New trial (rep=0, index=7): OrderedDict([('word', 'argument')])
19.2878 	EXP 	show_condition_text: autoDraw = False
19.2878 	EXP 	show_condition_text: text = 'argument'
19.2878 	EXP 	show_condition_text: autoDraw = True
19.2882 	EXP 	New trial (rep=0, index=8): OrderedDict([('word', 'altered')])
19.3036 	EXP 	show_condition_text: autoDraw = False
19.3036 	EXP 	show_condition_text: text = 'altered'
19.3036 	EXP 	show_condition_text: autoDraw = True
19.3204 	EXP 	show_condition_text: autoDraw = False
19.3204 	EXP 	show_condition_text: text = '****'
19.3204 	EXP 	show_condition_text: autoDraw = True
19.6024 	DATA 	Keypress: space
19.6205 	EXP 	show_condition_text: autoDraw = False
19.6210 	EXP 	New trial (rep=0, index=5): OrderedDict([('wlist_index', 8)])
19.6242 	EXP 	Imported csvs/8.csv as conditions, 11 conditions, 1 params
19.6246 	EXP 	Created sequence: random, trialTypes=11, nReps=1, seed=None
19.6248 	EXP 	New trial (rep=0, index=0): OrderedDict([('word', 'sir')])
19.6385 	EXP 	show_condition_text: text = 'sir'
19.6385 	EXP 	show_condition_text: autoDraw = True
19.6390 	EXP 	New trial (rep=0, index=1): OrderedDict([('word', 'basics')])
19.6539 	EXP 	show_condition_text: autoDraw = False
19.6539 	EXP 	show_condition_text: text = 'basics'
19.6539 	EXP 	show_condition_text: autoDraw = True
19.6545 	EXP 	New trial (rep=0, index=2): OrderedDict([('word', 'eddie')])
19.6710 	EXP 	show_condition_text: autoDraw = False
19.6710 	EXP 	show_condition_text: text = 'eddie'
19.6710 	EXP 	show_condition_text: autoDraw = True
19.6715 	EXP 	New trial (rep=0, index=3): OrderedDict([('word', 'educated')])
19.6876 	EXP 	show_condition_text: autoDraw = False
19.6876 	EXP 	show_condition_text: text = 'educated'
19.6876 	EXP 	show_condition_text: autoDraw = True
19.6881 	EXP 	New trial (rep=0, index=4): OrderedDict([('word', 'elections')])
19.7043 	EXP 	show_condition_text: autoDraw = False
19.7043 	EXP 	show_condition_text: text = 'elections'
19.7043 	EXP 	show_condition_text: autoDraw = True
19.7048 	EXP 	New trial (rep=0, index=5): OrderedDict([('word', 'canberra')])
19.7208 	EXP 	show_condition_text: autoDraw = False
19.7208 	EXP 	show_condition_text: text = 'canberra'
19.7208 	EXP 	show_condition_text: autoDraw = True
19.7213 	EXP 	New trial (rep=0, index=6): OrderedDict([('word', 'luke')])
19.7374 	EXP 	show_condition_text: autoDraw = False
19.7374 	EXP 	show_condition_text: text = 'luke'
19.7374 	EXP 	show_condition_text: autoDraw = True
19.7378 	EXP 	New trial (rep=0, index=7): OrderedDict([('word', 'operate')])
19.7538 	EXP 	show_condition_text: autoDraw = False
19.7538 	EXP 	show_condition_text: text = 'operate'
19.7538 	EXP 	show_condition_text: autoDraw = True
19.7544 	EXP 	New trial (rep=0, index=8): OrderedDict([('word', 'draft')])
19.7705 	EXP 	show_condition_text: autoDraw = False
19.7705 	EXP 	show_condition_text: text = 'draft'
19.7705 	EXP 	show_condition_text: autoDraw = True
19.7709 	EXP 	New trial (rep=0, index=9): OrderedDict([('word', 'follows')])
19.7870 	EXP 	show_condition_text: autoDraw = False
19.7870 	EXP 	show_condition_text: text = 'follows'
19.7870 	EXP 	show_condition_text: autoDraw = True
19.7877 	EXP 	New trial (rep=0, index=10): OrderedDict([('word', 'wellness')])
19.8055 	EXP 	show_condition_text: autoDraw = False
19.8055 	EXP 	show_condition_text: text = 'wellness'
19.8055 	EXP 	show_condition_text: autoDraw = True
19.8210 	EXP 	show_condition_text: autoDraw = False
19.8210 	EXP 	show_condition_text: text = '****'
19.8210 	EXP 	show_condition_text: autoDraw = True
20.0891 	DATA 	Keypress: space
20.1039 	EXP 	show_condition_text: autoDraw = False
20.1043 	EXP 	New trial (rep=0, index=6): OrderedDict([('wlist_index', 20)])
20.1075 	EXP 	Imported csvs/20.csv as conditions, 8 conditions, 1 params
20.1078 	EXP 	Created sequence: random, trialTypes=8, nReps=1, seed=None
20.1081 	EXP 	New trial (rep=0, index=0): OrderedDict([('word', 'waiver')])
20.1369 	EXP 	show_condition_text: text = 'waiver'
20.1369 	EXP 	show_condition_text: autoDraw = True
20.1374 	EXP 	New trial (rep=0, index=1): OrderedDict([('word', 'territories')])
20.1542 	EXP 	show_condition_text: autoDraw = False
20.1542 	EXP 	show_condition_text: text = 'territories'
20.1542 	EXP 	show_condition_text: autoDraw = True
20.1547 	EXP 	New trial (rep=0, index=2): OrderedDict([('word', 'services')])
20.1732 	EXP 	show_condition_text: autoDraw = False
20.1732 	EXP 	show_condition_text: text = 'services'
20.1732 	EXP 	show_condition_text: autoDraw = True
20.1736 	EXP 	New trial (rep=0, index=3): OrderedDict([('word', 'requests')])
20.2035 	EXP 	show_condition_text: autoDraw = False
20.2035 	EXP 	show_condition_text: text = 'requests'
20.2035 	EXP 	show_condition_text: autoDraw = True
20.2040 	EXP 	New trial (rep=0, index=4): OrderedDict([('word', 'bacterial')])
20.2202 	EXP 	show_condition_text: autoDraw = False
20.2202 	EXP 	show_condition_text: text = 'bacterial'
20.2202 	EXP 	show_condition_text: autoDraw = True
20.2206 	EXP 	New trial (rep=0, index=5): OrderedDict([('word', 'cooking')])
20.2373 	EXP 	show_condition_text: autoDraw = False
20.2373 	EXP 	show_condition_text: text = 'cooking'
20.2373 	EXP 	show_condition_text: autoDraw = True
20.2377 	EXP 	New trial (rep=0, index=6): OrderedDict([('word', 'cumshots')])
20.2537 	EXP 	show_condition_text: autoDraw = False
20.2537 	EXP 	show_condition_text: text = 'cumshots'
20.2537 	EXP 	show_condition_text: autoDraw = True
20.2542 	EXP 	New trial (rep=0, index=7): OrderedDict([('word', 'acts')])
20.2709 	EXP 	show_condition_text: autoDraw = False
20.2709 	EXP 	show_condition_text: text = 'acts'
20.2709 	EXP 	show_condition_text: autoDraw = True
20.2870 	EXP 	show_condition_text: autoDraw = False
20.2870 	EXP 	show_condition_text: text = '****'
20.2870 	EXP 	show_condition_text: autoDraw = True
20.5767 	DATA 	Keypress: space
20.5886 	EXP 	show_condition_text: autoDraw = False
20.5890 	EXP 	New trial (rep=0, index=7): OrderedDict([('wlist_index', 26)])
20.5920 	EXP 	Imported csvs/26.csv as conditions, 5 conditions, 1 params
20.5923 	EXP 	Created sequence: random, trialTypes=5, nReps=1, seed=None
20.5925 	EXP 	New trial (rep=0, index=0): OrderedDict([('word', 'peace')])
20.6204 	EXP 	show_condition_text: text = 'peace'
20.6204 	EXP 	show_condition_text: autoDraw = True
20.6209 	EXP 	New trial (rep=0, index=1): OrderedDict([('word', 'portable')])
20.6373 	EXP 	show_condition_text: autoDraw = False
20.6373 	EXP 	show_condition_text: text = 'portable'
20.6373 	EXP 	show_condition_text: autoDraw = True
20.6378 	EXP 	New trial (rep=0, index=2): OrderedDict([('word', 'lingerie')])
20.6546 	EXP 	show_condition_text: autoDraw = False
20.6546 	EXP 	show_condition_text: text = 'lingerie'
20.6546 	EXP 	show_condition_text: autoDraw = True
20.6550 	EXP 	New trial (rep=0, index=3): OrderedDict([('word', 'wholesale')])
20.6712 	EXP 	show_condition_text: autoDraw = False
20.6712 	EXP 	show_condition_text: text = 'wholesale'
20.6712 	EXP 	show_condition_text: autoDraw = True
20.6719 	EXP 	New trial (rep=0, index=4): OrderedDict([('word', 'sheer')])
20.6896 	EXP 	show_condition_text: autoDraw = False
20.6896 	EXP 	show_condition_text: text = 'sheer'
20.6896 	EXP 	show_condition_text: autoDraw = True
20.7041 	EXP 	show_condition_text: autoDraw = False
20.7041 	EXP 	show_condition_text: text = '****'
20.7041 	EXP 	show_condition_text: autoDraw = True
21.0641 	DATA 	Keypress: space
21.0881 	EXP 	show_condition_text: autoDraw = False
21.0894 	EXP 	New trial (rep=0, index=2): OrderedDict([('condition', 4)])
21.0928 	EXP 	Imported csvs/condition_4_wlists_indices.csv as conditions, 8 conditions, 1 params
21.0931 	EXP 	Created sequence: random, trialTypes=8, nReps=1, seed=None
21.0933 	EXP 	New trial (rep=0, index=0): OrderedDict([('wlist_index', 14)])
21.0965 	EXP 	Imported csvs/14.csv as conditions, 9 conditions, 1 params
21.0968 	EXP 	Created sequence: random, trialTypes=9, nReps=1, seed=None
21.0970 	EXP 	New trial (rep=0, index=0): OrderedDict([('word', 'hardly')])
21.1213 	EXP 	show_condition_text: text = 'hardly'
21.1213 	EXP 	show_condition_text: autoDraw = True
21.1217 	EXP 	New trial (rep=0, index=1): OrderedDict([('word', 'ranch')])
21.1376 	EXP 	show_condition_text: autoDraw = False
21.1376 	EXP 	show_condition_text: text = 'ranch'
21.1376 	EXP 	show_condition_text: autoDraw = True
21.1380 	EXP 	New trial (rep=0, index=2): OrderedDict([('word', 'handles')])
21.1538 	EXP 	show_condition_text: autoDraw = False
21.1538 	EXP 	show_condition_text: text = 'handles'
21.1538 	EXP 	show_condition_text: autoDraw = True
21.1545 	EXP 	New trial (rep=0, index=3): OrderedDict([('word', 'surround')])
21.1706 	EXP 	show_condition_text: autoDraw = False
21.1706 	EXP 	show_condition_text: text = 'surround'
21.1706 	EXP 	show_condition_text: autoDraw = True
21.1711 	EXP 	New trial (rep=0, index=4): OrderedDict([('word', 'bangladesh')])
21.1896 	EXP 	show_condition_text: autoDraw = False
21.1896 	EXP 	show_condition_text: text = 'bangladesh'
21.1896 	EXP 	show_condition_text: autoDraw = True
21.1901 	EXP 	New trial (rep=0, index=5): OrderedDict([('word', 'ho')])
21.2065 	EXP 	show_condition_text: autoDraw = False
21.2065 	EXP 	show_condition_text: text = 'ho'
21.2065 	EXP 	show_condition_text: autoDraw = True
21.2069 	EXP 	New trial (rep=0, index=6): OrderedDict([('word', 'breast')])
21.2224 	EXP 	show_condition_text: autoDraw = False
21.2224 	EXP 	show_condition_text: text = 'breast'
21.2224 	EXP 	show_condition_text: autoDraw = True
21.2230 	EXP 	New trial (rep=0, index=7): OrderedDict([('word', 'debt')])
21.2389 	EXP 	show_condition_text: autoDraw = False
21.2389 	EXP 	show_condition_text: text = 'debt'
21.2389 	EXP 	show_condition_text: autoDraw = True
21.2398 	EXP 	New trial (rep=0, index=8): OrderedDict([('word', 'rights')])
21.2579 	EXP 	show_condition_text: autoDraw = False
21.2579 	EXP 	show_condition_text: text = 'rights'
21.2579 	EXP 	show_condition_text: autoDraw = True
21.2734 	EXP 	show_condition_text: autoDraw = False
21.2734 	EXP 	show_condition_text: text = '****'
21.2734 	EXP 	show_condition_text: autoDraw = True
21.5394 	DATA 	Keypress: space
21.5544 	EXP 	show_condition_text: autoDraw = False
21.5549 	EXP 	New trial (rep=0, index=1): OrderedDict([('wlist_index', 6)])
21.5581 	EXP 	Imported csvs/6.csv as conditions, 9 conditions, 1 params
21.5584 	EXP 	Created sequence: random, trialTypes=9, nReps=1, seed=None
21.5586 	EXP 	New trial (rep=0, index=0): OrderedDict([('word', 'landscape')])
21.5754 	EXP 	show_condition_text: text = 'landscape'
21.5754 	EXP 	show_condition_text: autoDraw = True
21.5758 	EXP 	New trial (rep=0, index=1): OrderedDict([('word', 'enjoyed')])
21.6050 	EXP 	show_condition_text: autoDraw = False
21.6050 	EXP 	show_condition_text: text = 'enjoyed'
21.6050 	EXP 	show_condition_text: autoDraw = True
21.6055 	EXP 	New trial (rep=0, index=2): OrderedDict([('word', 'data')])
21.6215 	EXP 	show_condition_text: autoDraw = False
21.6215 	EXP 	show_condition_text: text = 'data'
21.6215 	EXP 	show_condition_text: autoDraw = True
21.6220 	EXP 	New trial (rep=0, index=3): OrderedDict([('word', 'colonial')])
21.6382 	EXP 	show_condition_text: autoDraw = False
21.6382 	EXP 	show_condition_text: text = 'colonial'
21.6382 	EXP 	show_condition_text: autoDraw = True
21.6388 	EXP 	New trial (rep=0, index=4): OrderedDict([('word', 'findlaw')])
21.6563 	EXP 	show_condition_text: autoDraw = False
21.6563 	EXP 	show_condition_text: text = 'findlaw'
21.6563 	EXP 	show_condition_text: autoDraw = True
21.6566 	EXP 	New trial (rep=0, index=5): OrderedDict([('word', 'showers')])
21.6744 	EXP 	show_condition_text: autoDraw = False
21.6744 	EXP 	show_condition_text: text = 'showers'
21.6744 	EXP 	show_condition_text: autoDraw = True
21.6750 	EXP 	New trial (rep=0, index=6): OrderedDict([('word', 'jose')])
21.7039 	EXP 	show_condition_text: autoDraw = False
21.7039 	EXP 	show_condition_text: text = 'jose'
21.7039 	EXP 	show_condition_text: autoDraw = True
21.7044 	EXP 	New trial (rep=0, index=7): OrderedDict([('word', 'sole')])
21.7205 	EXP 	show_condition_text: autoDraw = False
21.7205 	EXP 	show_condition_text: text = 'sole'
21.7205 	EXP 	show_condition_text: autoDraw = True
21.7209 	EXP 	New trial (rep=0, index=8): OrderedDict([('word', 'futures')])
21.7375 	EXP 	show_condition_text: autoDraw = False
21.7375 	EXP 	show_condition_text: text = 'futures'
21.7375 	EXP 	show_condition_text: autoDraw = True
21.7542 	EXP 	show_condition_text: autoDraw = False
21.7542 	EXP 	show_condition_text: text = '****'
21.7542 	EXP 	show_condition_text: autoDraw = True
22.0016 	DATA 	Keypress: space
22.0209 	EXP 	show_condition_text: autoDraw = False
22.0215 	EXP 	New trial (rep=0, index=2): OrderedDict([('wlist_index', 16)])
22.0251 	EXP 	Imported csvs/16.csv as conditions, 7 conditions, 1 params
22.0254 	EXP 	Created sequence: random, trialTypes=7, nReps=1, seed=None
22.0256 	EXP 	New trial (rep=0, index=0): OrderedDict([('word', 'moscow')])
22.0541 	EXP 	show_condition_text: text = 'moscow'
22.0541 	EXP 	show_condition_text: autoDraw = True
22.0546 	EXP 	New trial (rep=0, index=1): OrderedDict([('word', 'are')])
22.0711 	EXP 	show_condition_text: autoDraw = False
22.0711 	EXP 	show_condition_text: text = 'are'
22.0711 	EXP 	show_condition_text: autoDraw = True
22.0716 	EXP 	New trial (rep=0, index=2): OrderedDict([('word', 'original')])
22.0898 	EXP 	show_condition_text: autoDraw = False
22.0898 	EXP 	show_condition_text: text = 'original'
22.0898 	EXP 	show_condition_text: autoDraw = True
22.0902 	EXP 	New trial (rep=0, index=3): OrderedDict([('word', 'activated')])
22.1075 	EXP 	show_condition_text: autoDraw = False
22.1075 	EXP 	show_condition_text: text = 'activated'
22.1075 	EXP 	show_condition_text: autoDraw = True
22.1079 	EXP 	New trial (rep=0, index=4): OrderedDict([('word', 'usage')])
22.1244 	EXP 	show_condition_text: autoDraw = False
22.1244 	EXP 	show_condition_text: text = 'usage'
22.1244 	EXP 	show_condition_text: autoDraw = True
22.1248 	EXP 	New trial (rep=0, index=5): OrderedDict([('word', 'singh')])
22.1537 	EXP 	show_condition_text: autoDraw = False
22.1537 	EXP 	show_condition_text: text = 'singh'
22.1537 	EXP 	show_condition_text: autoDraw = True
22.1544 	EXP 	New trial (rep=0, index=6): OrderedDict([('word', 'estimates')])
22.1705 	EXP 	show_condition_text: autoDraw = False
22.1705 	EXP 	show_condition_text: text = 'estimates'
22.1705 	EXP 	show_condition_text: autoDraw = True
22.1873 	EXP 	show_condition_text: autoDraw = False
22.1873 	EXP 	show_condition_text: text = '****'
22.1873 	EXP 	show_condition_text: autoDraw = True
22.4894 	DATA 	Keypress: space
22.5042 	EXP 	show_condition_text: autoDraw = False
22.5046 	EXP 	New trial (rep=0, index=3): OrderedDict([('wlist_index', 4)])
22.6069 	EXP 	Imported csvs/4.csv as conditions, 11 conditions, 1 params
22.6071 	EXP 	Created sequence: random, trialTypes=11, nReps=1, seed=None
22.6073 	EXP 	New trial (rep=0, index=0): OrderedDict([('word', 'phantom')])
22.6234 	EXP 	show_condition_text: text = 'phantom'
22.6234 	EXP 	show_condition_text: autoDraw = True
22.6238 	EXP 	New trial (rep=0, index=1): OrderedDict([('word', 'famous')])
22.6392 	EXP 	show_condition_text: autoDraw = False
22.6392 	EXP 	show_condition_text: text = 'famous'
22.6392 	EXP 	show_condition_text: autoDraw = True
22.6396 	EXP 	New trial (rep=0, index=2): OrderedDict([('word', 'diy')])
22.6560 	EXP 	show_condition_text: autoDraw = False
22.6560 	EXP 	show_condition_text: text = 'diy'
22.6560 	EXP 	show_condition_text: autoDraw = True
22.6566 	EXP 	New trial (rep=0, index=3): OrderedDict([('word', 'merit')])
22.6715 	EXP 	show_condition_text: autoDraw = False
22.6715 	EXP 	show_condition_text: text = 'merit'
22.6715 	EXP 	show_condition_text: autoDraw = True
22.6720 	EXP 	New trial (rep=0, index=4): OrderedDict([('word', 'southampton')])
22.6913 	EXP 	show_condition_text: autoDraw = False
22.6913 	EXP 	show_condition_text: text = 'southampton'
22.6913 	EXP 	show_condition_text: autoDraw = True
22.6917 	EXP 	New trial (rep=0, index=5): OrderedDict([('word', 'knows')])
22.7210 	EXP 	show_condition_text: autoDraw = False
22.7210 	EXP 	show_condition_text: text = 'knows'
22.7210 	EXP 	show_condition_text: autoDraw = True
22.7214 	EXP 	New trial (rep=0, index=6): OrderedDict([('word', 'aka')])
22.7374 	EXP 	show_condition_text: autoDraw = False
22.7374 	EXP 	show_condition_text: text = 'aka'
22.7374 	EXP 	show_condition_text: autoDraw = True
22.7379 	EXP 	New trial (rep=0, index=7): OrderedDict([('word', 'groups')])
22.7543 	EXP 	show_condition_text: autoDraw = False
22.7543 	EXP 	show_condition_text: text = 'groups'
22.7543 	EXP 	show_condition_text: autoDraw = True
22.7549 	EXP 	New trial (rep=0, index=8): OrderedDict([('word', 'technology')])
22.7725 	EXP 	show_condition_text: autoDraw = False
22.7725 	EXP 	show_condition_text: text = 'technology'
22.7725 	EXP 	show_condition_text: autoDraw = True
22.7729 	EXP 	New trial (rep=0, index=9): OrderedDict([('word', 'interim')])
22.7873 	EXP 	show_condition_text: autoDraw = False
22.7873 	EXP 	show_condition_text: text = 'interim'
22.7873 	EXP 	show_condition_text: autoDraw = True
22.7878 	EXP 	New trial (rep=0, index=10): OrderedDict([('word', 'always')])
22.8047 	EXP 	show_condition_text: autoDraw = False
22.8047 	EXP 	show_condition_text: text = 'always'
22.8047 	EXP 	show_condition_text: autoDraw = True
22.8208 	EXP 	show_condition_text: autoDraw = False
22.8208 	EXP 	show_condition_text: text = '****'
22.8208 	EXP 	show_condition_text: autoDraw = True
23.0140 	DATA 	Keypress: space
23.0366 	EXP 	show_condition_text: autoDraw = False
23.0370 	EXP 	New trial (rep=0, index=4): OrderedDict([('wlist_index', 5)])
23.0400 	EXP 	Imported csvs/5.csv as conditions, 7 conditions, 1 params
23.0403 	EXP 	Created sequence: random, trialTypes=7, nReps=1, seed=None
23.0405 	EXP 	New trial (rep=0, index=0): OrderedDict([('word', 'specialties')])
23.0580 	EXP 	show_condition_text: text = 'specialties'
23.0580 	EXP 	show_condition_text: autoDraw = True
23.0585 	EXP 	New trial (rep=0, index=1): OrderedDict([('word', 'typically')])
23.0871 	EXP 	show_condition_text: autoDraw = False
23.0871 	EXP 	show_condition_text: text = 'typically'
23.0871 	EXP 	show_condition_text: autoDraw = True
23.0875 	EXP 	New trial (rep=0, index=2): OrderedDict([('word', 'mediterranean')])
23.1039 	EXP 	show_condition_text: autoDraw = False
23.1039 	EXP 	show_condition_text: text = 'mediterranean'
23.1039 	EXP 	show_condition_text: autoDraw = True
23.1043 	EXP 	New trial (rep=0, index=3): OrderedDict([('word', 'physics')])
23.1198 	EXP 	show_condition_text: autoDraw = False
23.1198 	EXP 	show_condition_text: text = 'physics'
23.1198 	EXP 	show_condition_text: autoDraw = True
23.1202 	EXP 	New trial (rep=0, index=4): OrderedDict([('word', 'access')])
23.1370 	EXP 	show_condition_text: autoDraw = False
23.1370 	EXP 	show_condition_text: text = 'access'
23.1370 	EXP 	show_condition_text: autoDraw = True
23.1374 	EXP 	New trial (rep=0, index=5): OrderedDict([('word', 'charitable')])
23.1538 	EXP 	show_condition_text: autoDraw = False
23.1538 	EXP 	show_condition_text: text = 'charitable'
23.1538 	EXP 	show_condition_text: autoDraw = True
23.1543 	EXP 	New trial (rep=0, index=6): OrderedDict([('word', 'acceptance')])
23.1709 	EXP 	show_condition_text: autoDraw = False
23.1709 	EXP 	show_condition_text: text = 'acceptance'
23.1709 	EXP 	show_condition_text: autoDraw = True
23.1875 	EXP 	show_condition_text: autoDraw = False
23.1875 	EXP 	show_condition_text: text = '****'
23.1875 	EXP 	show_condition_text: autoDraw = True
23.5016 	DATA 	Keypress: space
23.5211 	EXP 	show_condition_text: autoDraw = False
23.5215 	EXP 	New trial (rep=0, index=5): OrderedDict([('wlist_index', 24)])
23.5246 	EXP 	Imported csvs/24.csv as conditions, 8 conditions, 1 params
23.5249 	EXP 	Created sequence: random, trialTypes=8, nReps=1, seed=None
23.5251 	EXP 	New trial (rep=0, index=0): OrderedDict([('word', 'everyone')])
23.5531 	EXP 	show_condition_text: text = 'everyone'
23.5531 	EXP 	show_condition_text: autoDraw = True
23.5536 	EXP 	New trial (rep=0, index=1): OrderedDict([('word', 'general')])
23.5705 	EXP 	show_condition_text: autoDraw = False
23.5705 	EXP 	show_condition_text: text = 'general'
23.5705 	EXP 	show_condition_text: autoDraw = True
23.5710 	EXP 	New trial (rep=0, index=2): OrderedDict([('word', 'cabinets')])
23.5867 	EXP 	show_condition_text: autoDraw = False
23.5867 	EXP 	show_condition_text: text = 'cabinets'
23.5867 	EXP 	show_condition_text: autoDraw = True
23.5872 	EXP 	New trial (rep=0, index=3): OrderedDict([('word', 'technologies')])
23.6063 	EXP 	show_condition_text: autoDraw = False
23.6063 	EXP 	show_condition_text: text = 'technologies'
23.6063 	EXP 	show_condition_text: autoDraw = True
23.6067 	EXP 	New trial (rep=0, index=4): OrderedDict([('word', 'albany')])
23.6228 	EXP 	show_condition_text: autoDraw = False
23.6228 	EXP 	show_condition_text: text = 'albany'
23.6228 	EXP 	show_condition_text: autoDraw = True
23.6233 	EXP 	New trial (rep=0, index=5): OrderedDict([('word', 'listening')])
23.6404 	EXP 	show_condition_text: autoDraw = False
23.6404 	EXP 	show_condition_text: text = 'listening'
23.6404 	EXP 	show_condition_text: autoDraw = True
23.6409 	EXP 	New trial (rep=0, index=6): OrderedDict([('word', 'bit')])
23.6557 	EXP 	show_condition_text: autoDraw = False
23.6557 	EXP 	show_condition_text: text = 'bit'
23.6557 	EXP 	show_condition_text: autoDraw = True
23.6563 	EXP 	New trial (rep=0, index=7): OrderedDict([('word', 'grab')])
23.6725 	EXP 	show_condition_text: autoDraw = False
23.6725 	EXP 	show_condition_text: text = 'grab'
23.6725 	EXP 	show_condition_text: autoDraw = True
23.6877 	EXP 	show_condition_text: autoDraw = False
23.6877 	EXP 	show_condition_text: text = '****'
23.6877 	EXP 	show_condition_text: autoDraw = True
23.9642 	DATA 	Keypress: space
23.9877 	EXP 	show_condition_text: autoDraw = False
23.9881 	EXP 	New trial (rep=0, index=6): OrderedDict([('wlist_index', 18)])
23.9911 	EXP 	Imported csvs/18.csv as conditions, 9 conditions, 1 params
23.9915 	EXP 	Created sequence: random, trialTypes=9, nReps=1, seed=None
23.9917 	EXP 	New trial (rep=0, index=0): OrderedDict([('word', 'jaguar')])
24.0197 	EXP 	show_condition_text: text = 'jaguar'
24.0197 	EXP 	show_condition_text: autoDraw = True
24.0201 	EXP 	New trial (rep=0, index=1): OrderedDict([('word', 'stan')])
24.0367 	EXP 	show_condition_text: autoDraw = False
24.0367 	EXP 	show_condition_text: text = 'stan'
24.0367 	EXP 	show_condition_text: autoDraw = True
24.0371 	EXP 	New trial (rep=0, index=2): OrderedDict([('word', 'present')])
24.0540 	EXP 	show_condition_text: autoDraw = False
24.0540 	EXP 	show_condition_text: text = 'present'
24.0540 	EXP 	show_condition_text: autoDraw = True
24.0544 	EXP 	New trial (rep=0, index=3): OrderedDict([('word', 'nominated')])
24.0707 	EXP 	show_condition_text: autoDraw = False
24.0707 	EXP 	show_condition_text: text = 'nominated'
24.0707 	EXP 	show_condition_text: autoDraw = True
24.0711 	EXP 	New trial (rep=0, index=4): OrderedDict([('word', 'nicaragua')])
24.0873 	EXP 	show_condition_text: autoDraw = False
24.0873 	EXP 	show_condition_text: text = 'nicaragua'
24.0873 	EXP 	show_condition_text: autoDraw = True
24.0877 	EXP 	New trial (rep=0, index=5): OrderedDict([('word', 'geographical')])
24.1543 	EXP 	show_condition_text: autoDraw = False
24.1543 	EXP 	show_condition_text: text = 'geographical'
24.1543 	EXP 	show_condition_text: autoDraw = True
24.1548 	EXP 	New trial (rep=0, index=6): OrderedDict([('word', 'longer')])
24.1711 	EXP 	show_condition_text: autoDraw = False
24.1711 	EXP 	show_condition_text: text = 'longer'
24.1711 	EXP 	show_condition_text: autoDraw = True
24.1716 	EXP 	New trial (rep=0, index=7): OrderedDict([('word', 'bosnia')])
24.1871 	EXP 	show_condition_text: autoDraw = False
24.1871 	EXP 	show_condition_text: text = 'bosnia'
24.1871 	EXP 	show_condition_text: autoDraw = True
24.1875 	EXP 	New trial (rep=0, index=8): OrderedDict([('word', 'cardiff')])
24.2039 	EXP 	show_condition_text: autoDraw = False
24.2039 	EXP 	show_condition_text: text = 'cardiff'
24.2039 	EXP 	show_condition_text: autoDraw = True
24.2207 	EXP 	show_condition_text: autoDraw = False
24.2207 	EXP 	show_condition_text: text = '****'
24.2207 	EXP 	show_condition_text: autoDraw = True
24.4641 	DATA 	Keypress: space
24.4883 	EXP 	show_condition_text: autoDraw = False
24.4887 	EXP 	New trial (rep=0, index=7): OrderedDict([('wlist_index', 7)])
24.4923 	EXP 	Imported csvs/7.csv as conditions, 9 conditions, 1 params
24.4926 	EXP 	Created sequence: random, trialTypes=9, nReps=1, seed=None
24.4928 	EXP 	New trial (rep=0, index=0): OrderedDict([('word', 'bubble')])
24.5213 	EXP 	show_condition_text: text = 'bubble'
24.5213 	EXP 	show_condition_text: autoDraw = True
24.5217 	EXP 	New trial (rep=0, index=1): OrderedDict([('word', 'self')])
24.5376 	EXP 	show_condition_text: autoDraw = False
24.5376 	EXP 	show_condition_text: text = 'self'
24.5376 	EXP 	show_condition_text: autoDraw = True
24.5383 	EXP 	New trial (rep=0, index=2): OrderedDict([('word', 'enquiry')])
24.5573 	EXP 	show_condition_text: autoDraw = False
24.5573 	EXP 	show_condition_text: text = 'enquiry'
24.5573 	EXP 	show_condition_text: autoDraw = True
24.5578 	EXP 	New trial (rep=0, index=3): OrderedDict([('word', 'secure')])
24.5743 	EXP 	show_condition_text: autoDraw = False
24.5743 	EXP 	show_condition_text: text = 'secure'
24.5743 	EXP 	show_condition_text: autoDraw = True
24.5747 	EXP 	New trial (rep=0, index=4): OrderedDict([('word', 'wallet')])
24.5918 	EXP 	show_condition_text: autoDraw = False
24.5918 	EXP 	show_condition_text: text = 'wallet'
24.5918 	EXP 	show_condition_text: autoDraw = True
24.5923 	EXP 	New trial (rep=0, index=5): OrderedDict([('word', 'nottingham')])
24.6196 	EXP 	show_condition_text: autoDraw = False
24.6196 	EXP 	show_condition_text: text = 'nottingham'
24.6196 	EXP 	show_condition_text: autoDraw = True
24.6200 	EXP 	New trial (rep=0, index=6): OrderedDict([('word', 'directors')])
24.6364 	EXP 	show_condition_text: autoDraw = False
24.6364 	EXP 	show_condition_text: text = 'directors'
24.6364 	EXP 	show_condition_text: autoDraw = True
24.6369 	EXP 	New trial (rep=0, index=7): OrderedDict([('word', 'actual')])
24.6539 	EXP 	show_condition_text: autoDraw = False
24.6539 	EXP 	show_condition_text: text = 'actual'
24.6539 	EXP 	show_condition_text: autoDraw = True
24.6544 	EXP 	New trial (rep=0, index=8): OrderedDict([('word', 'dick')])
24.6704 	EXP 	show_condition_text: autoDraw = False
24.6704 	EXP 	show_condition_text: text = 'dick'
24.6704 	EXP 	show_condition_text: autoDraw = True
24.6875 	EXP 	show_condition_text: autoDraw = False
24.6875 	EXP 	show_condition_text: text = '****'
24.6875 	EXP 	show_condition_text: autoDraw = True
24.9892 	DATA 	Keypress: space
25.0039 	EXP 	show_condition_text: autoDraw = False
25.0043 	EXP 	New trial (rep=0, index=3): OrderedDict([('condition', 1)])
25.0072 	EXP 	Imported csvs/condition_1_wlists_indices.csv as conditions, 8 conditions, 1 params
25.0075 	EXP 	Created sequence: random, trialTypes=8, nReps=1, seed=None
25.0077 	EXP 	New trial (rep=0, index=0): OrderedDict([('wlist_index', 17)])
25.0100 	EXP 	Imported csvs/17.csv as conditions, 10 conditions, 1 params
25.0103 	EXP 	Created sequence: random, trialTypes=10, nReps=1, seed=None
25.0105 	EXP 	New trial (rep=0, index=0): OrderedDict([('word', 'accept')])
25.0370 	EXP 	show_condition_text: text = 'accept'
25.0370 	EXP 	show_condition_text: autoDraw = True
25.0376 	EXP 	New trial (rep=0, index=1): OrderedDict([('word', 'map')])
25.0535 	EXP 	show_condition_text: autoDraw = False
25.0535 	EXP 	show_condition_text: text = 'map'
25.0535 	EXP 	show_condition_text: autoDraw = True
25.0540 	EXP 	New trial (rep=0, index=2): OrderedDict([('word', 'places')])
25.0707 	EXP 	show_condition_text: autoDraw = False
25.0707 	EXP 	show_condition_text: text = 'places'
25.0707 	EXP 	show_condition_text: autoDraw = True
25.0714 	EXP 	New trial (rep=0, index=3): OrderedDict([('word', 'scott')])
25.0873 	EXP 	show_condition_text: autoDraw = False
25.0873 	EXP 	show_condition_text: text = 'scott'
25.0873 	EXP 	show_condition_text: autoDraw = True
25.0880 	EXP 	New trial (rep=0, index=4): OrderedDict([('word', 'penetration')])
25.1060 	EXP 	show_condition_text: autoDraw = False
25.1060 	EXP 	show_condition_text: text = 'penetration'
25.1060 	EXP 	show_condition_text: autoDraw = True
25.1067 	EXP 	New trial (rep=0, index=5): OrderedDict([('word', 'talent')])
25.1365 	EXP 	show_condition_text: autoDraw = False
25.1365 	EXP 	show_condition_text: text = 'talent'
25.1365 	EXP 	show_condition_text: autoDraw = True
25.1370 	EXP 	New trial (rep=0, index=6): OrderedDict([('word', 'adaptor')])
25.1545 	EXP 	show_condition_text: autoDraw = False
25.1545 	EXP 	show_condition_text: text = 'adaptor'
25.1545 	EXP 	show_condition_text: autoDraw = True
25.1549 	EXP 	New trial (rep=0, index=7): OrderedDict([('word', 'charging')])
25.1740 	EXP 	show_condition_text: autoDraw = False
25.1740 	EXP 	show_condition_text: text = 'charging'
25.1740 	EXP 	show_condition_text: autoDraw = True
25.1745 	EXP 	New trial (rep=0, index=8): OrderedDict([('word', 'potatoes')])
25.1914 	EXP 	show_condition_text: autoDraw = False
25.1914 	EXP 	show_condition_text: text = 'potatoes'
25.1914 	EXP 	show_condition_text: autoDraw = True
25.1918 	EXP 	New trial (rep=0, index=9): OrderedDict([('word', 'sally')])
25.2085 	EXP 	show_condition_text: autoDraw = False
25.2085 	EXP 	show_condition_text: text = 'sally'
25.2085 	EXP 	show_condition_text: autoDraw = True
25.2246 	EXP 	show_condition_text: autoDraw = False
25.2246 	EXP 	show_condition_text: text = '****'
25.2246 	EXP 	show_condition_text: autoDraw = True
25.4641 	DATA 	Keypress: space
25.4892 	EXP 	show_condition_text: autoDraw = False
25.4898 	EXP 	New trial (rep=0, index=1): OrderedDict([('wlist_index', 31)])
25.4935 	EXP 	Imported csvs/31.csv as conditions, 8 conditions, 1 params
25.4938 	EXP 	Created sequence: random, trialTypes=8, nReps=1, seed=None
25.4940 	EXP 	New trial (rep=0, index=0): OrderedDict([('word', 'usd')])
25.5210 	EXP 	show_condition_text: text = 'usd'
25.5210 	EXP 	show_condition_text: autoDraw = True
25.5215 	EXP 	New trial (rep=0, index=1): OrderedDict([('word', 'gi')])
25.5375 	EXP 	show_condition_text: autoDraw = False
25.5375 	EXP 	show_condition_text: text = 'gi'
25.5375 	EXP 	show_condition_text: autoDraw = True
25.5380 	EXP 	New trial (rep=0, index=2): OrderedDict([('word', 'reverse')])
25.5564 	EXP 	show_condition_text: autoDraw = False
25.5564 	EXP 	show_condition_text: text = 'reverse'
25.5564 	EXP 	show_condition_text: autoDraw = True
25.5570 	EXP 	New trial (rep=0, index=3): OrderedDict([('word', 'phenomenon')])
25.5875 	EXP 	show_condition_text: autoDraw = False
25.5875 	EXP 	show_condition_text: text = 'phenomenon'
25.5875 	EXP 	show_condition_text: autoDraw = True
25.5881 	EXP 	New trial (rep=0, index=4): OrderedDict([('word', 'humanitarian')])
25.6077 	EXP 	show_condition_text: autoDraw = False
25.6077 	EXP 	show_condition_text: text = 'humanitarian'
25.6077 	EXP 	show_condition_text: autoDraw = True
25.6083 	EXP 	New trial (rep=0, index=5): OrderedDict([('word', 'incest')])
25.6248 	EXP 	show_condition_text: autoDraw = False
25.6248 	EXP 	show_condition_text: text = 'incest'
25.6248 	EXP 	show_condition_text: autoDraw = True
25.6253 	EXP 	New trial (rep=0, index=6): OrderedDict([('word', 'act')])
25.6533 	EXP 	show_condition_text: autoDraw = False
25.6533 	EXP 	show_condition_text: text = 'act'
25.6533 	EXP 	show_condition_text: autoDraw = True
25.6538 	EXP 	New trial (rep=0, index=7): OrderedDict([('word', 'watson')])
25.6700 	EXP 	show_condition_text: autoDraw = False
25.6700 	EXP 	show_condition_text: text = 'watson'
25.6700 	EXP 	show_condition_text: autoDraw = True
25.6868 	EXP 	show_condition_text: autoDraw = False
25.6868 	EXP 	show_condition_text: text = '****'
25.6868 	EXP 	show_condition_text: autoDraw = True
25.9773 	DATA 	Keypress: space
25.9894 	EXP 	show_condition_text: autoDraw = False
25.9899 	EXP 	New trial (rep=0, index=2): OrderedDict([('wlist_index', 12)])
25.9941 	EXP 	Imported csvs/12.csv as conditions, 7 conditions, 1 params
25.9946 	EXP 	Created sequence: random, trialTypes=7, nReps=1, seed=None
25.9948 	EXP 	New trial (rep=0, index=0): OrderedDict([('word', 'keyword')])
26.0205 	EXP 	show_condition_text: text = 'keyword'
26.0205 	EXP 	show_condition_text: autoDraw = True
26.0210 	EXP 	New trial (rep=0, index=1): OrderedDict([('word', 'shipments')])
26.0408 	EXP 	show_condition_text: autoDraw = False
26.0408 	EXP 	show_condition_text: text = 'shipments'
26.0408 	EXP 	show_condition_text: autoDraw = True
26.0413 	EXP 	New trial (rep=0, index=2): OrderedDict([('word', 'cradle')])
26.0578 	EXP 	show_condition_text: autoDraw = False
26.0578 	EXP 	show_condition_text: text = 'cradle'
26.0578 	EXP 	show_condition_text: autoDraw = True
26.0584 	EXP 	New trial (rep=0, index=3): OrderedDict([('word', 'bangkok')])
26.0868 	EXP 	show_condition_text: autoDraw = False
26.0868 	EXP 	show_condition_text: text = 'bangkok'
26.0868 	EXP 	show_condition_text: autoDraw = True
26.0873 	EXP 	New trial (rep=0, index=4): OrderedDict([('word', 'latin')])
26.1040 	EXP 	show_condition_text: autoDraw = False
26.1040 	EXP 	show_condition_text: text = 'latin'
26.1040 	EXP 	show_condition_text: autoDraw = True
26.1049 	EXP 	New trial (rep=0, index=5): OrderedDict([('word', 'rapid')])
26.1223 	EXP 	show_condition_text: autoDraw = False
26.1223 	EXP 	show_condition_text: text = 'rapid'
26.1223 	EXP 	show_condition_text: autoDraw = True
26.1227 	EXP 	New trial (rep=0, index=6): OrderedDict([('word', 'powered')])
26.1417 	EXP 	show_condition_text: autoDraw = False
26.1417 	EXP 	show_condition_text: text = 'powered'
26.1417 	EXP 	show_condition_text: autoDraw = True
26.1573 	EXP 	show_condition_text: autoDraw = False
26.1573 	EXP 	show_condition_text: text = '****'
26.1573 	EXP 	show_condition_text: autoDraw = True
26.4645 	DATA 	Keypress: space
26.4883 	EXP 	show_condition_text: autoDraw = False
26.4887 	EXP 	New trial (rep=0, index=3): OrderedDict([('wlist_index', 13)])
26.4919 	EXP 	Imported csvs/13.csv as conditions, 7 conditions, 1 params
26.4923 	EXP 	Created sequence: random, trialTypes=7, nReps=1, seed=None
26.4927 	EXP 	New trial (rep=0, index=0): OrderedDict([('word', 'township')])
26.5206 	EXP 	show_condition_text: text = 'township'
26.5206 	EXP 	show_condition_text: autoDraw = True
26.5214 	EXP 	New trial (rep=0, index=1): OrderedDict([('word', 'scanned')])
26.5377 	EXP 	show_condition_text: autoDraw = False
26.5377 	EXP 	show_condition_text: text = 'scanned'
26.5377 	EXP 	show_condition_text: autoDraw = True
26.5382 	EXP 	New trial (rep=0, index=2): OrderedDict([('word', 'deaths')])
26.5557 	EXP 	show_condition_text: autoDraw = False
26.5557 	EXP 	show_condition_text: text = 'deaths'
26.5557 	EXP 	show_condition_text: autoDraw = True
26.5562 	EXP 	New trial (rep=0, index=3): OrderedDict([('word', 'measures')])
26.5718 	EXP 	show_condition_text: autoDraw = False
26.5718 	EXP 	show_condition_text: text = 'measures'
26.5718 	EXP 	show_condition_text: autoDraw = True
26.5724 	EXP 	New trial (rep=0, index=4): OrderedDict([('word', 'guild')])
26.5894 	EXP 	show_condition_text: autoDraw = False
26.5894 	EXP 	show_condition_text: text = 'guild'
26.5894 	EXP 	show_condition_text: autoDraw = True
26.5898 	EXP 	New trial (rep=0, index=5): OrderedDict([('word', 'poems')])
26.6062 	EXP 	show_condition_text: autoDraw = False
26.6062 	EXP 	show_condition_text: text = 'poems'
26.6062 	EXP 	show_condition_text: autoDraw = True
26.6068 	EXP 	New trial (rep=0, index=6): OrderedDict([('word', 'complications')])
26.6369 	EXP 	show_condition_text: autoDraw = False
26.6369 	EXP 	show_condition_text: text = 'complications'
26.6369 	EXP 	show_condition_text: autoDraw = True
26.6539 	EXP 	show_condition_text: autoDraw = False
26.6539 	EXP 	show_condition_text: text = '****'
26.6539 	EXP 	show_condition_text: autoDraw = True
26.9648 	DATA 	Keypress: space
26.9871 	EXP 	show_condition_text: autoDraw = False
26.9874 	EXP 	New trial (rep=0, index=4): OrderedDict([('wlist_index', 3)])
26.9906 	EXP 	Imported csvs/3.csv as conditions, 9 conditions, 1 params
26.9910 	EXP 	Created sequence: random, trialTypes=9, nReps=1, seed=None
26.9914 	EXP 	New trial (rep=0, index=0): OrderedDict([('word', 'wow')])
27.0199 	EXP 	show_condition_text: text = 'wow'
27.0199 	EXP 	show_condition_text: autoDraw = True
27.0204 	EXP 	New trial (rep=0, index=1): OrderedDict([('word', 'knowledgestorm')])
27.0541 	EXP 	show_condition_text: autoDraw = False
27.0541 	EXP 	show_condition_text: text = 'knowledgestorm'
27.0541 	EXP 	show_condition_text: autoDraw = True
27.0547 	EXP 	New trial (rep=0, index=2): OrderedDict([('word', 'www')])
27.0702 	EXP 	show_condition_text: autoDraw = False
27.0702 	EXP 	show_condition_text: text = 'www'
27.0702 	EXP 	show_condition_text: autoDraw = True
27.0707 	EXP 	New trial (rep=0, index=3): OrderedDict([('word', 'vat')])
27.0872 	EXP 	show_condition_text: autoDraw = False
27.0872 	EXP 	show_condition_text: text = 'vat'
27.0872 	EXP 	show_condition_text: autoDraw = True
27.0877 	EXP 	New trial (rep=0, index=4): OrderedDict([('word', 'custom')])
27.1038 	EXP 	show_condition_text: autoDraw = False
27.1038 	EXP 	show_condition_text: text = 'custom'
27.1038 	EXP 	show_condition_text: autoDraw = True
27.1042 	EXP 	New trial (rep=0, index=5): OrderedDict([('word', 'silent')])
27.1200 	EXP 	show_condition_text: autoDraw = False
27.1200 	EXP 	show_condition_text: text = 'silent'
27.1200 	EXP 	show_condition_text: autoDraw = True
27.1205 	EXP 	New trial (rep=0, index=6): OrderedDict([('word', 'considers')])
27.1368 	EXP 	show_condition_text: autoDraw = False
27.1368 	EXP 	show_condition_text: text = 'considers'
27.1368 	EXP 	show_condition_text: autoDraw = True
27.1373 	EXP 	New trial (rep=0, index=7): OrderedDict([('word', 'smaller')])
27.1530 	EXP 	show_condition_text: autoDraw = False
27.1530 	EXP 	show_condition_text: text = 'smaller'
27.1530 	EXP 	show_condition_text: autoDraw = True
27.1536 	EXP 	New trial (rep=0, index=8): OrderedDict([('word', 'intervention')])
27.1723 	EXP 	show_condition_text: autoDraw = False
27.1723 	EXP 	show_condition_text: text = 'intervention'
27.1723 	EXP 	show_condition_text: autoDraw = True
27.1872 	EXP 	show_condition_text: autoDraw = False
27.1872 	EXP 	show_condition_text: text = '****'
27.1872 	EXP 	show_condition_text: autoDraw = True
27.4017 	DATA 	Keypress: space
27.4205 	EXP 	show_condition_text: autoDraw = False
27.4208 	EXP 	New trial (rep=0, index=5): OrderedDict([('wlist_index', 9)])
27.4240 	EXP 	Imported csvs/9.csv as conditions, 6 conditions, 1 params
27.4244 	EXP 	Created sequence: random, trialTypes=6, nReps=1, seed=None
27.4246 	EXP 	New trial (rep=0, index=0): OrderedDict([('word', 'bitch')])
27.4408 	EXP 	show_condition_text: text = 'bitch'
27.4408 	EXP 	show_condition_text: autoDraw = True
27.4412 	EXP 	New trial (rep=0, index=1): OrderedDict([('word', 'sing')])
27.4706 	EXP 	show_condition_text: autoDraw = False
27.4706 	EXP 	show_condition_text: text = 'sing'
27.4706 	EXP 	show_condition_text: autoDraw = True
27.4710 	EXP 	New trial (rep=0, index=2): OrderedDict([('word', 'stuck')])
27.4872 	EXP 	show_condition_text: autoDraw = False
27.4872 	EXP 	show_condition_text: text = 'stuck'
27.4872 	EXP 	show_condition_text: autoDraw = True
27.4876 	EXP 	New trial (rep=0, index=3): OrderedDict([('word', 'continuing')])
27.5040 	EXP 	show_condition_text: autoDraw = False
27.5040 	EXP 	show_condition_text: text = 'continuing'
27.5040 	EXP 	show_condition_text: autoDraw = True
27.5044 	EXP 	New trial (rep=0, index=4): OrderedDict([('word', 'plane')])
27.5203 	EXP 	show_condition_text: autoDraw = False
27.5203 	EXP 	show_condition_text: text = 'plane'
27.5203 	EXP 	show_condition_text: autoDraw = True
27.5209 	EXP 	New trial (rep=0, index=5): OrderedDict([('word', 'titled')])
27.5378 	EXP 	show_condition_text: autoDraw = False
27.5378 	EXP 	show_condition_text: text = 'titled'
27.5378 	EXP 	show_condition_text: autoDraw = True
27.5537 	EXP 	show_condition_text: autoDraw = False
27.5537 	EXP 	show_condition_text: text = '****'
27.5537 	EXP 	show_condition_text: autoDraw = True
27.9144 	DATA 	Keypress: space
27.9383 	EXP 	show_condition_text: autoDraw = False
27.9390 	EXP 	New trial (rep=0, index=6): OrderedDict([('wlist_index', 27)])
27.9430 	EXP 	Imported csvs/27.csv as conditions, 8 conditions, 1 params
27.9434 	EXP 	Created sequence: random, trialTypes=8, nReps=1, seed=None
27.9436 	EXP 	New trial (rep=0, index=0): OrderedDict([('word', 'oral')])
27.9701 	EXP 	show_condition_text: text = 'oral'
27.9701 	EXP 	show_condition_text: autoDraw = True
27.9707 	EXP 	New trial (rep=0, index=1): OrderedDict([('word', 'douglas')])
27.9893 	EXP 	show_condition_text: autoDraw = False
27.9893 	EXP 	show_condition_text: text = 'douglas'
27.9893 	EXP 	show_condition_text: autoDraw = True
27.9899 	EXP 	New trial (rep=0, index=2): OrderedDict([('word', 'say')])
28.0063 	EXP 	show_condition_text: autoDraw = False
28.0063 	EXP 	show_condition_text: text = 'say'
28.0063 	EXP 	show_condition_text: autoDraw = True
28.0067 	EXP 	New trial (rep=0, index=3): OrderedDict([('word', 'ski')])
28.0235 	EXP 	show_condition_text: autoDraw = False
28.0235 	EXP 	show_condition_text: text = 'ski'
28.0235 	EXP 	show_condition_text: autoDraw = True
28.0239 	EXP 	New trial (rep=0, index=4): OrderedDict([('word', 'him')])
28.0396 	EXP 	show_condition_text: autoDraw = False
28.0396 	EXP 	show_condition_text: text = 'him'
28.0396 	EXP 	show_condition_text: autoDraw = True
28.0400 	EXP 	New trial (rep=0, index=5): OrderedDict([('word', 'unable')])
28.0561 	EXP 	show_condition_text: autoDraw = False
28.0561 	EXP 	show_condition_text: text = 'unable'
28.0561 	EXP 	show_condition_text: autoDraw = True
28.0565 	EXP 	New trial (rep=0, index=6): OrderedDict([('word', 'buyers')])
28.0734 	EXP 	show_condition_text: autoDraw = False
28.0734 	EXP 	show_condition_text: text = 'buyers'
28.0734 	EXP 	show_condition_text: autoDraw = True
28.0739 	EXP 	New trial (rep=0, index=7): OrderedDict([('word', 'safari')])
28.0903 	EXP 	show_condition_text: autoDraw = False
28.0903 	EXP 	show_condition_text: text = 'safari'
28.0903 	EXP 	show_condition_text: autoDraw = True
28.1062 	EXP 	show_condition_text: autoDraw = False
28.1062 	EXP 	show_condition_text: text = '****'
28.1062 	EXP 	show_condition_text: autoDraw = True
28.3893 	DATA 	Keypress: space
28.4046 	EXP 	show_condition_text: autoDraw = False
28.4050 	EXP 	New trial (rep=0, index=7): OrderedDict([('wlist_index', 2)])
28.4077 	EXP 	Imported csvs/2.csv as conditions, 8 conditions, 1 params
28.4080 	EXP 	Created sequence: random, trialTypes=8, nReps=1, seed=None
28.4082 	EXP 	New trial (rep=0, index=0): OrderedDict([('word', 'representation')])
28.4374 	EXP 	show_condition_text: text = 'representation'
28.4374 	EXP 	show_condition_text: autoDraw = True
28.4380 	EXP 	New trial (rep=0, index=1): OrderedDict([('word', 'milfhunter')])
28.4550 	EXP 	show_condition_text: autoDraw = False
28.4550 	EXP 	show_condition_text: text = 'milfhunter'
28.4550 	EXP 	show_condition_text: autoDraw = True
28.4555 	EXP 	New trial (rep=0, index=2): OrderedDict([('word', 'look')])
28.4709 	EXP 	show_condition_text: autoDraw = False
28.4709 	EXP 	show_condition_text: text = 'look'
28.4709 	EXP 	show_condition_text: autoDraw = True
28.4714 	EXP 	New trial (rep=0, index=3): OrderedDict([('word', 'guide')])
28.4876 	EXP 	show_condition_text: autoDraw = False
28.4876 	EXP 	show_condition_text: text = 'guide'
28.4876 	EXP 	show_condition_text: autoDraw = True
28.4881 	EXP 	New trial (rep=0, index=4): OrderedDict([('word', 'xl')])
28.5042 	EXP 	show_condition_text: autoDraw = False
28.5042 	EXP 	show_condition_text: text = 'xl'
28.5042 	EXP 	show_condition_text: autoDraw = True
28.5047 	EXP 	New trial (rep=0, index=5): OrderedDict([('word', 'protected')])
28.5204 	EXP 	show_condition_text: autoDraw = False
28.5204 	EXP 	show_condition_text: text = 'protected'
28.5204 	EXP 	show_condition_text: autoDraw = True
28.5208 	EXP 	New trial (rep=0, index=6): OrderedDict([('word', 'assessed')])
28.5373 	EXP 	show_condition_text: autoDraw = False
28.5373 	EXP 	show_condition_text: text = 'assessed'
28.5373 	EXP 	show_condition_text: autoDraw = True
28.5377 	EXP 	New trial (rep=0, index=7): OrderedDict([('word', 'noble')])
28.5536 	EXP 	show_condition_text: autoDraw = False
28.5536 	EXP 	show_condition_text: text = 'noble'
28.5536 	EXP 	show_condition_text: autoDraw = True
28.5699 	EXP 	show_condition_text: autoDraw = False
28.5699 	EXP 	show_condition_text: text = '****'
28.5699 	EXP 	show_condition_text: autoDraw = True
28.8525 	DATA 	Keypress: space
28.8709 	EXP 	show_condition_text: autoDraw = False
29.1799 	EXP 	window1: mouseVisible = True
