7.0262 	WARNING 	User requested fullscreen with size [1024  768], but screen is actually [1440, 900]. Using actual size
7.7183 	EXP 	Created window1 = Window(allowGUI=False, allowStencil=False, args=UNKNOWN, autoLog=True, bitsMode=UNKNOWN, blendMode='avg', color=array([0., 0., 0.]), colorSpace='rgb', fullscr=<method-wrapper '__getattribute__' of attributeSetter object at 0x131c07908>, gamma=None, gammaErrorPolicy='raise', kwargs=UNKNOWN, lms=UNKNOWN, monitor=<psychopy.monitors.calibTools.Monitor object at 0x133004e48>, multiSample=False, name='window1', numSamples=2, pos=[360.0, 225.0], screen=0, size=array([2880, 1800]), stereo=False, units='height', useFBO=True, useRetina=True, viewOri=0.0, viewPos=None, viewScale=None, waitBlanking=True, winType='pyglet')
7.7184 	EXP 	window1: recordFrameIntervals = False
7.8845 	EXP 	window1: recordFrameIntervals = True
8.0676 	EXP 	window1: recordFrameIntervals = False
8.5636 	EXP 	Created instructions_text = TextStim(__class__=<class 'psychopy.visual.text.TextStim'>, alignHoriz='center', alignVert='center', antialias=True, autoLog=True, bold=False, color='white', colorSpace='named', contrast=1.0, depth=0.0, flipHoriz=False, flipVert=False, font='Arial', fontFiles=[], height=0.1, italic=False, languageStyle='LTR', name='instructions_text', opacity=1.0, ori=0, pos=array([0., 0.]), rgb=array([255., 255., 255.]), text='Welcome!', units='height', win=Window(...), wrapWidth=1)
8.6246 	EXP 	Created show_condition_text = TextStim(__class__=<class 'psychopy.visual.text.TextStim'>, alignHoriz='center', alignVert='center', antialias=True, autoLog=True, bold=False, color='white', colorSpace='named', contrast=1.0, depth=0.0, flipHoriz=False, flipVert=False, font='Arial', fontFiles=[], height=0.1, italic=False, languageStyle='LTR', name='show_condition_text', opacity=1.0, ori=0, pos=array([0., 0.]), rgb=array([255., 255., 255.]), text='default text', units='height', win=Window(...), wrapWidth=1)
8.6511 	EXP 	instructions_text: autoDraw = True
8.6676 	EXP 	instructions_text: autoDraw = True
8.6843 	EXP 	instructions_text: autoDraw = True
8.7011 	EXP 	instructions_text: autoDraw = True
8.7178 	EXP 	instructions_text: autoDraw = True
8.7346 	EXP 	instructions_text: autoDraw = True
8.7513 	EXP 	instructions_text: autoDraw = True
8.7678 	EXP 	instructions_text: autoDraw = True
8.7845 	EXP 	instructions_text: autoDraw = True
8.8015 	EXP 	instructions_text: autoDraw = True
8.8172 	EXP 	instructions_text: autoDraw = True
8.8338 	EXP 	instructions_text: autoDraw = True
8.8511 	EXP 	instructions_text: autoDraw = True
8.8672 	EXP 	instructions_text: autoDraw = True
8.8839 	EXP 	instructions_text: autoDraw = True
8.9005 	EXP 	instructions_text: autoDraw = True
8.9172 	EXP 	instructions_text: autoDraw = True
8.9337 	EXP 	instructions_text: autoDraw = True
8.9512 	EXP 	instructions_text: autoDraw = True
8.9679 	EXP 	instructions_text: autoDraw = True
8.9845 	EXP 	instructions_text: autoDraw = True
9.0013 	EXP 	instructions_text: autoDraw = True
9.0178 	EXP 	instructions_text: autoDraw = True
9.0349 	EXP 	instructions_text: autoDraw = True
9.0515 	EXP 	instructions_text: autoDraw = True
9.0670 	EXP 	instructions_text: autoDraw = True
9.0838 	EXP 	instructions_text: autoDraw = True
9.1014 	EXP 	instructions_text: autoDraw = True
9.1171 	EXP 	instructions_text: autoDraw = True
9.1348 	EXP 	instructions_text: autoDraw = True
9.1507 	EXP 	instructions_text: autoDraw = True
9.1676 	EXP 	instructions_text: autoDraw = True
9.1840 	EXP 	instructions_text: autoDraw = True
9.2012 	EXP 	instructions_text: autoDraw = True
9.2182 	EXP 	instructions_text: autoDraw = True
9.2343 	EXP 	instructions_text: autoDraw = True
9.2512 	EXP 	instructions_text: autoDraw = True
9.2683 	EXP 	instructions_text: autoDraw = True
9.2852 	EXP 	instructions_text: autoDraw = True
9.3015 	EXP 	instructions_text: autoDraw = True
9.3173 	EXP 	instructions_text: autoDraw = True
9.3343 	EXP 	instructions_text: autoDraw = True
9.3514 	EXP 	instructions_text: autoDraw = True
9.3679 	EXP 	instructions_text: autoDraw = True
9.3841 	EXP 	instructions_text: autoDraw = True
9.4010 	EXP 	instructions_text: autoDraw = True
9.4180 	EXP 	instructions_text: autoDraw = True
9.4350 	EXP 	instructions_text: autoDraw = True
9.4515 	EXP 	instructions_text: autoDraw = True
9.4676 	EXP 	instructions_text: autoDraw = True
9.4844 	EXP 	instructions_text: autoDraw = True
9.5018 	EXP 	instructions_text: autoDraw = True
9.5180 	EXP 	instructions_text: autoDraw = True
9.5352 	EXP 	instructions_text: autoDraw = True
9.5508 	EXP 	instructions_text: autoDraw = True
9.5681 	EXP 	instructions_text: autoDraw = True
9.5843 	EXP 	instructions_text: autoDraw = True
9.6014 	EXP 	instructions_text: autoDraw = True
9.6180 	EXP 	instructions_text: autoDraw = True
9.6338 	EXP 	instructions_text: autoDraw = True
9.6512 	EXP 	instructions_text: autoDraw = True
9.6683 	EXP 	instructions_text: autoDraw = True
9.6845 	EXP 	instructions_text: autoDraw = True
9.7015 	EXP 	instructions_text: autoDraw = True
9.7174 	EXP 	instructions_text: autoDraw = True
9.7343 	EXP 	instructions_text: autoDraw = True
9.7512 	EXP 	instructions_text: autoDraw = True
9.7681 	EXP 	instructions_text: autoDraw = True
9.7843 	EXP 	instructions_text: autoDraw = True
9.8009 	EXP 	instructions_text: autoDraw = True
9.8180 	EXP 	instructions_text: autoDraw = True
9.8349 	EXP 	instructions_text: autoDraw = True
9.8510 	EXP 	instructions_text: autoDraw = True
9.8677 	EXP 	instructions_text: autoDraw = True
9.8844 	EXP 	instructions_text: autoDraw = True
9.9016 	EXP 	instructions_text: autoDraw = True
9.9176 	EXP 	instructions_text: autoDraw = True
9.9347 	EXP 	instructions_text: autoDraw = True
9.9507 	EXP 	instructions_text: autoDraw = True
9.9684 	EXP 	instructions_text: autoDraw = True
9.9838 	EXP 	instructions_text: autoDraw = True
10.0012 	EXP 	instructions_text: autoDraw = True
10.0173 	EXP 	instructions_text: autoDraw = True
10.0349 	EXP 	instructions_text: autoDraw = True
10.0514 	EXP 	instructions_text: autoDraw = True
10.0677 	EXP 	instructions_text: autoDraw = True
10.0846 	EXP 	instructions_text: autoDraw = True
10.1017 	EXP 	instructions_text: autoDraw = True
10.1177 	EXP 	instructions_text: autoDraw = True
10.1353 	EXP 	instructions_text: autoDraw = True
10.1517 	EXP 	instructions_text: autoDraw = True
10.1676 	EXP 	instructions_text: autoDraw = True
10.1847 	EXP 	instructions_text: autoDraw = True
10.2007 	EXP 	instructions_text: autoDraw = True
10.2184 	EXP 	instructions_text: autoDraw = True
10.2346 	EXP 	instructions_text: autoDraw = True
10.2518 	EXP 	instructions_text: autoDraw = True
10.2675 	EXP 	instructions_text: autoDraw = True
10.2848 	EXP 	instructions_text: autoDraw = True
10.3007 	EXP 	instructions_text: autoDraw = True
10.3180 	EXP 	instructions_text: autoDraw = True
10.3348 	EXP 	instructions_text: autoDraw = True
10.3508 	EXP 	instructions_text: autoDraw = True
10.3679 	EXP 	instructions_text: autoDraw = True
10.3797 	DATA 	Keypress: space
10.4012 	EXP 	instructions_text: autoDraw = True
10.4184 	EXP 	instructions_text: autoDraw = True
10.4347 	EXP 	instructions_text: autoDraw = True
10.4509 	EXP 	instructions_text: autoDraw = True
10.4679 	EXP 	instructions_text: autoDraw = True
10.4849 	EXP 	instructions_text: autoDraw = True
10.5008 	EXP 	instructions_text: autoDraw = True
10.5178 	EXP 	instructions_text: autoDraw = True
10.5349 	EXP 	instructions_text: autoDraw = True
10.5510 	EXP 	instructions_text: autoDraw = True
10.5680 	EXP 	instructions_text: autoDraw = True
10.5844 	EXP 	instructions_text: autoDraw = False
10.5900 	EXP 	Imported csvs/noise_conditions.csv as conditions, 4 conditions, 1 params
10.5903 	EXP 	Created sequence: random, trialTypes=4, nReps=1, seed=None
10.5905 	EXP 	New trial (rep=0, index=0): OrderedDict([('condition', 1)])
10.5931 	EXP 	Imported csvs/condition_1_wlists_indices.csv as conditions, 8 conditions, 1 params
10.5933 	EXP 	Created sequence: random, trialTypes=8, nReps=1, seed=None
10.5935 	EXP 	New trial (rep=0, index=0): OrderedDict([('wlist_index', 9)])
10.5959 	EXP 	Imported csvs/9.csv as conditions, 6 conditions, 1 params
10.5962 	EXP 	Created sequence: random, trialTypes=6, nReps=1, seed=None
10.5963 	EXP 	New trial (rep=0, index=0): OrderedDict([('word', 'plane')])
10.6178 	EXP 	show_condition_text: text = 'plane'
10.6178 	EXP 	show_condition_text: autoDraw = True
10.6184 	EXP 	New trial (rep=0, index=1): OrderedDict([('word', 'bitch')])
10.6376 	EXP 	show_condition_text: text = 'bitch'
10.6376 	EXP 	show_condition_text: autoDraw = True
10.6382 	EXP 	New trial (rep=0, index=2): OrderedDict([('word', 'stuck')])
10.6675 	EXP 	show_condition_text: text = 'stuck'
10.6675 	EXP 	show_condition_text: autoDraw = True
10.6680 	EXP 	New trial (rep=0, index=3): OrderedDict([('word', 'titled')])
10.6838 	EXP 	show_condition_text: text = 'titled'
10.6838 	EXP 	show_condition_text: autoDraw = True
10.6843 	EXP 	New trial (rep=0, index=4): OrderedDict([('word', 'sing')])
10.7011 	EXP 	show_condition_text: text = 'sing'
10.7011 	EXP 	show_condition_text: autoDraw = True
10.7018 	EXP 	New trial (rep=0, index=5): OrderedDict([('word', 'continuing')])
10.7207 	EXP 	show_condition_text: text = 'continuing'
10.7207 	EXP 	show_condition_text: autoDraw = True
10.7375 	EXP 	show_condition_text: text = '****'
10.7375 	EXP 	show_condition_text: autoDraw = True
11.4736 	DATA 	Keypress: space
11.7374 	EXP 	show_condition_text: autoDraw = False
11.7377 	EXP 	New trial (rep=0, index=1): OrderedDict([('wlist_index', 3)])
11.7406 	EXP 	Imported csvs/3.csv as conditions, 9 conditions, 1 params
11.7408 	EXP 	Created sequence: random, trialTypes=9, nReps=1, seed=None
11.7410 	EXP 	New trial (rep=0, index=0): OrderedDict([('word', 'wow')])
11.7574 	EXP 	show_condition_text: text = 'wow'
11.7574 	EXP 	show_condition_text: autoDraw = True
11.7580 	EXP 	New trial (rep=0, index=1): OrderedDict([('word', 'silent')])
11.7732 	EXP 	show_condition_text: text = 'silent'
11.7732 	EXP 	show_condition_text: autoDraw = True
11.7737 	EXP 	New trial (rep=0, index=2): OrderedDict([('word', 'considers')])
11.8036 	EXP 	show_condition_text: text = 'considers'
11.8036 	EXP 	show_condition_text: autoDraw = True
11.8043 	EXP 	New trial (rep=0, index=3): OrderedDict([('word', 'custom')])
11.8208 	EXP 	show_condition_text: text = 'custom'
11.8208 	EXP 	show_condition_text: autoDraw = True
11.8214 	EXP 	New trial (rep=0, index=4): OrderedDict([('word', 'smaller')])
11.8387 	EXP 	show_condition_text: text = 'smaller'
11.8387 	EXP 	show_condition_text: autoDraw = True
11.8392 	EXP 	New trial (rep=0, index=5): OrderedDict([('word', 'intervention')])
11.8576 	EXP 	show_condition_text: text = 'intervention'
11.8576 	EXP 	show_condition_text: autoDraw = True
11.8583 	EXP 	New trial (rep=0, index=6): OrderedDict([('word', 'knowledgestorm')])
11.8874 	EXP 	show_condition_text: text = 'knowledgestorm'
11.8874 	EXP 	show_condition_text: autoDraw = True
11.8879 	EXP 	New trial (rep=0, index=7): OrderedDict([('word', 'www')])
11.9042 	EXP 	show_condition_text: text = 'www'
11.9042 	EXP 	show_condition_text: autoDraw = True
11.9048 	EXP 	New trial (rep=0, index=8): OrderedDict([('word', 'vat')])
11.9204 	EXP 	show_condition_text: text = 'vat'
11.9204 	EXP 	show_condition_text: autoDraw = True
11.9366 	EXP 	show_condition_text: text = '****'
11.9366 	EXP 	show_condition_text: autoDraw = True
12.3900 	DATA 	Keypress: space
12.6202 	EXP 	show_condition_text: autoDraw = False
12.6206 	EXP 	New trial (rep=0, index=2): OrderedDict([('wlist_index', 12)])
12.6237 	EXP 	Imported csvs/12.csv as conditions, 7 conditions, 1 params
12.6240 	EXP 	Created sequence: random, trialTypes=7, nReps=1, seed=None
12.6242 	EXP 	New trial (rep=0, index=0): OrderedDict([('word', 'powered')])
12.6413 	EXP 	show_condition_text: text = 'powered'
12.6413 	EXP 	show_condition_text: autoDraw = True
12.6418 	EXP 	New trial (rep=0, index=1): OrderedDict([('word', 'bangkok')])
12.6709 	EXP 	show_condition_text: text = 'bangkok'
12.6709 	EXP 	show_condition_text: autoDraw = True
12.6714 	EXP 	New trial (rep=0, index=2): OrderedDict([('word', 'rapid')])
12.6872 	EXP 	show_condition_text: text = 'rapid'
12.6872 	EXP 	show_condition_text: autoDraw = True
12.6877 	EXP 	New trial (rep=0, index=3): OrderedDict([('word', 'shipments')])
12.7042 	EXP 	show_condition_text: text = 'shipments'
12.7042 	EXP 	show_condition_text: autoDraw = True
12.7048 	EXP 	New trial (rep=0, index=4): OrderedDict([('word', 'keyword')])
12.7375 	EXP 	show_condition_text: text = 'keyword'
12.7375 	EXP 	show_condition_text: autoDraw = True
12.7382 	EXP 	New trial (rep=0, index=5): OrderedDict([('word', 'cradle')])
12.7562 	EXP 	show_condition_text: text = 'cradle'
12.7562 	EXP 	show_condition_text: autoDraw = True
12.7568 	EXP 	New trial (rep=0, index=6): OrderedDict([('word', 'latin')])
12.7726 	EXP 	show_condition_text: text = 'latin'
12.7726 	EXP 	show_condition_text: autoDraw = True
12.7885 	EXP 	show_condition_text: text = '****'
12.7885 	EXP 	show_condition_text: autoDraw = True
13.1569 	DATA 	Keypress: space
13.3710 	EXP 	show_condition_text: autoDraw = False
13.3714 	EXP 	New trial (rep=0, index=3): OrderedDict([('wlist_index', 17)])
13.3747 	EXP 	Imported csvs/17.csv as conditions, 10 conditions, 1 params
13.3750 	EXP 	Created sequence: random, trialTypes=10, nReps=1, seed=None
13.3752 	EXP 	New trial (rep=0, index=0): OrderedDict([('word', 'sally')])
13.3915 	EXP 	show_condition_text: text = 'sally'
13.3915 	EXP 	show_condition_text: autoDraw = True
13.3921 	EXP 	New trial (rep=0, index=1): OrderedDict([('word', 'penetration')])
13.4200 	EXP 	show_condition_text: text = 'penetration'
13.4200 	EXP 	show_condition_text: autoDraw = True
13.4206 	EXP 	New trial (rep=0, index=2): OrderedDict([('word', 'scott')])
13.4374 	EXP 	show_condition_text: text = 'scott'
13.4374 	EXP 	show_condition_text: autoDraw = True
13.4380 	EXP 	New trial (rep=0, index=3): OrderedDict([('word', 'potatoes')])
13.4553 	EXP 	show_condition_text: text = 'potatoes'
13.4553 	EXP 	show_condition_text: autoDraw = True
13.4559 	EXP 	New trial (rep=0, index=4): OrderedDict([('word', 'map')])
13.4707 	EXP 	show_condition_text: text = 'map'
13.4707 	EXP 	show_condition_text: autoDraw = True
13.4713 	EXP 	New trial (rep=0, index=5): OrderedDict([('word', 'charging')])
13.4905 	EXP 	show_condition_text: text = 'charging'
13.4905 	EXP 	show_condition_text: autoDraw = True
13.4910 	EXP 	New trial (rep=0, index=6): OrderedDict([('word', 'talent')])
13.5061 	EXP 	show_condition_text: text = 'talent'
13.5061 	EXP 	show_condition_text: autoDraw = True
13.5066 	EXP 	New trial (rep=0, index=7): OrderedDict([('word', 'adaptor')])
13.5227 	EXP 	show_condition_text: text = 'adaptor'
13.5227 	EXP 	show_condition_text: autoDraw = True
13.5233 	EXP 	New trial (rep=0, index=8): OrderedDict([('word', 'accept')])
13.5381 	EXP 	show_condition_text: text = 'accept'
13.5381 	EXP 	show_condition_text: autoDraw = True
13.5386 	EXP 	New trial (rep=0, index=9): OrderedDict([('word', 'places')])
13.5542 	EXP 	show_condition_text: text = 'places'
13.5542 	EXP 	show_condition_text: autoDraw = True
13.5704 	EXP 	show_condition_text: text = '****'
13.5704 	EXP 	show_condition_text: autoDraw = True
13.9733 	DATA 	Keypress: space
14.1539 	EXP 	show_condition_text: autoDraw = False
14.1542 	EXP 	New trial (rep=0, index=4): OrderedDict([('wlist_index', 2)])
14.1573 	EXP 	Imported csvs/2.csv as conditions, 8 conditions, 1 params
14.1576 	EXP 	Created sequence: random, trialTypes=8, nReps=1, seed=None
14.1578 	EXP 	New trial (rep=0, index=0): OrderedDict([('word', 'assessed')])
14.1870 	EXP 	show_condition_text: text = 'assessed'
14.1870 	EXP 	show_condition_text: autoDraw = True
14.1876 	EXP 	New trial (rep=0, index=1): OrderedDict([('word', 'milfhunter')])
14.2047 	EXP 	show_condition_text: text = 'milfhunter'
14.2047 	EXP 	show_condition_text: autoDraw = True
14.2053 	EXP 	New trial (rep=0, index=2): OrderedDict([('word', 'guide')])
14.2206 	EXP 	show_condition_text: text = 'guide'
14.2206 	EXP 	show_condition_text: autoDraw = True
14.2210 	EXP 	New trial (rep=0, index=3): OrderedDict([('word', 'protected')])
14.2375 	EXP 	show_condition_text: text = 'protected'
14.2375 	EXP 	show_condition_text: autoDraw = True
14.2380 	EXP 	New trial (rep=0, index=4): OrderedDict([('word', 'noble')])
14.2533 	EXP 	show_condition_text: text = 'noble'
14.2533 	EXP 	show_condition_text: autoDraw = True
14.2539 	EXP 	New trial (rep=0, index=5): OrderedDict([('word', 'representation')])
14.2734 	EXP 	show_condition_text: text = 'representation'
14.2734 	EXP 	show_condition_text: autoDraw = True
14.2740 	EXP 	New trial (rep=0, index=6): OrderedDict([('word', 'xl')])
14.2879 	EXP 	show_condition_text: text = 'xl'
14.2879 	EXP 	show_condition_text: autoDraw = True
14.2885 	EXP 	New trial (rep=0, index=7): OrderedDict([('word', 'look')])
14.3031 	EXP 	show_condition_text: text = 'look'
14.3031 	EXP 	show_condition_text: autoDraw = True
14.3205 	EXP 	show_condition_text: text = '****'
14.3205 	EXP 	show_condition_text: autoDraw = True
14.7230 	DATA 	Keypress: space
14.9207 	EXP 	show_condition_text: autoDraw = False
14.9212 	EXP 	New trial (rep=0, index=5): OrderedDict([('wlist_index', 13)])
14.9244 	EXP 	Imported csvs/13.csv as conditions, 7 conditions, 1 params
14.9247 	EXP 	Created sequence: random, trialTypes=7, nReps=1, seed=None
14.9249 	EXP 	New trial (rep=0, index=0): OrderedDict([('word', 'poems')])
14.9414 	EXP 	show_condition_text: text = 'poems'
14.9414 	EXP 	show_condition_text: autoDraw = True
14.9419 	EXP 	New trial (rep=0, index=1): OrderedDict([('word', 'guild')])
14.9581 	EXP 	show_condition_text: text = 'guild'
14.9581 	EXP 	show_condition_text: autoDraw = True
14.9588 	EXP 	New trial (rep=0, index=2): OrderedDict([('word', 'complications')])
14.9874 	EXP 	show_condition_text: text = 'complications'
14.9874 	EXP 	show_condition_text: autoDraw = True
14.9880 	EXP 	New trial (rep=0, index=3): OrderedDict([('word', 'township')])
15.0065 	EXP 	show_condition_text: text = 'township'
15.0065 	EXP 	show_condition_text: autoDraw = True
15.0070 	EXP 	New trial (rep=0, index=4): OrderedDict([('word', 'scanned')])
15.0237 	EXP 	show_condition_text: text = 'scanned'
15.0237 	EXP 	show_condition_text: autoDraw = True
15.0242 	EXP 	New trial (rep=0, index=5): OrderedDict([('word', 'deaths')])
15.0401 	EXP 	show_condition_text: text = 'deaths'
15.0401 	EXP 	show_condition_text: autoDraw = True
15.0407 	EXP 	New trial (rep=0, index=6): OrderedDict([('word', 'measures')])
15.0707 	EXP 	show_condition_text: text = 'measures'
15.0707 	EXP 	show_condition_text: autoDraw = True
15.0866 	EXP 	show_condition_text: text = '****'
15.0866 	EXP 	show_condition_text: autoDraw = True
15.5061 	DATA 	Keypress: space
15.7042 	EXP 	show_condition_text: autoDraw = False
15.7047 	EXP 	New trial (rep=0, index=6): OrderedDict([('wlist_index', 27)])
15.7079 	EXP 	Imported csvs/27.csv as conditions, 8 conditions, 1 params
15.7082 	EXP 	Created sequence: random, trialTypes=8, nReps=1, seed=None
15.7084 	EXP 	New trial (rep=0, index=0): OrderedDict([('word', 'unable')])
15.7233 	EXP 	show_condition_text: text = 'unable'
15.7233 	EXP 	show_condition_text: autoDraw = True
15.7238 	EXP 	New trial (rep=0, index=1): OrderedDict([('word', 'douglas')])
15.7410 	EXP 	show_condition_text: text = 'douglas'
15.7410 	EXP 	show_condition_text: autoDraw = True
15.7415 	EXP 	New trial (rep=0, index=2): OrderedDict([('word', 'say')])
15.7571 	EXP 	show_condition_text: text = 'say'
15.7571 	EXP 	show_condition_text: autoDraw = True
15.7577 	EXP 	New trial (rep=0, index=3): OrderedDict([('word', 'him')])
15.7744 	EXP 	show_condition_text: text = 'him'
15.7744 	EXP 	show_condition_text: autoDraw = True
15.7753 	EXP 	New trial (rep=0, index=4): OrderedDict([('word', 'safari')])
15.8043 	EXP 	show_condition_text: text = 'safari'
15.8043 	EXP 	show_condition_text: autoDraw = True
15.8049 	EXP 	New trial (rep=0, index=5): OrderedDict([('word', 'buyers')])
15.8232 	EXP 	show_condition_text: text = 'buyers'
15.8232 	EXP 	show_condition_text: autoDraw = True
15.8239 	EXP 	New trial (rep=0, index=6): OrderedDict([('word', 'ski')])
15.8391 	EXP 	show_condition_text: text = 'ski'
15.8391 	EXP 	show_condition_text: autoDraw = True
15.8397 	EXP 	New trial (rep=0, index=7): OrderedDict([('word', 'oral')])
15.8561 	EXP 	show_condition_text: text = 'oral'
15.8561 	EXP 	show_condition_text: autoDraw = True
15.8713 	EXP 	show_condition_text: text = '****'
15.8713 	EXP 	show_condition_text: autoDraw = True
16.3577 	DATA 	Keypress: space
16.5373 	EXP 	show_condition_text: autoDraw = False
16.5378 	EXP 	New trial (rep=0, index=7): OrderedDict([('wlist_index', 31)])
16.5412 	EXP 	Imported csvs/31.csv as conditions, 8 conditions, 1 params
16.5415 	EXP 	Created sequence: random, trialTypes=8, nReps=1, seed=None
16.5417 	EXP 	New trial (rep=0, index=0): OrderedDict([('word', 'phenomenon')])
16.5699 	EXP 	show_condition_text: text = 'phenomenon'
16.5699 	EXP 	show_condition_text: autoDraw = True
16.5705 	EXP 	New trial (rep=0, index=1): OrderedDict([('word', 'reverse')])
16.5877 	EXP 	show_condition_text: text = 'reverse'
16.5877 	EXP 	show_condition_text: autoDraw = True
16.5882 	EXP 	New trial (rep=0, index=2): OrderedDict([('word', 'watson')])
16.6037 	EXP 	show_condition_text: text = 'watson'
16.6037 	EXP 	show_condition_text: autoDraw = True
16.6042 	EXP 	New trial (rep=0, index=3): OrderedDict([('word', 'usd')])
16.6225 	EXP 	show_condition_text: text = 'usd'
16.6225 	EXP 	show_condition_text: autoDraw = True
16.6233 	EXP 	New trial (rep=0, index=4): OrderedDict([('word', 'humanitarian')])
16.6418 	EXP 	show_condition_text: text = 'humanitarian'
16.6418 	EXP 	show_condition_text: autoDraw = True
16.6423 	EXP 	New trial (rep=0, index=5): OrderedDict([('word', 'incest')])
16.6701 	EXP 	show_condition_text: text = 'incest'
16.6701 	EXP 	show_condition_text: autoDraw = True
16.6707 	EXP 	New trial (rep=0, index=6): OrderedDict([('word', 'gi')])
16.6875 	EXP 	show_condition_text: text = 'gi'
16.6875 	EXP 	show_condition_text: autoDraw = True
16.6880 	EXP 	New trial (rep=0, index=7): OrderedDict([('word', 'act')])
16.7037 	EXP 	show_condition_text: text = 'act'
16.7037 	EXP 	show_condition_text: autoDraw = True
16.7202 	EXP 	show_condition_text: text = '****'
16.7202 	EXP 	show_condition_text: autoDraw = True
17.1226 	DATA 	Keypress: space
17.3201 	EXP 	show_condition_text: autoDraw = False
17.3206 	EXP 	New trial (rep=0, index=1): OrderedDict([('condition', 3)])
17.3238 	EXP 	Imported csvs/condition_3_wlists_indices.csv as conditions, 8 conditions, 1 params
17.3241 	EXP 	Created sequence: random, trialTypes=8, nReps=1, seed=None
17.3244 	EXP 	New trial (rep=0, index=0): OrderedDict([('wlist_index', 22)])
17.3281 	EXP 	Imported csvs/22.csv as conditions, 10 conditions, 1 params
17.3284 	EXP 	Created sequence: random, trialTypes=10, nReps=1, seed=None
17.3286 	EXP 	New trial (rep=0, index=0): OrderedDict([('word', 'away')])
17.3542 	EXP 	show_condition_text: text = 'away'
17.3542 	EXP 	show_condition_text: autoDraw = True
17.3549 	EXP 	New trial (rep=0, index=1): OrderedDict([('word', 'rarely')])
17.3732 	EXP 	show_condition_text: text = 'rarely'
17.3732 	EXP 	show_condition_text: autoDraw = True
17.3742 	EXP 	New trial (rep=0, index=2): OrderedDict([('word', 'sophisticated')])
17.4034 	EXP 	show_condition_text: text = 'sophisticated'
17.4034 	EXP 	show_condition_text: autoDraw = True
17.4042 	EXP 	New trial (rep=0, index=3): OrderedDict([('word', 'gotten')])
17.4203 	EXP 	show_condition_text: text = 'gotten'
17.4203 	EXP 	show_condition_text: autoDraw = True
17.4209 	EXP 	New trial (rep=0, index=4): OrderedDict([('word', 'athletics')])
17.4393 	EXP 	show_condition_text: text = 'athletics'
17.4393 	EXP 	show_condition_text: autoDraw = True
17.4399 	EXP 	New trial (rep=0, index=5): OrderedDict([('word', 'secret')])
17.4578 	EXP 	show_condition_text: text = 'secret'
17.4578 	EXP 	show_condition_text: autoDraw = True
17.4584 	EXP 	New trial (rep=0, index=6): OrderedDict([('word', 'marina')])
17.4749 	EXP 	show_condition_text: text = 'marina'
17.4749 	EXP 	show_condition_text: autoDraw = True
17.4755 	EXP 	New trial (rep=0, index=7): OrderedDict([('word', 'detective')])
17.5036 	EXP 	show_condition_text: text = 'detective'
17.5036 	EXP 	show_condition_text: autoDraw = True
17.5043 	EXP 	New trial (rep=0, index=8): OrderedDict([('word', 'missions')])
17.5205 	EXP 	show_condition_text: text = 'missions'
17.5205 	EXP 	show_condition_text: autoDraw = True
17.5210 	EXP 	New trial (rep=0, index=9): OrderedDict([('word', 'es')])
17.5367 	EXP 	show_condition_text: text = 'es'
17.5367 	EXP 	show_condition_text: autoDraw = True
17.5533 	EXP 	show_condition_text: text = '****'
17.5533 	EXP 	show_condition_text: autoDraw = True
17.8235 	DATA 	Keypress: space
18.0374 	EXP 	show_condition_text: autoDraw = False
18.0378 	EXP 	New trial (rep=0, index=1): OrderedDict([('wlist_index', 28)])
18.0414 	EXP 	Imported csvs/28.csv as conditions, 6 conditions, 1 params
18.0417 	EXP 	Created sequence: random, trialTypes=6, nReps=1, seed=None
18.0419 	EXP 	New trial (rep=0, index=0): OrderedDict([('word', 'regardless')])
18.0709 	EXP 	show_condition_text: text = 'regardless'
18.0709 	EXP 	show_condition_text: autoDraw = True
18.0715 	EXP 	New trial (rep=0, index=1): OrderedDict([('word', 'anthropology')])
18.0886 	EXP 	show_condition_text: text = 'anthropology'
18.0886 	EXP 	show_condition_text: autoDraw = True
18.0901 	EXP 	New trial (rep=0, index=2): OrderedDict([('word', 'make')])
18.1071 	EXP 	show_condition_text: text = 'make'
18.1071 	EXP 	show_condition_text: autoDraw = True
18.1077 	EXP 	New trial (rep=0, index=3): OrderedDict([('word', 'figure')])
18.1367 	EXP 	show_condition_text: text = 'figure'
18.1367 	EXP 	show_condition_text: autoDraw = True
18.1373 	EXP 	New trial (rep=0, index=4): OrderedDict([('word', 'separately')])
18.1560 	EXP 	show_condition_text: text = 'separately'
18.1560 	EXP 	show_condition_text: autoDraw = True
18.1566 	EXP 	New trial (rep=0, index=5): OrderedDict([('word', 'biography')])
18.1741 	EXP 	show_condition_text: text = 'biography'
18.1741 	EXP 	show_condition_text: autoDraw = True
18.1905 	EXP 	show_condition_text: text = '****'
18.1905 	EXP 	show_condition_text: autoDraw = True
18.4560 	DATA 	Keypress: space
18.6706 	EXP 	show_condition_text: autoDraw = False
18.6711 	EXP 	New trial (rep=0, index=2): OrderedDict([('wlist_index', 32)])
18.6744 	EXP 	Imported csvs/32.csv as conditions, 5 conditions, 1 params
18.6747 	EXP 	Created sequence: random, trialTypes=5, nReps=1, seed=None
18.6749 	EXP 	New trial (rep=0, index=0): OrderedDict([('word', 'ranks')])
18.7037 	EXP 	show_condition_text: text = 'ranks'
18.7037 	EXP 	show_condition_text: autoDraw = True
18.7045 	EXP 	New trial (rep=0, index=1): OrderedDict([('word', 'jamaica')])
18.7231 	EXP 	show_condition_text: text = 'jamaica'
18.7231 	EXP 	show_condition_text: autoDraw = True
18.7238 	EXP 	New trial (rep=0, index=2): OrderedDict([('word', 'declared')])
18.7411 	EXP 	show_condition_text: text = 'declared'
18.7411 	EXP 	show_condition_text: autoDraw = True
18.7417 	EXP 	New trial (rep=0, index=3): OrderedDict([('word', 'transport')])
18.7708 	EXP 	show_condition_text: text = 'transport'
18.7708 	EXP 	show_condition_text: autoDraw = True
18.7714 	EXP 	New trial (rep=0, index=4): OrderedDict([('word', 'feedback')])
18.7876 	EXP 	show_condition_text: text = 'feedback'
18.7876 	EXP 	show_condition_text: autoDraw = True
18.8041 	EXP 	show_condition_text: text = '****'
18.8041 	EXP 	show_condition_text: autoDraw = True
19.0897 	DATA 	Keypress: space
19.2695 	EXP 	show_condition_text: autoDraw = False
19.2702 	EXP 	New trial (rep=0, index=3): OrderedDict([('wlist_index', 11)])
19.2734 	EXP 	Imported csvs/11.csv as conditions, 11 conditions, 1 params
19.2738 	EXP 	Created sequence: random, trialTypes=11, nReps=1, seed=None
19.2741 	EXP 	New trial (rep=0, index=0): OrderedDict([('word', 'boom')])
19.2891 	EXP 	show_condition_text: text = 'boom'
19.2891 	EXP 	show_condition_text: autoDraw = True
19.2899 	EXP 	New trial (rep=0, index=1): OrderedDict([('word', 'security')])
19.3205 	EXP 	show_condition_text: text = 'security'
19.3205 	EXP 	show_condition_text: autoDraw = True
19.3210 	EXP 	New trial (rep=0, index=2): OrderedDict([('word', 'throwing')])
19.3392 	EXP 	show_condition_text: text = 'throwing'
19.3392 	EXP 	show_condition_text: autoDraw = True
19.3398 	EXP 	New trial (rep=0, index=3): OrderedDict([('word', 'trigger')])
19.3575 	EXP 	show_condition_text: text = 'trigger'
19.3575 	EXP 	show_condition_text: autoDraw = True
19.3581 	EXP 	New trial (rep=0, index=4): OrderedDict([('word', 'gender')])
19.3867 	EXP 	show_condition_text: text = 'gender'
19.3867 	EXP 	show_condition_text: autoDraw = True
19.3875 	EXP 	New trial (rep=0, index=5): OrderedDict([('word', 'events')])
19.4058 	EXP 	show_condition_text: text = 'events'
19.4058 	EXP 	show_condition_text: autoDraw = True
19.4063 	EXP 	New trial (rep=0, index=6): OrderedDict([('word', 'resorts')])
19.4251 	EXP 	show_condition_text: text = 'resorts'
19.4251 	EXP 	show_condition_text: autoDraw = True
19.4256 	EXP 	New trial (rep=0, index=7): OrderedDict([('word', 'satisfactory')])
19.4533 	EXP 	show_condition_text: text = 'satisfactory'
19.4533 	EXP 	show_condition_text: autoDraw = True
19.4539 	EXP 	New trial (rep=0, index=8): OrderedDict([('word', 'remarkable')])
19.4722 	EXP 	show_condition_text: text = 'remarkable'
19.4722 	EXP 	show_condition_text: autoDraw = True
19.4728 	EXP 	New trial (rep=0, index=9): OrderedDict([('word', 'sad')])
19.4871 	EXP 	show_condition_text: text = 'sad'
19.4871 	EXP 	show_condition_text: autoDraw = True
19.4876 	EXP 	New trial (rep=0, index=10): OrderedDict([('word', 'transparent')])
19.5064 	EXP 	show_condition_text: text = 'transparent'
19.5064 	EXP 	show_condition_text: autoDraw = True
19.5212 	EXP 	show_condition_text: text = '****'
19.5212 	EXP 	show_condition_text: autoDraw = True
19.6899 	DATA 	Keypress: space
19.8712 	EXP 	show_condition_text: autoDraw = False
19.8716 	EXP 	New trial (rep=0, index=4): OrderedDict([('wlist_index', 1)])
19.8750 	EXP 	Imported csvs/1.csv as conditions, 11 conditions, 1 params
19.8753 	EXP 	Created sequence: random, trialTypes=11, nReps=1, seed=None
19.8755 	EXP 	New trial (rep=0, index=0): OrderedDict([('word', 'lists')])
19.9036 	EXP 	show_condition_text: text = 'lists'
19.9036 	EXP 	show_condition_text: autoDraw = True
19.9043 	EXP 	New trial (rep=0, index=1): OrderedDict([('word', 'apartment')])
19.9216 	EXP 	show_condition_text: text = 'apartment'
19.9216 	EXP 	show_condition_text: autoDraw = True
19.9221 	EXP 	New trial (rep=0, index=2): OrderedDict([('word', 'coins')])
19.9379 	EXP 	show_condition_text: text = 'coins'
19.9379 	EXP 	show_condition_text: autoDraw = True
19.9385 	EXP 	New trial (rep=0, index=3): OrderedDict([('word', 'jackie')])
19.9564 	EXP 	show_condition_text: text = 'jackie'
19.9564 	EXP 	show_condition_text: autoDraw = True
19.9570 	EXP 	New trial (rep=0, index=4): OrderedDict([('word', 'optimal')])
19.9729 	EXP 	show_condition_text: text = 'optimal'
19.9729 	EXP 	show_condition_text: autoDraw = True
19.9734 	EXP 	New trial (rep=0, index=5): OrderedDict([('word', 'ion')])
19.9873 	EXP 	show_condition_text: text = 'ion'
19.9873 	EXP 	show_condition_text: autoDraw = True
19.9879 	EXP 	New trial (rep=0, index=6): OrderedDict([('word', 'owns')])
20.0040 	EXP 	show_condition_text: text = 'owns'
20.0040 	EXP 	show_condition_text: autoDraw = True
20.0045 	EXP 	New trial (rep=0, index=7): OrderedDict([('word', 'aspnet')])
20.0212 	EXP 	show_condition_text: text = 'aspnet'
20.0212 	EXP 	show_condition_text: autoDraw = True
20.0218 	EXP 	New trial (rep=0, index=8): OrderedDict([('word', 'page')])
20.0377 	EXP 	show_condition_text: text = 'page'
20.0377 	EXP 	show_condition_text: autoDraw = True
20.0385 	EXP 	New trial (rep=0, index=9): OrderedDict([('word', 'dp')])
20.0542 	EXP 	show_condition_text: text = 'dp'
20.0542 	EXP 	show_condition_text: autoDraw = True
20.0548 	EXP 	New trial (rep=0, index=10): OrderedDict([('word', 'informative')])
20.0735 	EXP 	show_condition_text: text = 'informative'
20.0735 	EXP 	show_condition_text: autoDraw = True
20.0890 	EXP 	show_condition_text: text = '****'
20.0890 	EXP 	show_condition_text: autoDraw = True
20.3567 	DATA 	Keypress: space
20.5541 	EXP 	show_condition_text: autoDraw = False
20.5547 	EXP 	New trial (rep=0, index=5): OrderedDict([('wlist_index', 15)])
20.5585 	EXP 	Imported csvs/15.csv as conditions, 8 conditions, 1 params
20.5589 	EXP 	Created sequence: random, trialTypes=8, nReps=1, seed=None
20.5591 	EXP 	New trial (rep=0, index=0): OrderedDict([('word', 'harrison')])
20.5873 	EXP 	show_condition_text: text = 'harrison'
20.5873 	EXP 	show_condition_text: autoDraw = True
20.5879 	EXP 	New trial (rep=0, index=1): OrderedDict([('word', 'irc')])
20.6033 	EXP 	show_condition_text: text = 'irc'
20.6033 	EXP 	show_condition_text: autoDraw = True
20.6038 	EXP 	New trial (rep=0, index=2): OrderedDict([('word', 'traditions')])
20.6209 	EXP 	show_condition_text: text = 'traditions'
20.6209 	EXP 	show_condition_text: autoDraw = True
20.6215 	EXP 	New trial (rep=0, index=3): OrderedDict([('word', 'feels')])
20.6371 	EXP 	show_condition_text: text = 'feels'
20.6371 	EXP 	show_condition_text: autoDraw = True
20.6377 	EXP 	New trial (rep=0, index=4): OrderedDict([('word', 'farmers')])
20.6547 	EXP 	show_condition_text: text = 'farmers'
20.6547 	EXP 	show_condition_text: autoDraw = True
20.6553 	EXP 	New trial (rep=0, index=5): OrderedDict([('word', 'burn')])
20.6713 	EXP 	show_condition_text: text = 'burn'
20.6713 	EXP 	show_condition_text: autoDraw = True
20.6720 	EXP 	New trial (rep=0, index=6): OrderedDict([('word', 'seem')])
20.6878 	EXP 	show_condition_text: text = 'seem'
20.6878 	EXP 	show_condition_text: autoDraw = True
20.6884 	EXP 	New trial (rep=0, index=7): OrderedDict([('word', 'netherlands')])
20.7074 	EXP 	show_condition_text: text = 'netherlands'
20.7074 	EXP 	show_condition_text: autoDraw = True
20.7234 	EXP 	show_condition_text: text = '****'
20.7234 	EXP 	show_condition_text: autoDraw = True
21.0236 	DATA 	Keypress: space
21.1870 	EXP 	show_condition_text: autoDraw = False
21.1874 	EXP 	New trial (rep=0, index=6): OrderedDict([('wlist_index', 30)])
21.1910 	EXP 	Imported csvs/30.csv as conditions, 9 conditions, 1 params
21.1913 	EXP 	Created sequence: random, trialTypes=9, nReps=1, seed=None
21.1915 	EXP 	New trial (rep=0, index=0): OrderedDict([('word', 'inter')])
21.2071 	EXP 	show_condition_text: text = 'inter'
21.2071 	EXP 	show_condition_text: autoDraw = True
21.2078 	EXP 	New trial (rep=0, index=1): OrderedDict([('word', 'joshua')])
21.2377 	EXP 	show_condition_text: text = 'joshua'
21.2377 	EXP 	show_condition_text: autoDraw = True
21.2384 	EXP 	New trial (rep=0, index=2): OrderedDict([('word', 'acm')])
21.2542 	EXP 	show_condition_text: text = 'acm'
21.2542 	EXP 	show_condition_text: autoDraw = True
21.2548 	EXP 	New trial (rep=0, index=3): OrderedDict([('word', 'engage')])
21.2709 	EXP 	show_condition_text: text = 'engage'
21.2709 	EXP 	show_condition_text: autoDraw = True
21.2714 	EXP 	New trial (rep=0, index=4): OrderedDict([('word', 'sat')])
21.2875 	EXP 	show_condition_text: text = 'sat'
21.2875 	EXP 	show_condition_text: autoDraw = True
21.2881 	EXP 	New trial (rep=0, index=5): OrderedDict([('word', 'carry')])
21.3041 	EXP 	show_condition_text: text = 'carry'
21.3041 	EXP 	show_condition_text: autoDraw = True
21.3047 	EXP 	New trial (rep=0, index=6): OrderedDict([('word', 'parts')])
21.3214 	EXP 	show_condition_text: text = 'parts'
21.3214 	EXP 	show_condition_text: autoDraw = True
21.3219 	EXP 	New trial (rep=0, index=7): OrderedDict([('word', 'charger')])
21.3407 	EXP 	show_condition_text: text = 'charger'
21.3407 	EXP 	show_condition_text: autoDraw = True
21.3413 	EXP 	New trial (rep=0, index=8): OrderedDict([('word', 'eos')])
21.3573 	EXP 	show_condition_text: text = 'eos'
21.3573 	EXP 	show_condition_text: autoDraw = True
21.3733 	EXP 	show_condition_text: text = '****'
21.3733 	EXP 	show_condition_text: autoDraw = True
21.6397 	DATA 	Keypress: space
21.8367 	EXP 	show_condition_text: autoDraw = False
21.8373 	EXP 	New trial (rep=0, index=7): OrderedDict([('wlist_index', 29)])
21.8403 	EXP 	Imported csvs/29.csv as conditions, 10 conditions, 1 params
21.8406 	EXP 	Created sequence: random, trialTypes=10, nReps=1, seed=None
21.8408 	EXP 	New trial (rep=0, index=0): OrderedDict([('word', 'plugin')])
21.8578 	EXP 	show_condition_text: text = 'plugin'
21.8578 	EXP 	show_condition_text: autoDraw = True
21.8584 	EXP 	New trial (rep=0, index=1): OrderedDict([('word', 'if')])
21.8729 	EXP 	show_condition_text: text = 'if'
21.8729 	EXP 	show_condition_text: autoDraw = True
21.8736 	EXP 	New trial (rep=0, index=2): OrderedDict([('word', 'listed')])
21.8908 	EXP 	show_condition_text: text = 'listed'
21.8908 	EXP 	show_condition_text: autoDraw = True
21.8912 	EXP 	New trial (rep=0, index=3): OrderedDict([('word', 'brass')])
21.9080 	EXP 	show_condition_text: text = 'brass'
21.9080 	EXP 	show_condition_text: autoDraw = True
21.9085 	EXP 	New trial (rep=0, index=4): OrderedDict([('word', 'patio')])
21.9234 	EXP 	show_condition_text: text = 'patio'
21.9234 	EXP 	show_condition_text: autoDraw = True
21.9240 	EXP 	New trial (rep=0, index=5): OrderedDict([('word', 'ferrari')])
21.9421 	EXP 	show_condition_text: text = 'ferrari'
21.9421 	EXP 	show_condition_text: autoDraw = True
21.9426 	EXP 	New trial (rep=0, index=6): OrderedDict([('word', 'sand')])
21.9580 	EXP 	show_condition_text: text = 'sand'
21.9580 	EXP 	show_condition_text: autoDraw = True
21.9585 	EXP 	New trial (rep=0, index=7): OrderedDict([('word', 'docs')])
21.9740 	EXP 	show_condition_text: text = 'docs'
21.9740 	EXP 	show_condition_text: autoDraw = True
21.9746 	EXP 	New trial (rep=0, index=8): OrderedDict([('word', 'taxation')])
21.9898 	EXP 	show_condition_text: text = 'taxation'
21.9898 	EXP 	show_condition_text: autoDraw = True
21.9903 	EXP 	New trial (rep=0, index=9): OrderedDict([('word', 'modifications')])
22.0071 	EXP 	show_condition_text: text = 'modifications'
22.0071 	EXP 	show_condition_text: autoDraw = True
22.0225 	EXP 	show_condition_text: text = '****'
22.0225 	EXP 	show_condition_text: autoDraw = True
22.2737 	DATA 	Keypress: space
22.4710 	EXP 	show_condition_text: autoDraw = False
22.4714 	EXP 	New trial (rep=0, index=2): OrderedDict([('condition', 4)])
22.4745 	EXP 	Imported csvs/condition_4_wlists_indices.csv as conditions, 8 conditions, 1 params
22.4748 	EXP 	Created sequence: random, trialTypes=8, nReps=1, seed=None
22.4750 	EXP 	New trial (rep=0, index=0): OrderedDict([('wlist_index', 5)])
22.4776 	EXP 	Imported csvs/5.csv as conditions, 7 conditions, 1 params
22.4779 	EXP 	Created sequence: random, trialTypes=7, nReps=1, seed=None
22.4781 	EXP 	New trial (rep=0, index=0): OrderedDict([('word', 'charitable')])
22.5039 	EXP 	show_condition_text: text = 'charitable'
22.5039 	EXP 	show_condition_text: autoDraw = True
22.5047 	EXP 	New trial (rep=0, index=1): OrderedDict([('word', 'physics')])
22.5226 	EXP 	show_condition_text: text = 'physics'
22.5226 	EXP 	show_condition_text: autoDraw = True
22.5232 	EXP 	New trial (rep=0, index=2): OrderedDict([('word', 'mediterranean')])
22.5407 	EXP 	show_condition_text: text = 'mediterranean'
22.5407 	EXP 	show_condition_text: autoDraw = True
22.5415 	EXP 	New trial (rep=0, index=3): OrderedDict([('word', 'acceptance')])
22.5699 	EXP 	show_condition_text: text = 'acceptance'
22.5699 	EXP 	show_condition_text: autoDraw = True
22.5705 	EXP 	New trial (rep=0, index=4): OrderedDict([('word', 'access')])
22.5865 	EXP 	show_condition_text: text = 'access'
22.5865 	EXP 	show_condition_text: autoDraw = True
22.5870 	EXP 	New trial (rep=0, index=5): OrderedDict([('word', 'typically')])
22.6044 	EXP 	show_condition_text: text = 'typically'
22.6044 	EXP 	show_condition_text: autoDraw = True
22.6052 	EXP 	New trial (rep=0, index=6): OrderedDict([('word', 'specialties')])
22.6232 	EXP 	show_condition_text: text = 'specialties'
22.6232 	EXP 	show_condition_text: autoDraw = True
22.6398 	EXP 	show_condition_text: text = '****'
22.6398 	EXP 	show_condition_text: autoDraw = True
22.9073 	DATA 	Keypress: space
23.1204 	EXP 	show_condition_text: autoDraw = False
23.1209 	EXP 	New trial (rep=0, index=1): OrderedDict([('wlist_index', 24)])
23.1245 	EXP 	Imported csvs/24.csv as conditions, 8 conditions, 1 params
23.1249 	EXP 	Created sequence: random, trialTypes=8, nReps=1, seed=None
23.1251 	EXP 	New trial (rep=0, index=0): OrderedDict([('word', 'grab')])
23.1414 	EXP 	show_condition_text: text = 'grab'
23.1414 	EXP 	show_condition_text: autoDraw = True
23.1419 	EXP 	New trial (rep=0, index=1): OrderedDict([('word', 'cabinets')])
23.1705 	EXP 	show_condition_text: text = 'cabinets'
23.1705 	EXP 	show_condition_text: autoDraw = True
23.1711 	EXP 	New trial (rep=0, index=2): OrderedDict([('word', 'technologies')])
23.1898 	EXP 	show_condition_text: text = 'technologies'
23.1898 	EXP 	show_condition_text: autoDraw = True
23.1903 	EXP 	New trial (rep=0, index=3): OrderedDict([('word', 'general')])
23.2069 	EXP 	show_condition_text: text = 'general'
23.2069 	EXP 	show_condition_text: autoDraw = True
23.2074 	EXP 	New trial (rep=0, index=4): OrderedDict([('word', 'albany')])
23.2235 	EXP 	show_condition_text: text = 'albany'
23.2235 	EXP 	show_condition_text: autoDraw = True
23.2241 	EXP 	New trial (rep=0, index=5): OrderedDict([('word', 'bit')])
23.2382 	EXP 	show_condition_text: text = 'bit'
23.2382 	EXP 	show_condition_text: autoDraw = True
23.2388 	EXP 	New trial (rep=0, index=6): OrderedDict([('word', 'everyone')])
23.2574 	EXP 	show_condition_text: text = 'everyone'
23.2574 	EXP 	show_condition_text: autoDraw = True
23.2579 	EXP 	New trial (rep=0, index=7): OrderedDict([('word', 'listening')])
23.2749 	EXP 	show_condition_text: text = 'listening'
23.2749 	EXP 	show_condition_text: autoDraw = True
23.2905 	EXP 	show_condition_text: text = '****'
23.2905 	EXP 	show_condition_text: autoDraw = True
23.5571 	DATA 	Keypress: space
23.7204 	EXP 	show_condition_text: autoDraw = False
23.7208 	EXP 	New trial (rep=0, index=2): OrderedDict([('wlist_index', 14)])
23.7243 	EXP 	Imported csvs/14.csv as conditions, 9 conditions, 1 params
23.7247 	EXP 	Created sequence: random, trialTypes=9, nReps=1, seed=None
23.7249 	EXP 	New trial (rep=0, index=0): OrderedDict([('word', 'breast')])
23.7536 	EXP 	show_condition_text: text = 'breast'
23.7536 	EXP 	show_condition_text: autoDraw = True
23.7542 	EXP 	New trial (rep=0, index=1): OrderedDict([('word', 'ranch')])
23.7709 	EXP 	show_condition_text: text = 'ranch'
23.7709 	EXP 	show_condition_text: autoDraw = True
23.7714 	EXP 	New trial (rep=0, index=2): OrderedDict([('word', 'ho')])
23.7870 	EXP 	show_condition_text: text = 'ho'
23.7870 	EXP 	show_condition_text: autoDraw = True
23.7877 	EXP 	New trial (rep=0, index=3): OrderedDict([('word', 'rights')])
23.8064 	EXP 	show_condition_text: text = 'rights'
23.8064 	EXP 	show_condition_text: autoDraw = True
23.8070 	EXP 	New trial (rep=0, index=4): OrderedDict([('word', 'debt')])
23.8223 	EXP 	show_condition_text: text = 'debt'
23.8223 	EXP 	show_condition_text: autoDraw = True
23.8229 	EXP 	New trial (rep=0, index=5): OrderedDict([('word', 'hardly')])
23.8408 	EXP 	show_condition_text: text = 'hardly'
23.8408 	EXP 	show_condition_text: autoDraw = True
23.8412 	EXP 	New trial (rep=0, index=6): OrderedDict([('word', 'bangladesh')])
23.8701 	EXP 	show_condition_text: text = 'bangladesh'
23.8701 	EXP 	show_condition_text: autoDraw = True
23.8708 	EXP 	New trial (rep=0, index=7): OrderedDict([('word', 'handles')])
23.8874 	EXP 	show_condition_text: text = 'handles'
23.8874 	EXP 	show_condition_text: autoDraw = True
23.8880 	EXP 	New trial (rep=0, index=8): OrderedDict([('word', 'surround')])
23.9066 	EXP 	show_condition_text: text = 'surround'
23.9066 	EXP 	show_condition_text: autoDraw = True
23.9209 	EXP 	show_condition_text: text = '****'
23.9209 	EXP 	show_condition_text: autoDraw = True
24.1578 	DATA 	Keypress: space
24.3534 	EXP 	show_condition_text: autoDraw = False
24.3538 	EXP 	New trial (rep=0, index=3): OrderedDict([('wlist_index', 7)])
24.3571 	EXP 	Imported csvs/7.csv as conditions, 9 conditions, 1 params
24.3574 	EXP 	Created sequence: random, trialTypes=9, nReps=1, seed=None
24.3576 	EXP 	New trial (rep=0, index=0): OrderedDict([('word', 'bubble')])
24.3728 	EXP 	show_condition_text: text = 'bubble'
24.3728 	EXP 	show_condition_text: autoDraw = True
24.3733 	EXP 	New trial (rep=0, index=1): OrderedDict([('word', 'actual')])
24.3881 	EXP 	show_condition_text: text = 'actual'
24.3881 	EXP 	show_condition_text: autoDraw = True
24.3886 	EXP 	New trial (rep=0, index=2): OrderedDict([('word', 'wallet')])
24.4041 	EXP 	show_condition_text: text = 'wallet'
24.4041 	EXP 	show_condition_text: autoDraw = True
24.4047 	EXP 	New trial (rep=0, index=3): OrderedDict([('word', 'dick')])
24.4209 	EXP 	show_condition_text: text = 'dick'
24.4209 	EXP 	show_condition_text: autoDraw = True
24.4215 	EXP 	New trial (rep=0, index=4): OrderedDict([('word', 'enquiry')])
24.4403 	EXP 	show_condition_text: text = 'enquiry'
24.4403 	EXP 	show_condition_text: autoDraw = True
24.4409 	EXP 	New trial (rep=0, index=5): OrderedDict([('word', 'nottingham')])
24.4578 	EXP 	show_condition_text: text = 'nottingham'
24.4578 	EXP 	show_condition_text: autoDraw = True
24.4582 	EXP 	New trial (rep=0, index=6): OrderedDict([('word', 'secure')])
24.4874 	EXP 	show_condition_text: text = 'secure'
24.4874 	EXP 	show_condition_text: autoDraw = True
24.4880 	EXP 	New trial (rep=0, index=7): OrderedDict([('word', 'directors')])
24.5071 	EXP 	show_condition_text: text = 'directors'
24.5071 	EXP 	show_condition_text: autoDraw = True
24.5077 	EXP 	New trial (rep=0, index=8): OrderedDict([('word', 'self')])
24.5234 	EXP 	show_condition_text: text = 'self'
24.5234 	EXP 	show_condition_text: autoDraw = True
24.5380 	EXP 	show_condition_text: text = '****'
24.5380 	EXP 	show_condition_text: autoDraw = True
24.7730 	DATA 	Keypress: space
24.9706 	EXP 	show_condition_text: autoDraw = False
24.9710 	EXP 	New trial (rep=0, index=4): OrderedDict([('wlist_index', 6)])
24.9743 	EXP 	Imported csvs/6.csv as conditions, 9 conditions, 1 params
24.9746 	EXP 	Created sequence: random, trialTypes=9, nReps=1, seed=None
24.9748 	EXP 	New trial (rep=0, index=0): OrderedDict([('word', 'showers')])
25.0039 	EXP 	show_condition_text: text = 'showers'
25.0039 	EXP 	show_condition_text: autoDraw = True
25.0047 	EXP 	New trial (rep=0, index=1): OrderedDict([('word', 'landscape')])
25.0226 	EXP 	show_condition_text: text = 'landscape'
25.0226 	EXP 	show_condition_text: autoDraw = True
25.0233 	EXP 	New trial (rep=0, index=2): OrderedDict([('word', 'sole')])
25.0399 	EXP 	show_condition_text: text = 'sole'
25.0399 	EXP 	show_condition_text: autoDraw = True
25.0404 	EXP 	New trial (rep=0, index=3): OrderedDict([('word', 'data')])
25.0543 	EXP 	show_condition_text: text = 'data'
25.0543 	EXP 	show_condition_text: autoDraw = True
25.0549 	EXP 	New trial (rep=0, index=4): OrderedDict([('word', 'colonial')])
25.0711 	EXP 	show_condition_text: text = 'colonial'
25.0711 	EXP 	show_condition_text: autoDraw = True
25.0716 	EXP 	New trial (rep=0, index=5): OrderedDict([('word', 'futures')])
25.0898 	EXP 	show_condition_text: text = 'futures'
25.0898 	EXP 	show_condition_text: autoDraw = True
25.0903 	EXP 	New trial (rep=0, index=6): OrderedDict([('word', 'enjoyed')])
25.1080 	EXP 	show_condition_text: text = 'enjoyed'
25.1080 	EXP 	show_condition_text: autoDraw = True
25.1088 	EXP 	New trial (rep=0, index=7): OrderedDict([('word', 'findlaw')])
25.1370 	EXP 	show_condition_text: text = 'findlaw'
25.1370 	EXP 	show_condition_text: autoDraw = True
25.1375 	EXP 	New trial (rep=0, index=8): OrderedDict([('word', 'jose')])
25.1540 	EXP 	show_condition_text: text = 'jose'
25.1540 	EXP 	show_condition_text: autoDraw = True
25.1707 	EXP 	show_condition_text: text = '****'
25.1707 	EXP 	show_condition_text: autoDraw = True
25.4239 	DATA 	Keypress: space
25.5695 	EXP 	show_condition_text: autoDraw = False
25.5701 	EXP 	New trial (rep=0, index=5): OrderedDict([('wlist_index', 18)])
25.5741 	EXP 	Imported csvs/18.csv as conditions, 9 conditions, 1 params
25.5745 	EXP 	Created sequence: random, trialTypes=9, nReps=1, seed=None
25.5748 	EXP 	New trial (rep=0, index=0): OrderedDict([('word', 'jaguar')])
25.6033 	EXP 	show_condition_text: text = 'jaguar'
25.6033 	EXP 	show_condition_text: autoDraw = True
25.6042 	EXP 	New trial (rep=0, index=1): OrderedDict([('word', 'bosnia')])
25.6208 	EXP 	show_condition_text: text = 'bosnia'
25.6208 	EXP 	show_condition_text: autoDraw = True
25.6215 	EXP 	New trial (rep=0, index=2): OrderedDict([('word', 'stan')])
25.6372 	EXP 	show_condition_text: text = 'stan'
25.6372 	EXP 	show_condition_text: autoDraw = True
25.6378 	EXP 	New trial (rep=0, index=3): OrderedDict([('word', 'nominated')])
25.6538 	EXP 	show_condition_text: text = 'nominated'
25.6538 	EXP 	show_condition_text: autoDraw = True
25.6544 	EXP 	New trial (rep=0, index=4): OrderedDict([('word', 'cardiff')])
25.6703 	EXP 	show_condition_text: text = 'cardiff'
25.6703 	EXP 	show_condition_text: autoDraw = True
25.6708 	EXP 	New trial (rep=0, index=5): OrderedDict([('word', 'geographical')])
25.6897 	EXP 	show_condition_text: text = 'geographical'
25.6897 	EXP 	show_condition_text: autoDraw = True
25.6902 	EXP 	New trial (rep=0, index=6): OrderedDict([('word', 'nicaragua')])
25.7538 	EXP 	show_condition_text: text = 'nicaragua'
25.7538 	EXP 	show_condition_text: autoDraw = True
25.7545 	EXP 	New trial (rep=0, index=7): OrderedDict([('word', 'present')])
25.7737 	EXP 	show_condition_text: text = 'present'
25.7737 	EXP 	show_condition_text: autoDraw = True
25.7742 	EXP 	New trial (rep=0, index=8): OrderedDict([('word', 'longer')])
25.7919 	EXP 	show_condition_text: text = 'longer'
25.7919 	EXP 	show_condition_text: autoDraw = True
25.8072 	EXP 	show_condition_text: text = '****'
25.8072 	EXP 	show_condition_text: autoDraw = True
26.0071 	DATA 	Keypress: space
26.1705 	EXP 	show_condition_text: autoDraw = False
26.1710 	EXP 	New trial (rep=0, index=6): OrderedDict([('wlist_index', 4)])
26.1745 	EXP 	Imported csvs/4.csv as conditions, 11 conditions, 1 params
26.1748 	EXP 	Created sequence: random, trialTypes=11, nReps=1, seed=None
26.1750 	EXP 	New trial (rep=0, index=0): OrderedDict([('word', 'famous')])
26.1916 	EXP 	show_condition_text: text = 'famous'
26.1916 	EXP 	show_condition_text: autoDraw = True
26.1922 	EXP 	New trial (rep=0, index=1): OrderedDict([('word', 'aka')])
26.2205 	EXP 	show_condition_text: text = 'aka'
26.2205 	EXP 	show_condition_text: autoDraw = True
26.2210 	EXP 	New trial (rep=0, index=2): OrderedDict([('word', 'southampton')])
26.2381 	EXP 	show_condition_text: text = 'southampton'
26.2381 	EXP 	show_condition_text: autoDraw = True
26.2388 	EXP 	New trial (rep=0, index=3): OrderedDict([('word', 'merit')])
26.2569 	EXP 	show_condition_text: text = 'merit'
26.2569 	EXP 	show_condition_text: autoDraw = True
26.2578 	EXP 	New trial (rep=0, index=4): OrderedDict([('word', 'phantom')])
26.2750 	EXP 	show_condition_text: text = 'phantom'
26.2750 	EXP 	show_condition_text: autoDraw = True
26.2756 	EXP 	New trial (rep=0, index=5): OrderedDict([('word', 'knows')])
26.3037 	EXP 	show_condition_text: text = 'knows'
26.3037 	EXP 	show_condition_text: autoDraw = True
26.3044 	EXP 	New trial (rep=0, index=6): OrderedDict([('word', 'technology')])
26.3226 	EXP 	show_condition_text: text = 'technology'
26.3226 	EXP 	show_condition_text: autoDraw = True
26.3231 	EXP 	New trial (rep=0, index=7): OrderedDict([('word', 'diy')])
26.3389 	EXP 	show_condition_text: text = 'diy'
26.3389 	EXP 	show_condition_text: autoDraw = True
26.3396 	EXP 	New trial (rep=0, index=8): OrderedDict([('word', 'groups')])
26.3568 	EXP 	show_condition_text: text = 'groups'
26.3568 	EXP 	show_condition_text: autoDraw = True
26.3573 	EXP 	New trial (rep=0, index=9): OrderedDict([('word', 'always')])
26.3863 	EXP 	show_condition_text: text = 'always'
26.3863 	EXP 	show_condition_text: autoDraw = True
26.3870 	EXP 	New trial (rep=0, index=10): OrderedDict([('word', 'interim')])
26.4040 	EXP 	show_condition_text: text = 'interim'
26.4040 	EXP 	show_condition_text: autoDraw = True
26.4206 	EXP 	show_condition_text: text = '****'
26.4206 	EXP 	show_condition_text: autoDraw = True
26.5898 	DATA 	Keypress: space
26.7699 	EXP 	show_condition_text: autoDraw = False
26.7703 	EXP 	New trial (rep=0, index=7): OrderedDict([('wlist_index', 16)])
26.7734 	EXP 	Imported csvs/16.csv as conditions, 7 conditions, 1 params
26.7737 	EXP 	Created sequence: random, trialTypes=7, nReps=1, seed=None
26.7738 	EXP 	New trial (rep=0, index=0): OrderedDict([('word', 'activated')])
26.7903 	EXP 	show_condition_text: text = 'activated'
26.7903 	EXP 	show_condition_text: autoDraw = True
26.7909 	EXP 	New trial (rep=0, index=1): OrderedDict([('word', 'singh')])
26.8076 	EXP 	show_condition_text: text = 'singh'
26.8076 	EXP 	show_condition_text: autoDraw = True
26.8081 	EXP 	New trial (rep=0, index=2): OrderedDict([('word', 'usage')])
26.8366 	EXP 	show_condition_text: text = 'usage'
26.8366 	EXP 	show_condition_text: autoDraw = True
26.8375 	EXP 	New trial (rep=0, index=3): OrderedDict([('word', 'original')])
26.8567 	EXP 	show_condition_text: text = 'original'
26.8567 	EXP 	show_condition_text: autoDraw = True
26.8573 	EXP 	New trial (rep=0, index=4): OrderedDict([('word', 'moscow')])
26.8865 	EXP 	show_condition_text: text = 'moscow'
26.8865 	EXP 	show_condition_text: autoDraw = True
26.8871 	EXP 	New trial (rep=0, index=5): OrderedDict([('word', 'estimates')])
26.9044 	EXP 	show_condition_text: text = 'estimates'
26.9044 	EXP 	show_condition_text: autoDraw = True
26.9051 	EXP 	New trial (rep=0, index=6): OrderedDict([('word', 'are')])
26.9212 	EXP 	show_condition_text: text = 'are'
26.9212 	EXP 	show_condition_text: autoDraw = True
26.9372 	EXP 	show_condition_text: text = '****'
26.9372 	EXP 	show_condition_text: autoDraw = True
27.2073 	DATA 	Keypress: space
27.3870 	EXP 	show_condition_text: autoDraw = False
27.3875 	EXP 	New trial (rep=0, index=3): OrderedDict([('condition', 2)])
27.3906 	EXP 	Imported csvs/condition_2_wlists_indices.csv as conditions, 8 conditions, 1 params
27.3910 	EXP 	Created sequence: random, trialTypes=8, nReps=1, seed=None
27.3912 	EXP 	New trial (rep=0, index=0): OrderedDict([('wlist_index', 8)])
27.3939 	EXP 	Imported csvs/8.csv as conditions, 11 conditions, 1 params
27.3943 	EXP 	Created sequence: random, trialTypes=11, nReps=1, seed=None
27.3945 	EXP 	New trial (rep=0, index=0): OrderedDict([('word', 'draft')])
27.4206 	EXP 	show_condition_text: text = 'draft'
27.4206 	EXP 	show_condition_text: autoDraw = True
27.4212 	EXP 	New trial (rep=0, index=1): OrderedDict([('word', 'follows')])
27.4370 	EXP 	show_condition_text: text = 'follows'
27.4370 	EXP 	show_condition_text: autoDraw = True
27.4376 	EXP 	New trial (rep=0, index=2): OrderedDict([('word', 'canberra')])
27.4541 	EXP 	show_condition_text: text = 'canberra'
27.4541 	EXP 	show_condition_text: autoDraw = True
27.4547 	EXP 	New trial (rep=0, index=3): OrderedDict([('word', 'educated')])
27.4705 	EXP 	show_condition_text: text = 'educated'
27.4705 	EXP 	show_condition_text: autoDraw = True
27.4712 	EXP 	New trial (rep=0, index=4): OrderedDict([('word', 'luke')])
27.4875 	EXP 	show_condition_text: text = 'luke'
27.4875 	EXP 	show_condition_text: autoDraw = True
27.4881 	EXP 	New trial (rep=0, index=5): OrderedDict([('word', 'eddie')])
27.5032 	EXP 	show_condition_text: text = 'eddie'
27.5032 	EXP 	show_condition_text: autoDraw = True
27.5037 	EXP 	New trial (rep=0, index=6): OrderedDict([('word', 'basics')])
27.5204 	EXP 	show_condition_text: text = 'basics'
27.5204 	EXP 	show_condition_text: autoDraw = True
27.5210 	EXP 	New trial (rep=0, index=7): OrderedDict([('word', 'elections')])
27.5376 	EXP 	show_condition_text: text = 'elections'
27.5376 	EXP 	show_condition_text: autoDraw = True
27.5381 	EXP 	New trial (rep=0, index=8): OrderedDict([('word', 'wellness')])
27.5548 	EXP 	show_condition_text: text = 'wellness'
27.5548 	EXP 	show_condition_text: autoDraw = True
27.5554 	EXP 	New trial (rep=0, index=9): OrderedDict([('word', 'operate')])
27.5734 	EXP 	show_condition_text: text = 'operate'
27.5734 	EXP 	show_condition_text: autoDraw = True
27.5739 	EXP 	New trial (rep=0, index=10): OrderedDict([('word', 'sir')])
27.5902 	EXP 	show_condition_text: text = 'sir'
27.5902 	EXP 	show_condition_text: autoDraw = True
27.6058 	EXP 	show_condition_text: text = '****'
27.6058 	EXP 	show_condition_text: autoDraw = True
27.8402 	DATA 	Keypress: space
28.0206 	EXP 	show_condition_text: autoDraw = False
28.0211 	EXP 	New trial (rep=0, index=1): OrderedDict([('wlist_index', 23)])
28.0245 	EXP 	Imported csvs/23.csv as conditions, 6 conditions, 1 params
28.0248 	EXP 	Created sequence: random, trialTypes=6, nReps=1, seed=None
28.0251 	EXP 	New trial (rep=0, index=0): OrderedDict([('word', 'easy')])
28.0413 	EXP 	show_condition_text: text = 'easy'
28.0413 	EXP 	show_condition_text: autoDraw = True
28.0421 	EXP 	New trial (rep=0, index=1): OrderedDict([('word', 'efficient')])
28.0703 	EXP 	show_condition_text: text = 'efficient'
28.0703 	EXP 	show_condition_text: autoDraw = True
28.0709 	EXP 	New trial (rep=0, index=2): OrderedDict([('word', 'shelf')])
28.0877 	EXP 	show_condition_text: text = 'shelf'
28.0877 	EXP 	show_condition_text: autoDraw = True
28.0883 	EXP 	New trial (rep=0, index=3): OrderedDict([('word', 'horror')])
28.1066 	EXP 	show_condition_text: text = 'horror'
28.1066 	EXP 	show_condition_text: autoDraw = True
28.1072 	EXP 	New trial (rep=0, index=4): OrderedDict([('word', 'sponsors')])
28.1253 	EXP 	show_condition_text: text = 'sponsors'
28.1253 	EXP 	show_condition_text: autoDraw = True
28.1260 	EXP 	New trial (rep=0, index=5): OrderedDict([('word', 'info')])
28.1415 	EXP 	show_condition_text: text = 'info'
28.1415 	EXP 	show_condition_text: autoDraw = True
28.1569 	EXP 	show_condition_text: text = '****'
28.1569 	EXP 	show_condition_text: autoDraw = True
28.4398 	DATA 	Keypress: space
28.6199 	EXP 	show_condition_text: autoDraw = False
28.6204 	EXP 	New trial (rep=0, index=2): OrderedDict([('wlist_index', 20)])
28.6249 	EXP 	Imported csvs/20.csv as conditions, 8 conditions, 1 params
28.6253 	EXP 	Created sequence: random, trialTypes=8, nReps=1, seed=None
28.6255 	EXP 	New trial (rep=0, index=0): OrderedDict([('word', 'requests')])
28.6542 	EXP 	show_condition_text: text = 'requests'
28.6542 	EXP 	show_condition_text: autoDraw = True
28.6549 	EXP 	New trial (rep=0, index=1): OrderedDict([('word', 'acts')])
28.6708 	EXP 	show_condition_text: text = 'acts'
28.6708 	EXP 	show_condition_text: autoDraw = True
28.6715 	EXP 	New trial (rep=0, index=2): OrderedDict([('word', 'waiver')])
28.6898 	EXP 	show_condition_text: text = 'waiver'
28.6898 	EXP 	show_condition_text: autoDraw = True
28.6910 	EXP 	New trial (rep=0, index=3): OrderedDict([('word', 'cooking')])
28.7206 	EXP 	show_condition_text: text = 'cooking'
28.7206 	EXP 	show_condition_text: autoDraw = True
28.7212 	EXP 	New trial (rep=0, index=4): OrderedDict([('word', 'bacterial')])
28.7374 	EXP 	show_condition_text: text = 'bacterial'
28.7374 	EXP 	show_condition_text: autoDraw = True
28.7381 	EXP 	New trial (rep=0, index=5): OrderedDict([('word', 'cumshots')])
28.7572 	EXP 	show_condition_text: text = 'cumshots'
28.7572 	EXP 	show_condition_text: autoDraw = True
28.7577 	EXP 	New trial (rep=0, index=6): OrderedDict([('word', 'territories')])
28.7870 	EXP 	show_condition_text: text = 'territories'
28.7870 	EXP 	show_condition_text: autoDraw = True
28.7877 	EXP 	New trial (rep=0, index=7): OrderedDict([('word', 'services')])
28.8059 	EXP 	show_condition_text: text = 'services'
28.8059 	EXP 	show_condition_text: autoDraw = True
28.8204 	EXP 	show_condition_text: text = '****'
28.8204 	EXP 	show_condition_text: autoDraw = True
29.0736 	DATA 	Keypress: space
29.2703 	EXP 	show_condition_text: autoDraw = False
29.2710 	EXP 	New trial (rep=0, index=3): OrderedDict([('wlist_index', 19)])
29.2750 	EXP 	Imported csvs/19.csv as conditions, 6 conditions, 1 params
29.2753 	EXP 	Created sequence: random, trialTypes=6, nReps=1, seed=None
29.2755 	EXP 	New trial (rep=0, index=0): OrderedDict([('word', 'academics')])
29.3040 	EXP 	show_condition_text: text = 'academics'
29.3040 	EXP 	show_condition_text: autoDraw = True
29.3048 	EXP 	New trial (rep=0, index=1): OrderedDict([('word', 'miniature')])
29.3232 	EXP 	show_condition_text: text = 'miniature'
29.3232 	EXP 	show_condition_text: autoDraw = True
29.3238 	EXP 	New trial (rep=0, index=2): OrderedDict([('word', 'acc')])
29.3390 	EXP 	show_condition_text: text = 'acc'
29.3390 	EXP 	show_condition_text: autoDraw = True
29.3396 	EXP 	New trial (rep=0, index=3): OrderedDict([('word', 'il')])
29.3543 	EXP 	show_condition_text: text = 'il'
29.3543 	EXP 	show_condition_text: autoDraw = True
29.3548 	EXP 	New trial (rep=0, index=4): OrderedDict([('word', 'hiring')])
29.3718 	EXP 	show_condition_text: text = 'hiring'
29.3718 	EXP 	show_condition_text: autoDraw = True
29.3725 	EXP 	New trial (rep=0, index=5): OrderedDict([('word', 'lowest')])
29.3901 	EXP 	show_condition_text: text = 'lowest'
29.3901 	EXP 	show_condition_text: autoDraw = True
29.4066 	EXP 	show_condition_text: text = '****'
29.4066 	EXP 	show_condition_text: autoDraw = True
29.6900 	DATA 	Keypress: space
29.8370 	EXP 	show_condition_text: autoDraw = False
29.8374 	EXP 	New trial (rep=0, index=4): OrderedDict([('wlist_index', 26)])
29.8407 	EXP 	Imported csvs/26.csv as conditions, 5 conditions, 1 params
29.8410 	EXP 	Created sequence: random, trialTypes=5, nReps=1, seed=None
29.8412 	EXP 	New trial (rep=0, index=0): OrderedDict([('word', 'wholesale')])
29.8708 	EXP 	show_condition_text: text = 'wholesale'
29.8708 	EXP 	show_condition_text: autoDraw = True
29.8713 	EXP 	New trial (rep=0, index=1): OrderedDict([('word', 'sheer')])
29.8874 	EXP 	show_condition_text: text = 'sheer'
29.8874 	EXP 	show_condition_text: autoDraw = True
29.8881 	EXP 	New trial (rep=0, index=2): OrderedDict([('word', 'peace')])
29.9034 	EXP 	show_condition_text: text = 'peace'
29.9034 	EXP 	show_condition_text: autoDraw = True
29.9041 	EXP 	New trial (rep=0, index=3): OrderedDict([('word', 'portable')])
29.9206 	EXP 	show_condition_text: text = 'portable'
29.9206 	EXP 	show_condition_text: autoDraw = True
29.9213 	EXP 	New trial (rep=0, index=4): OrderedDict([('word', 'lingerie')])
29.9393 	EXP 	show_condition_text: text = 'lingerie'
29.9393 	EXP 	show_condition_text: autoDraw = True
29.9549 	EXP 	show_condition_text: text = '****'
29.9549 	EXP 	show_condition_text: autoDraw = True
30.2568 	DATA 	Keypress: space
30.4037 	EXP 	show_condition_text: autoDraw = False
30.4041 	EXP 	New trial (rep=0, index=5): OrderedDict([('wlist_index', 10)])
30.4072 	EXP 	Imported csvs/10.csv as conditions, 7 conditions, 1 params
30.4075 	EXP 	Created sequence: random, trialTypes=7, nReps=1, seed=None
30.4077 	EXP 	New trial (rep=0, index=0): OrderedDict([('word', 'bind')])
30.4226 	EXP 	show_condition_text: text = 'bind'
30.4226 	EXP 	show_condition_text: autoDraw = True
30.4232 	EXP 	New trial (rep=0, index=1): OrderedDict([('word', 'magnificent')])
30.4403 	EXP 	show_condition_text: text = 'magnificent'
30.4403 	EXP 	show_condition_text: autoDraw = True
30.4409 	EXP 	New trial (rep=0, index=2): OrderedDict([('word', 'evaluating')])
30.4581 	EXP 	show_condition_text: text = 'evaluating'
30.4581 	EXP 	show_condition_text: autoDraw = True
30.4586 	EXP 	New trial (rep=0, index=3): OrderedDict([('word', 'muscle')])
30.4877 	EXP 	show_condition_text: text = 'muscle'
30.4877 	EXP 	show_condition_text: autoDraw = True
30.4883 	EXP 	New trial (rep=0, index=4): OrderedDict([('word', 'facial')])
30.5040 	EXP 	show_condition_text: text = 'facial'
30.5040 	EXP 	show_condition_text: autoDraw = True
30.5046 	EXP 	New trial (rep=0, index=5): OrderedDict([('word', 'endless')])
30.5203 	EXP 	show_condition_text: text = 'endless'
30.5203 	EXP 	show_condition_text: autoDraw = True
30.5209 	EXP 	New trial (rep=0, index=6): OrderedDict([('word', 'glasses')])
30.5384 	EXP 	show_condition_text: text = 'glasses'
30.5384 	EXP 	show_condition_text: autoDraw = True
30.5540 	EXP 	show_condition_text: text = '****'
30.5540 	EXP 	show_condition_text: autoDraw = True
30.8405 	DATA 	Keypress: space
30.9697 	EXP 	show_condition_text: autoDraw = False
30.9703 	EXP 	New trial (rep=0, index=6): OrderedDict([('wlist_index', 25)])
30.9742 	EXP 	Imported csvs/25.csv as conditions, 9 conditions, 1 params
30.9746 	EXP 	Created sequence: random, trialTypes=9, nReps=1, seed=None
30.9748 	EXP 	New trial (rep=0, index=0): OrderedDict([('word', 'expect')])
30.9913 	EXP 	show_condition_text: text = 'expect'
30.9913 	EXP 	show_condition_text: autoDraw = True
30.9918 	EXP 	New trial (rep=0, index=1): OrderedDict([('word', 'se')])
31.0079 	EXP 	show_condition_text: text = 'se'
31.0079 	EXP 	show_condition_text: autoDraw = True
31.0085 	EXP 	New trial (rep=0, index=2): OrderedDict([('word', 'altered')])
31.0375 	EXP 	show_condition_text: text = 'altered'
31.0375 	EXP 	show_condition_text: autoDraw = True
31.0380 	EXP 	New trial (rep=0, index=3): OrderedDict([('word', 'secretary')])
31.0569 	EXP 	show_condition_text: text = 'secretary'
31.0569 	EXP 	show_condition_text: autoDraw = True
31.0574 	EXP 	New trial (rep=0, index=4): OrderedDict([('word', 'renew')])
31.0746 	EXP 	show_condition_text: text = 'renew'
31.0746 	EXP 	show_condition_text: autoDraw = True
31.0751 	EXP 	New trial (rep=0, index=5): OrderedDict([('word', 'travels')])
31.1036 	EXP 	show_condition_text: text = 'travels'
31.1036 	EXP 	show_condition_text: autoDraw = True
31.1043 	EXP 	New trial (rep=0, index=6): OrderedDict([('word', 'apr')])
31.1205 	EXP 	show_condition_text: text = 'apr'
31.1205 	EXP 	show_condition_text: autoDraw = True
31.1211 	EXP 	New trial (rep=0, index=7): OrderedDict([('word', 'spank')])
31.1375 	EXP 	show_condition_text: text = 'spank'
31.1375 	EXP 	show_condition_text: autoDraw = True
31.1381 	EXP 	New trial (rep=0, index=8): OrderedDict([('word', 'argument')])
31.1543 	EXP 	show_condition_text: text = 'argument'
31.1543 	EXP 	show_condition_text: autoDraw = True
31.1704 	EXP 	show_condition_text: text = '****'
31.1704 	EXP 	show_condition_text: autoDraw = True
31.4070 	DATA 	Keypress: space
31.5706 	EXP 	show_condition_text: autoDraw = False
31.5710 	EXP 	New trial (rep=0, index=7): OrderedDict([('wlist_index', 21)])
31.5743 	EXP 	Imported csvs/21.csv as conditions, 10 conditions, 1 params
31.5746 	EXP 	Created sequence: random, trialTypes=10, nReps=1, seed=None
31.5748 	EXP 	New trial (rep=0, index=0): OrderedDict([('word', 'discussing')])
31.6044 	EXP 	show_condition_text: text = 'discussing'
31.6044 	EXP 	show_condition_text: autoDraw = True
31.6050 	EXP 	New trial (rep=0, index=1): OrderedDict([('word', 'port')])
31.6224 	EXP 	show_condition_text: text = 'port'
31.6224 	EXP 	show_condition_text: autoDraw = True
31.6230 	EXP 	New trial (rep=0, index=2): OrderedDict([('word', 'urls')])
31.6402 	EXP 	show_condition_text: text = 'urls'
31.6402 	EXP 	show_condition_text: autoDraw = True
31.6407 	EXP 	New trial (rep=0, index=3): OrderedDict([('word', 'influence')])
31.6569 	EXP 	show_condition_text: text = 'influence'
31.6569 	EXP 	show_condition_text: autoDraw = True
31.6574 	EXP 	New trial (rep=0, index=4): OrderedDict([('word', 'blend')])
31.6732 	EXP 	show_condition_text: text = 'blend'
31.6732 	EXP 	show_condition_text: autoDraw = True
31.6737 	EXP 	New trial (rep=0, index=5): OrderedDict([('word', 'protocol')])
31.6908 	EXP 	show_condition_text: text = 'protocol'
31.6908 	EXP 	show_condition_text: autoDraw = True
31.6914 	EXP 	New trial (rep=0, index=6): OrderedDict([('word', 'alpha')])
31.7203 	EXP 	show_condition_text: text = 'alpha'
31.7203 	EXP 	show_condition_text: autoDraw = True
31.7209 	EXP 	New trial (rep=0, index=7): OrderedDict([('word', 'nasty')])
31.7379 	EXP 	show_condition_text: text = 'nasty'
31.7379 	EXP 	show_condition_text: autoDraw = True
31.7385 	EXP 	New trial (rep=0, index=8): OrderedDict([('word', 'analyst')])
31.7540 	EXP 	show_condition_text: text = 'analyst'
31.7540 	EXP 	show_condition_text: autoDraw = True
31.7546 	EXP 	New trial (rep=0, index=9): OrderedDict([('word', 'think')])
31.7723 	EXP 	show_condition_text: text = 'think'
31.7723 	EXP 	show_condition_text: autoDraw = True
31.7867 	EXP 	show_condition_text: text = '****'
31.7867 	EXP 	show_condition_text: autoDraw = True
31.9735 	DATA 	Keypress: space
32.1536 	EXP 	show_condition_text: autoDraw = False
32.4480 	EXP 	window1: mouseVisible = True
